[]  Dendrochronology Program Library                                        Run T      Program COF  08:58  Tue 08 Nov 2011  Page   1
[]
[]  P R O G R A M      C O F E C H A                                                                          Version 6.06P    28072
------------------------------------------------------------------------------------------------------------------------------------

 QUALITY CONTROL AND DATING CHECK OF TREE-RING MEASUREMENTS

 Title of run:           t                                       

 File of DATED series:   TL.raw

 File of UNDATED series: TD.raw

 CONTENTS:

    Part 1:  Title page, options selected, summary, absent rings by series
    Part 2:  Histogram of time spans
    Part 3:  Master series with sample depth and absent rings by year
    Part 4:  Bar plot of Master Dating Series
    Part 5:  Correlation by segment of each series with Master
    Part 6:  Potential problems: low correlation, divergent year-to-year changes, absent rings, outliers
    Part 7:  Descriptive statistics
    Part 8:  Undated series - adjustments for highest correlations

 RUN CONTROL OPTIONS SELECTED                             VALUE

         1  Cubic smoothing spline 50% wavelength cutoff for filtering
                                                            32 years
         2  Segments examined are                           50 years lagged successively by  25 years
         3  Autoregressive model applied                     A  Residuals are used in master dating series and testing
         4  Series transformed to logarithms                 Y  Each series log-transformed for master dating series and testing
         5  CORRELATION is Pearson (parametric, quantitative)
            Critical correlation, 99% confidence level   .3281
         6  Master dating series saved                       N
         7  Ring measurements listed                         N
         8  Parts printed                             12345678 
         9  Absent rings are omitted from master series and segment correlations  (Y)

 Time span of Master dating series is  1956 to  2010    55 years
 Continuous time span is               1956 to  2010    55 years
 Portion with two or more series is    1956 to  2010    55 years


                                        ****************************************
                                        *C* Number of dated series        27 *C*
                                        *O* Master series 1956 2010   55 yrs *O*
                                        *F* Total rings in all series    993 *F*
                                        *E* Total dated rings checked    993 *E*
                                        *C* Series intercorrelation     .616 *C*
                                        *H* Average mean sensitivity    .271 *H*
                                        *A* Segments, possible problems    2 *A*
                                        *** Mean length of series       36.8 ***
                                        ****************************************

 ABSENT RINGS listed by SERIES:            (See Master Dating Series for absent rings listed by year)

               No ring measurements of zero value
PART 2:  TIME PLOT OF TREE-RING SERIES: t                                                          08:58  Tue 08 Nov 2011  Page   2
------------------------------------------------------------------------------------------------------------------------------------
 1050 1100 1150 1200 1250 1300 1350 1400 1450 1500 1550 1600 1650 1700 1750 1800 1850 1900 1950 2000 2050 Ident   Seq Time-span  Yrs
   :    :    :    :    :    :    :    :    :    :    :    :    :    :    :    :    :    :    :    :    : -------- --- ---- ---- ----
   .    .    .    .    .    .    .    .    .    .    .    .    .    .    .    .    .    .    <=====>   . 0TL01A     1 1956 2010   55
   .    .    .    .    .    .    .    .    .    .    .    .    .    .    .    .    .    .    <=====>   . 0TL01B     2 1956 2010   55
   .    .    .    .    .    .    .    .    .    .    .    .    .    .    .    .    .    .    . <===>   . 0TL02A     3 1974 2010   37
   .    .    .    .    .    .    .    .    .    .    .    .    .    .    .    .    .    .    . <===>   . 0TL02B     4 1974 2010   37
   .    .    .    .    .    .    .    .    .    .    .    .    .    .    .    .    .    .    .<====>   . 0TL04A     5 1966 2010   45
   .    .    .    .    .    .    .    .    .    .    .    .    .    .    .    .    .    .    .<====>   . 0TL04B     6 1966 2010   45
   .    .    .    .    .    .    .    .    .    .    .    .    .    .    .    .    .    .    .<====>   . 0TL05A     7 1966 2010   45
   .    .    .    .    .    .    .    .    .    .    .    .    .    .    .    .    .    .    .<====>   . 0TL05B     8 1966 2010   45
   .    .    .    .    .    .    .    .    .    .    .    .    .    .    .    .    .    .    .<====>   . 0TL05C     9 1966 2010   45
   .    .    .    .    .    .    .    .    .    .    .    .    .    .    .    .    .    .    .  <==>   . 0TL06A    10 1982 2010   29
   .    .    .    .    .    .    .    .    .    .    .    .    .    .    .    .    .    .    .  <==>   . 0TL06B    11 1982 2010   29
   .    .    .    .    .    .    .    .    .    .    .    .    .    .    .    .    .    .    .  <==>   . 0TL07A    12 1988 2010   23
   .    .    .    .    .    .    .    .    .    .    .    .    .    .    .    .    .    .    .  <==>   . 0TL07B    13 1988 2010   23
   .    .    .    .    .    .    .    .    .    .    .    .    .    .    .    .    .    .    .<====>   . 0TL08A    14 1967 2010   44
   .    .    .    .    .    .    .    .    .    .    .    .    .    .    .    .    .    .    . <===>   . 0TL08B    15 1971 2010   40
   .    .    .    .    .    .    .    .    .    .    .    .    .    .    .    .    .    .    . <===>   . 0TL09A    16 1979 2010   32
   .    .    .    .    .    .    .    .    .    .    .    .    .    .    .    .    .    .    . <==>    . 0TL09B    17 1978 2009   32
   .    .    .    .    .    .    .    .    .    .    .    .    .    .    .    .    .    .    . <===>   . 0TL10B    18 1975 2010   36
   .    .    .    .    .    .    .    .    .    .    .    .    .    .    .    .    .    .    . <===>   . 0TL11B    19 1979 2010   32
   .    .    .    .    .    .    .    .    .    .    .    .    .    .    .    .    .    .    . <===>   . 0TL12A    20 1977 2010   34
   .    .    .    .    .    .    .    .    .    .    .    .    .    .    .    .    .    .    .  <==>   . 0TL12B    21 1982 2010   29
   .    .    .    .    .    .    .    .    .    .    .    .    .    .    .    .    .    .    . <===>   . 0TL13A    22 1976 2010   35
   .    .    .    .    .    .    .    .    .    .    .    .    .    .    .    .    .    .    . <===>   . 0TL13B    23 1977 2010   34
   .    .    .    .    .    .    .    .    .    .    .    .    .    .    .    .    .    .    .  <==>   . 0TL13C    24 1989 2010   22
   .    .    .    .    .    .    .    .    .    .    .    .    .    .    .    .    .    .    .  <==>   . 0TL14B    25 1986 2010   25
   .    .    .    .    .    .    .    .    .    .    .    .    .    .    .    .    .    .    .<====>   . 0TL15A    26 1969 2010   42
   .    .    .    .    .    .    .    .    .    .    .    .    .    .    .    .    .    .    .<====>   . 0TL15B    27 1968 2010   43
   :    :    :    :    :    :    :    :    :    :    :    :    :    :    :    :    :    :    :    :    :
 1050 1100 1150 1200 1250 1300 1350 1400 1450 1500 1550 1600 1650 1700 1750 1800 1850 1900 1950 2000 2050
   :    :    :    :    :    :    :    :    :    :    :    :    :    :    :    :    :    :    :    :    :
 1050 1100 1150 1200 1250 1300 1350 1400 1450 1500 1550 1600 1650 1700 1750 1800 1850 1900 1950 2000 2050
PART 3:  Master Dating Series: t                                                                   08:58  Tue 08 Nov 2011  Page   3
------------------------------------------------------------------------------------------------------------------------------------
  Year  Value  No Ab    Year  Value  No Ab    Year  Value  No Ab    Year  Value  No Ab    Year  Value  No Ab    Year  Value  No Ab
  ------------------    ------------------    ------------------    ------------------    ------------------    ------------------
                        2000  -.793  27
                        2001  -.221  27
                        2002   .581  27
                        2003   .987  27
                        2004   .602  27
                        2005   .272  27
  1956   .081   2       2006  1.086  27
  1957  -.782   2       2007   .898  27
  1958   .102   2       2008   .460  27
  1959 -2.837   2       2009   .598  27

  1960   .250   2       2010 -3.540  26
  1961  -.592   2
  1962  -.509   2
  1963   .212   2
  1964  1.840   2
  1965  1.988   2
  1966   .950   7
  1967  1.225   8
  1968   .181   9
  1969 -1.413  10

  1970   .777  10
  1971   .216  11
  1972   .103  11
  1973  -.511  11
  1974  -.712  13
  1975  -.257  14
  1976  -.166  15
  1977   .514  17
  1978   .508  18
  1979  1.274  20

  1980  -.896  20
  1981  -.926  20
  1982 -1.225  23
  1983   .065  23
  1984   .752  23
  1985  -.340  23
  1986   .709  24
  1987   .459  24
  1988   .668  26
  1989   .177  27

  1990   .152  27
  1991   .221  27
  1992 -1.899  27
  1993 -1.185  27
  1994   .471  27
  1995  -.930  27
  1996   .378  27
  1997   .890  27
  1998  -.675  27
  1999  -.236  27
------------------------------------------------------------------------------------------------------------------------------------
PART 4:  Master Bar Plot: t                                                                        08:58  Tue 08 Nov 2011  Page   4
------------------------------------------------------------------------------------------------------------------------------------
   Year Rel value  Year Rel value  Year Rel value  Year Rel value  Year Rel value  Year Rel value  Year Rel value  Year Rel value
                   2000--c
                   2001---a
                   2002-------B
                   2003---------D
                   2004--------B
                   2005------A
   1956----@       2006----------D
   1957--c         2007---------D
   1958----@       2008-------B
   1959k           2009--------B
   1960------A     2010n
   1961--b
   1962--b
   1963-----A
   1964----------G
   1965----------H
   1966---------D
   1967----------E
   1968-----A
   1969f
   1970--------C
   1971-----A
   1972----@
   1973--b
   1974--c
   1975---a
   1976---a
   1977-------B
   1978-------B
   1979----------E
   1980-d
   1981-d
   1982-e
   1983----@
   1984--------C
   1985---a
   1986--------C
   1987-------B
   1988--------C
   1989-----A
   1990-----A
   1991-----A
   1992h
   1993-e
   1994-------B
   1995-d
   1996------B
   1997---------D
   1998--c
   1999---a
PART 5:  CORRELATION OF SERIES BY SEGMENTS: t                                                      08:58  Tue 08 Nov 2011  Page   5
------------------------------------------------------------------------------------------------------------------------------------
 Correlations of  50-year dated segments, lagged  25 years
 Flags:  A = correlation under   .3281 but highest as dated;  B = correlation higher at other than dated position

 Seq Series  Time_span   1950 1975
                         1999 2024
 --- -------- ---------  ---- ---- ---- ---- ---- ---- ---- ---- ---- ---- ---- ---- ---- ---- ---- ---- ---- ---- ---- ----
   1 0TL01A   1956 2010   .64  .75
   2 0TL01B   1956 2010   .61  .74
   3 0TL02A   1974 2010   .69
   4 0TL02B   1974 2010   .61
   5 0TL04A   1966 2010   .53
   6 0TL04B   1966 2010   .50
   7 0TL05A   1966 2010   .83
   8 0TL05B   1966 2010   .82
   9 0TL05C   1966 2010   .70
  10 0TL06A   1982 2010        .36
  11 0TL06B   1982 2010        .25B
  12 0TL07A   1988 2010        .48
  13 0TL07B   1988 2010        .45
  14 0TL08A   1967 2010   .62
  15 0TL08B   1971 2010   .57
  16 0TL09A   1979 2010        .70
  17 0TL09B   1978 2009        .80
  18 0TL10B   1975 2010        .48
  19 0TL11B   1979 2010        .55
  20 0TL12A   1977 2010        .13B
  21 0TL12B   1982 2010        .78
  22 0TL13A   1976 2010        .56
  23 0TL13B   1977 2010        .59
  24 0TL13C   1989 2010        .62
  25 0TL14B   1986 2010        .59
  26 0TL15A   1969 2010   .68
  27 0TL15B   1968 2010   .76
 Av segment correlation   .66  .55
PART 6:  POTENTIAL PROBLEMS: t                                                                     08:58  Tue 08 Nov 2011  Page   5
------------------------------------------------------------------------------------------------------------------------------------

 For each series with potential problems the following diagnostics may appear:

 [A] Correlations with master dating series of flagged  50-year segments of series filtered with  32-year spline,
     at every point from ten years earlier (-10) to ten years later (+10) than dated

 [B] Effect of those data values which most lower or raise correlation with master series
     Symbol following year indicates value in series is greater (>) or lesser (<) than master series value

 [C] Year-to-year changes very different from the mean change in other series

 [D] Absent rings (zero values)

 [E] Values which are statistical outliers from mean for the year
====================================================================================================================================

 0TL01A    1956 to  2010      55 years                                                                                    Series   1

 [B] Entire series, effect on correlation (  .772) is:
       Lower   1993> -.020   1972< -.017   1969> -.014   1982> -.011   2001> -.009   1984< -.009  Higher   2010  .132   1959  .024

====================================================================================================================================

 0TL01B    1956 to  2010      55 years                                                                                    Series   2

 [B] Entire series, effect on correlation (  .739) is:
       Lower   1993> -.033   1972< -.021   1982> -.012   1969> -.010   2001> -.008   2003< -.006  Higher   2010  .133   1992  .021

====================================================================================================================================

 0TL02A    1974 to  2010      37 years                                                                                    Series   3

 [B] Entire series, effect on correlation (  .689) is:
       Lower   1974> -.036   1992> -.029   1994< -.025   1990< -.022   1989< -.021   2003< -.018  Higher   2010  .267   1980  .013

====================================================================================================================================

 0TL02B    1974 to  2010      37 years                                                                                    Series   4

 [B] Entire series, effect on correlation (  .605) is:
       Lower   1988< -.046   2004< -.042   1992> -.032   2000> -.029   1974> -.029   1990< -.021  Higher   2010  .327   1980  .022

====================================================================================================================================

 0TL04A    1966 to  2010      45 years                                                                                    Series   5

 [B] Entire series, effect on correlation (  .529) is:
       Lower   1993< -.088   1992> -.060   1986< -.028   1980> -.020   1983< -.012   1969> -.009  Higher   2010  .193   1967  .011

 [C] Year-to-year changes diverging by over 4.0 std deviations:
       1992 1993  -4.7 SD

 [E] Outliers     2   3.0 SD above or -4.5 SD below mean for year
       1992 +3.0 SD;    1993 -5.3 SD
====================================================================================================================================

 0TL04B    1966 to  2010      45 years                                                                                    Series   6

 [B] Entire series, effect on correlation (  .498) is:
       Lower   1992> -.073   1980> -.036   1986< -.022   1981< -.019   1984< -.018   1983< -.018  Higher   2010  .211   1967  .013

 [E] Outliers     1   3.0 SD above or -4.5 SD below mean for year
       1992 +3.4 SD
====================================================================================================================================

 0TL05A    1966 to  2010      45 years                                                                                    Series   7

 [B] Entire series, effect on correlation (  .827) is:
       Lower   1973> -.017   2000< -.015   1974< -.014   1972> -.011   1966< -.007   1995> -.006  Higher   2010  .076   1969  .007

====================================================================================================================================

 0TL05B    1966 to  2010      45 years                                                                                    Series   8

 [B] Entire series, effect on correlation (  .819) is:
       Lower   1993> -.013   1972> -.013   1989> -.012   1994< -.011   1974< -.011   1973> -.010  Higher   2010  .050   1992  .015

====================================================================================================================================

 0TL05C    1966 to  2010      45 years                                                                                    Series   9

 [B] Entire series, effect on correlation (  .697) is:
       Lower   1969> -.036   1998> -.017   1967< -.013   1973< -.009   1977< -.008   1995< -.007  Higher   2010  .068   1992  .032

====================================================================================================================================

 0TL06A    1982 to  2010      29 years                                                                                    Series  10

 [B] Entire series, effect on correlation (  .364) is:
       Lower   1992> -.110   1982> -.061   1999< -.045   1988< -.038   1987< -.018   1998> -.017  Higher   2010  .309   2006  .023

 [E] Outliers     2   3.0 SD above or -4.5 SD below mean for year
       1982 +3.8 SD;    1992 +3.9 SD
====================================================================================================================================

 0TL06B    1982 to  2010      29 years                                                                                    Series  11

 [A] Segment   High   -10   -9   -8   -7   -6   -5   -4   -3   -2   -1   +0   +1   +2   +3   +4   +5   +6   +7   +8   +9  +10
    ---------  ----   ---  ---  ---  ---  ---  ---  ---  ---  ---  ---  ---  ---  ---  ---  ---  ---  ---  ---  ---  ---  ---
    1982 2010   -7   -.24  .07  .18  .37* .30 -.07 -.13 -.10 -.03  .11  .25|   -    -    -    -    -    -    -    -    -    -

 [B] Entire series, effect on correlation (  .250) is:
       Lower   1992> -.090   1999< -.048   2001< -.031   1998> -.023   2006< -.015   1988< -.015  Higher   2010  .136   1995  .019
     1982 to 2010 segment:
       Lower   1992> -.090   1999< -.048   2001< -.031   1998> -.023   2006< -.015   1988< -.015  Higher   2010  .136   1995  .019

 [E] Outliers     1   3.0 SD above or -4.5 SD below mean for year
       1992 +3.4 SD
====================================================================================================================================

 0TL07A    1988 to  2010      23 years                                                                                    Series  12

 [B] Entire series, effect on correlation (  .485) is:
       Lower   1992> -.150   2002< -.059   1989< -.044   1993> -.032   2000< -.012   2001< -.008  Higher   2010  .307   2003  .016

 [E] Outliers     1   3.0 SD above or -4.5 SD below mean for year
       1992 +3.9 SD
====================================================================================================================================

 0TL07B    1988 to  2010      23 years                                                                                    Series  13

 [B] Entire series, effect on correlation (  .453) is:
       Lower   1996< -.163   1992> -.056   1993> -.051   1997< -.039   1998> -.031   1990< -.015  Higher   2010  .440   2006  .028

 [E] Outliers     1   3.0 SD above or -4.5 SD below mean for year
       1993 +3.1 SD
====================================================================================================================================

 0TL08A    1967 to  2010      44 years                                                                                    Series  14

 [B] Entire series, effect on correlation (  .616) is:
       Lower   1992> -.056   1993< -.032   1967< -.021   1975> -.016   1968> -.011   1976> -.010  Higher   2010  .111   1969  .018

====================================================================================================================================

 0TL08B    1971 to  2010      40 years                                                                                    Series  15

 [B] Entire series, effect on correlation (  .573) is:
       Lower   1992> -.068   2002< -.027   2000> -.022   1976> -.019   1991< -.018   1981> -.018  Higher   2010  .192   1980  .024

====================================================================================================================================

 0TL09A    1979 to  2010      32 years                                                                                    Series  16

 [B] Entire series, effect on correlation (  .702) is:
       Lower   2010> -.059   1992< -.047   1985> -.015   1995> -.008   1993< -.006   1996< -.006  Higher   1979  .008   1982  .007

====================================================================================================================================

 0TL09B    1978 to  2009      32 years                                                                                    Series  17

 [B] Entire series, effect on correlation (  .804) is:
       Lower   2000> -.028   2009< -.016   1997< -.015   1985> -.014   1995> -.013   2007< -.011  Higher   1992  .078   1993  .011

====================================================================================================================================

 0TL10B    1975 to  2010      36 years                                                                                    Series  18

 [B] Entire series, effect on correlation (  .479) is:
       Lower   1978< -.138   1993> -.046   1982> -.030   1980> -.021   2000< -.010   1985> -.007  Higher   2010  .124   1992  .049

 [E] Outliers     1   3.0 SD above or -4.5 SD below mean for year
       1993 +3.6 SD
====================================================================================================================================

 0TL11B    1979 to  2010      32 years                                                                                    Series  19

 [B] Entire series, effect on correlation (  .549) is:
       Lower   2001< -.066   1979< -.037   2010> -.032   2005< -.013   1980> -.011   2002< -.007  Higher   1992  .068   1997  .013

====================================================================================================================================

 0TL12A    1977 to  2010      34 years                                                                                    Series  20

 [A] Segment   High   -10   -9   -8   -7   -6   -5   -4   -3   -2   -1   +0   +1   +2   +3   +4   +5   +6   +7   +8   +9  +10
    ---------  ----   ---  ---  ---  ---  ---  ---  ---  ---  ---  ---  ---  ---  ---  ---  ---  ---  ---  ---  ---  ---  ---
    1977 2010   -7    .01  .20  .08  .24*-.12 -.29 -.24 -.23 -.24  .09  .13|   -    -    -    -    -    -    -    -    -    -

 [B] Entire series, effect on correlation (  .130) is:
       Lower   2010> -.210   2008< -.134   1995> -.020   2007< -.013   1991< -.007   1978< -.005  Higher   1980  .037   1979  .034
     1977 to 2010 segment:
       Lower   2010> -.210   2008< -.134   1995> -.020   2007< -.013   1991< -.007   1978< -.005  Higher   1980  .037   1979  .034

 [C] Year-to-year changes diverging by over 4.0 std deviations:
       2009 2010   4.2 SD

 [E] Outliers     2   3.0 SD above or -4.5 SD below mean for year
       2008 -5.3 SD;    2010 +5.2 SD
====================================================================================================================================

 0TL12B    1982 to  2010      29 years                                                                                    Series  21

 [B] Entire series, effect on correlation (  .780) is:
       Lower   1991< -.031   1995> -.019   1998> -.016   1986< -.015   2005< -.014   1994< -.013  Higher   2010  .253   1992  .021

====================================================================================================================================

 0TL13A    1976 to  2010      35 years                                                                                    Series  22

 [B] Entire series, effect on correlation (  .561) is:
       Lower   2010> -.041   1995> -.026   1980> -.025   2002< -.023   1993> -.011   1976< -.010  Higher   1992  .041   1982  .009

 [E] Outliers     1   3.0 SD above or -4.5 SD below mean for year
       1992 -5.1 SD
====================================================================================================================================

 0TL13B    1977 to  2010      34 years                                                                                    Series  23

 [B] Entire series, effect on correlation (  .591) is:
       Lower   1992< -.056   2010> -.050   1995> -.028   2002< -.018   1993> -.016   1980> -.013  Higher   1979  .011   1982  .011

 [E] Outliers     1   3.0 SD above or -4.5 SD below mean for year
       1992 -6.0 SD
====================================================================================================================================

 0TL13C    1989 to  2010      22 years                                                                                    Series  24

 [B] Entire series, effect on correlation (  .619) is:
       Lower   1990< -.135   1992> -.100   1991< -.015   1995> -.009   2000> -.008   2005< -.006  Higher   2010  .354   1997  .015

====================================================================================================================================

 0TL14B    1986 to  2010      25 years                                                                                    Series  25

 [B] Entire series, effect on correlation (  .586) is:
       Lower   1992> -.089   1987< -.082   1998< -.061   2001> -.008   1994< -.007   1989> -.004  Higher   2010  .323   2003  .007

====================================================================================================================================

 0TL15A    1969 to  2010      42 years                                                                                    Series  26

 [B] Entire series, effect on correlation (  .684) is:
       Lower   1993> -.024   1999> -.020   1987< -.015   1996< -.014   1982< -.014   1975> -.013  Higher   2010  .215   1969  .013

====================================================================================================================================

 0TL15B    1968 to  2010      43 years                                                                                    Series  27

 [B] Entire series, effect on correlation (  .762) is:
       Lower   1981> -.035   1999> -.025   1994< -.012   1975> -.011   1997< -.008   1980> -.007  Higher   2010  .125   1992  .023

 [E] Outliers     1   3.0 SD above or -4.5 SD below mean for year
       1981 +3.1 SD
====================================================================================================================================
PART 7:  DESCRIPTIVE STATISTICS: t                                                                 08:58  Tue 08 Nov 2011  Page   6
------------------------------------------------------------------------------------------------------------------------------------

                                                Corr   //-------- Unfiltered --------\\  //---- Filtered -----\\
                           No.    No.    No.    with   Mean   Max     Std   Auto   Mean   Max     Std   Auto  AR
 Seq Series   Interval   Years  Segmt  Flags   Master  msmt   msmt    dev   corr   sens  value    dev   corr  ()
 --- -------- ---------  -----  -----  -----   ------ -----  -----  -----  -----  -----  -----  -----  -----  --
   1 0TL01A   1956 2010     55      2      0    .772   1.93   4.51  1.159   .884   .281   2.42   .369  -.033   1
   2 0TL01B   1956 2010     55      2      0    .739   1.93   4.43  1.165   .889   .279   2.40   .367  -.002   1
   3 0TL02A   1974 2010     37      1      0    .689    .60   1.96   .439   .758   .369   2.61   .474   .075   1
   4 0TL02B   1974 2010     37      1      0    .605    .60   1.88   .474   .796   .329   2.59   .483   .034   1
   5 0TL04A   1966 2010     45      1      0    .529   2.07   4.45  1.357   .793   .325   2.39   .437  -.016   1
   6 0TL04B   1966 2010     45      1      0    .498   1.99   5.26  1.474   .813   .326   2.52   .575  -.021   1
   7 0TL05A   1966 2010     45      1      0    .827    .93   2.32   .549   .778   .294   2.53   .530  -.022   1
   8 0TL05B   1966 2010     45      1      0    .819    .96   2.73   .548   .738   .304   2.58   .554  -.022   1
   9 0TL05C   1966 2010     45      1      0    .697   1.03   2.21   .542   .769   .299   2.51   .502  -.034   1
  10 0TL06A   1982 2010     29      1      0    .364    .49   1.24   .337   .771   .300   2.66   .735   .056   1
  11 0TL06B   1982 2010     29      1      1    .250    .37   1.03   .214   .621   .324   2.69   .646   .082   1
  12 0TL07A   1988 2010     23      1      0    .485    .51    .99   .185   .208   .330   2.79   .754   .047   1
  13 0TL07B   1988 2010     23      1      0    .453    .57   1.12   .236   .643   .272   2.56   .672   .093   1
  14 0TL08A   1967 2010     44      1      0    .616   2.31   3.29   .557   .256   .235   2.51   .580  -.061   1
  15 0TL08B   1971 2010     40      1      0    .573   2.31   3.79   .742   .549   .250   2.78   .611  -.097   1
  16 0TL09A   1979 2010     32      1      0    .702   2.05   2.80   .476   .033   .212   2.36   .448   .138   1
  17 0TL09B   1978 2009     32      1      0    .804   1.88   2.83   .439   .558   .176   2.60   .481   .116   1
  18 0TL10B   1975 2010     36      1      0    .479   1.96   3.19   .728   .547   .280   2.62   .643  -.026   2
  19 0TL11B   1979 2010     32      1      0    .549   1.35   2.65   .534   .514   .294   2.45   .483   .026   1
  20 0TL12A   1977 2010     34      1      1    .130   1.70   2.35   .315   .147   .200   2.46   .484   .053   1
  21 0TL12B   1982 2010     29      1      0    .780   1.71   2.23   .346   .250   .183   2.44   .500   .069   1
  22 0TL13A   1976 2010     35      1      0    .561   1.98   3.06   .508  -.005   .264   2.35   .428  -.094   1
  23 0TL13B   1977 2010     34      1      0    .591   2.17   3.29   .574   .145   .274   2.27   .394  -.057   1
  24 0TL13C   1989 2010     22      1      0    .619   2.38   3.26   .589   .304   .204   2.46   .640  -.079   1
  25 0TL14B   1986 2010     25      1      0    .586   2.28   3.32   .532   .340   .195   2.57   .642  -.084   1
  26 0TL15A   1969 2010     42      1      0    .684   1.97   3.20   .626   .609   .229   2.46   .483  -.029   1
  27 0TL15B   1968 2010     43      1      0    .762   1.92   3.34   .634   .636   .206   2.55   .529   .005   1
 --- -------- ---------  -----  -----  -----   ------ -----  -----  -----  -----  -----  -----  -----  -----  --
 Total or mean:            993     29      2    .616   1.59   5.26   .658   .567   .271   2.79   .520  -.001
PART 8:  ADJUSTMENTS FOR UNDATED SERIES: t                                                         08:58  Tue 08 Nov 2011  Page   7
------------------------------------------------------------------------------------------------------------------------------------

 Time span  1956  2010    55 years, best matches for  50-year segments lagged  25 years
 Listed in order from highest correlation

           Counted       Corr      Corr      Corr      Corr      Corr      Corr      Corr      Corr      Corr      Corr      Corr
 Series    Segment   Add  # 1  Add  # 2  Add  # 3  Add  # 4  Add  # 5  Add  # 6  Add  # 7  Add  # 8  Add  # 9  Add  #10  Add  #11
 -------- ---------  --------  --------  --------  --------  --------  --------  --------  --------  --------  --------  --------
 0TD01A   1983 2005   -26 .45   -13 .40     0 .29    -5 .23   -25 .19    -1 .19   -19 .18    -8 .17   -16 .16     5 .14   -24 .11
===================  ========  ========  ========  ========  ========  ========  ========  ========  ========  ========  ========
           Counted       Corr      Corr      Corr      Corr      Corr      Corr      Corr      Corr      Corr      Corr      Corr
 Series    Segment   Add  # 1  Add  # 2  Add  # 3  Add  # 4  Add  # 5  Add  # 6  Add  # 7  Add  # 8  Add  # 9  Add  #10  Add  #11
 -------- ---------  --------  --------  --------  --------  --------  --------  --------  --------  --------  --------  --------
 0TD01B   1983 2005     0 .31    -8 .27   -12 .27   -11 .25   -13 .23   -25 .22    -1 .20   -24 .17     5 .15   -19 .14   -26 .14
===================  ========  ========  ========  ========  ========  ========  ========  ========  ========  ========  ========
           Counted       Corr      Corr      Corr      Corr      Corr      Corr      Corr      Corr      Corr      Corr      Corr
 Series    Segment   Add  # 1  Add  # 2  Add  # 3  Add  # 4  Add  # 5  Add  # 6  Add  # 7  Add  # 8  Add  # 9  Add  #10  Add  #11
 -------- ---------  --------  --------  --------  --------  --------  --------  --------  --------  --------  --------  --------
 0TD03A   1983 2009   -20 .45   -18 .36    -9 .32    -8 .29     0 .29    -7 .19    -2 .09   -21 .09   -11 .08     1 .07   -16 .06
===================  ========  ========  ========  ========  ========  ========  ========  ========  ========  ========  ========
           Counted       Corr      Corr      Corr      Corr      Corr      Corr      Corr      Corr      Corr      Corr      Corr
 Series    Segment   Add  # 1  Add  # 2  Add  # 3  Add  # 4  Add  # 5  Add  # 6  Add  # 7  Add  # 8  Add  # 9  Add  #10  Add  #11
 -------- ---------  --------  --------  --------  --------  --------  --------  --------  --------  --------  --------  --------
 0TD03B   1983 2009   -18 .51   -20 .35     0 .32    -8 .26    -7 .21    -9 .19    -5 .18   -11 .11   -21 .06   -16 .03    -2 .03
===================  ========  ========  ========  ========  ========  ========  ========  ========  ========  ========  ========
           Counted       Corr      Corr      Corr      Corr      Corr      Corr      Corr      Corr      Corr      Corr      Corr
 Series    Segment   Add  # 1  Add  # 2  Add  # 3  Add  # 4  Add  # 5  Add  # 6  Add  # 7  Add  # 8  Add  # 9  Add  #10  Add  #11
 -------- ---------  --------  --------  --------  --------  --------  --------  --------  --------  --------  --------  --------
 0TD03C   1982 2009   -18 .46     0 .35    -8 .29   -21 .20    -5 .19   -10 .17     1 .16    -9 .14   -16 .14   -19 .09   -17 .07
===================  ========  ========  ========  ========  ========  ========  ========  ========  ========  ========  ========
           Counted       Corr      Corr      Corr      Corr      Corr      Corr      Corr      Corr      Corr      Corr      Corr
 Series    Segment   Add  # 1  Add  # 2  Add  # 3  Add  # 4  Add  # 5  Add  # 6  Add  # 7  Add  # 8  Add  # 9  Add  #10  Add  #11
 -------- ---------  --------  --------  --------  --------  --------  --------  --------  --------  --------  --------  --------
 0TD03D   1982 2009     0 .58   -18 .52   -20 .30    -8 .26    -5 .17    -9 .16    -2 .08    -7 .08   -16 .07   -26 .06    -6 .05
===================  ========  ========  ========  ========  ========  ========  ========  ========  ========  ========  ========
        6 undated series

                                              - = [  COFECHA T    COF  ] = -
