[]  Dendrochronology Program Library                                        Run 6      Program COF  10:50  Thu 19 Jan 2012  Page   1
[]
[]  P R O G R A M      C O F E C H A                                                                          Version 6.06P    28144
------------------------------------------------------------------------------------------------------------------------------------

 QUALITY CONTROL AND DATING CHECK OF TREE-RING MEASUREMENTS

 Title of run:           6                                       

 File of DATED series:   6L.raw

 CONTENTS:

    Part 1:  Title page, options selected, summary, absent rings by series
    Part 2:  Histogram of time spans
    Part 3:  Master series with sample depth and absent rings by year
    Part 4:  Bar plot of Master Dating Series
    Part 5:  Correlation by segment of each series with Master
    Part 6:  Potential problems: low correlation, divergent year-to-year changes, absent rings, outliers
    Part 7:  Descriptive statistics

 RUN CONTROL OPTIONS SELECTED                             VALUE

         1  Cubic smoothing spline 50% wavelength cutoff for filtering
                                                            32 years
         2  Segments examined are                           50 years lagged successively by  25 years
         3  Autoregressive model applied                     A  Residuals are used in master dating series and testing
         4  Series transformed to logarithms                 Y  Each series log-transformed for master dating series and testing
         5  CORRELATION is Pearson (parametric, quantitative)
            Critical correlation, 99% confidence level   .3281
         6  Master dating series saved                       N
         7  Ring measurements listed                         N
         8  Parts printed                              1234567 
         9  Absent rings are omitted from master series and segment correlations  (Y)

 Time span of Master dating series is  1964 to  2009    46 years
 Continuous time span is               1964 to  2009    46 years
 Portion with two or more series is    1964 to  2009    46 years


                                        ****************************************
                                        *C* Number of dated series        36 *C*
                                        *O* Master series 1964 2009   46 yrs *O*
                                        *F* Total rings in all series    988 *F*
                                        *E* Total dated rings checked    988 *E*
                                        *C* Series intercorrelation     .368 *C*
                                        *H* Average mean sensitivity    .311 *H*
                                        *A* Segments, possible problems   17 *A*
                                        *** Mean length of series       27.4 ***
                                        ****************************************

 ABSENT RINGS listed by SERIES:            (See Master Dating Series for absent rings listed by year)

               No ring measurements of zero value
PART 2:  TIME PLOT OF TREE-RING SERIES: 6                                                          10:50  Thu 19 Jan 2012  Page   2
------------------------------------------------------------------------------------------------------------------------------------
 1050 1100 1150 1200 1250 1300 1350 1400 1450 1500 1550 1600 1650 1700 1750 1800 1850 1900 1950 2000 2050 Ident   Seq Time-span  Yrs
   :    :    :    :    :    :    :    :    :    :    :    :    :    :    :    :    :    :    :    :    : -------- --- ---- ---- ----
   .    .    .    .    .    .    .    .    .    .    .    .    .    .    .    .    .    .    .  <=>    . 06L01A     1 1985 2006   22
   .    .    .    .    .    .    .    .    .    .    .    .    .    .    .    .    .    .    .  <=>    . 06L01B     2 1985 2006   22
   .    .    .    .    .    .    .    .    .    .    .    .    .    .    .    .    .    .    .<===>    . 06L02A     3 1964 2006   43
   .    .    .    .    .    .    .    .    .    .    .    .    .    .    .    .    .    .    .<===>    . 06L02B     4 1964 2006   43
   .    .    .    .    .    .    .    .    .    .    .    .    .    .    .    .    .    .    . <==>    . 06L03A     5 1978 2006   29
   .    .    .    .    .    .    .    .    .    .    .    .    .    .    .    .    .    .    . <==>    . 06L03B     6 1978 2006   29
   .    .    .    .    .    .    .    .    .    .    .    .    .    .    .    .    .    .    .  <=>    . 06L04A     7 1985 2008   24
   .    .    .    .    .    .    .    .    .    .    .    .    .    .    .    .    .    .    .  <=>    . 06L04B     8 1983 2008   26
   .    .    .    .    .    .    .    .    .    .    .    .    .    .    .    .    .    .    .  <=>    . 06L05A     9 1980 2006   27
   .    .    .    .    .    .    .    .    .    .    .    .    .    .    .    .    .    .    .  <=>    . 06L05B    10 1980 2006   27
   .    .    .    .    .    .    .    .    .    .    .    .    .    .    .    .    .    .    .  <=>    . 06L06A    11 1987 2004   18
   .    .    .    .    .    .    .    .    .    .    .    .    .    .    .    .    .    .    .  <=>    . 06L06B    12 1989 2006   18
   .    .    .    .    .    .    .    .    .    .    .    .    .    .    .    .    .    .    .   <>    . 06L07A    13 1990 2008   19
   .    .    .    .    .    .    .    .    .    .    .    .    .    .    .    .    .    .    .   <>    . 06L07B    14 1990 2008   19
   .    .    .    .    .    .    .    .    .    .    .    .    .    .    .    .    .    .    . <==>    . 06L08A    15 1978 2006   29
   .    .    .    .    .    .    .    .    .    .    .    .    .    .    .    .    .    .    . <==>    . 06L08B    16 1978 2006   29
   .    .    .    .    .    .    .    .    .    .    .    .    .    .    .    .    .    .    .  <=>    . 06L09A    17 1980 2006   27
   .    .    .    .    .    .    .    .    .    .    .    .    .    .    .    .    .    .    .  <=>    . 06L09B    18 1980 2006   27
   .    .    .    .    .    .    .    .    .    .    .    .    .    .    .    .    .    .    .  <=>    . 06L10A    19 1980 2006   27
   .    .    .    .    .    .    .    .    .    .    .    .    .    .    .    .    .    .    .  <=>    . 06L10B    20 1980 2006   27
   .    .    .    .    .    .    .    .    .    .    .    .    .    .    .    .    .    .    .  <=>    . 06L11A    21 1985 2006   22
   .    .    .    .    .    .    .    .    .    .    .    .    .    .    .    .    .    .    .  <=>    . 06L11B    22 1985 2006   22
   .    .    .    .    .    .    .    .    .    .    .    .    .    .    .    .    .    .    .  <=>    . 06L12A    23 1989 2009   21
   .    .    .    .    .    .    .    .    .    .    .    .    .    .    .    .    .    .    .  <=>    . 06L12B    24 1988 2009   22
   .    .    .    .    .    .    .    .    .    .    .    .    .    .    .    .    .    .    . <==>    . 06L13A    25 1976 2009   34
   .    .    .    .    .    .    .    .    .    .    .    .    .    .    .    .    .    .    .<===>    . 06L13B    26 1969 2009   41
   .    .    .    .    .    .    .    .    .    .    .    .    .    .    .    .    .    .    .   <>    . 06L14A    27 1995 2009   15
   .    .    .    .    .    .    .    .    .    .    .    .    .    .    .    .    .    .    .   <>    . 06L14B    28 1991 2009   19
   .    .    .    .    .    .    .    .    .    .    .    .    .    .    .    .    .    .    .   <>    . 06L15A    29 1990 2009   20
   .    .    .    .    .    .    .    .    .    .    .    .    .    .    .    .    .    .    .   <>    . 06L15B    30 1991 2009   19
   .    .    .    .    .    .    .    .    .    .    .    .    .    .    .    .    .    .    . <==>    . 06L16A    31 1970 2009   40
   .    .    .    .    .    .    .    .    .    .    .    .    .    .    .    .    .    .    .<===>    . 06L16B    32 1968 2008   41
   .    .    .    .    .    .    .    .    .    .    .    .    .    .    .    .    .    .    . <==>    . 06L17A    33 1971 2009   39
   .    .    .    .    .    .    .    .    .    .    .    .    .    .    .    .    .    .    .<===>    . 06L17B    34 1969 2009   41
   .    .    .    .    .    .    .    .    .    .    .    .    .    .    .    .    .    .    .  <=>    . 06L18A    35 1980 2008   29
   .    .    .    .    .    .    .    .    .    .    .    .    .    .    .    .    .    .    . <==>    . 06L18B    36 1979 2009   31
   :    :    :    :    :    :    :    :    :    :    :    :    :    :    :    :    :    :    :    :    :
 1050 1100 1150 1200 1250 1300 1350 1400 1450 1500 1550 1600 1650 1700 1750 1800 1850 1900 1950 2000 2050
PART 3:  Master Dating Series: 6                                                                   10:50  Thu 19 Jan 2012  Page   3
------------------------------------------------------------------------------------------------------------------------------------
  Year  Value  No Ab    Year  Value  No Ab    Year  Value  No Ab    Year  Value  No Ab    Year  Value  No Ab    Year  Value  No Ab
  ------------------    ------------------    ------------------    ------------------    ------------------    ------------------
                        2000   .837  36
                        2001  -.487  36
                        2002 -2.292  36
                        2003   .496  36
                        2004  -.917  36
                        2005  -.245  35
                        2006   .910  35
                        2007   .669  18
                        2008  -.461  18
                        2009  -.666  12





  1964  -.517   2
  1965  -.394   2
  1966   .162   2
  1967  2.721   2
  1968  2.052   3
  1969 -1.255   5

  1970 -1.794   6
  1971  -.098   7
  1972  -.522   7
  1973   .991   7
  1974  -.388   7
  1975   .708   7
  1976  1.234   8
  1977   .953   8
  1978  1.295  12
  1979   .175  13

  1980   .563  20
  1981  -.278  20
  1982 -1.708  20
  1983  -.572  21
  1984   .039  21
  1985   .466  26
  1986 -1.262  26
  1987  -.228  27
  1988  -.405  28
  1989   .806  30

  1990   .449  33
  1991   .507  35
  1992  -.726  35
  1993 -1.896  35
  1994  -.420  35
  1995  -.936  36
  1996   .202  36
  1997   .522  36
  1998  1.066  36
  1999   .648  36
------------------------------------------------------------------------------------------------------------------------------------
PART 4:  Master Bar Plot: 6                                                                        10:50  Thu 19 Jan 2012  Page   4
------------------------------------------------------------------------------------------------------------------------------------
   Year Rel value  Year Rel value  Year Rel value  Year Rel value  Year Rel value  Year Rel value  Year Rel value  Year Rel value
                   2000--------C
                   2001---b
                   2002i
                   2003-------B
                   2004-d
                   2005----a
                   2006---------D
                   2007--------C
                   2008---b
                   2009--c




   1964--b
   1965---b
   1966-----A
   1967----------K
   1968----------H
   1969-e
   1970g
   1971-----@
   1972--b
   1973---------D
   1974---b
   1975--------C
   1976---------E
   1977---------D
   1978---------E
   1979-----A
   1980-------B
   1981----a
   1982g
   1983--b
   1984-----@
   1985------B
   1986-e
   1987----a
   1988---b
   1989--------C
   1990------B
   1991-------B
   1992--c
   1993h
   1994---b
   1995-d
   1996-----A
   1997-------B
   1998---------D
   1999-------C
PART 5:  CORRELATION OF SERIES BY SEGMENTS: 6                                                      10:50  Thu 19 Jan 2012  Page   5
------------------------------------------------------------------------------------------------------------------------------------
 Correlations of  50-year dated segments, lagged  25 years
 Flags:  A = correlation under   .3281 but highest as dated;  B = correlation higher at other than dated position

 Seq Series  Time_span   1950 1975
                         1999 2024
 --- -------- ---------  ---- ---- ---- ---- ---- ---- ---- ---- ---- ---- ---- ---- ---- ---- ---- ---- ---- ---- ---- ----
   1 06L01A   1985 2006        .44
   2 06L01B   1985 2006        .58
   3 06L02A   1964 2006   .52
   4 06L02B   1964 2006   .49
   5 06L03A   1978 2006        .24B
   6 06L03B   1978 2006        .24B
   7 06L04A   1985 2008       -.06B
   8 06L04B   1983 2008       -.12B
   9 06L05A   1980 2006        .51
  10 06L05B   1980 2006        .65
  11 06L06A   1987 2004        .17B
  12 06L06B   1989 2006        .45B
  13 06L07A   1990 2008        .49
  14 06L07B   1990 2008        .09B
  15 06L08A   1978 2006        .63
  16 06L08B   1978 2006        .28A
  17 06L09A   1980 2006       -.05B
  18 06L09B   1980 2006       -.06B
  19 06L10A   1980 2006        .50
  20 06L10B   1980 2006        .48
  21 06L11A   1985 2006        .28B
  22 06L11B   1985 2006        .41
  23 06L12A   1989 2009        .49
  24 06L12B   1988 2009        .21B
  25 06L13A   1976 2009        .47
  26 06L13B   1969 2009   .26A
  27 06L14A   1995 2009        .52B
  28 06L14B   1991 2009        .31A
  29 06L15A   1990 2009        .65
  30 06L15B   1991 2009        .54
  31 06L16A   1970 2009   .43
  32 06L16B   1968 2008   .32A
  33 06L17A   1971 2009   .39
  34 06L17B   1969 2009   .51
  35 06L18A   1980 2008        .22A
  36 06L18B   1979 2009        .57
 Av segment correlation   .42  .35
PART 6:  POTENTIAL PROBLEMS: 6                                                                     10:50  Thu 19 Jan 2012  Page   5
------------------------------------------------------------------------------------------------------------------------------------

 For each series with potential problems the following diagnostics may appear:

 [A] Correlations with master dating series of flagged  50-year segments of series filtered with  32-year spline,
     at every point from ten years earlier (-10) to ten years later (+10) than dated

 [B] Effect of those data values which most lower or raise correlation with master series
     Symbol following year indicates value in series is greater (>) or lesser (<) than master series value

 [C] Year-to-year changes very different from the mean change in other series

 [D] Absent rings (zero values)

 [E] Values which are statistical outliers from mean for the year
====================================================================================================================================

 06L01A    1985 to  2006      22 years                                                                                    Series   1

 [B] Entire series, effect on correlation (  .440) is:
       Lower   1986> -.102   1992> -.069   1997< -.038   1996< -.027   1998< -.015   1994< -.007  Higher   1993  .214   2006  .024

====================================================================================================================================

 06L01B    1985 to  2006      22 years                                                                                    Series   2

 [B] Entire series, effect on correlation (  .582) is:
       Lower   1997< -.052   1996< -.051   1986> -.049   1992> -.042   2002> -.033   2001> -.006  Higher   1993  .123   2006  .028

====================================================================================================================================

 06L02A    1964 to  2006      43 years                                                                                    Series   3

 [B] Entire series, effect on correlation (  .524) is:
       Lower   1993> -.045   1964> -.039   1986< -.038   1984< -.032   1980< -.013   1992> -.012  Higher   2002  .064   1970  .023

====================================================================================================================================

 06L02B    1964 to  2006      43 years                                                                                    Series   4

 [B] Entire series, effect on correlation (  .488) is:
       Lower   1970> -.057   1969> -.045   1971< -.028   1985< -.027   1964< -.021   1993> -.012  Higher   2002  .085   1967  .040

====================================================================================================================================

 06L03A    1978 to  2006      29 years                                                                                    Series   5

 [A] Segment   High   -10   -9   -8   -7   -6   -5   -4   -3   -2   -1   +0   +1   +2   +3   +4   +5   +6   +7   +8   +9  +10
    ---------  ----   ---  ---  ---  ---  ---  ---  ---  ---  ---  ---  ---  ---  ---  ---  ---  ---  ---  ---  ---  ---  ---
    1978 2006    1   -.04  .12  .09  .11  .10  .17 -.23 -.15 -.24 -.15  .24| .25* .03  .15    -    -    -    -    -    -    -

 [B] Entire series, effect on correlation (  .236) is:
       Lower   1992> -.068   2001< -.050   1999< -.031   1993> -.024   1979< -.015   1995> -.013  Higher   2002  .067   1978  .066
     1978 to 2006 segment:
       Lower   1992> -.068   2001< -.050   1999< -.031   1993> -.024   1979< -.015   1995> -.013  Higher   2002  .067   1978  .066

====================================================================================================================================

 06L03B    1978 to  2006      29 years                                                                                    Series   6

 [A] Segment   High   -10   -9   -8   -7   -6   -5   -4   -3   -2   -1   +0   +1   +2   +3   +4   +5   +6   +7   +8   +9  +10
    ---------  ----   ---  ---  ---  ---  ---  ---  ---  ---  ---  ---  ---  ---  ---  ---  ---  ---  ---  ---  ---  ---  ---
    1978 2006   -1   -.11 -.29 -.08  .06  .14  .13 -.15  .03 -.21  .49* .24| .04 -.19 -.10    -    -    -    -    -    -    -

 [B] Entire series, effect on correlation (  .241) is:
       Lower   1987< -.106   2004> -.053   1992> -.046   2002> -.021   1996< -.017   1986> -.016  Higher   1993  .090   1978  .058
     1978 to 2006 segment:
       Lower   1987< -.106   2004> -.053   1992> -.046   2002> -.021   1996< -.017   1986> -.016  Higher   1993  .090   1978  .058

====================================================================================================================================

 06L04A    1985 to  2008      24 years                                                                                    Series   7

 [A] Segment   High   -10   -9   -8   -7   -6   -5   -4   -3   -2   -1   +0   +1   +2   +3   +4   +5   +6   +7   +8   +9  +10
    ---------  ----   ---  ---  ---  ---  ---  ---  ---  ---  ---  ---  ---  ---  ---  ---  ---  ---  ---  ---  ---  ---  ---
    1985 2008   -7    .06 -.06 -.09  .21* .16  .02  .06 -.22  .18 -.23 -.06| .04    -    -    -    -    -    -    -    -    -

 [B] Entire series, effect on correlation ( -.062) is:
       Lower   2002> -.183   1998< -.079   2000< -.058   2006< -.048   1999< -.011   1987> -.009  Higher   1992  .094   2004  .045
     1985 to 2008 segment:
       Lower   2002> -.183   1998< -.079   2000< -.058   2006< -.048   1999< -.011   1987> -.009  Higher   1992  .094   2004  .045

 [E] Outliers     1   3.0 SD above or -4.5 SD below mean for year
       2002 +3.4 SD
====================================================================================================================================

 06L04B    1983 to  2008      26 years                                                                                    Series   8

 [A] Segment   High   -10   -9   -8   -7   -6   -5   -4   -3   -2   -1   +0   +1   +2   +3   +4   +5   +6   +7   +8   +9  +10
    ---------  ----   ---  ---  ---  ---  ---  ---  ---  ---  ---  ---  ---  ---  ---  ---  ---  ---  ---  ---  ---  ---  ---
    1983 2008  -10    .29* .09  .09  .22  .28  .07 -.05 -.09 -.34  .22 -.12| .00    -    -    -    -    -    -    -    -    -

 [B] Entire series, effect on correlation ( -.118) is:
       Lower   2002> -.077   1986> -.065   2004> -.054   1991< -.052   1997< -.032   2001> -.020  Higher   1993  .117   2006  .065
     1983 to 2008 segment:
       Lower   2002> -.077   1986> -.065   2004> -.054   1991< -.052   1997< -.032   2001> -.020  Higher   1993  .117   2006  .065

====================================================================================================================================

 06L05A    1980 to  2006      27 years                                                                                    Series   9

 [B] Entire series, effect on correlation (  .511) is:
       Lower   1992> -.066   1996< -.056   1997< -.045   1982> -.036   2002> -.011   2001> -.010  Higher   1993  .069   1986  .047

====================================================================================================================================

 06L05B    1980 to  2006      27 years                                                                                    Series  10

 [B] Entire series, effect on correlation (  .649) is:
       Lower   1992> -.045   1981> -.040   1986< -.030   1995< -.014   1990< -.009   2006< -.005  Higher   2002  .030   1993  .021

====================================================================================================================================

 06L06A    1987 to  2004      18 years                                                                                    Series  11

 [A] Segment   High   -10   -9   -8   -7   -6   -5   -4   -3   -2   -1   +0   +1   +2   +3   +4   +5   +6   +7   +8   +9  +10
    ---------  ----   ---  ---  ---  ---  ---  ---  ---  ---  ---  ---  ---  ---  ---  ---  ---  ---  ---  ---  ---  ---  ---
    1987 2004    1   -.10  .39  .61  .01  .15 -.20 -.04 -.56 -.29 -.21  .17| .65* .20  .34 -.34 -.19    -    -    -    -    -

 [B] Entire series, effect on correlation (  .170) is:
       Lower   2004> -.079   1990< -.057   1993> -.051   2001< -.041   1991< -.020   1995> -.012  Higher   1998  .076   1989  .076
     1987 to 2004 segment:
       Lower   2004> -.079   1990< -.057   1993> -.051   2001< -.041   1991< -.020   1995> -.012  Higher   1998  .076   1989  .076

====================================================================================================================================

 06L06B    1989 to  2006      18 years                                                                                    Series  12

 [A] Segment   High   -10   -9   -8   -7   -6   -5   -4   -3   -2   -1   +0   +1   +2   +3   +4   +5   +6   +7   +8   +9  +10
    ---------  ----   ---  ---  ---  ---  ---  ---  ---  ---  ---  ---  ---  ---  ---  ---  ---  ---  ---  ---  ---  ---  ---
    1989 2006    1    .40  .21  .21  .05  .13 -.39 -.47 -.39  .11  .18  .45| .59*-.27 -.09    -    -    -    -    -    -    -

 [B] Entire series, effect on correlation (  .453) is:
       Lower   2003< -.141   2002> -.093   1989< -.017   1994> -.015   2001< -.011   1995> -.009  Higher   1993  .122   2006  .034
     1989 to 2006 segment:
       Lower   2003< -.141   2002> -.093   1989< -.017   1994> -.015   2001< -.011   1995> -.009  Higher   1993  .122   2006  .034

====================================================================================================================================

 06L07A    1990 to  2008      19 years                                                                                    Series  13

 [B] Entire series, effect on correlation (  .485) is:
       Lower   1992> -.135   2008> -.107   2003< -.046   1995> -.043   1997< -.021   1991< -.010  Higher   2002  .253   1993  .094

====================================================================================================================================

 06L07B    1990 to  2008      19 years                                                                                    Series  14

 [A] Segment   High   -10   -9   -8   -7   -6   -5   -4   -3   -2   -1   +0   +1   +2   +3   +4   +5   +6   +7   +8   +9  +10
    ---------  ----   ---  ---  ---  ---  ---  ---  ---  ---  ---  ---  ---  ---  ---  ---  ---  ---  ---  ---  ---  ---  ---
    1990 2008   -2    .10  .12 -.19 -.16 -.72 -.10 -.21  .27  .70* .29  .09|-.34    -    -    -    -    -    -    -    -    -

 [B] Entire series, effect on correlation (  .094) is:
       Lower   2008> -.101   1992> -.095   2006< -.047   2001> -.047   2003< -.019   2002> -.017  Higher   2004  .143   1993  .113
     1990 to 2008 segment:
       Lower   2008> -.101   1992> -.095   2006< -.047   2001> -.047   2003< -.019   2002> -.017  Higher   2004  .143   1993  .113

====================================================================================================================================

 06L08A    1978 to  2006      29 years                                                                                    Series  15

 [B] Entire series, effect on correlation (  .631) is:
       Lower   1986< -.052   1995> -.035   2003< -.020   1992> -.018   1991> -.011   1990< -.011  Higher   2002  .070   1978  .022

====================================================================================================================================

 06L08B    1978 to  2006      29 years                                                                                    Series  16

 [A] Segment   High   -10   -9   -8   -7   -6   -5   -4   -3   -2   -1   +0   +1   +2   +3   +4   +5   +6   +7   +8   +9  +10
    ---------  ----   ---  ---  ---  ---  ---  ---  ---  ---  ---  ---  ---  ---  ---  ---  ---  ---  ---  ---  ---  ---  ---
    1978 2006    0   -.18  .03 -.09 -.01  .02 -.08  .08 -.10 -.27 -.05  .28*-.03 -.17 -.04    -    -    -    -    -    -    -

 [B] Entire series, effect on correlation (  .282) is:
       Lower   1978< -.251   1995> -.029   1981> -.017   2003< -.009   2004> -.009   1994> -.006  Higher   1986  .097   2002  .059
     1978 to 2006 segment:
       Lower   1978< -.251   1995> -.029   1981> -.017   2003< -.009   2004> -.009   1994> -.006  Higher   1986  .097   2002  .059

====================================================================================================================================

 06L09A    1980 to  2006      27 years                                                                                    Series  17

 [A] Segment   High   -10   -9   -8   -7   -6   -5   -4   -3   -2   -1   +0   +1   +2   +3   +4   +5   +6   +7   +8   +9  +10
    ---------  ----   ---  ---  ---  ---  ---  ---  ---  ---  ---  ---  ---  ---  ---  ---  ---  ---  ---  ---  ---  ---  ---
    1980 2006   -5   -.18 -.03  .03 -.12  .20  .50* .03  .16 -.17 -.09 -.05| .04 -.24  .11    -    -    -    -    -    -    -

 [B] Entire series, effect on correlation ( -.051) is:
       Lower   1998< -.182   1993> -.070   1981> -.031   1985< -.026   1991< -.022   1989< -.015  Higher   2002  .079   2006  .064
     1980 to 2006 segment:
       Lower   1998< -.182   1993> -.070   1981> -.031   1985< -.026   1991< -.022   1989< -.015  Higher   2002  .079   2006  .064

====================================================================================================================================

 06L09B    1980 to  2006      27 years                                                                                    Series  18

 [A] Segment   High   -10   -9   -8   -7   -6   -5   -4   -3   -2   -1   +0   +1   +2   +3   +4   +5   +6   +7   +8   +9  +10
    ---------  ----   ---  ---  ---  ---  ---  ---  ---  ---  ---  ---  ---  ---  ---  ---  ---  ---  ---  ---  ---  ---  ---
    1980 2006   -5    .11 -.11  .02 -.17  .23  .49*-.04  .22 -.14 -.02 -.06| .09 -.29  .12    -    -    -    -    -    -    -

 [B] Entire series, effect on correlation ( -.060) is:
       Lower   1998< -.278   1981> -.044   1989< -.024   1991< -.019   1985< -.011   2002> -.008  Higher   2000  .061   1993  .054
     1980 to 2006 segment:
       Lower   1998< -.278   1981> -.044   1989< -.024   1991< -.019   1985< -.011   2002> -.008  Higher   2000  .061   1993  .054

====================================================================================================================================

 06L10A    1980 to  2006      27 years                                                                                    Series  19

 [B] Entire series, effect on correlation (  .504) is:
       Lower   1981< -.125   1991< -.042   1982> -.039   1986> -.036   1987> -.014   1997< -.012  Higher   1993  .083   2002  .034

====================================================================================================================================

 06L10B    1980 to  2006      27 years                                                                                    Series  20

 [B] Entire series, effect on correlation (  .483) is:
       Lower   2002> -.070   1986> -.038   1982> -.018   1991< -.017   1987> -.014   2001> -.011  Higher   1993  .037   1998  .031

====================================================================================================================================

 06L11A    1985 to  2006      22 years                                                                                    Series  21

 [A] Segment   High   -10   -9   -8   -7   -6   -5   -4   -3   -2   -1   +0   +1   +2   +3   +4   +5   +6   +7   +8   +9  +10
    ---------  ----   ---  ---  ---  ---  ---  ---  ---  ---  ---  ---  ---  ---  ---  ---  ---  ---  ---  ---  ---  ---  ---
    1985 2006    1    .26  .17  .02 -.28  .09 -.15  .04  .08 -.11  .01  .28| .31*-.25 -.02    -    -    -    -    -    -    -

 [B] Entire series, effect on correlation (  .283) is:
       Lower   2002> -.125   1993> -.052   1996< -.044   2004> -.041   2005< -.027   1987> -.014  Higher   1989  .053   1986  .048
     1985 to 2006 segment:
       Lower   2002> -.125   1993> -.052   1996< -.044   2004> -.041   2005< -.027   1987> -.014  Higher   1989  .053   1986  .048

====================================================================================================================================

 06L11B    1985 to  2006      22 years                                                                                    Series  22

 [B] Entire series, effect on correlation (  .407) is:
       Lower   1993> -.095   1997< -.069   1992< -.041   2002> -.014   1991< -.012   1998< -.010  Higher   1989  .049   2000  .031

====================================================================================================================================

 06L12A    1989 to  2009      21 years                                                                                    Series  23

 [B] Entire series, effect on correlation (  .491) is:
       Lower   1993> -.186   1989< -.057   2004> -.029   1990< -.020   1999< -.018   2003< -.014  Higher   2002  .286   1998  .035

====================================================================================================================================

 06L12B    1988 to  2009      22 years                                                                                    Series  24

 [A] Segment   High   -10   -9   -8   -7   -6   -5   -4   -3   -2   -1   +0   +1   +2   +3   +4   +5   +6   +7   +8   +9  +10
    ---------  ----   ---  ---  ---  ---  ---  ---  ---  ---  ---  ---  ---  ---  ---  ---  ---  ---  ---  ---  ---  ---  ---
    1988 2009   -6   -.32  .00 -.37  .06  .51*-.22  .04 -.16  .19 -.24  .21|   -    -    -    -    -    -    -    -    -    -

 [B] Entire series, effect on correlation (  .211) is:
       Lower   1993> -.084   2002> -.038   2001> -.033   1989< -.026   2006< -.020   1999< -.016  Higher   2004  .048   1998  .048
     1988 to 2009 segment:
       Lower   1993> -.084   2002> -.038   2001> -.033   1989< -.026   2006< -.020   1999< -.016  Higher   2004  .048   1998  .048

====================================================================================================================================

 06L13A    1976 to  2009      34 years                                                                                    Series  25

 [B] Entire series, effect on correlation (  .469) is:
       Lower   1992< -.061   1977< -.054   1980< -.034   1981> -.032   1987> -.021   1979> -.011  Higher   2002  .042   1982  .031

====================================================================================================================================

 06L13B    1969 to  2009      41 years                                                                                    Series  26

 [A] Segment   High   -10   -9   -8   -7   -6   -5   -4   -3   -2   -1   +0   +1   +2   +3   +4   +5   +6   +7   +8   +9  +10
    ---------  ----   ---  ---  ---  ---  ---  ---  ---  ---  ---  ---  ---  ---  ---  ---  ---  ---  ---  ---  ---  ---  ---
    1969 2009    0      -    -    -    -    -  .06  .06  .06 -.01 -.05  .26*   -    -    -    -    -    -    -    -    -    -

 [B] Entire series, effect on correlation (  .264) is:
       Lower   1986> -.038   1970> -.038   1981> -.024   1976< -.022   1975< -.021   1990< -.020  Higher   1993  .113   1978  .028
     1969 to 2009 segment:
       Lower   1986> -.038   1970> -.038   1981> -.024   1976< -.022   1975< -.021   1990< -.020  Higher   1993  .113   1978  .028

====================================================================================================================================

 06L14A    1995 to  2009      15 years                                                                                    Series  27

 [A] Segment   High   -10   -9   -8   -7   -6   -5   -4   -3   -2   -1   +0   +1   +2   +3   +4   +5   +6   +7   +8   +9  +10
    ---------  ----   ---  ---  ---  ---  ---  ---  ---  ---  ---  ---  ---  ---  ---  ---  ---  ---  ---  ---  ---  ---  ---
    1995 2009   -9   -.08  .55* .33  .53 -.23 -.10 -.36 -.31 -.23  .13  .52|   -    -    -    -    -    -    -    -    -    -

 [B] Entire series, effect on correlation (  .521) is:
       Lower   2004> -.136   2008> -.118   2000< -.049   2009< -.048   2006< -.012   1999< -.006  Higher   2002  .535   1998  .038
     1995 to 2009 segment:
       Lower   2004> -.136   2008> -.118   2000< -.049   2009< -.048   2006< -.012   1999< -.006  Higher   2002  .535   1998  .038

====================================================================================================================================

 06L14B    1991 to  2009      19 years                                                                                    Series  28

 [A] Segment   High   -10   -9   -8   -7   -6   -5   -4   -3   -2   -1   +0   +1   +2   +3   +4   +5   +6   +7   +8   +9  +10
    ---------  ----   ---  ---  ---  ---  ---  ---  ---  ---  ---  ---  ---  ---  ---  ---  ---  ---  ---  ---  ---  ---  ---
    1991 2009    0    .10  .20 -.04 -.14  .29 -.39 -.09 -.04 -.07 -.12  .31*   -    -    -    -    -    -    -    -    -    -

 [B] Entire series, effect on correlation (  .311) is:
       Lower   2002> -.238   2005< -.037   1993> -.028   1991< -.019   1995> -.014   2003< -.007  Higher   2004  .053   1998  .047
     1991 to 2009 segment:
       Lower   2002> -.238   2005< -.037   1993> -.028   1991< -.019   1995> -.014   2003< -.007  Higher   2004  .053   1998  .047

====================================================================================================================================

 06L15A    1990 to  2009      20 years                                                                                    Series  29

 [B] Entire series, effect on correlation (  .653) is:
       Lower   2008> -.079   2009< -.059   2001> -.032   2006< -.025   2004> -.023   1995> -.016  Higher   2002  .197   1993  .095

====================================================================================================================================

 06L15B    1991 to  2009      19 years                                                                                    Series  30

 [B] Entire series, effect on correlation (  .537) is:
       Lower   2006< -.174   2008> -.057   2007< -.011   1994> -.010   2005> -.008   1995> -.007  Higher   2002  .298   1997  .021

====================================================================================================================================

 06L16A    1970 to  2009      40 years                                                                                    Series  31

 [B] Entire series, effect on correlation (  .433) is:
       Lower   1992> -.065   1996< -.045   1983> -.038   1993> -.027   1972> -.019   1984< -.014  Higher   2002  .118   1970  .048

====================================================================================================================================

 06L16B    1968 to  2008      41 years                                                                                    Series  32

 [A] Segment   High   -10   -9   -8   -7   -6   -5   -4   -3   -2   -1   +0   +1   +2   +3   +4   +5   +6   +7   +8   +9  +10
    ---------  ----   ---  ---  ---  ---  ---  ---  ---  ---  ---  ---  ---  ---  ---  ---  ---  ---  ---  ---  ---  ---  ---
    1968 2008    0      -    -    -    -    -    - -.28 -.41 -.06  .22  .32* .07    -    -    -    -    -    -    -    -    -

 [B] Entire series, effect on correlation (  .317) is:
       Lower   2000< -.083   1995> -.033   1974> -.032   1978< -.018   1975< -.018   1992> -.018  Higher   1993  .114   1986  .024
     1968 to 2008 segment:
       Lower   2000< -.083   1995> -.033   1974> -.032   1978< -.018   1975< -.018   1992> -.018  Higher   1993  .114   1986  .024

====================================================================================================================================

 06L17A    1971 to  2009      39 years                                                                                    Series  33

 [B] Entire series, effect on correlation (  .394) is:
       Lower   1973< -.054   1986> -.049   1980< -.040   2004> -.035   1985< -.031   2008> -.026  Higher   2002  .204   1993  .055

====================================================================================================================================

 06L17B    1969 to  2009      41 years                                                                                    Series  34

 [B] Entire series, effect on correlation (  .511) is:
       Lower   1989< -.046   1983> -.039   1987> -.027   1991< -.026   1993> -.020   1996< -.019  Higher   2002  .079   1970  .044

====================================================================================================================================

 06L18A    1980 to  2008      29 years                                                                                    Series  35

 [A] Segment   High   -10   -9   -8   -7   -6   -5   -4   -3   -2   -1   +0   +1   +2   +3   +4   +5   +6   +7   +8   +9  +10
    ---------  ----   ---  ---  ---  ---  ---  ---  ---  ---  ---  ---  ---  ---  ---  ---  ---  ---  ---  ---  ---  ---  ---
    1980 2008    0   -.29 -.06 -.19 -.02  .19 -.01 -.20 -.23 -.13  .04  .22* .00    -    -    -    -    -    -    -    -    -

 [B] Entire series, effect on correlation (  .218) is:
       Lower   2007< -.073   1986> -.064   1999< -.053   2004> -.043   1983< -.032   2000< -.029  Higher   1982  .074   2002  .046
     1980 to 2008 segment:
       Lower   2007< -.073   1986> -.064   1999< -.053   2004> -.043   1983< -.032   2000< -.029  Higher   1982  .074   2002  .046

====================================================================================================================================

 06L18B    1979 to  2009      31 years                                                                                    Series  36

 [B] Entire series, effect on correlation (  .568) is:
       Lower   1986> -.068   1999< -.029   2009< -.026   1995< -.025   1983< -.017   1982> -.015  Higher   2002  .134   2006  .027

====================================================================================================================================
PART 7:  DESCRIPTIVE STATISTICS: 6                                                                 10:50  Thu 19 Jan 2012  Page   6
------------------------------------------------------------------------------------------------------------------------------------

                                                Corr   //-------- Unfiltered --------\\  //---- Filtered -----\\
                           No.    No.    No.    with   Mean   Max     Std   Auto   Mean   Max     Std   Auto  AR
 Seq Series   Interval   Years  Segmt  Flags   Master  msmt   msmt    dev   corr   sens  value    dev   corr  ()
 --- -------- ---------  -----  -----  -----   ------ -----  -----  -----  -----  -----  -----  -----  -----  --
   1 06L01A   1985 2006     22      1      0    .440    .57   1.40   .351   .740   .348   2.40   .506   .002   1
   2 06L01B   1985 2006     22      1      0    .582    .65   1.64   .396   .744   .338   2.48   .570   .004   1
   3 06L02A   1964 2006     43      1      0    .524    .77   2.10   .543   .831   .372   2.46   .440  -.089   1
   4 06L02B   1964 2006     43      1      0    .488    .67   1.80   .482   .857   .319   2.74   .661   .037   1
   5 06L03A   1978 2006     29      1      1    .236   1.12   2.23   .698   .847   .296   2.73   .508   .053   1
   6 06L03B   1978 2006     29      1      1    .241    .96   2.23   .564   .514   .491   2.62   .536   .001   1
   7 06L04A   1985 2008     24      1      1   -.062    .82   1.70   .444   .828   .228   2.78   .698  -.067   1
   8 06L04B   1983 2008     26      1      1   -.118    .83   1.82   .460   .851   .221   2.60   .679  -.014   1
   9 06L05A   1980 2006     27      1      0    .511    .76   1.59   .336   .614   .382   2.73   .695  -.110   1
  10 06L05B   1980 2006     27      1      0    .649    .85   1.56   .404   .620   .396   2.38   .556   .016   1
  11 06L06A   1987 2004     18      1      1    .170    .40    .73   .180   .152   .408   2.60   .579   .071   1
  12 06L06B   1989 2006     18      1      1    .453    .47    .81   .180   .399   .305   2.89   .902   .076   1
  13 06L07A   1990 2008     19      1      0    .485    .47   1.06   .230   .379   .424   2.83   .702   .111   1
  14 06L07B   1990 2008     19      1      1    .094    .44    .98   .227   .117   .452   2.78   .635   .130   1
  15 06L08A   1978 2006     29      1      0    .631   1.41   2.63   .624   .482   .382   2.60   .503  -.017   1
  16 06L08B   1978 2006     29      1      1    .282   1.39   2.69   .660   .537   .327   2.60   .509   .016   1
  17 06L09A   1980 2006     27      1      1   -.051    .45    .95   .204   .435   .317   2.98   .627  -.016   1
  18 06L09B   1980 2006     27      1      1   -.060    .41    .91   .205   .591   .292   2.64   .510  -.130   1
  19 06L10A   1980 2006     27      1      0    .504    .39    .90   .186   .682   .297   2.55   .567  -.067   1
  20 06L10B   1980 2006     27      1      0    .483    .40    .73   .163   .601   .305   2.59   .647   .051   1
  21 06L11A   1985 2006     22      1      1    .283    .69   1.15   .283   .670   .312   2.70   .636  -.072   2
  22 06L11B   1985 2006     22      1      0    .407    .65   1.08   .221   .340   .311   2.84   .577  -.036   1
  23 06L12A   1989 2009     21      1      0    .491   2.42   3.70   .560   .394   .199   2.56   .622  -.071   1
  24 06L12B   1988 2009     22      1      1    .211   2.26   3.42   .632   .693   .195   2.47   .585  -.077   1
  25 06L13A   1976 2009     34      1      0    .469   1.37   2.53   .476   .332   .394   2.48   .490  -.020   1
  26 06L13B   1969 2009     41      1      1    .264   1.27   2.35   .428   .227   .359   2.64   .612   .063   2
  27 06L14A   1995 2009     15      1      1    .521   2.02   2.68   .399   .262   .176   2.44   .642  -.090   1
  28 06L14B   1991 2009     19      1      1    .311   2.15   3.07   .523   .697   .156   2.59   .804   .057   2
  29 06L15A   1990 2009     20      1      0    .653   1.84   2.61   .454   .236   .264   2.56   .627  -.094   1
  30 06L15B   1991 2009     19      1      0    .537   1.88   2.90   .569   .351   .309   2.45   .592  -.077   1
  31 06L16A   1970 2009     40      1      0    .433   1.90   3.36   .538   .135   .297   2.71   .586  -.054   1
  32 06L16B   1968 2008     41      1      1    .317   1.67   2.68   .434   .373   .235   2.56   .533  -.076   1
  33 06L17A   1971 2009     39      1      0    .394   1.46   2.31   .357   .181   .252   2.75   .492  -.097   1
  34 06L17B   1969 2009     41      1      0    .511   1.56   2.78   .514   .208   .308   2.88   .572  -.059   1
  35 06L18A   1980 2008     29      1      1    .218   1.66   2.33   .470   .554   .216   2.62   .686   .079   1
  36 06L18B   1979 2009     31      1      0    .568   1.79   4.26   .760   .721   .239   2.72   .646  -.038   1
 --- -------- ---------  -----  -----  -----   ------ -----  -----  -----  -----  -----  -----  -----  -----  --
 Total or mean:            988     36     17    .368   1.15   4.26   .436   .507   .311   2.98   .592  -.020

                                              - = [  COFECHA 6    COF  ] = -
