[]  Dendrochronology Program Library                                        Run R      Program COF  10:22  Thu 19 Jan 2012  Page   1
[]
[]  P R O G R A M      C O F E C H A                                                                          Version 6.06P    28144
------------------------------------------------------------------------------------------------------------------------------------

 QUALITY CONTROL AND DATING CHECK OF TREE-RING MEASUREMENTS

 Title of run:           r                                       

 File of DATED series:   RL.raw

 File of UNDATED series: RD.raw

 CONTENTS:

    Part 1:  Title page, options selected, summary, absent rings by series
    Part 2:  Histogram of time spans
    Part 3:  Master series with sample depth and absent rings by year
    Part 4:  Bar plot of Master Dating Series
    Part 5:  Correlation by segment of each series with Master
    Part 6:  Potential problems: low correlation, divergent year-to-year changes, absent rings, outliers
    Part 7:  Descriptive statistics
    Part 8:  Undated series - adjustments for highest correlations

 RUN CONTROL OPTIONS SELECTED                             VALUE

         1  Cubic smoothing spline 50% wavelength cutoff for filtering
                                                            32 years
         2  Segments examined are                           50 years lagged successively by  25 years
         3  Autoregressive model applied                     A  Residuals are used in master dating series and testing
         4  Series transformed to logarithms                 Y  Each series log-transformed for master dating series and testing
         5  CORRELATION is Pearson (parametric, quantitative)
            Critical correlation, 99% confidence level   .3281
         6  Master dating series saved                       N
         7  Ring measurements listed                         N
         8  Parts printed                             12345678 
         9  Absent rings are omitted from master series and segment correlations  (Y)

 Time span of Master dating series is  1954 to  2009    56 years
 Continuous time span is               1954 to  2009    56 years
 Portion with two or more series is    1954 to  2009    56 years


                                        ****************************************
                                        *C* Number of dated series        28 *C*
                                        *O* Master series 1954 2009   56 yrs *O*
                                        *F* Total rings in all series   1270 *F*
                                        *E* Total dated rings checked   1270 *E*
                                        *C* Series intercorrelation     .605 *C*
                                        *H* Average mean sensitivity    .242 *H*
                                        *A* Segments, possible problems    4 *A*
                                        *** Mean length of series       45.4 ***
                                        ****************************************

 ABSENT RINGS listed by SERIES:            (See Master Dating Series for absent rings listed by year)

               No ring measurements of zero value
PART 2:  TIME PLOT OF TREE-RING SERIES: r                                                          10:22  Thu 19 Jan 2012  Page   2
------------------------------------------------------------------------------------------------------------------------------------
 1050 1100 1150 1200 1250 1300 1350 1400 1450 1500 1550 1600 1650 1700 1750 1800 1850 1900 1950 2000 2050 Ident   Seq Time-span  Yrs
   :    :    :    :    :    :    :    :    :    :    :    :    :    :    :    :    :    :    :    :    : -------- --- ---- ---- ----
   .    .    .    .    .    .    .    .    .    .    .    .    .    .    .    .    .    .    <====>    . 0RL01A     1 1954 2009   56
   .    .    .    .    .    .    .    .    .    .    .    .    .    .    .    .    .    .    <====>    . 0RL01B     2 1954 2009   56
   .    .    .    .    .    .    .    .    .    .    .    .    .    .    .    .    .    .    <====>    . 0RL02A     3 1954 2008   55
   .    .    .    .    .    .    .    .    .    .    .    .    .    .    .    .    .    .    <====>    . 0RL02B     4 1954 2008   55
   .    .    .    .    .    .    .    .    .    .    .    .    .    .    .    .    .    .    <====>    . 0RL03A     5 1954 2007   54
   .    .    .    .    .    .    .    .    .    .    .    .    .    .    .    .    .    .    <====>    . 0RL03B     6 1955 2008   54
   .    .    .    .    .    .    .    .    .    .    .    .    .    .    .    .    .    .    <====>    . 0RL04A     7 1957 2009   53
   .    .    .    .    .    .    .    .    .    .    .    .    .    .    .    .    .    .    <====>    . 0RL04B     8 1957 2009   53
   .    .    .    .    .    .    .    .    .    .    .    .    .    .    .    .    .    .    .<===>    . 0RL05A     9 1961 2007   47
   .    .    .    .    .    .    .    .    .    .    .    .    .    .    .    .    .    .    .<===>    . 0RL06A    10 1968 2009   42
   .    .    .    .    .    .    .    .    .    .    .    .    .    .    .    .    .    .    .<===>    . 0RL06B    11 1968 2009   42
   .    .    .    .    .    .    .    .    .    .    .    .    .    .    .    .    .    .    .<===>    . 0RL07A    12 1967 2009   43
   .    .    .    .    .    .    .    .    .    .    .    .    .    .    .    .    .    .    .<===>    . 0RL07B    13 1968 2009   42
   .    .    .    .    .    .    .    .    .    .    .    .    .    .    .    .    .    .    .<===>    . 0RL08A    14 1968 2009   42
   .    .    .    .    .    .    .    .    .    .    .    .    .    .    .    .    .    .    . <==>    . 0RL08B    15 1971 2007   37
   .    .    .    .    .    .    .    .    .    .    .    .    .    .    .    .    .    .    .<===>    . 0RL09B    16 1961 2009   49
   .    .    .    .    .    .    .    .    .    .    .    .    .    .    .    .    .    .    .<===>    . 0RL10A    17 1969 2009   41
   .    .    .    .    .    .    .    .    .    .    .    .    .    .    .    .    .    .    .<===>    . 0RL10B    18 1966 2009   44
   .    .    .    .    .    .    .    .    .    .    .    .    .    .    .    .    .    .    .<===>    . 0RL10C    19 1966 2009   44
   .    .    .    .    .    .    .    .    .    .    .    .    .    .    .    .    .    .    .<===>    . 0RL11A    20 1965 2009   45
   .    .    .    .    .    .    .    .    .    .    .    .    .    .    .    .    .    .    .<===>    . 0RL11B    21 1965 2009   45
   .    .    .    .    .    .    .    .    .    .    .    .    .    .    .    .    .    .    .<===>    . 0RL11C    22 1967 2008   42
   .    .    .    .    .    .    .    .    .    .    .    .    .    .    .    .    .    .    . <==>    . 0RL12A    23 1975 2009   35
   .    .    .    .    .    .    .    .    .    .    .    .    .    .    .    .    .    .    .<===>    . 0RL12B    24 1968 2009   42
   .    .    .    .    .    .    .    .    .    .    .    .    .    .    .    .    .    .    . <==>    . 0RL13A    25 1974 2009   36
   .    .    .    .    .    .    .    .    .    .    .    .    .    .    .    .    .    .    .<===>    . 0RL13B    26 1966 2008   43
   .    .    .    .    .    .    .    .    .    .    .    .    .    .    .    .    .    .    . <==>    . 0RL14A    27 1976 2008   33
   .    .    .    .    .    .    .    .    .    .    .    .    .    .    .    .    .    .    . <==>    . 0RL14B    28 1970 2009   40
   :    :    :    :    :    :    :    :    :    :    :    :    :    :    :    :    :    :    :    :    :
 1050 1100 1150 1200 1250 1300 1350 1400 1450 1500 1550 1600 1650 1700 1750 1800 1850 1900 1950 2000 2050
   :    :    :    :    :    :    :    :    :    :    :    :    :    :    :    :    :    :    :    :    :
 1050 1100 1150 1200 1250 1300 1350 1400 1450 1500 1550 1600 1650 1700 1750 1800 1850 1900 1950 2000 2050
PART 3:  Master Dating Series: r                                                                   10:22  Thu 19 Jan 2012  Page   3
------------------------------------------------------------------------------------------------------------------------------------
  Year  Value  No Ab    Year  Value  No Ab    Year  Value  No Ab    Year  Value  No Ab    Year  Value  No Ab    Year  Value  No Ab
  ------------------    ------------------    ------------------    ------------------    ------------------    ------------------
                        2000 -1.612  28
                        2001   .779  28
                        2002   .814  28
                        2003   .966  28
  1954   .482   5       2004  1.649  28
  1955   .181   6       2005   .014  28
  1956  1.123   6       2006   .333  28
  1957   .422   8       2007  -.957  28
  1958  -.326   8       2008   .199  25
  1959   .351   8       2009   .792  19

  1960   .786   8
  1961   .616  10
  1962 -1.033  10
  1963  -.308  10
  1964  -.976  10
  1965   .453  12
  1966   .549  15
  1967  -.361  17
  1968 -1.906  22
  1969   .142  23

  1970 -1.663  24
  1971  -.565  25
  1972  -.368  25
  1973  -.212  25
  1974   .260  26
  1975   .668  27
  1976   .268  28
  1977  1.248  28
  1978  1.077  28
  1979   .105  28

  1980  -.611  28
  1981 -1.222  28
  1982   .489  28
  1983 -1.476  28
  1984   .528  28
  1985  1.079  28
  1986   .793  28
  1987  1.231  28
  1988  -.443  28
  1989  1.328  28

  1990  1.176  28
  1991   .542  28
  1992  -.376  28
  1993  -.630  28
  1994 -1.708  28
  1995  -.451  28
  1996 -3.914  28
  1997  -.014  28
  1998   .251  28
  1999  -.559  28
------------------------------------------------------------------------------------------------------------------------------------
PART 4:  Master Bar Plot: r                                                                        10:22  Thu 19 Jan 2012  Page   4
------------------------------------------------------------------------------------------------------------------------------------
   Year Rel value  Year Rel value  Year Rel value  Year Rel value  Year Rel value  Year Rel value  Year Rel value  Year Rel value
                   2000f
                   2001--------C
                   2002--------C
                   2003---------D
   1954-------B    2004----------G
   1955-----A      2005----@
   1956---------D  2006-----A
   1957------B     2007-d
   1958---a        2008-----A
   1959------A     2009--------C
   1960--------C
   1961-------B
   1962-d
   1963---a
   1964-d
   1965------B
   1966-------B
   1967---a
   1968h
   1969-----A
   1970g
   1971--b
   1972---a
   1973---a
   1974-----A
   1975--------C
   1976-----A
   1977----------E
   1978---------D
   1979----@
   1980--b
   1981-e
   1982-------B
   1983f
   1984-------B
   1985---------D
   1986--------C
   1987----------E
   1988---b
   1989----------E
   1990----------E
   1991-------B
   1992---b
   1993--c
   1994g
   1995---b
   1996p
   1997----@
   1998-----A
   1999--b
PART 5:  CORRELATION OF SERIES BY SEGMENTS: r                                                      10:22  Thu 19 Jan 2012  Page   5
------------------------------------------------------------------------------------------------------------------------------------
 Correlations of  50-year dated segments, lagged  25 years
 Flags:  A = correlation under   .3281 but highest as dated;  B = correlation higher at other than dated position

 Seq Series  Time_span   1950 1975
                         1999 2024
 --- -------- ---------  ---- ---- ---- ---- ---- ---- ---- ---- ---- ---- ---- ---- ---- ---- ---- ---- ---- ---- ---- ----
   1 0RL01A   1954 2009   .74  .77
   2 0RL01B   1954 2009   .73  .75
   3 0RL02A   1954 2008   .32A .38
   4 0RL02B   1954 2008   .38  .42
   5 0RL03A   1954 2007   .44  .43
   6 0RL03B   1955 2008   .48  .51
   7 0RL04A   1957 2009   .81  .84
   8 0RL04B   1957 2009   .72  .71
   9 0RL05A   1961 2007   .59
  10 0RL06A   1968 2009   .40
  11 0RL06B   1968 2009   .28A
  12 0RL07A   1967 2009   .53
  13 0RL07B   1968 2009   .63
  14 0RL08A   1968 2009   .55
  15 0RL08B   1971 2007   .70
  16 0RL09B   1961 2009   .77
  17 0RL10A   1969 2009   .67
  18 0RL10B   1966 2009   .76
  19 0RL10C   1966 2009  -.01B
  20 0RL11A   1965 2009   .86
  21 0RL11B   1965 2009   .81
  22 0RL11C   1967 2008   .83
  23 0RL12A   1975 2009        .80
  24 0RL12B   1968 2009   .77
  25 0RL13A   1974 2009   .79
  26 0RL13B   1966 2008   .30A
  27 0RL14A   1976 2008        .89
  28 0RL14B   1970 2009   .64
 Av segment correlation   .60  .65
PART 6:  POTENTIAL PROBLEMS: r                                                                     10:22  Thu 19 Jan 2012  Page   5
------------------------------------------------------------------------------------------------------------------------------------

 For each series with potential problems the following diagnostics may appear:

 [A] Correlations with master dating series of flagged  50-year segments of series filtered with  32-year spline,
     at every point from ten years earlier (-10) to ten years later (+10) than dated

 [B] Effect of those data values which most lower or raise correlation with master series
     Symbol following year indicates value in series is greater (>) or lesser (<) than master series value

 [C] Year-to-year changes very different from the mean change in other series

 [D] Absent rings (zero values)

 [E] Values which are statistical outliers from mean for the year
====================================================================================================================================

 0RL01A    1954 to  2009      56 years                                                                                    Series   1

 [B] Entire series, effect on correlation (  .748) is:
       Lower   1958< -.026   1968> -.022   1983> -.020   1980> -.020   1973< -.012   1994> -.011  Higher   1996  .124   1970  .015

====================================================================================================================================

 0RL01B    1954 to  2009      56 years                                                                                    Series   2

 [B] Entire series, effect on correlation (  .726) is:
       Lower   1968> -.024   1965< -.024   1970> -.018   1992> -.013   1995> -.008   1959> -.007  Higher   1996  .125   2000  .011

====================================================================================================================================

 0RL02A    1954 to  2008      55 years                                                                                    Series   3

 [A] Segment   High   -10   -9   -8   -7   -6   -5   -4   -3   -2   -1   +0   +1   +2   +3   +4   +5   +6   +7   +8   +9  +10
    ---------  ----   ---  ---  ---  ---  ---  ---  ---  ---  ---  ---  ---  ---  ---  ---  ---  ---  ---  ---  ---  ---  ---
    1954 2003    0      -    -    -    -    -    -    -    -    -    -  .32* .05  .13  .07  .06  .21  .13    -    -    -    -

 [B] Entire series, effect on correlation (  .324) is:
       Lower   1990< -.076   1996> -.058   2001< -.025   1959< -.020   1954< -.019   1988> -.017  Higher   1968  .086   1970  .036
     1954 to 2003 segment:
       Lower   1990< -.079   1996> -.063   2001< -.026   1959< -.021   1954< -.020   1988> -.017  Higher   1968  .089   1970  .036

====================================================================================================================================

 0RL02B    1954 to  2008      55 years                                                                                    Series   4

 [B] Entire series, effect on correlation (  .384) is:
       Lower   1996> -.046   1981> -.028   2001< -.021   1990< -.020   1955< -.017   1991< -.014  Higher   1968  .079   1970  .020

====================================================================================================================================

 0RL03A    1954 to  2007      54 years                                                                                    Series   5

 [B] Entire series, effect on correlation (  .384) is:
       Lower   1996> -.032   2006< -.030   1958> -.023   1999> -.020   1956< -.019   1962> -.019  Higher   1968  .078   1970  .033

====================================================================================================================================

 0RL03B    1955 to  2008      54 years                                                                                    Series   6

 [B] Entire series, effect on correlation (  .486) is:
       Lower   1996> -.082   1958< -.023   2000> -.017   1998< -.013   1992< -.011   2004< -.008  Higher   1970  .037   1994  .020

====================================================================================================================================

 0RL04A    1957 to  2009      53 years                                                                                    Series   7

 [B] Entire series, effect on correlation (  .809) is:
       Lower   2000> -.035   1959> -.020   1983> -.013   1961< -.010   1972> -.008   1957< -.008  Higher   1996  .082   1968  .018

====================================================================================================================================

 0RL04B    1957 to  2009      53 years                                                                                    Series   8

 [B] Entire series, effect on correlation (  .704) is:
       Lower   1964> -.057   1981< -.030   2000> -.018   1982< -.018   2007> -.014   1992< -.007  Higher   1996  .075   1968  .025

====================================================================================================================================

 0RL05A    1961 to  2007      47 years                                                                                    Series   9

 [B] Entire series, effect on correlation (  .589) is:
       Lower   2007> -.042   1991< -.039   1964> -.024   1992< -.022   1965< -.021   1994> -.021  Higher   1996  .199   1970  .019

====================================================================================================================================

 0RL06A    1968 to  2009      42 years                                                                                    Series  10

 [B] Entire series, effect on correlation (  .402) is:
       Lower   1973< -.067   1970> -.066   1981> -.049   1977< -.031   2000> -.021   2006< -.018  Higher   1996  .356   1983  .016

====================================================================================================================================

 0RL06B    1968 to  2009      42 years                                                                                    Series  11

 [A] Segment   High   -10   -9   -8   -7   -6   -5   -4   -3   -2   -1   +0   +1   +2   +3   +4   +5   +6   +7   +8   +9  +10
    ---------  ----   ---  ---  ---  ---  ---  ---  ---  ---  ---  ---  ---  ---  ---  ---  ---  ---  ---  ---  ---  ---  ---
    1968 2009    0    .00 -.20  .09 -.14 -.04 -.16 -.21  .05 -.10  .06  .28*   -    -    -    -    -    -    -    -    -    -

 [B] Entire series, effect on correlation (  .278) is:
       Lower   1968> -.046   1991< -.028   2000> -.026   1996> -.019   1988> -.019   1979> -.009  Higher   1994  .048   1981  .028
     1968 to 2009 segment:
       Lower   1968> -.046   1991< -.028   2000> -.026   1996> -.019   1988> -.019   1979> -.009  Higher   1994  .048   1981  .028

====================================================================================================================================

 0RL07A    1967 to  2009      43 years                                                                                    Series  12

 [B] Entire series, effect on correlation (  .528) is:
       Lower   1974< -.106   2009< -.025   1983> -.024   1973< -.017   1967> -.016   1981> -.013  Higher   1996  .234   1985  .010

====================================================================================================================================

 0RL07B    1968 to  2009      42 years                                                                                    Series  13

 [B] Entire series, effect on correlation (  .632) is:
       Lower   1983> -.049   2009< -.049   1987< -.027   1970> -.026   1986< -.017   1985< -.016  Higher   1996  .210   1968  .026

====================================================================================================================================

 0RL08A    1968 to  2009      42 years                                                                                    Series  14

 [B] Entire series, effect on correlation (  .545) is:
       Lower   1979< -.060   1984< -.044   1994> -.022   1993< -.014   1980> -.014   2006< -.009  Higher   1968  .045   1983  .023

====================================================================================================================================

 0RL08B    1971 to  2007      37 years                                                                                    Series  15

 [B] Entire series, effect on correlation (  .700) is:
       Lower   1988< -.032   1971< -.031   1989< -.022   2001< -.021   1981> -.021   1992> -.010  Higher   1996  .188   2000  .017

====================================================================================================================================

 0RL09B    1961 to  2009      49 years                                                                                    Series  16

 [B] Entire series, effect on correlation (  .769) is:
       Lower   2007< -.042   1961< -.033   1962> -.020   1990< -.017   1963> -.010   1970> -.010  Higher   1996  .113   1968  .016

====================================================================================================================================

 0RL10A    1969 to  2009      41 years                                                                                    Series  17

 [B] Entire series, effect on correlation (  .675) is:
       Lower   1970< -.071   2007> -.021   2003< -.015   1983> -.010   1996> -.010   1978< -.008  Higher   2000  .015   1994  .011

====================================================================================================================================

 0RL10B    1966 to  2009      44 years                                                                                    Series  18

 [B] Entire series, effect on correlation (  .756) is:
       Lower   2009< -.045   1966< -.029   1971> -.016   1981< -.013   1968> -.012   1979> -.008  Higher   1996  .137   1994  .009

====================================================================================================================================

 0RL10C    1966 to  2009      44 years                                                                                    Series  19

 [A] Segment   High   -10   -9   -8   -7   -6   -5   -4   -3   -2   -1   +0   +1   +2   +3   +4   +5   +6   +7   +8   +9  +10
    ---------  ----   ---  ---  ---  ---  ---  ---  ---  ---  ---  ---  ---  ---  ---  ---  ---  ---  ---  ---  ---  ---  ---
    1966 2009   -1    .06 -.21 -.10 -.12 -.27 -.14 -.12  .00  .07  .25*-.01|   -    -    -    -    -    -    -    -    -    -

 [B] Entire series, effect on correlation ( -.014) is:
       Lower   1968> -.058   2000> -.039   1970> -.033   1982< -.022   1969< -.020   1981> -.015  Higher   1980  .029   1977  .022
     1966 to 2009 segment:
       Lower   1968> -.058   2000> -.039   1970> -.033   1982< -.022   1969< -.020   1981> -.015  Higher   1980  .029   1977  .022

 [C] Year-to-year changes diverging by over 4.0 std deviations:
       1995 1996   4.4 SD

 [E] Outliers     3   3.0 SD above or -4.5 SD below mean for year
       1968 +3.6 SD;    1996 +3.1 SD;    2000 +3.3 SD
====================================================================================================================================

 0RL11A    1965 to  2009      45 years                                                                                    Series  20

 [B] Entire series, effect on correlation (  .864) is:
       Lower   1981> -.025   1977< -.009   1979< -.007   1973> -.006   1969< -.005   1976< -.004  Higher   1996  .093   1983  .004

====================================================================================================================================

 0RL11B    1965 to  2009      45 years                                                                                    Series  21

 [B] Entire series, effect on correlation (  .808) is:
       Lower   1976< -.030   1981> -.021   1978< -.014   1966> -.011   1979< -.010   2007> -.009  Higher   1996  .119   1968  .019

====================================================================================================================================

 0RL11C    1967 to  2008      42 years                                                                                    Series  22

 [B] Entire series, effect on correlation (  .835) is:
       Lower   1967> -.025   1970> -.024   1979< -.012   1981> -.011   1974< -.010   1989< -.007  Higher   1996  .117   1968  .014

====================================================================================================================================

 0RL12A    1975 to  2009      35 years                                                                                    Series  23

 [B] Entire series, effect on correlation (  .803) is:
       Lower   1981> -.031   1983< -.027   1992> -.015   2008< -.014   1982< -.014   1993> -.010  Higher   1996  .112   2000  .008

====================================================================================================================================

 0RL12B    1968 to  2009      42 years                                                                                    Series  24

 [B] Entire series, effect on correlation (  .774) is:
       Lower   1983< -.030   1971> -.016   1969< -.009   1973> -.009   2005< -.006   1968> -.005  Higher   1970  .014   1994  .010

====================================================================================================================================

 0RL13A    1974 to  2009      36 years                                                                                    Series  25

 [B] Entire series, effect on correlation (  .785) is:
       Lower   1981> -.045   1984< -.022   1992> -.017   1974< -.013   1999> -.012   1976< -.010  Higher   1996  .163   2000  .014

====================================================================================================================================

 0RL13B    1966 to  2008      43 years                                                                                    Series  26

 [A] Segment   High   -10   -9   -8   -7   -6   -5   -4   -3   -2   -1   +0   +1   +2   +3   +4   +5   +6   +7   +8   +9  +10
    ---------  ----   ---  ---  ---  ---  ---  ---  ---  ---  ---  ---  ---  ---  ---  ---  ---  ---  ---  ---  ---  ---  ---
    1966 2008    0   -.09  .00 -.14 -.18 -.25 -.04 -.09  .05  .01  .12  .30* .28    -    -    -    -    -    -    -    -    -

 [B] Entire series, effect on correlation (  .298) is:
       Lower   1967< -.082   1968> -.054   1982< -.051   1970> -.043   1983> -.023   1979> -.008  Higher   1996  .081   1981  .025
     1966 to 2008 segment:
       Lower   1967< -.082   1968> -.054   1982< -.051   1970> -.043   1983> -.023   1979> -.008  Higher   1996  .081   1981  .025

 [C] Year-to-year changes diverging by over 4.0 std deviations:
       1967 1968   4.4 SD

 [E] Outliers     1   3.0 SD above or -4.5 SD below mean for year
       1967 -4.6 SD
====================================================================================================================================

 0RL14A    1976 to  2008      33 years                                                                                    Series  27

 [B] Entire series, effect on correlation (  .888) is:
       Lower   2003< -.017   1981> -.011   1980< -.010   1993> -.009   1995> -.006   1997< -.005  Higher   1996  .116   2004  .004

====================================================================================================================================

 0RL14B    1970 to  2009      40 years                                                                                    Series  28

 [B] Entire series, effect on correlation (  .638) is:
       Lower   1996> -.073   2003< -.031   1981> -.030   1995< -.022   1970< -.017   1975< -.014  Higher   2000  .018   1983  .016

====================================================================================================================================
PART 7:  DESCRIPTIVE STATISTICS: r                                                                 10:22  Thu 19 Jan 2012  Page   6
------------------------------------------------------------------------------------------------------------------------------------

                                                Corr   //-------- Unfiltered --------\\  //---- Filtered -----\\
                           No.    No.    No.    with   Mean   Max     Std   Auto   Mean   Max     Std   Auto  AR
 Seq Series   Interval   Years  Segmt  Flags   Master  msmt   msmt    dev   corr   sens  value    dev   corr  ()
 --- -------- ---------  -----  -----  -----   ------ -----  -----  -----  -----  -----  -----  -----  -----  --
   1 0RL01A   1954 2009     56      2      0    .748   1.04   1.94   .407   .735   .247   2.42   .455  -.048   1
   2 0RL01B   1954 2009     56      2      0    .726   1.12   2.05   .424   .672   .260   2.64   .472  -.120   1
   3 0RL02A   1954 2008     55      2      1    .324    .87   1.86   .436   .812   .266   2.84   .527  -.015   1
   4 0RL02B   1954 2008     55      2      0    .384    .72   1.49   .381   .762   .287   2.82   .494  -.066   1
   5 0RL03A   1954 2007     54      2      0    .384   1.04   1.97   .524   .856   .255   2.55   .472  -.053   1
   6 0RL03B   1955 2008     54      2      0    .486   1.10   2.03   .376   .567   .268   2.78   .573  -.054   1
   7 0RL04A   1957 2009     53      2      0    .809    .48    .98   .267   .859   .280   2.60   .496   .037   1
   8 0RL04B   1957 2009     53      2      0    .704    .52   1.11   .315   .845   .326   2.78   .553   .040   1
   9 0RL05A   1961 2007     47      1      0    .589    .75   1.66   .412   .836   .277   2.62   .499  -.060   1
  10 0RL06A   1968 2009     42      1      0    .402    .46    .91   .231   .659   .269   2.47   .478  -.043   1
  11 0RL06B   1968 2009     42      1      1    .278    .50   1.08   .260   .794   .276   2.61   .458   .089   1
  12 0RL07A   1967 2009     43      1      0    .528   1.62   2.36   .476   .784   .167   2.36   .528  -.003   1
  13 0RL07B   1968 2009     42      1      0    .632   1.56   2.41   .524   .844   .171   2.48   .495  -.087   1
  14 0RL08A   1968 2009     42      1      0    .545   1.75   3.17   .637   .832   .168   2.58   .672  -.009   1
  15 0RL08B   1971 2007     37      1      0    .700   1.83   2.95   .658   .847   .181   2.59   .540  -.025   1
  16 0RL09B   1961 2009     49      1      0    .769   1.46   2.68   .602   .825   .232   2.53   .487  -.099   1
  17 0RL10A   1969 2009     41      1      0    .675   1.13   1.94   .526   .808   .262   2.41   .431  -.045   2
  18 0RL10B   1966 2009     44      1      0    .756   1.12   1.86   .492   .741   .273   2.50   .489   .019   1
  19 0RL10C   1966 2009     44      1      1   -.014   1.11   1.88   .505   .763   .258   2.53   .553   .001   1
  20 0RL11A   1965 2009     45      1      0    .864   1.20   2.23   .549   .828   .233   2.37   .398  -.065   1
  21 0RL11B   1965 2009     45      1      0    .808   1.48   2.55   .595   .772   .238   2.57   .458  -.045   2
  22 0RL11C   1967 2008     42      1      0    .835   1.15   1.89   .512   .799   .261   2.44   .427  -.033   2
  23 0RL12A   1975 2009     35      1      0    .803   1.69   2.75   .453   .512   .228   2.65   .562  -.060   2
  24 0RL12B   1968 2009     42      1      0    .774   1.78   3.07   .552   .744   .174   2.56   .561  -.114   1
  25 0RL13A   1974 2009     36      1      0    .785   2.33   3.92   .785   .639   .227   2.55   .503  -.035   1
  26 0RL13B   1966 2008     43      1      1    .298   2.24   3.70   .731   .666   .214   2.41   .447   .014   1
  27 0RL14A   1976 2008     33      1      0    .888   1.47   2.62   .612   .870   .195   2.49   .447  -.040   1
  28 0RL14B   1970 2009     40      1      0    .638   1.65   2.76   .694   .871   .189   2.47   .481   .049   1
 --- -------- ---------  -----  -----  -----   ------ -----  -----  -----  -----  -----  -----  -----  -----  --
 Total or mean:           1270     36      4    .605   1.21   3.92   .488   .770   .242   2.84   .498  -.032
PART 8:  ADJUSTMENTS FOR UNDATED SERIES: r                                                         10:22  Thu 19 Jan 2012  Page   7
------------------------------------------------------------------------------------------------------------------------------------

 Time span  1954  2009    56 years, best matches for  50-year segments lagged  25 years
 Listed in order from highest correlation

           Counted       Corr      Corr      Corr      Corr      Corr      Corr      Corr      Corr      Corr      Corr      Corr
 Series    Segment   Add  # 1  Add  # 2  Add  # 3  Add  # 4  Add  # 5  Add  # 6  Add  # 7  Add  # 8  Add  # 9  Add  #10  Add  #11
 -------- ---------  --------  --------  --------  --------  --------  --------  --------  --------  --------  --------  --------
 0RD01A   1971 2004     0 .35    -8 .22    -3 .15    -2 .11    -5 .11   -16 .10     4 .08     2 .07     3 .03   -13 .01   --- ---
===================  ========  ========  ========  ========  ========  ========  ========  ========  ========  ========  ========
           Counted       Corr      Corr      Corr      Corr      Corr      Corr      Corr      Corr      Corr      Corr      Corr
 Series    Segment   Add  # 1  Add  # 2  Add  # 3  Add  # 4  Add  # 5  Add  # 6  Add  # 7  Add  # 8  Add  # 9  Add  #10  Add  #11
 -------- ---------  --------  --------  --------  --------  --------  --------  --------  --------  --------  --------  --------
 0RD01B   1971 2004   -12 .29   -10 .28    -4 .25    -7 .20   -17 .15    -1 .15    -2 .11    -6 .10   -16 .09    -9 .09     3 .08
===================  ========  ========  ========  ========  ========  ========  ========  ========  ========  ========  ========
           Counted       Corr      Corr      Corr      Corr      Corr      Corr      Corr      Corr      Corr      Corr      Corr
 Series    Segment   Add  # 1  Add  # 2  Add  # 3  Add  # 4  Add  # 5  Add  # 6  Add  # 7  Add  # 8  Add  # 9  Add  #10  Add  #11
 -------- ---------  --------  --------  --------  --------  --------  --------  --------  --------  --------  --------  --------
 0RD02A   1956 1995     1 .35     3 .29     0 .25     4 .14    -1 .12     8 .09     7 .04    -2 .02     5 .01     9 .00   --- ---
===================  ========  ========  ========  ========  ========  ========  ========  ========  ========  ========  ========
           Counted       Corr      Corr      Corr      Corr      Corr      Corr      Corr      Corr      Corr      Corr      Corr
 Series    Segment   Add  # 1  Add  # 2  Add  # 3  Add  # 4  Add  # 5  Add  # 6  Add  # 7  Add  # 8  Add  # 9  Add  #10  Add  #11
 -------- ---------  --------  --------  --------  --------  --------  --------  --------  --------  --------  --------  --------
 0RD02B   1956 1995     0 .52     2 .24    -2 .17    -1 .15     6 .09     3 .06     4 .05   --- ---   --- ---   --- ---   --- ---
===================  ========  ========  ========  ========  ========  ========  ========  ========  ========  ========  ========
           Counted       Corr      Corr      Corr      Corr      Corr      Corr      Corr      Corr      Corr      Corr      Corr
 Series    Segment   Add  # 1  Add  # 2  Add  # 3  Add  # 4  Add  # 5  Add  # 6  Add  # 7  Add  # 8  Add  # 9  Add  #10  Add  #11
 -------- ---------  --------  --------  --------  --------  --------  --------  --------  --------  --------  --------  --------
 0RD03B   1968 2009   -14 .39    -4 .23    -8 .21    -1 .21     0 .17    -2 .15   -11 .10   -10 .02    -3 .00    -5 .00   --- ---
===================  ========  ========  ========  ========  ========  ========  ========  ========  ========  ========  ========
           Counted       Corr      Corr      Corr      Corr      Corr      Corr      Corr      Corr      Corr      Corr      Corr
 Series    Segment   Add  # 1  Add  # 2  Add  # 3  Add  # 4  Add  # 5  Add  # 6  Add  # 7  Add  # 8  Add  # 9  Add  #10  Add  #11
 -------- ---------  --------  --------  --------  --------  --------  --------  --------  --------  --------  --------  --------
 0RD03A   1968 2010    -1 .19   -11 .17    -6 .09    -4 .05   -14 .04    -8 .01   -13 .01   --- ---   --- ---   --- ---   --- ---
===================  ========  ========  ========  ========  ========  ========  ========  ========  ========  ========  ========
           Counted       Corr      Corr      Corr      Corr      Corr      Corr      Corr      Corr      Corr      Corr      Corr
 Series    Segment   Add  # 1  Add  # 2  Add  # 3  Add  # 4  Add  # 5  Add  # 6  Add  # 7  Add  # 8  Add  # 9  Add  #10  Add  #11
 -------- ---------  --------  --------  --------  --------  --------  --------  --------  --------  --------  --------  --------
 0RD04A   1968 1992     0 .50    13 .37     8 .21    11 .20    10 .20     3 .17    -6 .13   -13 .12    -2 .12    -5 .12    -4 .09
===================  ========  ========  ========  ========  ========  ========  ========  ========  ========  ========  ========
           Counted       Corr      Corr      Corr      Corr      Corr      Corr      Corr      Corr      Corr      Corr      Corr
 Series    Segment   Add  # 1  Add  # 2  Add  # 3  Add  # 4  Add  # 5  Add  # 6  Add  # 7  Add  # 8  Add  # 9  Add  #10  Add  #11
 -------- ---------  --------  --------  --------  --------  --------  --------  --------  --------  --------  --------  --------
 0RD04B   1970 1992     0 .35    -9 .34    11 .32     4 .30    -2 .27     1 .26    17 .19    13 .17     3 .16   -15 .15    -8 .13
===================  ========  ========  ========  ========  ========  ========  ========  ========  ========  ========  ========
           Counted       Corr      Corr      Corr      Corr      Corr      Corr      Corr      Corr      Corr      Corr      Corr
 Series    Segment   Add  # 1  Add  # 2  Add  # 3  Add  # 4  Add  # 5  Add  # 6  Add  # 7  Add  # 8  Add  # 9  Add  #10  Add  #11
 -------- ---------  --------  --------  --------  --------  --------  --------  --------  --------  --------  --------  --------
 0RD06B   1954 1988    13 .37     0 .28     5 .18    10 .17    20 .12    19 .10    11 .08    16 .05     6 .04     7 .02    17 .02
===================  ========  ========  ========  ========  ========  ========  ========  ========  ========  ========  ========
           Counted       Corr      Corr      Corr      Corr      Corr      Corr      Corr      Corr      Corr      Corr      Corr
 Series    Segment   Add  # 1  Add  # 2  Add  # 3  Add  # 4  Add  # 5  Add  # 6  Add  # 7  Add  # 8  Add  # 9  Add  #10  Add  #11
 -------- ---------  --------  --------  --------  --------  --------  --------  --------  --------  --------  --------  --------
 0RD05A   1955 1999     0 .30     2 .20     5 .07     8 .05     7 .05   --- ---   --- ---   --- ---   --- ---   --- ---   --- ---
===================  ========  ========  ========  ========  ========  ========  ========  ========  ========  ========  ========
           Counted       Corr      Corr      Corr      Corr      Corr      Corr      Corr      Corr      Corr      Corr      Corr
 Series    Segment   Add  # 1  Add  # 2  Add  # 3  Add  # 4  Add  # 5  Add  # 6  Add  # 7  Add  # 8  Add  # 9  Add  #10  Add  #11
 -------- ---------  --------  --------  --------  --------  --------  --------  --------  --------  --------  --------  --------
 0RD05B   1955 1999     0 .32     2 .26    -1 .06     3 .04     5 .04   --- ---   --- ---   --- ---   --- ---   --- ---   --- ---
===================  ========  ========  ========  ========  ========  ========  ========  ========  ========  ========  ========
           Counted       Corr      Corr      Corr      Corr      Corr      Corr      Corr      Corr      Corr      Corr      Corr
 Series    Segment   Add  # 1  Add  # 2  Add  # 3  Add  # 4  Add  # 5  Add  # 6  Add  # 7  Add  # 8  Add  # 9  Add  #10  Add  #11
 -------- ---------  --------  --------  --------  --------  --------  --------  --------  --------  --------  --------  --------
 0RD06A   1955 1989     0 .52     8 .31    13 .24    11 .19    10 .18     6 .14    19 .08     5 .01     2 .01   --- ---   --- ---
===================  ========  ========  ========  ========  ========  ========  ========  ========  ========  ========  ========
           Counted       Corr      Corr      Corr      Corr      Corr      Corr      Corr      Corr      Corr      Corr      Corr
 Series    Segment   Add  # 1  Add  # 2  Add  # 3  Add  # 4  Add  # 5  Add  # 6  Add  # 7  Add  # 8  Add  # 9  Add  #10  Add  #11
 -------- ---------  --------  --------  --------  --------  --------  --------  --------  --------  --------  --------  --------
 0RD07A   1958 1987    10 .37     0 .34    -2 .16    22 .15     8 .15    18 .13    15 .11    21 .09    14 .08    11 .08    13 .06
===================  ========  ========  ========  ========  ========  ========  ========  ========  ========  ========  ========
           Counted       Corr      Corr      Corr      Corr      Corr      Corr      Corr      Corr      Corr      Corr      Corr
 Series    Segment   Add  # 1  Add  # 2  Add  # 3  Add  # 4  Add  # 5  Add  # 6  Add  # 7  Add  # 8  Add  # 9  Add  #10  Add  #11
 -------- ---------  --------  --------  --------  --------  --------  --------  --------  --------  --------  --------  --------
 0RD08A   1965 1987    11 .43     0 .42    13 .42     3 .40   -10 .36    16 .35    -2 .33    14 .21     1 .15    22 .03   --- ---
===================  ========  ========  ========  ========  ========  ========  ========  ========  ========  ========  ========
           Counted       Corr      Corr      Corr      Corr      Corr      Corr      Corr      Corr      Corr      Corr      Corr
 Series    Segment   Add  # 1  Add  # 2  Add  # 3  Add  # 4  Add  # 5  Add  # 6  Add  # 7  Add  # 8  Add  # 9  Add  #10  Add  #11
 -------- ---------  --------  --------  --------  --------  --------  --------  --------  --------  --------  --------  --------
 0RD07B   1954 1989     0 .38    13 .20     3 .19     1 .14    18 .11     4 .10     2 .08     6 .07    14 .07    11 .07    16 .06
===================  ========  ========  ========  ========  ========  ========  ========  ========  ========  ========  ========
           Counted       Corr      Corr      Corr      Corr      Corr      Corr      Corr      Corr      Corr      Corr      Corr
 Series    Segment   Add  # 1  Add  # 2  Add  # 3  Add  # 4  Add  # 5  Add  # 6  Add  # 7  Add  # 8  Add  # 9  Add  #10  Add  #11
 -------- ---------  --------  --------  --------  --------  --------  --------  --------  --------  --------  --------  --------
 0RD08B   1965 1988   -10 .43     0 .38    14 .33     2 .27    13 .26     3 .26    18 .21    15 .18     5 .16    16 .13    11 .10
===================  ========  ========  ========  ========  ========  ========  ========  ========  ========  ========  ========
           Counted       Corr      Corr      Corr      Corr      Corr      Corr      Corr      Corr      Corr      Corr      Corr
 Series    Segment   Add  # 1  Add  # 2  Add  # 3  Add  # 4  Add  # 5  Add  # 6  Add  # 7  Add  # 8  Add  # 9  Add  #10  Add  #11
 -------- ---------  --------  --------  --------  --------  --------  --------  --------  --------  --------  --------  --------
 0RD09A   1961 1986     3 .30     0 .25    15 .21     2 .21     1 .19     7 .17    -6 .16     9 .15     4 .14    22 .14    18 .12
===================  ========  ========  ========  ========  ========  ========  ========  ========  ========  ========  ========
           Counted       Corr      Corr      Corr      Corr      Corr      Corr      Corr      Corr      Corr      Corr      Corr
 Series    Segment   Add  # 1  Add  # 2  Add  # 3  Add  # 4  Add  # 5  Add  # 6  Add  # 7  Add  # 8  Add  # 9  Add  #10  Add  #11
 -------- ---------  --------  --------  --------  --------  --------  --------  --------  --------  --------  --------  --------
 0RD09B   1960 1985     0 .57     2 .55    15 .36    13 .26     4 .21    -6 .18    17 .18    16 .12     5 .11    20 .06    18 .06
===================  ========  ========  ========  ========  ========  ========  ========  ========  ========  ========  ========
           Counted       Corr      Corr      Corr      Corr      Corr      Corr      Corr      Corr      Corr      Corr      Corr
 Series    Segment   Add  # 1  Add  # 2  Add  # 3  Add  # 4  Add  # 5  Add  # 6  Add  # 7  Add  # 8  Add  # 9  Add  #10  Add  #11
 -------- ---------  --------  --------  --------  --------  --------  --------  --------  --------  --------  --------  --------
 0RD10A   1955 1991     0 .47     2 .20    11 .18     8 .15     3 .14    13 .11     5 .11    10 .06    15 .04    17 .04     4 .02
===================  ========  ========  ========  ========  ========  ========  ========  ========  ========  ========  ========
           Counted       Corr      Corr      Corr      Corr      Corr      Corr      Corr      Corr      Corr      Corr      Corr
 Series    Segment   Add  # 1  Add  # 2  Add  # 3  Add  # 4  Add  # 5  Add  # 6  Add  # 7  Add  # 8  Add  # 9  Add  #10  Add  #11
 -------- ---------  --------  --------  --------  --------  --------  --------  --------  --------  --------  --------  --------
 0RD12A   1958 1999     0 .64    -2 .18     2 .17     4 .10    -1 .10   --- ---   --- ---   --- ---   --- ---   --- ---   --- ---
===================  ========  ========  ========  ========  ========  ========  ========  ========  ========  ========  ========
           Counted       Corr      Corr      Corr      Corr      Corr      Corr      Corr      Corr      Corr      Corr      Corr
 Series    Segment   Add  # 1  Add  # 2  Add  # 3  Add  # 4  Add  # 5  Add  # 6  Add  # 7  Add  # 8  Add  # 9  Add  #10  Add  #11
 -------- ---------  --------  --------  --------  --------  --------  --------  --------  --------  --------  --------  --------
 0RD10B   1954 1990     0 .36    10 .36    13 .25    15 .20     6 .20    11 .10     2 .01   --- ---   --- ---   --- ---   --- ---
===================  ========  ========  ========  ========  ========  ========  ========  ========  ========  ========  ========
           Counted       Corr      Corr      Corr      Corr      Corr      Corr      Corr      Corr      Corr      Corr      Corr
 Series    Segment   Add  # 1  Add  # 2  Add  # 3  Add  # 4  Add  # 5  Add  # 6  Add  # 7  Add  # 8  Add  # 9  Add  #10  Add  #11
 -------- ---------  --------  --------  --------  --------  --------  --------  --------  --------  --------  --------  --------
 0RD12B   1958 1999     0 .37    -2 .19     2 .15     7 .13     6 .04    10 .00   --- ---   --- ---   --- ---   --- ---   --- ---
===================  ========  ========  ========  ========  ========  ========  ========  ========  ========  ========  ========
           Counted       Corr      Corr      Corr      Corr      Corr      Corr      Corr      Corr      Corr      Corr      Corr
 Series    Segment   Add  # 1  Add  # 2  Add  # 3  Add  # 4  Add  # 5  Add  # 6  Add  # 7  Add  # 8  Add  # 9  Add  #10  Add  #11
 -------- ---------  --------  --------  --------  --------  --------  --------  --------  --------  --------  --------  --------
 0RD13B   1965 1994     0 .33     5 .32     2 .20    -1 .19    12 .18    13 .18    15 .10    11 .09    14 .08    -6 .07    -8 .05
===================  ========  ========  ========  ========  ========  ========  ========  ========  ========  ========  ========
           Counted       Corr      Corr      Corr      Corr      Corr      Corr      Corr      Corr      Corr      Corr      Corr
 Series    Segment   Add  # 1  Add  # 2  Add  # 3  Add  # 4  Add  # 5  Add  # 6  Add  # 7  Add  # 8  Add  # 9  Add  #10  Add  #11
 -------- ---------  --------  --------  --------  --------  --------  --------  --------  --------  --------  --------  --------
 0RD13A   1958 1991     0 .57    13 .38    15 .37    -2 .25    12 .22    -1 .18    16 .16    14 .15    11 .05     2 .03    18 .02
===================  ========  ========  ========  ========  ========  ========  ========  ========  ========  ========  ========
           Counted       Corr      Corr      Corr      Corr      Corr      Corr      Corr      Corr      Corr      Corr      Corr
 Series    Segment   Add  # 1  Add  # 2  Add  # 3  Add  # 4  Add  # 5  Add  # 6  Add  # 7  Add  # 8  Add  # 9  Add  #10  Add  #11
 -------- ---------  --------  --------  --------  --------  --------  --------  --------  --------  --------  --------  --------
 0RD14A   1974 2001     0 .52    -8 .37    -2 .32   -15 .26   -10 .25     3 .23     4 .14    -3 .12   -13 .11     5 .09    -4 .02
===================  ========  ========  ========  ========  ========  ========  ========  ========  ========  ========  ========
           Counted       Corr      Corr      Corr      Corr      Corr      Corr      Corr      Corr      Corr      Corr      Corr
 Series    Segment   Add  # 1  Add  # 2  Add  # 3  Add  # 4  Add  # 5  Add  # 6  Add  # 7  Add  # 8  Add  # 9  Add  #10  Add  #11
 -------- ---------  --------  --------  --------  --------  --------  --------  --------  --------  --------  --------  --------
 0RD14B   1967 1998     0 .48     4 .34     3 .18    -9 .17     2 .17    -6 .17    -4 .05   -13 .04     7 .03    -8 .01   --- ---
===================  ========  ========  ========  ========  ========  ========  ========  ========  ========  ========  ========
           Counted       Corr      Corr      Corr      Corr      Corr      Corr      Corr      Corr      Corr      Corr      Corr
 Series    Segment   Add  # 1  Add  # 2  Add  # 3  Add  # 4  Add  # 5  Add  # 6  Add  # 7  Add  # 8  Add  # 9  Add  #10  Add  #11
 -------- ---------  --------  --------  --------  --------  --------  --------  --------  --------  --------  --------  --------
 0RD15A   1973 2003     0 .44   -15 .33   -16 .29    -1 .26   -13 .23    -5 .18    -3 .12    -2 .11   -17 .11   -18 .06     3 .03
===================  ========  ========  ========  ========  ========  ========  ========  ========  ========  ========  ========
           Counted       Corr      Corr      Corr      Corr      Corr      Corr      Corr      Corr      Corr      Corr      Corr
 Series    Segment   Add  # 1  Add  # 2  Add  # 3  Add  # 4  Add  # 5  Add  # 6  Add  # 7  Add  # 8  Add  # 9  Add  #10  Add  #11
 -------- ---------  --------  --------  --------  --------  --------  --------  --------  --------  --------  --------  --------
 0RD15B   1973 2003   -15 .50     0 .47    -2 .28   -17 .27   -13 .22    -4 .17   -16 .17    -3 .14    -1 .08   -14 .08     4 .05
===================  ========  ========  ========  ========  ========  ========  ========  ========  ========  ========  ========
           Counted       Corr      Corr      Corr      Corr      Corr      Corr      Corr      Corr      Corr      Corr      Corr
 Series    Segment   Add  # 1  Add  # 2  Add  # 3  Add  # 4  Add  # 5  Add  # 6  Add  # 7  Add  # 8  Add  # 9  Add  #10  Add  #11
 -------- ---------  --------  --------  --------  --------  --------  --------  --------  --------  --------  --------  --------
 0RD16A   1959 2004     0 .53    -4 .28     2 .23     5 .21     3 .02    -2 .02   --- ---   --- ---   --- ---   --- ---   --- ---
===================  ========  ========  ========  ========  ========  ========  ========  ========  ========  ========  ========
           Counted       Corr      Corr      Corr      Corr      Corr      Corr      Corr      Corr      Corr      Corr      Corr
 Series    Segment   Add  # 1  Add  # 2  Add  # 3  Add  # 4  Add  # 5  Add  # 6  Add  # 7  Add  # 8  Add  # 9  Add  #10  Add  #11
 -------- ---------  --------  --------  --------  --------  --------  --------  --------  --------  --------  --------  --------
 0RD16B   1958 2003     0 .48     5 .18    -2 .16    -4 .06     2 .05    -3 .04    -1 .00   --- ---   --- ---   --- ---   --- ---
===================  ========  ========  ========  ========  ========  ========  ========  ========  ========  ========  ========
       30 undated series

                                              - = [  COFECHA R    COF  ] = -
