[]  Dendrochronology Program Library                                        Run N      Program COF  15:13  Mon 07 Nov 2011  Page   1
[]
[]  P R O G R A M      C O F E C H A                                                                          Version 6.06P    28071
------------------------------------------------------------------------------------------------------------------------------------

 QUALITY CONTROL AND DATING CHECK OF TREE-RING MEASUREMENTS

 Title of run:           n                                       

 File of DATED series:   NL.raw

 File of UNDATED series: ND.raw

 CONTENTS:

    Part 1:  Title page, options selected, summary, absent rings by series
    Part 2:  Histogram of time spans
    Part 3:  Master series with sample depth and absent rings by year
    Part 4:  Bar plot of Master Dating Series
    Part 5:  Correlation by segment of each series with Master
    Part 6:  Potential problems: low correlation, divergent year-to-year changes, absent rings, outliers
    Part 7:  Descriptive statistics
    Part 8:  Undated series - adjustments for highest correlations

 RUN CONTROL OPTIONS SELECTED                             VALUE

         1  Cubic smoothing spline 50% wavelength cutoff for filtering
                                                            32 years
         2  Segments examined are                           50 years lagged successively by  25 years
         3  Autoregressive model applied                     A  Residuals are used in master dating series and testing
         4  Series transformed to logarithms                 Y  Each series log-transformed for master dating series and testing
         5  CORRELATION is Pearson (parametric, quantitative)
            Critical correlation, 99% confidence level   .3281
         6  Master dating series saved                       N
         7  Ring measurements listed                         N
         8  Parts printed                             12345678 
         9  Absent rings are omitted from master series and segment correlations  (Y)

 Time span of Master dating series is  1978 to  2010    33 years
 Continuous time span is               1978 to  2010    33 years
 Portion with two or more series is    1980 to  2010    31 years


                                        ****************************************
                                        *C* Number of dated series        17 *C*
                                        *O* Master series 1978 2010   33 yrs *O*
                                        *F* Total rings in all series    449 *F*
                                        *E* Total dated rings checked    447 *E*
                                        *C* Series intercorrelation     .558 *C*
                                        *H* Average mean sensitivity    .171 *H*
                                        *A* Segments, possible problems    4 *A*
                                        *** Mean length of series       26.4 ***
                                        ****************************************

 ABSENT RINGS listed by SERIES:            (See Master Dating Series for absent rings listed by year)

               No ring measurements of zero value
PART 2:  TIME PLOT OF TREE-RING SERIES: n                                                          15:13  Mon 07 Nov 2011  Page   2
------------------------------------------------------------------------------------------------------------------------------------
 1050 1100 1150 1200 1250 1300 1350 1400 1450 1500 1550 1600 1650 1700 1750 1800 1850 1900 1950 2000 2050 Ident   Seq Time-span  Yrs
   :    :    :    :    :    :    :    :    :    :    :    :    :    :    :    :    :    :    :    :    : -------- --- ---- ---- ----
   .    .    .    .    .    .    .    .    .    .    .    .    .    .    .    .    .    .    .  <==>   . 0NL01A     1 1981 2010   30
   .    .    .    .    .    .    .    .    .    .    .    .    .    .    .    .    .    .    .  <==>   . 0NL01B     2 1980 2010   31
   .    .    .    .    .    .    .    .    .    .    .    .    .    .    .    .    .    .    .  <==>   . 0NL02A     3 1988 2010   23
   .    .    .    .    .    .    .    .    .    .    .    .    .    .    .    .    .    .    .   <=>   . 0NL02B     4 1991 2010   20
   .    .    .    .    .    .    .    .    .    .    .    .    .    .    .    .    .    .    .  <==>   . 0NL03A     5 1983 2010   28
   .    .    .    .    .    .    .    .    .    .    .    .    .    .    .    .    .    .    .  <==>   . 0NL03B     6 1987 2010   24
   .    .    .    .    .    .    .    .    .    .    .    .    .    .    .    .    .    .    .  <==>   . 0NL04A     7 1987 2010   24
   .    .    .    .    .    .    .    .    .    .    .    .    .    .    .    .    .    .    .  <==>   . 0NL04B     8 1987 2010   24
   .    .    .    .    .    .    .    .    .    .    .    .    .    .    .    .    .    .    .  <==>   . 0NL05A     9 1985 2010   26
   .    .    .    .    .    .    .    .    .    .    .    .    .    .    .    .    .    .    .  <==>   . 0NL05B    10 1984 2010   27
   .    .    .    .    .    .    .    .    .    .    .    .    .    .    .    .    .    .    .  <==>   . 0NL06A    11 1985 2010   26
   .    .    .    .    .    .    .    .    .    .    .    .    .    .    .    .    .    .    .  <==>   . 0NL06B    12 1983 2010   28
   .    .    .    .    .    .    .    .    .    .    .    .    .    .    .    .    .    .    .  <==>   . 0NL07A    13 1983 2010   28
   .    .    .    .    .    .    .    .    .    .    .    .    .    .    .    .    .    .    .  <==>   . 0NL07B    14 1984 2010   27
   .    .    .    .    .    .    .    .    .    .    .    .    .    .    .    .    .    .    .  <=>    . 0NL08A    15 1987 2009   23
   .    .    .    .    .    .    .    .    .    .    .    .    .    .    .    .    .    .    .  <==>   . 0NL08B    16 1984 2010   27
   .    .    .    .    .    .    .    .    .    .    .    .    .    .    .    .    .    .    . <===>   . 0NL09A    17 1978 2010   33
   :    :    :    :    :    :    :    :    :    :    :    :    :    :    :    :    :    :    :    :    :
 1050 1100 1150 1200 1250 1300 1350 1400 1450 1500 1550 1600 1650 1700 1750 1800 1850 1900 1950 2000 2050
   :    :    :    :    :    :    :    :    :    :    :    :    :    :    :    :    :    :    :    :    :
 1050 1100 1150 1200 1250 1300 1350 1400 1450 1500 1550 1600 1650 1700 1750 1800 1850 1900 1950 2000 2050
PART 3:  Master Dating Series: n                                                                   15:13  Mon 07 Nov 2011  Page   3
------------------------------------------------------------------------------------------------------------------------------------
  Year  Value  No Ab    Year  Value  No Ab    Year  Value  No Ab    Year  Value  No Ab    Year  Value  No Ab    Year  Value  No Ab
  ------------------    ------------------    ------------------    ------------------    ------------------    ------------------
                        2000  -.276  17
                        2001   .597  17
                        2002  -.592  17
                        2003 -1.236  17
                        2004  -.197  17
                        2005 -1.502  17
                        2006  -.167  17
                        2007   .525  17
                        2008  -.015  17
                        2009  1.018  17

                        2010  1.997  16


















  1978   .350   1
  1979 -1.025   1

  1980 -1.944   2
  1981  -.485   3
  1982 -1.490   3
  1983  -.943   6
  1984  -.398   9
  1985  -.733  11
  1986  -.070  11
  1987  1.105  15
  1988   .916  16
  1989   .046  16

  1990  1.589  16
  1991  -.704  17
  1992  1.565  17
  1993  1.218  17
  1994  1.237  17
  1995   .513  17
  1996   .381  17
  1997 -1.615  17
  1998  -.304  17
  1999   .639  17
------------------------------------------------------------------------------------------------------------------------------------
PART 4:  Master Bar Plot: n                                                                        15:13  Mon 07 Nov 2011  Page   4
------------------------------------------------------------------------------------------------------------------------------------
   Year Rel value  Year Rel value  Year Rel value  Year Rel value  Year Rel value  Year Rel value  Year Rel value  Year Rel value
                   2000----a
                   2001-------B
                   2002---b
                   2003-e
                   2004----a
                   2005f
                   2006-----a
                   2007-------B
                   2008-----@
                   2009--------D
                   2010----------H

















   1978------A
   1979-d
   1980h
   1981---b
   1982f
   1983--d
   1984---b
   1985--c
   1986-----@
   1987---------D
   1988--------D
   1989-----@
   1990----------F
   1991--c
   1992----------F
   1993---------E
   1994---------E
   1995-------B
   1996------B
   1997f
   1998----a
   1999-------C
PART 5:  CORRELATION OF SERIES BY SEGMENTS: n                                                      15:13  Mon 07 Nov 2011  Page   5
------------------------------------------------------------------------------------------------------------------------------------
 Correlations of  50-year dated segments, lagged  25 years
 Flags:  A = correlation under   .3281 but highest as dated;  B = correlation higher at other than dated position

 Seq Series  Time_span   1975
                         2024
 --- -------- ---------  ---- ---- ---- ---- ---- ---- ---- ---- ---- ---- ---- ---- ---- ---- ---- ---- ---- ---- ---- ----
   1 0NL01A   1981 2010   .51
   2 0NL01B   1980 2010   .32A
   3 0NL02A   1988 2010   .19A
   4 0NL02B   1991 2010   .47
   5 0NL03A   1983 2010   .79
   6 0NL03B   1987 2010   .72
   7 0NL04A   1987 2010   .72
   8 0NL04B   1987 2010   .70
   9 0NL05A   1985 2010   .67
  10 0NL05B   1984 2010   .84
  11 0NL06A   1985 2010   .61
  12 0NL06B   1983 2010   .77
  13 0NL07A   1983 2010   .54
  14 0NL07B   1984 2010   .47
  15 0NL08A   1987 2009   .65
  16 0NL08B   1984 2010   .32B
  17 0NL09A   1978 2010   .29B
 Av segment correlation   .56
PART 6:  POTENTIAL PROBLEMS: n                                                                     15:13  Mon 07 Nov 2011  Page   5
------------------------------------------------------------------------------------------------------------------------------------

 For each series with potential problems the following diagnostics may appear:

 [A] Correlations with master dating series of flagged  50-year segments of series filtered with  32-year spline,
     at every point from ten years earlier (-10) to ten years later (+10) than dated

 [B] Effect of those data values which most lower or raise correlation with master series
     Symbol following year indicates value in series is greater (>) or lesser (<) than master series value

 [C] Year-to-year changes very different from the mean change in other series

 [D] Absent rings (zero values)

 [E] Values which are statistical outliers from mean for the year
====================================================================================================================================

 0NL01A    1981 to  2010      30 years                                                                                    Series   1

 [B] Entire series, effect on correlation (  .505) is:
       Lower   2000> -.043   1983> -.034   1981< -.033   1984> -.027   1997> -.017   2007< -.014  Higher   1991  .026   2009  .018

====================================================================================================================================

 0NL01B    1980 to  2010      31 years                                                                                    Series   2

 [A] Segment   High   -10   -9   -8   -7   -6   -5   -4   -3   -2   -1   +0   +1   +2   +3   +4   +5   +6   +7   +8   +9  +10
    ---------  ----   ---  ---  ---  ---  ---  ---  ---  ---  ---  ---  ---  ---  ---  ---  ---  ---  ---  ---  ---  ---  ---
    1980 2010    0      -    -    -    -    -    -    -    -  .24 -.12  .32*   -    -    -    -    -    -    -    -    -    -

 [B] Entire series, effect on correlation (  .317) is:
       Lower   1980> -.056   1993< -.047   2000< -.031   1984> -.028   2010< -.026   2008> -.008  Higher   1992  .030   1990  .029
     1980 to 2010 segment:
       Lower   1980> -.056   1993< -.047   2000< -.031   1984> -.028   2010< -.026   2008> -.008  Higher   1992  .030   1990  .029

 [E] Outliers     1   3.0 SD above or -4.5 SD below mean for year
       1980 +3.4 SD
====================================================================================================================================

 0NL02A    1988 to  2010      23 years                                                                                    Series   3

 [A] Segment   High   -10   -9   -8   -7   -6   -5   -4   -3   -2   -1   +0   +1   +2   +3   +4   +5   +6   +7   +8   +9  +10
    ---------  ----   ---  ---  ---  ---  ---  ---  ---  ---  ---  ---  ---  ---  ---  ---  ---  ---  ---  ---  ---  ---  ---
    1988 2010    0   -.22  .03 -.01 -.24  .05 -.01 -.06  .08 -.01 -.26  .19*   -    -    -    -    -    -    -    -    -    -

 [B] Entire series, effect on correlation (  .186) is:
       Lower   1997> -.301   1995< -.086   1993< -.044   1989> -.014   1994< -.009   2000> -.007  Higher   2005  .091   1990  .083
     1988 to 2010 segment:
       Lower   1997> -.301   1995< -.086   1993< -.044   1989> -.014   1994< -.009   2000> -.007  Higher   2005  .091   1990  .083

 [E] Outliers     1   3.0 SD above or -4.5 SD below mean for year
       1997 +4.3 SD
====================================================================================================================================

 0NL02B    1991 to  2010      20 years                                                                                    Series   4

 [B] Entire series, effect on correlation (  .472) is:
       Lower   1997> -.167   2000> -.033   2002> -.030   1991< -.022   2004< -.010   1998< -.005  Higher   2005  .062   2010  .033

====================================================================================================================================

 0NL03A    1983 to  2010      28 years                                                                                    Series   5

 [B] Entire series, effect on correlation (  .787) is:
       Lower   2003< -.043   2002> -.031   2006< -.018   2007< -.014   1998> -.012   1985> -.012  Higher   1997  .036   2005  .019

====================================================================================================================================

 0NL03B    1987 to  2010      24 years                                                                                    Series   6

 [B] Entire series, effect on correlation (  .717) is:
       Lower   2000> -.072   2003> -.020   2006< -.017   2005> -.012   2009< -.012   1994< -.012  Higher   1997  .158   2010  .021

====================================================================================================================================

 0NL04A    1987 to  2010      24 years                                                                                    Series   7

 [B] Entire series, effect on correlation (  .722) is:
       Lower   2000> -.044   2005> -.036   1990< -.017   2008> -.013   2003> -.012   1988< -.012  Higher   1997  .094   2010  .014

====================================================================================================================================

 0NL04B    1987 to  2010      24 years                                                                                    Series   8

 [B] Entire series, effect on correlation (  .701) is:
       Lower   2000> -.045   1999< -.028   1988< -.026   2003> -.026   2001< -.017   2008> -.015  Higher   1997  .157   2005  .031

====================================================================================================================================

 0NL05A    1985 to  2010      26 years                                                                                    Series   9

 [B] Entire series, effect on correlation (  .671) is:
       Lower   1986< -.045   2000< -.038   1998> -.030   2005> -.015   2002> -.013   1996> -.011  Higher   1997  .049   1992  .021

====================================================================================================================================

 0NL05B    1984 to  2010      27 years                                                                                    Series  10

 [B] Entire series, effect on correlation (  .835) is:
       Lower   1984< -.042   1998> -.017   1996> -.016   2000> -.013   2004< -.012   1991> -.008  Higher   1997  .075   2005  .014

====================================================================================================================================

 0NL06A    1985 to  2010      26 years                                                                                    Series  11

 [B] Entire series, effect on correlation (  .609) is:
       Lower   2008< -.118   2002> -.058   2009< -.017   1989> -.017   2005> -.013   1998> -.011  Higher   1997  .131   2010  .023

====================================================================================================================================

 0NL06B    1983 to  2010      28 years                                                                                    Series  12

 [B] Entire series, effect on correlation (  .767) is:
       Lower   2003< -.031   2000> -.027   1989> -.017   2009< -.011   2002> -.010   1993< -.009  Higher   1997  .101   2010  .018

====================================================================================================================================

 0NL07A    1983 to  2010      28 years                                                                                    Series  13

 [B] Entire series, effect on correlation (  .535) is:
       Lower   1991> -.074   1983< -.066   1989> -.021   1984> -.019   2010< -.016   1994< -.003  Higher   1997  .044   1992  .034

====================================================================================================================================

 0NL07B    1984 to  2010      27 years                                                                                    Series  14

 [B] Entire series, effect on correlation (  .466) is:
       Lower   2002< -.124   1991> -.040   2005> -.014   2001< -.012   1984< -.009   2006> -.007  Higher   1992  .032   2010  .030

====================================================================================================================================

 0NL08A    1987 to  2009      23 years                                                                                    Series  15

 [B] Entire series, effect on correlation (  .650) is:
       Lower   2003> -.063   2002> -.051   1991> -.028   1999< -.028   1987< -.023   1988< -.014  Higher   1997  .188   1992  .031

====================================================================================================================================

 0NL08B    1984 to  2010      27 years                                                                                    Series  16

 [A] Segment   High   -10   -9   -8   -7   -6   -5   -4   -3   -2   -1   +0   +1   +2   +3   +4   +5   +6   +7   +8   +9  +10
    ---------  ----   ---  ---  ---  ---  ---  ---  ---  ---  ---  ---  ---  ---  ---  ---  ---  ---  ---  ---  ---  ---  ---
    1984 2010   -3      -    -    -    - -.14 -.02  .11  .40* .22 -.11  .32|   -    -    -    -    -    -    -    -    -    -

 [B] Entire series, effect on correlation (  .320) is:
       Lower   1997> -.046   1999< -.042   1991> -.042   1989< -.036   2002> -.025   2003> -.024  Higher   2005  .054   1992  .036
     1984 to 2010 segment:
       Lower   1997> -.046   1999< -.042   1991> -.042   1989< -.036   2002> -.025   2003> -.024  Higher   2005  .054   1992  .036

====================================================================================================================================

 0NL09A    1978 to  2010      33 years                                                                                    Series  17

 [*] Early part of series cannot be checked from 1978 to 1979 -- not matched by another series

 [A] Segment   High   -10   -9   -8   -7   -6   -5   -4   -3   -2   -1   +0   +1   +2   +3   +4   +5   +6   +7   +8   +9  +10
    ---------  ----   ---  ---  ---  ---  ---  ---  ---  ---  ---  ---  ---  ---  ---  ---  ---  ---  ---  ---  ---  ---  ---
    1980 2010   -1      -    -    -    -    -    -    -    - -.01  .38* .29|   -    -    -    -    -    -    -    -    -    -

 [B] Entire series, effect on correlation (  .291) is:
       Lower   1998< -.127   1981> -.071   1980< -.020   2004< -.017   1983> -.014   2000> -.014  Higher   1990  .043   1997  .041
     1980 to 2010 segment:
       Lower   1998< -.127   1981> -.071   1980< -.020   2004< -.017   1983> -.014   2000> -.014  Higher   1990  .043   1997  .041

 [C] Year-to-year changes diverging by over 4.0 std deviations:
       1980 1981   4.0 SD

====================================================================================================================================
PART 7:  DESCRIPTIVE STATISTICS: n                                                                 15:13  Mon 07 Nov 2011  Page   6
------------------------------------------------------------------------------------------------------------------------------------

                                                Corr   //-------- Unfiltered --------\\  //---- Filtered -----\\
                           No.    No.    No.    with   Mean   Max     Std   Auto   Mean   Max     Std   Auto  AR
 Seq Series   Interval   Years  Segmt  Flags   Master  msmt   msmt    dev   corr   sens  value    dev   corr  ()
 --- -------- ---------  -----  -----  -----   ------ -----  -----  -----  -----  -----  -----  -----  -----  --
   1 0NL01A   1981 2010     30      1      0    .505   2.53   3.77   .841   .844   .151   2.36   .485  -.045   1
   2 0NL01B   1980 2010     31      1      1    .317   2.25   4.03   .973   .846   .201   2.59   .562  -.085   1
   3 0NL02A   1988 2010     23      1      1    .186   1.62   2.67   .433   .839   .116   2.88   .665   .027   1
   4 0NL02B   1991 2010     20      1      0    .472   2.67   4.74  1.115   .919   .153   2.53   .575   .044   1
   5 0NL03A   1983 2010     28      1      0    .787   2.42   3.88   .658   .445   .210   2.59   .663  -.060   1
   6 0NL03B   1987 2010     24      1      0    .717   2.52   5.12  1.076   .582   .283   2.58   .560   .038   1
   7 0NL04A   1987 2010     24      1      0    .722   2.18   2.99   .401   .356   .162   2.31   .457   .073   1
   8 0NL04B   1987 2010     24      1      0    .701   1.73   2.82   .482   .604   .191   2.46   .483  -.110   1
   9 0NL05A   1985 2010     26      1      0    .671   2.67   4.22   .742   .719   .149   2.57   .655  -.091   1
  10 0NL05B   1984 2010     27      1      0    .835   2.59   3.88   .755   .726   .172   2.45   .617  -.049   1
  11 0NL06A   1985 2010     26      1      0    .609   2.76   4.01   .739   .682   .162   2.50   .651  -.014   1
  12 0NL06B   1983 2010     28      1      0    .767   2.23   4.19   .888   .820   .185   2.63   .578  -.046   1
  13 0NL07A   1983 2010     28      1      0    .535   2.71   4.40   .821   .909   .117   2.80   .644  -.125   1
  14 0NL07B   1984 2010     27      1      0    .466   2.34   4.01   .946   .927   .126   2.43   .484   .120   1
  15 0NL08A   1987 2009     23      1      0    .650   2.71   3.95   .554   .721   .121   2.67   .622  -.032   1
  16 0NL08B   1984 2010     27      1      1    .320   2.48   3.42   .463   .619   .131   2.41   .609  -.002   3
  17 0NL09A   1978 2010     33      1      1    .291   2.22   3.52   .680   .413   .255   2.52   .553   .061   1
 --- -------- ---------  -----  -----  -----   ------ -----  -----  -----  -----  -----  -----  -----  -----  --
 Total or mean:            449     17      4    .558   2.39   5.12   .742   .702   .171   2.88   .580  -.019
PART 8:  ADJUSTMENTS FOR UNDATED SERIES: n                                                         15:13  Mon 07 Nov 2011  Page   7
------------------------------------------------------------------------------------------------------------------------------------

 Time span  1978  2010    33 years, best matches for  50-year segments lagged  25 years
 Listed in order from highest correlation

           Counted       Corr      Corr      Corr      Corr      Corr      Corr      Corr      Corr      Corr      Corr      Corr
 Series    Segment   Add  # 1  Add  # 2  Add  # 3  Add  # 4  Add  # 5  Add  # 6  Add  # 7  Add  # 8  Add  # 9  Add  #10  Add  #11
 -------- ---------  --------  --------  --------  --------  --------  --------  --------  --------  --------  --------  --------
 0ND01A   1982 2001     0 .59     6 .37    -3 .36     8 .35     1 .23    -1 .16     2 .11     3 .04    -2 .03   --- ---   --- ---
===================  ========  ========  ========  ========  ========  ========  ========  ========  ========  ========  ========
           Counted       Corr      Corr      Corr      Corr      Corr      Corr      Corr      Corr      Corr      Corr      Corr
 Series    Segment   Add  # 1  Add  # 2  Add  # 3  Add  # 4  Add  # 5  Add  # 6  Add  # 7  Add  # 8  Add  # 9  Add  #10  Add  #11
 -------- ---------  --------  --------  --------  --------  --------  --------  --------  --------  --------  --------  --------
 0ND01B   1983 2002     0 .61     8 .39     5 .27    -1 .23     1 .17    -3 .10    -4 .09     6 .08     2 .07     3 .03   --- ---
===================  ========  ========  ========  ========  ========  ========  ========  ========  ========  ========  ========
           Counted       Corr      Corr      Corr      Corr      Corr      Corr      Corr      Corr      Corr      Corr      Corr
 Series    Segment   Add  # 1  Add  # 2  Add  # 3  Add  # 4  Add  # 5  Add  # 6  Add  # 7  Add  # 8  Add  # 9  Add  #10  Add  #11
 -------- ---------  --------  --------  --------  --------  --------  --------  --------  --------  --------  --------  --------
 0ND02A   1981 2000     2 .53    -3 .33     0 .22    -2 .16     8 .11     1 .09    10 .08    -1 .06     6 .04   --- ---   --- ---
===================  ========  ========  ========  ========  ========  ========  ========  ========  ========  ========  ========
           Counted       Corr      Corr      Corr      Corr      Corr      Corr      Corr      Corr      Corr      Corr      Corr
 Series    Segment   Add  # 1  Add  # 2  Add  # 3  Add  # 4  Add  # 5  Add  # 6  Add  # 7  Add  # 8  Add  # 9  Add  #10  Add  #11
 -------- ---------  --------  --------  --------  --------  --------  --------  --------  --------  --------  --------  --------
 0ND02B   1981 2002     1 .41     0 .41     3 .40    -3 .35     6 .33    -2 .24    -1 .03     4 .01     8 .01   --- ---   --- ---
===================  ========  ========  ========  ========  ========  ========  ========  ========  ========  ========  ========
           Counted       Corr      Corr      Corr      Corr      Corr      Corr      Corr      Corr      Corr      Corr      Corr
 Series    Segment   Add  # 1  Add  # 2  Add  # 3  Add  # 4  Add  # 5  Add  # 6  Add  # 7  Add  # 8  Add  # 9  Add  #10  Add  #11
 -------- ---------  --------  --------  --------  --------  --------  --------  --------  --------  --------  --------  --------
 0ND03A   1983 2002     0 .53     1 .20    -3 .19     3 .17    -4 .16    -1 .16     5 .14     8 .12    -2 .09     6 .04   --- ---
===================  ========  ========  ========  ========  ========  ========  ========  ========  ========  ========  ========
           Counted       Corr      Corr      Corr      Corr      Corr      Corr      Corr      Corr      Corr      Corr      Corr
 Series    Segment   Add  # 1  Add  # 2  Add  # 3  Add  # 4  Add  # 5  Add  # 6  Add  # 7  Add  # 8  Add  # 9  Add  #10  Add  #11
 -------- ---------  --------  --------  --------  --------  --------  --------  --------  --------  --------  --------  --------
 0ND03B   1982 2001    -4 .34    -1 .30     0 .25     5 .21     1 .20     2 .16     3 .16    -3 .02   --- ---   --- ---   --- ---
===================  ========  ========  ========  ========  ========  ========  ========  ========  ========  ========  ========
           Counted       Corr      Corr      Corr      Corr      Corr      Corr      Corr      Corr      Corr      Corr      Corr
 Series    Segment   Add  # 1  Add  # 2  Add  # 3  Add  # 4  Add  # 5  Add  # 6  Add  # 7  Add  # 8  Add  # 9  Add  #10  Add  #11
 -------- ---------  --------  --------  --------  --------  --------  --------  --------  --------  --------  --------  --------
 0ND04A   1980 1998    -1 .41     1 .36     0 .35     2 .16    -2 .14     6 .05   --- ---   --- ---   --- ---   --- ---   --- ---
===================  ========  ========  ========  ========  ========  ========  ========  ========  ========  ========  ========
           Counted       Corr      Corr      Corr      Corr      Corr      Corr      Corr      Corr      Corr      Corr      Corr
 Series    Segment   Add  # 1  Add  # 2  Add  # 3  Add  # 4  Add  # 5  Add  # 6  Add  # 7  Add  # 8  Add  # 9  Add  #10  Add  #11
 -------- ---------  --------  --------  --------  --------  --------  --------  --------  --------  --------  --------  --------
 0ND04B   1980 1998     0 .39    -1 .33     1 .27     2 .15     8 .14     3 .10     6 .08     5 .04   --- ---   --- ---   --- ---
===================  ========  ========  ========  ========  ========  ========  ========  ========  ========  ========  ========
           Counted       Corr      Corr      Corr      Corr      Corr      Corr      Corr      Corr      Corr      Corr      Corr
 Series    Segment   Add  # 1  Add  # 2  Add  # 3  Add  # 4  Add  # 5  Add  # 6  Add  # 7  Add  # 8  Add  # 9  Add  #10  Add  #11
 -------- ---------  --------  --------  --------  --------  --------  --------  --------  --------  --------  --------  --------
 0ND05A   1981 1995     1 .48    -1 .40     0 .40     3 .29     4 .28    -2 .26     6 .13     2 .09    12 .09   --- ---   --- ---
===================  ========  ========  ========  ========  ========  ========  ========  ========  ========  ========  ========
           Counted       Corr      Corr      Corr      Corr      Corr      Corr      Corr      Corr      Corr      Corr      Corr
 Series    Segment   Add  # 1  Add  # 2  Add  # 3  Add  # 4  Add  # 5  Add  # 6  Add  # 7  Add  # 8  Add  # 9  Add  #10  Add  #11
 -------- ---------  --------  --------  --------  --------  --------  --------  --------  --------  --------  --------  --------
 0ND05B   1981 1995     2 .51     8 .39     4 .35     0 .29     6 .27    -1 .24    10 .21     1 .10     7 .01    13 .01   --- ---
===================  ========  ========  ========  ========  ========  ========  ========  ========  ========  ========  ========
           Counted       Corr      Corr      Corr      Corr      Corr      Corr      Corr      Corr      Corr      Corr      Corr
 Series    Segment   Add  # 1  Add  # 2  Add  # 3  Add  # 4  Add  # 5  Add  # 6  Add  # 7  Add  # 8  Add  # 9  Add  #10  Add  #11
 -------- ---------  --------  --------  --------  --------  --------  --------  --------  --------  --------  --------  --------
 0ND07A   1978 1998     6 .63     0 .39    12 .16     4 .15     5 .09     2 .09     1 .07     9 .07    11 .07     3 .07   --- ---
===================  ========  ========  ========  ========  ========  ========  ========  ========  ========  ========  ========
           Counted       Corr      Corr      Corr      Corr      Corr      Corr      Corr      Corr      Corr      Corr      Corr
 Series    Segment   Add  # 1  Add  # 2  Add  # 3  Add  # 4  Add  # 5  Add  # 6  Add  # 7  Add  # 8  Add  # 9  Add  #10  Add  #11
 -------- ---------  --------  --------  --------  --------  --------  --------  --------  --------  --------  --------  --------
 0ND07B   1978 1999     0 .64     6 .26    11 .25     3 .20     9 .18     5 .17     2 .15     1 .06   --- ---   --- ---   --- ---
===================  ========  ========  ========  ========  ========  ========  ========  ========  ========  ========  ========
           Counted       Corr      Corr      Corr      Corr      Corr      Corr      Corr      Corr      Corr      Corr      Corr
 Series    Segment   Add  # 1  Add  # 2  Add  # 3  Add  # 4  Add  # 5  Add  # 6  Add  # 7  Add  # 8  Add  # 9  Add  #10  Add  #11
 -------- ---------  --------  --------  --------  --------  --------  --------  --------  --------  --------  --------  --------
 0ND08A   1984 1997     0 .60    -6 .40    -2 .37    12 .33    -3 .27    -5 .24    -4 .19     3 .15     1 .12    -1 .10     6 .09
===================  ========  ========  ========  ========  ========  ========  ========  ========  ========  ========  ========
           Counted       Corr      Corr      Corr      Corr      Corr      Corr      Corr      Corr      Corr      Corr      Corr
 Series    Segment   Add  # 1  Add  # 2  Add  # 3  Add  # 4  Add  # 5  Add  # 6  Add  # 7  Add  # 8  Add  # 9  Add  #10  Add  #11
 -------- ---------  --------  --------  --------  --------  --------  --------  --------  --------  --------  --------  --------
 0ND08B   1983 1998     0 .56    -3 .51    -1 .36    -2 .33     8 .25     6 .18     2 .14    -4 .13   --- ---   --- ---   --- ---
===================  ========  ========  ========  ========  ========  ========  ========  ========  ========  ========  ========
           Counted       Corr      Corr      Corr      Corr      Corr      Corr      Corr      Corr      Corr      Corr      Corr
 Series    Segment   Add  # 1  Add  # 2  Add  # 3  Add  # 4  Add  # 5  Add  # 6  Add  # 7  Add  # 8  Add  # 9  Add  #10  Add  #11
 -------- ---------  --------  --------  --------  --------  --------  --------  --------  --------  --------  --------  --------
 0ND09A   1982 2009     0 .32    -4 .12    -3 .06    -2 .03   --- ---   --- ---   --- ---   --- ---   --- ---   --- ---   --- ---
===================  ========  ========  ========  ========  ========  ========  ========  ========  ========  ========  ========
           Counted       Corr      Corr      Corr      Corr      Corr      Corr      Corr      Corr      Corr      Corr      Corr
 Series    Segment   Add  # 1  Add  # 2  Add  # 3  Add  # 4  Add  # 5  Add  # 6  Add  # 7  Add  # 8  Add  # 9  Add  #10  Add  #11
 -------- ---------  --------  --------  --------  --------  --------  --------  --------  --------  --------  --------  --------
 0ND09B   1982 2009     0 .19    -4 .15    -2 .07    -1 .05    -3 .02   --- ---   --- ---   --- ---   --- ---   --- ---   --- ---
===================  ========  ========  ========  ========  ========  ========  ========  ========  ========  ========  ========
           Counted       Corr      Corr      Corr      Corr      Corr      Corr      Corr      Corr      Corr      Corr      Corr
 Series    Segment   Add  # 1  Add  # 2  Add  # 3  Add  # 4  Add  # 5  Add  # 6  Add  # 7  Add  # 8  Add  # 9  Add  #10  Add  #11
 -------- ---------  --------  --------  --------  --------  --------  --------  --------  --------  --------  --------  --------
 0ND10A   1979 1996     0 .66    11 .38     6 .36     2 .31     5 .22     4 .20     3 .11     9 .05    -1 .04   --- ---   --- ---
===================  ========  ========  ========  ========  ========  ========  ========  ========  ========  ========  ========
           Counted       Corr      Corr      Corr      Corr      Corr      Corr      Corr      Corr      Corr      Corr      Corr
 Series    Segment   Add  # 1  Add  # 2  Add  # 3  Add  # 4  Add  # 5  Add  # 6  Add  # 7  Add  # 8  Add  # 9  Add  #10  Add  #11
 -------- ---------  --------  --------  --------  --------  --------  --------  --------  --------  --------  --------  --------
 0ND10B   1979 1996     4 .44     5 .33     2 .26     1 .21     6 .20    12 .18     3 .17     0 .14    10 .13   --- ---   --- ---
===================  ========  ========  ========  ========  ========  ========  ========  ========  ========  ========  ========
           Counted       Corr      Corr      Corr      Corr      Corr      Corr      Corr      Corr      Corr      Corr      Corr
 Series    Segment   Add  # 1  Add  # 2  Add  # 3  Add  # 4  Add  # 5  Add  # 6  Add  # 7  Add  # 8  Add  # 9  Add  #10  Add  #11
 -------- ---------  --------  --------  --------  --------  --------  --------  --------  --------  --------  --------  --------
 0ND11A   1983 1999     0 .40    -1 .39    -3 .32    -2 .25     5 .19     3 .16     6 .13     1 .12     8 .03   --- ---   --- ---
===================  ========  ========  ========  ========  ========  ========  ========  ========  ========  ========  ========
           Counted       Corr      Corr      Corr      Corr      Corr      Corr      Corr      Corr      Corr      Corr      Corr
 Series    Segment   Add  # 1  Add  # 2  Add  # 3  Add  # 4  Add  # 5  Add  # 6  Add  # 7  Add  # 8  Add  # 9  Add  #10  Add  #11
 -------- ---------  --------  --------  --------  --------  --------  --------  --------  --------  --------  --------  --------
 0ND11B   1983 1998     0 .67    -3 .42     6 .32    -1 .31     8 .31    -2 .28     3 .14     2 .06     5 .02   --- ---   --- ---
===================  ========  ========  ========  ========  ========  ========  ========  ========  ========  ========  ========
           Counted       Corr      Corr      Corr      Corr      Corr      Corr      Corr      Corr      Corr      Corr      Corr
 Series    Segment   Add  # 1  Add  # 2  Add  # 3  Add  # 4  Add  # 5  Add  # 6  Add  # 7  Add  # 8  Add  # 9  Add  #10  Add  #11
 -------- ---------  --------  --------  --------  --------  --------  --------  --------  --------  --------  --------  --------
 0ND12A   1979 1996     0 .48    11 .47     5 .31     3 .30     4 .20    -1 .19     2 .17     9 .11   --- ---   --- ---   --- ---
===================  ========  ========  ========  ========  ========  ========  ========  ========  ========  ========  ========
           Counted       Corr      Corr      Corr      Corr      Corr      Corr      Corr      Corr      Corr      Corr      Corr
 Series    Segment   Add  # 1  Add  # 2  Add  # 3  Add  # 4  Add  # 5  Add  # 6  Add  # 7  Add  # 8  Add  # 9  Add  #10  Add  #11
 -------- ---------  --------  --------  --------  --------  --------  --------  --------  --------  --------  --------  --------
 0ND12B   1979 1996     0 .55    11 .40     2 .34     5 .28     4 .25     9 .25     3 .23     6 .18     1 .07   --- ---   --- ---
===================  ========  ========  ========  ========  ========  ========  ========  ========  ========  ========  ========
           Counted       Corr      Corr      Corr      Corr      Corr      Corr      Corr      Corr      Corr      Corr      Corr
 Series    Segment   Add  # 1  Add  # 2  Add  # 3  Add  # 4  Add  # 5  Add  # 6  Add  # 7  Add  # 8  Add  # 9  Add  #10  Add  #11
 -------- ---------  --------  --------  --------  --------  --------  --------  --------  --------  --------  --------  --------
 0ND13A   1981 2007     3 .31    -3 .26     0 .11   --- ---   --- ---   --- ---   --- ---   --- ---   --- ---   --- ---   --- ---
===================  ========  ========  ========  ========  ========  ========  ========  ========  ========  ========  ========
           Counted       Corr      Corr      Corr      Corr      Corr      Corr      Corr      Corr      Corr      Corr      Corr
 Series    Segment   Add  # 1  Add  # 2  Add  # 3  Add  # 4  Add  # 5  Add  # 6  Add  # 7  Add  # 8  Add  # 9  Add  #10  Add  #11
 -------- ---------  --------  --------  --------  --------  --------  --------  --------  --------  --------  --------  --------
 0ND13B   1982 2008     0 .38    -2 .18    -3 .08    -4 .05     2 .01   --- ---   --- ---   --- ---   --- ---   --- ---   --- ---
===================  ========  ========  ========  ========  ========  ========  ========  ========  ========  ========  ========
       24 undated series

                                              - = [  COFECHA N    COF  ] = -
