[]  Dendrochronology Program Library                                        Run FF     Program COF  12:31  Mon 07 Nov 2011  Page   1
[]
[]  P R O G R A M      C O F E C H A                                                                          Version 6.06P    28071
------------------------------------------------------------------------------------------------------------------------------------

 QUALITY CONTROL AND DATING CHECK OF TREE-RING MEASUREMENTS

 Title of run:           ff                                      

 File of DATED series:   FFL.raw

 File of UNDATED series: FFD.raw

 CONTENTS:

    Part 1:  Title page, options selected, summary, absent rings by series
    Part 2:  Histogram of time spans
    Part 3:  Master series with sample depth and absent rings by year
    Part 4:  Bar plot of Master Dating Series
    Part 5:  Correlation by segment of each series with Master
    Part 6:  Potential problems: low correlation, divergent year-to-year changes, absent rings, outliers
    Part 7:  Descriptive statistics
    Part 8:  Undated series - adjustments for highest correlations

 RUN CONTROL OPTIONS SELECTED                             VALUE

         1  Cubic smoothing spline 50% wavelength cutoff for filtering
                                                            32 years
         2  Segments examined are                           50 years lagged successively by  25 years
         3  Autoregressive model applied                     A  Residuals are used in master dating series and testing
         4  Series transformed to logarithms                 Y  Each series log-transformed for master dating series and testing
         5  CORRELATION is Pearson (parametric, quantitative)
            Critical correlation, 99% confidence level   .3281
         6  Master dating series saved                       N
         7  Ring measurements listed                         N
         8  Parts printed                             12345678 
         9  Absent rings are omitted from master series and segment correlations  (Y)

 Time span of Master dating series is  1933 to  2010    78 years
 Continuous time span is               1933 to  2010    78 years
 Portion with two or more series is    1942 to  2010    69 years


                                        ****************************************
                                        *C* Number of dated series        25 *C*
                                        *O* Master series 1933 2010   78 yrs *O*
                                        *F* Total rings in all series   1250 *F*
                                        *E* Total dated rings checked   1241 *E*
                                        *C* Series intercorrelation     .478 *C*
                                        *H* Average mean sensitivity    .318 *H*
                                        *A* Segments, possible problems   15 *A*
                                        *** Mean length of series       50.0 ***
                                        ****************************************

 ABSENT RINGS listed by SERIES:            (See Master Dating Series for absent rings listed by year)

 FFL12A      1 absent rings:   2010

             1 absent rings    .080%
PART 2:  TIME PLOT OF TREE-RING SERIES: ff                                                         12:31  Mon 07 Nov 2011  Page   2
------------------------------------------------------------------------------------------------------------------------------------
 1050 1100 1150 1200 1250 1300 1350 1400 1450 1500 1550 1600 1650 1700 1750 1800 1850 1900 1950 2000 2050 Ident   Seq Time-span  Yrs
   :    :    :    :    :    :    :    :    :    :    :    :    :    :    :    :    :    :    :    :    : -------- --- ---- ---- ----
   .    .    .    .    .    .    .    .    .    .    .    .    .    .    .    .    .    .    .<====>   . FFL01A     1 1965 2010   46
   .    .    .    .    .    .    .    .    .    .    .    .    .    .    .    .    .    .    .<====>   . FFL01B     2 1966 2010   45
   .    .    .    .    .    .    .    .    .    .    .    .    .    .    .    .    .    .    .<====>   . FFL02A     3 1965 2010   46
   .    .    .    .    .    .    .    .    .    .    .    .    .    .    .    .    .    .    .<====>   . FFL02B     4 1965 2010   46
   .    .    .    .    .    .    .    .    .    .    .    .    .    .    .    .    .    .    .<====>   . FFL03A     5 1966 2010   45
   .    .    .    .    .    .    .    .    .    .    .    .    .    .    .    .    .    .    .<====>   . FFL03B     6 1966 2010   45
   .    .    .    .    .    .    .    .    .    .    .    .    .    .    .    .    .    .    .<====>   . FFL04A     7 1965 2010   46
   .    .    .    .    .    .    .    .    .    .    .    .    .    .    .    .    .    .    .<====>   . FFL04B     8 1965 2010   46
   .    .    .    .    .    .    .    .    .    .    .    .    .    .    .    .    .    .    .<====>   . FFL05A     9 1966 2010   45
   .    .    .    .    .    .    .    .    .    .    .    .    .    .    .    .    .    .    .<====>   . FFL05B    10 1967 2010   44
   .    .    .    .    .    .    .    .    .    .    .    .    .    .    .    .    .    .    .<====>   . FFL06A    11 1965 2010   46
   .    .    .    .    .    .    .    .    .    .    .    .    .    .    .    .    .    .    .<====>   . FFL06B    12 1965 2010   46
   .    .    .    .    .    .    .    .    .    .    .    .    .    .    .    .    .    .    .<====>   . FFL08A    13 1966 2010   45
   .    .    .    .    .    .    .    .    .    .    .    .    .    .    .    .    .    .    .<====>   . FFL08B    14 1965 2010   46
   .    .    .    .    .    .    .    .    .    .    .    .    .    .    .    .    .    .    <=====>   . FFL09A    15 1959 2010   52
   .    .    .    .    .    .    .    .    .    .    .    .    .    .    .    .    .    .   <======>   . FFL09B    16 1949 2010   62
   .    .    .    .    .    .    .    .    .    .    .    .    .    .    .    .    .    .    . <===>   . FFL10B    17 1971 2010   40
   .    .    .    .    .    .    .    .    .    .    .    .    .    .    .    .    .    .    .<====>   . FFL11A    18 1965 2010   46
   .    .    .    .    .    .    .    .    .    .    .    .    .    .    .    .    .    .    <=====>   . FFL11B    19 1955 2010   56
   .    .    .    .    .    .    .    .    .    .    .    .    .    .    .    .    .    .    <=====>   . FFL12A    20 1950 2010   61
   .    .    .    .    .    .    .    .    .    .    .    .    .    .    .    .    .    .  <======>    . FFL12B    21 1933 2009   77
   .    .    .    .    .    .    .    .    .    .    .    .    .    .    .    .    .    .    . <===>   . FFL13A    22 1971 2010   40
   .    .    .    .    .    .    .    .    .    .    .    .    .    .    .    .    .    .    .<====>   . FFL13B    23 1965 2010   46
   .    .    .    .    .    .    .    .    .    .    .    .    .    .    .    .    .    .   <=====>    . FFL14A    24 1942 2009   68
   .    .    .    .    .    .    .    .    .    .    .    .    .    .    .    .    .    .   <======>   . FFL14B    25 1946 2010   65
   :    :    :    :    :    :    :    :    :    :    :    :    :    :    :    :    :    :    :    :    :
 1050 1100 1150 1200 1250 1300 1350 1400 1450 1500 1550 1600 1650 1700 1750 1800 1850 1900 1950 2000 2050
   :    :    :    :    :    :    :    :    :    :    :    :    :    :    :    :    :    :    :    :    :
 1050 1100 1150 1200 1250 1300 1350 1400 1450 1500 1550 1600 1650 1700 1750 1800 1850 1900 1950 2000 2050
PART 3:  Master Dating Series: ff                                                                  12:31  Mon 07 Nov 2011  Page   3
------------------------------------------------------------------------------------------------------------------------------------
  Year  Value  No Ab    Year  Value  No Ab    Year  Value  No Ab    Year  Value  No Ab    Year  Value  No Ab    Year  Value  No Ab
  ------------------    ------------------    ------------------    ------------------    ------------------    ------------------
                        1950   .351   5       2000  -.378  25
                        1951  1.221   5       2001  -.366  25
                        1952  1.055   5       2002 -2.868  25
                        1953   .278   5       2003  -.153  25
                        1954 -1.119   5       2004  -.662  25
                        1955 -1.596   6       2005   .358  25
                        1956 -2.209   6       2006   .556  25
                        1957 -1.124   6       2007   .764  25
                        1958 -1.212   6       2008  1.371  25
                        1959  -.851   7       2009  1.015  25

                        1960  -.384   7       2010  -.970  23  1
                        1961 -1.841   7
                        1962  -.071   7
                        1963   .325   7
                        1964  1.280   7
                        1965  1.234  17
                        1966  1.151  22
                        1967  1.021  23
                        1968   .270  23
                        1969   .336  23

                        1970   .411  23
                        1971   .474  25
                        1972  -.078  25
                        1973   .157  25
                        1974   .131  25
                        1975  -.030  25
                        1976   .034  25
                        1977  -.174  25
                        1978  -.549  25
                        1979  -.849  25

                        1980 -1.578  25
                        1981  -.051  25
                        1982 -2.212  25
  1933  2.112   1       1983  -.342  25
  1934  -.659   1       1984  -.111  25
  1935 -1.129   1       1985  -.756  25
  1936 -1.078   1       1986   .003  25
  1937  -.495   1       1987   .071  25
  1938  -.800   1       1988   .440  25
  1939  -.096   1       1989  1.076  25

  1940  -.058   1       1990   .706  25
  1941  2.062   1       1991  1.040  25
  1942  -.599   2       1992   .919  25
  1943  -.468   2       1993   .919  25
  1944   .885   2       1994  1.457  25
  1945  1.505   2       1995  -.587  25
  1946   .083   3       1996   .386  25
  1947  1.327   3       1997  -.194  25
  1948  1.105   3       1998  -.257  25
  1949   .837   4       1999 -1.772  25
------------------------------------------------------------------------------------------------------------------------------------
PART 4:  Master Bar Plot: ff                                                                       12:31  Mon 07 Nov 2011  Page   4
------------------------------------------------------------------------------------------------------------------------------------
   Year Rel value  Year Rel value  Year Rel value  Year Rel value  Year Rel value  Year Rel value  Year Rel value  Year Rel value
                   1950------A     2000---b
                   1951---------E  2001---a
                   1952---------D  2002k
                   1953------A     2003----a
                   1954-d          2004--c
                   1955f           2005------A
                   1956i           2006-------B
                   1957-d          2007--------C
                   1958-e          2008----------E
                   1959--c         2009---------D
                   1960---b        2010-d
                   1961g
                   1962----@
                   1963------A
                   1964---------E
                   1965---------E
                   1966---------E
                   1967---------D
                   1968------A
                   1969------A
                   1970-------B
                   1971-------B
                   1972----@
                   1973------A
                   1974-----A
                   1975-----@
                   1976-----@
                   1977----a
                   1978--b
                   1979--c
                   1980f
                   1981-----@
                   1982i
   1933----------H 1983---a
   1934--c         1984----@
   1935-e          1985--c
   1936-d          1986-----@
   1937---b        1987-----@
   1938--c         1988-------B
   1939----@       1989---------D
   1940----@       1990--------C
   1941----------H 1991---------D
   1942--b         1992--------D
   1943---b        1993--------D
   1944--------D   1994----------F
   1945----------F 1995--b
   1946-----@      1996-------B
   1947----------E 1997----a
   1948---------D  1998---a
   1949--------C   1999g
PART 5:  CORRELATION OF SERIES BY SEGMENTS: ff                                                     12:31  Mon 07 Nov 2011  Page   5
------------------------------------------------------------------------------------------------------------------------------------
 Correlations of  50-year dated segments, lagged  25 years
 Flags:  A = correlation under   .3281 but highest as dated;  B = correlation higher at other than dated position

 Seq Series  Time_span   1925 1950 1975
                         1974 1999 2024
 --- -------- ---------  ---- ---- ---- ---- ---- ---- ---- ---- ---- ---- ---- ---- ---- ---- ---- ---- ---- ---- ---- ----
   1 FFL01A   1965 2010        .58
   2 FFL01B   1966 2010        .67
   3 FFL02A   1965 2010        .67
   4 FFL02B   1965 2010        .70
   5 FFL03A   1966 2010        .48
   6 FFL03B   1966 2010        .62
   7 FFL04A   1965 2010        .74
   8 FFL04B   1965 2010        .58
   9 FFL05A   1966 2010        .69
  10 FFL05B   1967 2010        .55
  11 FFL06A   1965 2010        .74
  12 FFL06B   1965 2010        .70
  13 FFL08A   1966 2010        .69
  14 FFL08B   1965 2010        .60
  15 FFL09A   1959 2010        .65  .70
  16 FFL09B   1949 2010   .41  .41  .52
  17 FFL10B   1971 2010        .32B
  18 FFL11A   1965 2010        .18B
  19 FFL11B   1955 2010        .26B .44
  20 FFL12A   1950 2010        .19B .19B
  21 FFL12B   1933 2009   .15B .16B .13B
  22 FFL13A   1971 2010        .14B
  23 FFL13B   1965 2010        .63
  24 FFL14A   1942 2009   .23B .15B .13B
  25 FFL14B   1946 2010   .07B .05B .11B
 Av segment correlation   .22  .49  .32
PART 6:  POTENTIAL PROBLEMS: ff                                                                    12:31  Mon 07 Nov 2011  Page   5
------------------------------------------------------------------------------------------------------------------------------------

 For each series with potential problems the following diagnostics may appear:

 [A] Correlations with master dating series of flagged  50-year segments of series filtered with  32-year spline,
     at every point from ten years earlier (-10) to ten years later (+10) than dated

 [B] Effect of those data values which most lower or raise correlation with master series
     Symbol following year indicates value in series is greater (>) or lesser (<) than master series value

 [C] Year-to-year changes very different from the mean change in other series

 [D] Absent rings (zero values)

 [E] Values which are statistical outliers from mean for the year
====================================================================================================================================

 FFL01A    1965 to  2010      46 years                                                                                    Series   1

 [B] Entire series, effect on correlation (  .582) is:
       Lower   2002> -.039   1992< -.039   1982< -.016   1999> -.013   1985> -.008   1983< -.008  Higher   1980  .018   1965  .014

 [E] Outliers     1   3.0 SD above or -4.5 SD below mean for year
       1982 -6.1 SD
====================================================================================================================================

 FFL01B    1966 to  2010      45 years                                                                                    Series   2

 [B] Entire series, effect on correlation (  .671) is:
       Lower   1975< -.109   1967< -.029   1978> -.022   1979> -.009   1984> -.006   1968> -.005  Higher   1982  .048   1995  .033

====================================================================================================================================

 FFL02A    1965 to  2010      46 years                                                                                    Series   3

 [B] Entire series, effect on correlation (  .671) is:
       Lower   1980< -.037   2007< -.020   1979> -.016   1986< -.014   1988< -.012   2008< -.012  Higher   1982  .026   2010  .023

====================================================================================================================================

 FFL02B    1965 to  2010      46 years                                                                                    Series   4

 [B] Entire series, effect on correlation (  .696) is:
       Lower   1985< -.042   1994< -.022   1978> -.013   2000> -.010   2007< -.008   2008< -.008  Higher   2002  .048   1995  .030

====================================================================================================================================

 FFL03A    1966 to  2010      45 years                                                                                    Series   5

 [B] Entire series, effect on correlation (  .481) is:
       Lower   1976< -.099   1992< -.051   2010> -.043   1980> -.022   1982> -.013   1974< -.009  Higher   2002  .164   1999  .043

====================================================================================================================================

 FFL03B    1966 to  2010      45 years                                                                                    Series   6

 [B] Entire series, effect on correlation (  .625) is:
       Lower   2010> -.087   1988< -.028   1980> -.027   1983< -.012   1969< -.006   1984> -.003  Higher   2002  .054   1982  .030

 [E] Outliers     1   3.0 SD above or -4.5 SD below mean for year
       2010 +3.0 SD
====================================================================================================================================

 FFL04A    1965 to  2010      46 years                                                                                    Series   7

 [B] Entire series, effect on correlation (  .745) is:
       Lower   1995> -.023   1973< -.022   1984> -.017   1982> -.017   1976> -.013   1997> -.012  Higher   2002  .093   1999  .029

====================================================================================================================================

 FFL04B    1965 to  2010      46 years                                                                                    Series   8

 [B] Entire series, effect on correlation (  .582) is:
       Lower   1965< -.096   1978< -.026   1982> -.020   2010> -.014   1966< -.010   1997> -.009  Higher   2002  .128   1999  .053

====================================================================================================================================

 FFL05A    1966 to  2010      45 years                                                                                    Series   9

 [B] Entire series, effect on correlation (  .694) is:
       Lower   1977< -.028   1972< -.027   1997> -.022   2010> -.020   2001< -.012   1968> -.010  Higher   2002  .041   1999  .037

====================================================================================================================================

 FFL05B    1967 to  2010      44 years                                                                                    Series  10

 [B] Entire series, effect on correlation (  .552) is:
       Lower   1982> -.074   1997> -.038   2001< -.020   1999> -.019   1971< -.018   1968> -.014  Higher   2002  .112   1995  .044

 [E] Outliers     1   3.0 SD above or -4.5 SD below mean for year
       1982 +3.2 SD
====================================================================================================================================

 FFL06A    1965 to  2010      46 years                                                                                    Series  11

 [B] Entire series, effect on correlation (  .738) is:
       Lower   1965< -.041   1966< -.022   1990< -.015   1973< -.012   1980> -.010   1997> -.010  Higher   2002  .091   1999  .032

====================================================================================================================================

 FFL06B    1965 to  2010      46 years                                                                                    Series  12

 [B] Entire series, effect on correlation (  .705) is:
       Lower   1966< -.059   1974< -.014   1970> -.011   1990< -.010   1978< -.009   1997> -.008  Higher   2002  .111   1999  .037

====================================================================================================================================

 FFL08A    1966 to  2010      45 years                                                                                    Series  13

 [B] Entire series, effect on correlation (  .690) is:
       Lower   1982> -.039   2009< -.018   1997> -.018   1995< -.012   1968> -.010   1987< -.006  Higher   1999  .031   2002  .025

====================================================================================================================================

 FFL08B    1965 to  2010      46 years                                                                                    Series  14

 [B] Entire series, effect on correlation (  .603) is:
       Lower   1982> -.050   1977< -.027   1987< -.025   2009< -.019   1997> -.016   2008< -.014  Higher   1999  .044   1995  .032

====================================================================================================================================

 FFL09A    1959 to  2010      52 years                                                                                    Series  15

 [B] Entire series, effect on correlation (  .676) is:
       Lower   1966< -.034   1985> -.016   1959< -.015   1998< -.015   1997> -.014   1991< -.011  Higher   2002  .071   1995  .028

====================================================================================================================================

 FFL09B    1949 to  2010      62 years                                                                                    Series  16

 [B] Entire series, effect on correlation (  .482) is:
       Lower   1979< -.064   1961> -.035   1966< -.018   1956> -.013   1997> -.013   1980> -.012  Higher   1982  .058   1995  .035

 [E] Outliers     2   3.0 SD above or -4.5 SD below mean for year
       1961 +3.1 SD;    1979 -5.4 SD
====================================================================================================================================

 FFL10B    1971 to  2010      40 years                                                                                    Series  17

 [A] Segment   High   -10   -9   -8   -7   -6   -5   -4   -3   -2   -1   +0   +1   +2   +3   +4   +5   +6   +7   +8   +9  +10
    ---------  ----   ---  ---  ---  ---  ---  ---  ---  ---  ---  ---  ---  ---  ---  ---  ---  ---  ---  ---  ---  ---  ---
    1971 2010   -4   -.24 -.15 -.01  .02 -.04  .00  .50* .08  .17  .31  .32|   -    -    -    -    -    -    -    -    -    -

 [B] Entire series, effect on correlation (  .324) is:
       Lower   2010> -.049   2003< -.045   1995> -.022   1975> -.018   2007< -.017   1986< -.016  Higher   1999  .136   2002  .047
     1971 to 2010 segment:
       Lower   2010> -.049   2003< -.045   1995> -.022   1975> -.018   2007< -.017   1986< -.016  Higher   1999  .136   2002  .047

 [C] Year-to-year changes diverging by over 4.0 std deviations:
       2002 2003  -4.8 SD

====================================================================================================================================

 FFL11A    1965 to  2010      46 years                                                                                    Series  18

 [A] Segment   High   -10   -9   -8   -7   -6   -5   -4   -3   -2   -1   +0   +1   +2   +3   +4   +5   +6   +7   +8   +9  +10
    ---------  ----   ---  ---  ---  ---  ---  ---  ---  ---  ---  ---  ---  ---  ---  ---  ---  ---  ---  ---  ---  ---  ---
    1965 2010   -1   -.15 -.17  .00 -.13 -.21  .08 -.18  .10  .00  .44* .18|   -    -    -    -    -    -    -    -    -    -

 [B] Entire series, effect on correlation (  .185) is:
       Lower   2000< -.077   1995> -.053   1999> -.032   1996< -.028   1967< -.017   1970< -.016  Higher   2002  .093   2010  .037
     1965 to 2010 segment:
       Lower   2000< -.077   1995> -.053   1999> -.032   1996< -.028   1967< -.017   1970< -.016  Higher   2002  .093   2010  .037

 [C] Year-to-year changes diverging by over 4.0 std deviations:
       1999 2000  -4.3 SD

 [E] Outliers     1   3.0 SD above or -4.5 SD below mean for year
       1999 +3.2 SD
====================================================================================================================================

 FFL11B    1955 to  2010      56 years                                                                                    Series  19

 [A] Segment   High   -10   -9   -8   -7   -6   -5   -4   -3   -2   -1   +0   +1   +2   +3   +4   +5   +6   +7   +8   +9  +10
    ---------  ----   ---  ---  ---  ---  ---  ---  ---  ---  ---  ---  ---  ---  ---  ---  ---  ---  ---  ---  ---  ---  ---
    1955 2004   -3   -.09 -.33 -.21 -.19 -.12  .05  .01  .33* .21  .31  .26| .18  .27 -.09  .04 -.04 -.21    -    -    -    -

 [B] Entire series, effect on correlation (  .334) is:
       Lower   1959< -.042   1999> -.037   1960> -.028   1957> -.014   1997> -.013   1981< -.012  Higher   2010  .044   1961  .033
     1955 to 2004 segment:
       Lower   1959< -.044   1999> -.038   1960> -.028   1957> -.014   1981< -.014   1997> -.012  Higher   1961  .041   1982  .035

====================================================================================================================================

 FFL12A    1950 to  2010      61 years                                                                                    Series  20

 [A] Segment   High   -10   -9   -8   -7   -6   -5   -4   -3   -2   -1   +0   +1   +2   +3   +4   +5   +6   +7   +8   +9  +10
    ---------  ----   ---  ---  ---  ---  ---  ---  ---  ---  ---  ---  ---  ---  ---  ---  ---  ---  ---  ---  ---  ---  ---
    1950 1999   -2   -.02 -.03 -.19  .16 -.12 -.02 -.08 -.21  .24*-.01  .19| .19  .07  .02 -.07  .10 -.12 -.11 -.04 -.21 -.17
    1961 2010   -2   -.06 -.06 -.20  .09 -.14 -.07 -.11 -.16  .25* .03  .19|   -    -    -    -    -    -    -    -    -    -

 [B] Entire series, effect on correlation (  .236) is:
       Lower   1968< -.126   1999> -.030   1978> -.029   1959> -.023   1984< -.019   1995> -.014  Higher   1982  .035   2010  .033
     1950 to 1999 segment:
       Lower   1968< -.130   1999> -.037   1978> -.034   1959> -.028   1984< -.022   1995> -.017  Higher   1982  .047   1964  .023
     1961 to 2010 segment:
       Lower   1968< -.131   1999> -.036   1978> -.036   1984< -.018   1995> -.018   2002> -.014  Higher   1982  .042   2010  .040

 [D]    1 Absent rings:  Year   Master  N series Absent
                         2010    -.970      23       1
  >> WARNING:  Last ring in series is ABSENT

 [E] Outliers     1   3.0 SD above or -4.5 SD below mean for year
       1968 -6.0 SD
====================================================================================================================================

 FFL12B    1933 to  2009      77 years                                                                                    Series  21

 [*] Early part of series cannot be checked from 1933 to 1941 -- not matched by another series

 [A] Segment   High   -10   -9   -8   -7   -6   -5   -4   -3   -2   -1   +0   +1   +2   +3   +4   +5   +6   +7   +8   +9  +10
    ---------  ----   ---  ---  ---  ---  ---  ---  ---  ---  ---  ---  ---  ---  ---  ---  ---  ---  ---  ---  ---  ---  ---
    1942 1991   -4      -  .05 -.08  .14  .07 -.09  .22* .04  .22  .16  .15| .20 -.02  .02  .03 -.26 -.14 -.17 -.16 -.34 -.24
    1950 1999   -2   -.16  .06 -.20  .10 -.02  .00  .14 -.15  .52* .13  .16| .18  .17 -.04 -.10  .03 -.18 -.14 -.15 -.31 -.28
    1960 2009   -2   -.12 -.02 -.14  .02  .00 -.06  .19 -.07  .51* .13  .13| .12    -    -    -    -    -    -    -    -    -

 [B] Entire series, effect on correlation (  .151) is:
       Lower   1984< -.040   1943< -.036   1995> -.024   1991< -.023   1945< -.014   1951< -.012  Higher   1947  .023   2008  .017
     1942 to 1991 segment:
       Lower   1984< -.064   1943< -.056   1991< -.035   1945< -.021   1951< -.018   1977> -.017  Higher   1947  .037   1954  .025
     1950 to 1999 segment:
       Lower   1984< -.065   1991< -.037   1995> -.037   1951< -.020   1989< -.016   1977> -.011  Higher   1966  .024   1994  .022
     1960 to 2009 segment:
       Lower   1984< -.053   1995> -.033   1991< -.032   1989< -.014   1977> -.013   2003< -.011  Higher   2008  .024   1980  .022

 [C] Year-to-year changes diverging by over 4.0 std deviations:
       1942 1943  -4.6 SD

 [E] Outliers     1   3.0 SD above or -4.5 SD below mean for year
       1984 -5.6 SD
====================================================================================================================================

 FFL13A    1971 to  2010      40 years                                                                                    Series  22

 [A] Segment   High   -10   -9   -8   -7   -6   -5   -4   -3   -2   -1   +0   +1   +2   +3   +4   +5   +6   +7   +8   +9  +10
    ---------  ----   ---  ---  ---  ---  ---  ---  ---  ---  ---  ---  ---  ---  ---  ---  ---  ---  ---  ---  ---  ---  ---
    1971 2010   -1   -.27 -.21 -.02 -.11 -.09 -.10  .04  .06 -.11  .48* .14|   -    -    -    -    -    -    -    -    -    -

 [B] Entire series, effect on correlation (  .137) is:
       Lower   1996< -.119   1983< -.057   1995> -.051   1982> -.027   1981< -.021   1976< -.019  Higher   2002  .139   2010  .049
     1971 to 2010 segment:
       Lower   1996< -.119   1983< -.057   1995> -.051   1982> -.027   1981< -.021   1976< -.019  Higher   2002  .139   2010  .049

 [C] Year-to-year changes diverging by over 4.0 std deviations:
       1982 1983  -4.0 SD

 [E] Outliers     1   3.0 SD above or -4.5 SD below mean for year
       1976 -4.5 SD
====================================================================================================================================

 FFL13B    1965 to  2010      46 years                                                                                    Series  23

 [B] Entire series, effect on correlation (  .632) is:
       Lower   1967< -.112   1976> -.019   1973< -.014   2002> -.012   2004> -.008   1968> -.007  Higher   1982  .048   1995  .039

====================================================================================================================================

 FFL14A    1942 to  2009      68 years                                                                                    Series  24

 [A] Segment   High   -10   -9   -8   -7   -6   -5   -4   -3   -2   -1   +0   +1   +2   +3   +4   +5   +6   +7   +8   +9  +10
    ---------  ----   ---  ---  ---  ---  ---  ---  ---  ---  ---  ---  ---  ---  ---  ---  ---  ---  ---  ---  ---  ---  ---
    1942 1991   -4      - -.24 -.21  .12 -.06 -.06  .24* .00  .20  .00  .23| .23 -.01 -.01  .00 -.19 -.05 -.03 -.27 -.24 -.12
    1950 1999   -2   -.02 -.14 -.29  .12 -.10  .00  .02 -.08  .52*-.02  .15| .14  .23 -.18 -.10  .22 -.18 -.07 -.26 -.16 -.11
    1960 2009   -2   -.08 -.15 -.22  .09 -.05  .00  .01 -.01  .49*-.05  .13| .10    -    -    -    -    -    -    -    -    -

 [B] Entire series, effect on correlation (  .154) is:
       Lower   1943> -.043   1997< -.036   1995> -.033   1999> -.026   1980> -.016   1984< -.016  Higher   1942  .019   1982  .019
     1942 to 1991 segment:
       Lower   1943> -.086   1984< -.038   1980> -.031   1979> -.029   1945> -.026   1989< -.023  Higher   1942  .033   1982  .033
     1950 to 1999 segment:
       Lower   1995> -.051   1997< -.044   1999> -.042   1980> -.025   1984< -.023   1979> -.021  Higher   1964  .028   1982  .024
     1960 to 2009 segment:
       Lower   1995> -.046   1999> -.037   1997< -.029   1980> -.023   1979> -.021   1984< -.019  Higher   1982  .029   1961  .028

 [C] Year-to-year changes diverging by over 4.0 std deviations:
       1942 1943   4.6 SD

 [E] Outliers     2   3.0 SD above or -4.5 SD below mean for year
       1979 +3.2 SD;    1980 +3.5 SD
====================================================================================================================================

 FFL14B    1946 to  2010      65 years                                                                                    Series  25

 [A] Segment   High   -10   -9   -8   -7   -6   -5   -4   -3   -2   -1   +0   +1   +2   +3   +4   +5   +6   +7   +8   +9  +10
    ---------  ----   ---  ---  ---  ---  ---  ---  ---  ---  ---  ---  ---  ---  ---  ---  ---  ---  ---  ---  ---  ---  ---
    1946 1995   -2   -.12 -.08 -.11  .17  .15  .15  .11  .14  .47*-.01  .07| .01 -.09 -.24 -.18 -.21  .07 -.31 -.04 -.19 -.03
    1950 1999   -2   -.08 -.07 -.18  .17  .01  .11  .08 -.02  .54*-.05  .05|-.05  .09 -.26 -.19  .09 -.05 -.17 -.05 -.13 -.02
    1961 2010   -2   -.16 -.06 -.14  .06 -.03  .06 -.05  .02  .44*-.04  .11|   -    -    -    -    -    -    -    -    -    -

 [B] Entire series, effect on correlation (  .111) is:
       Lower   1946> -.026   1995> -.026   1979> -.025   1999> -.025   1984< -.020   1989< -.020  Higher   1961  .034   1947  .027
     1946 to 1995 segment:
       Lower   1979> -.041   1946> -.040   1995> -.039   1989< -.030   1980> -.030   1984< -.028  Higher   1961  .062   1947  .042
     1950 to 1999 segment:
       Lower   1995> -.034   1999> -.033   1979> -.031   1980> -.026   1989< -.024   1984< -.024  Higher   1961  .047   1994  .026
     1961 to 2010 segment:
       Lower   1995> -.035   1979> -.034   1999> -.034   1980> -.026   1989< -.024   1984< -.023  Higher   1961  .045   2002  .022

 [E] Outliers     3   3.0 SD above or -4.5 SD below mean for year
       1979 +3.4 SD;    1980 +3.7 SD;    1985 -5.2 SD
====================================================================================================================================
PART 7:  DESCRIPTIVE STATISTICS: ff                                                                12:31  Mon 07 Nov 2011  Page   6
------------------------------------------------------------------------------------------------------------------------------------

                                                Corr   //-------- Unfiltered --------\\  //---- Filtered -----\\
                           No.    No.    No.    with   Mean   Max     Std   Auto   Mean   Max     Std   Auto  AR
 Seq Series   Interval   Years  Segmt  Flags   Master  msmt   msmt    dev   corr   sens  value    dev   corr  ()
 --- -------- ---------  -----  -----  -----   ------ -----  -----  -----  -----  -----  -----  -----  -----  --
   1 FFL01A   1965 2010     46      1      0    .582   1.43   3.30   .840   .728   .344   2.64   .356   .023   3
   2 FFL01B   1966 2010     45      1      0    .671   1.12   2.31   .609   .749   .346   2.75   .581  -.107   1
   3 FFL02A   1965 2010     46      1      0    .671   2.00   5.17  1.359   .715   .301   2.69   .489  -.132   1
   4 FFL02B   1965 2010     46      1      0    .696   2.18   4.64  1.231   .785   .251   3.02   .638   .039   2
   5 FFL03A   1966 2010     45      1      0    .481    .89   2.73   .600   .805   .361   2.63   .542   .062   3
   6 FFL03B   1966 2010     45      1      0    .625    .94   2.59   .727   .829   .359   2.51   .416  -.033   2
   7 FFL04A   1965 2010     46      1      0    .745    .91   2.29   .495   .618   .383   2.60   .491  -.020   1
   8 FFL04B   1965 2010     46      1      0    .582    .71   1.65   .324   .403   .420   2.69   .569  -.018   1
   9 FFL05A   1966 2010     45      1      0    .694    .63   1.78   .409   .701   .385   2.67   .580  -.034   1
  10 FFL05B   1967 2010     44      1      0    .552    .66   1.59   .403   .714   .327   2.66   .599   .051   1
  11 FFL06A   1965 2010     46      1      0    .738    .90   1.90   .417   .650   .313   2.56   .520  -.028   1
  12 FFL06B   1965 2010     46      1      0    .705    .98   2.37   .532   .747   .321   2.60   .478  -.047   1
  13 FFL08A   1966 2010     45      1      0    .690   1.35   3.17   .872   .783   .337   2.44   .454  -.074   1
  14 FFL08B   1965 2010     46      1      0    .603    .89   2.01   .575   .672   .419   2.68   .796   .087   1
  15 FFL09A   1959 2010     52      2      0    .676   2.21   4.94  1.112   .835   .287   2.80   .630  -.120   1
  16 FFL09B   1949 2010     62      3      0    .482   3.19   6.12  1.582   .833   .285   2.44   .442  -.056   1
  17 FFL10B   1971 2010     40      1      1    .324   2.60   5.99  1.238   .770   .241   2.59   .418  -.030   2
  18 FFL11A   1965 2010     46      1      1    .185   1.91   3.71   .784   .635   .291   2.50   .478  -.073   2
  19 FFL11B   1955 2010     56      2      1    .334   1.39   3.27   .696   .753   .279   2.56   .512  -.030   1
  20 FFL12A   1950 2010     61      2      2    .236   2.19   6.12  1.289   .844   .308   2.54   .356  -.004   1
  21 FFL12B   1933 2009     77      3      3    .151   1.31   2.86   .733   .706   .333   2.66   .456  -.078   2
  22 FFL13A   1971 2010     40      1      1    .137   3.44   5.86  1.293   .502   .318   2.34   .522  -.032   1
  23 FFL13B   1965 2010     46      1      0    .632   2.92   5.71  1.316   .710   .301   2.63   .632  -.078   1
  24 FFL14A   1942 2009     68      3      3    .154   1.92   4.23   .978   .833   .219   2.41   .354  -.044   1
  25 FFL14B   1946 2010     65      3      3    .111   2.12   5.73  1.295   .880   .293   2.58   .413  -.043   2
 --- -------- ---------  -----  -----  -----   ------ -----  -----  -----  -----  -----  -----  -----  -----  --
 Total or mean:           1250     36     15    .478   1.65   6.12   .885   .736   .318   3.02   .502  -.035
PART 8:  ADJUSTMENTS FOR UNDATED SERIES: ff                                                        12:31  Mon 07 Nov 2011  Page   7
------------------------------------------------------------------------------------------------------------------------------------

 Time span  1933  2010    78 years, best matches for  50-year segments lagged  25 years
 Listed in order from highest correlation

           Counted       Corr      Corr      Corr      Corr      Corr      Corr      Corr      Corr      Corr      Corr      Corr
 Series    Segment   Add  # 1  Add  # 2  Add  # 3  Add  # 4  Add  # 5  Add  # 6  Add  # 7  Add  # 8  Add  # 9  Add  #10  Add  #11
 -------- ---------  --------  --------  --------  --------  --------  --------  --------  --------  --------  --------  --------
 FFD01A   1969 1999     0 .42     2 .37   -26 .27   -20 .25    -2 .25   -34 .23     7 .22   -21 .22   -15 .21   -23 .19     4 .19
===================  ========  ========  ========  ========  ========  ========  ========  ========  ========  ========  ========
           Counted       Corr      Corr      Corr      Corr      Corr      Corr      Corr      Corr      Corr      Corr      Corr
 Series    Segment   Add  # 1  Add  # 2  Add  # 3  Add  # 4  Add  # 5  Add  # 6  Add  # 7  Add  # 8  Add  # 9  Add  #10  Add  #11
 -------- ---------  --------  --------  --------  --------  --------  --------  --------  --------  --------  --------  --------
 FFD01B   1969 2000     3 .37   -23 .35     0 .32   -26 .29   -10 .28   -24 .19     7 .19    -8 .18     1 .17   -21 .17   -13 .14
===================  ========  ========  ========  ========  ========  ========  ========  ========  ========  ========  ========
           Counted       Corr      Corr      Corr      Corr      Corr      Corr      Corr      Corr      Corr      Corr      Corr
 Series    Segment   Add  # 1  Add  # 2  Add  # 3  Add  # 4  Add  # 5  Add  # 6  Add  # 7  Add  # 8  Add  # 9  Add  #10  Add  #11
 -------- ---------  --------  --------  --------  --------  --------  --------  --------  --------  --------  --------  --------
 FFD02A   1975 1999   -14 .43   -40 .42     3 .41    -1 .40     0 .39   -26 .37   -21 .27   -19 .27   -27 .25   -24 .24   -25 .21
===================  ========  ========  ========  ========  ========  ========  ========  ========  ========  ========  ========
           Counted       Corr      Corr      Corr      Corr      Corr      Corr      Corr      Corr      Corr      Corr      Corr
 Series    Segment   Add  # 1  Add  # 2  Add  # 3  Add  # 4  Add  # 5  Add  # 6  Add  # 7  Add  # 8  Add  # 9  Add  #10  Add  #11
 -------- ---------  --------  --------  --------  --------  --------  --------  --------  --------  --------  --------  --------
 FFD02B   1975 1998     5 .45    -2 .39   -37 .38   -18 .32   -25 .30     0 .30   -41 .28     2 .28     1 .27   -21 .25   -19 .23
===================  ========  ========  ========  ========  ========  ========  ========  ========  ========  ========  ========
           Counted       Corr      Corr      Corr      Corr      Corr      Corr      Corr      Corr      Corr      Corr      Corr
 Series    Segment   Add  # 1  Add  # 2  Add  # 3  Add  # 4  Add  # 5  Add  # 6  Add  # 7  Add  # 8  Add  # 9  Add  #10  Add  #11
 -------- ---------  --------  --------  --------  --------  --------  --------  --------  --------  --------  --------  --------
 FFD03A   1973 1998   -37 .34   -11 .30     0 .29   -25 .29   -18 .25     6 .23   -23 .23    -3 .23    -1 .22   -24 .20     9 .19
===================  ========  ========  ========  ========  ========  ========  ========  ========  ========  ========  ========
           Counted       Corr      Corr      Corr      Corr      Corr      Corr      Corr      Corr      Corr      Corr      Corr
 Series    Segment   Add  # 1  Add  # 2  Add  # 3  Add  # 4  Add  # 5  Add  # 6  Add  # 7  Add  # 8  Add  # 9  Add  #10  Add  #11
 -------- ---------  --------  --------  --------  --------  --------  --------  --------  --------  --------  --------  --------
 FFD03B   1973 1999   -31 .32    -3 .31   -27 .25     3 .20   -18 .20    -1 .19   -37 .18     0 .18   -39 .16   -30 .16   -13 .15
===================  ========  ========  ========  ========  ========  ========  ========  ========  ========  ========  ========
           Counted       Corr      Corr      Corr      Corr      Corr      Corr      Corr      Corr      Corr      Corr      Corr
 Series    Segment   Add  # 1  Add  # 2  Add  # 3  Add  # 4  Add  # 5  Add  # 6  Add  # 7  Add  # 8  Add  # 9  Add  #10  Add  #11
 -------- ---------  --------  --------  --------  --------  --------  --------  --------  --------  --------  --------  --------
 FFD04A   1972 1999     1 .51   -23 .42     3 .40     0 .38   -24 .37   -26 .37   -25 .36   -20 .27   -22 .26   -18 .25   -37 .25
===================  ========  ========  ========  ========  ========  ========  ========  ========  ========  ========  ========
           Counted       Corr      Corr      Corr      Corr      Corr      Corr      Corr      Corr      Corr      Corr      Corr
 Series    Segment   Add  # 1  Add  # 2  Add  # 3  Add  # 4  Add  # 5  Add  # 6  Add  # 7  Add  # 8  Add  # 9  Add  #10  Add  #11
 -------- ---------  --------  --------  --------  --------  --------  --------  --------  --------  --------  --------  --------
 FFD04B   1972 1999   -23 .43     0 .42   -26 .37   -24 .34   -25 .33    -1 .32     3 .31   -18 .25     1 .24   -20 .22   -21 .20
===================  ========  ========  ========  ========  ========  ========  ========  ========  ========  ========  ========
           Counted       Corr      Corr      Corr      Corr      Corr      Corr      Corr      Corr      Corr      Corr      Corr
 Series    Segment   Add  # 1  Add  # 2  Add  # 3  Add  # 4  Add  # 5  Add  # 6  Add  # 7  Add  # 8  Add  # 9  Add  #10  Add  #11
 -------- ---------  --------  --------  --------  --------  --------  --------  --------  --------  --------  --------  --------
 FFD05A   1969 1999     3 .58     0 .47    -4 .42   -17 .28   -20 .28   -24 .26   -21 .24   -19 .24   -22 .23   -23 .22    -2 .21
===================  ========  ========  ========  ========  ========  ========  ========  ========  ========  ========  ========
           Counted       Corr      Corr      Corr      Corr      Corr      Corr      Corr      Corr      Corr      Corr      Corr
 Series    Segment   Add  # 1  Add  # 2  Add  # 3  Add  # 4  Add  # 5  Add  # 6  Add  # 7  Add  # 8  Add  # 9  Add  #10  Add  #11
 -------- ---------  --------  --------  --------  --------  --------  --------  --------  --------  --------  --------  --------
 FFD05B   1969 1998     0 .46     4 .44   -23 .38     2 .36   -22 .31     7 .31   -24 .24   -20 .20   -25 .19   -19 .17   -21 .16
===================  ========  ========  ========  ========  ========  ========  ========  ========  ========  ========  ========
           Counted       Corr      Corr      Corr      Corr      Corr      Corr      Corr      Corr      Corr      Corr      Corr
 Series    Segment   Add  # 1  Add  # 2  Add  # 3  Add  # 4  Add  # 5  Add  # 6  Add  # 7  Add  # 8  Add  # 9  Add  #10  Add  #11
 -------- ---------  --------  --------  --------  --------  --------  --------  --------  --------  --------  --------  --------
 FFD06A   1976 2004   -26 .45    -4 .45   -27 .32     0 .30   -24 .24     3 .23    -2 .22   -25 .21    -3 .20     1 .18   -42 .17
===================  ========  ========  ========  ========  ========  ========  ========  ========  ========  ========  ========
           Counted       Corr      Corr      Corr      Corr      Corr      Corr      Corr      Corr      Corr      Corr      Corr
 Series    Segment   Add  # 1  Add  # 2  Add  # 3  Add  # 4  Add  # 5  Add  # 6  Add  # 7  Add  # 8  Add  # 9  Add  #10  Add  #11
 -------- ---------  --------  --------  --------  --------  --------  --------  --------  --------  --------  --------  --------
 FFD06B   1976 2004     0 .56   -26 .49   -24 .43    -4 .39   -27 .38    -3 .32   -22 .19   -19 .19   -43 .18   -25 .18    -2 .15
===================  ========  ========  ========  ========  ========  ========  ========  ========  ========  ========  ========
           Counted       Corr      Corr      Corr      Corr      Corr      Corr      Corr      Corr      Corr      Corr      Corr
 Series    Segment   Add  # 1  Add  # 2  Add  # 3  Add  # 4  Add  # 5  Add  # 6  Add  # 7  Add  # 8  Add  # 9  Add  #10  Add  #11
 -------- ---------  --------  --------  --------  --------  --------  --------  --------  --------  --------  --------  --------
 FFD07A   1968 1995     0 .55   -22 .46   -21 .30   -34 .28     4 .28     2 .26     3 .24   -26 .23   -23 .18     6 .17   -24 .14
===================  ========  ========  ========  ========  ========  ========  ========  ========  ========  ========  ========
           Counted       Corr      Corr      Corr      Corr      Corr      Corr      Corr      Corr      Corr      Corr      Corr
 Series    Segment   Add  # 1  Add  # 2  Add  # 3  Add  # 4  Add  # 5  Add  # 6  Add  # 7  Add  # 8  Add  # 9  Add  #10  Add  #11
 -------- ---------  --------  --------  --------  --------  --------  --------  --------  --------  --------  --------  --------
 FFD07B   1968 1995     0 .51   -22 .40     4 .39   -21 .35     2 .32     6 .29   -26 .24   -34 .21   -20 .20     3 .19   -19 .16
===================  ========  ========  ========  ========  ========  ========  ========  ========  ========  ========  ========
           Counted       Corr      Corr      Corr      Corr      Corr      Corr      Corr      Corr      Corr      Corr      Corr
 Series    Segment   Add  # 1  Add  # 2  Add  # 3  Add  # 4  Add  # 5  Add  # 6  Add  # 7  Add  # 8  Add  # 9  Add  #10  Add  #11
 -------- ---------  --------  --------  --------  --------  --------  --------  --------  --------  --------  --------  --------
 FFD08A   1967 1997     0 .45   -17 .43   -15 .28     4 .28   -21 .28     7 .27   -34 .25   -19 .25   -16 .24     6 .24   -13 .18
===================  ========  ========  ========  ========  ========  ========  ========  ========  ========  ========  ========
           Counted       Corr      Corr      Corr      Corr      Corr      Corr      Corr      Corr      Corr      Corr      Corr
 Series    Segment   Add  # 1  Add  # 2  Add  # 3  Add  # 4  Add  # 5  Add  # 6  Add  # 7  Add  # 8  Add  # 9  Add  #10  Add  #11
 -------- ---------  --------  --------  --------  --------  --------  --------  --------  --------  --------  --------  --------
 FFD08B   1967 1998     7 .50     0 .50   -34 .37     4 .31   -13 .29   -18 .29     5 .26   -22 .23   -15 .23   -17 .21   -19 .18
===================  ========  ========  ========  ========  ========  ========  ========  ========  ========  ========  ========
           Counted       Corr      Corr      Corr      Corr      Corr      Corr      Corr      Corr      Corr      Corr      Corr
 Series    Segment   Add  # 1  Add  # 2  Add  # 3  Add  # 4  Add  # 5  Add  # 6  Add  # 7  Add  # 8  Add  # 9  Add  #10  Add  #11
 -------- ---------  --------  --------  --------  --------  --------  --------  --------  --------  --------  --------  --------
 FFD09A   1953 1989    18 .29     0 .28    19 .25    15 .24    -8 .23    20 .22    17 .20    13 .18    -6 .17    -2 .15   -19 .14
===================  ========  ========  ========  ========  ========  ========  ========  ========  ========  ========  ========
           Counted       Corr      Corr      Corr      Corr      Corr      Corr      Corr      Corr      Corr      Corr      Corr
 Series    Segment   Add  # 1  Add  # 2  Add  # 3  Add  # 4  Add  # 5  Add  # 6  Add  # 7  Add  # 8  Add  # 9  Add  #10  Add  #11
 -------- ---------  --------  --------  --------  --------  --------  --------  --------  --------  --------  --------  --------
 FFD09B   1953 1989    15 .29     0 .28    19 .24    17 .23    18 .22    20 .22    13 .21    -5 .18    -3 .16     2 .13    -2 .13
===================  ========  ========  ========  ========  ========  ========  ========  ========  ========  ========  ========
           Counted       Corr      Corr      Corr      Corr      Corr      Corr      Corr      Corr      Corr      Corr      Corr
 Series    Segment   Add  # 1  Add  # 2  Add  # 3  Add  # 4  Add  # 5  Add  # 6  Add  # 7  Add  # 8  Add  # 9  Add  #10  Add  #11
 -------- ---------  --------  --------  --------  --------  --------  --------  --------  --------  --------  --------  --------
 FFD10A   1971 2000     0 .69    -2 .28   -27 .27   -26 .26   -24 .25     2 .23   -25 .23   -23 .21   -13 .21   -10 .19   -21 .18
===================  ========  ========  ========  ========  ========  ========  ========  ========  ========  ========  ========
           Counted       Corr      Corr      Corr      Corr      Corr      Corr      Corr      Corr      Corr      Corr      Corr
 Series    Segment   Add  # 1  Add  # 2  Add  # 3  Add  # 4  Add  # 5  Add  # 6  Add  # 7  Add  # 8  Add  # 9  Add  #10  Add  #11
 -------- ---------  --------  --------  --------  --------  --------  --------  --------  --------  --------  --------  --------
 FFD10B   1971 2003   -25 .37     0 .37     2 .34    -2 .28   -23 .28   -24 .24   -37 .23   -11 .22   -26 .15     5 .13   -36 .11
===================  ========  ========  ========  ========  ========  ========  ========  ========  ========  ========  ========
           Counted       Corr      Corr      Corr      Corr      Corr      Corr      Corr      Corr      Corr      Corr      Corr
 Series    Segment   Add  # 1  Add  # 2  Add  # 3  Add  # 4  Add  # 5  Add  # 6  Add  # 7  Add  # 8  Add  # 9  Add  #10  Add  #11
 -------- ---------  --------  --------  --------  --------  --------  --------  --------  --------  --------  --------  --------
 FFD11A   1969 1999     4 .29     0 .27   -24 .27     1 .24     2 .23   -25 .22   -16 .18   -26 .15   -30 .14    -2 .14   -19 .11
===================  ========  ========  ========  ========  ========  ========  ========  ========  ========  ========  ========
           Counted       Corr      Corr      Corr      Corr      Corr      Corr      Corr      Corr      Corr      Corr      Corr
 Series    Segment   Add  # 1  Add  # 2  Add  # 3  Add  # 4  Add  # 5  Add  # 6  Add  # 7  Add  # 8  Add  # 9  Add  #10  Add  #11
 -------- ---------  --------  --------  --------  --------  --------  --------  --------  --------  --------  --------  --------
 FFD11B   1970 1999     3 .50     0 .48    -4 .43   -19 .38   -22 .29   -24 .28   -27 .26   -20 .26    -1 .25   -21 .25   -26 .25
===================  ========  ========  ========  ========  ========  ========  ========  ========  ========  ========  ========
           Counted       Corr      Corr      Corr      Corr      Corr      Corr      Corr      Corr      Corr      Corr      Corr
 Series    Segment   Add  # 1  Add  # 2  Add  # 3  Add  # 4  Add  # 5  Add  # 6  Add  # 7  Add  # 8  Add  # 9  Add  #10  Add  #11
 -------- ---------  --------  --------  --------  --------  --------  --------  --------  --------  --------  --------  --------
 FFD12A   1971 2002   -23 .57     0 .45    -2 .42   -22 .40   -21 .36    -4 .34   -27 .32   -28 .24   -24 .24   -26 .24   -25 .23
===================  ========  ========  ========  ========  ========  ========  ========  ========  ========  ========  ========
           Counted       Corr      Corr      Corr      Corr      Corr      Corr      Corr      Corr      Corr      Corr      Corr
 Series    Segment   Add  # 1  Add  # 2  Add  # 3  Add  # 4  Add  # 5  Add  # 6  Add  # 7  Add  # 8  Add  # 9  Add  #10  Add  #11
 -------- ---------  --------  --------  --------  --------  --------  --------  --------  --------  --------  --------  --------
 FFD12B   1970 2000     0 .50     3 .40   -17 .34   -19 .33    -4 .31     5 .25   -20 .24   -22 .24   -25 .20    -2 .20   -21 .17
===================  ========  ========  ========  ========  ========  ========  ========  ========  ========  ========  ========
           Counted       Corr      Corr      Corr      Corr      Corr      Corr      Corr      Corr      Corr      Corr      Corr
 Series    Segment   Add  # 1  Add  # 2  Add  # 3  Add  # 4  Add  # 5  Add  # 6  Add  # 7  Add  # 8  Add  # 9  Add  #10  Add  #11
 -------- ---------  --------  --------  --------  --------  --------  --------  --------  --------  --------  --------  --------
 FFD13A   1972 2000   -11 .45   -16 .31   -22 .24   -37 .24     0 .23   -26 .17     4 .16   -23 .15   -30 .14   -18 .13     3 .13
===================  ========  ========  ========  ========  ========  ========  ========  ========  ========  ========  ========
           Counted       Corr      Corr      Corr      Corr      Corr      Corr      Corr      Corr      Corr      Corr      Corr
 Series    Segment   Add  # 1  Add  # 2  Add  # 3  Add  # 4  Add  # 5  Add  # 6  Add  # 7  Add  # 8  Add  # 9  Add  #10  Add  #11
 -------- ---------  --------  --------  --------  --------  --------  --------  --------  --------  --------  --------  --------
 FFD13B   1972 2000     3 .40     0 .38   -17 .32     5 .30   -14 .29   -24 .20   -26 .18   -15 .15   -29 .15   -11 .15     2 .13
===================  ========  ========  ========  ========  ========  ========  ========  ========  ========  ========  ========
           Counted       Corr      Corr      Corr      Corr      Corr      Corr      Corr      Corr      Corr      Corr      Corr
 Series    Segment   Add  # 1  Add  # 2  Add  # 3  Add  # 4  Add  # 5  Add  # 6  Add  # 7  Add  # 8  Add  # 9  Add  #10  Add  #11
 -------- ---------  --------  --------  --------  --------  --------  --------  --------  --------  --------  --------  --------
 FFD14A   1969 1999    -2 .55   -28 .37     0 .30   -10 .24   -26 .21   -24 .20   -25 .19   -12 .18   -29 .17    -5 .16   -27 .15
===================  ========  ========  ========  ========  ========  ========  ========  ========  ========  ========  ========
           Counted       Corr      Corr      Corr      Corr      Corr      Corr      Corr      Corr      Corr      Corr      Corr
 Series    Segment   Add  # 1  Add  # 2  Add  # 3  Add  # 4  Add  # 5  Add  # 6  Add  # 7  Add  # 8  Add  # 9  Add  #10  Add  #11
 -------- ---------  --------  --------  --------  --------  --------  --------  --------  --------  --------  --------  --------
 FFD14B   1968 1997   -26 .37     0 .34   -10 .32    -7 .25   -29 .24   -13 .24    -5 .22   -12 .21   -31 .18    -8 .18   -28 .17
===================  ========  ========  ========  ========  ========  ========  ========  ========  ========  ========  ========
           Counted       Corr      Corr      Corr      Corr      Corr      Corr      Corr      Corr      Corr      Corr      Corr
 Series    Segment   Add  # 1  Add  # 2  Add  # 3  Add  # 4  Add  # 5  Add  # 6  Add  # 7  Add  # 8  Add  # 9  Add  #10  Add  #11
 -------- ---------  --------  --------  --------  --------  --------  --------  --------  --------  --------  --------  --------
 FFD15A   1974 2000   -21 .46   -39 .40     0 .38   -16 .36     2 .33   -23 .28     5 .26    -3 .22   -19 .21     3 .21   -22 .21
===================  ========  ========  ========  ========  ========  ========  ========  ========  ========  ========  ========
           Counted       Corr      Corr      Corr      Corr      Corr      Corr      Corr      Corr      Corr      Corr      Corr
 Series    Segment   Add  # 1  Add  # 2  Add  # 3  Add  # 4  Add  # 5  Add  # 6  Add  # 7  Add  # 8  Add  # 9  Add  #10  Add  #11
 -------- ---------  --------  --------  --------  --------  --------  --------  --------  --------  --------  --------  --------
 FFD15B   1973 2000     0 .43     3 .41   -23 .40     1 .29     5 .27   -16 .24    -2 .23   -19 .21   -39 .19   -24 .19   -38 .18
===================  ========  ========  ========  ========  ========  ========  ========  ========  ========  ========  ========
           Counted       Corr      Corr      Corr      Corr      Corr      Corr      Corr      Corr      Corr      Corr      Corr
 Series    Segment   Add  # 1  Add  # 2  Add  # 3  Add  # 4  Add  # 5  Add  # 6  Add  # 7  Add  # 8  Add  # 9  Add  #10  Add  #11
 -------- ---------  --------  --------  --------  --------  --------  --------  --------  --------  --------  --------  --------
 FFD16A   1969 1997    -9 .40     7 .36   -24 .36     4 .31   -22 .20   -35 .18     2 .18     0 .17   -11 .16   -36 .16   -16 .13
===================  ========  ========  ========  ========  ========  ========  ========  ========  ========  ========  ========
           Counted       Corr      Corr      Corr      Corr      Corr      Corr      Corr      Corr      Corr      Corr      Corr
 Series    Segment   Add  # 1  Add  # 2  Add  # 3  Add  # 4  Add  # 5  Add  # 6  Add  # 7  Add  # 8  Add  # 9  Add  #10  Add  #11
 -------- ---------  --------  --------  --------  --------  --------  --------  --------  --------  --------  --------  --------
 FFD16B   1969 1997   -13 .38   -27 .37     0 .35   -26 .35   -10 .25    -8 .24   -23 .23    -5 .17    -2 .15     7 .14    -9 .13
===================  ========  ========  ========  ========  ========  ========  ========  ========  ========  ========  ========
           Counted       Corr      Corr      Corr      Corr      Corr      Corr      Corr      Corr      Corr      Corr      Corr
 Series    Segment   Add  # 1  Add  # 2  Add  # 3  Add  # 4  Add  # 5  Add  # 6  Add  # 7  Add  # 8  Add  # 9  Add  #10  Add  #11
 -------- ---------  --------  --------  --------  --------  --------  --------  --------  --------  --------  --------  --------
 FFD17A   1967 1997     0 .55     4 .39   -22 .38     7 .34   -19 .31   -17 .29   -21 .28     2 .27   -23 .22     5 .22     3 .20
===================  ========  ========  ========  ========  ========  ========  ========  ========  ========  ========  ========
           Counted       Corr      Corr      Corr      Corr      Corr      Corr      Corr      Corr      Corr      Corr      Corr
 Series    Segment   Add  # 1  Add  # 2  Add  # 3  Add  # 4  Add  # 5  Add  # 6  Add  # 7  Add  # 8  Add  # 9  Add  #10  Add  #11
 -------- ---------  --------  --------  --------  --------  --------  --------  --------  --------  --------  --------  --------
 FFD17B   1967 1994    -7 .54   -21 .42    13 .35     3 .35    10 .29   -22 .25     0 .25   -33 .21    -4 .14   -20 .14   -10 .13
===================  ========  ========  ========  ========  ========  ========  ========  ========  ========  ========  ========
           Counted       Corr      Corr      Corr      Corr      Corr      Corr      Corr      Corr      Corr      Corr      Corr
 Series    Segment   Add  # 1  Add  # 2  Add  # 3  Add  # 4  Add  # 5  Add  # 6  Add  # 7  Add  # 8  Add  # 9  Add  #10  Add  #11
 -------- ---------  --------  --------  --------  --------  --------  --------  --------  --------  --------  --------  --------
 FFD18A   1965 1998     2 .43   -19 .36     0 .36   -18 .29   -11 .28   -17 .25   -21 .24     6 .22     9 .21     5 .21   -16 .17
===================  ========  ========  ========  ========  ========  ========  ========  ========  ========  ========  ========
           Counted       Corr      Corr      Corr      Corr      Corr      Corr      Corr      Corr      Corr      Corr      Corr
 Series    Segment   Add  # 1  Add  # 2  Add  # 3  Add  # 4  Add  # 5  Add  # 6  Add  # 7  Add  # 8  Add  # 9  Add  #10  Add  #11
 -------- ---------  --------  --------  --------  --------  --------  --------  --------  --------  --------  --------  --------
 FFD18B   1965 1996     0 .63   -21 .37     5 .29   -23 .29   -22 .29     2 .28     4 .27   -19 .26   -18 .21   -17 .19    -3 .17
===================  ========  ========  ========  ========  ========  ========  ========  ========  ========  ========  ========
       36 undated series

                                              - = [  COFECHA FF   COF  ] = -
