[]  Dendrochronology Program Library                                        Run QQ     Program COF  21:53  Mon 07 Nov 2011  Page   1
[]
[]  P R O G R A M      C O F E C H A                                                                          Version 6.06P    28071
------------------------------------------------------------------------------------------------------------------------------------

 QUALITY CONTROL AND DATING CHECK OF TREE-RING MEASUREMENTS

 File of DATED series:   QQL.raw

 CONTENTS:

    Part 1:  Title page, options selected, summary, absent rings by series
    Part 2:  Histogram of time spans
    Part 3:  Master series with sample depth and absent rings by year
    Part 4:  Bar plot of Master Dating Series
    Part 5:  Correlation by segment of each series with Master
    Part 6:  Potential problems: low correlation, divergent year-to-year changes, absent rings, outliers
    Part 7:  Descriptive statistics

 RUN CONTROL OPTIONS SELECTED                             VALUE

         1  Cubic smoothing spline 50% wavelength cutoff for filtering
                                                            32 years
         2  Segments examined are                           50 years lagged successively by  25 years
         3  Autoregressive model applied                     A  Residuals are used in master dating series and testing
         4  Series transformed to logarithms                 Y  Each series log-transformed for master dating series and testing
         5  CORRELATION is Pearson (parametric, quantitative)
            Critical correlation, 99% confidence level   .3281
         6  Master dating series saved                       N
         7  Ring measurements listed                         N
         8  Parts printed                              1234567 
         9  Absent rings are omitted from master series and segment correlations  (Y)

 Time span of Master dating series is  1956 to  2011    56 years
 Continuous time span is               1956 to  2011    56 years
 Portion with two or more series is    1956 to  2011    56 years

 >> QQL09B      1995 absent in   1 of   36 series, but is not usually narrow: master index is   .082
 >> QQL12B      1959 absent in   2 of    4 series, but is not usually narrow: master index is  1.397
 >> QQL12A      1959 absent in   2 of    4 series, but is not usually narrow: master index is  1.397

                                        ****************************************
                                        *C* Number of dated series        36 *C*
                                        *O* Master series 1956 2011   56 yrs *O*
                                        *F* Total rings in all series   1613 *F*
                                        *E* Total dated rings checked   1613 *E*
                                        *C* Series intercorrelation     .642 *C*
                                        *H* Average mean sensitivity    .236 *H*
                                        *A* Segments, possible problems    1 *A*
                                        *** Mean length of series       44.8 ***
                                        ****************************************

 ABSENT RINGS listed by SERIES:            (See Master Dating Series for absent rings listed by year)

 QQL09B      1 absent rings:   1995
 QQL12B      1 absent rings:   1959
 QQL12A      1 absent rings:   1959

             3 absent rings    .186%
PART 2:  TIME PLOT OF TREE-RING SERIES:                                                            21:53  Mon 07 Nov 2011  Page   2
------------------------------------------------------------------------------------------------------------------------------------
 1050 1100 1150 1200 1250 1300 1350 1400 1450 1500 1550 1600 1650 1700 1750 1800 1850 1900 1950 2000 2050 Ident   Seq Time-span  Yrs
   :    :    :    :    :    :    :    :    :    :    :    :    :    :    :    :    :    :    :    :    : -------- --- ---- ---- ----
   .    .    .    .    .    .    .    .    .    .    .    .    .    .    .    .    .    .    . <===>   . QQL01A     1 1977 2011   35
   .    .    .    .    .    .    .    .    .    .    .    .    .    .    .    .    .    .    . <===>   . QQL01B     2 1977 2011   35
   .    .    .    .    .    .    .    .    .    .    .    .    .    .    .    .    .    .    .<====>   . QQL02A     3 1964 2011   48
   .    .    .    .    .    .    .    .    .    .    .    .    .    .    .    .    .    .    .<====>   . QQL02B     4 1964 2011   48
   .    .    .    .    .    .    .    .    .    .    .    .    .    .    .    .    .    .    .<====>   . QQL03A     5 1964 2011   48
   .    .    .    .    .    .    .    .    .    .    .    .    .    .    .    .    .    .    .<====>   . QQL03B     6 1964 2011   48
   .    .    .    .    .    .    .    .    .    .    .    .    .    .    .    .    .    .    .<====>   . QQL04A     7 1967 2011   45
   .    .    .    .    .    .    .    .    .    .    .    .    .    .    .    .    .    .    .<====>   . QQL04B     8 1967 2011   45
   .    .    .    .    .    .    .    .    .    .    .    .    .    .    .    .    .    .    .<====>   . QQL05A     9 1964 2011   48
   .    .    .    .    .    .    .    .    .    .    .    .    .    .    .    .    .    .    .<====>   . QQL05B    10 1964 2011   48
   .    .    .    .    .    .    .    .    .    .    .    .    .    .    .    .    .    .    .<====>   . QQL06A    11 1963 2011   49
   .    .    .    .    .    .    .    .    .    .    .    .    .    .    .    .    .    .    .<====>   . QQL06B    12 1963 2011   49
   .    .    .    .    .    .    .    .    .    .    .    .    .    .    .    .    .    .    .<====>   . QQL07A    13 1965 2011   47
   .    .    .    .    .    .    .    .    .    .    .    .    .    .    .    .    .    .    .<====>   . QQL07B    14 1965 2011   47
   .    .    .    .    .    .    .    .    .    .    .    .    .    .    .    .    .    .    .<====>   . QQL08A    15 1966 2011   46
   .    .    .    .    .    .    .    .    .    .    .    .    .    .    .    .    .    .    .<====>   . QQL08B    16 1966 2011   46
   .    .    .    .    .    .    .    .    .    .    .    .    .    .    .    .    .    .    .<====>   . QQL09A    17 1965 2011   47
   .    .    .    .    .    .    .    .    .    .    .    .    .    .    .    .    .    .    .<====>   . QQL09B    18 1965 2011   47
   .    .    .    .    .    .    .    .    .    .    .    .    .    .    .    .    .    .    .<====>   . QQL10A    19 1967 2011   45
   .    .    .    .    .    .    .    .    .    .    .    .    .    .    .    .    .    .    .<====>   . QQL10B    20 1967 2011   45
   .    .    .    .    .    .    .    .    .    .    .    .    .    .    .    .    .    .    <=====>   . QQL11A    21 1956 2011   56
   .    .    .    .    .    .    .    .    .    .    .    .    .    .    .    .    .    .    <=====>   . QQL11B    22 1956 2011   56
   .    .    .    .    .    .    .    .    .    .    .    .    .    .    .    .    .    .    <=====>   . QQL12B    23 1956 2011   56
   .    .    .    .    .    .    .    .    .    .    .    .    .    .    .    .    .    .    <=====>   . QQL12A    24 1956 2011   56
   .    .    .    .    .    .    .    .    .    .    .    .    .    .    .    .    .    .    . <===>   . QQL13A    25 1970 2011   42
   .    .    .    .    .    .    .    .    .    .    .    .    .    .    .    .    .    .    . <===>   . QQL13B    26 1973 2011   39
   .    .    .    .    .    .    .    .    .    .    .    .    .    .    .    .    .    .    .<====>   . QQL14A    27 1967 2011   45
   .    .    .    .    .    .    .    .    .    .    .    .    .    .    .    .    .    .    .<====>   . QQL14B    28 1967 2011   45
   .    .    .    .    .    .    .    .    .    .    .    .    .    .    .    .    .    .    . <===>   . QQL15A    29 1977 2011   35
   .    .    .    .    .    .    .    .    .    .    .    .    .    .    .    .    .    .    . <===>   . QQL15B    30 1976 2011   36
   .    .    .    .    .    .    .    .    .    .    .    .    .    .    .    .    .    .    . <==>    . QQL16A    31 1979 2006   28
   .    .    .    .    .    .    .    .    .    .    .    .    .    .    .    .    .    .    .  <==>   . QQL16B    32 1981 2010   30
   .    .    .    .    .    .    .    .    .    .    .    .    .    .    .    .    .    .    . <===>   . QQL17A    33 1974 2011   38
   .    .    .    .    .    .    .    .    .    .    .    .    .    .    .    .    .    .    . <===>   . QQL17B    34 1973 2011   39
   .    .    .    .    .    .    .    .    .    .    .    .    .    .    .    .    .    .    .<====>   . QQL18A    35 1964 2011   48
   .    .    .    .    .    .    .    .    .    .    .    .    .    .    .    .    .    .    .<====>   . QQL18B    36 1964 2011   48
   :    :    :    :    :    :    :    :    :    :    :    :    :    :    :    :    :    :    :    :    :
 1050 1100 1150 1200 1250 1300 1350 1400 1450 1500 1550 1600 1650 1700 1750 1800 1850 1900 1950 2000 2050
PART 3:  Master Dating Series:                                                                     21:53  Mon 07 Nov 2011  Page   3
------------------------------------------------------------------------------------------------------------------------------------
  Year  Value  No Ab    Year  Value  No Ab    Year  Value  No Ab    Year  Value  No Ab    Year  Value  No Ab    Year  Value  No Ab
  ------------------    ------------------    ------------------    ------------------    ------------------    ------------------
                        2000  -.490  36
                        2001   .624  36
                        2002  -.871  36
                        2003  -.963  36
                        2004   .818  36
                        2005 -1.836  36
  1956  1.283   4       2006  -.462  36
  1957   .817   4       2007   .386  35
  1958  1.423   4       2008  -.024  35
  1959  1.397   4  2<<  2009  1.114  35

  1960   .098   4       2010  -.065  35
  1961  -.043   4       2011  1.061  34
  1962 -1.918   4
  1963 -1.835   6
  1964   .568  14
  1965   .353  18
  1966   .498  20
  1967   .360  26
  1968 -1.061  26
  1969   .299  26

  1970   .310  27
  1971  -.550  27
  1972  -.740  27
  1973 -1.867  29
  1974 -1.135  30
  1975   .662  30
  1976   .667  31
  1977  1.239  34
  1978  1.633  34
  1979  -.068  35

  1980   .881  35
  1981  -.758  36
  1982   .023  36
  1983  -.978  36
  1984 -1.389  36
  1985  -.527  36
  1986 -1.492  36
  1987   .143  36
  1988   .193  36
  1989  1.907  36

  1990  2.023  36
  1991  -.298  36
  1992   .832  36
  1993   .326  36
  1994  1.127  36
  1995   .082  36  1<<
  1996 -1.309  36
  1997  -.702  36
  1998  -.522  36
  1999 -1.242  36
------------------------------------------------------------------------------------------------------------------------------------
PART 4:  Master Bar Plot:                                                                          21:53  Mon 07 Nov 2011  Page   4
------------------------------------------------------------------------------------------------------------------------------------
   Year Rel value  Year Rel value  Year Rel value  Year Rel value  Year Rel value  Year Rel value  Year Rel value  Year Rel value
                   2000---b
                   2001-------B
                   2002--c
                   2003-d
                   2004--------C
                   2005g
   1956---------E  2006---b
   1957--------C   2007------B
   1958----------F 2008----@
   1959----------F 2009---------D
   1960-----@      2010----@
   1961----@       2011---------D
   1962h
   1963g
   1964-------B
   1965------A
   1966-------B
   1967------A
   1968-d
   1969------A
   1970------A
   1971---b
   1972--c
   1973g
   1974-e
   1975-------C
   1976-------C
   1977---------E
   1978----------G
   1979----@
   1980--------D
   1981--c
   1982-----@
   1983-d
   1984-f
   1985---b
   1986f
   1987-----A
   1988-----A
   1989----------H
   1990----------H
   1991---a
   1992--------C
   1993------A
   1994---------E
   1995-----@
   1996-e
   1997--c
   1998---b
   1999-e
PART 5:  CORRELATION OF SERIES BY SEGMENTS:                                                        21:53  Mon 07 Nov 2011  Page   5
------------------------------------------------------------------------------------------------------------------------------------
 Correlations of  50-year dated segments, lagged  25 years
 Flags:  A = correlation under   .3281 but highest as dated;  B = correlation higher at other than dated position

 Seq Series  Time_span   1950 1975
                         1999 2024
 --- -------- ---------  ---- ---- ---- ---- ---- ---- ---- ---- ---- ---- ---- ---- ---- ---- ---- ---- ---- ---- ---- ----
   1 QQL01A   1977 2011        .45
   2 QQL01B   1977 2011        .58
   3 QQL02A   1964 2011   .75
   4 QQL02B   1964 2011   .66
   5 QQL03A   1964 2011   .67
   6 QQL03B   1964 2011   .57
   7 QQL04A   1967 2011   .72
   8 QQL04B   1967 2011   .71
   9 QQL05A   1964 2011   .75
  10 QQL05B   1964 2011   .76
  11 QQL06A   1963 2011   .75
  12 QQL06B   1963 2011   .84
  13 QQL07A   1965 2011   .70
  14 QQL07B   1965 2011   .72
  15 QQL08A   1966 2011   .51
  16 QQL08B   1966 2011   .54
  17 QQL09A   1965 2011   .58
  18 QQL09B   1965 2011   .32A
  19 QQL10A   1967 2011   .62
  20 QQL10B   1967 2011   .67
  21 QQL11A   1956 2011   .75  .71
  22 QQL11B   1956 2011   .64  .55
  23 QQL12B   1956 2011   .49  .45
  24 QQL12A   1956 2011   .55  .52
  25 QQL13A   1970 2011   .59
  26 QQL13B   1973 2011   .62
  27 QQL14A   1967 2011   .65
  28 QQL14B   1967 2011   .65
  29 QQL15A   1977 2011        .74
  30 QQL15B   1976 2011        .81
  31 QQL16A   1979 2006        .56
  32 QQL16B   1981 2010        .78
  33 QQL17A   1974 2011   .73
  34 QQL17B   1973 2011   .71
  35 QQL18A   1964 2011   .77
  36 QQL18B   1964 2011   .75
 Av segment correlation   .66  .62
PART 6:  POTENTIAL PROBLEMS:                                                                       21:53  Mon 07 Nov 2011  Page   5
------------------------------------------------------------------------------------------------------------------------------------

 For each series with potential problems the following diagnostics may appear:

 [A] Correlations with master dating series of flagged  50-year segments of series filtered with  32-year spline,
     at every point from ten years earlier (-10) to ten years later (+10) than dated

 [B] Effect of those data values which most lower or raise correlation with master series
     Symbol following year indicates value in series is greater (>) or lesser (<) than master series value

 [C] Year-to-year changes very different from the mean change in other series

 [D] Absent rings (zero values)

 [E] Values which are statistical outliers from mean for the year
====================================================================================================================================

 QQL01A    1977 to  2011      35 years                                                                                    Series   1

 [B] Entire series, effect on correlation (  .448) is:
       Lower   1991> -.066   1980< -.045   1979> -.032   1978< -.031   2003> -.031   1981> -.028  Higher   2005  .169   1989  .041

====================================================================================================================================

 QQL01B    1977 to  2011      35 years                                                                                    Series   2

 [B] Entire series, effect on correlation (  .582) is:
       Lower   1991> -.038   1996> -.027   1982< -.027   1978< -.026   1981> -.023   1986> -.023  Higher   2005  .169   1989  .035

====================================================================================================================================

 QQL02A    1964 to  2011      48 years                                                                                    Series   3

 [B] Entire series, effect on correlation (  .753) is:
       Lower   1968< -.037   1967< -.028   1971> -.011   2007< -.009   1999> -.008   1991> -.007  Higher   2005  .057   1978  .010

====================================================================================================================================

 QQL02B    1964 to  2011      48 years                                                                                    Series   4

 [B] Entire series, effect on correlation (  .656) is:
       Lower   1979> -.032   2009< -.030   2000> -.023   2010> -.018   1977< -.013   1967< -.011  Higher   2005  .090   1989  .018

 [E] Outliers     1   3.0 SD above or -4.5 SD below mean for year
       2000 +3.5 SD
====================================================================================================================================

 QQL03A    1964 to  2011      48 years                                                                                    Series   5

 [B] Entire series, effect on correlation (  .671) is:
       Lower   1965< -.031   1992< -.015   1997> -.014   2005> -.011   2009< -.009   1972> -.009  Higher   1990  .021   1996  .018

====================================================================================================================================

 QQL03B    1964 to  2011      48 years                                                                                    Series   6

 [B] Entire series, effect on correlation (  .574) is:
       Lower   1965< -.196   2011< -.027   1968> -.013   1982< -.007   2005> -.006   1966< -.005  Higher   1989  .025   1996  .023

====================================================================================================================================

 QQL04A    1967 to  2011      45 years                                                                                    Series   7

 [B] Entire series, effect on correlation (  .723) is:
       Lower   1986> -.028   1991> -.022   1993< -.016   1967> -.013   2004< -.011   1988< -.008  Higher   2005  .053   1989  .021

====================================================================================================================================

 QQL04B    1967 to  2011      45 years                                                                                    Series   8

 [B] Entire series, effect on correlation (  .710) is:
       Lower   1986> -.022   1993< -.014   1983> -.014   1991> -.012   2007< -.012   1967> -.010  Higher   2005  .072   1990  .019

====================================================================================================================================

 QQL05A    1964 to  2011      48 years                                                                                    Series   9

 [B] Entire series, effect on correlation (  .753) is:
       Lower   1994< -.020   1991> -.017   1997> -.016   1999> -.015   1998< -.013   1967< -.010  Higher   2005  .054   1968  .012

====================================================================================================================================

 QQL05B    1964 to  2011      48 years                                                                                    Series  10

 [B] Entire series, effect on correlation (  .758) is:
       Lower   1968> -.020   1991> -.018   2003> -.016   1998> -.013   1999> -.012   2009< -.008  Higher   2005  .034   1973  .019

====================================================================================================================================

 QQL06A    1963 to  2011      49 years                                                                                    Series  11

 [B] Entire series, effect on correlation (  .747) is:
       Lower   1997< -.013   1981> -.013   1965> -.011   2005> -.009   2011< -.009   2003> -.008  Higher   1973  .024   1968  .014

====================================================================================================================================

 QQL06B    1963 to  2011      49 years                                                                                    Series  12

 [B] Entire series, effect on correlation (  .844) is:
       Lower   2003> -.013   1996> -.013   1965> -.011   1995< -.008   1967< -.007   1986> -.006  Higher   2005  .028   1973  .009

====================================================================================================================================

 QQL07A    1965 to  2011      47 years                                                                                    Series  13

 [B] Entire series, effect on correlation (  .699) is:
       Lower   2002< -.036   1967> -.031   1996> -.024   2006> -.012   1970< -.010   1997> -.007  Higher   1989  .021   1968  .015

====================================================================================================================================

 QQL07B    1965 to  2011      47 years                                                                                    Series  14

 [B] Entire series, effect on correlation (  .724) is:
       Lower   2008< -.102   1992< -.015   1967> -.013   1975< -.010   2006> -.009   2007< -.008  Higher   2005  .054   1968  .017

====================================================================================================================================

 QQL08A    1966 to  2011      46 years                                                                                    Series  15

 [B] Entire series, effect on correlation (  .510) is:
       Lower   1968> -.073   1986> -.043   1981> -.018   1983> -.018   2006> -.013   1976< -.012  Higher   1973  .049   1989  .038

====================================================================================================================================

 QQL08B    1966 to  2011      46 years                                                                                    Series  16

 [B] Entire series, effect on correlation (  .544) is:
       Lower   2010< -.082   1968> -.068   2001< -.019   1986> -.016   2002> -.013   2006> -.012  Higher   1989  .035   1973  .022

 [E] Outliers     1   3.0 SD above or -4.5 SD below mean for year
       1968 +3.1 SD
====================================================================================================================================

 QQL09A    1965 to  2011      47 years                                                                                    Series  17

 [B] Entire series, effect on correlation (  .577) is:
       Lower   2005> -.047   1974< -.046   1968> -.030   2008< -.027   2011< -.016   2002> -.015  Higher   1973  .031   1996  .023

====================================================================================================================================

 QQL09B    1965 to  2011      47 years                                                                                    Series  18

 [A] Segment   High   -10   -9   -8   -7   -6   -5   -4   -3   -2   -1   +0   +1   +2   +3   +4   +5   +6   +7   +8   +9  +10
    ---------  ----   ---  ---  ---  ---  ---  ---  ---  ---  ---  ---  ---  ---  ---  ---  ---  ---  ---  ---  ---  ---  ---
    1965 2011    0      -  .21  .04  .12 -.05 -.13  .03 -.14 -.11  .06  .32*   -    -    -    -    -    -    -    -    -    -

 [B] Entire series, effect on correlation (  .202) is:
       Lower   1995< -.121   1980< -.039   1968> -.035   1991> -.028   1990< -.023   1986> -.022  Higher   2005  .064   1973  .045
     1965 to 2011 segment:
       Lower   1995< -.121   1980< -.039   1968> -.035   1991> -.028   1990< -.023   1986> -.022  Higher   2005  .064   1973  .045

 [C] Year-to-year changes diverging by over 4.0 std deviations:
       1995 1996   5.0 SD

 [D]    1 Absent rings:  Year   Master  N series Absent
                         1995     .082      36       1  >> WARNING:  Ring is not usually narrow

 [E] Outliers     1   3.0 SD above or -4.5 SD below mean for year
       1995 -8.3 SD
====================================================================================================================================

 QQL10A    1967 to  2011      45 years                                                                                    Series  19

 [B] Entire series, effect on correlation (  .621) is:
       Lower   2005> -.050   1972> -.033   2001< -.015   2004< -.015   1971> -.013   2002> -.013  Higher   1973  .028   1968  .021

 [E] Outliers     1   3.0 SD above or -4.5 SD below mean for year
       1972 +3.1 SD
====================================================================================================================================

 QQL10B    1967 to  2011      45 years                                                                                    Series  20

 [B] Entire series, effect on correlation (  .668) is:
       Lower   1986> -.033   1973< -.019   1968> -.019   1981> -.016   1983> -.013   1992< -.011  Higher   2005  .048   1991  .013

====================================================================================================================================

 QQL11A    1956 to  2011      56 years                                                                                    Series  21

 [B] Entire series, effect on correlation (  .730) is:
       Lower   1964< -.045   1973> -.026   2008< -.018   1982< -.008   2006> -.008   1996< -.008  Higher   2005  .020   1962  .016

====================================================================================================================================

 QQL11B    1956 to  2011      56 years                                                                                    Series  22

 [B] Entire series, effect on correlation (  .584) is:
       Lower   1962> -.039   1986> -.037   2007< -.036   2009< -.019   1989< -.014   1974> -.013  Higher   2005  .086   1968  .020

====================================================================================================================================

 QQL12B    1956 to  2011      56 years                                                                                    Series  23

 [B] Entire series, effect on correlation (  .398) is:
       Lower   2005> -.089   1959< -.079   1973> -.025   2011< -.023   1979> -.013   1975< -.012  Higher   1962  .034   1986  .027

 [D]    1 Absent rings:  Year   Master  N series Absent
                         1959    1.397       4       2  >> WARNING:  Ring is not usually narrow
                                                        Present in series   21  QQL11A   time span  1956 to  2011
                                                        Present in series   22  QQL11B   time span  1956 to  2011
                                                        Absent  in series   24  QQL12A   time span  1956 to  2011

 [E] Outliers     3   3.0 SD above or -4.5 SD below mean for year
       1959 -4.6 SD;    1986 -4.5 SD;    2005 +3.4 SD
====================================================================================================================================

 QQL12A    1956 to  2011      56 years                                                                                    Series  24

 [B] Entire series, effect on correlation (  .380) is:
       Lower   1959< -.149   2005> -.074   1983> -.017   1984> -.012   2008> -.007   1961> -.006  Higher   1996  .041   1962  .035

 [D]    1 Absent rings:  Year   Master  N series Absent
                         1959    1.397       4       2  >> WARNING:  Ring is not usually narrow
                                                        Present in series   21  QQL11A   time span  1956 to  2011
                                                        Present in series   22  QQL11B   time span  1956 to  2011
                                                        Absent  in series   23  QQL12B   time span  1956 to  2011

 [E] Outliers     2   3.0 SD above or -4.5 SD below mean for year
       1959 -5.4 SD;    2005 +3.1 SD
====================================================================================================================================

 QQL13A    1970 to  2011      42 years                                                                                    Series  25

 [B] Entire series, effect on correlation (  .594) is:
       Lower   1996> -.033   1974> -.031   1973> -.029   1983< -.012   2011< -.011   2006< -.009  Higher   1986  .021   1991  .020

====================================================================================================================================

 QQL13B    1973 to  2011      39 years                                                                                    Series  26

 [B] Entire series, effect on correlation (  .620) is:
       Lower   2006< -.079   1974> -.042   1998> -.011   1983< -.007   1981> -.006   1978< -.005  Higher   1991  .019   1989  .017

 [E] Outliers     1   3.0 SD above or -4.5 SD below mean for year
       1974 +3.6 SD
====================================================================================================================================

 QQL14A    1967 to  2011      45 years                                                                                    Series  27

 [B] Entire series, effect on correlation (  .647) is:
       Lower   2004< -.045   1973> -.041   2005> -.032   2003> -.022   2010> -.021   1972< -.016  Higher   1989  .025   1996  .019

====================================================================================================================================

 QQL14B    1967 to  2011      45 years                                                                                    Series  28

 [B] Entire series, effect on correlation (  .648) is:
       Lower   1973> -.072   1974> -.025   2003> -.018   2010> -.016   1984> -.015   2004< -.015  Higher   1989  .024   2005  .020

====================================================================================================================================

 QQL15A    1977 to  2011      35 years                                                                                    Series  29

 [B] Entire series, effect on correlation (  .743) is:
       Lower   1999> -.047   1998> -.018   2010> -.018   2006< -.017   2003< -.014   1979< -.011  Higher   2005  .058   1996  .021

====================================================================================================================================

 QQL15B    1976 to  2011      36 years                                                                                    Series  30

 [B] Entire series, effect on correlation (  .806) is:
       Lower   1987< -.021   2006< -.019   2002> -.015   2008> -.013   1983> -.012   1997> -.007  Higher   2005  .036   1989  .013

====================================================================================================================================

 QQL16A    1979 to  2006      28 years                                                                                    Series  31

 [B] Entire series, effect on correlation (  .563) is:
       Lower   2005> -.113   1983< -.038   1998< -.034   1996> -.031   2000< -.013   2006> -.004  Higher   1994  .026   2004  .022

====================================================================================================================================

 QQL16B    1981 to  2010      30 years                                                                                    Series  32

 [B] Entire series, effect on correlation (  .777) is:
       Lower   2000< -.062   1996> -.027   2008< -.013   1981> -.012   2010> -.011   1982> -.009  Higher   2005  .073   1994  .013

====================================================================================================================================

 QQL17A    1974 to  2011      38 years                                                                                    Series  33

 [B] Entire series, effect on correlation (  .732) is:
       Lower   1994< -.032   2010> -.020   1998> -.017   1997> -.017   1999< -.016   1975< -.016  Higher   2005  .032   1986  .017

====================================================================================================================================

 QQL17B    1973 to  2011      39 years                                                                                    Series  34

 [B] Entire series, effect on correlation (  .709) is:
       Lower   2010< -.048   2005> -.038   1991< -.012   1992< -.007   1979> -.006   1990< -.006  Higher   1989  .020   2009  .010

====================================================================================================================================

 QQL18A    1964 to  2011      48 years                                                                                    Series  35

 [B] Entire series, effect on correlation (  .770) is:
       Lower   1984> -.019   1969< -.015   1998< -.014   1974> -.010   1967< -.010   2002> -.009  Higher   1973  .020   2005  .017

====================================================================================================================================

 QQL18B    1964 to  2011      48 years                                                                                    Series  36

 [B] Entire series, effect on correlation (  .749) is:
       Lower   1976< -.020   1967< -.020   1983> -.019   1984> -.015   2008> -.013   1998< -.013  Higher   1973  .022   1989  .014

====================================================================================================================================
PART 7:  DESCRIPTIVE STATISTICS:                                                                   21:53  Mon 07 Nov 2011  Page   6
------------------------------------------------------------------------------------------------------------------------------------

                                                Corr   //-------- Unfiltered --------\\  //---- Filtered -----\\
                           No.    No.    No.    with   Mean   Max     Std   Auto   Mean   Max     Std   Auto  AR
 Seq Series   Interval   Years  Segmt  Flags   Master  msmt   msmt    dev   corr   sens  value    dev   corr  ()
 --- -------- ---------  -----  -----  -----   ------ -----  -----  -----  -----  -----  -----  -----  -----  --
   1 QQL01A   1977 2011     35      1      0    .448    .44   1.01   .248   .749   .249   2.76   .614  -.041   1
   2 QQL01B   1977 2011     35      1      0    .582    .47   1.29   .276   .755   .297   2.59   .476  -.036   1
   3 QQL02A   1964 2011     48      1      0    .753   1.40   4.54   .957   .898   .213   2.49   .483   .057   1
   4 QQL02B   1964 2011     48      1      0    .656    .90   1.53   .311   .715   .191   2.60   .464  -.026   1
   5 QQL03A   1964 2011     48      1      0    .671    .96   2.11   .389   .732   .181   3.00   .646  -.009   1
   6 QQL03B   1964 2011     48      1      0    .574    .91   1.50   .236   .606   .189   2.54   .461  -.026   1
   7 QQL04A   1967 2011     45      1      0    .723   1.40   3.86   .703   .839   .207   2.88   .570  -.027   1
   8 QQL04B   1967 2011     45      1      0    .710   1.18   2.67   .556   .852   .189   2.77   .522  -.097   1
   9 QQL05A   1964 2011     48      1      0    .753   1.01   1.51   .251   .576   .188   2.51   .450  -.030   1
  10 QQL05B   1964 2011     48      1      0    .758   1.27   1.87   .383   .796   .158   2.43   .406  -.057   1
  11 QQL06A   1963 2011     49      1      0    .747   1.11   1.79   .331   .527   .232   2.82   .661   .044   1
  12 QQL06B   1963 2011     49      1      0    .844   1.13   2.25   .384   .672   .228   2.57   .496  -.081   1
  13 QQL07A   1965 2011     47      1      0    .699   1.00   2.12   .519   .802   .272   3.01   .564  -.020   1
  14 QQL07B   1965 2011     47      1      0    .724   1.12   2.38   .486   .738   .273   2.68   .582  -.147   1
  15 QQL08A   1966 2011     46      1      0    .510   1.43   3.16   .569   .793   .184   2.84   .565   .025   1
  16 QQL08B   1966 2011     46      1      0    .544   1.45   3.45   .623   .770   .209   2.74   .504   .016   1
  17 QQL09A   1965 2011     47      1      0    .577   1.20   2.32   .391   .467   .286   2.72   .573   .044   1
  18 QQL09B   1965 2011     47      1      1    .202   1.40   2.33   .472   .483   .279   2.36   .354  -.022   1
  19 QQL10A   1967 2011     45      1      0    .621    .60   1.12   .216   .553   .251   2.57   .489  -.118   1
  20 QQL10B   1967 2011     45      1      0    .668    .56    .90   .169   .572   .224   2.62   .426   .078   1
  21 QQL11A   1956 2011     56      2      0    .730   1.34   2.50   .585   .764   .265   2.56   .528  -.013   1
  22 QQL11B   1956 2011     56      2      0    .584   1.37   2.73   .662   .806   .253   2.64   .450  -.116   6
  23 QQL12B   1956 2011     56      2      0    .398    .43   1.00   .219   .596   .442   2.56   .479   .011   1
  24 QQL12A   1956 2011     56      2      0    .380    .39    .86   .186   .574   .360   2.50   .545  -.108   1
  25 QQL13A   1970 2011     42      1      0    .594   2.61   3.95   .725   .672   .184   2.71   .610  -.026   1
  26 QQL13B   1973 2011     39      1      0    .620   2.91   5.13   .843   .586   .206   2.71   .662   .062   1
  27 QQL14A   1967 2011     45      1      0    .647   1.97   3.70   .696   .712   .196   2.73   .579  -.159   1
  28 QQL14B   1967 2011     45      1      0    .648   2.23   3.60   .668   .705   .195   2.71   .583  -.068   1
  29 QQL15A   1977 2011     35      1      0    .743   2.39   3.72   .635   .137   .314   2.66   .749  -.073   1
  30 QQL15B   1976 2011     36      1      0    .806   1.95   4.18   .631   .478   .233   2.97   .763  -.035   1
  31 QQL16A   1979 2006     28      1      0    .563   2.29   3.66   .653   .675   .177   2.55   .599   .067   1
  32 QQL16B   1981 2010     30      1      0    .777   2.55   4.22   .654   .417   .206   2.82   .662  -.029   1
  33 QQL17A   1974 2011     38      1      0    .732   1.84   3.37   .672   .674   .222   2.60   .674  -.067   1
  34 QQL17B   1973 2011     39      1      0    .709   1.89   3.56   .679   .646   .253   2.69   .604  -.079   1
  35 QQL18A   1964 2011     48      1      0    .770   1.25   2.91   .695   .906   .200   2.60   .620  -.013   1
  36 QQL18B   1964 2011     48      1      0    .749   1.08   2.57   .547   .838   .229   2.68   .593  -.048   1
 --- -------- ---------  -----  -----  -----   ------ -----  -----  -----  -----  -----  -----  -----  -----  --
 Total or mean:           1613     40      1    .642   1.32   5.13   .498   .676   .236   3.01   .549  -.033

                                              - = [  COFECHA QQ   COF  ] = -
