[]  Dendrochronology Program Library                                        Run W      Program COF  15:35  Wed 09 Nov 2011  Page   1
[]
[]  P R O G R A M      C O F E C H A                                                                          Version 6.06P    28073
------------------------------------------------------------------------------------------------------------------------------------

 QUALITY CONTROL AND DATING CHECK OF TREE-RING MEASUREMENTS

 Title of run:           w                                       

 File of DATED series:   WL.raw

 File of UNDATED series: WD.raw

 CONTENTS:

    Part 1:  Title page, options selected, summary, absent rings by series
    Part 2:  Histogram of time spans
    Part 3:  Master series with sample depth and absent rings by year
    Part 4:  Bar plot of Master Dating Series
    Part 5:  Correlation by segment of each series with Master
    Part 6:  Potential problems: low correlation, divergent year-to-year changes, absent rings, outliers
    Part 7:  Descriptive statistics
    Part 8:  Undated series - adjustments for highest correlations

 RUN CONTROL OPTIONS SELECTED                             VALUE

         1  Cubic smoothing spline 50% wavelength cutoff for filtering
                                                            32 years
         2  Segments examined are                           50 years lagged successively by  25 years
         3  Autoregressive model applied                     A  Residuals are used in master dating series and testing
         4  Series transformed to logarithms                 Y  Each series log-transformed for master dating series and testing
         5  CORRELATION is Pearson (parametric, quantitative)
            Critical correlation, 99% confidence level   .3281
         6  Master dating series saved                       N
         7  Ring measurements listed                         N
         8  Parts printed                             12345678 
         9  Absent rings are omitted from master series and segment correlations  (Y)

 Time span of Master dating series is  1982 to  2040    59 years
 Continuous time span is               1982 to  2040    59 years
 Portion with two or more series is    1982 to  2040    59 years


                                        ****************************************
                                        *C* Number of dated series        24 *C*
                                        *O* Master series 1982 2040   59 yrs *O*
                                        *F* Total rings in all series    597 *F*
                                        *E* Total dated rings checked    597 *E*
                                        *C* Series intercorrelation     .522 *C*
                                        *H* Average mean sensitivity    .269 *H*
                                        *A* Segments, possible problems    5 *A*
                                        *** Mean length of series       24.9 ***
                                        ****************************************

 ABSENT RINGS listed by SERIES:            (See Master Dating Series for absent rings listed by year)

               No ring measurements of zero value
PART 2:  TIME PLOT OF TREE-RING SERIES: w                                                          15:35  Wed 09 Nov 2011  Page   2
------------------------------------------------------------------------------------------------------------------------------------
 1050 1100 1150 1200 1250 1300 1350 1400 1450 1500 1550 1600 1650 1700 1750 1800 1850 1900 1950 2000 2050 Ident   Seq Time-span  Yrs
   :    :    :    :    :    :    :    :    :    :    :    :    :    :    :    :    :    :    :    :    : -------- --- ---- ---- ----
   .    .    .    .    .    .    .    .    .    .    .    .    .    .    .    .    .    .    .   <=>   . 0WL01A     1 1991 2010   20
   .    .    .    .    .    .    .    .    .    .    .    .    .    .    .    .    .    .    .   <=>   . 0WL01B     2 1991 2010   20
   .    .    .    .    .    .    .    .    .    .    .    .    .    .    .    .    .    .    .   <=>   . 0WL02A     3 1990 2010   21
   .    .    .    .    .    .    .    .    .    .    .    .    .    .    .    .    .    .    .   <=>   . 0WL02B     4 1990 2010   21
   .    .    .    .    .    .    .    .    .    .    .    .    .    .    .    .    .    .    .   <>    . 0WL03A     5 1992 2008   17
   .    .    .    .    .    .    .    .    .    .    .    .    .    .    .    .    .    .    .   <=>   . 0WL03B     6 1991 2010   20
   .    .    .    .    .    .    .    .    .    .    .    .    .    .    .    .    .    .    .  <==>   . 0WL04A     7 1988 2010   23
   .    .    .    .    .    .    .    .    .    .    .    .    .    .    .    .    .    .    .   <>    . 0WL04B     8 1990 2009   20
   .    .    .    .    .    .    .    .    .    .    .    .    .    .    .    .    .    .    .   <=>   . 0WL05A     9 1990 2010   21
   .    .    .    .    .    .    .    .    .    .    .    .    .    .    .    .    .    .    .  <==>   . 0WL05B    10 1989 2010   22
   .    .    .    .    .    .    .    .    .    .    .    .    .    .    .    .    .    .    .  <==>   . 0WL09A    11 1988 2010   23
   .    .    .    .    .    .    .    .    .    .    .    .    .    .    .    .    .    .    .  <==>   . 0WL09B    12 1988 2010   23
   .    .    .    .    .    .    .    .    .    .    .    .    .    .    .    .    .    .    .    .<==>. 0WL10A    13 2010 2040   31
   .    .    .    .    .    .    .    .    .    .    .    .    .    .    .    .    .    .    .    .<==>. 0WL10B    14 2010 2040   31
   .    .    .    .    .    .    .    .    .    .    .    .    .    .    .    .    .    .    .  <==>   . 0WL11A    15 1982 2010   29
   .    .    .    .    .    .    .    .    .    .    .    .    .    .    .    .    .    .    .  <==>   . 0WL11B    16 1982 2010   29
   .    .    .    .    .    .    .    .    .    .    .    .    .    .    .    .    .    .    .  <==>   . 0WL13     17 1982 2010   29
   .    .    .    .    .    .    .    .    .    .    .    .    .    .    .    .    .    .    .  <==>   . 0WL13B    18 1982 2010   29
   .    .    .    .    .    .    .    .    .    .    .    .    .    .    .    .    .    .    .  <==>   . 0WL14A    19 1983 2010   28
   .    .    .    .    .    .    .    .    .    .    .    .    .    .    .    .    .    .    .  <==>   . 0WL14B    20 1983 2010   28
   .    .    .    .    .    .    .    .    .    .    .    .    .    .    .    .    .    .    .  <==>   . 0WL15A    21 1983 2010   28
   .    .    .    .    .    .    .    .    .    .    .    .    .    .    .    .    .    .    .  <==>   . 0WL15B    22 1983 2010   28
   .    .    .    .    .    .    .    .    .    .    .    .    .    .    .    .    .    .    .  <==>   . 0WL16A    23 1983 2010   28
   .    .    .    .    .    .    .    .    .    .    .    .    .    .    .    .    .    .    .  <==>   . 0WL16B    24 1983 2010   28
   :    :    :    :    :    :    :    :    :    :    :    :    :    :    :    :    :    :    :    :    :
 1050 1100 1150 1200 1250 1300 1350 1400 1450 1500 1550 1600 1650 1700 1750 1800 1850 1900 1950 2000 2050
   :    :    :    :    :    :    :    :    :    :    :    :    :    :    :    :    :    :    :    :    :
 1050 1100 1150 1200 1250 1300 1350 1400 1450 1500 1550 1600 1650 1700 1750 1800 1850 1900 1950 2000 2050
PART 3:  Master Dating Series: w                                                                   15:35  Wed 09 Nov 2011  Page   3
------------------------------------------------------------------------------------------------------------------------------------
  Year  Value  No Ab    Year  Value  No Ab    Year  Value  No Ab    Year  Value  No Ab    Year  Value  No Ab    Year  Value  No Ab
  ------------------    ------------------    ------------------    ------------------    ------------------    ------------------
                        2000  -.946  22
                        2001  -.963  22
                        2002 -1.919  22
                        2003  -.178  22
                        2004  -.600  22
                        2005   .587  22
                        2006   .369  22
                        2007  1.193  22
                        2008   .472  22
                        2009   .680  21

                        2010  -.909  22
                        2011  1.708   2
                        2012  1.233   2
                        2013   .918   2
                        2014   .348   2
                        2015  -.789   2
                        2016 -1.098   2
                        2017  -.295   2
                        2018 -2.318   2
                        2019 -1.933   2

                        2020 -1.023   2
                        2021  1.207   2
                        2022   .494   2
                        2023  -.163   2
                        2024  -.120   2
                        2025  -.480   2
                        2026  1.169   2
                        2027  1.252   2
                        2028   .965   2
                        2029  1.201   2

                        2030   .788   2
                        2031  1.725   2
  1982  -.446   4       2032  1.370   2
  1983 -1.011  10       2033   .817   2
  1984   .417  10       2034   .312   2
  1985  -.770  10       2035  -.635   2
  1986  -.626  10       2036 -1.265   2
  1987  -.504  10       2037  -.285   2
  1988  -.276  13       2038  -.699   2
  1989  1.312  14       2039  -.681   2

  1990   .014  18       2040 -2.846   2
  1991  -.015  21
  1992  -.496  22
  1993   .907  22
  1994   .355  22
  1995   .780  22
  1996   .858  22
  1997   .582  22
  1998   .458  22
  1999  -.204  22
------------------------------------------------------------------------------------------------------------------------------------
PART 4:  Master Bar Plot: w                                                                        15:35  Wed 09 Nov 2011  Page   4
------------------------------------------------------------------------------------------------------------------------------------
   Year Rel value  Year Rel value  Year Rel value  Year Rel value  Year Rel value  Year Rel value  Year Rel value  Year Rel value
                   2000-d
                   2001-d
                   2002h
                   2003----a
                   2004--b
                   2005-------B
                   2006------A
                   2007---------E
                   2008------B
                   2009-------C
                   2010-d
                   2011----------G
                   2012---------E
                   2013--------D
                   2014------A
                   2015--c
                   2016-d
                   2017----a
                   2018i
                   2019h
                   2020-d
                   2021---------E
                   2022------B
                   2023----a
                   2024-----@
                   2025---b
                   2026---------E
                   2027---------E
                   2028--------D
                   2029---------E
                   2030--------C
                   2031----------G
   1982---b        2032----------E
   1983-d          2033--------C
   1984------B     2034------A
   1985--c         2035--c
   1986--c         2036-e
   1987---b        2037----a
   1988----a       2038--c
   1989----------E 2039--c
   1990-----@      2040k
   1991-----@
   1992---b
   1993--------D
   1994------A
   1995--------C
   1996--------C
   1997-------B
   1998------B
   1999----a
PART 5:  CORRELATION OF SERIES BY SEGMENTS: w                                                      15:35  Wed 09 Nov 2011  Page   5
------------------------------------------------------------------------------------------------------------------------------------
 Correlations of  50-year dated segments, lagged  25 years
 Flags:  A = correlation under   .3281 but highest as dated;  B = correlation higher at other than dated position

 Seq Series  Time_span   1975 2000
                         2024 2049
 --- -------- ---------  ---- ---- ---- ---- ---- ---- ---- ---- ---- ---- ---- ---- ---- ---- ---- ---- ---- ---- ---- ----
   1 0WL01A   1991 2010   .22B
   2 0WL01B   1991 2010   .21B
   3 0WL02A   1990 2010   .77
   4 0WL02B   1990 2010   .78
   5 0WL03A   1992 2008   .78
   6 0WL03B   1991 2010   .79
   7 0WL04A   1988 2010   .30A
   8 0WL04B   1990 2009   .65
   9 0WL05A   1990 2010   .74
  10 0WL05B   1989 2010   .53
  11 0WL09A   1988 2010  -.06B
  12 0WL09B   1988 2010   .25B
  13 0WL10A   2010 2040        .59
  14 0WL10B   2010 2040        .60
  15 0WL11A   1982 2010   .41
  16 0WL11B   1982 2010   .35
  17 0WL13    1982 2010   .46
  18 0WL13B   1982 2010   .51
  19 0WL14A   1983 2010   .77
  20 0WL14B   1983 2010   .58
  21 0WL15A   1983 2010   .58
  22 0WL15B   1983 2010   .66
  23 0WL16A   1983 2010   .45
  24 0WL16B   1983 2010   .64
 Av segment correlation   .52  .60
PART 6:  POTENTIAL PROBLEMS: w                                                                     15:35  Wed 09 Nov 2011  Page   5
------------------------------------------------------------------------------------------------------------------------------------

 For each series with potential problems the following diagnostics may appear:

 [A] Correlations with master dating series of flagged  50-year segments of series filtered with  32-year spline,
     at every point from ten years earlier (-10) to ten years later (+10) than dated

 [B] Effect of those data values which most lower or raise correlation with master series
     Symbol following year indicates value in series is greater (>) or lesser (<) than master series value

 [C] Year-to-year changes very different from the mean change in other series

 [D] Absent rings (zero values)

 [E] Values which are statistical outliers from mean for the year
====================================================================================================================================

 0WL01A    1991 to  2010      20 years                                                                                    Series   1

 [A] Segment   High   -10   -9   -8   -7   -6   -5   -4   -3   -2   -1   +0   +1   +2   +3   +4   +5   +6   +7   +8   +9  +10
    ---------  ----   ---  ---  ---  ---  ---  ---  ---  ---  ---  ---  ---  ---  ---  ---  ---  ---  ---  ---  ---  ---  ---
    1991 2010   -4      -  .13  .26 -.28  .05 -.41  .30* .18  .29  .10  .22|-.14 -.12 -.25 -.17 -.17  .09 -.09  .30 -.19  .03

 [B] Entire series, effect on correlation (  .216) is:
       Lower   1994< -.118   1991< -.071   1992> -.052   2000> -.045   2003< -.018   2001> -.018  Higher   2010  .074   2007  .043
     1991 to 2010 segment:
       Lower   1994< -.118   1991< -.071   1992> -.052   2000> -.045   2003< -.018   2001> -.018  Higher   2010  .074   2007  .043

 [E] Outliers     1   3.0 SD above or -4.5 SD below mean for year
       1994 -4.6 SD
====================================================================================================================================

 0WL01B    1991 to  2010      20 years                                                                                    Series   2

 [A] Segment   High   -10   -9   -8   -7   -6   -5   -4   -3   -2   -1   +0   +1   +2   +3   +4   +5   +6   +7   +8   +9  +10
    ---------  ----   ---  ---  ---  ---  ---  ---  ---  ---  ---  ---  ---  ---  ---  ---  ---  ---  ---  ---  ---  ---  ---
    1991 2010   -2      - -.15 -.08 -.27 -.03 -.45  .47  .24  .65* .08  .21|-.17 -.02 -.33 -.07 -.36  .15 -.12  .14 -.33 -.02

 [B] Entire series, effect on correlation (  .208) is:
       Lower   1994< -.120   2000> -.060   1992> -.053   2003< -.036   2006< -.033   2010> -.028  Higher   2002  .117   2007  .053
     1991 to 2010 segment:
       Lower   1994< -.120   2000> -.060   1992> -.053   2003< -.036   2006< -.033   2010> -.028  Higher   2002  .117   2007  .053

====================================================================================================================================

 0WL02A    1990 to  2010      21 years                                                                                    Series   3

 [B] Entire series, effect on correlation (  .765) is:
       Lower   1992< -.099   1990> -.038   2000> -.020   1999> -.017   2008< -.005   1991< -.004  Higher   2002  .086   2010  .037

====================================================================================================================================

 0WL02B    1990 to  2010      21 years                                                                                    Series   4

 [B] Entire series, effect on correlation (  .784) is:
       Lower   1992< -.054   2000> -.032   1997< -.029   1999> -.024   1990> -.009   1991> -.001  Higher   2002  .103   2010  .015

====================================================================================================================================

 0WL03A    1992 to  2008      17 years                                                                                    Series   5

 [B] Entire series, effect on correlation (  .780) is:
       Lower   2000> -.074   2001> -.034   1998< -.022   2003< -.021   2006< -.014   1999> -.011  Higher   2002  .196   2007  .017

====================================================================================================================================

 0WL03B    1991 to  2010      20 years                                                                                    Series   6

 [B] Entire series, effect on correlation (  .785) is:
       Lower   2000> -.060   1999> -.018   1991< -.018   2006< -.017   1998< -.010   1997< -.004  Higher   2002  .090   1993  .019

====================================================================================================================================

 0WL04A    1988 to  2010      23 years                                                                                    Series   7

 [A] Segment   High   -10   -9   -8   -7   -6   -5   -4   -3   -2   -1   +0   +1   +2   +3   +4   +5   +6   +7   +8   +9  +10
    ---------  ----   ---  ---  ---  ---  ---  ---  ---  ---  ---  ---  ---  ---  ---  ---  ---  ---  ---  ---  ---  ---  ---
    1988 2010    0      -    -    -    - -.20 -.11 -.35 -.22 -.13  .10  .30* .28  .29 -.04  .26 -.18  .12 -.19 -.22 -.01  .14

 [B] Entire series, effect on correlation (  .299) is:
       Lower   2009< -.140   2010> -.104   1990> -.039   2001> -.009   2004> -.004   1997< -.002  Higher   2000  .071   2007  .052
     1988 to 2010 segment:
       Lower   2009< -.140   2010> -.104   1990> -.039   2001> -.009   2004> -.004   1997< -.002  Higher   2000  .071   2007  .052

 [E] Outliers     1   3.0 SD above or -4.5 SD below mean for year
       2009 -5.1 SD
====================================================================================================================================

 0WL04B    1990 to  2009      20 years                                                                                    Series   8

 [B] Entire series, effect on correlation (  .650) is:
       Lower   1990> -.067   2006< -.034   2004> -.013   2002> -.011   2000< -.008   1999> -.008  Higher   2001  .025   1992  .021

====================================================================================================================================

 0WL05A    1990 to  2010      21 years                                                                                    Series   9

 [B] Entire series, effect on correlation (  .741) is:
       Lower   2006< -.045   2000> -.035   1991< -.032   2005< -.015   1992> -.009   1998< -.006  Higher   2010  .051   2007  .024

====================================================================================================================================

 0WL05B    1989 to  2010      22 years                                                                                    Series  10

 [B] Entire series, effect on correlation (  .527) is:
       Lower   1995< -.112   1990> -.051   2009< -.043   1996< -.021   2010> -.021   2001> -.021  Higher   2002  .231   2007  .040

====================================================================================================================================

 0WL09A    1988 to  2010      23 years                                                                                    Series  11

 [A] Segment   High   -10   -9   -8   -7   -6   -5   -4   -3   -2   -1   +0   +1   +2   +3   +4   +5   +6   +7   +8   +9  +10
    ---------  ----   ---  ---  ---  ---  ---  ---  ---  ---  ---  ---  ---  ---  ---  ---  ---  ---  ---  ---  ---  ---  ---
    1988 2010   -3      -    -    -    - -.06  .19 -.01  .46* .07  .32 -.06| .22  .08  .08  .04  .02 -.54 -.02 -.54 -.15 -.20

 [B] Entire series, effect on correlation ( -.062) is:
       Lower   2010> -.150   2005< -.093   2000> -.039   1992> -.034   2003< -.024   1998< -.020  Higher   2001  .079   1989  .062
     1988 to 2010 segment:
       Lower   2010> -.150   2005< -.093   2000> -.039   1992> -.034   2003< -.024   1998< -.020  Higher   2001  .079   1989  .062

 [E] Outliers     1   3.0 SD above or -4.5 SD below mean for year
       2010 +5.6 SD
====================================================================================================================================

 0WL09B    1988 to  2010      23 years                                                                                    Series  12

 [A] Segment   High   -10   -9   -8   -7   -6   -5   -4   -3   -2   -1   +0   +1   +2   +3   +4   +5   +6   +7   +8   +9  +10
    ---------  ----   ---  ---  ---  ---  ---  ---  ---  ---  ---  ---  ---  ---  ---  ---  ---  ---  ---  ---  ---  ---  ---
    1988 2010   -1      -    -    -    - -.23  .07 -.18  .13  .16  .25* .25| .21  .16  .12  .11 -.07 -.39 -.12 -.33 -.08 -.41

 [B] Entire series, effect on correlation (  .250) is:
       Lower   2010> -.088   2004> -.031   2005< -.028   2000> -.026   1998< -.020   1999> -.014  Higher   2001  .050   1989  .044
     1988 to 2010 segment:
       Lower   2010> -.088   2004> -.031   2005< -.028   2000> -.026   1998< -.020   1999> -.014  Higher   2001  .050   1989  .044

 [E] Outliers     1   3.0 SD above or -4.5 SD below mean for year
       2010 +3.5 SD
====================================================================================================================================

 0WL10A    2010 to  2040      31 years                                                                                    Series  13

 [B] Entire series, effect on correlation (  .591) is:
       Lower   2022< -.060   2025> -.056   2024< -.039   2010> -.010   2023> -.008   2012< -.006  Higher   2018  .042   2011  .039

====================================================================================================================================

 0WL10B    2010 to  2040      31 years                                                                                    Series  14

 [B] Entire series, effect on correlation (  .604) is:
       Lower   2025< -.061   2022> -.056   2024> -.037   2023< -.009   2036< -.005   2012> -.005  Higher   2011  .038   2018  .030

 [E] Outliers     1   3.0 SD above or -4.5 SD below mean for year
       2024 +3.2 SD
====================================================================================================================================

 0WL11A    1982 to  2010      29 years                                                                                    Series  15

 [B] Entire series, effect on correlation (  .412) is:
       Lower   2002> -.047   1990< -.045   1983> -.038   1988> -.027   1999< -.022   1986> -.020  Higher   1989  .066   2010  .054

====================================================================================================================================

 0WL11B    1982 to  2010      29 years                                                                                    Series  16

 [B] Entire series, effect on correlation (  .349) is:
       Lower   2002> -.053   1985> -.045   1997< -.034   1986> -.024   1983> -.023   1988> -.020  Higher   2010  .107   1989  .051

====================================================================================================================================

 0WL13     1982 to  2010      29 years                                                                                    Series  17

 [B] Entire series, effect on correlation (  .464) is:
       Lower   1984< -.101   1983> -.094   1982> -.056   1996< -.023   1999< -.009   1987< -.006  Higher   2010  .088   1989  .047

 [E] Outliers     1   3.0 SD above or -4.5 SD below mean for year
       1983 +4.1 SD
====================================================================================================================================

 0WL13B    1982 to  2010      29 years                                                                                    Series  18

 [B] Entire series, effect on correlation (  .508) is:
       Lower   1982> -.117   1990> -.051   1988< -.049   2008< -.022   1996< -.018   1985> -.007  Higher   2002  .115   2007  .040

 [E] Outliers     1   3.0 SD above or -4.5 SD below mean for year
       1982 +3.4 SD
====================================================================================================================================

 0WL14A    1983 to  2010      28 years                                                                                    Series  19

 [B] Entire series, effect on correlation (  .773) is:
       Lower   1999< -.051   1988> -.041   2001> -.015   1987< -.013   2009< -.008   2003> -.001  Higher   2002  .058   2010  .036

====================================================================================================================================

 0WL14B    1983 to  2010      28 years                                                                                    Series  20

 [B] Entire series, effect on correlation (  .578) is:
       Lower   1985< -.063   1988> -.025   1989< -.017   1986> -.014   1983> -.013   2001> -.012  Higher   2010  .053   2007  .029

 [E] Outliers     1   3.0 SD above or -4.5 SD below mean for year
       1984 +3.2 SD
====================================================================================================================================

 0WL15A    1983 to  2010      28 years                                                                                    Series  21

 [B] Entire series, effect on correlation (  .576) is:
       Lower   1993< -.037   2010> -.025   1983< -.024   1992> -.019   2008< -.015   1985> -.009  Higher   1989  .038   1995  .014

====================================================================================================================================

 0WL15B    1983 to  2010      28 years                                                                                    Series  22

 [B] Entire series, effect on correlation (  .660) is:
       Lower   1992> -.034   1995< -.027   1993< -.027   1999> -.020   1988> -.019   2000< -.018  Higher   1989  .038   2002  .033

====================================================================================================================================

 0WL16A    1983 to  2010      28 years                                                                                    Series  23

 [B] Entire series, effect on correlation (  .447) is:
       Lower   1996< -.067   1983> -.066   2002> -.053   2007< -.024   1986< -.017   2004> -.012  Higher   2010  .115   1993  .033

 [E] Outliers     2   3.0 SD above or -4.5 SD below mean for year
       1983 +3.0 SD;    2003 +3.1 SD
====================================================================================================================================

 0WL16B    1983 to  2010      28 years                                                                                    Series  24

 [B] Entire series, effect on correlation (  .636) is:
       Lower   1996< -.037   2007< -.027   1983< -.026   1988> -.025   1990> -.016   1999> -.014  Higher   2002  .088   2010  .035

====================================================================================================================================
PART 7:  DESCRIPTIVE STATISTICS: w                                                                 15:35  Wed 09 Nov 2011  Page   6
------------------------------------------------------------------------------------------------------------------------------------

                                                Corr   //-------- Unfiltered --------\\  //---- Filtered -----\\
                           No.    No.    No.    with   Mean   Max     Std   Auto   Mean   Max     Std   Auto  AR
 Seq Series   Interval   Years  Segmt  Flags   Master  msmt   msmt    dev   corr   sens  value    dev   corr  ()
 --- -------- ---------  -----  -----  -----   ------ -----  -----  -----  -----  -----  -----  -----  -----  --
   1 0WL01A   1991 2010     20      1      1    .216   1.54   2.19   .459   .442   .243   2.62   .710  -.088   1
   2 0WL01B   1991 2010     20      1      1    .208   1.56   2.18   .403   .572   .216   2.64   .697   .015   1
   3 0WL02A   1990 2010     21      1      0    .765   1.42   2.21   .393   .450   .253   2.62   .673  -.028   1
   4 0WL02B   1990 2010     21      1      0    .784   1.49   2.06   .329   .255   .230   2.42   .642  -.036   1
   5 0WL03A   1992 2008     17      1      0    .780   1.45   2.15   .360   .571   .185   2.45   .596   .063   1
   6 0WL03B   1991 2010     20      1      0    .785   1.77   2.67   .389  -.009   .228   2.53   .549   .043   1
   7 0WL04A   1988 2010     23      1      1    .299   1.41   2.92   .748   .522   .392   2.55   .633  -.005   1
   8 0WL04B   1990 2009     20      1      0    .650   1.57   2.78   .643   .604   .298   2.51   .648   .230   1
   9 0WL05A   1990 2010     21      1      0    .741   1.49   2.30   .517   .676   .248   2.55   .625  -.084   1
  10 0WL05B   1989 2010     22      1      0    .527   1.27   2.12   .425   .796   .182   2.59   .600  -.110   1
  11 0WL09A   1988 2010     23      1      1   -.062    .57   1.22   .317   .820   .264   2.89   .841  -.156   1
  12 0WL09B   1988 2010     23      1      1    .250    .66   1.51   .438   .803   .302   2.44   .617  -.076   1
  13 0WL10A   2010 2040     31      1      0    .591    .66   1.55   .365   .810   .287   2.77   .531   .037   1
  14 0WL10B   2010 2040     31      1      0    .604    .76   1.45   .417   .798   .312   2.65   .572  -.038   1
  15 0WL11A   1982 2010     29      1      0    .412    .54   1.28   .275   .725   .275   2.75   .600  -.211   1
  16 0WL11B   1982 2010     29      1      0    .349    .70   1.55   .361   .793   .267   2.55   .660  -.130   1
  17 0WL13    1982 2010     29      1      0    .464    .89   1.78   .361   .635   .244   2.65   .567   .008   1
  18 0WL13B   1982 2010     29      1      0    .508    .80   1.77   .357   .553   .335   2.79   .708  -.098   1
  19 0WL14A   1983 2010     28      1      0    .773    .64   1.06   .218   .439   .283   2.61   .729  -.061   1
  20 0WL14B   1983 2010     28      1      0    .578    .61   1.22   .239   .605   .273   2.73   .616  -.158   1
  21 0WL15A   1983 2010     28      1      0    .576    .66   1.08   .178   .166   .269   2.57   .573   .077   1
  22 0WL15B   1983 2010     28      1      0    .660    .91   1.88   .363   .479   .282   2.79   .666  -.023   1
  23 0WL16A   1983 2010     28      1      0    .447    .89   1.37   .274   .602   .204   2.57   .542   .015   1
  24 0WL16B   1983 2010     28      1      0    .636    .70   1.25   .233   .418   .306   2.56   .599  -.047   1
 --- -------- ---------  -----  -----  -----   ------ -----  -----  -----  -----  -----  -----  -----  -----  --
 Total or mean:            597     24      5    .522    .98   2.92   .368   .573   .269   2.89   .630  -.040
PART 8:  ADJUSTMENTS FOR UNDATED SERIES: w                                                         15:35  Wed 09 Nov 2011  Page   7
------------------------------------------------------------------------------------------------------------------------------------

 Time span  1982  2040    59 years, best matches for  50-year segments lagged  25 years
 Listed in order from highest correlation

           Counted       Corr      Corr      Corr      Corr      Corr      Corr      Corr      Corr      Corr      Corr      Corr
 Series    Segment   Add  # 1  Add  # 2  Add  # 3  Add  # 4  Add  # 5  Add  # 6  Add  # 7  Add  # 8  Add  # 9  Add  #10  Add  #11
 -------- ---------  --------  --------  --------  --------  --------  --------  --------  --------  --------  --------  --------
 0WD01A   1990 2004    28 .66    33 .52    35 .49    -7 .43    12 .43     0 .41    -2 .39    -5 .32    -3 .26    11 .26    -4 .22
===================  ========  ========  ========  ========  ========  ========  ========  ========  ========  ========  ========
           Counted       Corr      Corr      Corr      Corr      Corr      Corr      Corr      Corr      Corr      Corr      Corr
 Series    Segment   Add  # 1  Add  # 2  Add  # 3  Add  # 4  Add  # 5  Add  # 6  Add  # 7  Add  # 8  Add  # 9  Add  #10  Add  #11
 -------- ---------  --------  --------  --------  --------  --------  --------  --------  --------  --------  --------  --------
 0WD01B   1990 2004    33 .63    28 .59    12 .50     0 .39    35 .35    13 .32     2 .28    20 .27    -5 .24    32 .18    -7 .16
===================  ========  ========  ========  ========  ========  ========  ========  ========  ========  ========  ========
           Counted       Corr      Corr      Corr      Corr      Corr      Corr      Corr      Corr      Corr      Corr      Corr
 Series    Segment   Add  # 1  Add  # 2  Add  # 3  Add  # 4  Add  # 5  Add  # 6  Add  # 7  Add  # 8  Add  # 9  Add  #10  Add  #11
 -------- ---------  --------  --------  --------  --------  --------  --------  --------  --------  --------  --------  --------
 0WD02A   1985 2006    33 .46     0 .46    18 .30    16 .27     2 .26    15 .24     1 .24    -2 .23     5 .23    24 .21     7 .17
===================  ========  ========  ========  ========  ========  ========  ========  ========  ========  ========  ========
           Counted       Corr      Corr      Corr      Corr      Corr      Corr      Corr      Corr      Corr      Corr      Corr
 Series    Segment   Add  # 1  Add  # 2  Add  # 3  Add  # 4  Add  # 5  Add  # 6  Add  # 7  Add  # 8  Add  # 9  Add  #10  Add  #11
 -------- ---------  --------  --------  --------  --------  --------  --------  --------  --------  --------  --------  --------
 0WD03A   1982 2004     0 .48    33 .43    35 .41    36 .40    16 .31    17 .21    19 .21     2 .19     1 .15     3 .15    13 .14
===================  ========  ========  ========  ========  ========  ========  ========  ========  ========  ========  ========
           Counted       Corr      Corr      Corr      Corr      Corr      Corr      Corr      Corr      Corr      Corr      Corr
 Series    Segment   Add  # 1  Add  # 2  Add  # 3  Add  # 4  Add  # 5  Add  # 6  Add  # 7  Add  # 8  Add  # 9  Add  #10  Add  #11
 -------- ---------  --------  --------  --------  --------  --------  --------  --------  --------  --------  --------  --------
 0WD03B   1982 2004    36 .61     1 .49    33 .46     0 .28    17 .25     9 .21     3 .19     5 .17    15 .17    32 .16    19 .14
===================  ========  ========  ========  ========  ========  ========  ========  ========  ========  ========  ========
           Counted       Corr      Corr      Corr      Corr      Corr      Corr      Corr      Corr      Corr      Corr      Corr
 Series    Segment   Add  # 1  Add  # 2  Add  # 3  Add  # 4  Add  # 5  Add  # 6  Add  # 7  Add  # 8  Add  # 9  Add  #10  Add  #11
 -------- ---------  --------  --------  --------  --------  --------  --------  --------  --------  --------  --------  --------
 0WD04A   1987 2009    12 .47     0 .37    -4 .34    13 .33    16 .28    -2 .28    -3 .18    28 .16     2 .13    -1 .13    20 .12
===================  ========  ========  ========  ========  ========  ========  ========  ========  ========  ========  ========
           Counted       Corr      Corr      Corr      Corr      Corr      Corr      Corr      Corr      Corr      Corr      Corr
 Series    Segment   Add  # 1  Add  # 2  Add  # 3  Add  # 4  Add  # 5  Add  # 6  Add  # 7  Add  # 8  Add  # 9  Add  #10  Add  #11
 -------- ---------  --------  --------  --------  --------  --------  --------  --------  --------  --------  --------  --------
 0WD04B   1985 2007     0 .52     2 .42    18 .41    32 .30    15 .30    -1 .28    10 .23    16 .21     1 .20    14 .18    33 .17
===================  ========  ========  ========  ========  ========  ========  ========  ========  ========  ========  ========
           Counted       Corr      Corr      Corr      Corr      Corr      Corr      Corr      Corr      Corr      Corr      Corr
 Series    Segment   Add  # 1  Add  # 2  Add  # 3  Add  # 4  Add  # 5  Add  # 6  Add  # 7  Add  # 8  Add  # 9  Add  #10  Add  #11
 -------- ---------  --------  --------  --------  --------  --------  --------  --------  --------  --------  --------  --------
 0WD05A   1987 2007     0 .54    30 .47    22 .35    -2 .29    26 .29     2 .26    -1 .22    16 .22    14 .20    10 .16    31 .14
===================  ========  ========  ========  ========  ========  ========  ========  ========  ========  ========  ========
           Counted       Corr      Corr      Corr      Corr      Corr      Corr      Corr      Corr      Corr      Corr      Corr
 Series    Segment   Add  # 1  Add  # 2  Add  # 3  Add  # 4  Add  # 5  Add  # 6  Add  # 7  Add  # 8  Add  # 9  Add  #10  Add  #11
 -------- ---------  --------  --------  --------  --------  --------  --------  --------  --------  --------  --------  --------
 0WD05B   1986 2006     2 .55     4 .41    20 .41     0 .39    16 .36    32 .32    17 .30    18 .26    14 .25     1 .21    22 .21
===================  ========  ========  ========  ========  ========  ========  ========  ========  ========  ========  ========
           Counted       Corr      Corr      Corr      Corr      Corr      Corr      Corr      Corr      Corr      Corr      Corr
 Series    Segment   Add  # 1  Add  # 2  Add  # 3  Add  # 4  Add  # 5  Add  # 6  Add  # 7  Add  # 8  Add  # 9  Add  #10  Add  #11
 -------- ---------  --------  --------  --------  --------  --------  --------  --------  --------  --------  --------  --------
 0WD06A   1983 2000    19 .45    27 .44    39 .43    35 .41    37 .38     0 .36     2 .34    32 .34    -1 .34    36 .32     4 .30
===================  ========  ========  ========  ========  ========  ========  ========  ========  ========  ========  ========
           Counted       Corr      Corr      Corr      Corr      Corr      Corr      Corr      Corr      Corr      Corr      Corr
 Series    Segment   Add  # 1  Add  # 2  Add  # 3  Add  # 4  Add  # 5  Add  # 6  Add  # 7  Add  # 8  Add  # 9  Add  #10  Add  #11
 -------- ---------  --------  --------  --------  --------  --------  --------  --------  --------  --------  --------  --------
 0WD06B   1983 2000    19 .50    27 .46    35 .44     0 .41    32 .36    -1 .36     2 .34    39 .34    17 .32    37 .27    33 .25
===================  ========  ========  ========  ========  ========  ========  ========  ========  ========  ========  ========
           Counted       Corr      Corr      Corr      Corr      Corr      Corr      Corr      Corr      Corr      Corr      Corr
 Series    Segment   Add  # 1  Add  # 2  Add  # 3  Add  # 4  Add  # 5  Add  # 6  Add  # 7  Add  # 8  Add  # 9  Add  #10  Add  #11
 -------- ---------  --------  --------  --------  --------  --------  --------  --------  --------  --------  --------  --------
 0WD07A   1984 2001    33 .57     0 .52    37 .42     1 .39    17 .33    16 .31    19 .31    14 .29    -1 .23    39 .23    15 .22
===================  ========  ========  ========  ========  ========  ========  ========  ========  ========  ========  ========
           Counted       Corr      Corr      Corr      Corr      Corr      Corr      Corr      Corr      Corr      Corr      Corr
 Series    Segment   Add  # 1  Add  # 2  Add  # 3  Add  # 4  Add  # 5  Add  # 6  Add  # 7  Add  # 8  Add  # 9  Add  #10  Add  #11
 -------- ---------  --------  --------  --------  --------  --------  --------  --------  --------  --------  --------  --------
 0WD07B   1983 2000     0 .69     2 .49    25 .44    35 .36    10 .36    33 .35    12 .30    40 .26    37 .25     9 .23    18 .18
===================  ========  ========  ========  ========  ========  ========  ========  ========  ========  ========  ========
           Counted       Corr      Corr      Corr      Corr      Corr      Corr      Corr      Corr      Corr      Corr      Corr
 Series    Segment   Add  # 1  Add  # 2  Add  # 3  Add  # 4  Add  # 5  Add  # 6  Add  # 7  Add  # 8  Add  # 9  Add  #10  Add  #11
 -------- ---------  --------  --------  --------  --------  --------  --------  --------  --------  --------  --------  --------
 0WD08A   1982 2007    17 .49     1 .47     0 .40    19 .35    27 .29     9 .22     4 .20     3 .18    18 .12     2 .08    21 .08
===================  ========  ========  ========  ========  ========  ========  ========  ========  ========  ========  ========
           Counted       Corr      Corr      Corr      Corr      Corr      Corr      Corr      Corr      Corr      Corr      Corr
 Series    Segment   Add  # 1  Add  # 2  Add  # 3  Add  # 4  Add  # 5  Add  # 6  Add  # 7  Add  # 8  Add  # 9  Add  #10  Add  #11
 -------- ---------  --------  --------  --------  --------  --------  --------  --------  --------  --------  --------  --------
 0WD08B   1982 2007     0 .45    27 .41     1 .38    19 .36    17 .31    32 .12    13 .11    33 .11    15 .11    14 .10    21 .08
===================  ========  ========  ========  ========  ========  ========  ========  ========  ========  ========  ========
           Counted       Corr      Corr      Corr      Corr      Corr      Corr      Corr      Corr      Corr      Corr      Corr
 Series    Segment   Add  # 1  Add  # 2  Add  # 3  Add  # 4  Add  # 5  Add  # 6  Add  # 7  Add  # 8  Add  # 9  Add  #10  Add  #11
 -------- ---------  --------  --------  --------  --------  --------  --------  --------  --------  --------  --------  --------
 0WD09A   1984 2000     0 .76    15 .47    14 .45    35 .42    37 .33    36 .32    16 .30    28 .28    38 .26    18 .24     2 .22
===================  ========  ========  ========  ========  ========  ========  ========  ========  ========  ========  ========
           Counted       Corr      Corr      Corr      Corr      Corr      Corr      Corr      Corr      Corr      Corr      Corr
 Series    Segment   Add  # 1  Add  # 2  Add  # 3  Add  # 4  Add  # 5  Add  # 6  Add  # 7  Add  # 8  Add  # 9  Add  #10  Add  #11
 -------- ---------  --------  --------  --------  --------  --------  --------  --------  --------  --------  --------  --------
 0WD09B   1985 2001     0 .69    33 .68    17 .55    -2 .50    15 .49    35 .44     1 .38    38 .33    14 .32    37 .28     9 .23
===================  ========  ========  ========  ========  ========  ========  ========  ========  ========  ========  ========
           Counted       Corr      Corr      Corr      Corr      Corr      Corr      Corr      Corr      Corr      Corr      Corr
 Series    Segment   Add  # 1  Add  # 2  Add  # 3  Add  # 4  Add  # 5  Add  # 6  Add  # 7  Add  # 8  Add  # 9  Add  #10  Add  #11
 -------- ---------  --------  --------  --------  --------  --------  --------  --------  --------  --------  --------  --------
 0WD10A   1984 2006    34 .64    32 .37     9 .35    17 .32    27 .29    19 .25    12 .22    -1 .20     0 .18    16 .18    24 .16
===================  ========  ========  ========  ========  ========  ========  ========  ========  ========  ========  ========
           Counted       Corr      Corr      Corr      Corr      Corr      Corr      Corr      Corr      Corr      Corr      Corr
 Series    Segment   Add  # 1  Add  # 2  Add  # 3  Add  # 4  Add  # 5  Add  # 6  Add  # 7  Add  # 8  Add  # 9  Add  #10  Add  #11
 -------- ---------  --------  --------  --------  --------  --------  --------  --------  --------  --------  --------  --------
 0WD10B   1984 2006     1 .39    16 .38    32 .34     0 .34    -1 .31    24 .28    31 .24    14 .21    17 .18    18 .16    13 .13
===================  ========  ========  ========  ========  ========  ========  ========  ========  ========  ========  ========
           Counted       Corr      Corr      Corr      Corr      Corr      Corr      Corr      Corr      Corr      Corr      Corr
 Series    Segment   Add  # 1  Add  # 2  Add  # 3  Add  # 4  Add  # 5  Add  # 6  Add  # 7  Add  # 8  Add  # 9  Add  #10  Add  #11
 -------- ---------  --------  --------  --------  --------  --------  --------  --------  --------  --------  --------  --------
 0WD11A   1986 2006    16 .52    32 .42     2 .38     0 .38     1 .35    33 .32    14 .32    34 .27    29 .25    18 .23    24 .18
===================  ========  ========  ========  ========  ========  ========  ========  ========  ========  ========  ========
           Counted       Corr      Corr      Corr      Corr      Corr      Corr      Corr      Corr      Corr      Corr      Corr
 Series    Segment   Add  # 1  Add  # 2  Add  # 3  Add  # 4  Add  # 5  Add  # 6  Add  # 7  Add  # 8  Add  # 9  Add  #10  Add  #11
 -------- ---------  --------  --------  --------  --------  --------  --------  --------  --------  --------  --------  --------
 0WD11B   1983 2006     0 .47    32 .37    -1 .36    19 .31    14 .23    33 .23    21 .23    31 .22    16 .19    17 .16    27 .14
===================  ========  ========  ========  ========  ========  ========  ========  ========  ========  ========  ========
           Counted       Corr      Corr      Corr      Corr      Corr      Corr      Corr      Corr      Corr      Corr      Corr
 Series    Segment   Add  # 1  Add  # 2  Add  # 3  Add  # 4  Add  # 5  Add  # 6  Add  # 7  Add  # 8  Add  # 9  Add  #10  Add  #11
 -------- ---------  --------  --------  --------  --------  --------  --------  --------  --------  --------  --------  --------
 0WD12A   1986 2000    31 .66    38 .49    36 .49    -2 .40    -4 .40     3 .32     0 .32    15 .30     1 .27    17 .25    33 .24
===================  ========  ========  ========  ========  ========  ========  ========  ========  ========  ========  ========
           Counted       Corr      Corr      Corr      Corr      Corr      Corr      Corr      Corr      Corr      Corr      Corr
 Series    Segment   Add  # 1  Add  # 2  Add  # 3  Add  # 4  Add  # 5  Add  # 6  Add  # 7  Add  # 8  Add  # 9  Add  #10  Add  #11
 -------- ---------  --------  --------  --------  --------  --------  --------  --------  --------  --------  --------  --------
 0WD12B   1985 2000    18 .66     0 .62    40 .59    10 .47     2 .47    16 .42    33 .36    38 .30     1 .28    14 .24    36 .22
===================  ========  ========  ========  ========  ========  ========  ========  ========  ========  ========  ========
           Counted       Corr      Corr      Corr      Corr      Corr      Corr      Corr      Corr      Corr      Corr      Corr
 Series    Segment   Add  # 1  Add  # 2  Add  # 3  Add  # 4  Add  # 5  Add  # 6  Add  # 7  Add  # 8  Add  # 9  Add  #10  Add  #11
 -------- ---------  --------  --------  --------  --------  --------  --------  --------  --------  --------  --------  --------
 0WD13A   1983 2001    35 .67     2 .50    19 .46     0 .44    33 .32    18 .30    -1 .29    17 .27    39 .24    36 .23    25 .23
===================  ========  ========  ========  ========  ========  ========  ========  ========  ========  ========  ========
           Counted       Corr      Corr      Corr      Corr      Corr      Corr      Corr      Corr      Corr      Corr      Corr
 Series    Segment   Add  # 1  Add  # 2  Add  # 3  Add  # 4  Add  # 5  Add  # 6  Add  # 7  Add  # 8  Add  # 9  Add  #10  Add  #11
 -------- ---------  --------  --------  --------  --------  --------  --------  --------  --------  --------  --------  --------
 0WD13B   1983 2002    36 .58     0 .42    35 .42    16 .37    13 .31     5 .30     2 .28    37 .28    15 .27    -1 .27    19 .27
===================  ========  ========  ========  ========  ========  ========  ========  ========  ========  ========  ========
           Counted       Corr      Corr      Corr      Corr      Corr      Corr      Corr      Corr      Corr      Corr      Corr
 Series    Segment   Add  # 1  Add  # 2  Add  # 3  Add  # 4  Add  # 5  Add  # 6  Add  # 7  Add  # 8  Add  # 9  Add  #10  Add  #11
 -------- ---------  --------  --------  --------  --------  --------  --------  --------  --------  --------  --------  --------
 0WD14A   1983 2007     0 .49    16 .42     2 .39    20 .28    12 .28    28 .23    32 .23    33 .21    11 .16    10 .15    14 .09
===================  ========  ========  ========  ========  ========  ========  ========  ========  ========  ========  ========
           Counted       Corr      Corr      Corr      Corr      Corr      Corr      Corr      Corr      Corr      Corr      Corr
 Series    Segment   Add  # 1  Add  # 2  Add  # 3  Add  # 4  Add  # 5  Add  # 6  Add  # 7  Add  # 8  Add  # 9  Add  #10  Add  #11
 -------- ---------  --------  --------  --------  --------  --------  --------  --------  --------  --------  --------  --------
 0WD14B   1984 2008    12 .56     4 .40     3 .31    16 .22    19 .20    18 .18    17 .15     0 .15    27 .14    -2 .06    31 .05
===================  ========  ========  ========  ========  ========  ========  ========  ========  ========  ========  ========
           Counted       Corr      Corr      Corr      Corr      Corr      Corr      Corr      Corr      Corr      Corr      Corr
 Series    Segment   Add  # 1  Add  # 2  Add  # 3  Add  # 4  Add  # 5  Add  # 6  Add  # 7  Add  # 8  Add  # 9  Add  #10  Add  #11
 -------- ---------  --------  --------  --------  --------  --------  --------  --------  --------  --------  --------  --------
 0WD15A   1985 2004    16 .57     0 .53    33 .49    -1 .33    13 .32    -2 .31    31 .27    -3 .26    17 .25    21 .22    15 .17
===================  ========  ========  ========  ========  ========  ========  ========  ========  ========  ========  ========
           Counted       Corr      Corr      Corr      Corr      Corr      Corr      Corr      Corr      Corr      Corr      Corr
 Series    Segment   Add  # 1  Add  # 2  Add  # 3  Add  # 4  Add  # 5  Add  # 6  Add  # 7  Add  # 8  Add  # 9  Add  #10  Add  #11
 -------- ---------  --------  --------  --------  --------  --------  --------  --------  --------  --------  --------  --------
 0WD15B   1985 2004    31 .48     0 .45    15 .39    -2 .31    32 .31    23 .30    33 .29    36 .28    14 .28    16 .22    -1 .18
===================  ========  ========  ========  ========  ========  ========  ========  ========  ========  ========  ========
           Counted       Corr      Corr      Corr      Corr      Corr      Corr      Corr      Corr      Corr      Corr      Corr
 Series    Segment   Add  # 1  Add  # 2  Add  # 3  Add  # 4  Add  # 5  Add  # 6  Add  # 7  Add  # 8  Add  # 9  Add  #10  Add  #11
 -------- ---------  --------  --------  --------  --------  --------  --------  --------  --------  --------  --------  --------
 0WD16A   1987 2003    26 .70    -2 .36    10 .35     0 .31    36 .31    33 .24    31 .23    18 .21    16 .20    23 .17     3 .15
===================  ========  ========  ========  ========  ========  ========  ========  ========  ========  ========  ========
           Counted       Corr      Corr      Corr      Corr      Corr      Corr      Corr      Corr      Corr      Corr      Corr
 Series    Segment   Add  # 1  Add  # 2  Add  # 3  Add  # 4  Add  # 5  Add  # 6  Add  # 7  Add  # 8  Add  # 9  Add  #10  Add  #11
 -------- ---------  --------  --------  --------  --------  --------  --------  --------  --------  --------  --------  --------
 0WD16B   1987 2003    26 .53     0 .39    17 .39     9 .31    14 .29    11 .25    -2 .24    34 .23    24 .17    -1 .17    33 .15
===================  ========  ========  ========  ========  ========  ========  ========  ========  ========  ========  ========
           Counted       Corr      Corr      Corr      Corr      Corr      Corr      Corr      Corr      Corr      Corr      Corr
 Series    Segment   Add  # 1  Add  # 2  Add  # 3  Add  # 4  Add  # 5  Add  # 6  Add  # 7  Add  # 8  Add  # 9  Add  #10  Add  #11
 -------- ---------  --------  --------  --------  --------  --------  --------  --------  --------  --------  --------  --------
 0WD17A   1990 2003     0 .68    13 .62    33 .61    16 .45    -2 .45    28 .42    34 .35    -5 .30    32 .28    14 .26     8 .25
===================  ========  ========  ========  ========  ========  ========  ========  ========  ========  ========  ========
           Counted       Corr      Corr      Corr      Corr      Corr      Corr      Corr      Corr      Corr      Corr      Corr
 Series    Segment   Add  # 1  Add  # 2  Add  # 3  Add  # 4  Add  # 5  Add  # 6  Add  # 7  Add  # 8  Add  # 9  Add  #10  Add  #11
 -------- ---------  --------  --------  --------  --------  --------  --------  --------  --------  --------  --------  --------
 0WD17B   1990 2003    18 .58     2 .54    28 .43     4 .42    12 .37    -7 .36    35 .33    26 .25    -5 .24     5 .21     0 .15
===================  ========  ========  ========  ========  ========  ========  ========  ========  ========  ========  ========
       33 undated series

                                              - = [  COFECHA W    COF  ] = -
