[]  Dendrochronology Program Library                                        Run SS     Program COF  15:42  Mon 07 Nov 2011  Page   1
[]
[]  P R O G R A M      C O F E C H A                                                                          Version 6.06P    28071
------------------------------------------------------------------------------------------------------------------------------------

 QUALITY CONTROL AND DATING CHECK OF TREE-RING MEASUREMENTS

 Title of run:           ss                                      

 File of DATED series:   SSL.raw

 CONTENTS:

    Part 1:  Title page, options selected, summary, absent rings by series
    Part 2:  Histogram of time spans
    Part 3:  Master series with sample depth and absent rings by year
    Part 4:  Bar plot of Master Dating Series
    Part 5:  Correlation by segment of each series with Master
    Part 6:  Potential problems: low correlation, divergent year-to-year changes, absent rings, outliers
    Part 7:  Descriptive statistics

 RUN CONTROL OPTIONS SELECTED                             VALUE

         1  Cubic smoothing spline 50% wavelength cutoff for filtering
                                                            32 years
         2  Segments examined are                           50 years lagged successively by  25 years
         3  Autoregressive model applied                     A  Residuals are used in master dating series and testing
         4  Series transformed to logarithms                 Y  Each series log-transformed for master dating series and testing
         5  CORRELATION is Pearson (parametric, quantitative)
            Critical correlation, 99% confidence level   .3281
         6  Master dating series saved                       N
         7  Ring measurements listed                         N
         8  Parts printed                              1234567 
         9  Absent rings are omitted from master series and segment correlations  (Y)

 Time span of Master dating series is  1957 to  2011    55 years
 Continuous time span is               1957 to  2011    55 years
 Portion with two or more series is    1962 to  2011    50 years


                                        ****************************************
                                        *C* Number of dated series        30 *C*
                                        *O* Master series 1957 2011   55 yrs *O*
                                        *F* Total rings in all series   1091 *F*
                                        *E* Total dated rings checked   1086 *E*
                                        *C* Series intercorrelation     .503 *C*
                                        *H* Average mean sensitivity    .242 *H*
                                        *A* Segments, possible problems    4 *A*
                                        *** Mean length of series       36.4 ***
                                        ****************************************

 ABSENT RINGS listed by SERIES:            (See Master Dating Series for absent rings listed by year)

               No ring measurements of zero value
PART 2:  TIME PLOT OF TREE-RING SERIES: ss                                                         15:42  Mon 07 Nov 2011  Page   2
------------------------------------------------------------------------------------------------------------------------------------
 1050 1100 1150 1200 1250 1300 1350 1400 1450 1500 1550 1600 1650 1700 1750 1800 1850 1900 1950 2000 2050 Ident   Seq Time-span  Yrs
   :    :    :    :    :    :    :    :    :    :    :    :    :    :    :    :    :    :    :    :    : -------- --- ---- ---- ----
   .    .    .    .    .    .    .    .    .    .    .    .    .    .    .    .    .    .    .  <==>   . SSL01A     1 1980 2011   32
   .    .    .    .    .    .    .    .    .    .    .    .    .    .    .    .    .    .    .  <==>   . SSL01B     2 1980 2011   32
   .    .    .    .    .    .    .    .    .    .    .    .    .    .    .    .    .    .    . <===>   . SSL02A     3 1975 2011   37
   .    .    .    .    .    .    .    .    .    .    .    .    .    .    .    .    .    .    . <===>   . SSL02B     4 1975 2011   37
   .    .    .    .    .    .    .    .    .    .    .    .    .    .    .    .    .    .    . <===>   . SSL03A     5 1976 2011   36
   .    .    .    .    .    .    .    .    .    .    .    .    .    .    .    .    .    .    . <===>   . SSL03B     6 1976 2011   36
   .    .    .    .    .    .    .    .    .    .    .    .    .    .    .    .    .    .    . <===>   . SSL04A     7 1976 2011   36
   .    .    .    .    .    .    .    .    .    .    .    .    .    .    .    .    .    .    . <===>   . SSL04B     8 1976 2011   36
   .    .    .    .    .    .    .    .    .    .    .    .    .    .    .    .    .    .    .  <==>   . SSL05A     9 1982 2011   30
   .    .    .    .    .    .    .    .    .    .    .    .    .    .    .    .    .    .    .  <==>   . SSL05B    10 1982 2011   30
   .    .    .    .    .    .    .    .    .    .    .    .    .    .    .    .    .    .    . <===>   . SSL06A    11 1974 2011   38
   .    .    .    .    .    .    .    .    .    .    .    .    .    .    .    .    .    .    . <===>   . SSL06B    12 1974 2011   38
   .    .    .    .    .    .    .    .    .    .    .    .    .    .    .    .    .    .    . <===>   . SSL07A    13 1976 2011   36
   .    .    .    .    .    .    .    .    .    .    .    .    .    .    .    .    .    .    . <===>   . SSL07B    14 1976 2011   36
   .    .    .    .    .    .    .    .    .    .    .    .    .    .    .    .    .    .    .  <=>    . SSL08A    15 1980 2006   27
   .    .    .    .    .    .    .    .    .    .    .    .    .    .    .    .    .    .    .  <=>    . SSL08B    16 1980 2006   27
   .    .    .    .    .    .    .    .    .    .    .    .    .    .    .    .    .    .    .  <==>   . SSL09A    17 1980 2011   32
   .    .    .    .    .    .    .    .    .    .    .    .    .    .    .    .    .    .    .  <==>   . SSL09B    18 1980 2011   32
   .    .    .    .    .    .    .    .    .    .    .    .    .    .    .    .    .    .    .  <==>   . SSL10A    19 1984 2011   28
   .    .    .    .    .    .    .    .    .    .    .    .    .    .    .    .    .    .    .  <==>   . SSL10B    20 1984 2011   28
   .    .    .    .    .    .    .    .    .    .    .    .    .    .    .    .    .    .    .  <==>   . SSL11A    21 1987 2011   25
   .    .    .    .    .    .    .    .    .    .    .    .    .    .    .    .    .    .    .  <==>   . SSL11B    22 1989 2011   23
   .    .    .    .    .    .    .    .    .    .    .    .    .    .    .    .    .    .    <=====>   . SSL12A    23 1957 2011   55
   .    .    .    .    .    .    .    .    .    .    .    .    .    .    .    .    .    .    .<====>   . SSL12B    24 1963 2011   49
   .    .    .    .    .    .    .    .    .    .    .    .    .    .    .    .    .    .    .<====>   . SSL13A    25 1966 2011   46
   .    .    .    .    .    .    .    .    .    .    .    .    .    .    .    .    .    .    .<====>   . SSL13B    26 1962 2011   50
   .    .    .    .    .    .    .    .    .    .    .    .    .    .    .    .    .    .    .<====>   . SSL14A    27 1969 2011   43
   .    .    .    .    .    .    .    .    .    .    .    .    .    .    .    .    .    .    .<====>   . SSL14B    28 1968 2011   44
   .    .    .    .    .    .    .    .    .    .    .    .    .    .    .    .    .    .    .<====>   . SSL15A    29 1963 2011   49
   .    .    .    .    .    .    .    .    .    .    .    .    .    .    .    .    .    .    .<====>   . SSL15B    30 1969 2011   43
   :    :    :    :    :    :    :    :    :    :    :    :    :    :    :    :    :    :    :    :    :
 1050 1100 1150 1200 1250 1300 1350 1400 1450 1500 1550 1600 1650 1700 1750 1800 1850 1900 1950 2000 2050
PART 3:  Master Dating Series: ss                                                                  15:42  Mon 07 Nov 2011  Page   3
------------------------------------------------------------------------------------------------------------------------------------
  Year  Value  No Ab    Year  Value  No Ab    Year  Value  No Ab    Year  Value  No Ab    Year  Value  No Ab    Year  Value  No Ab
  ------------------    ------------------    ------------------    ------------------    ------------------    ------------------
                        2000  -.640  30
                        2001   .105  30
                        2002   .729  30
                        2003 -1.756  30
                        2004  1.117  30
                        2005 -1.090  30
                        2006   .165  30
  1957 -2.803   1       2007  -.835  28
  1958  -.502   1       2008  -.158  28
  1959 -1.614   1       2009   .245  28

  1960  -.045   1       2010  -.122  28
  1961  1.068   1       2011 -1.536  28
  1962  -.270   2
  1963  1.427   4
  1964  1.374   4
  1965  1.720   4
  1966  1.159   5
  1967  -.579   5
  1968  -.788   6
  1969   .019   8

  1970  -.403   8
  1971 -1.703   8
  1972 -1.060   8
  1973  -.592   8
  1974   .433  10
  1975  1.330  12
  1976  1.239  18
  1977  1.352  18
  1978  1.143  18
  1979   .104  18

  1980   .714  24
  1981  -.408  24
  1982  -.082  26
  1983 -2.147  26
  1984 -1.096  28
  1985   .193  28
  1986  -.097  28
  1987   .088  29
  1988  -.954  29
  1989   .015  30

  1990   .120  30
  1991   .167  30
  1992  -.028  30
  1993  -.346  30
  1994   .635  30
  1995   .956  30
  1996  1.116  30
  1997   .837  30
  1998  1.055  30
  1999  1.029  30
------------------------------------------------------------------------------------------------------------------------------------
PART 4:  Master Bar Plot: ss                                                                       15:42  Mon 07 Nov 2011  Page   4
------------------------------------------------------------------------------------------------------------------------------------
   Year Rel value  Year Rel value  Year Rel value  Year Rel value  Year Rel value  Year Rel value  Year Rel value  Year Rel value
                   2000--c
                   2001------@
                   2002-------C
                   2003g
                   2004---------D
                   2005-d
                   2006------A
   1957k           2007--c
   1958---b        2008----a
   1959f           2009------A
   1960----@       2010----@
   1961--------D   2011f
   1962---a
   1963----------F
   1964----------E
   1965----------G
   1966---------E
   1967--b
   1968--c
   1969-----@
   1970---b
   1971g
   1972-d
   1973--b
   1974-------B
   1975----------E
   1976---------E
   1977----------E
   1978---------E
   1979------@
   1980-------C
   1981---b
   1982----@
   1983i
   1984-d
   1985------A
   1986----@
   1987-----@
   1988-d
   1989-----@
   1990------@
   1991------A
   1992-----@
   1993---a
   1994-------C
   1995--------D
   1996---------D
   1997--------C
   1998--------D
   1999--------D
PART 5:  CORRELATION OF SERIES BY SEGMENTS: ss                                                     15:42  Mon 07 Nov 2011  Page   5
------------------------------------------------------------------------------------------------------------------------------------
 Correlations of  50-year dated segments, lagged  25 years
 Flags:  A = correlation under   .3281 but highest as dated;  B = correlation higher at other than dated position

 Seq Series  Time_span   1950 1975
                         1999 2024
 --- -------- ---------  ---- ---- ---- ---- ---- ---- ---- ---- ---- ---- ---- ---- ---- ---- ---- ---- ---- ---- ---- ----
   1 SSL01A   1980 2011        .42B
   2 SSL01B   1980 2011        .44
   3 SSL02A   1975 2011        .11B
   4 SSL02B   1975 2011        .44
   5 SSL03A   1976 2011        .70
   6 SSL03B   1976 2011        .57
   7 SSL04A   1976 2011        .57
   8 SSL04B   1976 2011        .41
   9 SSL05A   1982 2011        .53
  10 SSL05B   1982 2011        .60
  11 SSL06A   1974 2011   .60
  12 SSL06B   1974 2011   .60
  13 SSL07A   1976 2011        .48
  14 SSL07B   1976 2011        .60
  15 SSL08A   1980 2006        .56
  16 SSL08B   1980 2006        .36B
  17 SSL09A   1980 2011        .53
  18 SSL09B   1980 2011        .31B
  19 SSL10A   1984 2011        .51
  20 SSL10B   1984 2011        .44
  21 SSL11A   1987 2011        .61
  22 SSL11B   1989 2011        .45
  23 SSL12A   1957 2011   .60
  24 SSL12B   1963 2011   .59
  25 SSL13A   1966 2011   .44
  26 SSL13B   1962 2011   .49
  27 SSL14A   1969 2011   .56
  28 SSL14B   1968 2011   .56
  29 SSL15A   1963 2011   .48
  30 SSL15B   1969 2011   .47
 Av segment correlation   .54  .48
PART 6:  POTENTIAL PROBLEMS: ss                                                                    15:42  Mon 07 Nov 2011  Page   5
------------------------------------------------------------------------------------------------------------------------------------

 For each series with potential problems the following diagnostics may appear:

 [A] Correlations with master dating series of flagged  50-year segments of series filtered with  32-year spline,
     at every point from ten years earlier (-10) to ten years later (+10) than dated

 [B] Effect of those data values which most lower or raise correlation with master series
     Symbol following year indicates value in series is greater (>) or lesser (<) than master series value

 [C] Year-to-year changes very different from the mean change in other series

 [D] Absent rings (zero values)

 [E] Values which are statistical outliers from mean for the year
====================================================================================================================================

 SSL01A    1980 to  2011      32 years                                                                                    Series   1

 [A] Segment   High   -10   -9   -8   -7   -6   -5   -4   -3   -2   -1   +0   +1   +2   +3   +4   +5   +6   +7   +8   +9  +10
    ---------  ----   ---  ---  ---  ---  ---  ---  ---  ---  ---  ---  ---  ---  ---  ---  ---  ---  ---  ---  ---  ---  ---
    1980 2011   -8    .07 -.05  .48* .11  .05  .16  .03  .14 -.09 -.17  .42|   -    -    -    -    -    -    -    -    -    -

 [B] Entire series, effect on correlation (  .416) is:
       Lower   1983> -.052   2010< -.037   2003> -.033   1986< -.017   2005> -.014   1991< -.010  Higher   2011  .094   2004  .034
     1980 to 2011 segment:
       Lower   1983> -.052   2010< -.037   2003> -.033   1986< -.017   2005> -.014   1991< -.010  Higher   2011  .094   2004  .034

 [E] Outliers     1   3.0 SD above or -4.5 SD below mean for year
       1985 +3.2 SD
====================================================================================================================================

 SSL01B    1980 to  2011      32 years                                                                                    Series   2

 [B] Entire series, effect on correlation (  .439) is:
       Lower   1983> -.093   1998< -.059   1981> -.045   1997< -.042   1993> -.019   1991< -.016  Higher   2003  .164   2004  .039

 [E] Outliers     1   3.0 SD above or -4.5 SD below mean for year
       1983 +3.1 SD
====================================================================================================================================

 SSL02A    1975 to  2011      37 years                                                                                    Series   3

 [A] Segment   High   -10   -9   -8   -7   -6   -5   -4   -3   -2   -1   +0   +1   +2   +3   +4   +5   +6   +7   +8   +9  +10
    ---------  ----   ---  ---  ---  ---  ---  ---  ---  ---  ---  ---  ---  ---  ---  ---  ---  ---  ---  ---  ---  ---  ---
    1975 2011   -8   -.13 -.17  .24*-.25  .12 -.18  .19  .12  .16  .12  .11|   -    -    -    -    -    -    -    -    -    -

 [B] Entire series, effect on correlation (  .114) is:
       Lower   2003> -.097   1988> -.052   2005> -.047   2000> -.037   2002< -.032   2004< -.027  Higher   2011  .236   1983  .079
     1975 to 2011 segment:
       Lower   2003> -.097   1988> -.052   2005> -.047   2000> -.037   2002< -.032   2004< -.027  Higher   2011  .236   1983  .079

 [E] Outliers     1   3.0 SD above or -4.5 SD below mean for year
       2011 -5.1 SD
====================================================================================================================================

 SSL02B    1975 to  2011      37 years                                                                                    Series   4

 [B] Entire series, effect on correlation (  .438) is:
       Lower   1982< -.122   2011> -.065   1981> -.022   2009< -.018   1976< -.018   2003> -.016  Higher   2005  .056   1983  .037

====================================================================================================================================

 SSL03A    1976 to  2011      36 years                                                                                    Series   5

 [B] Entire series, effect on correlation (  .697) is:
       Lower   2007> -.042   1981> -.024   2005< -.017   1993> -.015   2004< -.011   1985< -.011  Higher   2003  .060   2011  .035

 [E] Outliers     1   3.0 SD above or -4.5 SD below mean for year
       2005 -5.0 SD
====================================================================================================================================

 SSL03B    1976 to  2011      36 years                                                                                    Series   6

 [B] Entire series, effect on correlation (  .569) is:
       Lower   1978< -.055   1987< -.024   1979> -.021   2008< -.019   1992> -.018   1980< -.016  Higher   2003  .049   1983  .040

====================================================================================================================================

 SSL04A    1976 to  2011      36 years                                                                                    Series   7

 [B] Entire series, effect on correlation (  .574) is:
       Lower   2008< -.033   1981> -.016   2003> -.015   1993> -.014   1985< -.012   1983> -.011  Higher   2011  .033   2004  .032

====================================================================================================================================

 SSL04B    1976 to  2011      36 years                                                                                    Series   8

 [B] Entire series, effect on correlation (  .408) is:
       Lower   1984< -.079   1983> -.062   1976< -.035   1994< -.021   2003> -.016   1992> -.012  Higher   2004  .049   2011  .042

 [C] Year-to-year changes diverging by over 4.0 std deviations:
       1983 1984  -4.1 SD

====================================================================================================================================

 SSL05A    1982 to  2011      30 years                                                                                    Series   9

 [B] Entire series, effect on correlation (  .526) is:
       Lower   1983> -.154   1984< -.014   1982> -.012   1989< -.010   1992< -.010   1993> -.004  Higher   2011  .067   2005  .032

 [E] Outliers     1   3.0 SD above or -4.5 SD below mean for year
       1983 +3.7 SD
====================================================================================================================================

 SSL05B    1982 to  2011      30 years                                                                                    Series  10

 [B] Entire series, effect on correlation (  .595) is:
       Lower   1992< -.057   2005> -.029   1993> -.018   1988> -.018   1985< -.016   2003> -.016  Higher   1983  .141   2011  .054

====================================================================================================================================

 SSL06A    1974 to  2011      38 years                                                                                    Series  11

 [B] Entire series, effect on correlation (  .602) is:
       Lower   2007> -.038   1996< -.029   2005> -.026   1997< -.025   1992> -.021   1980< -.017  Higher   1983  .072   2003  .050

====================================================================================================================================

 SSL06B    1974 to  2011      38 years                                                                                    Series  12

 [B] Entire series, effect on correlation (  .601) is:
       Lower   1980< -.055   1997< -.029   1979> -.027   2005> -.024   1996< -.022   1992> -.020  Higher   2003  .099   2011  .051

====================================================================================================================================

 SSL07A    1976 to  2011      36 years                                                                                    Series  13

 [B] Entire series, effect on correlation (  .478) is:
       Lower   1993< -.145   2005> -.033   1988> -.023   2000> -.015   1985< -.014   2001< -.013  Higher   2011  .062   2003  .051

====================================================================================================================================

 SSL07B    1976 to  2011      36 years                                                                                    Series  14

 [B] Entire series, effect on correlation (  .603) is:
       Lower   1993< -.109   2005> -.046   1979> -.016   1990> -.012   1997< -.008   1981> -.008  Higher   2003  .084   1983  .048

====================================================================================================================================

 SSL08A    1980 to  2006      27 years                                                                                    Series  15

 [B] Entire series, effect on correlation (  .560) is:
       Lower   1984> -.046   2004< -.043   1996< -.042   1995< -.041   2000> -.036   2002< -.033  Higher   2003  .145   1983  .098

====================================================================================================================================

 SSL08B    1980 to  2006      27 years                                                                                    Series  16

 [A] Segment   High   -10   -9   -8   -7   -6   -5   -4   -3   -2   -1   +0   +1   +2   +3   +4   +5   +6   +7   +8   +9  +10
    ---------  ----   ---  ---  ---  ---  ---  ---  ---  ---  ---  ---  ---  ---  ---  ---  ---  ---  ---  ---  ---  ---  ---
    1980 2006   -5   -.20 -.01 -.24  .08  .03  .43* .07  .20  .08  .16  .36|-.31  .02 -.09  .01  .27    -    -    -    -    -

 [B] Entire series, effect on correlation (  .363) is:
       Lower   2006< -.054   1981> -.049   2000> -.041   1996< -.017   1993> -.016   1985< -.011  Higher   2003  .076   1983  .066
     1980 to 2006 segment:
       Lower   2006< -.054   1981> -.049   2000> -.041   1996< -.017   1993> -.016   1985< -.011  Higher   2003  .076   1983  .066

====================================================================================================================================

 SSL09A    1980 to  2011      32 years                                                                                    Series  17

 [B] Entire series, effect on correlation (  .532) is:
       Lower   1983> -.047   1993> -.032   1992> -.026   2009< -.024   1991< -.019   1989< -.016  Higher   2003  .099   2005  .038

====================================================================================================================================

 SSL09B    1980 to  2011      32 years                                                                                    Series  18

 [A] Segment   High   -10   -9   -8   -7   -6   -5   -4   -3   -2   -1   +0   +1   +2   +3   +4   +5   +6   +7   +8   +9  +10
    ---------  ----   ---  ---  ---  ---  ---  ---  ---  ---  ---  ---  ---  ---  ---  ---  ---  ---  ---  ---  ---  ---  ---
    1980 2011   -4   -.01  .32  .05 -.10  .10 -.02  .51*-.22  .21 -.02  .31|   -    -    -    -    -    -    -    -    -    -

 [B] Entire series, effect on correlation (  .313) is:
       Lower   1992< -.112   2003> -.045   1981> -.025   2009< -.017   1995< -.015   2000> -.011  Higher   2011  .039   1999  .022
     1980 to 2011 segment:
       Lower   1992< -.112   2003> -.045   1981> -.025   2009< -.017   1995< -.015   2000> -.011  Higher   2011  .039   1999  .022

====================================================================================================================================

 SSL10A    1984 to  2011      28 years                                                                                    Series  19

 [B] Entire series, effect on correlation (  .507) is:
       Lower   2003> -.048   1984> -.046   1993> -.031   1992< -.026   1987< -.017   1998< -.010  Higher   2011  .051   2004  .051

====================================================================================================================================

 SSL10B    1984 to  2011      28 years                                                                                    Series  20

 [B] Entire series, effect on correlation (  .442) is:
       Lower   1992< -.110   2003> -.086   1984> -.070   1997< -.018   1989< -.016   1993> -.011  Higher   2004  .060   2011  .056

 [E] Outliers     1   3.0 SD above or -4.5 SD below mean for year
       1984 +3.4 SD
====================================================================================================================================

 SSL11A    1987 to  2011      25 years                                                                                    Series  21

 [B] Entire series, effect on correlation (  .613) is:
       Lower   2005> -.093   2011> -.053   2007< -.034   1992> -.016   1989< -.013   1987< -.011  Higher   2003  .165   2004  .029

====================================================================================================================================

 SSL11B    1989 to  2011      23 years                                                                                    Series  22

 [B] Entire series, effect on correlation (  .447) is:
       Lower   1999< -.083   1995< -.058   1992> -.046   1989< -.027   1993> -.016   2011> -.012  Higher   2005  .072   2000  .052

 [E] Outliers     1   3.0 SD above or -4.5 SD below mean for year
       1992 +3.3 SD
====================================================================================================================================

 SSL12A    1957 to  2011      55 years                                                                                    Series  23

 [*] Early part of series cannot be checked from 1957 to 1961 -- not matched by another series

 [B] Entire series, effect on correlation (  .595) is:
       Lower   1981< -.047   2011> -.046   1967> -.036   1988> -.022   1984> -.015   1994< -.013  Higher   1983  .070   2003  .069

====================================================================================================================================

 SSL12B    1963 to  2011      49 years                                                                                    Series  24

 [B] Entire series, effect on correlation (  .591) is:
       Lower   1994< -.048   2011> -.048   1984> -.022   1965< -.012   1967> -.012   2004< -.009  Higher   1983  .084   2003  .055

====================================================================================================================================

 SSL13A    1966 to  2011      46 years                                                                                    Series  25

 [B] Entire series, effect on correlation (  .435) is:
       Lower   2011> -.056   1994< -.029   1999< -.024   1981< -.021   1968> -.016   2004< -.013  Higher   1983  .057   1967  .025

 [E] Outliers     1   3.0 SD above or -4.5 SD below mean for year
       2011 +3.2 SD
====================================================================================================================================

 SSL13B    1962 to  2011      50 years                                                                                    Series  26

 [B] Entire series, effect on correlation (  .494) is:
       Lower   2011> -.099   2004< -.041   1994< -.036   1977< -.027   1966< -.026   1964< -.013  Higher   1983  .109   2003  .043

 [E] Outliers     1   3.0 SD above or -4.5 SD below mean for year
       2011 +4.2 SD
====================================================================================================================================

 SSL14A    1969 to  2011      43 years                                                                                    Series  27

 [B] Entire series, effect on correlation (  .558) is:
       Lower   2011> -.068   1974< -.065   2006< -.063   1970> -.017   2008> -.011   1982< -.011  Higher   1983  .088   2003  .025

====================================================================================================================================

 SSL14B    1968 to  2011      44 years                                                                                    Series  28

 [B] Entire series, effect on correlation (  .561) is:
       Lower   2011> -.055   1999< -.054   1994< -.043   1978< -.039   1984> -.022   2005> -.019  Higher   1983  .108   2003  .093

====================================================================================================================================

 SSL15A    1963 to  2011      49 years                                                                                    Series  29

 [B] Entire series, effect on correlation (  .477) is:
       Lower   2011> -.066   1974< -.043   1993< -.026   1975< -.018   1984> -.013   1980< -.010  Higher   2003  .083   2005  .034

 [E] Outliers     2   3.0 SD above or -4.5 SD below mean for year
       1985 +3.1 SD;    2011 +3.5 SD
====================================================================================================================================

 SSL15B    1969 to  2011      43 years                                                                                    Series  30

 [B] Entire series, effect on correlation (  .465) is:
       Lower   2011> -.070   1999< -.025   1994< -.015   2000> -.015   2005< -.010   2006< -.009  Higher   2004  .021   1988  .020

 [E] Outliers     1   3.0 SD above or -4.5 SD below mean for year
       2011 +3.4 SD
====================================================================================================================================
PART 7:  DESCRIPTIVE STATISTICS: ss                                                                15:42  Mon 07 Nov 2011  Page   6
------------------------------------------------------------------------------------------------------------------------------------

                                                Corr   //-------- Unfiltered --------\\  //---- Filtered -----\\
                           No.    No.    No.    with   Mean   Max     Std   Auto   Mean   Max     Std   Auto  AR
 Seq Series   Interval   Years  Segmt  Flags   Master  msmt   msmt    dev   corr   sens  value    dev   corr  ()
 --- -------- ---------  -----  -----  -----   ------ -----  -----  -----  -----  -----  -----  -----  -----  --
   1 SSL01A   1980 2011     32      1      1    .416   1.54   6.19  1.135   .091   .298   3.00   .503   .312   1
   2 SSL01B   1980 2011     32      1      0    .439   1.74   3.17   .980   .915   .186   2.92   .599  -.136   2
   3 SSL02A   1975 2011     37      1      1    .114   1.11   2.34   .565   .695   .332   2.43   .434   .069   1
   4 SSL02B   1975 2011     37      1      0    .438   1.12   3.02   .627   .686   .315   2.74   .535   .016   1
   5 SSL03A   1976 2011     36      1      0    .697   1.72   3.26  1.021   .888   .217   2.49   .520  -.019   2
   6 SSL03B   1976 2011     36      1      0    .569   1.54   3.21   .916   .861   .261   2.93   .782   .006   2
   7 SSL04A   1976 2011     36      1      0    .574   1.32   2.82   .761   .855   .267   2.69   .478   .017   1
   8 SSL04B   1976 2011     36      1      0    .408   1.03   2.30   .470   .570   .282   2.78   .468   .012   1
   9 SSL05A   1982 2011     30      1      0    .526   1.69   3.92   .835   .799   .228   2.65   .569  -.129   1
  10 SSL05B   1982 2011     30      1      0    .595   1.41   2.86   .499   .536   .229   2.71   .552  -.049   1
  11 SSL06A   1974 2011     38      1      0    .602   1.20   2.64   .756   .888   .232   2.89   .569   .007   1
  12 SSL06B   1974 2011     38      1      0    .601   1.16   2.63   .650   .822   .264   2.78   .615  -.009   2
  13 SSL07A   1976 2011     36      1      0    .478   2.20   4.44  1.236   .795   .279   2.45   .476   .061   2
  14 SSL07B   1976 2011     36      1      0    .603   2.37   5.22  1.422   .838   .262   2.68   .552   .012   1
  15 SSL08A   1980 2006     27      1      0    .560   1.16   2.11   .552   .437   .354   2.98   .666   .006   1
  16 SSL08B   1980 2006     27      1      1    .363    .64   1.52   .364   .377   .370   3.06   .629   .026   1
  17 SSL09A   1980 2011     32      1      0    .532    .86   2.39   .640   .797   .319   2.88   .582  -.192   1
  18 SSL09B   1980 2011     32      1      1    .313    .59   1.28   .242   .558   .283   2.67   .549  -.005   2
  19 SSL10A   1984 2011     28      1      0    .507   1.88   3.57   .846   .702   .278   2.72   .548  -.042   1
  20 SSL10B   1984 2011     28      1      0    .442   1.91   4.07   .929   .692   .306   2.84   .615  -.003   1
  21 SSL11A   1987 2011     25      1      0    .613   2.31   3.26   .485   .221   .212   2.59   .655  -.094   1
  22 SSL11B   1989 2011     23      1      0    .447   2.11   3.33   .435   .103   .235   2.84   .701   .050   1
  23 SSL12A   1957 2011     55      1      0    .595   2.26   3.97   .835   .797   .213   2.41   .512  -.056   2
  24 SSL12B   1963 2011     49      1      0    .591   2.27   4.64   .968   .787   .218   2.40   .412  -.112   1
  25 SSL13A   1966 2011     46      1      0    .435   3.38   7.80  1.863   .855   .225   2.51   .521  -.100   1
  26 SSL13B   1962 2011     50      1      0    .494   2.26   6.34  1.499   .901   .202   2.59   .536  -.083   1
  27 SSL14A   1969 2011     43      1      0    .558   2.36   3.70   .657   .780   .145   2.72   .679   .032   1
  28 SSL14B   1968 2011     44      1      0    .561   2.16   3.38   .693   .817   .155   2.50   .556  -.045   1
  29 SSL15A   1963 2011     49      1      0    .477   2.18   3.93   .711   .809   .144   2.65   .493  -.152   1
  30 SSL15B   1969 2011     43      1      0    .465   2.17   3.80   .568   .647   .150   2.50   .391  -.024   1
 --- -------- ---------  -----  -----  -----   ------ -----  -----  -----  -----  -----  -----  -----  -----  --
 Total or mean:           1091     30      4    .503   1.78   7.80   .836   .713   .242   3.06   .548  -.025

                                              - = [  COFECHA SS   COF  ] = -
