[]  Dendrochronology Program Library                                        Run XX     Program COF  22:13  Sat 12 Nov 2011  Page   1
[]
[]  P R O G R A M      C O F E C H A                                                                          Version 6.06P    28076
------------------------------------------------------------------------------------------------------------------------------------

 QUALITY CONTROL AND DATING CHECK OF TREE-RING MEASUREMENTS

 Title of run:           xx                                      

 File of DATED series:   XXL.raw

 File of UNDATED series: XXD.raw

 CONTENTS:

    Part 1:  Title page, options selected, summary, absent rings by series
    Part 2:  Histogram of time spans
    Part 3:  Master series with sample depth and absent rings by year
    Part 4:  Bar plot of Master Dating Series
    Part 5:  Correlation by segment of each series with Master
    Part 6:  Potential problems: low correlation, divergent year-to-year changes, absent rings, outliers
    Part 7:  Descriptive statistics
    Part 8:  Undated series - adjustments for highest correlations

 RUN CONTROL OPTIONS SELECTED                             VALUE

         1  Cubic smoothing spline 50% wavelength cutoff for filtering
                                                            32 years
         2  Segments examined are                           50 years lagged successively by  25 years
         3  Autoregressive model applied                     A  Residuals are used in master dating series and testing
         4  Series transformed to logarithms                 Y  Each series log-transformed for master dating series and testing
         5  CORRELATION is Pearson (parametric, quantitative)
            Critical correlation, 99% confidence level   .3281
         6  Master dating series saved                       N
         7  Ring measurements listed                         N
         8  Parts printed                             12345678 
         9  Absent rings are omitted from master series and segment correlations  (Y)

 Time span of Master dating series is  1967 to  2011    45 years
 Continuous time span is               1967 to  2011    45 years
 Portion with two or more series is    1967 to  2011    45 years


                                        ****************************************
                                        *C* Number of dated series        30 *C*
                                        *O* Master series 1967 2011   45 yrs *O*
                                        *F* Total rings in all series   1172 *F*
                                        *E* Total dated rings checked   1172 *E*
                                        *C* Series intercorrelation     .760 *C*
                                        *H* Average mean sensitivity    .276 *H*
                                        *A* Segments, possible problems    0 *A*
                                        *** Mean length of series       39.1 ***
                                        ****************************************

 ABSENT RINGS listed by SERIES:            (See Master Dating Series for absent rings listed by year)

 XXL14A      1 absent rings:   2011
 XXL14B      1 absent rings:   2011

             2 absent rings    .171%
PART 2:  TIME PLOT OF TREE-RING SERIES: xx                                                         22:13  Sat 12 Nov 2011  Page   2
------------------------------------------------------------------------------------------------------------------------------------
 1050 1100 1150 1200 1250 1300 1350 1400 1450 1500 1550 1600 1650 1700 1750 1800 1850 1900 1950 2000 2050 Ident   Seq Time-span  Yrs
   :    :    :    :    :    :    :    :    :    :    :    :    :    :    :    :    :    :    :    :    : -------- --- ---- ---- ----
   .    .    .    .    .    .    .    .    .    .    .    .    .    .    .    .    .    .    .<====>   . XXL01A     1 1967 2011   45
   .    .    .    .    .    .    .    .    .    .    .    .    .    .    .    .    .    .    .<====>   . XXL01B     2 1967 2011   45
   .    .    .    .    .    .    .    .    .    .    .    .    .    .    .    .    .    .    .<====>   . XXL02A     3 1969 2011   43
   .    .    .    .    .    .    .    .    .    .    .    .    .    .    .    .    .    .    .<====>   . XXL02B     4 1969 2011   43
   .    .    .    .    .    .    .    .    .    .    .    .    .    .    .    .    .    .    .<====>   . XXL03A     5 1967 2011   45
   .    .    .    .    .    .    .    .    .    .    .    .    .    .    .    .    .    .    .<====>   . XXL03B     6 1967 2011   45
   .    .    .    .    .    .    .    .    .    .    .    .    .    .    .    .    .    .    . <===>   . XXL04A     7 1971 2010   40
   .    .    .    .    .    .    .    .    .    .    .    .    .    .    .    .    .    .    . <===>   . XXL04B     8 1971 2010   40
   .    .    .    .    .    .    .    .    .    .    .    .    .    .    .    .    .    .    . <===>   . XXL05A     9 1971 2010   40
   .    .    .    .    .    .    .    .    .    .    .    .    .    .    .    .    .    .    . <===>   . XXL05B    10 1971 2010   40
   .    .    .    .    .    .    .    .    .    .    .    .    .    .    .    .    .    .    . <===>   . XXL06A    11 1971 2011   41
   .    .    .    .    .    .    .    .    .    .    .    .    .    .    .    .    .    .    . <===>   . XXL06B    12 1971 2011   41
   .    .    .    .    .    .    .    .    .    .    .    .    .    .    .    .    .    .    .<====>   . XXL07A    13 1967 2011   45
   .    .    .    .    .    .    .    .    .    .    .    .    .    .    .    .    .    .    .<====>   . XXL07B    14 1967 2011   45
   .    .    .    .    .    .    .    .    .    .    .    .    .    .    .    .    .    .    . <===>   . XXL08A    15 1971 2011   41
   .    .    .    .    .    .    .    .    .    .    .    .    .    .    .    .    .    .    . <===>   . XXL08B    16 1971 2011   41
   .    .    .    .    .    .    .    .    .    .    .    .    .    .    .    .    .    .    . <===>   . XXL09A    17 1972 2011   40
   .    .    .    .    .    .    .    .    .    .    .    .    .    .    .    .    .    .    . <===>   . XXL09B    18 1972 2011   40
   .    .    .    .    .    .    .    .    .    .    .    .    .    .    .    .    .    .    .<====>   . XXL10A    19 1967 2011   45
   .    .    .    .    .    .    .    .    .    .    .    .    .    .    .    .    .    .    .<====>   . XXL10B    20 1967 2011   45
   .    .    .    .    .    .    .    .    .    .    .    .    .    .    .    .    .    .    .  <==>   . XXL11A    21 1980 2011   32
   .    .    .    .    .    .    .    .    .    .    .    .    .    .    .    .    .    .    . <===>   . XXL11B    22 1976 2011   36
   .    .    .    .    .    .    .    .    .    .    .    .    .    .    .    .    .    .    .  <==>   . XXL12B    23 1980 2011   32
   .    .    .    .    .    .    .    .    .    .    .    .    .    .    .    .    .    .    .  <==>   . XXL12A    24 1981 2011   31
   .    .    .    .    .    .    .    .    .    .    .    .    .    .    .    .    .    .    .  <==>   . XXL13B    25 1980 2011   32
   .    .    .    .    .    .    .    .    .    .    .    .    .    .    .    .    .    .    .  <==>   . XXL13A    26 1982 2011   30
   .    .    .    .    .    .    .    .    .    .    .    .    .    .    .    .    .    .    .  <==>   . XXL14A    27 1982 2011   30
   .    .    .    .    .    .    .    .    .    .    .    .    .    .    .    .    .    .    .  <==>   . XXL14B    28 1982 2011   30
   .    .    .    .    .    .    .    .    .    .    .    .    .    .    .    .    .    .    . <===>   . XXL15B    29 1975 2011   37
   .    .    .    .    .    .    .    .    .    .    .    .    .    .    .    .    .    .    .  <==>   . XXL15A    30 1980 2011   32
   :    :    :    :    :    :    :    :    :    :    :    :    :    :    :    :    :    :    :    :    :
 1050 1100 1150 1200 1250 1300 1350 1400 1450 1500 1550 1600 1650 1700 1750 1800 1850 1900 1950 2000 2050
   :    :    :    :    :    :    :    :    :    :    :    :    :    :    :    :    :    :    :    :    :
 1050 1100 1150 1200 1250 1300 1350 1400 1450 1500 1550 1600 1650 1700 1750 1800 1850 1900 1950 2000 2050
PART 3:  Master Dating Series: xx                                                                  22:13  Sat 12 Nov 2011  Page   3
------------------------------------------------------------------------------------------------------------------------------------
  Year  Value  No Ab    Year  Value  No Ab    Year  Value  No Ab    Year  Value  No Ab    Year  Value  No Ab    Year  Value  No Ab
  ------------------    ------------------    ------------------    ------------------    ------------------    ------------------
                        2000  -.804  30
                        2001  -.028  30
                        2002 -1.378  30
                        2003   .725  30
                        2004   .285  30
                        2005   .526  30
                        2006   .962  30
                        2007  1.225  30
                        2008   .323  30
                        2009  -.075  30

                        2010   .441  30
                        2011 -2.933  26  2





  1967  1.121   8
  1968  -.255   8
  1969  -.358  10

  1970  -.306  10
  1971  -.202  18
  1972 -1.594  20
  1973   .399  20
  1974   .657  20
  1975  1.058  21
  1976   .288  22
  1977   .354  22
  1978  -.478  22
  1979  -.627  22

  1980  -.932  26
  1981  -.139  27
  1982   .574  30
  1983 -1.061  30
  1984  1.106  30
  1985  1.081  30
  1986  -.217  30
  1987 -1.497  30
  1988  -.426  30
  1989   .973  30

  1990  -.103  30
  1991   .842  30
  1992   .740  30
  1993  1.189  30
  1994   .762  30
  1995  -.655  30
  1996   .120  30
  1997   .933  30
  1998   .617  30
  1999 -3.234  30
------------------------------------------------------------------------------------------------------------------------------------
PART 4:  Master Bar Plot: xx                                                                       22:13  Sat 12 Nov 2011  Page   4
------------------------------------------------------------------------------------------------------------------------------------
   Year Rel value  Year Rel value  Year Rel value  Year Rel value  Year Rel value  Year Rel value  Year Rel value  Year Rel value
                   2000-c
                   2001----@
                   2002f
                   2003-------C
                   2004-----A
                   2005------B
                   2006---------D
                   2007----------E
                   2008-----A
                   2009----@
                   2010------B
                   2011l





   1967---------D
   1968---a
   1969---a
   1970---a
   1971---a
   1972f
   1973------B
   1974-------C
   1975---------D
   1976-----A
   1977-----A
   1978--b
   1979--c
   1980-d
   1981----a
   1982-------B
   1983-d
   1984---------D
   1985---------D
   1986---a
   1987f
   1988--b
   1989---------D
   1990----@
   1991--------C
   1992-------C
   1993----------E
   1994--------C
   1995--c
   1996-----@
   1997--------D
   1998-------B
   1999m
PART 5:  CORRELATION OF SERIES BY SEGMENTS: xx                                                     22:13  Sat 12 Nov 2011  Page   5
------------------------------------------------------------------------------------------------------------------------------------
 Correlations of  50-year dated segments, lagged  25 years
 Flags:  A = correlation under   .3281 but highest as dated;  B = correlation higher at other than dated position

 Seq Series  Time_span   1950 1975
                         1999 2024
 --- -------- ---------  ---- ---- ---- ---- ---- ---- ---- ---- ---- ---- ---- ---- ---- ---- ---- ---- ---- ---- ---- ----
   1 XXL01A   1967 2011   .77
   2 XXL01B   1967 2011   .80
   3 XXL02A   1969 2011   .86
   4 XXL02B   1969 2011   .78
   5 XXL03A   1967 2011   .74
   6 XXL03B   1967 2011   .79
   7 XXL04A   1971 2010   .60
   8 XXL04B   1971 2010   .51
   9 XXL05A   1971 2010   .82
  10 XXL05B   1971 2010   .65
  11 XXL06A   1971 2011   .82
  12 XXL06B   1971 2011   .81
  13 XXL07A   1967 2011   .78
  14 XXL07B   1967 2011   .75
  15 XXL08A   1971 2011   .72
  16 XXL08B   1971 2011   .78
  17 XXL09A   1972 2011   .78
  18 XXL09B   1972 2011   .83
  19 XXL10A   1967 2011   .70
  20 XXL10B   1967 2011   .61
  21 XXL11A   1980 2011        .82
  22 XXL11B   1976 2011        .81
  23 XXL12B   1980 2011        .89
  24 XXL12A   1981 2011        .85
  25 XXL13B   1980 2011        .81
  26 XXL13A   1982 2011        .89
  27 XXL14A   1982 2011        .77
  28 XXL14B   1982 2011        .76
  29 XXL15B   1975 2011        .79
  30 XXL15A   1980 2011        .63
 Av segment correlation   .75  .80
PART 6:  POTENTIAL PROBLEMS: xx                                                                    22:13  Sat 12 Nov 2011  Page   5
------------------------------------------------------------------------------------------------------------------------------------

 For each series with potential problems the following diagnostics may appear:

 [A] Correlations with master dating series of flagged  50-year segments of series filtered with  32-year spline,
     at every point from ten years earlier (-10) to ten years later (+10) than dated

 [B] Effect of those data values which most lower or raise correlation with master series
     Symbol following year indicates value in series is greater (>) or lesser (<) than master series value

 [C] Year-to-year changes very different from the mean change in other series

 [D] Absent rings (zero values)

 [E] Values which are statistical outliers from mean for the year
====================================================================================================================================

 XXL01A    1967 to  2011      45 years                                                                                    Series   1

 [B] Entire series, effect on correlation (  .774) is:
       Lower   1986< -.019   1975< -.016   1987> -.016   1974< -.013   1973< -.012   2010< -.010  Higher   1999  .104   1972  .009

====================================================================================================================================

 XXL01B    1967 to  2011      45 years                                                                                    Series   2

 [B] Entire series, effect on correlation (  .805) is:
       Lower   1973< -.026   1984< -.021   1987> -.020   1982< -.018   1981> -.007   1968> -.007  Higher   1999  .081   2011  .059

====================================================================================================================================

 XXL02A    1969 to  2011      43 years                                                                                    Series   3

 [B] Entire series, effect on correlation (  .863) is:
       Lower   1998< -.023   1969> -.009   1980> -.008   1976> -.007   1981< -.007   1973< -.005  Higher   1999  .066   1987  .004

====================================================================================================================================

 XXL02B    1969 to  2011      43 years                                                                                    Series   4

 [B] Entire series, effect on correlation (  .783) is:
       Lower   2002< -.042   2004< -.013   1999> -.012   1976> -.010   1980> -.010   2007< -.008  Higher   2011  .066   1972  .011

====================================================================================================================================

 XXL03A    1967 to  2011      45 years                                                                                    Series   5

 [B] Entire series, effect on correlation (  .736) is:
       Lower   1968< -.049   1969< -.020   1986< -.020   2009< -.012   2011> -.009   1980> -.007  Higher   1999  .053   1972  .010

====================================================================================================================================

 XXL03B    1967 to  2011      45 years                                                                                    Series   6

 [B] Entire series, effect on correlation (  .792) is:
       Lower   1999> -.018   1987> -.015   1982< -.011   2004< -.011   1986< -.009   1970> -.009  Higher   2011  .079   1972  .010

====================================================================================================================================

 XXL04A    1971 to  2010      40 years                                                                                    Series   7

 [B] Entire series, effect on correlation (  .603) is:
       Lower   2010< -.058   1996< -.025   1994< -.019   2000> -.017   1976< -.014   1972> -.012  Higher   1999  .050   2002  .024

====================================================================================================================================

 XXL04B    1971 to  2010      40 years                                                                                    Series   8

 [B] Entire series, effect on correlation (  .515) is:
       Lower   2010< -.046   1972> -.045   1976< -.022   2001< -.015   2000> -.012   1986> -.012  Higher   1987  .025   1999  .019

====================================================================================================================================

 XXL05A    1971 to  2010      40 years                                                                                    Series   9

 [B] Entire series, effect on correlation (  .822) is:
       Lower   1995> -.025   2006< -.021   2007< -.017   2008< -.012   1992< -.009   1978> -.008  Higher   1999  .113   2002  .011

====================================================================================================================================

 XXL05B    1971 to  2010      40 years                                                                                    Series  10

 [B] Entire series, effect on correlation (  .645) is:
       Lower   1971> -.033   1979< -.027   1986> -.022   2005< -.018   1972> -.017   2000> -.015  Higher   1999  .111   2002  .018

 [E] Outliers     1   3.0 SD above or -4.5 SD below mean for year
       1971 +3.1 SD
====================================================================================================================================

 XXL06A    1971 to  2011      41 years                                                                                    Series  11

 [B] Entire series, effect on correlation (  .820) is:
       Lower   1978< -.034   1995< -.028   1987> -.027   2002> -.005   1976> -.005   1982< -.004  Higher   1999  .082   2011  .018

====================================================================================================================================

 XXL06B    1971 to  2011      41 years                                                                                    Series  12

 [B] Entire series, effect on correlation (  .812) is:
       Lower   2002> -.024   1981< -.022   1977< -.013   1987> -.010   2001< -.009   1978< -.008  Higher   2011  .079   1999  .022

====================================================================================================================================

 XXL07A    1967 to  2011      45 years                                                                                    Series  13

 [B] Entire series, effect on correlation (  .785) is:
       Lower   1969< -.017   1987> -.014   1996< -.012   1980> -.009   1986> -.007   1975< -.007  Higher   1999  .103   2002  .010

====================================================================================================================================

 XXL07B    1967 to  2011      45 years                                                                                    Series  14

 [B] Entire series, effect on correlation (  .753) is:
       Lower   1987> -.025   1970> -.021   1986> -.014   1991< -.012   1995> -.012   1988< -.009  Higher   2011  .099   1999  .011

====================================================================================================================================

 XXL08A    1971 to  2011      41 years                                                                                    Series  15

 [B] Entire series, effect on correlation (  .717) is:
       Lower   1994< -.022   1972< -.018   2002> -.016   1971> -.012   1988> -.011   1997< -.010  Higher   2011  .096   1987  .010

====================================================================================================================================

 XXL08B    1971 to  2011      41 years                                                                                    Series  16

 [B] Entire series, effect on correlation (  .778) is:
       Lower   1987< -.037   1971> -.022   1980> -.012   2000< -.010   1986> -.010   1982< -.008  Higher   1999  .084   1972  .010

====================================================================================================================================

 XXL09A    1972 to  2011      40 years                                                                                    Series  17

 [B] Entire series, effect on correlation (  .779) is:
       Lower   1983> -.035   1972> -.034   1981< -.028   1986> -.009   1995< -.008   2001> -.007  Higher   1999  .109   2011  .042

====================================================================================================================================

 XXL09B    1972 to  2011      40 years                                                                                    Series  18

 [B] Entire series, effect on correlation (  .830) is:
       Lower   1972> -.046   1981< -.017   1988> -.012   1985< -.012   1982< -.011   1987> -.008  Higher   2011  .066   1999  .063

====================================================================================================================================

 XXL10A    1967 to  2011      45 years                                                                                    Series  19

 [B] Entire series, effect on correlation (  .704) is:
       Lower   1999> -.028   1970< -.026   1997< -.026   1992< -.017   1972> -.008   1996< -.008  Higher   2011  .108   1987  .011

====================================================================================================================================

 XXL10B    1967 to  2011      45 years                                                                                    Series  20

 [B] Entire series, effect on correlation (  .607) is:
       Lower   1992< -.035   1968> -.027   1967< -.016   1986> -.016   1985< -.009   1978> -.008  Higher   1999  .044   1972  .015

====================================================================================================================================

 XXL11A    1980 to  2011      32 years                                                                                    Series  21

 [B] Entire series, effect on correlation (  .819) is:
       Lower   1983< -.083   1995> -.026   1980> -.007   1982< -.006   1989< -.005   1992< -.005  Higher   1999  .066   2011  .023

====================================================================================================================================

 XXL11B    1976 to  2011      36 years                                                                                    Series  22

 [B] Entire series, effect on correlation (  .811) is:
       Lower   1991< -.047   1995> -.024   1976< -.014   1979> -.013   1981> -.010   2002> -.009  Higher   2011  .090   1999  .056

====================================================================================================================================

 XXL12B    1980 to  2011      32 years                                                                                    Series  23

 [B] Entire series, effect on correlation (  .893) is:
       Lower   1992> -.020   1993< -.010   1986< -.009   2000< -.007   2002> -.006   1980< -.005  Higher   1999  .050   2011  .028

====================================================================================================================================

 XXL12A    1981 to  2011      31 years                                                                                    Series  24

 [B] Entire series, effect on correlation (  .849) is:
       Lower   2002> -.029   1992> -.021   1993< -.013   1985< -.009   1981> -.008   1995> -.005  Higher   2011  .070   1999  .061

====================================================================================================================================

 XXL13B    1980 to  2011      32 years                                                                                    Series  25

 [B] Entire series, effect on correlation (  .814) is:
       Lower   1989< -.025   2001< -.018   1990< -.011   1988< -.007   1983> -.007   1998> -.007  Higher   2011  .091   1999  .019

====================================================================================================================================

 XXL13A    1982 to  2011      30 years                                                                                    Series  26

 [B] Entire series, effect on correlation (  .890) is:
       Lower   1983> -.020   1994< -.018   2004> -.010   1990< -.006   2005< -.005   1992< -.005  Higher   1999  .060   2011  .027

====================================================================================================================================

 XXL14A    1982 to  2011      30 years                                                                                    Series  27

 [B] Entire series, effect on correlation (  .763) is:
       Lower   2010< -.026   2002> -.022   1988> -.021   1985< -.020   1998< -.020   1995> -.018  Higher   1999  .151   1987  .010

 [D]    1 Absent rings:  Year   Master  N series Absent
                         2011   -2.933      26       2
  >> WARNING:  Last ring in series is ABSENT

====================================================================================================================================

 XXL14B    1982 to  2011      30 years                                                                                    Series  28

 [B] Entire series, effect on correlation (  .697) is:
       Lower   1986< -.104   2011> -.062   1988> -.010   2010< -.009   1985< -.008   2009< -.005  Higher   1999  .144   1987  .012

 [D]    1 Absent rings:  Year   Master  N series Absent
                         2011   -2.933      26       2
  >> WARNING:  Last ring in series is ABSENT

====================================================================================================================================

 XXL15B    1975 to  2011      37 years                                                                                    Series  29

 [B] Entire series, effect on correlation (  .792) is:
       Lower   1976< -.030   1993< -.026   1975< -.023   1979> -.015   1989< -.009   1980> -.007  Higher   1999  .109   2011  .059

====================================================================================================================================

 XXL15A    1980 to  2011      32 years                                                                                    Series  30

 [B] Entire series, effect on correlation (  .633) is:
       Lower   2000< -.084   1986> -.035   2011> -.033   1988< -.025   2009< -.014   1989< -.004  Higher   1999  .129   1983  .012

====================================================================================================================================

 [*] All segments correlate highest as dated with correlation with master series over   .3281
PART 7:  DESCRIPTIVE STATISTICS: xx                                                                22:13  Sat 12 Nov 2011  Page   6
------------------------------------------------------------------------------------------------------------------------------------

                                                Corr   //-------- Unfiltered --------\\  //---- Filtered -----\\
                           No.    No.    No.    with   Mean   Max     Std   Auto   Mean   Max     Std   Auto  AR
 Seq Series   Interval   Years  Segmt  Flags   Master  msmt   msmt    dev   corr   sens  value    dev   corr  ()
 --- -------- ---------  -----  -----  -----   ------ -----  -----  -----  -----  -----  -----  -----  -----  --
   1 XXL01A   1967 2011     45      1      0    .774   1.26   2.46   .590   .776   .254   2.59   .477  -.018   1
   2 XXL01B   1967 2011     45      1      0    .805   1.17   2.27   .523   .721   .293   2.54   .521   .009   1
   3 XXL02A   1969 2011     43      1      0    .863    .96   1.85   .384   .627   .307   2.43   .462   .063   1
   4 XXL02B   1969 2011     43      1      0    .783    .94   1.63   .362   .635   .316   2.42   .538  -.041   2
   5 XXL03A   1967 2011     45      1      0    .736   1.22   2.31   .521   .748   .289   2.62   .674   .025   1
   6 XXL03B   1967 2011     45      1      0    .792   1.22   2.27   .523   .605   .386   2.39   .519  -.015   2
   7 XXL04A   1971 2010     40      1      0    .603    .76   1.49   .231   .388   .265   2.99   .736   .048   1
   8 XXL04B   1971 2010     40      1      0    .515    .87   1.64   .362   .748   .256   2.58   .554   .006   1
   9 XXL05A   1971 2010     40      1      0    .822    .84   1.77   .316   .541   .261   2.63   .501  -.016   1
  10 XXL05B   1971 2010     40      1      0    .645    .84   1.75   .387   .713   .275   2.64   .593  -.060   1
  11 XXL06A   1971 2011     41      1      0    .820   1.48   2.78   .471   .444   .244   2.69   .519   .042   1
  12 XXL06B   1971 2011     41      1      0    .812   1.40   2.32   .476   .655   .212   2.44   .490   .027   1
  13 XXL07A   1967 2011     45      1      0    .785   1.30   2.37   .480   .715   .213   2.55   .405  -.021   1
  14 XXL07B   1967 2011     45      1      0    .753   1.15   2.14   .486   .804   .242   2.42   .487  -.008   2
  15 XXL08A   1971 2011     41      1      0    .717    .92   1.47   .282   .517   .259   2.55   .571  -.095   1
  16 XXL08B   1971 2011     41      1      0    .778   1.25   2.57   .633   .776   .263   2.63   .580   .011   1
  17 XXL09A   1972 2011     40      1      0    .779   1.29   3.46   .820   .755   .280   2.38   .495   .060   1
  18 XXL09B   1972 2011     40      1      0    .830    .91   1.76   .433   .680   .280   2.47   .554  -.056   1
  19 XXL10A   1967 2011     45      1      0    .704    .75   2.30   .488   .784   .269   2.87   .529  -.008   1
  20 XXL10B   1967 2011     45      1      0    .607    .75   1.79   .358   .336   .365   2.74   .613  -.004   1
  21 XXL11A   1980 2011     32      1      0    .819   2.53   3.44   .721   .413   .252   2.42   .591  -.069   1
  22 XXL11B   1976 2011     36      1      0    .811   2.34   3.76   .759   .559   .248   2.51   .494  -.011   1
  23 XXL12B   1980 2011     32      1      0    .893   2.09   3.98   .678   .515   .254   2.79   .597   .027   1
  24 XXL12A   1981 2011     31      1      0    .849   2.15   4.89   .897   .757   .210   2.70   .497   .032   1
  25 XXL13B   1980 2011     32      1      0    .814   1.72   2.62   .431   .198   .218   2.57   .525  -.049   1
  26 XXL13A   1982 2011     30      1      0    .890   2.11   3.01   .567   .366   .251   2.40   .572   .012   1
  27 XXL14A   1982 2011     30      1      0    .763   2.79   4.46  1.270   .771   .350   2.42   .501   .072   1
  28 XXL14B   1982 2011     30      1      0    .697   2.15   3.68   .974   .764   .345   2.60   .611   .063   1
  29 XXL15B   1975 2011     37      1      0    .792   2.30   3.58   .733   .271   .289   2.58   .514   .039   1
  30 XXL15A   1980 2011     32      1      0    .633   2.15   3.23   .670   .262   .319   2.55   .687   .102   1
 --- -------- ---------  -----  -----  -----   ------ -----  -----  -----  -----  -----  -----  -----  -----  --
 Total or mean:           1172     30      0    .760   1.39   4.89   .542   .604   .276   2.99   .545   .004
PART 8:  ADJUSTMENTS FOR UNDATED SERIES: xx                                                        22:13  Sat 12 Nov 2011  Page   7
------------------------------------------------------------------------------------------------------------------------------------

 Time span  1967  2011    45 years, best matches for  50-year segments lagged  25 years
 Listed in order from highest correlation

           Counted       Corr      Corr      Corr      Corr      Corr      Corr      Corr      Corr      Corr      Corr      Corr
 Series    Segment   Add  # 1  Add  # 2  Add  # 3  Add  # 4  Add  # 5  Add  # 6  Add  # 7  Add  # 8  Add  # 9  Add  #10  Add  #11
 -------- ---------  --------  --------  --------  --------  --------  --------  --------  --------  --------  --------  --------
 XXD01A   1970 2003     0 .59     4 .18    -2 .11    -3 .11     7 .10     3 .07   --- ---   --- ---   --- ---   --- ---   --- ---
===================  ========  ========  ========  ========  ========  ========  ========  ========  ========  ========  ========
           Counted       Corr      Corr      Corr      Corr      Corr      Corr      Corr      Corr      Corr      Corr      Corr
 Series    Segment   Add  # 1  Add  # 2  Add  # 3  Add  # 4  Add  # 5  Add  # 6  Add  # 7  Add  # 8  Add  # 9  Add  #10  Add  #11
 -------- ---------  --------  --------  --------  --------  --------  --------  --------  --------  --------  --------  --------
 XXD01B   1970 2000     0 .43    -1 .23    11 .12     4 .12    -2 .02   --- ---   --- ---   --- ---   --- ---   --- ---   --- ---
===================  ========  ========  ========  ========  ========  ========  ========  ========  ========  ========  ========
           Counted       Corr      Corr      Corr      Corr      Corr      Corr      Corr      Corr      Corr      Corr      Corr
 Series    Segment   Add  # 1  Add  # 2  Add  # 3  Add  # 4  Add  # 5  Add  # 6  Add  # 7  Add  # 8  Add  # 9  Add  #10  Add  #11
 -------- ---------  --------  --------  --------  --------  --------  --------  --------  --------  --------  --------  --------
 XXD02A   1971 2005     0 .39     1 .37     4 .13   --- ---   --- ---   --- ---   --- ---   --- ---   --- ---   --- ---   --- ---
===================  ========  ========  ========  ========  ========  ========  ========  ========  ========  ========  ========
           Counted       Corr      Corr      Corr      Corr      Corr      Corr      Corr      Corr      Corr      Corr      Corr
 Series    Segment   Add  # 1  Add  # 2  Add  # 3  Add  # 4  Add  # 5  Add  # 6  Add  # 7  Add  # 8  Add  # 9  Add  #10  Add  #11
 -------- ---------  --------  --------  --------  --------  --------  --------  --------  --------  --------  --------  --------
 XXD02B   1971 2006     0 .56     1 .28     4 .22    -3 .06     2 .03   --- ---   --- ---   --- ---   --- ---   --- ---   --- ---
===================  ========  ========  ========  ========  ========  ========  ========  ========  ========  ========  ========
           Counted       Corr      Corr      Corr      Corr      Corr      Corr      Corr      Corr      Corr      Corr      Corr
 Series    Segment   Add  # 1  Add  # 2  Add  # 3  Add  # 4  Add  # 5  Add  # 6  Add  # 7  Add  # 8  Add  # 9  Add  #10  Add  #11
 -------- ---------  --------  --------  --------  --------  --------  --------  --------  --------  --------  --------  --------
 XXD03A   1972 2007     0 .62    -3 .33     3 .15     1 .05    -4 .01   --- ---   --- ---   --- ---   --- ---   --- ---   --- ---
===================  ========  ========  ========  ========  ========  ========  ========  ========  ========  ========  ========
           Counted       Corr      Corr      Corr      Corr      Corr      Corr      Corr      Corr      Corr      Corr      Corr
 Series    Segment   Add  # 1  Add  # 2  Add  # 3  Add  # 4  Add  # 5  Add  # 6  Add  # 7  Add  # 8  Add  # 9  Add  #10  Add  #11
 -------- ---------  --------  --------  --------  --------  --------  --------  --------  --------  --------  --------  --------
 XXD03B   1972 2007     0 .64     3 .27    -3 .11     1 .05    -4 .02   --- ---   --- ---   --- ---   --- ---   --- ---   --- ---
===================  ========  ========  ========  ========  ========  ========  ========  ========  ========  ========  ========
           Counted       Corr      Corr      Corr      Corr      Corr      Corr      Corr      Corr      Corr      Corr      Corr
 Series    Segment   Add  # 1  Add  # 2  Add  # 3  Add  # 4  Add  # 5  Add  # 6  Add  # 7  Add  # 8  Add  # 9  Add  #10  Add  #11
 -------- ---------  --------  --------  --------  --------  --------  --------  --------  --------  --------  --------  --------
 XXD04A   1970 2009     0 .67    -3 .31     1 .15    -2 .01   --- ---   --- ---   --- ---   --- ---   --- ---   --- ---   --- ---
===================  ========  ========  ========  ========  ========  ========  ========  ========  ========  ========  ========
           Counted       Corr      Corr      Corr      Corr      Corr      Corr      Corr      Corr      Corr      Corr      Corr
 Series    Segment   Add  # 1  Add  # 2  Add  # 3  Add  # 4  Add  # 5  Add  # 6  Add  # 7  Add  # 8  Add  # 9  Add  #10  Add  #11
 -------- ---------  --------  --------  --------  --------  --------  --------  --------  --------  --------  --------  --------
 XXD04B   1969 2008     0 .36    -2 .17     1 .12   --- ---   --- ---   --- ---   --- ---   --- ---   --- ---   --- ---   --- ---
===================  ========  ========  ========  ========  ========  ========  ========  ========  ========  ========  ========
           Counted       Corr      Corr      Corr      Corr      Corr      Corr      Corr      Corr      Corr      Corr      Corr
 Series    Segment   Add  # 1  Add  # 2  Add  # 3  Add  # 4  Add  # 5  Add  # 6  Add  # 7  Add  # 8  Add  # 9  Add  #10  Add  #11
 -------- ---------  --------  --------  --------  --------  --------  --------  --------  --------  --------  --------  --------
 XXD05A   1973 2001     9 .26    -2 .22     5 .21     2 .20     6 .20    -3 .13     7 .06    -1 .02   --- ---   --- ---   --- ---
===================  ========  ========  ========  ========  ========  ========  ========  ========  ========  ========  ========
           Counted       Corr      Corr      Corr      Corr      Corr      Corr      Corr      Corr      Corr      Corr      Corr
 Series    Segment   Add  # 1  Add  # 2  Add  # 3  Add  # 4  Add  # 5  Add  # 6  Add  # 7  Add  # 8  Add  # 9  Add  #10  Add  #11
 -------- ---------  --------  --------  --------  --------  --------  --------  --------  --------  --------  --------  --------
 XXD05B   1971 2002     0 .51     9 .24    -2 .13    -1 .08     2 .07    -3 .06   --- ---   --- ---   --- ---   --- ---   --- ---
===================  ========  ========  ========  ========  ========  ========  ========  ========  ========  ========  ========
           Counted       Corr      Corr      Corr      Corr      Corr      Corr      Corr      Corr      Corr      Corr      Corr
 Series    Segment   Add  # 1  Add  # 2  Add  # 3  Add  # 4  Add  # 5  Add  # 6  Add  # 7  Add  # 8  Add  # 9  Add  #10  Add  #11
 -------- ---------  --------  --------  --------  --------  --------  --------  --------  --------  --------  --------  --------
 XXD06A   1967 2008     0 .79     1 .18     3 .10   --- ---   --- ---   --- ---   --- ---   --- ---   --- ---   --- ---   --- ---
===================  ========  ========  ========  ========  ========  ========  ========  ========  ========  ========  ========
           Counted       Corr      Corr      Corr      Corr      Corr      Corr      Corr      Corr      Corr      Corr      Corr
 Series    Segment   Add  # 1  Add  # 2  Add  # 3  Add  # 4  Add  # 5  Add  # 6  Add  # 7  Add  # 8  Add  # 9  Add  #10  Add  #11
 -------- ---------  --------  --------  --------  --------  --------  --------  --------  --------  --------  --------  --------
 XXD06B   1967 2009     0 .82   --- ---   --- ---   --- ---   --- ---   --- ---   --- ---   --- ---   --- ---   --- ---   --- ---
===================  ========  ========  ========  ========  ========  ========  ========  ========  ========  ========  ========
           Counted       Corr      Corr      Corr      Corr      Corr      Corr      Corr      Corr      Corr      Corr      Corr
 Series    Segment   Add  # 1  Add  # 2  Add  # 3  Add  # 4  Add  # 5  Add  # 6  Add  # 7  Add  # 8  Add  # 9  Add  #10  Add  #11
 -------- ---------  --------  --------  --------  --------  --------  --------  --------  --------  --------  --------  --------
 XXD07A   1973 2007     1 .66    -2 .27     2 .24    -1 .03   --- ---   --- ---   --- ---   --- ---   --- ---   --- ---   --- ---
===================  ========  ========  ========  ========  ========  ========  ========  ========  ========  ========  ========
           Counted       Corr      Corr      Corr      Corr      Corr      Corr      Corr      Corr      Corr      Corr      Corr
 Series    Segment   Add  # 1  Add  # 2  Add  # 3  Add  # 4  Add  # 5  Add  # 6  Add  # 7  Add  # 8  Add  # 9  Add  #10  Add  #11
 -------- ---------  --------  --------  --------  --------  --------  --------  --------  --------  --------  --------  --------
 XXD07B   1973 2008    -1 .18     2 .18     1 .16    -6 .15    -4 .08    -2 .08    -3 .07   --- ---   --- ---   --- ---   --- ---
===================  ========  ========  ========  ========  ========  ========  ========  ========  ========  ========  ========
           Counted       Corr      Corr      Corr      Corr      Corr      Corr      Corr      Corr      Corr      Corr      Corr
 Series    Segment   Add  # 1  Add  # 2  Add  # 3  Add  # 4  Add  # 5  Add  # 6  Add  # 7  Add  # 8  Add  # 9  Add  #10  Add  #11
 -------- ---------  --------  --------  --------  --------  --------  --------  --------  --------  --------  --------  --------
 XXD08A   1988 2006     4 .55   -12 .48     0 .33   -15 .27   -16 .24    -8 .23   -17 .15    -9 .11    -5 .11   -21 .05    -3 .01
===================  ========  ========  ========  ========  ========  ========  ========  ========  ========  ========  ========
           Counted       Corr      Corr      Corr      Corr      Corr      Corr      Corr      Corr      Corr      Corr      Corr
 Series    Segment   Add  # 1  Add  # 2  Add  # 3  Add  # 4  Add  # 5  Add  # 6  Add  # 7  Add  # 8  Add  # 9  Add  #10  Add  #11
 -------- ---------  --------  --------  --------  --------  --------  --------  --------  --------  --------  --------  --------
 XXD08B   1988 2006     0 .58   -12 .52   -21 .39    -5 .34    -4 .28   -19 .15   -13 .14   -20 .13    -3 .07   -16 .05    -7 .05
===================  ========  ========  ========  ========  ========  ========  ========  ========  ========  ========  ========
           Counted       Corr      Corr      Corr      Corr      Corr      Corr      Corr      Corr      Corr      Corr      Corr
 Series    Segment   Add  # 1  Add  # 2  Add  # 3  Add  # 4  Add  # 5  Add  # 6  Add  # 7  Add  # 8  Add  # 9  Add  #10  Add  #11
 -------- ---------  --------  --------  --------  --------  --------  --------  --------  --------  --------  --------  --------
 XXD09A   1972 2007     0 .68     3 .11    -3 .09     4 .07   --- ---   --- ---   --- ---   --- ---   --- ---   --- ---   --- ---
===================  ========  ========  ========  ========  ========  ========  ========  ========  ========  ========  ========
           Counted       Corr      Corr      Corr      Corr      Corr      Corr      Corr      Corr      Corr      Corr      Corr
 Series    Segment   Add  # 1  Add  # 2  Add  # 3  Add  # 4  Add  # 5  Add  # 6  Add  # 7  Add  # 8  Add  # 9  Add  #10  Add  #11
 -------- ---------  --------  --------  --------  --------  --------  --------  --------  --------  --------  --------  --------
 XXD09B   1972 2007     0 .46    -5 .20    -3 .19    -2 .15    -1 .05     1 .04    -4 .02   --- ---   --- ---   --- ---   --- ---
===================  ========  ========  ========  ========  ========  ========  ========  ========  ========  ========  ========
           Counted       Corr      Corr      Corr      Corr      Corr      Corr      Corr      Corr      Corr      Corr      Corr
 Series    Segment   Add  # 1  Add  # 2  Add  # 3  Add  # 4  Add  # 5  Add  # 6  Add  # 7  Add  # 8  Add  # 9  Add  #10  Add  #11
 -------- ---------  --------  --------  --------  --------  --------  --------  --------  --------  --------  --------  --------
 XXD10A   1971 2009     0 .57    -4 .03    -3 .03   --- ---   --- ---   --- ---   --- ---   --- ---   --- ---   --- ---   --- ---
===================  ========  ========  ========  ========  ========  ========  ========  ========  ========  ========  ========
           Counted       Corr      Corr      Corr      Corr      Corr      Corr      Corr      Corr      Corr      Corr      Corr
 Series    Segment   Add  # 1  Add  # 2  Add  # 3  Add  # 4  Add  # 5  Add  # 6  Add  # 7  Add  # 8  Add  # 9  Add  #10  Add  #11
 -------- ---------  --------  --------  --------  --------  --------  --------  --------  --------  --------  --------  --------
 XXD10B   1971 2009     0 .72    -3 .07     1 .03   --- ---   --- ---   --- ---   --- ---   --- ---   --- ---   --- ---   --- ---
===================  ========  ========  ========  ========  ========  ========  ========  ========  ========  ========  ========
           Counted       Corr      Corr      Corr      Corr      Corr      Corr      Corr      Corr      Corr      Corr      Corr
 Series    Segment   Add  # 1  Add  # 2  Add  # 3  Add  # 4  Add  # 5  Add  # 6  Add  # 7  Add  # 8  Add  # 9  Add  #10  Add  #11
 -------- ---------  --------  --------  --------  --------  --------  --------  --------  --------  --------  --------  --------
 XXD11A   1971 1999     0 .32     4 .23     7 .21     8 .18    -4 .16     5 .15    12 .12     9 .04    -2 .03    -1 .01   --- ---
===================  ========  ========  ========  ========  ========  ========  ========  ========  ========  ========  ========
           Counted       Corr      Corr      Corr      Corr      Corr      Corr      Corr      Corr      Corr      Corr      Corr
 Series    Segment   Add  # 1  Add  # 2  Add  # 3  Add  # 4  Add  # 5  Add  # 6  Add  # 7  Add  # 8  Add  # 9  Add  #10  Add  #11
 -------- ---------  --------  --------  --------  --------  --------  --------  --------  --------  --------  --------  --------
 XXD11B   1971 1998     0 .61     4 .23    12 .22     8 .21     7 .14     1 .14     9 .11     5 .06   --- ---   --- ---   --- ---
===================  ========  ========  ========  ========  ========  ========  ========  ========  ========  ========  ========
           Counted       Corr      Corr      Corr      Corr      Corr      Corr      Corr      Corr      Corr      Corr      Corr
 Series    Segment   Add  # 1  Add  # 2  Add  # 3  Add  # 4  Add  # 5  Add  # 6  Add  # 7  Add  # 8  Add  # 9  Add  #10  Add  #11
 -------- ---------  --------  --------  --------  --------  --------  --------  --------  --------  --------  --------  --------
 XXD12A   1966 2009   --- ---   --- ---   --- ---   --- ---   --- ---   --- ---   --- ---   --- ---   --- ---   --- ---   --- ---
===================  ========  ========  ========  ========  ========  ========  ========  ========  ========  ========  ========
           Counted       Corr      Corr      Corr      Corr      Corr      Corr      Corr      Corr      Corr      Corr      Corr
 Series    Segment   Add  # 1  Add  # 2  Add  # 3  Add  # 4  Add  # 5  Add  # 6  Add  # 7  Add  # 8  Add  # 9  Add  #10  Add  #11
 -------- ---------  --------  --------  --------  --------  --------  --------  --------  --------  --------  --------  --------
 XXD12B   1966 2009   --- ---   --- ---   --- ---   --- ---   --- ---   --- ---   --- ---   --- ---   --- ---   --- ---   --- ---
===================  ========  ========  ========  ========  ========  ========  ========  ========  ========  ========  ========
           Counted       Corr      Corr      Corr      Corr      Corr      Corr      Corr      Corr      Corr      Corr      Corr
 Series    Segment   Add  # 1  Add  # 2  Add  # 3  Add  # 4  Add  # 5  Add  # 6  Add  # 7  Add  # 8  Add  # 9  Add  #10  Add  #11
 -------- ---------  --------  --------  --------  --------  --------  --------  --------  --------  --------  --------  --------
 XXD13A   1973 2003     3 .40     0 .26     6 .21    -4 .12    -1 .11     8 .07     5 .05    -6 .03   --- ---   --- ---   --- ---
===================  ========  ========  ========  ========  ========  ========  ========  ========  ========  ========  ========
           Counted       Corr      Corr      Corr      Corr      Corr      Corr      Corr      Corr      Corr      Corr      Corr
 Series    Segment   Add  # 1  Add  # 2  Add  # 3  Add  # 4  Add  # 5  Add  # 6  Add  # 7  Add  # 8  Add  # 9  Add  #10  Add  #11
 -------- ---------  --------  --------  --------  --------  --------  --------  --------  --------  --------  --------  --------
 XXD13B   1972 2006     4 .37     0 .31     2 .14    -3 .07    -1 .06     1 .06   --- ---   --- ---   --- ---   --- ---   --- ---
===================  ========  ========  ========  ========  ========  ========  ========  ========  ========  ========  ========
       26 undated series

                                              - = [  COFECHA XX   COF  ] = -
