[]  Dendrochronology Program Library                                        Run AA     Program COF  10:22  Tue 15 Nov 2011  Page   1
[]
[]  P R O G R A M      C O F E C H A                                                                          Version 6.06P    28079
------------------------------------------------------------------------------------------------------------------------------------

 QUALITY CONTROL AND DATING CHECK OF TREE-RING MEASUREMENTS

 Title of run:           aa                                      

 File of DATED series:   AAL.raw

 File of UNDATED series: AAD.raw

 CONTENTS:

    Part 1:  Title page, options selected, summary, absent rings by series
    Part 2:  Histogram of time spans
    Part 3:  Master series with sample depth and absent rings by year
    Part 4:  Bar plot of Master Dating Series
    Part 5:  Correlation by segment of each series with Master
    Part 6:  Potential problems: low correlation, divergent year-to-year changes, absent rings, outliers
    Part 7:  Descriptive statistics
    Part 8:  Undated series - adjustments for highest correlations

 RUN CONTROL OPTIONS SELECTED                             VALUE

         1  Cubic smoothing spline 50% wavelength cutoff for filtering
                                                            32 years
         2  Segments examined are                           50 years lagged successively by  25 years
         3  Autoregressive model applied                     A  Residuals are used in master dating series and testing
         4  Series transformed to logarithms                 Y  Each series log-transformed for master dating series and testing
         5  CORRELATION is Pearson (parametric, quantitative)
            Critical correlation, 99% confidence level   .3281
         6  Master dating series saved                       N
         7  Ring measurements listed                         N
         8  Parts printed                             12345678 
         9  Absent rings are omitted from master series and segment correlations  (Y)

 Time span of Master dating series is  1954 to  2011    58 years
 Continuous time span is               1954 to  2011    58 years
 Portion with two or more series is    1954 to  2011    58 years

 >> AAL02A      1970 absent in   1 of   29 series, but is not usually narrow: master index is   .131
 >> AAL03A      1979 absent in   1 of   30 series, but is not usually narrow: master index is   .966

                                        ****************************************
                                        *C* Number of dated series        30 *C*
                                        *O* Master series 1954 2011   58 yrs *O*
                                        *F* Total rings in all series   1598 *F*
                                        *E* Total dated rings checked   1598 *E*
                                        *C* Series intercorrelation     .566 *C*
                                        *H* Average mean sensitivity    .249 *H*
                                        *A* Segments, possible problems    3 *A*
                                        *** Mean length of series       53.3 ***
                                        ****************************************

 ABSENT RINGS listed by SERIES:            (See Master Dating Series for absent rings listed by year)

 AAL02A      1 absent rings:   1970
 AAL03A      1 absent rings:   1979
 AAL03B      1 absent rings:   1958
 AAL09A      1 absent rings:   2011

             4 absent rings    .250%
PART 2:  TIME PLOT OF TREE-RING SERIES: aa                                                         10:22  Tue 15 Nov 2011  Page   2
------------------------------------------------------------------------------------------------------------------------------------
 1050 1100 1150 1200 1250 1300 1350 1400 1450 1500 1550 1600 1650 1700 1750 1800 1850 1900 1950 2000 2050 Ident   Seq Time-span  Yrs
   :    :    :    :    :    :    :    :    :    :    :    :    :    :    :    :    :    :    :    :    : -------- --- ---- ---- ----
   .    .    .    .    .    .    .    .    .    .    .    .    .    .    .    .    .    .    <=====>   . AAL01A     1 1958 2011   54
   .    .    .    .    .    .    .    .    .    .    .    .    .    .    .    .    .    .    <=====>   . AAL01B     2 1958 2011   54
   .    .    .    .    .    .    .    .    .    .    .    .    .    .    .    .    .    .    <=====>   . AAL02A     3 1956 2011   56
   .    .    .    .    .    .    .    .    .    .    .    .    .    .    .    .    .    .    <=====>   . AAL02B     4 1956 2011   56
   .    .    .    .    .    .    .    .    .    .    .    .    .    .    .    .    .    .    <=====>   . AAL03A     5 1954 2011   58
   .    .    .    .    .    .    .    .    .    .    .    .    .    .    .    .    .    .    <=====>   . AAL03B     6 1954 2011   58
   .    .    .    .    .    .    .    .    .    .    .    .    .    .    .    .    .    .    <=====>   . AAL04A     7 1954 2011   58
   .    .    .    .    .    .    .    .    .    .    .    .    .    .    .    .    .    .    <=====>   . AAL04B     8 1954 2011   58
   .    .    .    .    .    .    .    .    .    .    .    .    .    .    .    .    .    .    <=====>   . AAL05A     9 1954 2011   58
   .    .    .    .    .    .    .    .    .    .    .    .    .    .    .    .    .    .    <=====>   . AAL05B    10 1954 2010   57
   .    .    .    .    .    .    .    .    .    .    .    .    .    .    .    .    .    .    <=====>   . AAL06A    11 1954 2011   58
   .    .    .    .    .    .    .    .    .    .    .    .    .    .    .    .    .    .    <=====>   . AAL06B    12 1954 2011   58
   .    .    .    .    .    .    .    .    .    .    .    .    .    .    .    .    .    .    <=====>   . AAL07A    13 1954 2011   58
   .    .    .    .    .    .    .    .    .    .    .    .    .    .    .    .    .    .    <=====>   . AAL07B    14 1954 2011   58
   .    .    .    .    .    .    .    .    .    .    .    .    .    .    .    .    .    .    <=====>   . AAL08A    15 1955 2011   57
   .    .    .    .    .    .    .    .    .    .    .    .    .    .    .    .    .    .    <=====>   . AAL08B    16 1955 2011   57
   .    .    .    .    .    .    .    .    .    .    .    .    .    .    .    .    .    .    <=====>   . AAL09A    17 1954 2011   58
   .    .    .    .    .    .    .    .    .    .    .    .    .    .    .    .    .    .    <=====>   . AAL09B    18 1954 2011   58
   .    .    .    .    .    .    .    .    .    .    .    .    .    .    .    .    .    .    <=====>   . AAL10A    19 1955 2011   57
   .    .    .    .    .    .    .    .    .    .    .    .    .    .    .    .    .    .    <=====>   . AAL10B    20 1955 2011   57
   .    .    .    .    .    .    .    .    .    .    .    .    .    .    .    .    .    .    . <===>   . AAL11A    21 1970 2011   42
   .    .    .    .    .    .    .    .    .    .    .    .    .    .    .    .    .    .    .<====>   . AAL11B    22 1964 2011   48
   .    .    .    .    .    .    .    .    .    .    .    .    .    .    .    .    .    .    . <===>   . AAL12A    23 1974 2011   38
   .    .    .    .    .    .    .    .    .    .    .    .    .    .    .    .    .    .    .<====>   . AAL12B    24 1968 2011   44
   .    .    .    .    .    .    .    .    .    .    .    .    .    .    .    .    .    .    <=====>   . AAL13A    25 1959 2011   53
   .    .    .    .    .    .    .    .    .    .    .    .    .    .    .    .    .    .    .<====>   . AAL13B    26 1963 2011   49
   .    .    .    .    .    .    .    .    .    .    .    .    .    .    .    .    .    .    .<====>   . AAL14A    27 1965 2011   47
   .    .    .    .    .    .    .    .    .    .    .    .    .    .    .    .    .    .    .<====>   . AAL14B    28 1969 2011   43
   .    .    .    .    .    .    .    .    .    .    .    .    .    .    .    .    .    .    .<====>   . AAL15A    29 1966 2011   46
   .    .    .    .    .    .    .    .    .    .    .    .    .    .    .    .    .    .    .<====>   . AAL15B    30 1967 2011   45
   :    :    :    :    :    :    :    :    :    :    :    :    :    :    :    :    :    :    :    :    :
 1050 1100 1150 1200 1250 1300 1350 1400 1450 1500 1550 1600 1650 1700 1750 1800 1850 1900 1950 2000 2050
   :    :    :    :    :    :    :    :    :    :    :    :    :    :    :    :    :    :    :    :    :
 1050 1100 1150 1200 1250 1300 1350 1400 1450 1500 1550 1600 1650 1700 1750 1800 1850 1900 1950 2000 2050
PART 3:  Master Dating Series: aa                                                                  10:22  Tue 15 Nov 2011  Page   3
------------------------------------------------------------------------------------------------------------------------------------
  Year  Value  No Ab    Year  Value  No Ab    Year  Value  No Ab    Year  Value  No Ab    Year  Value  No Ab    Year  Value  No Ab
  ------------------    ------------------    ------------------    ------------------    ------------------    ------------------
                        2000   .383  30
                        2001  -.727  30
                        2002 -2.111  30
                        2003  -.108  30
  1954   .855  12       2004   .238  30
  1955   .526  16       2005   .889  30
  1956 -1.565  18       2006   .763  30
  1957  -.854  18       2007  1.208  30
  1958  -.800  20  1    2008  1.331  30
  1959  -.692  21       2009  1.063  30

  1960   .646  21       2010   .483  30
  1961   .103  21       2011 -2.980  29  1
  1962   .742  21
  1963  -.162  22
  1964   .275  23
  1965  1.289  24
  1966   .714  25
  1967   .428  26
  1968  -.539  27
  1969 -2.723  28

  1970   .131  29  1<<
  1971   .339  29
  1972   .148  29
  1973 -1.209  29
  1974   .698  30
  1975   .857  30
  1976  1.972  30
  1977   .389  30
  1978   .429  30
  1979   .966  30  1<<

  1980   .045  30
  1981  -.076  30
  1982  -.579  30
  1983  -.226  30
  1984  -.568  30
  1985   .537  30
  1986   .379  30
  1987  -.803  30
  1988 -1.023  30
  1989  -.062  30

  1990  -.630  30
  1991   .217  30
  1992  -.113  30
  1993  -.230  30
  1994  1.090  30
  1995 -2.278  30
  1996   .850  30
  1997  1.059  30
  1998   .359  30
  1999 -1.344  30
------------------------------------------------------------------------------------------------------------------------------------
PART 4:  Master Bar Plot: aa                                                                       10:22  Tue 15 Nov 2011  Page   4
------------------------------------------------------------------------------------------------------------------------------------
   Year Rel value  Year Rel value  Year Rel value  Year Rel value  Year Rel value  Year Rel value  Year Rel value  Year Rel value
                   2000------B
                   2001--c
                   2002h
                   2003---@
   1954--------C   2004-----A
   1955-------B    2005---------D
   1956f           2006--------C
   1957-c          2007----------E
   1958-c          2008----------E
   1959--c         2009---------D
   1960-------C    2010-------B
   1961----@       2011l
   1962--------C
   1963---a
   1964-----A
   1965----------E
   1966--------C
   1967------B
   1968--b
   1969k
   1970----A
   1971------A
   1972-----A
   1973-e
   1974--------C
   1975--------C
   1976----------H
   1977------B
   1978------B
   1979---------D
   1980----@
   1981----@
   1982--b
   1983---a
   1984--b
   1985-------B
   1986------B
   1987-c
   1988-d
   1989----@
   1990--c
   1991-----A
   1992---@
   1993---a
   1994---------D
   1995i
   1996--------C
   1997---------D
   1998------A
   1999-e
PART 5:  CORRELATION OF SERIES BY SEGMENTS: aa                                                     10:22  Tue 15 Nov 2011  Page   5
------------------------------------------------------------------------------------------------------------------------------------
 Correlations of  50-year dated segments, lagged  25 years
 Flags:  A = correlation under   .3281 but highest as dated;  B = correlation higher at other than dated position

 Seq Series  Time_span   1950 1975
                         1999 2024
 --- -------- ---------  ---- ---- ---- ---- ---- ---- ---- ---- ---- ---- ---- ---- ---- ---- ---- ---- ---- ---- ---- ----
   1 AAL01A   1958 2011   .66  .73
   2 AAL01B   1958 2011   .68  .77
   3 AAL02A   1956 2011   .29A .51
   4 AAL02B   1956 2011   .46  .52
   5 AAL03A   1954 2011   .48  .63
   6 AAL03B   1954 2011   .38  .53
   7 AAL04A   1954 2011   .37  .51
   8 AAL04B   1954 2011   .16A .50
   9 AAL05A   1954 2011   .57  .68
  10 AAL05B   1954 2010   .60  .44
  11 AAL06A   1954 2011   .67  .67
  12 AAL06B   1954 2011   .61  .77
  13 AAL07A   1954 2011   .49  .49
  14 AAL07B   1954 2011   .40  .32A
  15 AAL08A   1955 2011   .58  .71
  16 AAL08B   1955 2011   .53  .62
  17 AAL09A   1954 2011   .47  .45
  18 AAL09B   1954 2011   .58  .64
  19 AAL10A   1955 2011   .53  .52
  20 AAL10B   1955 2011   .60  .57
  21 AAL11A   1970 2011   .62
  22 AAL11B   1964 2011   .69
  23 AAL12A   1974 2011   .78
  24 AAL12B   1968 2011   .56
  25 AAL13A   1959 2011   .60  .65
  26 AAL13B   1963 2011   .84
  27 AAL14A   1965 2011   .45
  28 AAL14B   1969 2011   .68
  29 AAL15A   1966 2011   .60
  30 AAL15B   1967 2011   .57
 Av segment correlation   .55  .58
PART 6:  POTENTIAL PROBLEMS: aa                                                                    10:22  Tue 15 Nov 2011  Page   5
------------------------------------------------------------------------------------------------------------------------------------

 For each series with potential problems the following diagnostics may appear:

 [A] Correlations with master dating series of flagged  50-year segments of series filtered with  32-year spline,
     at every point from ten years earlier (-10) to ten years later (+10) than dated

 [B] Effect of those data values which most lower or raise correlation with master series
     Symbol following year indicates value in series is greater (>) or lesser (<) than master series value

 [C] Year-to-year changes very different from the mean change in other series

 [D] Absent rings (zero values)

 [E] Values which are statistical outliers from mean for the year
====================================================================================================================================

 AAL01A    1958 to  2011      54 years                                                                                    Series   1

 [B] Entire series, effect on correlation (  .711) is:
       Lower   1998< -.025   1980> -.024   1965< -.020   2002> -.016   1961> -.015   1990< -.012  Higher   2011  .056   1969  .055

====================================================================================================================================

 AAL01B    1958 to  2011      54 years                                                                                    Series   2

 [B] Entire series, effect on correlation (  .768) is:
       Lower   1995> -.044   1970< -.017   1981> -.013   1992< -.012   1980> -.010   1979< -.007  Higher   2011  .082   1969  .023

====================================================================================================================================

 AAL02A    1956 to  2011      56 years                                                                                    Series   3

 [A] Segment   High   -10   -9   -8   -7   -6   -5   -4   -3   -2   -1   +0   +1   +2   +3   +4   +5   +6   +7   +8   +9  +10
    ---------  ----   ---  ---  ---  ---  ---  ---  ---  ---  ---  ---  ---  ---  ---  ---  ---  ---  ---  ---  ---  ---  ---
    1956 2005    0      -    -    -    -    -    -    -    -  .05  .02  .29* .12 -.09  .10 -.10 -.06 -.03    -    -    -    -

 [B] Entire series, effect on correlation (  .247) is:
       Lower   1970< -.179   1956> -.040   1973> -.038   1969> -.022   1986< -.011   1975< -.008  Higher   2011  .082   2002  .017
     1956 to 2005 segment:
       Lower   1970< -.163   1956> -.044   1973> -.041   1969> -.019   1986< -.012   1975< -.009  Higher   2002  .026   1995  .026

 [C] Year-to-year changes diverging by over 4.0 std deviations:
       1969 1970  -6.2 SD    1970 1971   4.6 SD

 [D]    1 Absent rings:  Year   Master  N series Absent
                         1970     .131      29       1  >> WARNING:  Ring is not usually narrow

 [E] Outliers     2   3.0 SD above or -4.5 SD below mean for year
       1970 -6.7 SD;    1973 +3.0 SD
====================================================================================================================================

 AAL02B    1956 to  2011      56 years                                                                                    Series   4

 [B] Entire series, effect on correlation (  .471) is:
       Lower   1956> -.057   1971< -.034   1999> -.019   1982> -.008   1990> -.008   1980> -.008  Higher   1995  .102   1976  .026

 [C] Year-to-year changes diverging by over 4.0 std deviations:
       1994 1995  -4.0 SD    1995 1996   4.4 SD

 [E] Outliers     1   3.0 SD above or -4.5 SD below mean for year
       1995 -5.4 SD
====================================================================================================================================

 AAL03A    1954 to  2011      58 years                                                                                    Series   5

 [B] Entire series, effect on correlation (  .333) is:
       Lower   1979< -.238   1955< -.009   1973> -.008   1957> -.008   1959> -.007   1980> -.007  Higher   2011  .055   1969  .029

 [C] Year-to-year changes diverging by over 4.0 std deviations:
       1978 1979  -4.8 SD    1979 1980   4.9 SD

 [D]    1 Absent rings:  Year   Master  N series Absent
                         1979     .966      30       1  >> WARNING:  Ring is not usually narrow

 [E] Outliers     1   3.0 SD above or -4.5 SD below mean for year
       1979 -7.5 SD
====================================================================================================================================

 AAL03B    1954 to  2011      58 years                                                                                    Series   6

 [B] Entire series, effect on correlation (  .461) is:
       Lower   1973< -.078   1956> -.056   1976< -.015   1960< -.013   1980> -.012   1963> -.011  Higher   1995  .044   2011  .037

 [D]    1 Absent rings:  Year   Master  N series Absent
                         1958    -.800      20       1

 [E] Outliers     1   3.0 SD above or -4.5 SD below mean for year
       1973 -5.4 SD
====================================================================================================================================

 AAL04A    1954 to  2011      58 years                                                                                    Series   7

 [B] Entire series, effect on correlation (  .419) is:
       Lower   1954< -.050   1994< -.020   2009< -.017   1998< -.016   1957> -.016   1997< -.015  Higher   1956  .037   2011  .031

====================================================================================================================================

 AAL04B    1954 to  2011      58 years                                                                                    Series   8

 [A] Segment   High   -10   -9   -8   -7   -6   -5   -4   -3   -2   -1   +0   +1   +2   +3   +4   +5   +6   +7   +8   +9  +10
    ---------  ----   ---  ---  ---  ---  ---  ---  ---  ---  ---  ---  ---  ---  ---  ---  ---  ---  ---  ---  ---  ---  ---
    1954 2003    0      -    -    -    -    -    -    -    -    -    -  .16* .15 -.02  .12  .05  .03 -.04  .00  .11    -    -

 [B] Entire series, effect on correlation (  .382) is:
       Lower   1961< -.049   1995> -.033   1958> -.027   1996< -.026   2001> -.019   1994< -.018  Higher   2011  .185   1976  .017
     1954 to 2003 segment:
       Lower   1961< -.041   1996< -.031   1958> -.031   1995> -.023   1994< -.023   2001> -.021  Higher   1969  .036   1976  .035

====================================================================================================================================

 AAL05A    1954 to  2011      58 years                                                                                    Series   9

 [B] Entire series, effect on correlation (  .680) is:
       Lower   1995> -.035   1972< -.024   1980< -.015   2001> -.015   1981> -.015   1985< -.013  Higher   2011  .111   1976  .012

====================================================================================================================================

 AAL05B    1954 to  2010      57 years                                                                                    Series  10

 [B] Entire series, effect on correlation (  .443) is:
       Lower   2005< -.154   1956> -.024   1982> -.013   1970< -.012   1986< -.012   2001> -.010  Higher   1969  .063   1995  .053

====================================================================================================================================

 AAL06A    1954 to  2011      58 years                                                                                    Series  11

 [B] Entire series, effect on correlation (  .631) is:
       Lower   2011> -.050   1957> -.025   1963< -.015   1982< -.012   2000< -.009   1983< -.007  Higher   1995  .058   1976  .015

====================================================================================================================================

 AAL06B    1954 to  2011      58 years                                                                                    Series  12

 [B] Entire series, effect on correlation (  .713) is:
       Lower   1956> -.053   2002> -.017   1981< -.014   1995> -.007   1973> -.006   1963< -.006  Higher   2011  .093   1969  .040

====================================================================================================================================

 AAL07A    1954 to  2011      58 years                                                                                    Series  13

 [B] Entire series, effect on correlation (  .494) is:
       Lower   1971< -.032   2004< -.025   1962< -.020   1958> -.019   1955< -.016   1969> -.015  Higher   1995  .060   1956  .041

====================================================================================================================================

 AAL07B    1954 to  2011      58 years                                                                                    Series  14

 [A] Segment   High   -10   -9   -8   -7   -6   -5   -4   -3   -2   -1   +0   +1   +2   +3   +4   +5   +6   +7   +8   +9  +10
    ---------  ----   ---  ---  ---  ---  ---  ---  ---  ---  ---  ---  ---  ---  ---  ---  ---  ---  ---  ---  ---  ---  ---
    1962 2011    0      -    - -.20  .13 -.17 -.01  .14  .15  .27  .07  .32*   -    -    -    -    -    -    -    -    -    -

 [B] Entire series, effect on correlation (  .353) is:
       Lower   1971< -.104   2011> -.056   1969> -.049   2008< -.023   1962< -.012   1997< -.012  Higher   1995  .096   2002  .053
     1962 to 2011 segment:
       Lower   1971< -.111   2011> -.061   1969> -.055   2008< -.023   1968> -.013   1962< -.012  Higher   1995  .118   2002  .064

 [E] Outliers     1   3.0 SD above or -4.5 SD below mean for year
       1971 -5.0 SD
====================================================================================================================================

 AAL08A    1955 to  2011      57 years                                                                                    Series  15

 [B] Entire series, effect on correlation (  .678) is:
       Lower   1973> -.027   1957< -.019   1962< -.019   1991< -.017   2001> -.016   1978< -.015  Higher   2011  .096   1969  .035

====================================================================================================================================

 AAL08B    1955 to  2011      57 years                                                                                    Series  16

 [B] Entire series, effect on correlation (  .595) is:
       Lower   1980< -.053   1985< -.047   1957< -.021   1987> -.018   2001> -.013   1962< -.011  Higher   1995  .067   2011  .052

====================================================================================================================================

 AAL09A    1954 to  2011      58 years                                                                                    Series  17

 [B] Entire series, effect on correlation (  .580) is:
       Lower   1963< -.123   1969> -.052   1987> -.041   1991< -.007   1999> -.006   1998< -.005  Higher   2011  .077   1956  .028

 [D]    1 Absent rings:  Year   Master  N series Absent
                         2011   -2.980      29       1
  >> WARNING:  Last ring in series is ABSENT

 [E] Outliers     1   3.0 SD above or -4.5 SD below mean for year
       1963 -4.6 SD
====================================================================================================================================

 AAL09B    1954 to  2011      58 years                                                                                    Series  18

 [B] Entire series, effect on correlation (  .662) is:
       Lower   1969> -.044   1997< -.022   1988> -.015   1982< -.014   2005< -.014   1987> -.009  Higher   2011  .083   1956  .024

====================================================================================================================================

 AAL10A    1955 to  2011      57 years                                                                                    Series  19

 [B] Entire series, effect on correlation (  .521) is:
       Lower   1981< -.035   2011> -.023   1985< -.021   1980< -.019   2004< -.014   1979< -.014  Higher   1969  .080   2002  .037

====================================================================================================================================

 AAL10B    1955 to  2011      57 years                                                                                    Series  20

 [B] Entire series, effect on correlation (  .590) is:
       Lower   2011> -.023   1998< -.021   1986> -.015   1987> -.013   1981< -.011   2009< -.010  Higher   1969  .078   1956  .023

====================================================================================================================================

 AAL11A    1970 to  2011      42 years                                                                                    Series  21

 [B] Entire series, effect on correlation (  .621) is:
       Lower   1985< -.117   1981< -.018   1990> -.016   2001> -.015   1988> -.012   1999> -.012  Higher   2011  .143   2002  .046

====================================================================================================================================

 AAL11B    1964 to  2011      48 years                                                                                    Series  22

 [B] Entire series, effect on correlation (  .693) is:
       Lower   1988> -.038   1985< -.038   1987> -.033   1964< -.028   2001> -.014   1995> -.011  Higher   2011  .118   1969  .055

 [E] Outliers     1   3.0 SD above or -4.5 SD below mean for year
       1988 +3.1 SD
====================================================================================================================================

 AAL12A    1974 to  2011      38 years                                                                                    Series  23

 [B] Entire series, effect on correlation (  .776) is:
       Lower   1974< -.027   1987< -.014   1982> -.014   1998> -.011   1977< -.010   1981> -.009  Higher   2011  .100   1999  .008

====================================================================================================================================

 AAL12B    1968 to  2011      44 years                                                                                    Series  24

 [B] Entire series, effect on correlation (  .557) is:
       Lower   1987< -.058   1992< -.041   1995> -.032   1974< -.015   1969> -.013   1973> -.012  Higher   2011  .094   2002  .014

====================================================================================================================================

 AAL13A    1959 to  2011      53 years                                                                                    Series  25

 [B] Entire series, effect on correlation (  .637) is:
       Lower   1977< -.034   1987> -.025   1960< -.016   1982> -.015   1988> -.013   1980> -.012  Higher   1995  .071   2011  .032

====================================================================================================================================

 AAL13B    1963 to  2011      49 years                                                                                    Series  26

 [B] Entire series, effect on correlation (  .840) is:
       Lower   1991< -.020   2001> -.019   1968< -.010   1982> -.009   1993< -.008   1980> -.007  Higher   2011  .038   1969  .028

====================================================================================================================================

 AAL14A    1965 to  2011      47 years                                                                                    Series  27

 [B] Entire series, effect on correlation (  .447) is:
       Lower   1982< -.137   1986< -.017   1981> -.016   1967< -.016   1994< -.013   2000< -.012  Higher   1995  .055   2011  .052

====================================================================================================================================

 AAL14B    1969 to  2011      43 years                                                                                    Series  28

 [B] Entire series, effect on correlation (  .679) is:
       Lower   1982< -.065   1996< -.020   1981> -.017   2011> -.016   2009< -.014   1990> -.011  Higher   1995  .062   1969  .061

====================================================================================================================================

 AAL15A    1966 to  2011      46 years                                                                                    Series  29

 [B] Entire series, effect on correlation (  .603) is:
       Lower   1995> -.056   1987< -.038   2011> -.022   1988> -.020   1982> -.008   1989< -.007  Higher   1969  .089   2002  .022

====================================================================================================================================

 AAL15B    1967 to  2011      45 years                                                                                    Series  30

 [B] Entire series, effect on correlation (  .566) is:
       Lower   1986< -.090   1995> -.031   1982> -.024   1980> -.017   1994< -.012   2011> -.011  Higher   1969  .099   2002  .042

====================================================================================================================================
PART 7:  DESCRIPTIVE STATISTICS: aa                                                                10:22  Tue 15 Nov 2011  Page   6
------------------------------------------------------------------------------------------------------------------------------------

                                                Corr   //-------- Unfiltered --------\\  //---- Filtered -----\\
                           No.    No.    No.    with   Mean   Max     Std   Auto   Mean   Max     Std   Auto  AR
 Seq Series   Interval   Years  Segmt  Flags   Master  msmt   msmt    dev   corr   sens  value    dev   corr  ()
 --- -------- ---------  -----  -----  -----   ------ -----  -----  -----  -----  -----  -----  -----  -----  --
   1 AAL01A   1958 2011     54      2      0    .711   1.40   2.43   .484   .729   .202   2.56   .491   .039   1
   2 AAL01B   1958 2011     54      2      0    .768   1.13   1.82   .292   .544   .195   2.73   .479   .063   1
   3 AAL02A   1956 2011     56      2      1    .247    .94   1.89   .332   .354   .289   2.47   .370  -.048   1
   4 AAL02B   1956 2011     56      2      0    .471    .82   1.85   .312   .668   .255   2.49   .350  -.028   1
   5 AAL03A   1954 2011     58      2      0    .333    .81   1.58   .309   .388   .305   2.45   .369  -.093   1
   6 AAL03B   1954 2011     58      2      0    .461    .75   1.26   .274   .542   .334   2.53   .382  -.040   2
   7 AAL04A   1954 2011     58      2      0    .419    .55    .93   .161   .658   .188   2.37   .411  -.075   1
   8 AAL04B   1954 2011     58      2      1    .382    .50    .91   .182   .777   .189   2.47   .489   .021   1
   9 AAL05A   1954 2011     58      2      0    .680   1.38   2.85   .496   .481   .249   2.73   .419  -.004   1
  10 AAL05B   1954 2010     57      2      0    .443   1.08   1.85   .305   .606   .209   2.55   .496   .006   1
  11 AAL06A   1954 2011     58      2      0    .631    .98   1.64   .278   .537   .226   2.54   .485  -.062   2
  12 AAL06B   1954 2011     58      2      0    .713   1.33   2.65   .485   .526   .227   2.69   .462   .077   1
  13 AAL07A   1954 2011     58      2      0    .494    .38    .77   .147   .611   .294   2.82   .578   .028   1
  14 AAL07B   1954 2011     58      2      1    .353    .38    .76   .169   .676   .340   2.56   .484   .005   1
  15 AAL08A   1955 2011     57      2      0    .678   1.24   2.11   .382   .602   .188   2.63   .506   .041   1
  16 AAL08B   1955 2011     57      2      0    .595   1.19   2.32   .396   .535   .267   2.73   .558  -.037   1
  17 AAL09A   1954 2011     58      2      0    .580    .60   1.39   .300   .638   .340   2.57   .452  -.011   1
  18 AAL09B   1954 2011     58      2      0    .662    .80   1.70   .309   .579   .308   2.60   .574  -.048   3
  19 AAL10A   1955 2011     57      2      0    .521    .47   1.00   .205   .563   .339   2.71   .586   .053   1
  20 AAL10B   1955 2011     57      2      0    .590    .47   1.14   .243   .756   .299   2.70   .449  -.090   1
  21 AAL11A   1970 2011     42      1      0    .621   1.89   4.24   .772   .882   .172   2.46   .584  -.075   1
  22 AAL11B   1964 2011     48      1      0    .693   1.95   3.00   .482   .532   .195   2.47   .482   .017   1
  23 AAL12A   1974 2011     38      1      0    .776   2.39   4.59   .967   .655   .268   2.57   .560   .015   2
  24 AAL12B   1968 2011     44      1      0    .557   2.64   3.89   .765   .227   .278   2.54   .528  -.034   2
  25 AAL13A   1959 2011     53      2      0    .637   1.98   5.99   .824   .641   .188   2.55   .464  -.082   1
  26 AAL13B   1963 2011     49      1      0    .840   1.48   2.46   .386   .692   .155   2.71   .627  -.050   1
  27 AAL14A   1965 2011     47      1      0    .447   1.83   3.08   .598   .587   .217   2.47   .397  -.082   1
  28 AAL14B   1969 2011     43      1      0    .679   1.98   3.54   .764   .698   .250   2.57   .587  -.073   1
  29 AAL15A   1966 2011     46      1      0    .603   1.87   3.01   .503   .346   .245   2.51   .470  -.072   1
  30 AAL15B   1967 2011     45      1      0    .566   1.32   2.40   .444   .769   .194   2.48   .504  -.037   2
 --- -------- ---------  -----  -----  -----   ------ -----  -----  -----  -----  -----  -----  -----  -----  --
 Total or mean:           1598     51      3    .566   1.16   5.99   .399   .592   .249   2.82   .483  -.021
PART 8:  ADJUSTMENTS FOR UNDATED SERIES: aa                                                        10:22  Tue 15 Nov 2011  Page   7
------------------------------------------------------------------------------------------------------------------------------------

 Time span  1954  2011    58 years, best matches for  50-year segments lagged  25 years
 Listed in order from highest correlation

           Counted       Corr      Corr      Corr      Corr      Corr      Corr      Corr      Corr      Corr      Corr      Corr
 Series    Segment   Add  # 1  Add  # 2  Add  # 3  Add  # 4  Add  # 5  Add  # 6  Add  # 7  Add  # 8  Add  # 9  Add  #10  Add  #11
 -------- ---------  --------  --------  --------  --------  --------  --------  --------  --------  --------  --------  --------
 AAD02A   1955 1996    10 .44     0 .32     2 .21    13 .19    14 .17     3 .16    -1 .13    15 .11    12 .08    11 .05   --- ---
===================  ========  ========  ========  ========  ========  ========  ========  ========  ========  ========  ========
           Counted       Corr      Corr      Corr      Corr      Corr      Corr      Corr      Corr      Corr      Corr      Corr
 Series    Segment   Add  # 1  Add  # 2  Add  # 3  Add  # 4  Add  # 5  Add  # 6  Add  # 7  Add  # 8  Add  # 9  Add  #10  Add  #11
 -------- ---------  --------  --------  --------  --------  --------  --------  --------  --------  --------  --------  --------
 AAD02B   1955 1996    13 .44     0 .43     2 .27    10 .17    12 .16     1 .16     7 .01    14 .00   --- ---   --- ---   --- ---
===================  ========  ========  ========  ========  ========  ========  ========  ========  ========  ========  ========
           Counted       Corr      Corr      Corr      Corr      Corr      Corr      Corr      Corr      Corr      Corr      Corr
 Series    Segment   Add  # 1  Add  # 2  Add  # 3  Add  # 4  Add  # 5  Add  # 6  Add  # 7  Add  # 8  Add  # 9  Add  #10  Add  #11
 -------- ---------  --------  --------  --------  --------  --------  --------  --------  --------  --------  --------  --------
 AAD03A   1963 2010     0 .34    -2 .25    -8 .00    -3 .00   --- ---   --- ---   --- ---   --- ---   --- ---   --- ---   --- ---
===================  ========  ========  ========  ========  ========  ========  ========  ========  ========  ========  ========
           Counted       Corr      Corr      Corr      Corr      Corr      Corr      Corr      Corr      Corr      Corr      Corr
 Series    Segment   Add  # 1  Add  # 2  Add  # 3  Add  # 4  Add  # 5  Add  # 6  Add  # 7  Add  # 8  Add  # 9  Add  #10  Add  #11
 -------- ---------  --------  --------  --------  --------  --------  --------  --------  --------  --------  --------  --------
 AAD03B   1967 2009     1 .17     0 .14   -12 .13    -2 .07    -4 .07    -1 .04    -3 .00   --- ---   --- ---   --- ---   --- ---
===================  ========  ========  ========  ========  ========  ========  ========  ========  ========  ========  ========
           Counted       Corr      Corr      Corr      Corr      Corr      Corr      Corr      Corr      Corr      Corr      Corr
 Series    Segment   Add  # 1  Add  # 2  Add  # 3  Add  # 4  Add  # 5  Add  # 6  Add  # 7  Add  # 8  Add  # 9  Add  #10  Add  #11
 -------- ---------  --------  --------  --------  --------  --------  --------  --------  --------  --------  --------  --------
 AAD04A   1955 1999    12 .44     0 .26    -1 .25     2 .20     3 .15    10 .12   --- ---   --- ---   --- ---   --- ---   --- ---
===================  ========  ========  ========  ========  ========  ========  ========  ========  ========  ========  ========
           Counted       Corr      Corr      Corr      Corr      Corr      Corr      Corr      Corr      Corr      Corr      Corr
 Series    Segment   Add  # 1  Add  # 2  Add  # 3  Add  # 4  Add  # 5  Add  # 6  Add  # 7  Add  # 8  Add  # 9  Add  #10  Add  #11
 -------- ---------  --------  --------  --------  --------  --------  --------  --------  --------  --------  --------  --------
 AAD04B   1955 1999     0 .43     2 .11    12 .10     5 .08     3 .04    11 .02     1 .02   --- ---   --- ---   --- ---   --- ---
===================  ========  ========  ========  ========  ========  ========  ========  ========  ========  ========  ========
           Counted       Corr      Corr      Corr      Corr      Corr      Corr      Corr      Corr      Corr      Corr      Corr
 Series    Segment   Add  # 1  Add  # 2  Add  # 3  Add  # 4  Add  # 5  Add  # 6  Add  # 7  Add  # 8  Add  # 9  Add  #10  Add  #11
 -------- ---------  --------  --------  --------  --------  --------  --------  --------  --------  --------  --------  --------
 AAD05A   1968 2007     0 .38   -13 .28    -3 .16    -6 .09     1 .09     4 .02     3 .02   -14 .01    -8 .01   --- ---   --- ---
===================  ========  ========  ========  ========  ========  ========  ========  ========  ========  ========  ========
           Counted       Corr      Corr      Corr      Corr      Corr      Corr      Corr      Corr      Corr      Corr      Corr
 Series    Segment   Add  # 1  Add  # 2  Add  # 3  Add  # 4  Add  # 5  Add  # 6  Add  # 7  Add  # 8  Add  # 9  Add  #10  Add  #11
 -------- ---------  --------  --------  --------  --------  --------  --------  --------  --------  --------  --------  --------
 AAD05B   1962 2007    -5 .29     1 .19     2 .18    -8 .13     0 .13    -2 .12   --- ---   --- ---   --- ---   --- ---   --- ---
===================  ========  ========  ========  ========  ========  ========  ========  ========  ========  ========  ========
           Counted       Corr      Corr      Corr      Corr      Corr      Corr      Corr      Corr      Corr      Corr      Corr
 Series    Segment   Add  # 1  Add  # 2  Add  # 3  Add  # 4  Add  # 5  Add  # 6  Add  # 7  Add  # 8  Add  # 9  Add  #10  Add  #11
 -------- ---------  --------  --------  --------  --------  --------  --------  --------  --------  --------  --------  --------
 AAD06A   1968 2011    -3 .23   -14 .16    -7 .11   -11 .10   -13 .09    -6 .08    -5 .05    -4 .05     0 .04    -9 .02    -2 .02
===================  ========  ========  ========  ========  ========  ========  ========  ========  ========  ========  ========
           Counted       Corr      Corr      Corr      Corr      Corr      Corr      Corr      Corr      Corr      Corr      Corr
 Series    Segment   Add  # 1  Add  # 2  Add  # 3  Add  # 4  Add  # 5  Add  # 6  Add  # 7  Add  # 8  Add  # 9  Add  #10  Add  #11
 -------- ---------  --------  --------  --------  --------  --------  --------  --------  --------  --------  --------  --------
 AAD06B   1967 2010     0 .42   -13 .41    -2 .23   -12 .11    -3 .10   -10 .09    -6 .06    -4 .03   --- ---   --- ---   --- ---
===================  ========  ========  ========  ========  ========  ========  ========  ========  ========  ========  ========
           Counted       Corr      Corr      Corr      Corr      Corr      Corr      Corr      Corr      Corr      Corr      Corr
 Series    Segment   Add  # 1  Add  # 2  Add  # 3  Add  # 4  Add  # 5  Add  # 6  Add  # 7  Add  # 8  Add  # 9  Add  #10  Add  #11
 -------- ---------  --------  --------  --------  --------  --------  --------  --------  --------  --------  --------  --------
 AAD07A   1968 1999   -13 .40   -14 .28     0 .24    -3 .20     4 .19    -1 .19     8 .14   -12 .12    -2 .06    -6 .06    11 .06
===================  ========  ========  ========  ========  ========  ========  ========  ========  ========  ========  ========
           Counted       Corr      Corr      Corr      Corr      Corr      Corr      Corr      Corr      Corr      Corr      Corr
 Series    Segment   Add  # 1  Add  # 2  Add  # 3  Add  # 4  Add  # 5  Add  # 6  Add  # 7  Add  # 8  Add  # 9  Add  #10  Add  #11
 -------- ---------  --------  --------  --------  --------  --------  --------  --------  --------  --------  --------  --------
 AAD07B   1970 2000     0 .32    -4 .32   -15 .29     7 .27     4 .20   -12 .19     8 .16    -7 .14   -14 .13   -13 .11     6 .06
===================  ========  ========  ========  ========  ========  ========  ========  ========  ========  ========  ========
           Counted       Corr      Corr      Corr      Corr      Corr      Corr      Corr      Corr      Corr      Corr      Corr
 Series    Segment   Add  # 1  Add  # 2  Add  # 3  Add  # 4  Add  # 5  Add  # 6  Add  # 7  Add  # 8  Add  # 9  Add  #10  Add  #11
 -------- ---------  --------  --------  --------  --------  --------  --------  --------  --------  --------  --------  --------
 AAD08A   1956 2005     0 .24   --- ---   --- ---   --- ---   --- ---   --- ---   --- ---   --- ---   --- ---   --- ---   --- ---
 AAD08A   1959 2008  Lag from prior segment   3 years; insufficient
===================  ========  ========  ========  ========  ========  ========  ========  ========  ========  ========  ========
           Counted       Corr      Corr      Corr      Corr      Corr      Corr      Corr      Corr      Corr      Corr      Corr
 Series    Segment   Add  # 1  Add  # 2  Add  # 3  Add  # 4  Add  # 5  Add  # 6  Add  # 7  Add  # 8  Add  # 9  Add  #10  Add  #11
 -------- ---------  --------  --------  --------  --------  --------  --------  --------  --------  --------  --------  --------
 AAD08B   1956 2005    -2 .05    -1 .04     2 .02     1 .01     3 .01   --- ---   --- ---   --- ---   --- ---   --- ---   --- ---
 AAD08B   1957 2006  Lag from prior segment   1 years; insufficient
===================  ========  ========  ========  ========  ========  ========  ========  ========  ========  ========  ========
           Counted       Corr      Corr      Corr      Corr      Corr      Corr      Corr      Corr      Corr      Corr      Corr
 Series    Segment   Add  # 1  Add  # 2  Add  # 3  Add  # 4  Add  # 5  Add  # 6  Add  # 7  Add  # 8  Add  # 9  Add  #10  Add  #11
 -------- ---------  --------  --------  --------  --------  --------  --------  --------  --------  --------  --------  --------
 AAD09A   1968 2009     0 .40   -13 .29    -1 .18    -5 .12     1 .12   -12 .11    -2 .09   -10 .02    -8 .02    -3 .01   -11 .01
===================  ========  ========  ========  ========  ========  ========  ========  ========  ========  ========  ========
           Counted       Corr      Corr      Corr      Corr      Corr      Corr      Corr      Corr      Corr      Corr      Corr
 Series    Segment   Add  # 1  Add  # 2  Add  # 3  Add  # 4  Add  # 5  Add  # 6  Add  # 7  Add  # 8  Add  # 9  Add  #10  Add  #11
 -------- ---------  --------  --------  --------  --------  --------  --------  --------  --------  --------  --------  --------
 AAD09B   1968 2005     0 .33     3 .33     4 .28   -13 .27   -11 .20    -1 .14   -12 .10    -8 .10   -14 .08   -10 .06    -4 .04
===================  ========  ========  ========  ========  ========  ========  ========  ========  ========  ========  ========
           Counted       Corr      Corr      Corr      Corr      Corr      Corr      Corr      Corr      Corr      Corr      Corr
 Series    Segment   Add  # 1  Add  # 2  Add  # 3  Add  # 4  Add  # 5  Add  # 6  Add  # 7  Add  # 8  Add  # 9  Add  #10  Add  #11
 -------- ---------  --------  --------  --------  --------  --------  --------  --------  --------  --------  --------  --------
 AAD10A   1957 1994     0 .49    15 .39    14 .29     5 .23     3 .09     8 .09     4 .08     1 .06    11 .04    17 .02   --- ---
===================  ========  ========  ========  ========  ========  ========  ========  ========  ========  ========  ========
           Counted       Corr      Corr      Corr      Corr      Corr      Corr      Corr      Corr      Corr      Corr      Corr
 Series    Segment   Add  # 1  Add  # 2  Add  # 3  Add  # 4  Add  # 5  Add  # 6  Add  # 7  Add  # 8  Add  # 9  Add  #10  Add  #11
 -------- ---------  --------  --------  --------  --------  --------  --------  --------  --------  --------  --------  --------
 AAD10B   1957 1994     0 .75    15 .29    13 .18    -2 .13     4 .12     9 .09    12 .09     6 .08    11 .05    -1 .02    14 .01
===================  ========  ========  ========  ========  ========  ========  ========  ========  ========  ========  ========
           Counted       Corr      Corr      Corr      Corr      Corr      Corr      Corr      Corr      Corr      Corr      Corr
 Series    Segment   Add  # 1  Add  # 2  Add  # 3  Add  # 4  Add  # 5  Add  # 6  Add  # 7  Add  # 8  Add  # 9  Add  #10  Add  #11
 -------- ---------  --------  --------  --------  --------  --------  --------  --------  --------  --------  --------  --------
 AAD11A   1967 1994   -13 .45     0 .42     9 .35   -12 .30    -1 .16   -11 .13    -4 .12     4 .12     1 .10    11 .05     3 .04
===================  ========  ========  ========  ========  ========  ========  ========  ========  ========  ========  ========
           Counted       Corr      Corr      Corr      Corr      Corr      Corr      Corr      Corr      Corr      Corr      Corr
 Series    Segment   Add  # 1  Add  # 2  Add  # 3  Add  # 4  Add  # 5  Add  # 6  Add  # 7  Add  # 8  Add  # 9  Add  #10  Add  #11
 -------- ---------  --------  --------  --------  --------  --------  --------  --------  --------  --------  --------  --------
 AAD11B   1967 1993     0 .46   -13 .36     3 .32    18 .29   -12 .28    -1 .18   -10 .14   -11 .13    -2 .11     9 .10     4 .08
===================  ========  ========  ========  ========  ========  ========  ========  ========  ========  ========  ========
           Counted       Corr      Corr      Corr      Corr      Corr      Corr      Corr      Corr      Corr      Corr      Corr
 Series    Segment   Add  # 1  Add  # 2  Add  # 3  Add  # 4  Add  # 5  Add  # 6  Add  # 7  Add  # 8  Add  # 9  Add  #10  Add  #11
 -------- ---------  --------  --------  --------  --------  --------  --------  --------  --------  --------  --------  --------
 AAD13A   1976 2007   -22 .35   -20 .27   -21 .27    -8 .24   -14 .20    -9 .19    -4 .17   -10 .14     0 .08   -16 .05    -5 .04
===================  ========  ========  ========  ========  ========  ========  ========  ========  ========  ========  ========
           Counted       Corr      Corr      Corr      Corr      Corr      Corr      Corr      Corr      Corr      Corr      Corr
 Series    Segment   Add  # 1  Add  # 2  Add  # 3  Add  # 4  Add  # 5  Add  # 6  Add  # 7  Add  # 8  Add  # 9  Add  #10  Add  #11
 -------- ---------  --------  --------  --------  --------  --------  --------  --------  --------  --------  --------  --------
 AAD13B   1976 2007     2 .30     0 .28   -11 .27    -9 .21   -22 .20   -20 .20   -15 .17    -4 .12   -21 .11   -16 .08    -1 .01
===================  ========  ========  ========  ========  ========  ========  ========  ========  ========  ========  ========
       22 undated series

                                              - = [  COFECHA AA   COF  ] = -
