[]  Dendrochronology Program Library                                        Run U      Program COF  11:36  Thu 19 Jan 2012  Page   1
[]
[]  P R O G R A M      C O F E C H A                                                                          Version 6.06P    28144
------------------------------------------------------------------------------------------------------------------------------------

 QUALITY CONTROL AND DATING CHECK OF TREE-RING MEASUREMENTS

 Title of run:           u                                       

 File of DATED series:   UL.raw

 File of UNDATED series: UD.raw

 CONTENTS:

    Part 1:  Title page, options selected, summary, absent rings by series
    Part 2:  Histogram of time spans
    Part 3:  Master series with sample depth and absent rings by year
    Part 4:  Bar plot of Master Dating Series
    Part 5:  Correlation by segment of each series with Master
    Part 6:  Potential problems: low correlation, divergent year-to-year changes, absent rings, outliers
    Part 7:  Descriptive statistics
    Part 8:  Undated series - adjustments for highest correlations

 RUN CONTROL OPTIONS SELECTED                             VALUE

         1  Cubic smoothing spline 50% wavelength cutoff for filtering
                                                            32 years
         2  Segments examined are                           50 years lagged successively by  25 years
         3  Autoregressive model applied                     A  Residuals are used in master dating series and testing
         4  Series transformed to logarithms                 Y  Each series log-transformed for master dating series and testing
         5  CORRELATION is Pearson (parametric, quantitative)
            Critical correlation, 99% confidence level   .3281
         6  Master dating series saved                       N
         7  Ring measurements listed                         N
         8  Parts printed                             12345678 
         9  Absent rings are omitted from master series and segment correlations  (Y)

 Time span of Master dating series is  1968 to  2009    42 years
 Continuous time span is               1968 to  2009    42 years
 Portion with two or more series is    1969 to  2009    41 years


                                        ****************************************
                                        *C* Number of dated series        16 *C*
                                        *O* Master series 1968 2009   42 yrs *O*
                                        *F* Total rings in all series    543 *F*
                                        *E* Total dated rings checked    542 *E*
                                        *C* Series intercorrelation     .411 *C*
                                        *H* Average mean sensitivity    .192 *H*
                                        *A* Segments, possible problems    6 *A*
                                        *** Mean length of series       33.9 ***
                                        ****************************************

 ABSENT RINGS listed by SERIES:            (See Master Dating Series for absent rings listed by year)

               No ring measurements of zero value
PART 2:  TIME PLOT OF TREE-RING SERIES: u                                                          11:36  Thu 19 Jan 2012  Page   2
------------------------------------------------------------------------------------------------------------------------------------
 1050 1100 1150 1200 1250 1300 1350 1400 1450 1500 1550 1600 1650 1700 1750 1800 1850 1900 1950 2000 2050 Ident   Seq Time-span  Yrs
   :    :    :    :    :    :    :    :    :    :    :    :    :    :    :    :    :    :    :    :    : -------- --- ---- ---- ----
   .    .    .    .    .    .    .    .    .    .    .    .    .    .    .    .    .    .    . <==>    . 0UL07A     1 1973 2009   37
   .    .    .    .    .    .    .    .    .    .    .    .    .    .    .    .    .    .    . <==>    . 0UL07B     2 1974 2008   35
   .    .    .    .    .    .    .    .    .    .    .    .    .    .    .    .    .    .    . <==>    . 0UL08A     3 1977 2009   33
   .    .    .    .    .    .    .    .    .    .    .    .    .    .    .    .    .    .    . <==>    . 0UL08B     4 1977 2009   33
   .    .    .    .    .    .    .    .    .    .    .    .    .    .    .    .    .    .    . <==>    . 0UL09A     5 1975 2008   34
   .    .    .    .    .    .    .    .    .    .    .    .    .    .    .    .    .    .    .<===>    . 0UL09B     6 1969 2009   41
   .    .    .    .    .    .    .    .    .    .    .    .    .    .    .    .    .    .    . <==>    . 0UL10A     7 1971 2009   39
   .    .    .    .    .    .    .    .    .    .    .    .    .    .    .    .    .    .    .<===>    . 0UL10B     8 1968 2009   42
   .    .    .    .    .    .    .    .    .    .    .    .    .    .    .    .    .    .    . <==>    . 0UL11A     9 1973 2009   37
   .    .    .    .    .    .    .    .    .    .    .    .    .    .    .    .    .    .    . <==>    . 0UL11B    10 1979 2009   31
   .    .    .    .    .    .    .    .    .    .    .    .    .    .    .    .    .    .    .  <=>    . 0UL12A    11 1982 2009   28
   .    .    .    .    .    .    .    .    .    .    .    .    .    .    .    .    .    .    . <==>    . 0UL12B    12 1976 2009   34
   .    .    .    .    .    .    .    .    .    .    .    .    .    .    .    .    .    .    .  <=>    . 0UL13A    13 1983 2009   27
   .    .    .    .    .    .    .    .    .    .    .    .    .    .    .    .    .    .    . <==>    . 0UL13B    14 1979 2009   31
   .    .    .    .    .    .    .    .    .    .    .    .    .    .    .    .    .    .    .  <=>    . 0UL14A    15 1982 2009   28
   .    .    .    .    .    .    .    .    .    .    .    .    .    .    .    .    .    .    . <==>    . 0UL14B    16 1977 2009   33
   :    :    :    :    :    :    :    :    :    :    :    :    :    :    :    :    :    :    :    :    :
 1050 1100 1150 1200 1250 1300 1350 1400 1450 1500 1550 1600 1650 1700 1750 1800 1850 1900 1950 2000 2050
   :    :    :    :    :    :    :    :    :    :    :    :    :    :    :    :    :    :    :    :    :
 1050 1100 1150 1200 1250 1300 1350 1400 1450 1500 1550 1600 1650 1700 1750 1800 1850 1900 1950 2000 2050
PART 3:  Master Dating Series: u                                                                   11:36  Thu 19 Jan 2012  Page   3
------------------------------------------------------------------------------------------------------------------------------------
  Year  Value  No Ab    Year  Value  No Ab    Year  Value  No Ab    Year  Value  No Ab    Year  Value  No Ab    Year  Value  No Ab
  ------------------    ------------------    ------------------    ------------------    ------------------    ------------------
                        2000 -1.397  16
                        2001  -.043  16
                        2002  -.032  16
                        2003  -.210  16
                        2004  1.431  16
                        2005 -1.201  16
                        2006   .606  16
                        2007 -1.435  16
                        2008   .546  16
                        2009  1.055  14









  1968 -1.353   1
  1969 -1.692   2

  1970 -2.462   2
  1971  -.581   3
  1972   .318   3
  1973  -.286   5
  1974   .399   6
  1975   .627   7
  1976  1.096   8
  1977  -.428  11
  1978  -.030  11
  1979 -1.474  13

  1980 -1.046  13
  1981   .084  13
  1982   .302  15
  1983 -1.189  16
  1984  1.260  16
  1985  1.065  16
  1986  -.197  16
  1987   .974  16
  1988  1.152  16
  1989  2.217  16

  1990  1.050  16
  1991  -.336  16
  1992  -.002  16
  1993   .099  16
  1994  -.853  16
  1995  1.317  16
  1996  -.193  16
  1997   .800  16
  1998   .447  16
  1999  -.402  16
------------------------------------------------------------------------------------------------------------------------------------
PART 4:  Master Bar Plot: u                                                                        11:36  Thu 19 Jan 2012  Page   4
------------------------------------------------------------------------------------------------------------------------------------
   Year Rel value  Year Rel value  Year Rel value  Year Rel value  Year Rel value  Year Rel value  Year Rel value  Year Rel value
                   2000f
                   2001-----@
                   2002-----@
                   2003----a
                   2004----------F
                   2005-e
                   2006-------B
                   2007f
                   2008-------B
                   2009---------D








   1968e
   1969g
   1970j
   1971--b
   1972------A
   1973---a
   1974------B
   1975-------C
   1976---------D
   1977---b
   1978-----@
   1979f
   1980-d
   1981-----@
   1982------A
   1983-e
   1984---------E
   1985---------D
   1986----a
   1987--------D
   1988---------E
   1989----------I
   1990---------D
   1991---a
   1992-----@
   1993-----@
   1994--c
   1995----------E
   1996----a
   1997--------C
   1998------B
   1999---b
PART 5:  CORRELATION OF SERIES BY SEGMENTS: u                                                      11:36  Thu 19 Jan 2012  Page   5
------------------------------------------------------------------------------------------------------------------------------------
 Correlations of  50-year dated segments, lagged  25 years
 Flags:  A = correlation under   .3281 but highest as dated;  B = correlation higher at other than dated position

 Seq Series  Time_span   1950 1975
                         1999 2024
 --- -------- ---------  ---- ---- ---- ---- ---- ---- ---- ---- ---- ---- ---- ---- ---- ---- ---- ---- ---- ---- ---- ----
   1 0UL07A   1973 2009  -.01B
   2 0UL07B   1974 2008  -.11B
   3 0UL08A   1977 2009        .62
   4 0UL08B   1977 2009        .63
   5 0UL09A   1975 2008        .71
   6 0UL09B   1969 2009   .43
   7 0UL10A   1971 2009   .29B
   8 0UL10B   1968 2009   .38
   9 0UL11A   1973 2009   .23A
  10 0UL11B   1979 2009        .58
  11 0UL12A   1982 2009        .29A
  12 0UL12B   1976 2009        .23A
  13 0UL13A   1983 2009        .62
  14 0UL13B   1979 2009        .68
  15 0UL14A   1982 2009        .57
  16 0UL14B   1977 2009        .62
 Av segment correlation   .20  .56
PART 6:  POTENTIAL PROBLEMS: u                                                                     11:36  Thu 19 Jan 2012  Page   5
------------------------------------------------------------------------------------------------------------------------------------

 For each series with potential problems the following diagnostics may appear:

 [A] Correlations with master dating series of flagged  50-year segments of series filtered with  32-year spline,
     at every point from ten years earlier (-10) to ten years later (+10) than dated

 [B] Effect of those data values which most lower or raise correlation with master series
     Symbol following year indicates value in series is greater (>) or lesser (<) than master series value

 [C] Year-to-year changes very different from the mean change in other series

 [D] Absent rings (zero values)

 [E] Values which are statistical outliers from mean for the year
====================================================================================================================================

 0UL07A    1973 to  2009      37 years                                                                                    Series   1

 [A] Segment   High   -10   -9   -8   -7   -6   -5   -4   -3   -2   -1   +0   +1   +2   +3   +4   +5   +6   +7   +8   +9  +10
    ---------  ----   ---  ---  ---  ---  ---  ---  ---  ---  ---  ---  ---  ---  ---  ---  ---  ---  ---  ---  ---  ---  ---
    1973 2009   -5      -    -    -    -    -  .16* .11  .05  .11 -.17 -.01|   -    -    -    -    -    -    -    -    -    -

 [B] Entire series, effect on correlation ( -.005) is:
       Lower   1973< -.056   1983> -.050   1994> -.044   2004< -.041   2005> -.024   1977> -.013  Higher   2007  .083   1989  .036
     1973 to 2009 segment:
       Lower   1973< -.056   1983> -.050   1994> -.044   2004< -.041   2005> -.024   1977> -.013  Higher   2007  .083   1989  .036

====================================================================================================================================

 0UL07B    1974 to  2008      35 years                                                                                    Series   2

 [A] Segment   High   -10   -9   -8   -7   -6   -5   -4   -3   -2   -1   +0   +1   +2   +3   +4   +5   +6   +7   +8   +9  +10
    ---------  ----   ---  ---  ---  ---  ---  ---  ---  ---  ---  ---  ---  ---  ---  ---  ---  ---  ---  ---  ---  ---  ---
    1974 2008    1      -    -    -    -  .12  .29  .18 -.11  .24  .02 -.11| .47*   -    -    -    -    -    -    -    -    -

 [B] Entire series, effect on correlation ( -.115) is:
       Lower   1974< -.073   2004< -.049   1994> -.037   1977> -.024   1985< -.018   2003> -.017  Higher   2007  .066   1989  .061
     1974 to 2008 segment:
       Lower   1974< -.073   2004< -.049   1994> -.037   1977> -.024   1985< -.018   2003> -.017  Higher   2007  .066   1989  .061

 [C] Year-to-year changes diverging by over 4.0 std deviations:
       2003 2004  -4.1 SD

====================================================================================================================================

 0UL08A    1977 to  2009      33 years                                                                                    Series   3

 [B] Entire series, effect on correlation (  .622) is:
       Lower   1980> -.052   1979> -.048   1981< -.027   1977< -.025   1982< -.010   1991> -.009  Higher   2005  .034   1989  .025

====================================================================================================================================

 0UL08B    1977 to  2009      33 years                                                                                    Series   4

 [B] Entire series, effect on correlation (  .635) is:
       Lower   1980> -.057   1979> -.042   1982< -.032   1981< -.018   1997< -.017   2003> -.016  Higher   2007  .031   1989  .029

====================================================================================================================================

 0UL09A    1975 to  2008      34 years                                                                                    Series   5

 [B] Entire series, effect on correlation (  .709) is:
       Lower   1999> -.088   1995< -.033   1983> -.014   1977> -.012   1982< -.011   1996> -.010  Higher   2000  .051   2005  .026

 [E] Outliers     1   3.0 SD above or -4.5 SD below mean for year
       1999 +3.6 SD
====================================================================================================================================

 0UL09B    1969 to  2009      41 years                                                                                    Series   6

 [B] Entire series, effect on correlation (  .433) is:
       Lower   1969< -.045   1994> -.042   1973> -.042   1999> -.038   1988< -.019   2004< -.015  Higher   2000  .070   2005  .036

 [E] Outliers     1   3.0 SD above or -4.5 SD below mean for year
       1999 +3.0 SD
====================================================================================================================================

 0UL10A    1971 to  2009      39 years                                                                                    Series   7

 [A] Segment   High   -10   -9   -8   -7   -6   -5   -4   -3   -2   -1   +0   +1   +2   +3   +4   +5   +6   +7   +8   +9  +10
    ---------  ----   ---  ---  ---  ---  ---  ---  ---  ---  ---  ---  ---  ---  ---  ---  ---  ---  ---  ---  ---  ---  ---
    1971 2009   -1      -    -    -    -    -    -    -  .03  .05  .31* .29|   -    -    -    -    -    -    -    -    -    -

 [B] Entire series, effect on correlation (  .286) is:
       Lower   1994> -.036   1971< -.034   1979> -.033   1973> -.029   1972< -.023   2006< -.020  Higher   1983  .060   2000  .044
     1971 to 2009 segment:
       Lower   1994> -.036   1971< -.034   1979> -.033   1973> -.029   1972< -.023   2006< -.020  Higher   1983  .060   2000  .044

====================================================================================================================================

 0UL10B    1968 to  2009      42 years                                                                                    Series   8

 [*] Early part of series cannot be checked from 1968 to 1968 -- not matched by another series

 [B] Entire series, effect on correlation (  .383) is:
       Lower   1969> -.079   2006< -.044   1973> -.043   1994> -.028   1999> -.023   1990< -.020  Higher   2000  .070   1979  .036

====================================================================================================================================

 0UL11A    1973 to  2009      37 years                                                                                    Series   9

 [A] Segment   High   -10   -9   -8   -7   -6   -5   -4   -3   -2   -1   +0   +1   +2   +3   +4   +5   +6   +7   +8   +9  +10
    ---------  ----   ---  ---  ---  ---  ---  ---  ---  ---  ---  ---  ---  ---  ---  ---  ---  ---  ---  ---  ---  ---  ---
    1973 2009    0      -    -    -    -    -  .12  .14  .01  .00 -.11  .23*   -    -    -    -    -    -    -    -    -    -

 [B] Entire series, effect on correlation (  .227) is:
       Lower   1998< -.109   1987< -.053   2000> -.051   2001< -.029   2009< -.029   1994> -.012  Higher   1979  .060   1989  .049
     1973 to 2009 segment:
       Lower   1998< -.109   1987< -.053   2000> -.051   2001< -.029   2009< -.029   1994> -.012  Higher   1979  .060   1989  .049

====================================================================================================================================

 0UL11B    1979 to  2009      31 years                                                                                    Series  10

 [B] Entire series, effect on correlation (  .584) is:
       Lower   1996> -.027   2005> -.027   2008< -.020   2002< -.019   1983> -.016   1998< -.015  Higher   1979  .034   1989  .024

====================================================================================================================================

 0UL12A    1982 to  2009      28 years                                                                                    Series  11

 [A] Segment   High   -10   -9   -8   -7   -6   -5   -4   -3   -2   -1   +0   +1   +2   +3   +4   +5   +6   +7   +8   +9  +10
    ---------  ----   ---  ---  ---  ---  ---  ---  ---  ---  ---  ---  ---  ---  ---  ---  ---  ---  ---  ---  ---  ---  ---
    1982 2009    0   -.04  .19  .05  .02  .01  .05  .00  .27  .15 -.08  .29*   -    -    -    -    -    -    -    -    -    -

 [B] Entire series, effect on correlation (  .287) is:
       Lower   2003< -.069   2007> -.069   2002< -.034   1987< -.034   1999> -.029   1994> -.029  Higher   1989  .065   2005  .040
     1982 to 2009 segment:
       Lower   2003< -.069   2007> -.069   2002< -.034   1987< -.034   1999> -.029   1994> -.029  Higher   1989  .065   2005  .040

====================================================================================================================================

 0UL12B    1976 to  2009      34 years                                                                                    Series  12

 [A] Segment   High   -10   -9   -8   -7   -6   -5   -4   -3   -2   -1   +0   +1   +2   +3   +4   +5   +6   +7   +8   +9  +10
    ---------  ----   ---  ---  ---  ---  ---  ---  ---  ---  ---  ---  ---  ---  ---  ---  ---  ---  ---  ---  ---  ---  ---
    1976 2009    0      -    - -.10 -.04  .18  .03 -.23  .15 -.01 -.15  .23*   -    -    -    -    -    -    -    -    -    -

 [B] Entire series, effect on correlation (  .226) is:
       Lower   1976< -.111   2007> -.105   1979> -.068   1996< -.040   1991> -.013   1978< -.006  Higher   2005  .056   2004  .041
     1976 to 2009 segment:
       Lower   1976< -.111   2007> -.105   1979> -.068   1996< -.040   1991> -.013   1978< -.006  Higher   2005  .056   2004  .041

 [E] Outliers     1   3.0 SD above or -4.5 SD below mean for year
       2007 +3.4 SD
====================================================================================================================================

 0UL13A    1983 to  2009      27 years                                                                                    Series  13

 [B] Entire series, effect on correlation (  .624) is:
       Lower   1994< -.057   1984< -.026   2005> -.025   1995< -.024   1993> -.012   1991> -.011  Higher   1983  .034   1989  .032

====================================================================================================================================

 0UL13B    1979 to  2009      31 years                                                                                    Series  14

 [B] Entire series, effect on correlation (  .683) is:
       Lower   1994< -.141   1980> -.025   1996> -.008   1995< -.003   1991> -.002   1982< -.002  Higher   1979  .032   2004  .016

====================================================================================================================================

 0UL14A    1982 to  2009      28 years                                                                                    Series  15

 [B] Entire series, effect on correlation (  .566) is:
       Lower   2005> -.055   1994> -.050   1984< -.040   1993> -.026   1991> -.010   1988< -.009  Higher   2000  .082   2007  .049

====================================================================================================================================

 0UL14B    1977 to  2009      33 years                                                                                    Series  16

 [B] Entire series, effect on correlation (  .621) is:
       Lower   1980> -.056   1990< -.022   1983> -.020   1986> -.019   1999< -.010   2005> -.008  Higher   2000  .027   1979  .023

====================================================================================================================================
PART 7:  DESCRIPTIVE STATISTICS: u                                                                 11:36  Thu 19 Jan 2012  Page   6
------------------------------------------------------------------------------------------------------------------------------------

                                                Corr   //-------- Unfiltered --------\\  //---- Filtered -----\\
                           No.    No.    No.    with   Mean   Max     Std   Auto   Mean   Max     Std   Auto  AR
 Seq Series   Interval   Years  Segmt  Flags   Master  msmt   msmt    dev   corr   sens  value    dev   corr  ()
 --- -------- ---------  -----  -----  -----   ------ -----  -----  -----  -----  -----  -----  -----  -----  --
   1 0UL07A   1973 2009     37      1      1   -.005   2.34   3.30   .634   .576   .210   2.44   .509  -.060   1
   2 0UL07B   1974 2008     35      1      1   -.115   1.95   2.91   .532   .561   .191   2.71   .648  -.039   1
   3 0UL08A   1977 2009     33      1      0    .622   1.85   3.15   .561   .767   .181   2.56   .612  -.142   1
   4 0UL08B   1977 2009     33      1      0    .635   1.88   3.42   .573   .707   .193   2.66   .617  -.044   2
   5 0UL09A   1975 2008     34      1      0    .709   2.02   3.41   .643   .725   .173   2.93   .714  -.032   1
   6 0UL09B   1969 2009     41      1      0    .433   2.01   2.95   .713   .707   .225   2.66   .585  -.060   1
   7 0UL10A   1971 2009     39      1      1    .286   1.56   2.12   .391   .779   .136   2.38   .473  -.040   1
   8 0UL10B   1968 2009     42      1      0    .383   1.50   2.24   .470   .740   .193   2.45   .530  -.053   1
   9 0UL11A   1973 2009     37      1      1    .227   1.86   2.75   .486   .705   .169   2.64   .598   .024   1
  10 0UL11B   1979 2009     31      1      0    .584   1.90   2.50   .359   .339   .175   2.65   .626   .155   1
  11 0UL12A   1982 2009     28      1      1    .287   1.94   3.04   .534   .679   .174   2.64   .585   .120   1
  12 0UL12B   1976 2009     34      1      1    .226   1.88   3.78   .727   .799   .191   2.81   .613  -.103   1
  13 0UL13A   1983 2009     27      1      0    .624   2.27   3.18   .420  -.349   .238   2.50   .518  -.042   1
  14 0UL13B   1979 2009     31      1      0    .683   2.01   2.80   .465   .225   .224   2.43   .471  -.063   2
  15 0UL14A   1982 2009     28      1      0    .566   2.03   2.62   .351   .019   .211   2.49   .558   .009   1
  16 0UL14B   1977 2009     33      1      0    .621   1.78   2.81   .389   .121   .208   2.68   .547  -.043   1
 --- -------- ---------  -----  -----  -----   ------ -----  -----  -----  -----  -----  -----  -----  -----  --
 Total or mean:            543     16      6    .411   1.91   3.78   .521   .533   .192   2.93   .575  -.029
PART 8:  ADJUSTMENTS FOR UNDATED SERIES: u                                                         11:36  Thu 19 Jan 2012  Page   7
------------------------------------------------------------------------------------------------------------------------------------

 Time span  1968  2009    42 years, best matches for  50-year segments lagged  25 years
 Listed in order from highest correlation

           Counted       Corr      Corr      Corr      Corr      Corr      Corr      Corr      Corr      Corr      Corr      Corr
 Series    Segment   Add  # 1  Add  # 2  Add  # 3  Add  # 4  Add  # 5  Add  # 6  Add  # 7  Add  # 8  Add  # 9  Add  #10  Add  #11
 -------- ---------  --------  --------  --------  --------  --------  --------  --------  --------  --------  --------  --------
 0UD02A   1973 2007     0 .34    -1 .16    -3 .15    -5 .01   --- ---   --- ---   --- ---   --- ---   --- ---   --- ---   --- ---
===================  ========  ========  ========  ========  ========  ========  ========  ========  ========  ========  ========
           Counted       Corr      Corr      Corr      Corr      Corr      Corr      Corr      Corr      Corr      Corr      Corr
 Series    Segment   Add  # 1  Add  # 2  Add  # 3  Add  # 4  Add  # 5  Add  # 6  Add  # 7  Add  # 8  Add  # 9  Add  #10  Add  #11
 -------- ---------  --------  --------  --------  --------  --------  --------  --------  --------  --------  --------  --------
 0UD02B   1969 2005     0 .22     4 .10     3 .10     1 .09    -1 .06     2 .03   --- ---   --- ---   --- ---   --- ---   --- ---
===================  ========  ========  ========  ========  ========  ========  ========  ========  ========  ========  ========
           Counted       Corr      Corr      Corr      Corr      Corr      Corr      Corr      Corr      Corr      Corr      Corr
 Series    Segment   Add  # 1  Add  # 2  Add  # 3  Add  # 4  Add  # 5  Add  # 6  Add  # 7  Add  # 8  Add  # 9  Add  #10  Add  #11
 -------- ---------  --------  --------  --------  --------  --------  --------  --------  --------  --------  --------  --------
 0UD03A   1968 2009     0 .11   --- ---   --- ---   --- ---   --- ---   --- ---   --- ---   --- ---   --- ---   --- ---   --- ---
 0UD03A   1969 2010  Lag from prior segment   1 years; insufficient
===================  ========  ========  ========  ========  ========  ========  ========  ========  ========  ========  ========
           Counted       Corr      Corr      Corr      Corr      Corr      Corr      Corr      Corr      Corr      Corr      Corr
 Series    Segment   Add  # 1  Add  # 2  Add  # 3  Add  # 4  Add  # 5  Add  # 6  Add  # 7  Add  # 8  Add  # 9  Add  #10  Add  #11
 -------- ---------  --------  --------  --------  --------  --------  --------  --------  --------  --------  --------  --------
 0UD04A   1973 2000     0 .54    -3 .37    -4 .29     6 .12     7 .12     3 .10     8 .07    -5 .02   --- ---   --- ---   --- ---
===================  ========  ========  ========  ========  ========  ========  ========  ========  ========  ========  ========
           Counted       Corr      Corr      Corr      Corr      Corr      Corr      Corr      Corr      Corr      Corr      Corr
 Series    Segment   Add  # 1  Add  # 2  Add  # 3  Add  # 4  Add  # 5  Add  # 6  Add  # 7  Add  # 8  Add  # 9  Add  #10  Add  #11
 -------- ---------  --------  --------  --------  --------  --------  --------  --------  --------  --------  --------  --------
 0UD04B   1972 1999     9 .30     6 .28    -4 .26     3 .18     0 .16    -3 .13     1 .12     5 .09    -1 .02   --- ---   --- ---
===================  ========  ========  ========  ========  ========  ========  ========  ========  ========  ========  ========
           Counted       Corr      Corr      Corr      Corr      Corr      Corr      Corr      Corr      Corr      Corr      Corr
 Series    Segment   Add  # 1  Add  # 2  Add  # 3  Add  # 4  Add  # 5  Add  # 6  Add  # 7  Add  # 8  Add  # 9  Add  #10  Add  #11
 -------- ---------  --------  --------  --------  --------  --------  --------  --------  --------  --------  --------  --------
 0UD05A   1972 1999     8 .40     1 .35    10 .24     7 .13     0 .08     2 .06     6 .01   --- ---   --- ---   --- ---   --- ---
===================  ========  ========  ========  ========  ========  ========  ========  ========  ========  ========  ========
           Counted       Corr      Corr      Corr      Corr      Corr      Corr      Corr      Corr      Corr      Corr      Corr
 Series    Segment   Add  # 1  Add  # 2  Add  # 3  Add  # 4  Add  # 5  Add  # 6  Add  # 7  Add  # 8  Add  # 9  Add  #10  Add  #11
 -------- ---------  --------  --------  --------  --------  --------  --------  --------  --------  --------  --------  --------
 0UD05B   1973 2003    -1 .25     0 .24    -3 .24    -4 .21     6 .13     2 .05   --- ---   --- ---   --- ---   --- ---   --- ---
===================  ========  ========  ========  ========  ========  ========  ========  ========  ========  ========  ========
           Counted       Corr      Corr      Corr      Corr      Corr      Corr      Corr      Corr      Corr      Corr      Corr
 Series    Segment   Add  # 1  Add  # 2  Add  # 3  Add  # 4  Add  # 5  Add  # 6  Add  # 7  Add  # 8  Add  # 9  Add  #10  Add  #11
 -------- ---------  --------  --------  --------  --------  --------  --------  --------  --------  --------  --------  --------
 0UD06A   1968 2002     2 .24     5 .11   --- ---   --- ---   --- ---   --- ---   --- ---   --- ---   --- ---   --- ---   --- ---
===================  ========  ========  ========  ========  ========  ========  ========  ========  ========  ========  ========
           Counted       Corr      Corr      Corr      Corr      Corr      Corr      Corr      Corr      Corr      Corr      Corr
 Series    Segment   Add  # 1  Add  # 2  Add  # 3  Add  # 4  Add  # 5  Add  # 6  Add  # 7  Add  # 8  Add  # 9  Add  #10  Add  #11
 -------- ---------  --------  --------  --------  --------  --------  --------  --------  --------  --------  --------  --------
 0UD06B   1968 2005     0 .23   --- ---   --- ---   --- ---   --- ---   --- ---   --- ---   --- ---   --- ---   --- ---   --- ---
===================  ========  ========  ========  ========  ========  ========  ========  ========  ========  ========  ========
           Counted       Corr      Corr      Corr      Corr      Corr      Corr      Corr      Corr      Corr      Corr      Corr
 Series    Segment   Add  # 1  Add  # 2  Add  # 3  Add  # 4  Add  # 5  Add  # 6  Add  # 7  Add  # 8  Add  # 9  Add  #10  Add  #11
 -------- ---------  --------  --------  --------  --------  --------  --------  --------  --------  --------  --------  --------
 0UD07A   1970 2002     1 .17     0 .14    -1 .13     7 .05     2 .02   --- ---   --- ---   --- ---   --- ---   --- ---   --- ---
===================  ========  ========  ========  ========  ========  ========  ========  ========  ========  ========  ========
           Counted       Corr      Corr      Corr      Corr      Corr      Corr      Corr      Corr      Corr      Corr      Corr
 Series    Segment   Add  # 1  Add  # 2  Add  # 3  Add  # 4  Add  # 5  Add  # 6  Add  # 7  Add  # 8  Add  # 9  Add  #10  Add  #11
 -------- ---------  --------  --------  --------  --------  --------  --------  --------  --------  --------  --------  --------
 0UD07B   1971 2002     6 .30     3 .15     0 .13     1 .00   --- ---   --- ---   --- ---   --- ---   --- ---   --- ---   --- ---
===================  ========  ========  ========  ========  ========  ========  ========  ========  ========  ========  ========
           Counted       Corr      Corr      Corr      Corr      Corr      Corr      Corr      Corr      Corr      Corr      Corr
 Series    Segment   Add  # 1  Add  # 2  Add  # 3  Add  # 4  Add  # 5  Add  # 6  Add  # 7  Add  # 8  Add  # 9  Add  #10  Add  #11
 -------- ---------  --------  --------  --------  --------  --------  --------  --------  --------  --------  --------  --------
 0UD08A   1972 2009     0 .17    -4 .00   --- ---   --- ---   --- ---   --- ---   --- ---   --- ---   --- ---   --- ---   --- ---
===================  ========  ========  ========  ========  ========  ========  ========  ========  ========  ========  ========
           Counted       Corr      Corr      Corr      Corr      Corr      Corr      Corr      Corr      Corr      Corr      Corr
 Series    Segment   Add  # 1  Add  # 2  Add  # 3  Add  # 4  Add  # 5  Add  # 6  Add  # 7  Add  # 8  Add  # 9  Add  #10  Add  #11
 -------- ---------  --------  --------  --------  --------  --------  --------  --------  --------  --------  --------  --------
 0UD09A   1974 2010    -1 .26   --- ---   --- ---   --- ---   --- ---   --- ---   --- ---   --- ---   --- ---   --- ---   --- ---
===================  ========  ========  ========  ========  ========  ========  ========  ========  ========  ========  ========
           Counted       Corr      Corr      Corr      Corr      Corr      Corr      Corr      Corr      Corr      Corr      Corr
 Series    Segment   Add  # 1  Add  # 2  Add  # 3  Add  # 4  Add  # 5  Add  # 6  Add  # 7  Add  # 8  Add  # 9  Add  #10  Add  #11
 -------- ---------  --------  --------  --------  --------  --------  --------  --------  --------  --------  --------  --------
 0UD10A   1969 2000     0 .25     3 .16     1 .16     4 .11    -1 .02   --- ---   --- ---   --- ---   --- ---   --- ---   --- ---
===================  ========  ========  ========  ========  ========  ========  ========  ========  ========  ========  ========
           Counted       Corr      Corr      Corr      Corr      Corr      Corr      Corr      Corr      Corr      Corr      Corr
 Series    Segment   Add  # 1  Add  # 2  Add  # 3  Add  # 4  Add  # 5  Add  # 6  Add  # 7  Add  # 8  Add  # 9  Add  #10  Add  #11
 -------- ---------  --------  --------  --------  --------  --------  --------  --------  --------  --------  --------  --------
 0UD10B   1969 2003     1 .14     0 .10     3 .10     4 .04     2 .00   --- ---   --- ---   --- ---   --- ---   --- ---   --- ---
===================  ========  ========  ========  ========  ========  ========  ========  ========  ========  ========  ========
           Counted       Corr      Corr      Corr      Corr      Corr      Corr      Corr      Corr      Corr      Corr      Corr
 Series    Segment   Add  # 1  Add  # 2  Add  # 3  Add  # 4  Add  # 5  Add  # 6  Add  # 7  Add  # 8  Add  # 9  Add  #10  Add  #11
 -------- ---------  --------  --------  --------  --------  --------  --------  --------  --------  --------  --------  --------
 0UD11A   1968 2000     0 .29     1 .21     3 .14     2 .05     8 .03   --- ---   --- ---   --- ---   --- ---   --- ---   --- ---
===================  ========  ========  ========  ========  ========  ========  ========  ========  ========  ========  ========
           Counted       Corr      Corr      Corr      Corr      Corr      Corr      Corr      Corr      Corr      Corr      Corr
 Series    Segment   Add  # 1  Add  # 2  Add  # 3  Add  # 4  Add  # 5  Add  # 6  Add  # 7  Add  # 8  Add  # 9  Add  #10  Add  #11
 -------- ---------  --------  --------  --------  --------  --------  --------  --------  --------  --------  --------  --------
 0UD11B   1968 2001     6 .18     7 .13     5 .11     1 .04     0 .04     2 .00     4 .00   --- ---   --- ---   --- ---   --- ---
===================  ========  ========  ========  ========  ========  ========  ========  ========  ========  ========  ========
           Counted       Corr      Corr      Corr      Corr      Corr      Corr      Corr      Corr      Corr      Corr      Corr
 Series    Segment   Add  # 1  Add  # 2  Add  # 3  Add  # 4  Add  # 5  Add  # 6  Add  # 7  Add  # 8  Add  # 9  Add  #10  Add  #11
 -------- ---------  --------  --------  --------  --------  --------  --------  --------  --------  --------  --------  --------
 0UD12A   1969 1996     4 .11     5 .09    11 .09     0 .06     8 .04   --- ---   --- ---   --- ---   --- ---   --- ---   --- ---
===================  ========  ========  ========  ========  ========  ========  ========  ========  ========  ========  ========
           Counted       Corr      Corr      Corr      Corr      Corr      Corr      Corr      Corr      Corr      Corr      Corr
 Series    Segment   Add  # 1  Add  # 2  Add  # 3  Add  # 4  Add  # 5  Add  # 6  Add  # 7  Add  # 8  Add  # 9  Add  #10  Add  #11
 -------- ---------  --------  --------  --------  --------  --------  --------  --------  --------  --------  --------  --------
 0UD12B   1969 1997     0 .15    11 .15     9 .13     2 .10     4 .10     1 .08   --- ---   --- ---   --- ---   --- ---   --- ---
===================  ========  ========  ========  ========  ========  ========  ========  ========  ========  ========  ========
           Counted       Corr      Corr      Corr      Corr      Corr      Corr      Corr      Corr      Corr      Corr      Corr
 Series    Segment   Add  # 1  Add  # 2  Add  # 3  Add  # 4  Add  # 5  Add  # 6  Add  # 7  Add  # 8  Add  # 9  Add  #10  Add  #11
 -------- ---------  --------  --------  --------  --------  --------  --------  --------  --------  --------  --------  --------
 0UD13A   1968 1997     6 .27     4 .21     7 .20     0 .19    10 .14     9 .03     1 .00   --- ---   --- ---   --- ---   --- ---
===================  ========  ========  ========  ========  ========  ========  ========  ========  ========  ========  ========
           Counted       Corr      Corr      Corr      Corr      Corr      Corr      Corr      Corr      Corr      Corr      Corr
 Series    Segment   Add  # 1  Add  # 2  Add  # 3  Add  # 4  Add  # 5  Add  # 6  Add  # 7  Add  # 8  Add  # 9  Add  #10  Add  #11
 -------- ---------  --------  --------  --------  --------  --------  --------  --------  --------  --------  --------  --------
 0UD13B   1969 1998     0 .44    -1 .22     7 .15     1 .11     8 .03    10 .01     9 .01     4 .00   --- ---   --- ---   --- ---
===================  ========  ========  ========  ========  ========  ========  ========  ========  ========  ========  ========
           Counted       Corr      Corr      Corr      Corr      Corr      Corr      Corr      Corr      Corr      Corr      Corr
 Series    Segment   Add  # 1  Add  # 2  Add  # 3  Add  # 4  Add  # 5  Add  # 6  Add  # 7  Add  # 8  Add  # 9  Add  #10  Add  #11
 -------- ---------  --------  --------  --------  --------  --------  --------  --------  --------  --------  --------  --------
 0UD14A   1977 2001     0 .48     1 .26     3 .23    -1 .06     8 .04    -9 .03    -3 .02     7 .00   --- ---   --- ---   --- ---
===================  ========  ========  ========  ========  ========  ========  ========  ========  ========  ========  ========
           Counted       Corr      Corr      Corr      Corr      Corr      Corr      Corr      Corr      Corr      Corr      Corr
 Series    Segment   Add  # 1  Add  # 2  Add  # 3  Add  # 4  Add  # 5  Add  # 6  Add  # 7  Add  # 8  Add  # 9  Add  #10  Add  #11
 -------- ---------  --------  --------  --------  --------  --------  --------  --------  --------  --------  --------  --------
 0UD14B   1976 2001     0 .31    -2 .24     1 .15    -1 .08     2 .04    -8 .02    -5 .00   --- ---   --- ---   --- ---   --- ---
===================  ========  ========  ========  ========  ========  ========  ========  ========  ========  ========  ========
           Counted       Corr      Corr      Corr      Corr      Corr      Corr      Corr      Corr      Corr      Corr      Corr
 Series    Segment   Add  # 1  Add  # 2  Add  # 3  Add  # 4  Add  # 5  Add  # 6  Add  # 7  Add  # 8  Add  # 9  Add  #10  Add  #11
 -------- ---------  --------  --------  --------  --------  --------  --------  --------  --------  --------  --------  --------
 0UD15A   1972 2000     0 .34    -2 .26    -1 .18    -3 .15     2 .12     1 .10     5 .05     3 .03   --- ---   --- ---   --- ---
===================  ========  ========  ========  ========  ========  ========  ========  ========  ========  ========  ========
           Counted       Corr      Corr      Corr      Corr      Corr      Corr      Corr      Corr      Corr      Corr      Corr
 Series    Segment   Add  # 1  Add  # 2  Add  # 3  Add  # 4  Add  # 5  Add  # 6  Add  # 7  Add  # 8  Add  # 9  Add  #10  Add  #11
 -------- ---------  --------  --------  --------  --------  --------  --------  --------  --------  --------  --------  --------
 0UD15B   1973 2000     0 .48    -3 .20    -2 .18     2 .15    -4 .06    -1 .01   --- ---   --- ---   --- ---   --- ---   --- ---
===================  ========  ========  ========  ========  ========  ========  ========  ========  ========  ========  ========
           Counted       Corr      Corr      Corr      Corr      Corr      Corr      Corr      Corr      Corr      Corr      Corr
 Series    Segment   Add  # 1  Add  # 2  Add  # 3  Add  # 4  Add  # 5  Add  # 6  Add  # 7  Add  # 8  Add  # 9  Add  #10  Add  #11
 -------- ---------  --------  --------  --------  --------  --------  --------  --------  --------  --------  --------  --------
 0UD16A   1980 2000    -3 .33     3 .30     0 .29   -10 .29     5 .20    -6 .18    -9 .13     6 .10    -7 .08     4 .07    -1 .01
===================  ========  ========  ========  ========  ========  ========  ========  ========  ========  ========  ========
           Counted       Corr      Corr      Corr      Corr      Corr      Corr      Corr      Corr      Corr      Corr      Corr
 Series    Segment   Add  # 1  Add  # 2  Add  # 3  Add  # 4  Add  # 5  Add  # 6  Add  # 7  Add  # 8  Add  # 9  Add  #10  Add  #11
 -------- ---------  --------  --------  --------  --------  --------  --------  --------  --------  --------  --------  --------
 0UD16B   1980 2001     6 .40     0 .35     5 .29   -11 .28    -3 .26    -1 .09   -12 .08     3 .06     8 .05     7 .02    -8 .00
===================  ========  ========  ========  ========  ========  ========  ========  ========  ========  ========  ========
       27 undated series

                                              - = [  COFECHA U    COF  ] = -
