[]  Dendrochronology Program Library                                        Run F      Program COF  11:57  Mon 07 Nov 2011  Page   1
[]
[]  P R O G R A M      C O F E C H A                                                                          Version 6.06P    28071
------------------------------------------------------------------------------------------------------------------------------------

 QUALITY CONTROL AND DATING CHECK OF TREE-RING MEASUREMENTS

 Title of run:           f                                       

 File of DATED series:   FL.raw

 File of UNDATED series: FD.raw

 CONTENTS:

    Part 1:  Title page, options selected, summary, absent rings by series
    Part 2:  Histogram of time spans
    Part 3:  Master series with sample depth and absent rings by year
    Part 4:  Bar plot of Master Dating Series
    Part 5:  Correlation by segment of each series with Master
    Part 6:  Potential problems: low correlation, divergent year-to-year changes, absent rings, outliers
    Part 7:  Descriptive statistics
    Part 8:  Undated series - adjustments for highest correlations

 RUN CONTROL OPTIONS SELECTED                             VALUE

         1  Cubic smoothing spline 50% wavelength cutoff for filtering
                                                            32 years
         2  Segments examined are                           50 years lagged successively by  25 years
         3  Autoregressive model applied                     A  Residuals are used in master dating series and testing
         4  Series transformed to logarithms                 Y  Each series log-transformed for master dating series and testing
         5  CORRELATION is Pearson (parametric, quantitative)
            Critical correlation, 99% confidence level   .3281
         6  Master dating series saved                       N
         7  Ring measurements listed                         N
         8  Parts printed                             12345678 
         9  Absent rings are omitted from master series and segment correlations  (Y)

 Time span of Master dating series is  1960 to  2010    51 years
 Continuous time span is               1960 to  2010    51 years
 Portion with two or more series is    1960 to  2010    51 years

 >> 0FL09A      2000 absent in   1 of   26 series, but is not usually narrow: master index is   .483

                                        ****************************************
                                        *C* Number of dated series        26 *C*
                                        *O* Master series 1960 2010   51 yrs *O*
                                        *F* Total rings in all series   1047 *F*
                                        *E* Total dated rings checked   1047 *E*
                                        *C* Series intercorrelation     .572 *C*
                                        *H* Average mean sensitivity    .245 *H*
                                        *A* Segments, possible problems    0 *A*
                                        *** Mean length of series       40.3 ***
                                        ****************************************

 ABSENT RINGS listed by SERIES:            (See Master Dating Series for absent rings listed by year)

 0FL09A      1 absent rings:   2000

             1 absent rings    .096%
PART 2:  TIME PLOT OF TREE-RING SERIES: f                                                          11:57  Mon 07 Nov 2011  Page   2
------------------------------------------------------------------------------------------------------------------------------------
 1050 1100 1150 1200 1250 1300 1350 1400 1450 1500 1550 1600 1650 1700 1750 1800 1850 1900 1950 2000 2050 Ident   Seq Time-span  Yrs
   :    :    :    :    :    :    :    :    :    :    :    :    :    :    :    :    :    :    :    :    : -------- --- ---- ---- ----
   .    .    .    .    .    .    .    .    .    .    .    .    .    .    .    .    .    .    .<===>    . 0FL01A     1 1960 2007   48
   .    .    .    .    .    .    .    .    .    .    .    .    .    .    .    .    .    .    .<===>    . 0FL01B     2 1960 2007   48
   .    .    .    .    .    .    .    .    .    .    .    .    .    .    .    .    .    .    .<===>    . 0FL02A     3 1965 2007   43
   .    .    .    .    .    .    .    .    .    .    .    .    .    .    .    .    .    .    .<===>    . 0FL02B     4 1965 2007   43
   .    .    .    .    .    .    .    .    .    .    .    .    .    .    .    .    .    .    .<===>    . 0FL02C     5 1963 2007   45
   .    .    .    .    .    .    .    .    .    .    .    .    .    .    .    .    .    .    .<===>    . 0FL02D     6 1963 2007   45
   .    .    .    .    .    .    .    .    .    .    .    .    .    .    .    .    .    .    . <==>    . 0FL04A     7 1973 2007   35
   .    .    .    .    .    .    .    .    .    .    .    .    .    .    .    .    .    .    . <==>    . 0FL04B     8 1973 2007   35
   .    .    .    .    .    .    .    .    .    .    .    .    .    .    .    .    .    .    . <==>    . 0FL04C     9 1979 2007   29
   .    .    .    .    .    .    .    .    .    .    .    .    .    .    .    .    .    .    . <==>    . 0FL04D    10 1979 2007   29
   .    .    .    .    .    .    .    .    .    .    .    .    .    .    .    .    .    .    .<===>    . 0FL05A    11 1962 2007   46
   .    .    .    .    .    .    .    .    .    .    .    .    .    .    .    .    .    .    .<===>    . 0FL05B    12 1962 2007   46
   .    .    .    .    .    .    .    .    .    .    .    .    .    .    .    .    .    .    . <==>    . 0FL06A    13 1972 2007   36
   .    .    .    .    .    .    .    .    .    .    .    .    .    .    .    .    .    .    . <==>    . 0FL06B    14 1972 2007   36
   .    .    .    .    .    .    .    .    .    .    .    .    .    .    .    .    .    .    . <===>   . 0FL07A    15 1974 2010   37
   .    .    .    .    .    .    .    .    .    .    .    .    .    .    .    .    .    .    .  <==>   . 0FL07B    16 1980 2010   31
   .    .    .    .    .    .    .    .    .    .    .    .    .    .    .    .    .    .    . <===>   . 0FL08A    17 1970 2010   41
   .    .    .    .    .    .    .    .    .    .    .    .    .    .    .    .    .    .    . <==>    . 0FL08B    18 1970 2009   40
   .    .    .    .    .    .    .    .    .    .    .    .    .    .    .    .    .    .    .<====>   . 0FL09A    19 1966 2010   45
   .    .    .    .    .    .    .    .    .    .    .    .    .    .    .    .    .    .    .<====>   . 0FL09B    20 1967 2010   44
   .    .    .    .    .    .    .    .    .    .    .    .    .    .    .    .    .    .    .<====>   . 0FL10A    21 1967 2010   44
   .    .    .    .    .    .    .    .    .    .    .    .    .    .    .    .    .    .    .<====>   . 0FL10B    22 1967 2010   44
   .    .    .    .    .    .    .    .    .    .    .    .    .    .    .    .    .    .    . <===>   . 0FL11A    23 1976 2010   35
   .    .    .    .    .    .    .    .    .    .    .    .    .    .    .    .    .    .    . <===>   . 0FL11B    24 1970 2010   41
   .    .    .    .    .    .    .    .    .    .    .    .    .    .    .    .    .    .    . <===>   . 0FL12A    25 1972 2010   39
   .    .    .    .    .    .    .    .    .    .    .    .    .    .    .    .    .    .    .<====>   . 0FL12B    26 1969 2010   42
   :    :    :    :    :    :    :    :    :    :    :    :    :    :    :    :    :    :    :    :    :
 1050 1100 1150 1200 1250 1300 1350 1400 1450 1500 1550 1600 1650 1700 1750 1800 1850 1900 1950 2000 2050
   :    :    :    :    :    :    :    :    :    :    :    :    :    :    :    :    :    :    :    :    :
 1050 1100 1150 1200 1250 1300 1350 1400 1450 1500 1550 1600 1650 1700 1750 1800 1850 1900 1950 2000 2050
PART 3:  Master Dating Series: f                                                                   11:57  Mon 07 Nov 2011  Page   3
------------------------------------------------------------------------------------------------------------------------------------
  Year  Value  No Ab    Year  Value  No Ab    Year  Value  No Ab    Year  Value  No Ab    Year  Value  No Ab    Year  Value  No Ab
  ------------------    ------------------    ------------------    ------------------    ------------------    ------------------
                        2000   .483  26  1<<
                        2001  -.689  26
                        2002 -2.734  26
                        2003  -.268  26
                        2004  -.939  26
                        2005   .320  26
                        2006   .546  26
                        2007  1.690  26
                        2008   .758  12
                        2009  -.188  12

  1960  1.532   2       2010   .410  11
  1961  -.938   2
  1962   .912   4
  1963   .987   6
  1964   .985   6
  1965   .462   8
  1966  -.214   9
  1967  -.271  12
  1968 -2.504  12
  1969 -1.158  13

  1970   .723  16
  1971  -.741  16
  1972  -.445  19
  1973  -.548  21
  1974  -.465  22
  1975   .442  22
  1976   .784  23
  1977   .160  23
  1978   .556  23
  1979   .389  25

  1980   .689  26
  1981  1.507  26
  1982 -1.142  26
  1983   .185  26
  1984   .190  26
  1985   .508  26
  1986  1.039  26
  1987   .092  26
  1988  -.099  26
  1989   .921  26

  1990  -.354  26
  1991  -.439  26
  1992 -2.144  26
  1993 -2.522  26
  1994  -.067  26
  1995   .319  26
  1996   .439  26
  1997  1.074  26
  1998   .810  26
  1999 -1.044  26
------------------------------------------------------------------------------------------------------------------------------------
PART 4:  Master Bar Plot: f                                                                        11:57  Mon 07 Nov 2011  Page   4
------------------------------------------------------------------------------------------------------------------------------------
   Year Rel value  Year Rel value  Year Rel value  Year Rel value  Year Rel value  Year Rel value  Year Rel value  Year Rel value
                   2000------B
                   2001--c
                   2002k
                   2003---a
                   2004-d
                   2005------A
                   2006-------B
                   2007----------G
                   2008--------C
                   2009---a
   1960----------F 2010------B
   1961-d
   1962---------D
   1963---------D
   1964---------D
   1965------B
   1966---a
   1967---a
   1968j
   1969-e
   1970--------C
   1971-c
   1972--b
   1973--b
   1974--b
   1975------B
   1976--------C
   1977-----A
   1978-------B
   1979------B
   1980--------C
   1981----------F
   1982-e
   1983-----A
   1984-----A
   1985-------B
   1986---------D
   1987-----@
   1988----@
   1989---------D
   1990---a
   1991--b
   1992i
   1993j
   1994----@
   1995------A
   1996------B
   1997---------D
   1998--------C
   1999-d
PART 5:  CORRELATION OF SERIES BY SEGMENTS: f                                                      11:57  Mon 07 Nov 2011  Page   5
------------------------------------------------------------------------------------------------------------------------------------
 Correlations of  50-year dated segments, lagged  25 years
 Flags:  A = correlation under   .3281 but highest as dated;  B = correlation higher at other than dated position

 Seq Series  Time_span   1950 1975
                         1999 2024
 --- -------- ---------  ---- ---- ---- ---- ---- ---- ---- ---- ---- ---- ---- ---- ---- ---- ---- ---- ---- ---- ---- ----
   1 0FL01A   1960 2007   .69
   2 0FL01B   1960 2007   .71
   3 0FL02A   1965 2007   .53
   4 0FL02B   1965 2007   .38
   5 0FL02C   1963 2007   .68
   6 0FL02D   1963 2007   .70
   7 0FL04A   1973 2007   .75
   8 0FL04B   1973 2007   .73
   9 0FL04C   1979 2007        .60
  10 0FL04D   1979 2007        .57
  11 0FL05A   1962 2007   .57
  12 0FL05B   1962 2007   .69
  13 0FL06A   1972 2007   .63
  14 0FL06B   1972 2007   .70
  15 0FL07A   1974 2010   .43
  16 0FL07B   1980 2010        .49
  17 0FL08A   1970 2010   .62
  18 0FL08B   1970 2009   .53
  19 0FL09A   1966 2010   .34
  20 0FL09B   1967 2010   .55
  21 0FL10A   1967 2010   .70
  22 0FL10B   1967 2010   .40
  23 0FL11A   1976 2010        .38
  24 0FL11B   1970 2010   .48
  25 0FL12A   1972 2010   .55
  26 0FL12B   1969 2010   .69
 Av segment correlation   .59  .51
PART 6:  POTENTIAL PROBLEMS: f                                                                     11:57  Mon 07 Nov 2011  Page   5
------------------------------------------------------------------------------------------------------------------------------------

 For each series with potential problems the following diagnostics may appear:

 [A] Correlations with master dating series of flagged  50-year segments of series filtered with  32-year spline,
     at every point from ten years earlier (-10) to ten years later (+10) than dated

 [B] Effect of those data values which most lower or raise correlation with master series
     Symbol following year indicates value in series is greater (>) or lesser (<) than master series value

 [C] Year-to-year changes very different from the mean change in other series

 [D] Absent rings (zero values)

 [E] Values which are statistical outliers from mean for the year
====================================================================================================================================

 0FL01A    1960 to  2007      48 years                                                                                    Series   1

 [B] Entire series, effect on correlation (  .686) is:
       Lower   1992> -.038   1993> -.024   2004> -.018   1980< -.013   1990> -.011   2000< -.009  Higher   1968  .061   2002  .052

====================================================================================================================================

 0FL01B    1960 to  2007      48 years                                                                                    Series   2

 [B] Entire series, effect on correlation (  .715) is:
       Lower   1992> -.021   1963< -.017   1981< -.016   1980< -.012   2001> -.011   1987> -.009  Higher   2002  .040   1968  .030

====================================================================================================================================

 0FL02A    1965 to  2007      43 years                                                                                    Series   3

 [B] Entire series, effect on correlation (  .529) is:
       Lower   1968> -.053   1983< -.036   1988< -.031   1965> -.014   1969> -.013   1970< -.011  Higher   1992  .048   1982  .027

====================================================================================================================================

 0FL02B    1965 to  2007      43 years                                                                                    Series   4

 [B] Entire series, effect on correlation (  .381) is:
       Lower   1970< -.104   1991< -.033   1997< -.013   2002> -.011   1987> -.010   1974> -.010  Higher   1982  .039   1968  .028

 [C] Year-to-year changes diverging by over 4.0 std deviations:
       1969 1970  -4.5 SD

 [E] Outliers     1   3.0 SD above or -4.5 SD below mean for year
       1970 -5.1 SD
====================================================================================================================================

 0FL02C    1963 to  2007      45 years                                                                                    Series   5

 [B] Entire series, effect on correlation (  .679) is:
       Lower   1993> -.032   1970< -.030   1976< -.016   1977> -.009   1996< -.009   1990< -.008  Higher   1982  .021   2002  .014

====================================================================================================================================

 0FL02D    1963 to  2007      45 years                                                                                    Series   6

 [B] Entire series, effect on correlation (  .696) is:
       Lower   1988< -.064   1996< -.020   1995< -.014   1970< -.013   1965> -.009   1976< -.009  Higher   2002  .075   1992  .013

====================================================================================================================================

 0FL04A    1973 to  2007      35 years                                                                                    Series   7

 [B] Entire series, effect on correlation (  .747) is:
       Lower   1973< -.027   1974> -.027   2001> -.018   1984> -.012   1980< -.010   1979< -.010  Higher   1993  .040   2002  .030

====================================================================================================================================

 0FL04B    1973 to  2007      35 years                                                                                    Series   8

 [B] Entire series, effect on correlation (  .728) is:
       Lower   1980< -.036   2002> -.026   1974> -.018   1991> -.016   2001> -.010   1985< -.009  Higher   1992  .043   1993  .035

====================================================================================================================================

 0FL04C    1979 to  2007      29 years                                                                                    Series   9

 [B] Entire series, effect on correlation (  .605) is:
       Lower   2000< -.061   1990> -.028   1997< -.020   1979> -.015   1989< -.014   1999> -.012  Higher   1992  .059   1993  .054

====================================================================================================================================

 0FL04D    1979 to  2007      29 years                                                                                    Series  10

 [B] Entire series, effect on correlation (  .568) is:
       Lower   1997< -.046   1982> -.040   1990> -.036   1981< -.033   1980< -.024   1989< -.013  Higher   1993  .081   1992  .075

====================================================================================================================================

 0FL05A    1962 to  2007      46 years                                                                                    Series  11

 [B] Entire series, effect on correlation (  .573) is:
       Lower   1965< -.129   1986< -.038   1982> -.024   1977< -.010   2001> -.009   1969> -.008  Higher   1968  .092   1993  .041

 [E] Outliers     1   3.0 SD above or -4.5 SD below mean for year
       1965 -4.6 SD
====================================================================================================================================

 0FL05B    1962 to  2007      46 years                                                                                    Series  12

 [B] Entire series, effect on correlation (  .694) is:
       Lower   1965< -.099   1987> -.014   1967> -.011   1971> -.009   1969> -.008   1977< -.007  Higher   1968  .057   2002  .057

====================================================================================================================================

 0FL06A    1972 to  2007      36 years                                                                                    Series  13

 [B] Entire series, effect on correlation (  .629) is:
       Lower   1983< -.040   1974> -.035   2002> -.031   1984< -.023   1992> -.020   1990< -.009  Higher   1982  .043   1999  .024

====================================================================================================================================

 0FL06B    1972 to  2007      36 years                                                                                    Series  14

 [B] Entire series, effect on correlation (  .699) is:
       Lower   1985< -.026   1988> -.017   1990> -.016   1997< -.015   1975< -.015   2002> -.014  Higher   1993  .033   1982  .028

====================================================================================================================================

 0FL07A    1974 to  2010      37 years                                                                                    Series  15

 [B] Entire series, effect on correlation (  .429) is:
       Lower   1982> -.117   1994< -.034   1991> -.025   1993> -.023   1975< -.019   1979< -.008  Higher   2002  .082   1999  .046

 [E] Outliers     1   3.0 SD above or -4.5 SD below mean for year
       1982 +3.4 SD
====================================================================================================================================

 0FL07B    1980 to  2010      31 years                                                                                    Series  16

 [B] Entire series, effect on correlation (  .485) is:
       Lower   1993> -.080   1987< -.067   1992> -.061   1991> -.032   1994< -.029   1984< -.010  Higher   2002  .216   1999  .032

 [E] Outliers     2   3.0 SD above or -4.5 SD below mean for year
       1991 +3.1 SD;    1993 +3.1 SD
====================================================================================================================================

 0FL08A    1970 to  2010      41 years                                                                                    Series  17

 [B] Entire series, effect on correlation (  .619) is:
       Lower   1974< -.072   2002> -.050   1982> -.030   2008< -.017   1973< -.009   1972> -.009  Higher   1993  .061   1992  .047

====================================================================================================================================

 0FL08B    1970 to  2009      40 years                                                                                    Series  18

 [B] Entire series, effect on correlation (  .534) is:
       Lower   1987< -.199   1988> -.020   2009< -.016   1999> -.015   1990> -.004   1974< -.003  Higher   1993  .030   1992  .026

====================================================================================================================================

 0FL09A    1966 to  2010      45 years                                                                                    Series  19

 [B] Entire series, effect on correlation (  .107) is:
       Lower   2000< -.229   1999> -.026   1969> -.020   1981< -.017   2007< -.014   1976< -.013  Higher   1968  .051   2002  .033

 [C] Year-to-year changes diverging by over 4.0 std deviations:
       1999 2000  -5.5 SD    2000 2001   4.6 SD

 [D]    1 Absent rings:  Year   Master  N series Absent
                         2000     .483      26       1  >> WARNING:  Ring is not usually narrow

 [E] Outliers     1   3.0 SD above or -4.5 SD below mean for year
       2000 -7.8 SD
====================================================================================================================================

 0FL09B    1967 to  2010      44 years                                                                                    Series  20

 [B] Entire series, effect on correlation (  .552) is:
       Lower   1968> -.051   2004> -.021   1985< -.020   1987> -.018   2007< -.015   1989< -.014  Higher   2002  .063   1993  .030

====================================================================================================================================

 0FL10A    1967 to  2010      44 years                                                                                    Series  21

 [B] Entire series, effect on correlation (  .701) is:
       Lower   1968> -.051   1999> -.025   1982> -.016   1976< -.016   2008< -.010   1986< -.008  Higher   2002  .075   1993  .028

====================================================================================================================================

 0FL10B    1967 to  2010      44 years                                                                                    Series  22

 [B] Entire series, effect on correlation (  .405) is:
       Lower   1979< -.175   1998< -.038   1968> -.032   1971> -.018   2005< -.007   1972> -.006  Higher   2002  .069   1993  .031

====================================================================================================================================

 0FL11A    1976 to  2010      35 years                                                                                    Series  23

 [B] Entire series, effect on correlation (  .382) is:
       Lower   1977< -.089   2003< -.044   1999> -.038   2004> -.035   1995< -.029   2001> -.024  Higher   2002  .146   1981  .035

====================================================================================================================================

 0FL11B    1970 to  2010      41 years                                                                                    Series  24

 [B] Entire series, effect on correlation (  .478) is:
       Lower   1993> -.077   1992> -.049   1986< -.036   1987< -.033   2010< -.018   2004> -.015  Higher   2002  .125   1982  .057

 [E] Outliers     1   3.0 SD above or -4.5 SD below mean for year
       1993 +3.1 SD
====================================================================================================================================

 0FL12A    1972 to  2010      39 years                                                                                    Series  25

 [B] Entire series, effect on correlation (  .552) is:
       Lower   1972< -.099   2002> -.031   1999> -.019   1973> -.019   1998< -.017   1974< -.008  Higher   1992  .070   1993  .028

====================================================================================================================================

 0FL12B    1969 to  2010      42 years                                                                                    Series  26

 [B] Entire series, effect on correlation (  .688) is:
       Lower   1992> -.037   1969< -.031   1988< -.028   1973> -.021   1982> -.018   1994< -.012  Higher   2002  .098   1993  .039

====================================================================================================================================

 [*] All segments correlate highest as dated with correlation with master series over   .3281
PART 7:  DESCRIPTIVE STATISTICS: f                                                                 11:57  Mon 07 Nov 2011  Page   6
------------------------------------------------------------------------------------------------------------------------------------

                                                Corr   //-------- Unfiltered --------\\  //---- Filtered -----\\
                           No.    No.    No.    with   Mean   Max     Std   Auto   Mean   Max     Std   Auto  AR
 Seq Series   Interval   Years  Segmt  Flags   Master  msmt   msmt    dev   corr   sens  value    dev   corr  ()
 --- -------- ---------  -----  -----  -----   ------ -----  -----  -----  -----  -----  -----  -----  -----  --
   1 0FL01A   1960 2007     48      1      0    .686   1.88   3.60   .804   .775   .308   2.60   .519  -.007   1
   2 0FL01B   1960 2007     48      1      0    .715   1.80   3.13   .751   .831   .271   2.55   .443   .050   1
   3 0FL02A   1965 2007     43      1      0    .529   1.77   3.30   .814   .851   .268   2.63   .505   .025   1
   4 0FL02B   1965 2007     43      1      0    .381   2.02   3.56   .995   .841   .293   2.54   .662   .020   2
   5 0FL02C   1963 2007     45      1      0    .679   2.02   4.41  1.068   .856   .280   2.59   .480  -.018   1
   6 0FL02D   1963 2007     45      1      0    .696   2.06   4.20  1.131   .858   .283   2.82   .551  -.128   1
   7 0FL04A   1973 2007     35      1      0    .747   1.64   4.15   .816   .805   .232   2.61   .649   .018   1
   8 0FL04B   1973 2007     35      1      0    .728   1.75   5.24  1.049   .863   .244   2.66   .557   .117   1
   9 0FL04C   1979 2007     29      1      0    .605    .43   1.77   .355   .856   .281   2.63   .540   .158   1
  10 0FL04D   1979 2007     29      1      0    .568    .39   1.47   .293   .811   .309   2.70   .666   .217   1
  11 0FL05A   1962 2007     46      1      0    .573   2.41   4.07   .842   .496   .349   2.50   .499  -.034   1
  12 0FL05B   1962 2007     46      1      0    .694   2.28   3.95   .851   .638   .328   2.68   .496  -.023   1
  13 0FL06A   1972 2007     36      1      0    .629    .78   2.57   .570   .837   .355   2.60   .635   .010   1
  14 0FL06B   1972 2007     36      1      0    .699    .78   2.15   .482   .814   .278   2.50   .616  -.077   1
  15 0FL07A   1974 2010     37      1      0    .429   1.97   2.92   .463   .448   .184   2.61   .607   .080   1
  16 0FL07B   1980 2010     31      1      0    .485   2.00   2.86   .398   .580   .160   2.52   .549  -.063   1
  17 0FL08A   1970 2010     41      1      0    .619   1.72   2.77   .461   .636   .180   2.90   .610   .168   1
  18 0FL08B   1970 2009     40      1      0    .534   1.97   2.86   .494   .375   .200   2.38   .452  -.075   1
  19 0FL09A   1966 2010     45      1      0    .107   2.95   5.40   .993   .583   .268   2.50   .360  -.043   1
  20 0FL09B   1967 2010     44      1      0    .552   2.49   4.19   .837   .774   .171   2.56   .518   .003   1
  21 0FL10A   1967 2010     44      1      0    .701   2.09   4.32   .944   .854   .167   2.68   .461   .105   1
  22 0FL10B   1967 2010     44      1      0    .405   2.10   3.72   .878   .787   .190   2.63   .476   .012   1
  23 0FL11A   1976 2010     35      1      0    .382   2.71   4.40   .559   .335   .162   2.89   .605  -.001   1
  24 0FL11B   1970 2010     41      1      0    .478   2.66   4.06   .647   .488   .185   2.87   .631   .060   1
  25 0FL12A   1972 2010     39      1      0    .552   1.50   2.73   .657   .864   .193   2.55   .565  -.034   1
  26 0FL12B   1969 2010     42      1      0    .688   1.43   2.41   .535   .727   .205   2.60   .566   .002   2
 --- -------- ---------  -----  -----  -----   ------ -----  -----  -----  -----  -----  -----  -----  -----  --
 Total or mean:           1047     26      0    .572   1.88   5.40   .740   .716   .245   2.90   .541   .017
PART 8:  ADJUSTMENTS FOR UNDATED SERIES: f                                                         11:57  Mon 07 Nov 2011  Page   7
------------------------------------------------------------------------------------------------------------------------------------

 Time span  1960  2010    51 years, best matches for  50-year segments lagged  25 years
 Listed in order from highest correlation

           Counted       Corr      Corr      Corr      Corr      Corr      Corr      Corr      Corr      Corr      Corr      Corr
 Series    Segment   Add  # 1  Add  # 2  Add  # 3  Add  # 4  Add  # 5  Add  # 6  Add  # 7  Add  # 8  Add  # 9  Add  #10  Add  #11
 -------- ---------  --------  --------  --------  --------  --------  --------  --------  --------  --------  --------  --------
 0FD01A   1961 1989     0 .46    19 .22    20 .19    14 .18     9 .17    -1 .10    17 .09     4 .08     8 .05    18 .03     1 .00
===================  ========  ========  ========  ========  ========  ========  ========  ========  ========  ========  ========
           Counted       Corr      Corr      Corr      Corr      Corr      Corr      Corr      Corr      Corr      Corr      Corr
 Series    Segment   Add  # 1  Add  # 2  Add  # 3  Add  # 4  Add  # 5  Add  # 6  Add  # 7  Add  # 8  Add  # 9  Add  #10  Add  #11
 -------- ---------  --------  --------  --------  --------  --------  --------  --------  --------  --------  --------  --------
 0FD01B   1961 1989     8 .54    18 .37    19 .33     9 .25     0 .24    20 .17    10 .10    11 .06    13 .06     3 .03    -1 .00
===================  ========  ========  ========  ========  ========  ========  ========  ========  ========  ========  ========
           Counted       Corr      Corr      Corr      Corr      Corr      Corr      Corr      Corr      Corr      Corr      Corr
 Series    Segment   Add  # 1  Add  # 2  Add  # 3  Add  # 4  Add  # 5  Add  # 6  Add  # 7  Add  # 8  Add  # 9  Add  #10  Add  #11
 -------- ---------  --------  --------  --------  --------  --------  --------  --------  --------  --------  --------  --------
 0FD02A   1965 1999     0 .63    -2 .36     9 .18    -1 .18    -3 .14     6 .10     8 .05    11 .03    -5 .01   --- ---   --- ---
===================  ========  ========  ========  ========  ========  ========  ========  ========  ========  ========  ========
           Counted       Corr      Corr      Corr      Corr      Corr      Corr      Corr      Corr      Corr      Corr      Corr
 Series    Segment   Add  # 1  Add  # 2  Add  # 3  Add  # 4  Add  # 5  Add  # 6  Add  # 7  Add  # 8  Add  # 9  Add  #10  Add  #11
 -------- ---------  --------  --------  --------  --------  --------  --------  --------  --------  --------  --------  --------
 0FD02B   1965 1999     0 .44     9 .43    -2 .42    -5 .25    -1 .19     1 .11     6 .03    -4 .03    11 .02     8 .00   --- ---
===================  ========  ========  ========  ========  ========  ========  ========  ========  ========  ========  ========
           Counted       Corr      Corr      Corr      Corr      Corr      Corr      Corr      Corr      Corr      Corr      Corr
 Series    Segment   Add  # 1  Add  # 2  Add  # 3  Add  # 4  Add  # 5  Add  # 6  Add  # 7  Add  # 8  Add  # 9  Add  #10  Add  #11
 -------- ---------  --------  --------  --------  --------  --------  --------  --------  --------  --------  --------  --------
 0FD03A   1963 1994     0 .54     9 .26    10 .24    -1 .22    -2 .15    11 .05     8 .04    14 .04   --- ---   --- ---   --- ---
===================  ========  ========  ========  ========  ========  ========  ========  ========  ========  ========  ========
           Counted       Corr      Corr      Corr      Corr      Corr      Corr      Corr      Corr      Corr      Corr      Corr
 Series    Segment   Add  # 1  Add  # 2  Add  # 3  Add  # 4  Add  # 5  Add  # 6  Add  # 7  Add  # 8  Add  # 9  Add  #10  Add  #11
 -------- ---------  --------  --------  --------  --------  --------  --------  --------  --------  --------  --------  --------
 0FD03B   1963 2001    -1 .29     9 .26     0 .26     6 .10    -3 .10    -2 .08     4 .07     7 .06     5 .01   --- ---   --- ---
===================  ========  ========  ========  ========  ========  ========  ========  ========  ========  ========  ========
           Counted       Corr      Corr      Corr      Corr      Corr      Corr      Corr      Corr      Corr      Corr      Corr
 Series    Segment   Add  # 1  Add  # 2  Add  # 3  Add  # 4  Add  # 5  Add  # 6  Add  # 7  Add  # 8  Add  # 9  Add  #10  Add  #11
 -------- ---------  --------  --------  --------  --------  --------  --------  --------  --------  --------  --------  --------
 0FD04A   1961 1993    10 .29     0 .27    -1 .21     5 .11     4 .11     8 .07     9 .06    11 .06     1 .05     3 .05    14 .01
===================  ========  ========  ========  ========  ========  ========  ========  ========  ========  ========  ========
           Counted       Corr      Corr      Corr      Corr      Corr      Corr      Corr      Corr      Corr      Corr      Corr
 Series    Segment   Add  # 1  Add  # 2  Add  # 3  Add  # 4  Add  # 5  Add  # 6  Add  # 7  Add  # 8  Add  # 9  Add  #10  Add  #11
 -------- ---------  --------  --------  --------  --------  --------  --------  --------  --------  --------  --------  --------
 0FD04B   1960 1991     1 .45    11 .21    18 .18     0 .16     8 .15     2 .07     3 .06    12 .05    19 .04    17 .04     9 .02
===================  ========  ========  ========  ========  ========  ========  ========  ========  ========  ========  ========
           Counted       Corr      Corr      Corr      Corr      Corr      Corr      Corr      Corr      Corr      Corr      Corr
 Series    Segment   Add  # 1  Add  # 2  Add  # 3  Add  # 4  Add  # 5  Add  # 6  Add  # 7  Add  # 8  Add  # 9  Add  #10  Add  #11
 -------- ---------  --------  --------  --------  --------  --------  --------  --------  --------  --------  --------  --------
 0FD05A   1962 1990     8 .37     0 .34     3 .31    17 .29    19 .28     7 .26     2 .21    16 .15     5 .12     6 .09    -2 .07
===================  ========  ========  ========  ========  ========  ========  ========  ========  ========  ========  ========
           Counted       Corr      Corr      Corr      Corr      Corr      Corr      Corr      Corr      Corr      Corr      Corr
 Series    Segment   Add  # 1  Add  # 2  Add  # 3  Add  # 4  Add  # 5  Add  # 6  Add  # 7  Add  # 8  Add  # 9  Add  #10  Add  #11
 -------- ---------  --------  --------  --------  --------  --------  --------  --------  --------  --------  --------  --------
 0FD05B   1962 1990     0 .53     5 .33     2 .29     6 .28    16 .26     3 .18    14 .11     8 .07    19 .06     7 .03     1 .03
===================  ========  ========  ========  ========  ========  ========  ========  ========  ========  ========  ========
           Counted       Corr      Corr      Corr      Corr      Corr      Corr      Corr      Corr      Corr      Corr      Corr
 Series    Segment   Add  # 1  Add  # 2  Add  # 3  Add  # 4  Add  # 5  Add  # 6  Add  # 7  Add  # 8  Add  # 9  Add  #10  Add  #11
 -------- ---------  --------  --------  --------  --------  --------  --------  --------  --------  --------  --------  --------
 0FD06A   1968 1991     0 .45    14 .36    -7 .33     4 .27     3 .26     1 .10     6 .09    -2 .09     5 .06    -1 .04    16 .04
===================  ========  ========  ========  ========  ========  ========  ========  ========  ========  ========  ========
           Counted       Corr      Corr      Corr      Corr      Corr      Corr      Corr      Corr      Corr      Corr      Corr
 Series    Segment   Add  # 1  Add  # 2  Add  # 3  Add  # 4  Add  # 5  Add  # 6  Add  # 7  Add  # 8  Add  # 9  Add  #10  Add  #11
 -------- ---------  --------  --------  --------  --------  --------  --------  --------  --------  --------  --------  --------
 0FD06B   1968 1986    -2 .47    22 .42     1 .36    12 .31     3 .30     0 .29    23 .21     4 .11    24 .10    -1 .09     9 .06
===================  ========  ========  ========  ========  ========  ========  ========  ========  ========  ========  ========
           Counted       Corr      Corr      Corr      Corr      Corr      Corr      Corr      Corr      Corr      Corr      Corr
 Series    Segment   Add  # 1  Add  # 2  Add  # 3  Add  # 4  Add  # 5  Add  # 6  Add  # 7  Add  # 8  Add  # 9  Add  #10  Add  #11
 -------- ---------  --------  --------  --------  --------  --------  --------  --------  --------  --------  --------  --------
 0FD06C   1968 1987     1 .47     0 .37    -7 .32    20 .25     4 .20    14 .20     9 .19    12 .18     3 .16    23 .13    10 .11
===================  ========  ========  ========  ========  ========  ========  ========  ========  ========  ========  ========
       13 undated series

                                              - = [  COFECHA F    COF  ] = -
