[]  Dendrochronology Program Library                                        Run UU     Program COF  09:09  Tue 15 Nov 2011  Page   1
[]
[]  P R O G R A M      C O F E C H A                                                                          Version 6.06P    28079
------------------------------------------------------------------------------------------------------------------------------------

 QUALITY CONTROL AND DATING CHECK OF TREE-RING MEASUREMENTS

 Title of run:           uu                                      

 File of DATED series:   UUL.raw

 CONTENTS:

    Part 1:  Title page, options selected, summary, absent rings by series
    Part 2:  Histogram of time spans
    Part 3:  Master series with sample depth and absent rings by year
    Part 4:  Bar plot of Master Dating Series
    Part 5:  Correlation by segment of each series with Master
    Part 6:  Potential problems: low correlation, divergent year-to-year changes, absent rings, outliers
    Part 7:  Descriptive statistics

 RUN CONTROL OPTIONS SELECTED                             VALUE

         1  Cubic smoothing spline 50% wavelength cutoff for filtering
                                                            32 years
         2  Segments examined are                           50 years lagged successively by  25 years
         3  Autoregressive model applied                     A  Residuals are used in master dating series and testing
         4  Series transformed to logarithms                 Y  Each series log-transformed for master dating series and testing
         5  CORRELATION is Pearson (parametric, quantitative)
            Critical correlation, 99% confidence level   .3281
         6  Master dating series saved                       N
         7  Ring measurements listed                         N
         8  Parts printed                              1234567 
         9  Absent rings are omitted from master series and segment correlations  (Y)

 Time span of Master dating series is  1955 to  2011    57 years
 Continuous time span is               1955 to  2011    57 years
 Portion with two or more series is    1958 to  2011    54 years


                                        ****************************************
                                        *C* Number of dated series        30 *C*
                                        *O* Master series 1955 2011   57 yrs *O*
                                        *F* Total rings in all series    841 *F*
                                        *E* Total dated rings checked    838 *E*
                                        *C* Series intercorrelation     .465 *C*
                                        *H* Average mean sensitivity    .245 *H*
                                        *A* Segments, possible problems    7 *A*
                                        *** Mean length of series       28.0 ***
                                        ****************************************

 ABSENT RINGS listed by SERIES:            (See Master Dating Series for absent rings listed by year)

               No ring measurements of zero value
PART 2:  TIME PLOT OF TREE-RING SERIES: uu                                                         09:09  Tue 15 Nov 2011  Page   2
------------------------------------------------------------------------------------------------------------------------------------
 1050 1100 1150 1200 1250 1300 1350 1400 1450 1500 1550 1600 1650 1700 1750 1800 1850 1900 1950 2000 2050 Ident   Seq Time-span  Yrs
   :    :    :    :    :    :    :    :    :    :    :    :    :    :    :    :    :    :    :    :    : -------- --- ---- ---- ----
   .    .    .    .    .    .    .    .    .    .    .    .    .    .    .    .    .    .    .  <==>   . UUL01A     1 1985 2011   27
   .    .    .    .    .    .    .    .    .    .    .    .    .    .    .    .    .    .    .  <==>   . UUL01B     2 1985 2011   27
   .    .    .    .    .    .    .    .    .    .    .    .    .    .    .    .    .    .    .  <==>   . UUL02A     3 1984 2011   28
   .    .    .    .    .    .    .    .    .    .    .    .    .    .    .    .    .    .    .  <==>   . UUL02B     4 1984 2010   27
   .    .    .    .    .    .    .    .    .    .    .    .    .    .    .    .    .    .    .  <==>   . UUL03A     5 1983 2011   29
   .    .    .    .    .    .    .    .    .    .    .    .    .    .    .    .    .    .    .  <==>   . UUL03B     6 1983 2011   29
   .    .    .    .    .    .    .    .    .    .    .    .    .    .    .    .    .    .    .  <==>   . UUL04A     7 1985 2011   27
   .    .    .    .    .    .    .    .    .    .    .    .    .    .    .    .    .    .    .  <==>   . UUL04B     8 1985 2011   27
   .    .    .    .    .    .    .    .    .    .    .    .    .    .    .    .    .    .    .  <==>   . UUL05A     9 1986 2011   26
   .    .    .    .    .    .    .    .    .    .    .    .    .    .    .    .    .    .    .  <==>   . UUL05B    10 1986 2011   26
   .    .    .    .    .    .    .    .    .    .    .    .    .    .    .    .    .    .    .  <==>   . UUL06A    11 1983 2011   29
   .    .    .    .    .    .    .    .    .    .    .    .    .    .    .    .    .    .    .  <==>   . UUL06B    12 1983 2011   29
   .    .    .    .    .    .    .    .    .    .    .    .    .    .    .    .    .    .    .  <==>   . UUL07A    13 1984 2011   28
   .    .    .    .    .    .    .    .    .    .    .    .    .    .    .    .    .    .    .  <==>   . UUL07B    14 1984 2011   28
   .    .    .    .    .    .    .    .    .    .    .    .    .    .    .    .    .    .    .  <==>   . UUL08A    15 1986 2011   26
   .    .    .    .    .    .    .    .    .    .    .    .    .    .    .    .    .    .    .  <==>   . UUL08B    16 1986 2011   26
   .    .    .    .    .    .    .    .    .    .    .    .    .    .    .    .    .    .    .  <==>   . UUL09A    17 1981 2011   31
   .    .    .    .    .    .    .    .    .    .    .    .    .    .    .    .    .    .    .  <==>   . UUL09B    18 1981 2011   31
   .    .    .    .    .    .    .    .    .    .    .    .    .    .    .    .    .    .    .  <==>   . UUL10A    19 1984 2011   28
   .    .    .    .    .    .    .    .    .    .    .    .    .    .    .    .    .    .    .  <=>    . UUL10B    20 1984 2009   26
   .    .    .    .    .    .    .    .    .    .    .    .    .    .    .    .    .    .    .   <=>   . UUL11A    21 1992 2011   20
   .    .    .    .    .    .    .    .    .    .    .    .    .    .    .    .    .    .    .   <=>   . UUL11B    22 1991 2011   21
   .    .    .    .    .    .    .    .    .    .    .    .    .    .    .    .    .    .    .   <=>   . UUL12A    23 1992 2010   19
   .    .    .    .    .    .    .    .    .    .    .    .    .    .    .    .    .    .    .   <=>   . UUL12B    24 1990 2011   22
   .    .    .    .    .    .    .    .    .    .    .    .    .    .    .    .    .    .    .  <==>   . UUL13A    25 1989 2011   23
   .    .    .    .    .    .    .    .    .    .    .    .    .    .    .    .    .    .    .  <==>   . UUL13B    26 1987 2011   25
   .    .    .    .    .    .    .    .    .    .    .    .    .    .    .    .    .    .    .  <==>   . UUL14A    27 1986 2011   26
   .    .    .    .    .    .    .    .    .    .    .    .    .    .    .    .    .    .    .   <=>   . UUL14B    28 1993 2011   19
   .    .    .    .    .    .    .    .    .    .    .    .    .    .    .    .    .    .    <=====>   . UUL15A    29 1958 2011   54
   .    .    .    .    .    .    .    .    .    .    .    .    .    .    .    .    .    .    <=====>   . UUL15B    30 1955 2011   57
   :    :    :    :    :    :    :    :    :    :    :    :    :    :    :    :    :    :    :    :    :
 1050 1100 1150 1200 1250 1300 1350 1400 1450 1500 1550 1600 1650 1700 1750 1800 1850 1900 1950 2000 2050
PART 3:  Master Dating Series: uu                                                                  09:09  Tue 15 Nov 2011  Page   3
------------------------------------------------------------------------------------------------------------------------------------
  Year  Value  No Ab    Year  Value  No Ab    Year  Value  No Ab    Year  Value  No Ab    Year  Value  No Ab    Year  Value  No Ab
  ------------------    ------------------    ------------------    ------------------    ------------------    ------------------
                        2000  -.177  30
                        2001   .511  30
                        2002  -.217  30
                        2003 -1.208  30
                        2004  -.513  30
  1955   .579   1       2005  -.613  30
  1956 -1.652   1       2006  -.708  30
  1957  1.381   1       2007   .132  30
  1958   .705   2       2008   .737  30
  1959  2.150   2       2009   .901  30

  1960   .135   2       2010   .492  29
  1961   .044   2       2011 -1.092  27
  1962  -.248   2
  1963  1.596   2
  1964  1.630   2
  1965  1.091   2
  1966   .927   2
  1967 -1.059   2
  1968 -2.435   2
  1969  -.988   2

  1970  -.154   2
  1971  -.893   2
  1972   .454   2
  1973  -.091   2
  1974  -.519   2
  1975  -.582   2
  1976  -.132   2
  1977 -1.823   2
  1978 -2.490   2
  1979  -.604   2

  1980 -1.299   2
  1981  1.562   4
  1982   .030   4
  1983  -.621   8
  1984   .066  14
  1985  -.789  18
  1986  -.847  23
  1987  -.438  24
  1988  -.384  24
  1989  -.136  25

  1990   .210  26
  1991  -.005  27
  1992   .045  29
  1993   .618  30
  1994  1.158  30
  1995  1.223  30
  1996   .976  30
  1997  1.204  30
  1998   .942  30
  1999  1.218  30
------------------------------------------------------------------------------------------------------------------------------------
PART 4:  Master Bar Plot: uu                                                                       09:09  Tue 15 Nov 2011  Page   4
------------------------------------------------------------------------------------------------------------------------------------
   Year Rel value  Year Rel value  Year Rel value  Year Rel value  Year Rel value  Year Rel value  Year Rel value  Year Rel value
                   2000----a
                   2001-------B
                   2002----a
                   2003-e
                   2004---b
   1955-------B    2005--b
   1956g           2006--c
   1957---------F  2007------A
   1958-------C    2008-------C
   1959----------I 2009--------D
   1960------A     2010-------B
   1961-----@      2011-d
   1962----a
   1963----------F
   1964----------G
   1965---------D
   1966--------D
   1967-d
   1968j
   1969-d
   1970----a
   1971-d
   1972-------B
   1973----@
   1974---b
   1975--b
   1976----a
   1977g
   1978j
   1979--b
   1980-e
   1981----------F
   1982-----@
   1983--b
   1984------@
   1985--c
   1986-c
   1987---b
   1988---b
   1989----a
   1990------A
   1991-----@
   1992-----@
   1993-------B
   1994---------E
   1995---------E
   1996--------D
   1997---------E
   1998--------D
   1999---------E
PART 5:  CORRELATION OF SERIES BY SEGMENTS: uu                                                     09:09  Tue 15 Nov 2011  Page   5
------------------------------------------------------------------------------------------------------------------------------------
 Correlations of  50-year dated segments, lagged  25 years
 Flags:  A = correlation under   .3281 but highest as dated;  B = correlation higher at other than dated position

 Seq Series  Time_span   1950 1975
                         1999 2024
 --- -------- ---------  ---- ---- ---- ---- ---- ---- ---- ---- ---- ---- ---- ---- ---- ---- ---- ---- ---- ---- ---- ----
   1 UUL01A   1985 2011        .55
   2 UUL01B   1985 2011        .47
   3 UUL02A   1984 2011        .52
   4 UUL02B   1984 2010        .24B
   5 UUL03A   1983 2011        .36
   6 UUL03B   1983 2011        .42
   7 UUL04A   1985 2011        .45
   8 UUL04B   1985 2011        .39
   9 UUL05A   1986 2011        .44
  10 UUL05B   1986 2011        .31B
  11 UUL06A   1983 2011        .47
  12 UUL06B   1983 2011        .54
  13 UUL07A   1984 2011        .47
  14 UUL07B   1984 2011        .36
  15 UUL08A   1986 2011        .63
  16 UUL08B   1986 2011        .18A
  17 UUL09A   1981 2011        .48
  18 UUL09B   1981 2011        .63
  19 UUL10A   1984 2011        .64
  20 UUL10B   1984 2009        .64
  21 UUL11A   1992 2011        .62
  22 UUL11B   1991 2011        .65
  23 UUL12A   1992 2010        .06B
  24 UUL12B   1990 2011        .51
  25 UUL13A   1989 2011        .53
  26 UUL13B   1987 2011        .32A
  27 UUL14A   1986 2011        .31B
  28 UUL14B   1993 2011        .32B
  29 UUL15A   1958 2011   .66  .59
  30 UUL15B   1955 2011   .53  .46
 Av segment correlation   .59  .45
PART 6:  POTENTIAL PROBLEMS: uu                                                                    09:09  Tue 15 Nov 2011  Page   5
------------------------------------------------------------------------------------------------------------------------------------

 For each series with potential problems the following diagnostics may appear:

 [A] Correlations with master dating series of flagged  50-year segments of series filtered with  32-year spline,
     at every point from ten years earlier (-10) to ten years later (+10) than dated

 [B] Effect of those data values which most lower or raise correlation with master series
     Symbol following year indicates value in series is greater (>) or lesser (<) than master series value

 [C] Year-to-year changes very different from the mean change in other series

 [D] Absent rings (zero values)

 [E] Values which are statistical outliers from mean for the year
====================================================================================================================================

 UUL01A    1985 to  2011      27 years                                                                                    Series   1

 [B] Entire series, effect on correlation (  .552) is:
       Lower   2006> -.062   2008< -.053   1998< -.040   1994< -.025   2009< -.017   2000> -.009  Higher   2003  .081   2011  .027

 [E] Outliers     1   3.0 SD above or -4.5 SD below mean for year
       2007 +3.2 SD
====================================================================================================================================

 UUL01B    1985 to  2011      27 years                                                                                    Series   2

 [B] Entire series, effect on correlation (  .474) is:
       Lower   2011> -.197   2002< -.040   1997< -.027   1988> -.012   2009< -.012   2004> -.006  Higher   2003  .050   1994  .033

====================================================================================================================================

 UUL02A    1984 to  2011      28 years                                                                                    Series   3

 [B] Entire series, effect on correlation (  .524) is:
       Lower   1999< -.066   2000> -.060   2003> -.037   2006> -.028   2005> -.026   1990< -.015  Higher   2011  .265   1994  .036

====================================================================================================================================

 UUL02B    1984 to  2010      27 years                                                                                    Series   4

 [A] Segment   High   -10   -9   -8   -7   -6   -5   -4   -3   -2   -1   +0   +1   +2   +3   +4   +5   +6   +7   +8   +9  +10
    ---------  ----   ---  ---  ---  ---  ---  ---  ---  ---  ---  ---  ---  ---  ---  ---  ---  ---  ---  ---  ---  ---  ---
    1984 2010    1    .17 -.13 -.01  .29 -.07  .01  .12 -.07  .11 -.01  .24| .77*   -    -    -    -    -    -    -    -    -

 [B] Entire series, effect on correlation (  .235) is:
       Lower   2010< -.196   2000> -.070   1999< -.023   1988> -.014   1991> -.013   2006> -.013  Higher   2002  .049   1994  .043
     1984 to 2010 segment:
       Lower   2010< -.196   2000> -.070   1999< -.023   1988> -.014   1991> -.013   2006> -.013  Higher   2002  .049   1994  .043

 [E] Outliers     1   3.0 SD above or -4.5 SD below mean for year
       2010 -4.9 SD
====================================================================================================================================

 UUL03A    1983 to  2011      29 years                                                                                    Series   5

 [B] Entire series, effect on correlation (  .365) is:
       Lower   1991< -.066   2011> -.053   2001< -.042   1998< -.035   2010< -.030   1986> -.029  Higher   1983  .059   2003  .030

====================================================================================================================================

 UUL03B    1983 to  2011      29 years                                                                                    Series   6

 [B] Entire series, effect on correlation (  .418) is:
       Lower   1998< -.063   1985> -.039   1986> -.030   2011> -.027   1988> -.017   1999< -.013  Higher   2000  .031   2009  .029

====================================================================================================================================

 UUL04A    1985 to  2011      27 years                                                                                    Series   7

 [B] Entire series, effect on correlation (  .454) is:
       Lower   1993< -.163   1991> -.039   2011> -.037   1987> -.011   1992> -.009   1998< -.009  Higher   1994  .045   2000  .037

====================================================================================================================================

 UUL04B    1985 to  2011      27 years                                                                                    Series   8

 [B] Entire series, effect on correlation (  .390) is:
       Lower   2003> -.070   2011> -.050   1990< -.035   1998< -.025   1991> -.024   1987> -.021  Higher   1997  .038   1995  .032

====================================================================================================================================

 UUL05A    1986 to  2011      26 years                                                                                    Series   9

 [B] Entire series, effect on correlation (  .437) is:
       Lower   1989< -.092   1986> -.050   2002> -.042   1987< -.031   1998< -.029   2007< -.019  Higher   2011  .106   1994  .032

====================================================================================================================================

 UUL05B    1986 to  2011      26 years                                                                                    Series  10

 [A] Segment   High   -10   -9   -8   -7   -6   -5   -4   -3   -2   -1   +0   +1   +2   +3   +4   +5   +6   +7   +8   +9  +10
    ---------  ----   ---  ---  ---  ---  ---  ---  ---  ---  ---  ---  ---  ---  ---  ---  ---  ---  ---  ---  ---  ---  ---
    1986 2011   -5    .36 -.11  .27 -.26  .17  .38* .14  .21  .18  .18  .31|   -    -    -    -    -    -    -    -    -    -

 [B] Entire series, effect on correlation (  .308) is:
       Lower   1988< -.128   2002> -.041   1993< -.034   2006> -.027   1996< -.021   2007< -.021  Higher   2011  .118   1999  .056
     1986 to 2011 segment:
       Lower   1988< -.128   2002> -.041   1993< -.034   2006> -.027   1996< -.021   2007< -.021  Higher   2011  .118   1999  .056

 [E] Outliers     1   3.0 SD above or -4.5 SD below mean for year
       1988 -5.2 SD
====================================================================================================================================

 UUL06A    1983 to  2011      29 years                                                                                    Series  11

 [B] Entire series, effect on correlation (  .465) is:
       Lower   2003> -.064   2000> -.047   1984< -.045   1983> -.040   1999< -.026   1986> -.014  Higher   2011  .270   1985  .019

====================================================================================================================================

 UUL06B    1983 to  2011      29 years                                                                                    Series  12

 [B] Entire series, effect on correlation (  .543) is:
       Lower   2003> -.048   2000> -.047   1983> -.038   1999< -.017   1996< -.013   1986> -.012  Higher   2011  .161   1994  .024

 [E] Outliers     1   3.0 SD above or -4.5 SD below mean for year
       2011 -4.6 SD
====================================================================================================================================

 UUL07A    1984 to  2011      28 years                                                                                    Series  13

 [B] Entire series, effect on correlation (  .471) is:
       Lower   2003> -.096   2000> -.044   2008< -.039   1991> -.033   1999< -.027   2005> -.018  Higher   2011  .236   1994  .032

====================================================================================================================================

 UUL07B    1984 to  2011      28 years                                                                                    Series  14

 [B] Entire series, effect on correlation (  .359) is:
       Lower   2005< -.130   1999< -.066   2003> -.051   2000> -.041   2006> -.015   2009< -.015  Higher   2011  .150   1994  .044

 [E] Outliers     1   3.0 SD above or -4.5 SD below mean for year
       2005 -4.7 SD
====================================================================================================================================

 UUL08A    1986 to  2011      26 years                                                                                    Series  15

 [B] Entire series, effect on correlation (  .628) is:
       Lower   1998< -.074   2006> -.063   2002> -.040   1989> -.024   2001< -.017   1999< -.014  Higher   2011  .169   2000  .027

====================================================================================================================================

 UUL08B    1986 to  2011      26 years                                                                                    Series  16

 [A] Segment   High   -10   -9   -8   -7   -6   -5   -4   -3   -2   -1   +0   +1   +2   +3   +4   +5   +6   +7   +8   +9  +10
    ---------  ----   ---  ---  ---  ---  ---  ---  ---  ---  ---  ---  ---  ---  ---  ---  ---  ---  ---  ---  ---  ---  ---
    1986 2011    0    .05  .12  .03 -.25 -.18 -.21  .10  .05  .06  .07  .18*   -    -    -    -    -    -    -    -    -    -

 [B] Entire series, effect on correlation (  .184) is:
       Lower   2011> -.266   2002> -.028   1996< -.026   2006> -.020   2003> -.014   2007< -.009  Higher   2000  .127   1994  .043
     1986 to 2011 segment:
       Lower   2011> -.266   2002> -.028   1996< -.026   2006> -.020   2003> -.014   2007< -.009  Higher   2000  .127   1994  .043

 [E] Outliers     1   3.0 SD above or -4.5 SD below mean for year
       2011 +4.7 SD
====================================================================================================================================

 UUL09A    1981 to  2011      31 years                                                                                    Series  17

 [B] Entire series, effect on correlation (  .482) is:
       Lower   2011> -.095   2006< -.079   1994< -.034   1985> -.026   1996< -.020   2007< -.011  Higher   1981  .058   1997  .023

 [E] Outliers     1   3.0 SD above or -4.5 SD below mean for year
       2006 -5.4 SD
====================================================================================================================================

 UUL09B    1981 to  2011      31 years                                                                                    Series  18

 [B] Entire series, effect on correlation (  .635) is:
       Lower   2006< -.056   1997< -.050   1994< -.029   2002> -.022   2003> -.014   1982> -.012  Higher   2011  .057   1981  .034

====================================================================================================================================

 UUL10A    1984 to  2011      28 years                                                                                    Series  19

 [B] Entire series, effect on correlation (  .640) is:
       Lower   1995< -.075   1984> -.024   2009< -.018   2011> -.015   2004> -.012   2010> -.011  Higher   2003  .053   1997  .024

 [E] Outliers     1   3.0 SD above or -4.5 SD below mean for year
       1984 +3.2 SD
====================================================================================================================================

 UUL10B    1984 to  2009      26 years                                                                                    Series  20

 [B] Entire series, effect on correlation (  .641) is:
       Lower   1985> -.061   2005> -.027   2004> -.026   1995< -.026   1984> -.024   1990< -.023  Higher   2003  .112   2000  .036

====================================================================================================================================

 UUL11A    1992 to  2011      20 years                                                                                    Series  21

 [B] Entire series, effect on correlation (  .617) is:
       Lower   2002> -.069   2005> -.038   1992< -.036   2000> -.031   2006> -.029   2010< -.029  Higher   2011  .150   2003  .101

====================================================================================================================================

 UUL11B    1991 to  2011      21 years                                                                                    Series  22

 [B] Entire series, effect on correlation (  .653) is:
       Lower   2002> -.092   1991< -.027   2003> -.025   2008< -.022   2004> -.017   2006> -.012  Higher   2011  .217   2000  .021

 [E] Outliers     1   3.0 SD above or -4.5 SD below mean for year
       2002 +3.3 SD
====================================================================================================================================

 UUL12A    1992 to  2010      19 years                                                                                    Series  23

 [A] Segment   High   -10   -9   -8   -7   -6   -5   -4   -3   -2   -1   +0   +1   +2   +3   +4   +5   +6   +7   +8   +9  +10
    ---------  ----   ---  ---  ---  ---  ---  ---  ---  ---  ---  ---  ---  ---  ---  ---  ---  ---  ---  ---  ---  ---  ---
    1992 2010   -2    .03 -.19 -.23 -.29 -.15 -.16 -.05 -.19  .38* .21  .06| .33    -    -    -    -    -    -    -    -    -

 [B] Entire series, effect on correlation (  .064) is:
       Lower   2000> -.076   2003> -.068   2008< -.064   2006> -.046   1999< -.035   2005> -.029  Higher   2002  .199   1994  .043
     1992 to 2010 segment:
       Lower   2000> -.076   2003> -.068   2008< -.064   2006> -.046   1999< -.035   2005> -.029  Higher   2002  .199   1994  .043

====================================================================================================================================

 UUL12B    1990 to  2011      22 years                                                                                    Series  24

 [B] Entire series, effect on correlation (  .515) is:
       Lower   2000> -.092   2001< -.076   2006> -.028   1990< -.025   1999< -.022   2003> -.018  Higher   2011  .375   1995  .011

====================================================================================================================================

 UUL13A    1989 to  2011      23 years                                                                                    Series  25

 [B] Entire series, effect on correlation (  .534) is:
       Lower   2006> -.068   1995< -.041   2010> -.020   1989< -.019   2005> -.018   2011> -.017  Higher   2003  .130   2000  .028

 [E] Outliers     1   3.0 SD above or -4.5 SD below mean for year
       2006 +3.1 SD
====================================================================================================================================

 UUL13B    1987 to  2011      25 years                                                                                    Series  26

 [A] Segment   High   -10   -9   -8   -7   -6   -5   -4   -3   -2   -1   +0   +1   +2   +3   +4   +5   +6   +7   +8   +9  +10
    ---------  ----   ---  ---  ---  ---  ---  ---  ---  ---  ---  ---  ---  ---  ---  ---  ---  ---  ---  ---  ---  ---  ---
    1987 2011    0   -.03  .11 -.18 -.39 -.24 -.20 -.15 -.16  .19  .02  .32*   -    -    -    -    -    -    -    -    -    -

 [B] Entire series, effect on correlation (  .321) is:
       Lower   2009< -.081   1997< -.072   2011> -.059   2006> -.045   1989> -.020   1992> -.018  Higher   2003  .072   2000  .043
     1987 to 2011 segment:
       Lower   2009< -.081   1997< -.072   2011> -.059   2006> -.045   1989> -.020   1992> -.018  Higher   2003  .072   2000  .043

====================================================================================================================================

 UUL14A    1986 to  2011      26 years                                                                                    Series  27

 [A] Segment   High   -10   -9   -8   -7   -6   -5   -4   -3   -2   -1   +0   +1   +2   +3   +4   +5   +6   +7   +8   +9  +10
    ---------  ----   ---  ---  ---  ---  ---  ---  ---  ---  ---  ---  ---  ---  ---  ---  ---  ---  ---  ---  ---  ---  ---
    1986 2011   -3   -.15  .08  .14 -.17  .22 -.30  .25  .58* .09  .28  .31|   -    -    -    -    -    -    -    -    -    -

 [B] Entire series, effect on correlation (  .307) is:
       Lower   2011> -.161   2002> -.035   1993< -.029   1988> -.013   2009< -.012   2008< -.012  Higher   2003  .054   1994  .047
     1986 to 2011 segment:
       Lower   2011> -.161   2002> -.035   1993< -.029   1988> -.013   2009< -.012   2008< -.012  Higher   2003  .054   1994  .047

====================================================================================================================================

 UUL14B    1993 to  2011      19 years                                                                                    Series  28

 [A] Segment   High   -10   -9   -8   -7   -6   -5   -4   -3   -2   -1   +0   +1   +2   +3   +4   +5   +6   +7   +8   +9  +10
    ---------  ----   ---  ---  ---  ---  ---  ---  ---  ---  ---  ---  ---  ---  ---  ---  ---  ---  ---  ---  ---  ---  ---
    1993 2011   -1   -.01 -.38 -.09 -.05 -.27 -.04 -.10  .26  .08  .39* .32|   -    -    -    -    -    -    -    -    -    -

 [B] Entire series, effect on correlation (  .324) is:
       Lower   1993< -.225   2011> -.124   2002> -.026   2010> -.008   2006> -.006   2000> -.004  Higher   2003  .255   1994  .038
     1993 to 2011 segment:
       Lower   1993< -.225   2011> -.124   2002> -.026   2010> -.008   2006> -.006   2000> -.004  Higher   2003  .255   1994  .038

 [E] Outliers     1   3.0 SD above or -4.5 SD below mean for year
       1993 -4.9 SD
====================================================================================================================================

 UUL15A    1958 to  2011      54 years                                                                                    Series  29

 [B] Entire series, effect on correlation (  .624) is:
       Lower   1978< -.046   1983> -.034   2011> -.031   1970> -.014   1988> -.014   2004< -.013  Higher   1967  .032   1968  .029

====================================================================================================================================

 UUL15B    1955 to  2011      57 years                                                                                    Series  30

 [*] Early part of series cannot be checked from 1955 to 1957 -- not matched by another series

 [B] Entire series, effect on correlation (  .489) is:
       Lower   1992< -.105   1978> -.044   2011> -.029   1988> -.015   1970< -.015   1983> -.014  Higher   1967  .034   1977  .031

 [E] Outliers     2   3.0 SD above or -4.5 SD below mean for year
       1988 +3.9 SD;    2011 +3.5 SD
====================================================================================================================================
PART 7:  DESCRIPTIVE STATISTICS: uu                                                                09:09  Tue 15 Nov 2011  Page   6
------------------------------------------------------------------------------------------------------------------------------------

                                                Corr   //-------- Unfiltered --------\\  //---- Filtered -----\\
                           No.    No.    No.    with   Mean   Max     Std   Auto   Mean   Max     Std   Auto  AR
 Seq Series   Interval   Years  Segmt  Flags   Master  msmt   msmt    dev   corr   sens  value    dev   corr  ()
 --- -------- ---------  -----  -----  -----   ------ -----  -----  -----  -----  -----  -----  -----  -----  --
   1 UUL01A   1985 2011     27      1      0    .552   2.95   4.26   .871   .790   .167   2.57   .528   .057   1
   2 UUL01B   1985 2011     27      1      0    .474   2.26   3.73   .690   .731   .175   2.62   .602   .048   1
   3 UUL02A   1984 2011     28      1      0    .524   2.94   5.42  1.463   .770   .236   2.48   .452   .048   1
   4 UUL02B   1984 2010     27      1      1    .235   3.02   4.91  1.309   .868   .152   2.31   .480  -.112   1
   5 UUL03A   1983 2011     29      1      0    .365    .91   1.64   .366   .736   .233   2.61   .628  -.148   1
   6 UUL03B   1983 2011     29      1      0    .418    .79   1.41   .372   .793   .258   2.70   .570   .108   1
   7 UUL04A   1985 2011     27      1      0    .454   1.08   2.07   .537   .769   .274   2.81   .782  -.085   1
   8 UUL04B   1985 2011     27      1      0    .390   1.01   1.89   .383   .678   .250   2.71   .742   .060   1
   9 UUL05A   1986 2011     26      1      0    .437   1.08   1.92   .392   .525   .307   2.58   .658  -.122   1
  10 UUL05B   1986 2011     26      1      1    .308    .89   2.09   .352   .293   .329   2.79   .502   .019   1
  11 UUL06A   1983 2011     29      1      0    .465   3.21   5.53  1.579   .884   .203   2.30   .416   .001   1
  12 UUL06B   1983 2011     29      1      0    .543   3.05   5.70  1.542   .880   .206   2.31   .406  -.003   1
  13 UUL07A   1984 2011     28      1      0    .471   2.60   5.37  1.581   .859   .292   2.48   .569  -.055   1
  14 UUL07B   1984 2011     28      1      0    .359   2.67   6.22  1.670   .819   .289   2.45   .477  -.097   1
  15 UUL08A   1986 2011     26      1      0    .628   1.05   2.10   .542   .787   .321   2.47   .615  -.117   1
  16 UUL08B   1986 2011     26      1      1    .184    .97   2.08   .559   .862   .257   2.56   .499  -.038   4
  17 UUL09A   1981 2011     31      1      0    .482   1.19   2.63   .598   .627   .377   2.57   .515   .005   1
  18 UUL09B   1981 2011     31      1      0    .635   1.12   2.45   .565   .291   .463   2.73   .618  -.026   1
  19 UUL10A   1984 2011     28      1      0    .640    .74   1.47   .387   .718   .306   2.77   .545  -.069   1
  20 UUL10B   1984 2009     26      1      0    .641    .92   2.02   .581   .683   .328   2.61   .614  -.094   1
  21 UUL11A   1992 2011     20      1      0    .617   5.24   7.34  1.147   .669   .126   2.50   .734   .131   1
  22 UUL11B   1991 2011     21      1      0    .653   4.80   6.77  1.060   .497   .155   2.49   .566   .059   1
  23 UUL12A   1992 2010     19      1      1    .064   3.55   6.24  1.708   .903   .192   2.42   .602   .048   1
  24 UUL12B   1990 2011     22      1      0    .515   3.44   6.97  1.847   .831   .232   2.41   .501  -.047   1
  25 UUL13A   1989 2011     23      1      0    .534   3.43   4.69   .762   .542   .174   2.50   .593   .091   1
  26 UUL13B   1987 2011     25      1      1    .321   3.27   5.78   .927   .701   .159   2.90   .866   .044   1
  27 UUL14A   1986 2011     26      1      1    .307   2.63   4.55  1.286   .783   .243   2.46   .531  -.033   1
  28 UUL14B   1993 2011     19      1      1    .324   3.49   5.79  1.605   .812   .211   2.35   .615  -.038   1
  29 UUL15A   1958 2011     54      2      0    .624   2.65   5.65  1.410   .904   .193   2.78   .555   .138   1
  30 UUL15B   1955 2011     57      2      0    .489   2.68   6.52  1.697   .912   .211   2.55   .505  -.025   1
 --- -------- ---------  -----  -----  -----   ------ -----  -----  -----  -----  -----  -----  -----  -----  --
 Total or mean:            841     32      7    .465   2.26   7.34  1.013   .742   .245   2.90   .570  -.006

                                              - = [  COFECHA UU   COF  ] = -
