[]  Dendrochronology Program Library                                        Run H      Program COF  13:22  Mon 07 Nov 2011  Page   1
[]
[]  P R O G R A M      C O F E C H A                                                                          Version 6.06P    28071
------------------------------------------------------------------------------------------------------------------------------------

 QUALITY CONTROL AND DATING CHECK OF TREE-RING MEASUREMENTS

 Title of run:           h                                       

 File of DATED series:   HL.raw

 File of UNDATED series: HD.raw

 CONTENTS:

    Part 1:  Title page, options selected, summary, absent rings by series
    Part 2:  Histogram of time spans
    Part 3:  Master series with sample depth and absent rings by year
    Part 4:  Bar plot of Master Dating Series
    Part 5:  Correlation by segment of each series with Master
    Part 6:  Potential problems: low correlation, divergent year-to-year changes, absent rings, outliers
    Part 7:  Descriptive statistics
    Part 8:  Undated series - adjustments for highest correlations

 RUN CONTROL OPTIONS SELECTED                             VALUE

         1  Cubic smoothing spline 50% wavelength cutoff for filtering
                                                            32 years
         2  Segments examined are                           50 years lagged successively by  25 years
         3  Autoregressive model applied                     A  Residuals are used in master dating series and testing
         4  Series transformed to logarithms                 Y  Each series log-transformed for master dating series and testing
         5  CORRELATION is Pearson (parametric, quantitative)
            Critical correlation, 99% confidence level   .3281
         6  Master dating series saved                       N
         7  Ring measurements listed                         N
         8  Parts printed                             12345678 
         9  Absent rings are omitted from master series and segment correlations  (Y)

 Time span of Master dating series is  1961 to  2010    50 years
 Continuous time span is               1961 to  2010    50 years
 Portion with two or more series is    1961 to  2010    50 years


                                        ****************************************
                                        *C* Number of dated series        24 *C*
                                        *O* Master series 1961 2010   50 yrs *O*
                                        *F* Total rings in all series    944 *F*
                                        *E* Total dated rings checked    944 *E*
                                        *C* Series intercorrelation     .546 *C*
                                        *H* Average mean sensitivity    .238 *H*
                                        *A* Segments, possible problems    4 *A*
                                        *** Mean length of series       39.3 ***
                                        ****************************************

 ABSENT RINGS listed by SERIES:            (See Master Dating Series for absent rings listed by year)

               No ring measurements of zero value
PART 2:  TIME PLOT OF TREE-RING SERIES: h                                                          13:22  Mon 07 Nov 2011  Page   2
------------------------------------------------------------------------------------------------------------------------------------
 1050 1100 1150 1200 1250 1300 1350 1400 1450 1500 1550 1600 1650 1700 1750 1800 1850 1900 1950 2000 2050 Ident   Seq Time-span  Yrs
   :    :    :    :    :    :    :    :    :    :    :    :    :    :    :    :    :    :    :    :    : -------- --- ---- ---- ----
   .    .    .    .    .    .    .    .    .    .    .    .    .    .    .    .    .    .    .  <=>    . 0HL01A     1 1987 2007   21
   .    .    .    .    .    .    .    .    .    .    .    .    .    .    .    .    .    .    .  <=>    . 0HL01B     2 1987 2007   21
   .    .    .    .    .    .    .    .    .    .    .    .    .    .    .    .    .    .    .<===>    . 0HL02A     3 1966 2007   42
   .    .    .    .    .    .    .    .    .    .    .    .    .    .    .    .    .    .    .<===>    . 0HL02B     4 1966 2007   42
   .    .    .    .    .    .    .    .    .    .    .    .    .    .    .    .    .    .    .<===>    . 0HL03A     5 1961 2007   47
   .    .    .    .    .    .    .    .    .    .    .    .    .    .    .    .    .    .    .<===>    . 0HL03B     6 1961 2007   47
   .    .    .    .    .    .    .    .    .    .    .    .    .    .    .    .    .    .    .<===>    . 0HL04A     7 1963 2007   45
   .    .    .    .    .    .    .    .    .    .    .    .    .    .    .    .    .    .    .<===>    . 0HL04B     8 1963 2007   45
   .    .    .    .    .    .    .    .    .    .    .    .    .    .    .    .    .    .    .<===>    . 0HL05A     9 1961 2007   47
   .    .    .    .    .    .    .    .    .    .    .    .    .    .    .    .    .    .    .<===>    . 0HL05B    10 1961 2007   47
   .    .    .    .    .    .    .    .    .    .    .    .    .    .    .    .    .    .    . <===>   . 0HL06A    11 1972 2010   39
   .    .    .    .    .    .    .    .    .    .    .    .    .    .    .    .    .    .    . <===>   . 0HL06B    12 1972 2010   39
   .    .    .    .    .    .    .    .    .    .    .    .    .    .    .    .    .    .    .<====>   . 0HL07A    13 1969 2010   42
   .    .    .    .    .    .    .    .    .    .    .    .    .    .    .    .    .    .    .<====>   . 0HL07B    14 1967 2010   44
   .    .    .    .    .    .    .    .    .    .    .    .    .    .    .    .    .    .    . <===>   . 0HL08A    15 1972 2010   39
   .    .    .    .    .    .    .    .    .    .    .    .    .    .    .    .    .    .    .<====>   . 0HL08B    16 1967 2010   44
   .    .    .    .    .    .    .    .    .    .    .    .    .    .    .    .    .    .    .<====>   . 0HL09A    17 1966 2010   45
   .    .    .    .    .    .    .    .    .    .    .    .    .    .    .    .    .    .    .<===>    . 0HL09B    18 1965 2009   45
   .    .    .    .    .    .    .    .    .    .    .    .    .    .    .    .    .    .    . <===>   . 0HL10A    19 1971 2010   40
   .    .    .    .    .    .    .    .    .    .    .    .    .    .    .    .    .    .    . <===>   . 0HL10B    20 1971 2010   40
   .    .    .    .    .    .    .    .    .    .    .    .    .    .    .    .    .    .    .  <==>   . 0HL11A    21 1981 2010   30
   .    .    .    .    .    .    .    .    .    .    .    .    .    .    .    .    .    .    . <===>   . 0HL11B    22 1979 2010   32
   .    .    .    .    .    .    .    .    .    .    .    .    .    .    .    .    .    .    .  <==>   . 0HL12A    23 1983 2010   28
   .    .    .    .    .    .    .    .    .    .    .    .    .    .    .    .    .    .    . <===>   . 0HL12B    24 1978 2010   33
   :    :    :    :    :    :    :    :    :    :    :    :    :    :    :    :    :    :    :    :    :
 1050 1100 1150 1200 1250 1300 1350 1400 1450 1500 1550 1600 1650 1700 1750 1800 1850 1900 1950 2000 2050
   :    :    :    :    :    :    :    :    :    :    :    :    :    :    :    :    :    :    :    :    :
 1050 1100 1150 1200 1250 1300 1350 1400 1450 1500 1550 1600 1650 1700 1750 1800 1850 1900 1950 2000 2050
PART 3:  Master Dating Series: h                                                                   13:22  Mon 07 Nov 2011  Page   3
------------------------------------------------------------------------------------------------------------------------------------
  Year  Value  No Ab    Year  Value  No Ab    Year  Value  No Ab    Year  Value  No Ab    Year  Value  No Ab    Year  Value  No Ab
  ------------------    ------------------    ------------------    ------------------    ------------------    ------------------
                        2000   .054  24
                        2001 -1.956  24
                        2002 -3.632  24
                        2003  -.233  24
                        2004  -.610  24
                        2005  -.200  24
                        2006   .491  24
                        2007  1.536  24
                        2008   .127  14
                        2009  1.072  14

                        2010  1.490  13
  1961  2.129   4
  1962   .097   4
  1963   .783   6
  1964   .412   6
  1965  -.706   7
  1966  -.536  10
  1967  -.113  12
  1968   .213  12
  1969  -.359  13

  1970   .715  13
  1971  -.095  15
  1972  -.308  18
  1973 -1.039  18
  1974 -1.759  18
  1975  -.436  18
  1976   .483  18
  1977  1.049  18
  1978   .584  19
  1979  -.134  20

  1980   .280  20
  1981   .548  21
  1982  -.391  21
  1983 -1.042  22
  1984  -.143  22
  1985   .778  22
  1986   .757  22
  1987  1.320  24
  1988  -.869  24
  1989   .939  24

  1990  -.129  24
  1991   .433  24
  1992 -2.220  24
  1993 -1.051  24
  1994   .033  24
  1995   .364  24
  1996   .346  24
  1997   .268  24
  1998   .873  24
  1999  -.211  24
------------------------------------------------------------------------------------------------------------------------------------
PART 4:  Master Bar Plot: h                                                                        13:22  Mon 07 Nov 2011  Page   4
------------------------------------------------------------------------------------------------------------------------------------
   Year Rel value  Year Rel value  Year Rel value  Year Rel value  Year Rel value  Year Rel value  Year Rel value  Year Rel value
                   2000-----@
                   2001h
                   2002o
                   2003---a
                   2004--b
                   2005---a
                   2006-------B
                   2007----------F
                   2008-----A
                   2009---------D
                   2010----------F
   1961----------I
   1962-----@
   1963--------C
   1964------B
   1965-c
   1966--b
   1967----@
   1968-----A
   1969--a
   1970--------C
   1971----@
   1972---a
   1973-d
   1974g
   1975--b
   1976-------B
   1977---------D
   1978-------B
   1979----a
   1980------A
   1981-------B
   1982--b
   1983-d
   1984----a
   1985--------C
   1986--------C
   1987----------E
   1988-c
   1989---------D
   1990----a
   1991-------B
   1992i
   1993-d
   1994-----@
   1995------A
   1996------A
   1997------A
   1998---------C
   1999---a
PART 5:  CORRELATION OF SERIES BY SEGMENTS: h                                                      13:22  Mon 07 Nov 2011  Page   5
------------------------------------------------------------------------------------------------------------------------------------
 Correlations of  50-year dated segments, lagged  25 years
 Flags:  A = correlation under   .3281 but highest as dated;  B = correlation higher at other than dated position

 Seq Series  Time_span   1950 1975
                         1999 2024
 --- -------- ---------  ---- ---- ---- ---- ---- ---- ---- ---- ---- ---- ---- ---- ---- ---- ---- ---- ---- ---- ---- ----
   1 0HL01A   1987 2007        .30B
   2 0HL01B   1987 2007        .26B
   3 0HL02A   1966 2007   .37
   4 0HL02B   1966 2007   .35
   5 0HL03A   1961 2007   .66
   6 0HL03B   1961 2007   .74
   7 0HL04A   1963 2007   .64
   8 0HL04B   1963 2007   .57
   9 0HL05A   1961 2007   .58
  10 0HL05B   1961 2007   .59
  11 0HL06A   1972 2010   .60
  12 0HL06B   1972 2010   .39
  13 0HL07A   1969 2010   .66
  14 0HL07B   1967 2010   .38
  15 0HL08A   1972 2010   .76
  16 0HL08B   1967 2010   .75
  17 0HL09A   1966 2010   .11B
  18 0HL09B   1965 2009   .08B
  19 0HL10A   1971 2010   .71
  20 0HL10B   1971 2010   .51
  21 0HL11A   1981 2010        .79
  22 0HL11B   1979 2010        .84
  23 0HL12A   1983 2010        .64
  24 0HL12B   1978 2010        .78
 Av segment correlation   .53  .60
PART 6:  POTENTIAL PROBLEMS: h                                                                     13:22  Mon 07 Nov 2011  Page   5
------------------------------------------------------------------------------------------------------------------------------------

 For each series with potential problems the following diagnostics may appear:

 [A] Correlations with master dating series of flagged  50-year segments of series filtered with  32-year spline,
     at every point from ten years earlier (-10) to ten years later (+10) than dated

 [B] Effect of those data values which most lower or raise correlation with master series
     Symbol following year indicates value in series is greater (>) or lesser (<) than master series value

 [C] Year-to-year changes very different from the mean change in other series

 [D] Absent rings (zero values)

 [E] Values which are statistical outliers from mean for the year
====================================================================================================================================

 0HL01A    1987 to  2007      21 years                                                                                    Series   1

 [A] Segment   High   -10   -9   -8   -7   -6   -5   -4   -3   -2   -1   +0   +1   +2   +3   +4   +5   +6   +7   +8   +9  +10
    ---------  ----   ---  ---  ---  ---  ---  ---  ---  ---  ---  ---  ---  ---  ---  ---  ---  ---  ---  ---  ---  ---  ---
    1987 2007    2    .08  .05  .15  .38 -.22 -.27 -.23 -.04  .14  .00  .30|-.14  .71* .01    -    -    -    -    -    -    -

 [B] Entire series, effect on correlation (  .305) is:
       Lower   1992> -.150   2001> -.134   2000< -.039   2003< -.024   1993> -.020   1999< -.017  Higher   2002  .154   1988  .061
     1987 to 2007 segment:
       Lower   1992> -.150   2001> -.134   2000< -.039   2003< -.024   1993> -.020   1999< -.017  Higher   2002  .154   1988  .061

====================================================================================================================================

 0HL01B    1987 to  2007      21 years                                                                                    Series   2

 [A] Segment   High   -10   -9   -8   -7   -6   -5   -4   -3   -2   -1   +0   +1   +2   +3   +4   +5   +6   +7   +8   +9  +10
    ---------  ----   ---  ---  ---  ---  ---  ---  ---  ---  ---  ---  ---  ---  ---  ---  ---  ---  ---  ---  ---  ---  ---
    1987 2007    2   -.11  .22  .25  .55 -.18 -.16 -.33 -.13 -.14 -.16  .26| .09  .74* .20    -    -    -    -    -    -    -

 [B] Entire series, effect on correlation (  .260) is:
       Lower   1992> -.124   2000< -.068   1999< -.064   2001> -.023   1991< -.017   1993> -.003  Higher   1988  .070   1987  .050
     1987 to 2007 segment:
       Lower   1992> -.124   2000< -.068   1999< -.064   2001> -.023   1991< -.017   1993> -.003  Higher   1988  .070   1987  .050

====================================================================================================================================

 0HL02A    1966 to  2007      42 years                                                                                    Series   3

 [B] Entire series, effect on correlation (  .375) is:
       Lower   1986< -.115   1992> -.104   1981< -.033   1988> -.023   1979> -.015   1969> -.010  Higher   2001  .130   2002  .073

 [E] Outliers     1   3.0 SD above or -4.5 SD below mean for year
       1992 +3.1 SD
====================================================================================================================================

 0HL02B    1966 to  2007      42 years                                                                                    Series   4

 [B] Entire series, effect on correlation (  .354) is:
       Lower   1992> -.124   1988> -.025   1985< -.016   1979> -.015   1994< -.015   1966> -.014  Higher   2001  .157   2007  .016

 [E] Outliers     1   3.0 SD above or -4.5 SD below mean for year
       1992 +3.4 SD
====================================================================================================================================

 0HL03A    1961 to  2007      47 years                                                                                    Series   5

 [B] Entire series, effect on correlation (  .663) is:
       Lower   1971< -.032   2001> -.015   1970< -.013   1993> -.008   1982> -.005   1996< -.005  Higher   1992  .016   2007  .011

 [E] Outliers     1   3.0 SD above or -4.5 SD below mean for year
       1992 -4.8 SD
====================================================================================================================================

 0HL03B    1961 to  2007      47 years                                                                                    Series   6

 [B] Entire series, effect on correlation (  .744) is:
       Lower   2001> -.027   1974> -.011   1999> -.010   2006< -.009   1996< -.008   1970< -.006  Higher   2002  .020   1988  .015

 [E] Outliers     1   3.0 SD above or -4.5 SD below mean for year
       1992 -5.0 SD
====================================================================================================================================

 0HL04A    1963 to  2007      45 years                                                                                    Series   7

 [B] Entire series, effect on correlation (  .635) is:
       Lower   1971< -.041   1979< -.032   1965> -.030   1969> -.013   1974> -.011   2004> -.010  Higher   2001  .078   1992  .059

====================================================================================================================================

 0HL04B    1963 to  2007      45 years                                                                                    Series   8

 [B] Entire series, effect on correlation (  .566) is:
       Lower   1972< -.091   1965> -.021   1979< -.017   1977< -.014   1971< -.012   2006< -.009  Higher   2001  .093   2002  .041

====================================================================================================================================

 0HL05A    1961 to  2007      47 years                                                                                    Series   9

 [B] Entire series, effect on correlation (  .578) is:
       Lower   1974< -.049   1975< -.026   1963< -.026   1993> -.025   1971> -.020   1976< -.017  Higher   1992  .083   1961  .027

====================================================================================================================================

 0HL05B    1961 to  2007      47 years                                                                                    Series  10

 [B] Entire series, effect on correlation (  .587) is:
       Lower   2002> -.072   1975< -.038   1965< -.020   1994< -.013   1990> -.009   1971> -.008  Higher   1992  .101   1961  .019

 [E] Outliers     1   3.0 SD above or -4.5 SD below mean for year
       1975 -4.8 SD
====================================================================================================================================

 0HL06A    1972 to  2010      39 years                                                                                    Series  11

 [B] Entire series, effect on correlation (  .604) is:
       Lower   1990< -.074   1992> -.025   1972< -.022   1983> -.015   1993> -.013   1973> -.012  Higher   2001  .059   2002  .036

====================================================================================================================================

 0HL06B    1972 to  2010      39 years                                                                                    Series  12

 [B] Entire series, effect on correlation (  .394) is:
       Lower   2002> -.101   2001> -.057   1989< -.019   1987< -.012   1986< -.012   1991< -.011  Higher   1992  .211   1988  .036

 [E] Outliers     1   3.0 SD above or -4.5 SD below mean for year
       2002 +3.7 SD
====================================================================================================================================

 0HL07A    1969 to  2010      42 years                                                                                    Series  13

 [B] Entire series, effect on correlation (  .659) is:
       Lower   1969< -.085   1977< -.026   1982> -.019   1981< -.013   1973> -.011   1971> -.010  Higher   2002  .109   2001  .033

====================================================================================================================================

 0HL07B    1967 to  2010      44 years                                                                                    Series  14

 [B] Entire series, effect on correlation (  .380) is:
       Lower   1999> -.065   1992> -.048   1998< -.032   1968< -.023   2006< -.014   1976< -.012  Higher   2002  .059   1988  .053

 [C] Year-to-year changes diverging by over 4.0 std deviations:
       1998 1999   4.3 SD

 [E] Outliers     1   3.0 SD above or -4.5 SD below mean for year
       1999 +4.2 SD
====================================================================================================================================

 0HL08A    1972 to  2010      39 years                                                                                    Series  15

 [B] Entire series, effect on correlation (  .761) is:
       Lower   1972< -.041   2010< -.019   1973> -.012   1989< -.011   1982> -.009   1994< -.006  Higher   1992  .057   2001  .043

====================================================================================================================================

 0HL08B    1967 to  2010      44 years                                                                                    Series  16

 [B] Entire series, effect on correlation (  .751) is:
       Lower   1967< -.025   1973> -.025   2010< -.018   1985< -.014   2004> -.009   2002> -.009  Higher   1992  .058   2001  .047

====================================================================================================================================

 0HL09A    1966 to  2010      45 years                                                                                    Series  17

 [A] Segment   High   -10   -9   -8   -7   -6   -5   -4   -3   -2   -1   +0   +1   +2   +3   +4   +5   +6   +7   +8   +9  +10
    ---------  ----   ---  ---  ---  ---  ---  ---  ---  ---  ---  ---  ---  ---  ---  ---  ---  ---  ---  ---  ---  ---  ---
    1966 2010   -1      -    -    -    -    - -.16 -.09  .08 -.13  .48* .11|   -    -    -    -    -    -    -    -    -    -

 [B] Entire series, effect on correlation (  .111) is:
       Lower   2001> -.124   1988> -.052   1973> -.029   1998< -.023   1974> -.019   1991< -.018  Higher   2002  .257   1983  .028
     1966 to 2010 segment:
       Lower   2001> -.124   1988> -.052   1973> -.029   1998< -.023   1974> -.019   1991< -.018  Higher   2002  .257   1983  .028

 [C] Year-to-year changes diverging by over 4.0 std deviations:
       2000 2001   4.3 SD

 [E] Outliers     1   3.0 SD above or -4.5 SD below mean for year
       2001 +4.3 SD
====================================================================================================================================

 0HL09B    1965 to  2009      45 years                                                                                    Series  18

 [A] Segment   High   -10   -9   -8   -7   -6   -5   -4   -3   -2   -1   +0   +1   +2   +3   +4   +5   +6   +7   +8   +9  +10
    ---------  ----   ---  ---  ---  ---  ---  ---  ---  ---  ---  ---  ---  ---  ---  ---  ---  ---  ---  ---  ---  ---  ---
    1965 2009   -1      -    -    -    -    -    - -.21  .11 -.04  .43* .08|-.04    -    -    -    -    -    -    -    -    -

 [B] Entire series, effect on correlation (  .077) is:
       Lower   2001> -.114   1992> -.101   1973> -.024   1988> -.024   1976< -.017   1987< -.017  Higher   2002  .252   1983  .031
     1965 to 2009 segment:
       Lower   2001> -.114   1992> -.101   1973> -.024   1988> -.024   1976< -.017   1987< -.017  Higher   2002  .252   1983  .031

 [E] Outliers     2   3.0 SD above or -4.5 SD below mean for year
       1992 +3.8 SD;    2001 +4.2 SD
====================================================================================================================================

 0HL10A    1971 to  2010      40 years                                                                                    Series  19

 [B] Entire series, effect on correlation (  .710) is:
       Lower   1992> -.032   1991< -.031   1983> -.030   1985< -.020   1990> -.015   1982< -.010  Higher   2002  .082   2001  .059

====================================================================================================================================

 0HL10B    1971 to  2010      40 years                                                                                    Series  20

 [B] Entire series, effect on correlation (  .511) is:
       Lower   1982< -.066   1983> -.029   1971> -.027   1974> -.023   2008< -.020   1989< -.020  Higher   2001  .068   2002  .035

====================================================================================================================================

 0HL11A    1981 to  2010      30 years                                                                                    Series  21

 [B] Entire series, effect on correlation (  .791) is:
       Lower   1986< -.042   2009< -.031   1983> -.023   1987< -.009   2005> -.006   1988> -.006  Higher   1992  .043   2001  .034

====================================================================================================================================

 0HL11B    1979 to  2010      32 years                                                                                    Series  22

 [B] Entire series, effect on correlation (  .838) is:
       Lower   1988> -.032   1979< -.017   1994< -.010   2009< -.007   1984> -.006   1993> -.006  Higher   2002  .053   1992  .030

====================================================================================================================================

 0HL12A    1983 to  2010      28 years                                                                                    Series  23

 [B] Entire series, effect on correlation (  .644) is:
       Lower   1987< -.069   1992> -.058   1984< -.058   1988> -.017   2004< -.014   1993> -.009  Higher   2002  .088   2001  .081

====================================================================================================================================

 0HL12B    1978 to  2010      33 years                                                                                    Series  24

 [B] Entire series, effect on correlation (  .780) is:
       Lower   1979> -.022   1978< -.018   1988> -.009   2000< -.009   1987< -.007   1995< -.007  Higher   2002  .075   2010  .005

====================================================================================================================================
PART 7:  DESCRIPTIVE STATISTICS: h                                                                 13:22  Mon 07 Nov 2011  Page   6
------------------------------------------------------------------------------------------------------------------------------------

                                                Corr   //-------- Unfiltered --------\\  //---- Filtered -----\\
                           No.    No.    No.    with   Mean   Max     Std   Auto   Mean   Max     Std   Auto  AR
 Seq Series   Interval   Years  Segmt  Flags   Master  msmt   msmt    dev   corr   sens  value    dev   corr  ()
 --- -------- ---------  -----  -----  -----   ------ -----  -----  -----  -----  -----  -----  -----  -----  --
   1 0HL01A   1987 2007     21      1      1    .305   1.18   2.96   .693   .863   .311   2.81   .976  -.111   4
   2 0HL01B   1987 2007     21      1      1    .260   1.15   2.92   .707   .851   .300   2.60   .675   .034   1
   3 0HL02A   1966 2007     42      1      0    .375    .64   2.15   .462   .845   .384   2.62   .621   .075   1
   4 0HL02B   1966 2007     42      1      0    .354    .67   2.23   .495   .856   .346   2.55   .539   .023   1
   5 0HL03A   1961 2007     47      1      0    .663   1.93   3.62   .784   .712   .228   2.30   .360  -.056   1
   6 0HL03B   1961 2007     47      1      0    .744   1.98   3.61   .876   .741   .295   2.41   .383  -.055   1
   7 0HL04A   1963 2007     45      1      0    .635    .78   1.83   .364   .762   .277   2.54   .511   .113   1
   8 0HL04B   1963 2007     45      1      0    .566    .80   1.33   .311   .648   .293   2.46   .561   .171   1
   9 0HL05A   1961 2007     47      1      0    .578    .95   3.13   .686   .889   .278   2.55   .479   .040   1
  10 0HL05B   1961 2007     47      1      0    .587    .87   3.32   .696   .820   .355   2.55   .522   .049   1
  11 0HL06A   1972 2010     39      1      0    .604   1.66   2.85   .956   .968   .181   2.52   .610  -.112   1
  12 0HL06B   1972 2010     39      1      0    .394   1.60   2.89   .920   .908   .233   3.44   .447   .406   1
  13 0HL07A   1969 2010     42      1      0    .659   2.15   3.03   .389   .463   .145   2.43   .523   .077   1
  14 0HL07B   1967 2010     44      1      0    .380   1.99   4.05   .605   .386   .177   3.03   .500   .017   1
  15 0HL08A   1972 2010     39      1      0    .761   1.57   2.24   .370   .679   .153   2.48   .507   .024   1
  16 0HL08B   1967 2010     44      1      0    .751   1.66   2.41   .382   .484   .181   2.47   .511   .044   1
  17 0HL09A   1966 2010     45      1      1    .111   1.36   2.26   .484   .792   .202   2.66   .540  -.017   1
  18 0HL09B   1965 2009     45      1      1    .077   1.34   2.05   .448   .728   .203   2.65   .564   .055   1
  19 0HL10A   1971 2010     40      1      0    .710   1.42   2.68   .533   .772   .219   2.75   .607   .154   2
  20 0HL10B   1971 2010     40      1      0    .511   1.75   2.61   .397   .542   .200   2.49   .548  -.075   2
  21 0HL11A   1981 2010     30      1      0    .791   2.22   3.48   .568   .541   .205   2.39   .525   .088   1
  22 0HL11B   1979 2010     32      1      0    .838   2.21   4.05   .777   .773   .200   2.32   .529   .006   1
  23 0HL12A   1983 2010     28      1      0    .644   2.05   2.84   .400   .400   .165   2.86   .741   .131   1
  24 0HL12B   1978 2010     33      1      0    .780   2.05   4.02   .784   .877   .147   2.70   .501   .122   1
 --- -------- ---------  -----  -----  -----   ------ -----  -----  -----  -----  -----  -----  -----  -----  --
 Total or mean:            944     24      4    .546   1.48   4.05   .581   .719   .238   3.44   .537   .051
PART 8:  ADJUSTMENTS FOR UNDATED SERIES: h                                                         13:22  Mon 07 Nov 2011  Page   7
------------------------------------------------------------------------------------------------------------------------------------

 Time span  1961  2010    50 years, best matches for  50-year segments lagged  25 years
 Listed in order from highest correlation

           Counted       Corr      Corr      Corr      Corr      Corr      Corr      Corr      Corr      Corr      Corr      Corr
 Series    Segment   Add  # 1  Add  # 2  Add  # 3  Add  # 4  Add  # 5  Add  # 6  Add  # 7  Add  # 8  Add  # 9  Add  #10  Add  #11
 -------- ---------  --------  --------  --------  --------  --------  --------  --------  --------  --------  --------  --------
 0HD01A   1972 2003     0 .49    -9 .37    -4 .19     1 .15   -11 .10    -2 .09    -8 .06   -10 .06   --- ---   --- ---   --- ---
===================  ========  ========  ========  ========  ========  ========  ========  ========  ========  ========  ========
           Counted       Corr      Corr      Corr      Corr      Corr      Corr      Corr      Corr      Corr      Corr      Corr
 Series    Segment   Add  # 1  Add  # 2  Add  # 3  Add  # 4  Add  # 5  Add  # 6  Add  # 7  Add  # 8  Add  # 9  Add  #10  Add  #11
 -------- ---------  --------  --------  --------  --------  --------  --------  --------  --------  --------  --------  --------
 0HD01B   1981 2002     0 .45   -14 .40   -10 .38   -19 .30    -1 .25    -9 .17   -20 .12     1 .11     3 .10   -16 .09   -18 .06
===================  ========  ========  ========  ========  ========  ========  ========  ========  ========  ========  ========
           Counted       Corr      Corr      Corr      Corr      Corr      Corr      Corr      Corr      Corr      Corr      Corr
 Series    Segment   Add  # 1  Add  # 2  Add  # 3  Add  # 4  Add  # 5  Add  # 6  Add  # 7  Add  # 8  Add  # 9  Add  #10  Add  #11
 -------- ---------  --------  --------  --------  --------  --------  --------  --------  --------  --------  --------  --------
 0HD01C   1971 2000    -2 .51     7 .43    -6 .24     8 .24    10 .22    -4 .07     0 .07    -9 .02     6 .00   --- ---   --- ---
===================  ========  ========  ========  ========  ========  ========  ========  ========  ========  ========  ========
           Counted       Corr      Corr      Corr      Corr      Corr      Corr      Corr      Corr      Corr      Corr      Corr
 Series    Segment   Add  # 1  Add  # 2  Add  # 3  Add  # 4  Add  # 5  Add  # 6  Add  # 7  Add  # 8  Add  # 9  Add  #10  Add  #11
 -------- ---------  --------  --------  --------  --------  --------  --------  --------  --------  --------  --------  --------
 0HD02A   1974 2003     7 .44     0 .31    -2 .30   -13 .30   -11 .22    -9 .21    -4 .18    -3 .04   --- ---   --- ---   --- ---
===================  ========  ========  ========  ========  ========  ========  ========  ========  ========  ========  ========
           Counted       Corr      Corr      Corr      Corr      Corr      Corr      Corr      Corr      Corr      Corr      Corr
 Series    Segment   Add  # 1  Add  # 2  Add  # 3  Add  # 4  Add  # 5  Add  # 6  Add  # 7  Add  # 8  Add  # 9  Add  #10  Add  #11
 -------- ---------  --------  --------  --------  --------  --------  --------  --------  --------  --------  --------  --------
 0HD02B   1974 2003    -3 .33    -9 .30    -1 .15     1 .13     7 .11     0 .10   -11 .09   -12 .09     6 .03    -2 .02   --- ---
===================  ========  ========  ========  ========  ========  ========  ========  ========  ========  ========  ========
           Counted       Corr      Corr      Corr      Corr      Corr      Corr      Corr      Corr      Corr      Corr      Corr
 Series    Segment   Add  # 1  Add  # 2  Add  # 3  Add  # 4  Add  # 5  Add  # 6  Add  # 7  Add  # 8  Add  # 9  Add  #10  Add  #11
 -------- ---------  --------  --------  --------  --------  --------  --------  --------  --------  --------  --------  --------
 0HD03A   1965 2006     2 .09     0 .09     3 .07    -1 .04   --- ---   --- ---   --- ---   --- ---   --- ---   --- ---   --- ---
===================  ========  ========  ========  ========  ========  ========  ========  ========  ========  ========  ========
           Counted       Corr      Corr      Corr      Corr      Corr      Corr      Corr      Corr      Corr      Corr      Corr
 Series    Segment   Add  # 1  Add  # 2  Add  # 3  Add  # 4  Add  # 5  Add  # 6  Add  # 7  Add  # 8  Add  # 9  Add  #10  Add  #11
 -------- ---------  --------  --------  --------  --------  --------  --------  --------  --------  --------  --------  --------
 0HD03B   1965 2006     0 .23    -1 .23     3 .08     2 .08     4 .03   --- ---   --- ---   --- ---   --- ---   --- ---   --- ---
===================  ========  ========  ========  ========  ========  ========  ========  ========  ========  ========  ========
           Counted       Corr      Corr      Corr      Corr      Corr      Corr      Corr      Corr      Corr      Corr      Corr
 Series    Segment   Add  # 1  Add  # 2  Add  # 3  Add  # 4  Add  # 5  Add  # 6  Add  # 7  Add  # 8  Add  # 9  Add  #10  Add  #11
 -------- ---------  --------  --------  --------  --------  --------  --------  --------  --------  --------  --------  --------
 0HD04A   1968 2004     0 .39    -2 .17    -5 .12     1 .11    -1 .10     4 .04   --- ---   --- ---   --- ---   --- ---   --- ---
===================  ========  ========  ========  ========  ========  ========  ========  ========  ========  ========  ========
           Counted       Corr      Corr      Corr      Corr      Corr      Corr      Corr      Corr      Corr      Corr      Corr
 Series    Segment   Add  # 1  Add  # 2  Add  # 3  Add  # 4  Add  # 5  Add  # 6  Add  # 7  Add  # 8  Add  # 9  Add  #10  Add  #11
 -------- ---------  --------  --------  --------  --------  --------  --------  --------  --------  --------  --------  --------
 0HD04B   1968 2004     0 .28    -2 .23    -4 .22     4 .22    -5 .12    -1 .01   --- ---   --- ---   --- ---   --- ---   --- ---
===================  ========  ========  ========  ========  ========  ========  ========  ========  ========  ========  ========
           Counted       Corr      Corr      Corr      Corr      Corr      Corr      Corr      Corr      Corr      Corr      Corr
 Series    Segment   Add  # 1  Add  # 2  Add  # 3  Add  # 4  Add  # 5  Add  # 6  Add  # 7  Add  # 8  Add  # 9  Add  #10  Add  #11
 -------- ---------  --------  --------  --------  --------  --------  --------  --------  --------  --------  --------  --------
 0HD05A   1964 2000     0 .29     9 .16    -2 .10     1 .06    10 .05     2 .03     7 .03   --- ---   --- ---   --- ---   --- ---
===================  ========  ========  ========  ========  ========  ========  ========  ========  ========  ========  ========
           Counted       Corr      Corr      Corr      Corr      Corr      Corr      Corr      Corr      Corr      Corr      Corr
 Series    Segment   Add  # 1  Add  # 2  Add  # 3  Add  # 4  Add  # 5  Add  # 6  Add  # 7  Add  # 8  Add  # 9  Add  #10  Add  #11
 -------- ---------  --------  --------  --------  --------  --------  --------  --------  --------  --------  --------  --------
 0HD05B   1964 2000     0 .39    10 .23     9 .23     3 .10     8 .07     4 .04     1 .03    -1 .02   --- ---   --- ---   --- ---
===================  ========  ========  ========  ========  ========  ========  ========  ========  ========  ========  ========
           Counted       Corr      Corr      Corr      Corr      Corr      Corr      Corr      Corr      Corr      Corr      Corr
 Series    Segment   Add  # 1  Add  # 2  Add  # 3  Add  # 4  Add  # 5  Add  # 6  Add  # 7  Add  # 8  Add  # 9  Add  #10  Add  #11
 -------- ---------  --------  --------  --------  --------  --------  --------  --------  --------  --------  --------  --------
 0HD06A   1970 2000     0 .27     4 .26    -6 .17    -8 .14    -5 .13     1 .13     3 .07    -7 .06     2 .05    -9 .03   --- ---
===================  ========  ========  ========  ========  ========  ========  ========  ========  ========  ========  ========
           Counted       Corr      Corr      Corr      Corr      Corr      Corr      Corr      Corr      Corr      Corr      Corr
 Series    Segment   Add  # 1  Add  # 2  Add  # 3  Add  # 4  Add  # 5  Add  # 6  Add  # 7  Add  # 8  Add  # 9  Add  #10  Add  #11
 -------- ---------  --------  --------  --------  --------  --------  --------  --------  --------  --------  --------  --------
 0HD06B   1970 2000     0 .36     4 .17    -5 .13     6 .09     9 .08    -9 .05    -4 .03    -8 .00   --- ---   --- ---   --- ---
===================  ========  ========  ========  ========  ========  ========  ========  ========  ========  ========  ========
           Counted       Corr      Corr      Corr      Corr      Corr      Corr      Corr      Corr      Corr      Corr      Corr
 Series    Segment   Add  # 1  Add  # 2  Add  # 3  Add  # 4  Add  # 5  Add  # 6  Add  # 7  Add  # 8  Add  # 9  Add  #10  Add  #11
 -------- ---------  --------  --------  --------  --------  --------  --------  --------  --------  --------  --------  --------
 0HD06C   1970 2000     0 .22    -4 .20    10 .15     4 .13     6 .12    -5 .10     1 .06     5 .05    -8 .02   --- ---   --- ---
===================  ========  ========  ========  ========  ========  ========  ========  ========  ========  ========  ========
           Counted       Corr      Corr      Corr      Corr      Corr      Corr      Corr      Corr      Corr      Corr      Corr
 Series    Segment   Add  # 1  Add  # 2  Add  # 3  Add  # 4  Add  # 5  Add  # 6  Add  # 7  Add  # 8  Add  # 9  Add  #10  Add  #11
 -------- ---------  --------  --------  --------  --------  --------  --------  --------  --------  --------  --------  --------
 0HD06D   1970 2000     4 .34     0 .28    -5 .12    -8 .10    -6 .08    -4 .06    10 .00   --- ---   --- ---   --- ---   --- ---
===================  ========  ========  ========  ========  ========  ========  ========  ========  ========  ========  ========
           Counted       Corr      Corr      Corr      Corr      Corr      Corr      Corr      Corr      Corr      Corr      Corr
 Series    Segment   Add  # 1  Add  # 2  Add  # 3  Add  # 4  Add  # 5  Add  # 6  Add  # 7  Add  # 8  Add  # 9  Add  #10  Add  #11
 -------- ---------  --------  --------  --------  --------  --------  --------  --------  --------  --------  --------  --------
 0HD07A   1963 1995     0 .34    14 .29    -1 .26     8 .19    12 .19     9 .13    -2 .07     4 .03     3 .02   --- ---   --- ---
===================  ========  ========  ========  ========  ========  ========  ========  ========  ========  ========  ========
           Counted       Corr      Corr      Corr      Corr      Corr      Corr      Corr      Corr      Corr      Corr      Corr
 Series    Segment   Add  # 1  Add  # 2  Add  # 3  Add  # 4  Add  # 5  Add  # 6  Add  # 7  Add  # 8  Add  # 9  Add  #10  Add  #11
 -------- ---------  --------  --------  --------  --------  --------  --------  --------  --------  --------  --------  --------
 0HD07B   1963 1995    12 .35     8 .29     0 .25    -1 .19    -2 .17    14 .17     3 .12     4 .07     9 .00   --- ---   --- ---
===================  ========  ========  ========  ========  ========  ========  ========  ========  ========  ========  ========
           Counted       Corr      Corr      Corr      Corr      Corr      Corr      Corr      Corr      Corr      Corr      Corr
 Series    Segment   Add  # 1  Add  # 2  Add  # 3  Add  # 4  Add  # 5  Add  # 6  Add  # 7  Add  # 8  Add  # 9  Add  #10  Add  #11
 -------- ---------  --------  --------  --------  --------  --------  --------  --------  --------  --------  --------  --------
 0HD08A   1980 2000   -10 .49     0 .32     9 .26    -6 .24   -18 .22    10 .20    -8 .20     1 .12    -1 .12     2 .09     8 .08
===================  ========  ========  ========  ========  ========  ========  ========  ========  ========  ========  ========
           Counted       Corr      Corr      Corr      Corr      Corr      Corr      Corr      Corr      Corr      Corr      Corr
 Series    Segment   Add  # 1  Add  # 2  Add  # 3  Add  # 4  Add  # 5  Add  # 6  Add  # 7  Add  # 8  Add  # 9  Add  #10  Add  #11
 -------- ---------  --------  --------  --------  --------  --------  --------  --------  --------  --------  --------  --------
 0HD08B   1980 2000     0 .30   -10 .28     9 .26    -6 .22    -9 .17     2 .16   -18 .15    -7 .15    -8 .11     3 .07    -1 .06
===================  ========  ========  ========  ========  ========  ========  ========  ========  ========  ========  ========
           Counted       Corr      Corr      Corr      Corr      Corr      Corr      Corr      Corr      Corr      Corr      Corr
 Series    Segment   Add  # 1  Add  # 2  Add  # 3  Add  # 4  Add  # 5  Add  # 6  Add  # 7  Add  # 8  Add  # 9  Add  #10  Add  #11
 -------- ---------  --------  --------  --------  --------  --------  --------  --------  --------  --------  --------  --------
 0HD09A   1967 2001     0 .61     9 .37    -4 .25    -2 .20     7 .17    -1 .07     8 .07     5 .01   --- ---   --- ---   --- ---
===================  ========  ========  ========  ========  ========  ========  ========  ========  ========  ========  ========
           Counted       Corr      Corr      Corr      Corr      Corr      Corr      Corr      Corr      Corr      Corr      Corr
 Series    Segment   Add  # 1  Add  # 2  Add  # 3  Add  # 4  Add  # 5  Add  # 6  Add  # 7  Add  # 8  Add  # 9  Add  #10  Add  #11
 -------- ---------  --------  --------  --------  --------  --------  --------  --------  --------  --------  --------  --------
 0HD09B   1967 2001     0 .64     1 .22    -2 .14     7 .10    -4 .07     9 .03   --- ---   --- ---   --- ---   --- ---   --- ---
===================  ========  ========  ========  ========  ========  ========  ========  ========  ========  ========  ========
       21 undated series

                                              - = [  COFECHA H    COF  ] = -
