[]  Dendrochronology Program Library                                        Run EE     Program COF  10:15  Mon 07 Nov 2011  Page   1
[]
[]  P R O G R A M      C O F E C H A                                                                          Version 6.06P    28071
------------------------------------------------------------------------------------------------------------------------------------

 QUALITY CONTROL AND DATING CHECK OF TREE-RING MEASUREMENTS

 Title of run:           ee                                      

 File of DATED series:   EEL.raw

 File of UNDATED series: EED.raw

 CONTENTS:

    Part 1:  Title page, options selected, summary, absent rings by series
    Part 2:  Histogram of time spans
    Part 3:  Master series with sample depth and absent rings by year
    Part 4:  Bar plot of Master Dating Series
    Part 5:  Correlation by segment of each series with Master
    Part 6:  Potential problems: low correlation, divergent year-to-year changes, absent rings, outliers
    Part 7:  Descriptive statistics
    Part 8:  Undated series - adjustments for highest correlations

 RUN CONTROL OPTIONS SELECTED                             VALUE

         1  Cubic smoothing spline 50% wavelength cutoff for filtering
                                                            32 years
         2  Segments examined are                           50 years lagged successively by  25 years
         3  Autoregressive model applied                     A  Residuals are used in master dating series and testing
         4  Series transformed to logarithms                 Y  Each series log-transformed for master dating series and testing
         5  CORRELATION is Pearson (parametric, quantitative)
            Critical correlation, 99% confidence level   .3281
         6  Master dating series saved                       N
         7  Ring measurements listed                         N
         8  Parts printed                             12345678 
         9  Absent rings are omitted from master series and segment correlations  (Y)

 Time span of Master dating series is  1952 to  2010    59 years
 Continuous time span is               1952 to  2010    59 years
 Portion with two or more series is    1952 to  2010    59 years


                                        ****************************************
                                        *C* Number of dated series        24 *C*
                                        *O* Master series 1952 2010   59 yrs *O*
                                        *F* Total rings in all series   1213 *F*
                                        *E* Total dated rings checked   1213 *E*
                                        *C* Series intercorrelation     .566 *C*
                                        *H* Average mean sensitivity    .294 *H*
                                        *A* Segments, possible problems    6 *A*
                                        *** Mean length of series       50.5 ***
                                        ****************************************

 ABSENT RINGS listed by SERIES:            (See Master Dating Series for absent rings listed by year)

               No ring measurements of zero value
PART 2:  TIME PLOT OF TREE-RING SERIES: ee                                                         10:15  Mon 07 Nov 2011  Page   2
------------------------------------------------------------------------------------------------------------------------------------
 1050 1100 1150 1200 1250 1300 1350 1400 1450 1500 1550 1600 1650 1700 1750 1800 1850 1900 1950 2000 2050 Ident   Seq Time-span  Yrs
   :    :    :    :    :    :    :    :    :    :    :    :    :    :    :    :    :    :    :    :    : -------- --- ---- ---- ----
   .    .    .    .    .    .    .    .    .    .    .    .    .    .    .    .    .    .    <=====>   . EEL01A     1 1954 2010   57
   .    .    .    .    .    .    .    .    .    .    .    .    .    .    .    .    .    .    <=====>   . EEL01B     2 1954 2010   57
   .    .    .    .    .    .    .    .    .    .    .    .    .    .    .    .    .    .    <=====>   . EEL02A     3 1954 2010   57
   .    .    .    .    .    .    .    .    .    .    .    .    .    .    .    .    .    .    <=====>   . EEL02B     4 1955 2010   56
   .    .    .    .    .    .    .    .    .    .    .    .    .    .    .    .    .    .    <=====>   . EEL03A     5 1955 2010   56
   .    .    .    .    .    .    .    .    .    .    .    .    .    .    .    .    .    .    <=====>   . EEL03B     6 1955 2010   56
   .    .    .    .    .    .    .    .    .    .    .    .    .    .    .    .    .    .    <=====>   . EEL04A     7 1954 2010   57
   .    .    .    .    .    .    .    .    .    .    .    .    .    .    .    .    .    .    <=====>   . EEL04B     8 1954 2010   57
   .    .    .    .    .    .    .    .    .    .    .    .    .    .    .    .    .    .    <=====>   . EEL05A     9 1952 2010   59
   .    .    .    .    .    .    .    .    .    .    .    .    .    .    .    .    .    .    <=====>   . EEL05B    10 1952 2010   59
   .    .    .    .    .    .    .    .    .    .    .    .    .    .    .    .    .    .    <=====>   . EEL06A    11 1954 2010   57
   .    .    .    .    .    .    .    .    .    .    .    .    .    .    .    .    .    .    <=====>   . EEL06B    12 1954 2010   57
   .    .    .    .    .    .    .    .    .    .    .    .    .    .    .    .    .    .    <=====>   . EEL07A    13 1958 2010   53
   .    .    .    .    .    .    .    .    .    .    .    .    .    .    .    .    .    .    <=====>   . EEL07B    14 1958 2010   53
   .    .    .    .    .    .    .    .    .    .    .    .    .    .    .    .    .    .    <=====>   . EEL08A    15 1956 2010   55
   .    .    .    .    .    .    .    .    .    .    .    .    .    .    .    .    .    .    <=====>   . EEL08B    16 1957 2010   54
   .    .    .    .    .    .    .    .    .    .    .    .    .    .    .    .    .    .    .<====>   . EEL10A    17 1968 2010   43
   .    .    .    .    .    .    .    .    .    .    .    .    .    .    .    .    .    .    . <===>   . EEL10B    18 1971 2010   40
   .    .    .    .    .    .    .    .    .    .    .    .    .    .    .    .    .    .    . <===>   . EEL12A    19 1975 2010   36
   .    .    .    .    .    .    .    .    .    .    .    .    .    .    .    .    .    .    . <===>   . EEL13A    20 1977 2010   34
   .    .    .    .    .    .    .    .    .    .    .    .    .    .    .    .    .    .    . <==>    . EEL13B    21 1973 2008   36
   .    .    .    .    .    .    .    .    .    .    .    .    .    .    .    .    .    .    . <===>   . EEL14A    22 1976 2010   35
   .    .    .    .    .    .    .    .    .    .    .    .    .    .    .    .    .    .    .<===>    . EEL14B    23 1965 2009   45
   .    .    .    .    .    .    .    .    .    .    .    .    .    .    .    .    .    .    .<====>   . EEL14C    24 1967 2010   44
   :    :    :    :    :    :    :    :    :    :    :    :    :    :    :    :    :    :    :    :    :
 1050 1100 1150 1200 1250 1300 1350 1400 1450 1500 1550 1600 1650 1700 1750 1800 1850 1900 1950 2000 2050
   :    :    :    :    :    :    :    :    :    :    :    :    :    :    :    :    :    :    :    :    :
 1050 1100 1150 1200 1250 1300 1350 1400 1450 1500 1550 1600 1650 1700 1750 1800 1850 1900 1950 2000 2050
PART 3:  Master Dating Series: ee                                                                  10:15  Mon 07 Nov 2011  Page   3
------------------------------------------------------------------------------------------------------------------------------------
  Year  Value  No Ab    Year  Value  No Ab    Year  Value  No Ab    Year  Value  No Ab    Year  Value  No Ab    Year  Value  No Ab
  ------------------    ------------------    ------------------    ------------------    ------------------    ------------------
                        2000   .575  24
                        2001   .132  24
  1952  -.862   2       2002  -.646  24
  1953   .081   2       2003   .739  24
  1954  -.228   9       2004  -.073  24
  1955   .740  12       2005   .234  24
  1956 -1.269  13       2006  -.074  24
  1957  -.924  14       2007   .558  24
  1958  -.710  16       2008  1.076  24
  1959 -1.533  16       2009   .918  23

  1960   .247  16       2010  1.245  22
  1961   .038  16
  1962   .631  16
  1963  -.659  16
  1964  2.161  16
  1965  1.074  17
  1966  -.095  17
  1967 -2.536  18
  1968   .348  19
  1969  -.566  19

  1970   .104  19
  1971   .644  20
  1972  -.372  20
  1973   .923  21
  1974   .911  21
  1975  -.330  22
  1976  1.365  23
  1977   .409  24
  1978  -.213  24
  1979   .827  24

  1980  1.352  24
  1981  -.508  24
  1982 -2.303  24
  1983  -.149  24
  1984  1.602  24
  1985   .050  24
  1986   .906  24
  1987  -.693  24
  1988   .313  24
  1989   .801  24

  1990  -.335  24
  1991  -.675  24
  1992   .026  24
  1993  -.814  24
  1994  -.263  24
  1995 -3.148  24
  1996  -.469  24
  1997   .515  24
  1998   .876  24
  1999 -1.974  24
------------------------------------------------------------------------------------------------------------------------------------
PART 4:  Master Bar Plot: ee                                                                       10:15  Mon 07 Nov 2011  Page   4
------------------------------------------------------------------------------------------------------------------------------------
   Year Rel value  Year Rel value  Year Rel value  Year Rel value  Year Rel value  Year Rel value  Year Rel value  Year Rel value
                   2000-------B
                   2001-----A
   1952-c          2002--c
   1953-----@      2003--------C
   1954---a        2004----@
   1955--------C   2005------A
   1956-e          2006----@
   1957-d          2007-------B
   1958--c         2008---------D
   1959f           2009---------D
   1960------A     2010----------E
   1961-----@
   1962-------C
   1963--c
   1964----------I
   1965---------D
   1966----@
   1967j
   1968------A
   1969--b
   1970-----@
   1971-------C
   1972---a
   1973---------D
   1974---------D
   1975---a
   1976----------E
   1977------B
   1978---a
   1979--------C
   1980----------E
   1981--b
   1982i
   1983----a
   1984----------F
   1985-----@
   1986---------D
   1987--c
   1988------A
   1989--------C
   1990---a
   1991--c
   1992-----@
   1993-c
   1994---a
   1995m
   1996---b
   1997-------B
   1998---------D
   1999h
PART 5:  CORRELATION OF SERIES BY SEGMENTS: ee                                                     10:15  Mon 07 Nov 2011  Page   5
------------------------------------------------------------------------------------------------------------------------------------
 Correlations of  50-year dated segments, lagged  25 years
 Flags:  A = correlation under   .3281 but highest as dated;  B = correlation higher at other than dated position

 Seq Series  Time_span   1950 1975
                         1999 2024
 --- -------- ---------  ---- ---- ---- ---- ---- ---- ---- ---- ---- ---- ---- ---- ---- ---- ---- ---- ---- ---- ---- ----
   1 EEL01A   1954 2010   .66  .68
   2 EEL01B   1954 2010   .65  .70
   3 EEL02A   1954 2010   .71  .69
   4 EEL02B   1955 2010   .68  .66
   5 EEL03A   1955 2010   .80  .83
   6 EEL03B   1955 2010   .74  .78
   7 EEL04A   1954 2010   .81  .83
   8 EEL04B   1954 2010   .75  .79
   9 EEL05A   1952 2010   .69  .74
  10 EEL05B   1952 2010   .79  .79
  11 EEL06A   1954 2010   .73  .71
  12 EEL06B   1954 2010   .68  .73
  13 EEL07A   1958 2010   .69  .72
  14 EEL07B   1958 2010   .76  .77
  15 EEL08A   1956 2010   .47  .50
  16 EEL08B   1957 2010   .60  .60
  17 EEL10A   1968 2010   .14B
  18 EEL10B   1971 2010  -.12B
  19 EEL12A   1975 2010        .11B
  20 EEL13A   1977 2010       -.02B
  21 EEL13B   1973 2008   .05B
  22 EEL14A   1976 2010        .70
  23 EEL14B   1965 2009   .51
  24 EEL14C   1967 2010   .15B
 Av segment correlation   .57  .65
PART 6:  POTENTIAL PROBLEMS: ee                                                                    10:15  Mon 07 Nov 2011  Page   5
------------------------------------------------------------------------------------------------------------------------------------

 For each series with potential problems the following diagnostics may appear:

 [A] Correlations with master dating series of flagged  50-year segments of series filtered with  32-year spline,
     at every point from ten years earlier (-10) to ten years later (+10) than dated

 [B] Effect of those data values which most lower or raise correlation with master series
     Symbol following year indicates value in series is greater (>) or lesser (<) than master series value

 [C] Year-to-year changes very different from the mean change in other series

 [D] Absent rings (zero values)

 [E] Values which are statistical outliers from mean for the year
====================================================================================================================================

 EEL01A    1954 to  2010      57 years                                                                                    Series   1

 [B] Entire series, effect on correlation (  .661) is:
       Lower   2002> -.026   1990> -.014   1954> -.014   2003< -.013   1957> -.009   1997< -.009  Higher   1982  .036   1967  .031

====================================================================================================================================

 EEL01B    1954 to  2010      57 years                                                                                    Series   2

 [B] Entire series, effect on correlation (  .658) is:
       Lower   2002> -.024   1968< -.020   1954< -.019   1974< -.017   2003< -.016   1958> -.016  Higher   1995  .095   1999  .022

====================================================================================================================================

 EEL02A    1954 to  2010      57 years                                                                                    Series   3

 [B] Entire series, effect on correlation (  .683) is:
       Lower   2004< -.028   1967> -.024   1971< -.020   2001> -.013   1954< -.010   1959> -.007  Higher   1999  .024   1995  .022

====================================================================================================================================

 EEL02B    1955 to  2010      56 years                                                                                    Series   4

 [B] Entire series, effect on correlation (  .675) is:
       Lower   1983< -.065   1971< -.018   1963> -.013   1991> -.012   1990< -.012   2006< -.011  Higher   1995  .104   1964  .018

====================================================================================================================================

 EEL03A    1955 to  2010      56 years                                                                                    Series   5

 [B] Entire series, effect on correlation (  .796) is:
       Lower   1980< -.014   1963> -.014   1958> -.013   1956< -.011   1957> -.011   2002< -.010  Higher   1995  .061   1999  .021

====================================================================================================================================

 EEL03B    1955 to  2010      56 years                                                                                    Series   6

 [B] Entire series, effect on correlation (  .740) is:
       Lower   1958> -.026   1975> -.013   1957> -.012   2010< -.010   2002< -.008   1963< -.007  Higher   1995  .053   1967  .031

====================================================================================================================================

 EEL04A    1954 to  2010      57 years                                                                                    Series   7

 [B] Entire series, effect on correlation (  .786) is:
       Lower   2006> -.015   1958> -.015   1959> -.012   1954< -.011   2009< -.009   2000< -.009  Higher   1995  .056   1967  .026

====================================================================================================================================

 EEL04B    1954 to  2010      57 years                                                                                    Series   8

 [B] Entire series, effect on correlation (  .743) is:
       Lower   1970< -.022   1959> -.015   1975> -.015   1955< -.012   1958> -.011   1985< -.007  Higher   1995  .080   1999  .022

====================================================================================================================================

 EEL05A    1952 to  2010      59 years                                                                                    Series   9

 [B] Entire series, effect on correlation (  .677) is:
       Lower   1956> -.041   1967> -.033   1981< -.023   1954> -.017   2002< -.011   1960< -.007  Higher   1995  .054   1999  .033

====================================================================================================================================

 EEL05B    1952 to  2010      59 years                                                                                    Series  10

 [B] Entire series, effect on correlation (  .752) is:
       Lower   1956> -.027   2002< -.022   1963> -.018   1954> -.014   1976< -.013   2010< -.011  Higher   1995  .076   1982  .016

====================================================================================================================================

 EEL06A    1954 to  2010      57 years                                                                                    Series  11

 [B] Entire series, effect on correlation (  .711) is:
       Lower   1975> -.018   1993> -.016   1994> -.013   2007< -.013   1963< -.010   1967> -.010  Higher   1995  .067   1982  .027

====================================================================================================================================

 EEL06B    1954 to  2010      57 years                                                                                    Series  12

 [B] Entire series, effect on correlation (  .686) is:
       Lower   1958< -.027   1996> -.012   1980< -.009   1966< -.008   1995> -.008   2000< -.007  Higher   1999  .027   1967  .014

====================================================================================================================================

 EEL07A    1958 to  2010      53 years                                                                                    Series  13

 [B] Entire series, effect on correlation (  .698) is:
       Lower   1999> -.023   1958< -.020   2005> -.016   1989< -.014   1977> -.012   1987> -.012  Higher   1995  .056   1967  .043

====================================================================================================================================

 EEL07B    1958 to  2010      53 years                                                                                    Series  14

 [B] Entire series, effect on correlation (  .765) is:
       Lower   1975> -.021   1999> -.018   2002< -.017   1977> -.011   1960< -.010   1963> -.008  Higher   1995  .076   1967  .019

====================================================================================================================================

 EEL08A    1956 to  2010      55 years                                                                                    Series  15

 [B] Entire series, effect on correlation (  .495) is:
       Lower   1977< -.055   2002> -.026   1959> -.026   1961< -.022   1979< -.019   1967> -.017  Higher   1995  .082   1999  .032

====================================================================================================================================

 EEL08B    1957 to  2010      54 years                                                                                    Series  16

 [B] Entire series, effect on correlation (  .604) is:
       Lower   1990< -.038   2002> -.038   1995> -.030   1970< -.018   1991< -.016   1958> -.008  Higher   1982  .037   1967  .036

====================================================================================================================================

 EEL10A    1968 to  2010      43 years                                                                                    Series  17

 [A] Segment   High   -10   -9   -8   -7   -6   -5   -4   -3   -2   -1   +0   +1   +2   +3   +4   +5   +6   +7   +8   +9  +10
    ---------  ----   ---  ---  ---  ---  ---  ---  ---  ---  ---  ---  ---  ---  ---  ---  ---  ---  ---  ---  ---  ---  ---
    1968 2010   -6    .23 -.15 -.02 -.19  .61*-.07 -.05  .04  .09  .11  .14|   -    -    -    -    -    -    -    -    -    -

 [B] Entire series, effect on correlation (  .135) is:
       Lower   2005< -.054   1995> -.037   1973< -.031   2002> -.028   1997< -.023   1988< -.019  Higher   1999  .045   1984  .040
     1968 to 2010 segment:
       Lower   2005< -.054   1995> -.037   1973< -.031   2002> -.028   1997< -.023   1988< -.019  Higher   1999  .045   1984  .040

====================================================================================================================================

 EEL10B    1971 to  2010      40 years                                                                                    Series  18

 [A] Segment   High   -10   -9   -8   -7   -6   -5   -4   -3   -2   -1   +0   +1   +2   +3   +4   +5   +6   +7   +8   +9  +10
    ---------  ----   ---  ---  ---  ---  ---  ---  ---  ---  ---  ---  ---  ---  ---  ---  ---  ---  ---  ---  ---  ---  ---
    1971 2010   -2   -.01 -.07 -.01 -.14  .21 -.04  .02 -.08  .61* .07 -.12|   -    -    -    -    -    -    -    -    -    -

 [B] Entire series, effect on correlation ( -.124) is:
       Lower   1999> -.064   1984< -.041   1971< -.031   1986< -.025   1997< -.024   1982> -.020  Higher   1995  .106   1980  .033
     1971 to 2010 segment:
       Lower   1999> -.064   1984< -.041   1971< -.031   1986< -.025   1997< -.024   1982> -.020  Higher   1995  .106   1980  .033

 [E] Outliers     1   3.0 SD above or -4.5 SD below mean for year
       1999 +3.6 SD
====================================================================================================================================

 EEL12A    1975 to  2010      36 years                                                                                    Series  19

 [A] Segment   High   -10   -9   -8   -7   -6   -5   -4   -3   -2   -1   +0   +1   +2   +3   +4   +5   +6   +7   +8   +9  +10
    ---------  ----   ---  ---  ---  ---  ---  ---  ---  ---  ---  ---  ---  ---  ---  ---  ---  ---  ---  ---  ---  ---  ---
    1975 2010   -8    .02  .15  .34* .05  .07 -.02  .11  .08 -.13  .00  .11|   -    -    -    -    -    -    -    -    -    -

 [B] Entire series, effect on correlation (  .111) is:
       Lower   1998< -.030   1993> -.024   1995> -.024   1989< -.017   1987> -.017   1990> -.015  Higher   1984  .048   1980  .027
     1975 to 2010 segment:
       Lower   1998< -.030   1993> -.024   1995> -.024   1989< -.017   1987> -.017   1990> -.015  Higher   1984  .048   1980  .027

====================================================================================================================================

 EEL13A    1977 to  2010      34 years                                                                                    Series  20

 [A] Segment   High   -10   -9   -8   -7   -6   -5   -4   -3   -2   -1   +0   +1   +2   +3   +4   +5   +6   +7   +8   +9  +10
    ---------  ----   ---  ---  ---  ---  ---  ---  ---  ---  ---  ---  ---  ---  ---  ---  ---  ---  ---  ---  ---  ---  ---
    1977 2010   -3    .15 -.07 -.01  .15  .05 -.14 -.03  .31* .24 -.25 -.02|   -    -    -    -    -    -    -    -    -    -

 [B] Entire series, effect on correlation ( -.019) is:
       Lower   1999> -.067   1985< -.056   1982> -.038   1981> -.012   2008< -.010   1991> -.010  Higher   1984  .033   2010  .029
     1977 to 2010 segment:
       Lower   1999> -.067   1985< -.056   1982> -.038   1981> -.012   2008< -.010   1991> -.010  Higher   1984  .033   2010  .029

 [E] Outliers     1   3.0 SD above or -4.5 SD below mean for year
       1985 -6.6 SD
====================================================================================================================================

 EEL13B    1973 to  2008      36 years                                                                                    Series  21

 [A] Segment   High   -10   -9   -8   -7   -6   -5   -4   -3   -2   -1   +0   +1   +2   +3   +4   +5   +6   +7   +8   +9  +10
    ---------  ----   ---  ---  ---  ---  ---  ---  ---  ---  ---  ---  ---  ---  ---  ---  ---  ---  ---  ---  ---  ---  ---
    1973 2008   -4   -.13  .15  .11 -.17  .26  .17  .27*-.05 -.26  .13  .05|-.21 -.01    -    -    -    -    -    -    -    -

 [B] Entire series, effect on correlation (  .054) is:
       Lower   1995> -.231   1982> -.068   2002> -.020   1973< -.018   1988< -.016   1981> -.014  Higher   1999  .218   1980  .029
     1973 to 2008 segment:
       Lower   1995> -.231   1982> -.068   2002> -.020   1973< -.018   1988< -.016   1981> -.014  Higher   1999  .218   1980  .029

 [C] Year-to-year changes diverging by over 4.0 std deviations:
       1994 1995   4.2 SD    1995 1996  -4.8 SD

 [E] Outliers     2   3.0 SD above or -4.5 SD below mean for year
       1982 +3.4 SD;    1995 +5.6 SD
====================================================================================================================================

 EEL14A    1976 to  2010      35 years                                                                                    Series  22

 [B] Entire series, effect on correlation (  .695) is:
       Lower   1977< -.034   1999> -.028   2006< -.028   1990> -.016   1978> -.011   2004> -.010  Higher   1995  .164   1982  .022

====================================================================================================================================

 EEL14B    1965 to  2009      45 years                                                                                    Series  23

 [B] Entire series, effect on correlation (  .509) is:
       Lower   1977< -.085   2009< -.044   2001> -.028   2005< -.011   1974< -.011   1985> -.009  Higher   1967  .067   1995  .046

 [E] Outliers     1   3.0 SD above or -4.5 SD below mean for year
       2001 +3.2 SD
====================================================================================================================================

 EEL14C    1967 to  2010      44 years                                                                                    Series  24

 [A] Segment   High   -10   -9   -8   -7   -6   -5   -4   -3   -2   -1   +0   +1   +2   +3   +4   +5   +6   +7   +8   +9  +10
    ---------  ----   ---  ---  ---  ---  ---  ---  ---  ---  ---  ---  ---  ---  ---  ---  ---  ---  ---  ---  ---  ---  ---
    1967 2010  -10    .16*-.01 -.28  .13  .08  .12  .10 -.12 -.14 -.05  .15|   -    -    -    -    -    -    -    -    -    -

 [B] Entire series, effect on correlation (  .148) is:
       Lower   1976< -.075   1992< -.044   1982> -.030   2009< -.027   1967> -.026   2006< -.015  Higher   1999  .097   1980  .031
     1967 to 2010 segment:
       Lower   1976< -.075   1992< -.044   1982> -.030   2009< -.027   1967> -.026   2006< -.015  Higher   1999  .097   1980  .031

====================================================================================================================================
PART 7:  DESCRIPTIVE STATISTICS: ee                                                                10:15  Mon 07 Nov 2011  Page   6
------------------------------------------------------------------------------------------------------------------------------------

                                                Corr   //-------- Unfiltered --------\\  //---- Filtered -----\\
                           No.    No.    No.    with   Mean   Max     Std   Auto   Mean   Max     Std   Auto  AR
 Seq Series   Interval   Years  Segmt  Flags   Master  msmt   msmt    dev   corr   sens  value    dev   corr  ()
 --- -------- ---------  -----  -----  -----   ------ -----  -----  -----  -----  -----  -----  -----  -----  --
   1 EEL01A   1954 2010     57      2      0    .661    .87   2.07   .600   .861   .349   2.43   .424   .006   1
   2 EEL01B   1954 2010     57      2      0    .658    .83   2.22   .559   .822   .323   2.82   .513  -.031   1
   3 EEL02A   1954 2010     57      2      0    .683   1.65   3.13   .616   .696   .249   2.65   .703  -.018   1
   4 EEL02B   1955 2010     56      2      0    .675   1.10   2.87   .580   .804   .292   2.56   .449  -.079   1
   5 EEL03A   1955 2010     56      2      0    .796   1.01   2.06   .441   .776   .300   2.57   .485  -.039   1
   6 EEL03B   1955 2010     56      2      0    .740    .97   2.12   .487   .788   .318   2.49   .512   .017   1
   7 EEL04A   1954 2010     57      2      0    .786    .62   1.25   .345   .766   .324   2.60   .517   .023   1
   8 EEL04B   1954 2010     57      2      0    .743    .62   1.89   .471   .817   .370   2.56   .422  -.026   1
   9 EEL05A   1952 2010     59      2      0    .677   1.76   3.66   .782   .798   .279   2.63   .554   .048   1
  10 EEL05B   1952 2010     59      2      0    .752   1.38   2.50   .540   .715   .273   2.52   .422  -.034   1
  11 EEL06A   1954 2010     57      2      0    .711   1.01   2.24   .504   .770   .292   2.55   .558  -.047   3
  12 EEL06B   1954 2010     57      2      0    .686   1.34   2.81   .643   .795   .262   2.49   .447   .007   1
  13 EEL07A   1958 2010     53      2      0    .698    .65   1.51   .412   .832   .306   2.66   .505   .042   1
  14 EEL07B   1958 2010     53      2      0    .765    .65   1.62   .434   .853   .346   2.46   .498  -.019   1
  15 EEL08A   1956 2010     55      2      0    .495    .35    .99   .299   .816   .465   2.75   .660  -.003   1
  16 EEL08B   1957 2010     54      2      0    .604    .36    .94   .276   .820   .379   2.79   .609   .049   2
  17 EEL10A   1968 2010     43      1      1    .135   1.98   3.43   .678   .581   .254   2.59   .580  -.130   1
  18 EEL10B   1971 2010     40      1      1   -.124   1.81   3.73   .680   .720   .222   2.51   .577  -.073   1
  19 EEL12A   1975 2010     36      1      1    .111   2.43   3.99   .855   .739   .210   2.55   .456  -.014   1
  20 EEL13A   1977 2010     34      1      1   -.019   1.86   2.67   .534   .066   .258   2.26   .404  -.114   1
  21 EEL13B   1973 2008     36      1      1    .054   1.88   2.99   .408   .096   .205   2.73   .577  -.019   1
  22 EEL14A   1976 2010     35      1      0    .695   1.71   2.77   .483   .457   .243   2.52   .526  -.022   2
  23 EEL14B   1965 2009     45      1      0    .509   1.48   2.35   .419   .399   .245   2.91   .614  -.059   1
  24 EEL14C   1967 2010     44      1      1    .148   2.45   3.65   .423   .462   .134   2.70   .589   .017   1
 --- -------- ---------  -----  -----  -----   ------ -----  -----  -----  -----  -----  -----  -----  -----  --
 Total or mean:           1213     40      6    .566   1.21   3.99   .516   .705   .294   2.91   .524  -.019
PART 8:  ADJUSTMENTS FOR UNDATED SERIES: ee                                                        10:15  Mon 07 Nov 2011  Page   7
------------------------------------------------------------------------------------------------------------------------------------

 Time span  1952  2010    59 years, best matches for  50-year segments lagged  25 years
 Listed in order from highest correlation

           Counted       Corr      Corr      Corr      Corr      Corr      Corr      Corr      Corr      Corr      Corr      Corr
 Series    Segment   Add  # 1  Add  # 2  Add  # 3  Add  # 4  Add  # 5  Add  # 6  Add  # 7  Add  # 8  Add  # 9  Add  #10  Add  #11
 -------- ---------  --------  --------  --------  --------  --------  --------  --------  --------  --------  --------  --------
 EED01A   1969 2007    -5 .35     0 .25   -15 .22     1 .18    -1 .15   -13 .14    -4 .13    -8 .10   -16 .08    -2 .08   -17 .07
===================  ========  ========  ========  ========  ========  ========  ========  ========  ========  ========  ========
           Counted       Corr      Corr      Corr      Corr      Corr      Corr      Corr      Corr      Corr      Corr      Corr
 Series    Segment   Add  # 1  Add  # 2  Add  # 3  Add  # 4  Add  # 5  Add  # 6  Add  # 7  Add  # 8  Add  # 9  Add  #10  Add  #11
 -------- ---------  --------  --------  --------  --------  --------  --------  --------  --------  --------  --------  --------
 EED01B   1970 2006   -14 .41    -3 .35     0 .31   -18 .20   -16 .12   -12 .11    -4 .04     1 .03    -9 .02   -11 .01   --- ---
===================  ========  ========  ========  ========  ========  ========  ========  ========  ========  ========  ========
           Counted       Corr      Corr      Corr      Corr      Corr      Corr      Corr      Corr      Corr      Corr      Corr
 Series    Segment   Add  # 1  Add  # 2  Add  # 3  Add  # 4  Add  # 5  Add  # 6  Add  # 7  Add  # 8  Add  # 9  Add  #10  Add  #11
 -------- ---------  --------  --------  --------  --------  --------  --------  --------  --------  --------  --------  --------
 EED02A   1973 2009     1 .21     0 .12   -20 .08    -1 .02    -2 .01    -4 .00   --- ---   --- ---   --- ---   --- ---   --- ---
===================  ========  ========  ========  ========  ========  ========  ========  ========  ========  ========  ========
           Counted       Corr      Corr      Corr      Corr      Corr      Corr      Corr      Corr      Corr      Corr      Corr
 Series    Segment   Add  # 1  Add  # 2  Add  # 3  Add  # 4  Add  # 5  Add  # 6  Add  # 7  Add  # 8  Add  # 9  Add  #10  Add  #11
 -------- ---------  --------  --------  --------  --------  --------  --------  --------  --------  --------  --------  --------
 EED02B   1973 2006   -19 .46     4 .18     2 .17   -17 .14    -3 .12   -15 .12     0 .12    -4 .09   -16 .09    -1 .04    -6 .02
===================  ========  ========  ========  ========  ========  ========  ========  ========  ========  ========  ========
           Counted       Corr      Corr      Corr      Corr      Corr      Corr      Corr      Corr      Corr      Corr      Corr
 Series    Segment   Add  # 1  Add  # 2  Add  # 3  Add  # 4  Add  # 5  Add  # 6  Add  # 7  Add  # 8  Add  # 9  Add  #10  Add  #11
 -------- ---------  --------  --------  --------  --------  --------  --------  --------  --------  --------  --------  --------
 EED03A   1954 1996     0 .40     5 .31     9 .24    12 .20     2 .16    14 .08    13 .07     1 .01   --- ---   --- ---   --- ---
===================  ========  ========  ========  ========  ========  ========  ========  ========  ========  ========  ========
           Counted       Corr      Corr      Corr      Corr      Corr      Corr      Corr      Corr      Corr      Corr      Corr
 Series    Segment   Add  # 1  Add  # 2  Add  # 3  Add  # 4  Add  # 5  Add  # 6  Add  # 7  Add  # 8  Add  # 9  Add  #10  Add  #11
 -------- ---------  --------  --------  --------  --------  --------  --------  --------  --------  --------  --------  --------
 EED03B   1954 1995     0 .41     2 .33     9 .20     5 .15    10 .06    12 .03     8 .02    14 .00   --- ---   --- ---   --- ---
===================  ========  ========  ========  ========  ========  ========  ========  ========  ========  ========  ========
           Counted       Corr      Corr      Corr      Corr      Corr      Corr      Corr      Corr      Corr      Corr      Corr
 Series    Segment   Add  # 1  Add  # 2  Add  # 3  Add  # 4  Add  # 5  Add  # 6  Add  # 7  Add  # 8  Add  # 9  Add  #10  Add  #11
 -------- ---------  --------  --------  --------  --------  --------  --------  --------  --------  --------  --------  --------
 EED04A   1971 2005   -15 .40     0 .35   -12 .24    -4 .19   -13 .16     4 .15    -5 .12    -2 .02   -17 .01   --- ---   --- ---
===================  ========  ========  ========  ========  ========  ========  ========  ========  ========  ========  ========
           Counted       Corr      Corr      Corr      Corr      Corr      Corr      Corr      Corr      Corr      Corr      Corr
 Series    Segment   Add  # 1  Add  # 2  Add  # 3  Add  # 4  Add  # 5  Add  # 6  Add  # 7  Add  # 8  Add  # 9  Add  #10  Add  #11
 -------- ---------  --------  --------  --------  --------  --------  --------  --------  --------  --------  --------  --------
 EED04B   1971 2003   -15 .38     0 .34    -5 .29   -12 .24     3 .16     7 .16    -2 .15    -4 .13   -14 .09   -13 .07    -9 .06
===================  ========  ========  ========  ========  ========  ========  ========  ========  ========  ========  ========
           Counted       Corr      Corr      Corr      Corr      Corr      Corr      Corr      Corr      Corr      Corr      Corr
 Series    Segment   Add  # 1  Add  # 2  Add  # 3  Add  # 4  Add  # 5  Add  # 6  Add  # 7  Add  # 8  Add  # 9  Add  #10  Add  #11
 -------- ---------  --------  --------  --------  --------  --------  --------  --------  --------  --------  --------  --------
 EED05A   1967 2008     0 .38    -5 .29   -15 .26   -11 .10    -3 .06    -7 .05    -6 .02    -1 .00   --- ---   --- ---   --- ---
===================  ========  ========  ========  ========  ========  ========  ========  ========  ========  ========  ========
           Counted       Corr      Corr      Corr      Corr      Corr      Corr      Corr      Corr      Corr      Corr      Corr
 Series    Segment   Add  # 1  Add  # 2  Add  # 3  Add  # 4  Add  # 5  Add  # 6  Add  # 7  Add  # 8  Add  # 9  Add  #10  Add  #11
 -------- ---------  --------  --------  --------  --------  --------  --------  --------  --------  --------  --------  --------
 EED05B   1966 2007     0 .37    -5 .20     3 .20   -14 .17    -3 .13   -13 .11     1 .10    -6 .05   --- ---   --- ---   --- ---
===================  ========  ========  ========  ========  ========  ========  ========  ========  ========  ========  ========
           Counted       Corr      Corr      Corr      Corr      Corr      Corr      Corr      Corr      Corr      Corr      Corr
 Series    Segment   Add  # 1  Add  # 2  Add  # 3  Add  # 4  Add  # 5  Add  # 6  Add  # 7  Add  # 8  Add  # 9  Add  #10  Add  #11
 -------- ---------  --------  --------  --------  --------  --------  --------  --------  --------  --------  --------  --------
 EED06A   1954 1991     0 .25    18 .25    19 .22    15 .19    -2 .18     6 .17     2 .05    10 .04    14 .02    11 .01     4 .01
===================  ========  ========  ========  ========  ========  ========  ========  ========  ========  ========  ========
           Counted       Corr      Corr      Corr      Corr      Corr      Corr      Corr      Corr      Corr      Corr      Corr
 Series    Segment   Add  # 1  Add  # 2  Add  # 3  Add  # 4  Add  # 5  Add  # 6  Add  # 7  Add  # 8  Add  # 9  Add  #10  Add  #11
 -------- ---------  --------  --------  --------  --------  --------  --------  --------  --------  --------  --------  --------
 EED06B   1954 1992     0 .20     2 .19     4 .15    15 .15    16 .15    11 .08    -1 .07     7 .04    13 .04   --- ---   --- ---
===================  ========  ========  ========  ========  ========  ========  ========  ========  ========  ========  ========
           Counted       Corr      Corr      Corr      Corr      Corr      Corr      Corr      Corr      Corr      Corr      Corr
 Series    Segment   Add  # 1  Add  # 2  Add  # 3  Add  # 4  Add  # 5  Add  # 6  Add  # 7  Add  # 8  Add  # 9  Add  #10  Add  #11
 -------- ---------  --------  --------  --------  --------  --------  --------  --------  --------  --------  --------  --------
 EED07A   1960 2003     0 .28     4 .22     5 .18    -4 .09    -2 .07    -6 .05    -1 .00   --- ---   --- ---   --- ---   --- ---
===================  ========  ========  ========  ========  ========  ========  ========  ========  ========  ========  ========
           Counted       Corr      Corr      Corr      Corr      Corr      Corr      Corr      Corr      Corr      Corr      Corr
 Series    Segment   Add  # 1  Add  # 2  Add  # 3  Add  # 4  Add  # 5  Add  # 6  Add  # 7  Add  # 8  Add  # 9  Add  #10  Add  #11
 -------- ---------  --------  --------  --------  --------  --------  --------  --------  --------  --------  --------  --------
 EED07B   1960 2000     0 .33    -2 .27    -4 .26    -1 .11    -3 .06     8 .03    -6 .02    10 .02   --- ---   --- ---   --- ---
===================  ========  ========  ========  ========  ========  ========  ========  ========  ========  ========  ========
           Counted       Corr      Corr      Corr      Corr      Corr      Corr      Corr      Corr      Corr      Corr      Corr
 Series    Segment   Add  # 1  Add  # 2  Add  # 3  Add  # 4  Add  # 5  Add  # 6  Add  # 7  Add  # 8  Add  # 9  Add  #10  Add  #11
 -------- ---------  --------  --------  --------  --------  --------  --------  --------  --------  --------  --------  --------
 EED08A   1976 2004   -15 .43     0 .36    -4 .26   -10 .20   -13 .19    -9 .19   -24 .18    -8 .16   -14 .16    -5 .10    -1 .08
===================  ========  ========  ========  ========  ========  ========  ========  ========  ========  ========  ========
           Counted       Corr      Corr      Corr      Corr      Corr      Corr      Corr      Corr      Corr      Corr      Corr
 Series    Segment   Add  # 1  Add  # 2  Add  # 3  Add  # 4  Add  # 5  Add  # 6  Add  # 7  Add  # 8  Add  # 9  Add  #10  Add  #11
 -------- ---------  --------  --------  --------  --------  --------  --------  --------  --------  --------  --------  --------
 EED08B   1976 2000    -4 .50   -24 .38     0 .30   -17 .25    -9 .23   -15 .23    -7 .15   -14 .12   -13 .11     5 .11     6 .10
===================  ========  ========  ========  ========  ========  ========  ========  ========  ========  ========  ========
           Counted       Corr      Corr      Corr      Corr      Corr      Corr      Corr      Corr      Corr      Corr      Corr
 Series    Segment   Add  # 1  Add  # 2  Add  # 3  Add  # 4  Add  # 5  Add  # 6  Add  # 7  Add  # 8  Add  # 9  Add  #10  Add  #11
 -------- ---------  --------  --------  --------  --------  --------  --------  --------  --------  --------  --------  --------
 EED09A   1967 2004     0 .40   -10 .37   -15 .30     5 .30     6 .12     3 .08     4 .06    -4 .03    -8 .00   --- ---   --- ---
===================  ========  ========  ========  ========  ========  ========  ========  ========  ========  ========  ========
           Counted       Corr      Corr      Corr      Corr      Corr      Corr      Corr      Corr      Corr      Corr      Corr
 Series    Segment   Add  # 1  Add  # 2  Add  # 3  Add  # 4  Add  # 5  Add  # 6  Add  # 7  Add  # 8  Add  # 9  Add  #10  Add  #11
 -------- ---------  --------  --------  --------  --------  --------  --------  --------  --------  --------  --------  --------
 EED09B   1967 2002     0 .50   -10 .46     5 .29     8 .20    -8 .15    -4 .12   -14 .05     3 .04    -1 .02   -15 .02   -13 .01
===================  ========  ========  ========  ========  ========  ========  ========  ========  ========  ========  ========
           Counted       Corr      Corr      Corr      Corr      Corr      Corr      Corr      Corr      Corr      Corr      Corr
 Series    Segment   Add  # 1  Add  # 2  Add  # 3  Add  # 4  Add  # 5  Add  # 6  Add  # 7  Add  # 8  Add  # 9  Add  #10  Add  #11
 -------- ---------  --------  --------  --------  --------  --------  --------  --------  --------  --------  --------  --------
 EED10A   1960 2000     9 .25    -1 .20     6 .13     0 .12     3 .10     1 .10    10 .07   --- ---   --- ---   --- ---   --- ---
===================  ========  ========  ========  ========  ========  ========  ========  ========  ========  ========  ========
           Counted       Corr      Corr      Corr      Corr      Corr      Corr      Corr      Corr      Corr      Corr      Corr
 Series    Segment   Add  # 1  Add  # 2  Add  # 3  Add  # 4  Add  # 5  Add  # 6  Add  # 7  Add  # 8  Add  # 9  Add  #10  Add  #11
 -------- ---------  --------  --------  --------  --------  --------  --------  --------  --------  --------  --------  --------
 EED10B   1960 2003     0 .31     3 .22     6 .17    -8 .03     7 .03     1 .02   --- ---   --- ---   --- ---   --- ---   --- ---
===================  ========  ========  ========  ========  ========  ========  ========  ========  ========  ========  ========
           Counted       Corr      Corr      Corr      Corr      Corr      Corr      Corr      Corr      Corr      Corr      Corr
 Series    Segment   Add  # 1  Add  # 2  Add  # 3  Add  # 4  Add  # 5  Add  # 6  Add  # 7  Add  # 8  Add  # 9  Add  #10  Add  #11
 -------- ---------  --------  --------  --------  --------  --------  --------  --------  --------  --------  --------  --------
 EED11A   1962 2007    -4 .31    -2 .28     0 .27    -3 .18     2 .09     3 .07    -6 .05   --- ---   --- ---   --- ---   --- ---
===================  ========  ========  ========  ========  ========  ========  ========  ========  ========  ========  ========
           Counted       Corr      Corr      Corr      Corr      Corr      Corr      Corr      Corr      Corr      Corr      Corr
 Series    Segment   Add  # 1  Add  # 2  Add  # 3  Add  # 4  Add  # 5  Add  # 6  Add  # 7  Add  # 8  Add  # 9  Add  #10  Add  #11
 -------- ---------  --------  --------  --------  --------  --------  --------  --------  --------  --------  --------  --------
 EED11B   1961 2007     0 .37    -2 .21    -4 .19    -3 .10     2 .08    -5 .07   --- ---   --- ---   --- ---   --- ---   --- ---
===================  ========  ========  ========  ========  ========  ========  ========  ========  ========  ========  ========
           Counted       Corr      Corr      Corr      Corr      Corr      Corr      Corr      Corr      Corr      Corr      Corr
 Series    Segment   Add  # 1  Add  # 2  Add  # 3  Add  # 4  Add  # 5  Add  # 6  Add  # 7  Add  # 8  Add  # 9  Add  #10  Add  #11
 -------- ---------  --------  --------  --------  --------  --------  --------  --------  --------  --------  --------  --------
 EED12A   1965 2003     5 .25    -3 .20     6 .12     0 .10   -13 .05     2 .05    -7 .04   -10 .01     7 .01   --- ---   --- ---
===================  ========  ========  ========  ========  ========  ========  ========  ========  ========  ========  ========
           Counted       Corr      Corr      Corr      Corr      Corr      Corr      Corr      Corr      Corr      Corr      Corr
 Series    Segment   Add  # 1  Add  # 2  Add  # 3  Add  # 4  Add  # 5  Add  # 6  Add  # 7  Add  # 8  Add  # 9  Add  #10  Add  #11
 -------- ---------  --------  --------  --------  --------  --------  --------  --------  --------  --------  --------  --------
 EED12B   1965 2002     0 .44   -13 .35    -4 .16    -9 .12     5 .06    -2 .05     7 .05     2 .03     1 .02    -7 .00   --- ---
===================  ========  ========  ========  ========  ========  ========  ========  ========  ========  ========  ========
           Counted       Corr      Corr      Corr      Corr      Corr      Corr      Corr      Corr      Corr      Corr      Corr
 Series    Segment   Add  # 1  Add  # 2  Add  # 3  Add  # 4  Add  # 5  Add  # 6  Add  # 7  Add  # 8  Add  # 9  Add  #10  Add  #11
 -------- ---------  --------  --------  --------  --------  --------  --------  --------  --------  --------  --------  --------
 EED14A   1962 2007   -10 .38     1 .26     0 .22    -6 .14    -4 .03    -5 .00   --- ---   --- ---   --- ---   --- ---   --- ---
===================  ========  ========  ========  ========  ========  ========  ========  ========  ========  ========  ========
           Counted       Corr      Corr      Corr      Corr      Corr      Corr      Corr      Corr      Corr      Corr      Corr
 Series    Segment   Add  # 1  Add  # 2  Add  # 3  Add  # 4  Add  # 5  Add  # 6  Add  # 7  Add  # 8  Add  # 9  Add  #10  Add  #11
 -------- ---------  --------  --------  --------  --------  --------  --------  --------  --------  --------  --------  --------
 EED14B   1961 2005     0 .33    -2 .18     2 .17     4 .15    -1 .09     3 .08    -5 .08    -7 .01   --- ---   --- ---   --- ---
===================  ========  ========  ========  ========  ========  ========  ========  ========  ========  ========  ========
       26 undated series

                                              - = [  COFECHA EE   COF  ] = -
