[]  Dendrochronology Program Library                                        Run KK     Program COF  09:09  Wed 16 Nov 2011  Page   1
[]
[]  P R O G R A M      C O F E C H A                                                                          Version 6.06P    28080
------------------------------------------------------------------------------------------------------------------------------------

 QUALITY CONTROL AND DATING CHECK OF TREE-RING MEASUREMENTS

 Title of run:           kk                                      

 File of DATED series:   KKL.raw

 File of UNDATED series: KKD.raw

 CONTENTS:

    Part 1:  Title page, options selected, summary, absent rings by series
    Part 2:  Histogram of time spans
    Part 3:  Master series with sample depth and absent rings by year
    Part 4:  Bar plot of Master Dating Series
    Part 5:  Correlation by segment of each series with Master
    Part 6:  Potential problems: low correlation, divergent year-to-year changes, absent rings, outliers
    Part 7:  Descriptive statistics
    Part 8:  Undated series - adjustments for highest correlations

 RUN CONTROL OPTIONS SELECTED                             VALUE

         1  Cubic smoothing spline 50% wavelength cutoff for filtering
                                                            32 years
         2  Segments examined are                           50 years lagged successively by  25 years
         3  Autoregressive model applied                     A  Residuals are used in master dating series and testing
         4  Series transformed to logarithms                 Y  Each series log-transformed for master dating series and testing
         5  CORRELATION is Pearson (parametric, quantitative)
            Critical correlation, 99% confidence level   .3281
         6  Master dating series saved                       N
         7  Ring measurements listed                         N
         8  Parts printed                             12345678 
         9  Absent rings are omitted from master series and segment correlations  (Y)

 Time span of Master dating series is  1956 to  2010    55 years
 Continuous time span is               1956 to  2010    55 years
 Portion with two or more series is    1956 to  2010    55 years

 >> KKL15B      2001 absent in   1 of   30 series, but is not usually narrow: master index is   .555

                                        ****************************************
                                        *C* Number of dated series        30 *C*
                                        *O* Master series 1956 2010   55 yrs *O*
                                        *F* Total rings in all series   1351 *F*
                                        *E* Total dated rings checked   1351 *E*
                                        *C* Series intercorrelation     .582 *C*
                                        *H* Average mean sensitivity    .278 *H*
                                        *A* Segments, possible problems    8 *A*
                                        *** Mean length of series       45.0 ***
                                        ****************************************

 ABSENT RINGS listed by SERIES:            (See Master Dating Series for absent rings listed by year)

 KKL11B      1 absent rings:   2002
 KKL15B      1 absent rings:   2001

             2 absent rings    .148%
PART 2:  TIME PLOT OF TREE-RING SERIES: kk                                                         09:09  Wed 16 Nov 2011  Page   2
------------------------------------------------------------------------------------------------------------------------------------
 1050 1100 1150 1200 1250 1300 1350 1400 1450 1500 1550 1600 1650 1700 1750 1800 1850 1900 1950 2000 2050 Ident   Seq Time-span  Yrs
   :    :    :    :    :    :    :    :    :    :    :    :    :    :    :    :    :    :    :    :    : -------- --- ---- ---- ----
   .    .    .    .    .    .    .    .    .    .    .    .    .    .    .    .    .    .    <=====>   . KKL01A     1 1956 2010   55
   .    .    .    .    .    .    .    .    .    .    .    .    .    .    .    .    .    .    <=====>   . KKL01B     2 1956 2010   55
   .    .    .    .    .    .    .    .    .    .    .    .    .    .    .    .    .    .    <=====>   . KKL02A     3 1958 2010   53
   .    .    .    .    .    .    .    .    .    .    .    .    .    .    .    .    .    .    <=====>   . KKL02B     4 1957 2010   54
   .    .    .    .    .    .    .    .    .    .    .    .    .    .    .    .    .    .    <=====>   . KKL03A     5 1959 2010   52
   .    .    .    .    .    .    .    .    .    .    .    .    .    .    .    .    .    .    <=====>   . KKL03B     6 1957 2010   54
   .    .    .    .    .    .    .    .    .    .    .    .    .    .    .    .    .    .    <=====>   . KKL04A     7 1958 2010   53
   .    .    .    .    .    .    .    .    .    .    .    .    .    .    .    .    .    .    <=====>   . KKL04B     8 1958 2010   53
   .    .    .    .    .    .    .    .    .    .    .    .    .    .    .    .    .    .    <=====>   . KKL05A     9 1958 2010   53
   .    .    .    .    .    .    .    .    .    .    .    .    .    .    .    .    .    .    <=====>   . KKL05B    10 1958 2010   53
   .    .    .    .    .    .    .    .    .    .    .    .    .    .    .    .    .    .    .<====>   . KKL06A    11 1960 2010   51
   .    .    .    .    .    .    .    .    .    .    .    .    .    .    .    .    .    .    .<====>   . KKL06B    12 1960 2010   51
   .    .    .    .    .    .    .    .    .    .    .    .    .    .    .    .    .    .    <=====>   . KKL08A    13 1957 2010   54
   .    .    .    .    .    .    .    .    .    .    .    .    .    .    .    .    .    .    <=====>   . KKL08B    14 1958 2010   53
   .    .    .    .    .    .    .    .    .    .    .    .    .    .    .    .    .    .    <=====>   . KKL09A    15 1956 2010   55
   .    .    .    .    .    .    .    .    .    .    .    .    .    .    .    .    .    .    <=====>   . KKL09B    16 1957 2010   54
   .    .    .    .    .    .    .    .    .    .    .    .    .    .    .    .    .    .    .  <==>   . KKL10A    17 1980 2010   31
   .    .    .    .    .    .    .    .    .    .    .    .    .    .    .    .    .    .    . <===>   . KKL10B    18 1971 2010   40
   .    .    .    .    .    .    .    .    .    .    .    .    .    .    .    .    .    .    .<====>   . KKL11A    19 1969 2010   42
   .    .    .    .    .    .    .    .    .    .    .    .    .    .    .    .    .    .    .<===>    . KKL11B    20 1967 2008   42
   .    .    .    .    .    .    .    .    .    .    .    .    .    .    .    .    .    .    . <===>   . KKL12A    21 1976 2010   35
   .    .    .    .    .    .    .    .    .    .    .    .    .    .    .    .    .    .    .  <==>   . KKL12B    22 1981 2010   30
   .    .    .    .    .    .    .    .    .    .    .    .    .    .    .    .    .    .    . <===>   . KKL13A    23 1973 2010   38
   .    .    .    .    .    .    .    .    .    .    .    .    .    .    .    .    .    .    . <==>    . KKL13B    24 1970 2002   33
   .    .    .    .    .    .    .    .    .    .    .    .    .    .    .    .    .    .    . <===>   . KKL14A    25 1977 2010   34
   .    .    .    .    .    .    .    .    .    .    .    .    .    .    .    .    .    .    . <===>   . KKL14B    26 1973 2010   38
   .    .    .    .    .    .    .    .    .    .    .    .    .    .    .    .    .    .    . <==>    . KKL15A    27 1977 2009   33
   .    .    .    .    .    .    .    .    .    .    .    .    .    .    .    .    .    .    . <===>   . KKL15B    28 1976 2010   35
   .    .    .    .    .    .    .    .    .    .    .    .    .    .    .    .    .    .    . <==>    . KKL16A    29 1975 2006   32
   .    .    .    .    .    .    .    .    .    .    .    .    .    .    .    .    .    .    . <===>   . KKL16B    30 1976 2010   35
   :    :    :    :    :    :    :    :    :    :    :    :    :    :    :    :    :    :    :    :    :
 1050 1100 1150 1200 1250 1300 1350 1400 1450 1500 1550 1600 1650 1700 1750 1800 1850 1900 1950 2000 2050
   :    :    :    :    :    :    :    :    :    :    :    :    :    :    :    :    :    :    :    :    :
 1050 1100 1150 1200 1250 1300 1350 1400 1450 1500 1550 1600 1650 1700 1750 1800 1850 1900 1950 2000 2050
PART 3:  Master Dating Series: kk                                                                  09:09  Wed 16 Nov 2011  Page   3
------------------------------------------------------------------------------------------------------------------------------------
  Year  Value  No Ab    Year  Value  No Ab    Year  Value  No Ab    Year  Value  No Ab    Year  Value  No Ab    Year  Value  No Ab
  ------------------    ------------------    ------------------    ------------------    ------------------    ------------------
                        2000  -.212  30
                        2001   .555  30  1<<
                        2002 -4.183  30  1
                        2003   .518  29
                        2004 -1.549  29
                        2005   .472  29
  1956   .281   3       2006  -.738  29
  1957  1.102   7       2007   .129  28
  1958   .974  13       2008   .604  28
  1959   .792  14       2009  1.345  27

  1960   .688  16       2010   .814  26
  1961  -.584  16
  1962  -.939  16
  1963   .906  16
  1964   .782  16
  1965   .094  16
  1966  -.635  16
  1967 -1.510  17
  1968  -.061  17
  1969 -1.294  18

  1970  -.484  19
  1971 -1.227  20
  1972 -1.423  20
  1973  -.853  22
  1974   .554  22
  1975  1.168  23
  1976   .417  26
  1977  1.312  28
  1978   .922  28
  1979  1.578  28

  1980  -.281  29
  1981  -.375  30
  1982 -1.222  30
  1983  -.705  30
  1984   .727  30
  1985  -.657  30
  1986   .835  30
  1987   .045  30
  1988   .836  30
  1989   .571  30

  1990 -1.502  30
  1991   .722  30
  1992  -.448  30
  1993   .185  30
  1994   .777  30
  1995  -.431  30
  1996   .256  30
  1997   .251  30
  1998  -.315  30
  1999   .412  30
------------------------------------------------------------------------------------------------------------------------------------
PART 4:  Master Bar Plot: kk                                                                       09:09  Wed 16 Nov 2011  Page   4
------------------------------------------------------------------------------------------------------------------------------------
   Year Rel value  Year Rel value  Year Rel value  Year Rel value  Year Rel value  Year Rel value  Year Rel value  Year Rel value
                   2000----a
                   2001-------B
                   2002q
                   2003------B
                   2004f
                   2005------B
   1956-----A      2006--c
   1957---------D  2007-----A
   1958---------D  2008-------B
   1959--------C   2009----------E
   1960-------C    2010--------C
   1961--b
   1962--d
   1963---------D
   1964--------C
   1965----@
   1966--c
   1967f
   1968----@
   1969-e
   1970---b
   1971-e
   1972f
   1973--c
   1974-------B
   1975----------E
   1976------B
   1977----------E
   1978---------D
   1979----------F
   1980---a
   1981---a
   1982-e
   1983--c
   1984--------C
   1985--c
   1986--------C
   1987----@
   1988--------C
   1989-------B
   1990f
   1991--------C
   1992---b
   1993-----A
   1994--------C
   1995---b
   1996-----A
   1997-----A
   1998---a
   1999------B
PART 5:  CORRELATION OF SERIES BY SEGMENTS: kk                                                     09:09  Wed 16 Nov 2011  Page   5
------------------------------------------------------------------------------------------------------------------------------------
 Correlations of  50-year dated segments, lagged  25 years
 Flags:  A = correlation under   .3281 but highest as dated;  B = correlation higher at other than dated position

 Seq Series  Time_span   1950 1975
                         1999 2024
 --- -------- ---------  ---- ---- ---- ---- ---- ---- ---- ---- ---- ---- ---- ---- ---- ---- ---- ---- ---- ---- ---- ----
   1 KKL01A   1956 2010   .65  .65
   2 KKL01B   1956 2010   .68  .66
   3 KKL02A   1958 2010   .66  .68
   4 KKL02B   1957 2010   .32A .34
   5 KKL03A   1959 2010   .57  .57
   6 KKL03B   1957 2010   .62  .63
   7 KKL04A   1958 2010   .81  .82
   8 KKL04B   1958 2010   .71  .70
   9 KKL05A   1958 2010   .56  .55
  10 KKL05B   1958 2010   .74  .73
  11 KKL06A   1960 2010   .80  .80
  12 KKL06B   1960 2010   .80  .79
  13 KKL08A   1957 2010   .82  .80
  14 KKL08B   1958 2010   .89  .89
  15 KKL09A   1956 2010   .59  .61
  16 KKL09B   1957 2010   .65  .67
  17 KKL10A   1980 2010        .86
  18 KKL10B   1971 2010   .69
  19 KKL11A   1969 2010   .67
  20 KKL11B   1967 2008   .03B
  21 KKL12A   1976 2010        .75
  22 KKL12B   1981 2010        .29B
  23 KKL13A   1973 2010   .16B
  24 KKL13B   1970 2002  -.07B
  25 KKL14A   1977 2010       -.03B
  26 KKL14B   1973 2010   .71
  27 KKL15A   1977 2009       -.04B
  28 KKL15B   1976 2010        .28A
  29 KKL16A   1975 2006        .40
  30 KKL16B   1976 2010        .85
 Av segment correlation   .59  .59
PART 6:  POTENTIAL PROBLEMS: kk                                                                    09:09  Wed 16 Nov 2011  Page   5
------------------------------------------------------------------------------------------------------------------------------------

 For each series with potential problems the following diagnostics may appear:

 [A] Correlations with master dating series of flagged  50-year segments of series filtered with  32-year spline,
     at every point from ten years earlier (-10) to ten years later (+10) than dated

 [B] Effect of those data values which most lower or raise correlation with master series
     Symbol following year indicates value in series is greater (>) or lesser (<) than master series value

 [C] Year-to-year changes very different from the mean change in other series

 [D] Absent rings (zero values)

 [E] Values which are statistical outliers from mean for the year
====================================================================================================================================

 KKL01A    1956 to  2010      55 years                                                                                    Series   1

 [B] Entire series, effect on correlation (  .604) is:
       Lower   1963< -.045   1957< -.039   2006> -.027   1967> -.025   2010< -.020   1992< -.020  Higher   2002  .242   1990  .021

====================================================================================================================================

 KKL01B    1956 to  2010      55 years                                                                                    Series   2

 [B] Entire series, effect on correlation (  .652) is:
       Lower   1994< -.038   1982> -.030   1965< -.023   1956> -.019   1984< -.016   2006> -.016  Higher   2002  .127   1990  .023

====================================================================================================================================

 KKL02A    1958 to  2010      53 years                                                                                    Series   3

 [B] Entire series, effect on correlation (  .672) is:
       Lower   1962< -.026   1965> -.024   1977< -.016   1971> -.016   1963< -.010   1960< -.010  Higher   2002  .088   1990  .014

====================================================================================================================================

 KKL02B    1957 to  2010      54 years                                                                                    Series   4

 [A] Segment   High   -10   -9   -8   -7   -6   -5   -4   -3   -2   -1   +0   +1   +2   +3   +4   +5   +6   +7   +8   +9  +10
    ---------  ----   ---  ---  ---  ---  ---  ---  ---  ---  ---  ---  ---  ---  ---  ---  ---  ---  ---  ---  ---  ---  ---
    1957 2006    0      -    -    -    -    -    -    -    -    - -.10  .32*-.21  .08 -.03 -.05    -    -    -    -    -    -

 [B] Entire series, effect on correlation (  .327) is:
       Lower   1961> -.043   1997< -.015   2007< -.014   1964< -.014   1969> -.013   2006> -.012  Higher   2004  .028   1990  .016
     1957 to 2006 segment:
       Lower   1961> -.045   1997< -.017   1964< -.015   1992< -.014   1995< -.014   1969> -.014  Higher   2004  .028   1990  .017

 [C] Year-to-year changes diverging by over 4.0 std deviations:
       1960 1961   4.0 SD

 [E] Outliers     2   3.0 SD above or -4.5 SD below mean for year
       1961 +3.6 SD;    2002 +3.2 SD
====================================================================================================================================

 KKL03A    1959 to  2010      52 years                                                                                    Series   5

 [B] Entire series, effect on correlation (  .573) is:
       Lower   2002> -.041   1995< -.029   1967> -.024   1987< -.015   1963< -.014   1996< -.011  Higher   1990  .033   1979  .016

====================================================================================================================================

 KKL03B    1957 to  2010      54 years                                                                                    Series   6

 [B] Entire series, effect on correlation (  .628) is:
       Lower   2002> -.133   2005< -.021   1958< -.015   1994< -.013   1998> -.007   1970> -.003  Higher   1990  .031   1979  .014

====================================================================================================================================

 KKL04A    1958 to  2010      53 years                                                                                    Series   7

 [B] Entire series, effect on correlation (  .815) is:
       Lower   1962> -.046   1981> -.016   2001< -.009   1997> -.007   1999< -.006   1985> -.005  Higher   2002  .148   1990  .008

====================================================================================================================================

 KKL04B    1958 to  2010      53 years                                                                                    Series   8

 [B] Entire series, effect on correlation (  .702) is:
       Lower   1978< -.045   1992> -.042   1962> -.036   2008< -.011   1987< -.009   1991< -.007  Higher   2002  .223   1963  .007

====================================================================================================================================

 KKL05A    1958 to  2010      53 years                                                                                    Series   9

 [B] Entire series, effect on correlation (  .571) is:
       Lower   1985< -.036   1996< -.033   2007< -.018   2002> -.018   1997< -.014   1981> -.010  Higher   1990  .026   1977  .012

====================================================================================================================================

 KKL05B    1958 to  2010      53 years                                                                                    Series  10

 [B] Entire series, effect on correlation (  .742) is:
       Lower   1997< -.023   1974< -.022   1969> -.015   1982> -.012   1965> -.011   1988< -.008  Higher   2002  .154   1979  .010

====================================================================================================================================

 KKL06A    1960 to  2010      51 years                                                                                    Series  11

 [B] Entire series, effect on correlation (  .805) is:
       Lower   1976< -.016   2004> -.016   1984< -.016   1998> -.012   2003< -.009   1995< -.008  Higher   2002  .165   1979  .008

====================================================================================================================================

 KKL06B    1960 to  2010      51 years                                                                                    Series  12

 [B] Entire series, effect on correlation (  .792) is:
       Lower   1984< -.031   1989< -.014   1992> -.014   1985> -.013   2003< -.011   1983< -.008  Higher   2002  .148   1990  .012

====================================================================================================================================

 KKL08A    1957 to  2010      54 years                                                                                    Series  13

 [B] Entire series, effect on correlation (  .782) is:
       Lower   1993< -.048   2009< -.022   1957< -.013   2007> -.010   1995> -.009   1962> -.006  Higher   2002  .178   1979  .007

====================================================================================================================================

 KKL08B    1958 to  2010      53 years                                                                                    Series  14

 [B] Entire series, effect on correlation (  .892) is:
       Lower   1995> -.015   2004> -.013   1993< -.013   1971> -.007   1998< -.005   1996> -.004  Higher   2002  .090   1990  .004

====================================================================================================================================

 KKL09A    1956 to  2010      55 years                                                                                    Series  15

 [B] Entire series, effect on correlation (  .597) is:
       Lower   1966> -.024   1971> -.018   1973< -.013   2004> -.012   1981> -.012   1965> -.010  Higher   1990  .031   2002  .026

====================================================================================================================================

 KKL09B    1957 to  2010      54 years                                                                                    Series  16

 [B] Entire series, effect on correlation (  .633) is:
       Lower   1958< -.040   2004> -.020   1993> -.017   1962> -.016   1988< -.013   1981> -.012  Higher   2002  .223   1979  .014

====================================================================================================================================

 KKL10A    1980 to  2010      31 years                                                                                    Series  17

 [B] Entire series, effect on correlation (  .856) is:
       Lower   2006< -.042   2004> -.033   1995> -.015   1999< -.009   1997> -.005   1985< -.004  Higher   2002  .162   1990  .007

====================================================================================================================================

 KKL10B    1971 to  2010      40 years                                                                                    Series  18

 [B] Entire series, effect on correlation (  .688) is:
       Lower   1971< -.020   1985< -.013   1980< -.013   2006> -.012   1983> -.012   2005< -.010  Higher   2002  .050   1990  .013

====================================================================================================================================

 KKL11A    1969 to  2010      42 years                                                                                    Series  19

 [B] Entire series, effect on correlation (  .675) is:
       Lower   2000< -.049   2004> -.042   1992> -.031   1973> -.023   1971< -.021   1972> -.017  Higher   2002  .221   1990  .013

====================================================================================================================================

 KKL11B    1967 to  2008      42 years                                                                                    Series  20

 [A] Segment   High   -10   -9   -8   -7   -6   -5   -4   -3   -2   -1   +0   +1   +2   +3   +4   +5   +6   +7   +8   +9  +10
    ---------  ----   ---  ---  ---  ---  ---  ---  ---  ---  ---  ---  ---  ---  ---  ---  ---  ---  ---  ---  ---  ---  ---
    1967 2008    2    .10 -.09  .15  .03 -.02 -.07 -.44  .09 -.38  .06  .03|-.08  .38*   -    -    -    -    -    -    -    -

 [B] Entire series, effect on correlation (  .472) is:
       Lower   1979< -.051   1978< -.049   2004> -.038   2005< -.025   1968< -.020   1982> -.018  Higher   2002  .440   1967  .021
     1967 to 2008 segment:
       Lower   1979< -.051   1978< -.049   2004> -.038   2005< -.025   1968< -.020   1982> -.018  Higher   2002  .440   1967  .021

 [D]    1 Absent rings:  Year   Master  N series Absent
                         2002   -4.183      30       1

====================================================================================================================================

 KKL12A    1976 to  2010      35 years                                                                                    Series  21

 [B] Entire series, effect on correlation (  .755) is:
       Lower   1979< -.027   1995> -.021   1992> -.021   2004> -.017   1980> -.015   1996> -.011  Higher   2002  .251   1990  .026

====================================================================================================================================

 KKL12B    1981 to  2010      30 years                                                                                    Series  22

 [A] Segment   High   -10   -9   -8   -7   -6   -5   -4   -3   -2   -1   +0   +1   +2   +3   +4   +5   +6   +7   +8   +9  +10
    ---------  ----   ---  ---  ---  ---  ---  ---  ---  ---  ---  ---  ---  ---  ---  ---  ---  ---  ---  ---  ---  ---  ---
    1981 2010   -4   -.23 -.37 -.01 -.28  .08 -.20  .51* .11  .05  .04  .29|   -    -    -    -    -    -    -    -    -    -

 [B] Entire series, effect on correlation (  .285) is:
       Lower   1986< -.053   1982> -.038   1995> -.032   2006< -.028   1996< -.021   1990> -.018  Higher   2002  .246   2009  .035
     1981 to 2010 segment:
       Lower   1986< -.053   1982> -.038   1995> -.032   2006< -.028   1996< -.021   1990> -.018  Higher   2002  .246   2009  .035

====================================================================================================================================

 KKL13A    1973 to  2010      38 years                                                                                    Series  23

 [A] Segment   High   -10   -9   -8   -7   -6   -5   -4   -3   -2   -1   +0   +1   +2   +3   +4   +5   +6   +7   +8   +9  +10
    ---------  ----   ---  ---  ---  ---  ---  ---  ---  ---  ---  ---  ---  ---  ---  ---  ---  ---  ---  ---  ---  ---  ---
    1973 2010   -1    .17  .19  .03 -.22  .05 -.18  .07 -.18  .07  .29* .16|   -    -    -    -    -    -    -    -    -    -

 [B] Entire series, effect on correlation (  .160) is:
       Lower   1991< -.373   1990> -.046   1985> -.019   1998> -.010   1974< -.009   1989< -.006  Higher   2002  .193   2009  .026
     1973 to 2010 segment:
       Lower   1991< -.373   1990> -.046   1985> -.019   1998> -.010   1974< -.009   1989< -.006  Higher   2002  .193   2009  .026

 [C] Year-to-year changes diverging by over 4.0 std deviations:
       1990 1991  -5.7 SD    1991 1992   4.5 SD

 [E] Outliers     1   3.0 SD above or -4.5 SD below mean for year
       1991 -7.3 SD
====================================================================================================================================

 KKL13B    1970 to  2002      33 years                                                                                    Series  24

 [A] Segment   High   -10   -9   -8   -7   -6   -5   -4   -3   -2   -1   +0   +1   +2   +3   +4   +5   +6   +7   +8   +9  +10
    ---------  ----   ---  ---  ---  ---  ---  ---  ---  ---  ---  ---  ---  ---  ---  ---  ---  ---  ---  ---  ---  ---  ---
    1970 2002    1   -.03  .22  .05 -.31 -.04 -.40 -.04 -.03  .03  .29 -.07| .79*-.09  .33 -.15 -.09 -.10 -.32 -.08    -    -

 [B] Entire series, effect on correlation ( -.068) is:
       Lower   2001< -.082   1990> -.060   1985> -.020   1995> -.014   1973> -.007   1975< -.006  Higher   1982  .052   1978  .027
     1970 to 2002 segment:
       Lower   2001< -.082   1990> -.060   1985> -.020   1995> -.014   1973> -.007   1975< -.006  Higher   1982  .052   1978  .027

 [C] Year-to-year changes diverging by over 4.0 std deviations:
       2001 2002   5.8 SD

 [E] Outliers     2   3.0 SD above or -4.5 SD below mean for year
       1990 +3.0 SD;    2002 +3.6 SD
====================================================================================================================================

 KKL14A    1977 to  2010      34 years                                                                                    Series  25

 [A] Segment   High   -10   -9   -8   -7   -6   -5   -4   -3   -2   -1   +0   +1   +2   +3   +4   +5   +6   +7   +8   +9  +10
    ---------  ----   ---  ---  ---  ---  ---  ---  ---  ---  ---  ---  ---  ---  ---  ---  ---  ---  ---  ---  ---  ---  ---
    1977 2010   -6   -.13 -.27  .10 -.06  .47* .03  .07 -.06  .06 -.10 -.03|   -    -    -    -    -    -    -    -    -    -

 [B] Entire series, effect on correlation ( -.028) is:
       Lower   2008< -.082   1977< -.045   1982> -.018   1981> -.012   1990> -.010   1986< -.010  Higher   2002  .062   1991  .024
     1977 to 2010 segment:
       Lower   2008< -.082   1977< -.045   1982> -.018   1981> -.012   1990> -.010   1986< -.010  Higher   2002  .062   1991  .024

====================================================================================================================================

 KKL14B    1973 to  2010      38 years                                                                                    Series  26

 [B] Entire series, effect on correlation (  .708) is:
       Lower   1975< -.055   1990> -.040   2007> -.015   1994< -.013   2004< -.010   2000> -.008  Higher   2002  .151   1979  .012

====================================================================================================================================

 KKL15A    1977 to  2009      33 years                                                                                    Series  27

 [A] Segment   High   -10   -9   -8   -7   -6   -5   -4   -3   -2   -1   +0   +1   +2   +3   +4   +5   +6   +7   +8   +9  +10
    ---------  ----   ---  ---  ---  ---  ---  ---  ---  ---  ---  ---  ---  ---  ---  ---  ---  ---  ---  ---  ---  ---  ---
    1977 2009    1    .08  .28  .02 -.11 -.21 -.22 -.12  .06 -.04  .16 -.04| .74*   -    -    -    -    -    -    -    -    -

 [B] Entire series, effect on correlation ( -.038) is:
       Lower   2002> -.068   2001< -.046   2005< -.026   1990> -.021   2003< -.016   1989< -.014  Higher   1981  .034   1978  .025
     1977 to 2009 segment:
       Lower   2002> -.068   2001< -.046   2005< -.026   1990> -.021   2003< -.016   1989< -.014  Higher   1981  .034   1978  .025

 [C] Year-to-year changes diverging by over 4.0 std deviations:
       2001 2002   5.1 SD    2002 2003  -4.2 SD

 [E] Outliers     1   3.0 SD above or -4.5 SD below mean for year
       2002 +4.3 SD
====================================================================================================================================

 KKL15B    1976 to  2010      35 years                                                                                    Series  28

 [A] Segment   High   -10   -9   -8   -7   -6   -5   -4   -3   -2   -1   +0   +1   +2   +3   +4   +5   +6   +7   +8   +9  +10
    ---------  ----   ---  ---  ---  ---  ---  ---  ---  ---  ---  ---  ---  ---  ---  ---  ---  ---  ---  ---  ---  ---  ---
    1976 2010    0    .20  .23 -.25  .02 -.11 -.24  .16 -.10  .27 -.16  .28*   -    -    -    -    -    -    -    -    -    -

 [B] Entire series, effect on correlation (  .105) is:
       Lower   2001< -.177   1990> -.072   1979< -.034   1984< -.017   1985> -.014   1983> -.012  Higher   2002  .185   2009  .022
     1976 to 2010 segment:
       Lower   2001< -.177   1990> -.072   1979< -.034   1984< -.017   1985> -.014   1983> -.012  Higher   2002  .185   2009  .022

 [C] Year-to-year changes diverging by over 4.0 std deviations:
       2000 2001  -4.2 SD    2001 2002   5.7 SD

 [D]    1 Absent rings:  Year   Master  N series Absent
                         2001     .555      30       1  >> WARNING:  Ring is not usually narrow

 [E] Outliers     1   3.0 SD above or -4.5 SD below mean for year
       2001 -6.5 SD
====================================================================================================================================

 KKL16A    1975 to  2006      32 years                                                                                    Series  29

 [B] Entire series, effect on correlation (  .401) is:
       Lower   1975< -.073   1976< -.046   1992< -.040   2002> -.030   1996< -.014   1980> -.013  Higher   1990  .061   1979  .026

====================================================================================================================================

 KKL16B    1976 to  2010      35 years                                                                                    Series  30

 [B] Entire series, effect on correlation (  .848) is:
       Lower   2003< -.021   1977< -.015   1993> -.015   1988< -.009   1999< -.008   1976< -.007  Higher   2002  .160   2004  .007

====================================================================================================================================
PART 7:  DESCRIPTIVE STATISTICS: kk                                                                09:09  Wed 16 Nov 2011  Page   6
------------------------------------------------------------------------------------------------------------------------------------

                                                Corr   //-------- Unfiltered --------\\  //---- Filtered -----\\
                           No.    No.    No.    with   Mean   Max     Std   Auto   Mean   Max     Std   Auto  AR
 Seq Series   Interval   Years  Segmt  Flags   Master  msmt   msmt    dev   corr   sens  value    dev   corr  ()
 --- -------- ---------  -----  -----  -----   ------ -----  -----  -----  -----  -----  -----  -----  -----  --
   1 KKL01A   1956 2010     55      2      0    .604    .49   1.07   .206   .644   .285   2.49   .431  -.104   1
   2 KKL01B   1956 2010     55      2      0    .652    .52   1.35   .283   .751   .303   2.75   .548  -.065   2
   3 KKL02A   1958 2010     53      2      0    .672    .94   1.69   .328   .612   .270   2.73   .608  -.111   1
   4 KKL02B   1957 2010     54      2      1    .327   1.07   1.93   .379   .718   .216   2.98   .621  -.025   1
   5 KKL03A   1959 2010     52      2      0    .573   1.10   2.19   .450   .622   .274   2.57   .531  -.046   3
   6 KKL03B   1957 2010     54      2      0    .628   1.06   2.25   .474   .620   .338   2.74   .567  -.035   1
   7 KKL04A   1958 2010     53      2      0    .815    .88   1.73   .394   .724   .277   2.45   .385  -.018   1
   8 KKL04B   1958 2010     53      2      0    .702    .85   2.11   .417   .702   .276   2.59   .399  -.093   1
   9 KKL05A   1958 2010     53      2      0    .571    .83   1.56   .419   .732   .321   2.53   .478  -.096   3
  10 KKL05B   1958 2010     53      2      0    .742    .72   1.80   .438   .767   .305   2.56   .449  -.043   1
  11 KKL06A   1960 2010     51      2      0    .805   1.27   2.24   .503   .711   .227   2.49   .383  -.017   1
  12 KKL06B   1960 2010     51      2      0    .792   1.21   2.08   .443   .557   .283   2.53   .424   .008   1
  13 KKL08A   1957 2010     54      2      0    .782    .78   1.85   .361   .658   .312   2.50   .372  -.072   3
  14 KKL08B   1958 2010     53      2      0    .892    .94   1.90   .428   .707   .316   2.37   .369  -.027   2
  15 KKL09A   1956 2010     55      2      0    .597    .79   1.49   .326   .535   .289   2.67   .540  -.027   2
  16 KKL09B   1957 2010     54      2      0    .633    .86   1.95   .425   .672   .287   2.60   .440  -.047   1
  17 KKL10A   1980 2010     31      1      0    .856   1.60   2.38   .430   .348   .258   2.40   .493  -.061   2
  18 KKL10B   1971 2010     40      1      0    .688   1.75   3.18   .583   .620   .230   2.73   .641  -.023   1
  19 KKL11A   1969 2010     42      1      0    .675   1.39   2.05   .318   .543   .185   2.52   .497  -.010   2
  20 KKL11B   1967 2008     42      1      1    .472   1.32   2.26   .489   .653   .339   2.44   .446  -.029   1
  21 KKL12A   1976 2010     35      1      0    .755   1.49   2.36   .418   .394   .247   2.47   .478  -.003   1
  22 KKL12B   1981 2010     30      1      1    .285   1.46   2.12   .343   .337   .222   2.60   .587  -.069   1
  23 KKL13A   1973 2010     38      1      1    .160   1.37   2.08   .382   .220   .305   2.32   .376  -.059   1
  24 KKL13B   1970 2002     33      1      1   -.068   1.41   2.42   .386   .279   .252   2.56   .504   .002   1
  25 KKL14A   1977 2010     34      1      1   -.028   1.04   1.60   .263   .420   .202   2.56   .575  -.024   1
  26 KKL14B   1973 2010     38      1      0    .708   1.09   1.93   .304   .382   .235   2.60   .576  -.037   1
  27 KKL15A   1977 2009     33      1      1   -.038   1.45   2.00   .320  -.131   .298   2.44   .573   .054   1
  28 KKL15B   1976 2010     35      1      1    .105   1.51   2.36   .444   .209   .361   2.34   .403   .082   1
  29 KKL16A   1975 2006     32      1      0    .401   1.29   2.23   .444   .426   .285   2.59   .665  -.008   1
  30 KKL16B   1976 2010     35      1      0    .848   1.78   3.38   .526   .355   .269   2.52   .469   .082   1
 --- -------- ---------  -----  -----  -----   ------ -----  -----  -----  -----  -----  -----  -----  -----  --
 Total or mean:           1351     46      8    .582   1.09   3.38   .396   .561   .278   2.98   .489  -.035
PART 8:  ADJUSTMENTS FOR UNDATED SERIES: kk                                                        09:09  Wed 16 Nov 2011  Page   7
------------------------------------------------------------------------------------------------------------------------------------

 Time span  1956  2010    55 years, best matches for  50-year segments lagged  25 years
 Listed in order from highest correlation

           Counted       Corr      Corr      Corr      Corr      Corr      Corr      Corr      Corr      Corr      Corr      Corr
 Series    Segment   Add  # 1  Add  # 2  Add  # 3  Add  # 4  Add  # 5  Add  # 6  Add  # 7  Add  # 8  Add  # 9  Add  #10  Add  #11
 -------- ---------  --------  --------  --------  --------  --------  --------  --------  --------  --------  --------  --------
 KKD01A   1958 1996     0 .40    13 .32     1 .27    -2 .20    10 .09    11 .05     9 .03   --- ---   --- ---   --- ---   --- ---
===================  ========  ========  ========  ========  ========  ========  ========  ========  ========  ========  ========
           Counted       Corr      Corr      Corr      Corr      Corr      Corr      Corr      Corr      Corr      Corr      Corr
 Series    Segment   Add  # 1  Add  # 2  Add  # 3  Add  # 4  Add  # 5  Add  # 6  Add  # 7  Add  # 8  Add  # 9  Add  #10  Add  #11
 -------- ---------  --------  --------  --------  --------  --------  --------  --------  --------  --------  --------  --------
 KKD01B   1959 1997     2 .40     1 .31     0 .27     4 .12    -3 .10    13 .06    12 .03    -1 .02   --- ---   --- ---   --- ---
===================  ========  ========  ========  ========  ========  ========  ========  ========  ========  ========  ========
           Counted       Corr      Corr      Corr      Corr      Corr      Corr      Corr      Corr      Corr      Corr      Corr
 Series    Segment   Add  # 1  Add  # 2  Add  # 3  Add  # 4  Add  # 5  Add  # 6  Add  # 7  Add  # 8  Add  # 9  Add  #10  Add  #11
 -------- ---------  --------  --------  --------  --------  --------  --------  --------  --------  --------  --------  --------
 KKD02A   1962 2001     0 .65     3 .22    -2 .21     2 .20     1 .19     5 .07   --- ---   --- ---   --- ---   --- ---   --- ---
===================  ========  ========  ========  ========  ========  ========  ========  ========  ========  ========  ========
           Counted       Corr      Corr      Corr      Corr      Corr      Corr      Corr      Corr      Corr      Corr      Corr
 Series    Segment   Add  # 1  Add  # 2  Add  # 3  Add  # 4  Add  # 5  Add  # 6  Add  # 7  Add  # 8  Add  # 9  Add  #10  Add  #11
 -------- ---------  --------  --------  --------  --------  --------  --------  --------  --------  --------  --------  --------
 KKD02B   1962 2001     0 .59     5 .27     2 .23     1 .09     4 .08    -5 .08     3 .05     9 .02    -2 .02   --- ---   --- ---
===================  ========  ========  ========  ========  ========  ========  ========  ========  ========  ========  ========
           Counted       Corr      Corr      Corr      Corr      Corr      Corr      Corr      Corr      Corr      Corr      Corr
 Series    Segment   Add  # 1  Add  # 2  Add  # 3  Add  # 4  Add  # 5  Add  # 6  Add  # 7  Add  # 8  Add  # 9  Add  #10  Add  #11
 -------- ---------  --------  --------  --------  --------  --------  --------  --------  --------  --------  --------  --------
 KKD03A   1957 1996     0 .39    12 .36     5 .31     7 .22     2 .13     9 .12     8 .07     6 .06     3 .06   --- ---   --- ---
===================  ========  ========  ========  ========  ========  ========  ========  ========  ========  ========  ========
           Counted       Corr      Corr      Corr      Corr      Corr      Corr      Corr      Corr      Corr      Corr      Corr
 Series    Segment   Add  # 1  Add  # 2  Add  # 3  Add  # 4  Add  # 5  Add  # 6  Add  # 7  Add  # 8  Add  # 9  Add  #10  Add  #11
 -------- ---------  --------  --------  --------  --------  --------  --------  --------  --------  --------  --------  --------
 KKD03B   1957 1996     0 .51    12 .34     5 .25     9 .21     7 .09    10 .05    11 .04     8 .01    14 .00   --- ---   --- ---
===================  ========  ========  ========  ========  ========  ========  ========  ========  ========  ========  ========
           Counted       Corr      Corr      Corr      Corr      Corr      Corr      Corr      Corr      Corr      Corr      Corr
 Series    Segment   Add  # 1  Add  # 2  Add  # 3  Add  # 4  Add  # 5  Add  # 6  Add  # 7  Add  # 8  Add  # 9  Add  #10  Add  #11
 -------- ---------  --------  --------  --------  --------  --------  --------  --------  --------  --------  --------  --------
 KKD05A   1964 1996     0 .42     6 .37     8 .12    10 .12    -4 .12     5 .10    -2 .06    -1 .06    -5 .03     2 .02   --- ---
===================  ========  ========  ========  ========  ========  ========  ========  ========  ========  ========  ========
           Counted       Corr      Corr      Corr      Corr      Corr      Corr      Corr      Corr      Corr      Corr      Corr
 Series    Segment   Add  # 1  Add  # 2  Add  # 3  Add  # 4  Add  # 5  Add  # 6  Add  # 7  Add  # 8  Add  # 9  Add  #10  Add  #11
 -------- ---------  --------  --------  --------  --------  --------  --------  --------  --------  --------  --------  --------
 KKD05B   1964 1998     0 .40    -2 .40    10 .22     3 .18     8 .13    -3 .09    12 .08    -1 .05    -4 .05   --- ---   --- ---
===================  ========  ========  ========  ========  ========  ========  ========  ========  ========  ========  ========
        8 undated series

                                              - = [  COFECHA KK   COF  ] = -
