[]  Dendrochronology Program Library                                        Run YY     Program COF  15:24  Sun 13 Nov 2011  Page   1
[]
[]  P R O G R A M      C O F E C H A                                                                          Version 6.06P    28077
------------------------------------------------------------------------------------------------------------------------------------

 QUALITY CONTROL AND DATING CHECK OF TREE-RING MEASUREMENTS

 Title of run:           yy                                      

 File of DATED series:   YYL.raw

 File of UNDATED series: YYD.raw

 CONTENTS:

    Part 1:  Title page, options selected, summary, absent rings by series
    Part 2:  Histogram of time spans
    Part 3:  Master series with sample depth and absent rings by year
    Part 4:  Bar plot of Master Dating Series
    Part 5:  Correlation by segment of each series with Master
    Part 6:  Potential problems: low correlation, divergent year-to-year changes, absent rings, outliers
    Part 7:  Descriptive statistics
    Part 8:  Undated series - adjustments for highest correlations

 RUN CONTROL OPTIONS SELECTED                             VALUE

         1  Cubic smoothing spline 50% wavelength cutoff for filtering
                                                            32 years
         2  Segments examined are                           50 years lagged successively by  25 years
         3  Autoregressive model applied                     A  Residuals are used in master dating series and testing
         4  Series transformed to logarithms                 Y  Each series log-transformed for master dating series and testing
         5  CORRELATION is Pearson (parametric, quantitative)
            Critical correlation, 99% confidence level   .3281
         6  Master dating series saved                       N
         7  Ring measurements listed                         N
         8  Parts printed                             12345678 
         9  Absent rings are omitted from master series and segment correlations  (Y)

 Time span of Master dating series is  1963 to  2011    49 years
 Continuous time span is               1963 to  2011    49 years
 Portion with two or more series is    1963 to  2011    49 years


                                        ****************************************
                                        *C* Number of dated series        30 *C*
                                        *O* Master series 1963 2011   49 yrs *O*
                                        *F* Total rings in all series   1320 *F*
                                        *E* Total dated rings checked   1320 *E*
                                        *C* Series intercorrelation     .484 *C*
                                        *H* Average mean sensitivity    .267 *H*
                                        *A* Segments, possible problems    7 *A*
                                        *** Mean length of series       44.0 ***
                                        ****************************************

 ABSENT RINGS listed by SERIES:            (See Master Dating Series for absent rings listed by year)

 YYL06B      1 absent rings:   2011

             1 absent rings    .076%
PART 2:  TIME PLOT OF TREE-RING SERIES: yy                                                         15:24  Sun 13 Nov 2011  Page   2
------------------------------------------------------------------------------------------------------------------------------------
 1050 1100 1150 1200 1250 1300 1350 1400 1450 1500 1550 1600 1650 1700 1750 1800 1850 1900 1950 2000 2050 Ident   Seq Time-span  Yrs
   :    :    :    :    :    :    :    :    :    :    :    :    :    :    :    :    :    :    :    :    : -------- --- ---- ---- ----
   .    .    .    .    .    .    .    .    .    .    .    .    .    .    .    .    .    .    .<====>   . YYL01A     1 1964 2011   48
   .    .    .    .    .    .    .    .    .    .    .    .    .    .    .    .    .    .    .<====>   . YYL01B     2 1964 2011   48
   .    .    .    .    .    .    .    .    .    .    .    .    .    .    .    .    .    .    .<====>   . YYL02B     3 1963 2011   49
   .    .    .    .    .    .    .    .    .    .    .    .    .    .    .    .    .    .    .<====>   . YYL02A     4 1963 2011   49
   .    .    .    .    .    .    .    .    .    .    .    .    .    .    .    .    .    .    .<====>   . YYL03B     5 1963 2011   49
   .    .    .    .    .    .    .    .    .    .    .    .    .    .    .    .    .    .    .<====>   . YYL03A     6 1963 2011   49
   .    .    .    .    .    .    .    .    .    .    .    .    .    .    .    .    .    .    .<====>   . YYL04A     7 1964 2011   48
   .    .    .    .    .    .    .    .    .    .    .    .    .    .    .    .    .    .    .<====>   . YYL04B     8 1964 2011   48
   .    .    .    .    .    .    .    .    .    .    .    .    .    .    .    .    .    .    .<===>    . YYL05A     9 1966 2005   40
   .    .    .    .    .    .    .    .    .    .    .    .    .    .    .    .    .    .    .<===>    . YYL05B    10 1966 2005   40
   .    .    .    .    .    .    .    .    .    .    .    .    .    .    .    .    .    .    .<====>   . YYL06B    11 1965 2011   47
   .    .    .    .    .    .    .    .    .    .    .    .    .    .    .    .    .    .    .<====>   . YYL06A    12 1965 2011   47
   .    .    .    .    .    .    .    .    .    .    .    .    .    .    .    .    .    .    .<====>   . YYL07A    13 1965 2011   47
   .    .    .    .    .    .    .    .    .    .    .    .    .    .    .    .    .    .    .<====>   . YYL07B    14 1965 2011   47
   .    .    .    .    .    .    .    .    .    .    .    .    .    .    .    .    .    .    .<====>   . YYL08A    15 1965 2011   47
   .    .    .    .    .    .    .    .    .    .    .    .    .    .    .    .    .    .    .<====>   . YYL08B    16 1965 2011   47
   .    .    .    .    .    .    .    .    .    .    .    .    .    .    .    .    .    .    .<====>   . YYL09B    17 1965 2011   47
   .    .    .    .    .    .    .    .    .    .    .    .    .    .    .    .    .    .    .<====>   . YYL09A    18 1965 2011   47
   .    .    .    .    .    .    .    .    .    .    .    .    .    .    .    .    .    .    .<====>   . YYL10B    19 1968 2011   44
   .    .    .    .    .    .    .    .    .    .    .    .    .    .    .    .    .    .    .<====>   . YYL10A    20 1968 2011   44
   .    .    .    .    .    .    .    .    .    .    .    .    .    .    .    .    .    .    . <===>   . YYL11A    21 1974 2011   38
   .    .    .    .    .    .    .    .    .    .    .    .    .    .    .    .    .    .    . <===>   . YYL11B    22 1977 2011   35
   .    .    .    .    .    .    .    .    .    .    .    .    .    .    .    .    .    .    . <===>   . YYL12A    23 1973 2011   39
   .    .    .    .    .    .    .    .    .    .    .    .    .    .    .    .    .    .    . <===>   . YYL12B    24 1975 2011   37
   .    .    .    .    .    .    .    .    .    .    .    .    .    .    .    .    .    .    . <===>   . YYL13B    25 1975 2011   37
   .    .    .    .    .    .    .    .    .    .    .    .    .    .    .    .    .    .    .<====>   . YYL13A    26 1969 2011   43
   .    .    .    .    .    .    .    .    .    .    .    .    .    .    .    .    .    .    . <===>   . YYL14A    27 1972 2011   40
   .    .    .    .    .    .    .    .    .    .    .    .    .    .    .    .    .    .    . <===>   . YYL14B    28 1974 2011   38
   .    .    .    .    .    .    .    .    .    .    .    .    .    .    .    .    .    .    . <===>   . YYL15A    29 1972 2011   40
   .    .    .    .    .    .    .    .    .    .    .    .    .    .    .    .    .    .    . <===>   . YYL15B    30 1970 2010   41
   :    :    :    :    :    :    :    :    :    :    :    :    :    :    :    :    :    :    :    :    :
 1050 1100 1150 1200 1250 1300 1350 1400 1450 1500 1550 1600 1650 1700 1750 1800 1850 1900 1950 2000 2050
   :    :    :    :    :    :    :    :    :    :    :    :    :    :    :    :    :    :    :    :    :
 1050 1100 1150 1200 1250 1300 1350 1400 1450 1500 1550 1600 1650 1700 1750 1800 1850 1900 1950 2000 2050
PART 3:  Master Dating Series: yy                                                                  15:24  Sun 13 Nov 2011  Page   3
------------------------------------------------------------------------------------------------------------------------------------
  Year  Value  No Ab    Year  Value  No Ab    Year  Value  No Ab    Year  Value  No Ab    Year  Value  No Ab    Year  Value  No Ab
  ------------------    ------------------    ------------------    ------------------    ------------------    ------------------
                        2000 -2.186  30
                        2001  -.553  30
                        2002  -.268  30
                        2003  -.598  30
                        2004  1.360  30
                        2005  1.493  30
                        2006  1.338  28
                        2007   .559  28
                        2008  -.384  28
                        2009  -.321  28

                        2010  -.959  28
                        2011 -1.980  27  1

  1963   .481   4
  1964  -.849   8
  1965  1.277  16
  1966  -.395  18
  1967   .176  18
  1968  1.159  20
  1969   .717  21

  1970 -1.335  22
  1971   .510  22
  1972 -1.428  24
  1973 -1.696  25
  1974  -.677  27
  1975   .564  29
  1976   .870  29
  1977  1.666  30
  1978  -.020  30
  1979   .596  30

  1980   .347  30
  1981  -.444  30
  1982 -1.912  30
  1983 -1.858  30
  1984  -.228  30
  1985   .138  30
  1986  -.032  30
  1987   .650  30
  1988  -.891  30
  1989  -.348  30

  1990  1.406  30
  1991   .516  30
  1992  1.170  30
  1993   .969  30
  1994   .733  30
  1995   .694  30
  1996  -.958  30
  1997   .679  30
  1998   .394  30
  1999  -.144  30
------------------------------------------------------------------------------------------------------------------------------------
PART 4:  Master Bar Plot: yy                                                                       15:24  Sun 13 Nov 2011  Page   4
------------------------------------------------------------------------------------------------------------------------------------
   Year Rel value  Year Rel value  Year Rel value  Year Rel value  Year Rel value  Year Rel value  Year Rel value  Year Rel value
                   2000i
                   2001--b
                   2002----a
                   2003--b
                   2004----------E
                   2005----------F
                   2006----------E
                   2007-------B
                   2008---b
                   2009---a
                   2010-d
                   2011h

   1963------B
   1964-c
   1965---------E
   1966---b
   1967-----A
   1968---------E
   1969--------C
   1970-e
   1971------B
   1972-f
   1973g
   1974--c
   1975-------B
   1976--------C
   1977----------G
   1978-----@
   1979-------B
   1980------A
   1981---b
   1982h
   1983g
   1984----a
   1985-----A
   1986-----@
   1987-------C
   1988-d
   1989---a
   1990----------F
   1991------B
   1992---------E
   1993---------D
   1994--------C
   1995--------C
   1996-d
   1997--------C
   1998------B
   1999----a
PART 5:  CORRELATION OF SERIES BY SEGMENTS: yy                                                     15:24  Sun 13 Nov 2011  Page   5
------------------------------------------------------------------------------------------------------------------------------------
 Correlations of  50-year dated segments, lagged  25 years
 Flags:  A = correlation under   .3281 but highest as dated;  B = correlation higher at other than dated position

 Seq Series  Time_span   1950 1975
                         1999 2024
 --- -------- ---------  ---- ---- ---- ---- ---- ---- ---- ---- ---- ---- ---- ---- ---- ---- ---- ---- ---- ---- ---- ----
   1 YYL01A   1964 2011   .48
   2 YYL01B   1964 2011   .40
   3 YYL02B   1963 2011   .63
   4 YYL02A   1963 2011   .69
   5 YYL03B   1963 2011   .73
   6 YYL03A   1963 2011   .79
   7 YYL04A   1964 2011   .43
   8 YYL04B   1964 2011   .58
   9 YYL05A   1966 2005   .37
  10 YYL05B   1966 2005   .31A
  11 YYL06B   1965 2011   .77
  12 YYL06A   1965 2011   .62
  13 YYL07A   1965 2011   .37
  14 YYL07B   1965 2011   .65
  15 YYL08A   1965 2011   .60
  16 YYL08B   1965 2011   .48
  17 YYL09B   1965 2011   .14A
  18 YYL09A   1965 2011   .20A
  19 YYL10B   1968 2011   .42
  20 YYL10A   1968 2011   .62
  21 YYL11A   1974 2011   .28A
  22 YYL11B   1977 2011        .18B
  23 YYL12A   1973 2011   .21B
  24 YYL12B   1975 2011        .31A
  25 YYL13B   1975 2011        .47
  26 YYL13A   1969 2011   .54
  27 YYL14A   1972 2011   .54
  28 YYL14B   1974 2011   .33
  29 YYL15A   1972 2011   .54
  30 YYL15B   1970 2010   .55
 Av segment correlation   .49  .32
PART 6:  POTENTIAL PROBLEMS: yy                                                                    15:24  Sun 13 Nov 2011  Page   5
------------------------------------------------------------------------------------------------------------------------------------

 For each series with potential problems the following diagnostics may appear:

 [A] Correlations with master dating series of flagged  50-year segments of series filtered with  32-year spline,
     at every point from ten years earlier (-10) to ten years later (+10) than dated

 [B] Effect of those data values which most lower or raise correlation with master series
     Symbol following year indicates value in series is greater (>) or lesser (<) than master series value

 [C] Year-to-year changes very different from the mean change in other series

 [D] Absent rings (zero values)

 [E] Values which are statistical outliers from mean for the year
====================================================================================================================================

 YYL01A    1964 to  2011      48 years                                                                                    Series   1

 [B] Entire series, effect on correlation (  .484) is:
       Lower   2011> -.094   1964> -.051   1966> -.027   1988> -.018   2003< -.015   2002< -.009  Higher   2000  .119   1972  .026

 [E] Outliers     1   3.0 SD above or -4.5 SD below mean for year
       2011 +3.6 SD
====================================================================================================================================

 YYL01B    1964 to  2011      48 years                                                                                    Series   2

 [B] Entire series, effect on correlation (  .395) is:
       Lower   2011> -.073   1964> -.045   1966> -.026   1988> -.018   1965< -.013   1999> -.011  Higher   2000  .046   1970  .032

 [E] Outliers     1   3.0 SD above or -4.5 SD below mean for year
       2011 +3.2 SD
====================================================================================================================================

 YYL02B    1963 to  2011      49 years                                                                                    Series   3

 [B] Entire series, effect on correlation (  .635) is:
       Lower   1972> -.040   1964> -.031   1988> -.020   2005< -.014   2009< -.013   1977< -.007  Higher   2000  .077   1982  .021

====================================================================================================================================

 YYL02A    1963 to  2011      49 years                                                                                    Series   4

 [B] Entire series, effect on correlation (  .690) is:
       Lower   1972> -.026   1988> -.026   1978< -.016   1973> -.015   2009< -.013   1970> -.011  Higher   2000  .064   1982  .029

====================================================================================================================================

 YYL03B    1963 to  2011      49 years                                                                                    Series   5

 [B] Entire series, effect on correlation (  .732) is:
       Lower   1989< -.044   1996> -.028   1983> -.014   1966> -.011   1964< -.009   1991> -.008  Higher   2000  .052   1977  .015

====================================================================================================================================

 YYL03A    1963 to  2011      49 years                                                                                    Series   6

 [B] Entire series, effect on correlation (  .795) is:
       Lower   1964< -.031   1972> -.017   1998< -.010   1989< -.007   1987< -.007   1999> -.006  Higher   1982  .013   1970  .011

====================================================================================================================================

 YYL04A    1964 to  2011      48 years                                                                                    Series   7

 [B] Entire series, effect on correlation (  .434) is:
       Lower   1990< -.122   1965< -.043   1966> -.034   1973> -.033   1996> -.007   1985< -.006  Higher   1982  .040   1977  .030

====================================================================================================================================

 YYL04B    1964 to  2011      48 years                                                                                    Series   8

 [B] Entire series, effect on correlation (  .581) is:
       Lower   1970> -.043   1975< -.034   2005< -.023   1986< -.023   1981> -.019   1989< -.014  Higher   1982  .040   2000  .035

====================================================================================================================================

 YYL05A    1966 to  2005      40 years                                                                                    Series   9

 [B] Entire series, effect on correlation (  .369) is:
       Lower   1966> -.049   1991< -.045   2000> -.045   1972> -.034   1988> -.021   1993< -.018  Higher   1982  .046   1990  .033

====================================================================================================================================

 YYL05B    1966 to  2005      40 years                                                                                    Series  10

 [A] Segment   High   -10   -9   -8   -7   -6   -5   -4   -3   -2   -1   +0   +1   +2   +3   +4   +5   +6   +7   +8   +9  +10
    ---------  ----   ---  ---  ---  ---  ---  ---  ---  ---  ---  ---  ---  ---  ---  ---  ---  ---  ---  ---  ---  ---  ---
    1966 2005    0      -    -    -    -    -    -    -  .15 -.23  .31  .31*-.08  .01  .08 -.20  .21 -.13    -    -    -    -

 [B] Entire series, effect on correlation (  .312) is:
       Lower   1967< -.138   1970> -.031   1988> -.029   1991< -.028   1966> -.023   1972> -.013  Higher   1982  .055   1990  .037
     1966 to 2005 segment:
       Lower   1967< -.138   1970> -.031   1988> -.029   1991< -.028   1966> -.023   1972> -.013  Higher   1982  .055   1990  .037

====================================================================================================================================

 YYL06B    1965 to  2011      47 years                                                                                    Series  11

 [B] Entire series, effect on correlation (  .779) is:
       Lower   1971< -.028   1978< -.024   1972> -.015   1973> -.015   1998< -.013   1981> -.005  Higher   2000  .044   1982  .017

 [D]    1 Absent rings:  Year   Master  N series Absent
                         2011   -1.980      27       1
  >> WARNING:  Last ring in series is ABSENT

====================================================================================================================================

 YYL06A    1965 to  2011      47 years                                                                                    Series  12

 [B] Entire series, effect on correlation (  .615) is:
       Lower   1966< -.057   1996> -.021   1976< -.017   1971< -.017   1978> -.013   1979< -.010  Higher   2000  .054   1982  .028

====================================================================================================================================

 YYL07A    1965 to  2011      47 years                                                                                    Series  13

 [B] Entire series, effect on correlation (  .373) is:
       Lower   1990< -.073   1969< -.032   1970> -.024   1977< -.023   1973> -.015   1982> -.012  Higher   2000  .102   1972  .049

====================================================================================================================================

 YYL07B    1965 to  2011      47 years                                                                                    Series  14

 [B] Entire series, effect on correlation (  .646) is:
       Lower   2011> -.029   1986> -.018   1978> -.017   1982> -.013   1979< -.012   1976< -.011  Higher   2000  .059   1996  .016

====================================================================================================================================

 YYL08A    1965 to  2011      47 years                                                                                    Series  15

 [B] Entire series, effect on correlation (  .601) is:
       Lower   1966< -.031   1988> -.017   1999> -.015   1981> -.011   2001< -.011   1965< -.011  Higher   2000  .032   1982  .019

====================================================================================================================================

 YYL08B    1965 to  2011      47 years                                                                                    Series  16

 [B] Entire series, effect on correlation (  .484) is:
       Lower   1982> -.049   1988> -.043   2011> -.042   1996> -.027   2006< -.016   1995< -.016  Higher   2000  .085   1970  .018

====================================================================================================================================

 YYL09B    1965 to  2011      47 years                                                                                    Series  17

 [A] Segment   High   -10   -9   -8   -7   -6   -5   -4   -3   -2   -1   +0   +1   +2   +3   +4   +5   +6   +7   +8   +9  +10
    ---------  ----   ---  ---  ---  ---  ---  ---  ---  ---  ---  ---  ---  ---  ---  ---  ---  ---  ---  ---  ---  ---  ---
    1965 2011    0      -    -    -    -    -    -    -    - -.04  .02  .14*   -    -    -    -    -    -    -    -    -    -

 [B] Entire series, effect on correlation (  .144) is:
       Lower   2004< -.051   1999< -.035   2000> -.033   1990< -.029   2003> -.022   1966> -.018  Higher   1973  .041   1972  .037
     1965 to 2011 segment:
       Lower   2004< -.051   1999< -.035   2000> -.033   1990< -.029   2003> -.022   1966> -.018  Higher   1973  .041   1972  .037

 [C] Year-to-year changes diverging by over 4.0 std deviations:
       1999 2000   4.1 SD

====================================================================================================================================

 YYL09A    1965 to  2011      47 years                                                                                    Series  18

 [A] Segment   High   -10   -9   -8   -7   -6   -5   -4   -3   -2   -1   +0   +1   +2   +3   +4   +5   +6   +7   +8   +9  +10
    ---------  ----   ---  ---  ---  ---  ---  ---  ---  ---  ---  ---  ---  ---  ---  ---  ---  ---  ---  ---  ---  ---  ---
    1965 2011    0      -    -    -    -    -    -    -    -  .06 -.01  .20*   -    -    -    -    -    -    -    -    -    -

 [B] Entire series, effect on correlation (  .196) is:
       Lower   2000> -.040   1992< -.031   2006< -.027   1990< -.026   1996> -.025   1994< -.017  Higher   1972  .077   2011  .072
     1965 to 2011 segment:
       Lower   2000> -.040   1992< -.031   2006< -.027   1990< -.026   1996> -.025   1994< -.017  Higher   1972  .077   2011  .072

====================================================================================================================================

 YYL10B    1968 to  2011      44 years                                                                                    Series  19

 [B] Entire series, effect on correlation (  .417) is:
       Lower   1996> -.036   1969< -.028   1983> -.018   1984< -.016   1992< -.016   1973> -.015  Higher   1982  .024   2006  .019

 [E] Outliers     1   3.0 SD above or -4.5 SD below mean for year
       1987 +3.6 SD
====================================================================================================================================

 YYL10A    1968 to  2011      44 years                                                                                    Series  20

 [B] Entire series, effect on correlation (  .615) is:
       Lower   1989< -.024   1977< -.024   1973> -.022   2011> -.012   1979< -.010   1971< -.010  Higher   1982  .035   2000  .029

====================================================================================================================================

 YYL11A    1974 to  2011      38 years                                                                                    Series  21

 [A] Segment   High   -10   -9   -8   -7   -6   -5   -4   -3   -2   -1   +0   +1   +2   +3   +4   +5   +6   +7   +8   +9  +10
    ---------  ----   ---  ---  ---  ---  ---  ---  ---  ---  ---  ---  ---  ---  ---  ---  ---  ---  ---  ---  ---  ---  ---
    1974 2011    0    .01 -.32  .11 -.22 -.06 -.14  .05 -.15  .19  .11  .28*   -    -    -    -    -    -    -    -    -    -

 [B] Entire series, effect on correlation (  .279) is:
       Lower   2000> -.049   1974< -.043   1982> -.040   1983> -.028   1981> -.025   1995< -.024  Higher   2011  .117   1988  .041
     1974 to 2011 segment:
       Lower   2000> -.049   1974< -.043   1982> -.040   1983> -.028   1981> -.025   1995< -.024  Higher   2011  .117   1988  .041

====================================================================================================================================

 YYL11B    1977 to  2011      35 years                                                                                    Series  22

 [A] Segment   High   -10   -9   -8   -7   -6   -5   -4   -3   -2   -1   +0   +1   +2   +3   +4   +5   +6   +7   +8   +9  +10
    ---------  ----   ---  ---  ---  ---  ---  ---  ---  ---  ---  ---  ---  ---  ---  ---  ---  ---  ---  ---  ---  ---  ---
    1977 2011   -2    .06 -.11  .11 -.22 -.01 -.23 -.14 -.17  .22* .12  .18|   -    -    -    -    -    -    -    -    -    -

 [B] Entire series, effect on correlation (  .184) is:
       Lower   1980< -.109   1996> -.058   1987< -.042   2003> -.020   1983> -.012   1988> -.010  Higher   2011  .125   1977  .041
     1977 to 2011 segment:
       Lower   1980< -.109   1996> -.058   1987< -.042   2003> -.020   1983> -.012   1988> -.010  Higher   2011  .125   1977  .041

====================================================================================================================================

 YYL12A    1973 to  2011      39 years                                                                                    Series  23

 [A] Segment   High   -10   -9   -8   -7   -6   -5   -4   -3   -2   -1   +0   +1   +2   +3   +4   +5   +6   +7   +8   +9  +10
    ---------  ----   ---  ---  ---  ---  ---  ---  ---  ---  ---  ---  ---  ---  ---  ---  ---  ---  ---  ---  ---  ---  ---
    1973 2011   -3   -.25 -.13 -.32 -.02 -.08 -.14  .06  .39* .13  .12  .21|   -    -    -    -    -    -    -    -    -    -

 [B] Entire series, effect on correlation (  .209) is:
       Lower   1985< -.151   1987< -.025   1996> -.023   2010> -.014   2008> -.014   1990< -.010  Higher   2011  .072   1973  .052
     1973 to 2011 segment:
       Lower   1985< -.151   1987< -.025   1996> -.023   2010> -.014   2008> -.014   1990< -.010  Higher   2011  .072   1973  .052

====================================================================================================================================

 YYL12B    1975 to  2011      37 years                                                                                    Series  24

 [A] Segment   High   -10   -9   -8   -7   -6   -5   -4   -3   -2   -1   +0   +1   +2   +3   +4   +5   +6   +7   +8   +9  +10
    ---------  ----   ---  ---  ---  ---  ---  ---  ---  ---  ---  ---  ---  ---  ---  ---  ---  ---  ---  ---  ---  ---  ---
    1975 2011    0    .05 -.01 -.07 -.29 -.05 -.16  .04  .08  .12  .12  .31*   -    -    -    -    -    -    -    -    -    -

 [B] Entire series, effect on correlation (  .314) is:
       Lower   1987< -.073   1996> -.047   1990< -.027   1976< -.024   2008> -.019   2003> -.017  Higher   2011  .116   1983  .028
     1975 to 2011 segment:
       Lower   1987< -.073   1996> -.047   1990< -.027   1976< -.024   2008> -.019   2003> -.017  Higher   2011  .116   1983  .028

====================================================================================================================================

 YYL13B    1975 to  2011      37 years                                                                                    Series  25

 [B] Entire series, effect on correlation (  .471) is:
       Lower   1975< -.125   2003< -.054   1978> -.035   1983> -.019   1998< -.008   2002> -.006  Higher   1996  .035   2000  .034

====================================================================================================================================

 YYL13A    1969 to  2011      43 years                                                                                    Series  26

 [B] Entire series, effect on correlation (  .545) is:
       Lower   1980< -.066   1982> -.042   1972> -.035   1978> -.032   1986< -.019   1979< -.013  Higher   2000  .045   2011  .033

====================================================================================================================================

 YYL14A    1972 to  2011      40 years                                                                                    Series  27

 [B] Entire series, effect on correlation (  .536) is:
       Lower   1973> -.075   1996> -.041   1978< -.031   1999> -.029   1977< -.018   1972> -.012  Higher   2000  .090   2011  .041

 [E] Outliers     1   3.0 SD above or -4.5 SD below mean for year
       1999 +3.0 SD
====================================================================================================================================

 YYL14B    1974 to  2011      38 years                                                                                    Series  28

 [B] Entire series, effect on correlation (  .333) is:
       Lower   1975< -.149   1999> -.025   1983> -.023   1986< -.021   1978> -.019   2007< -.008  Higher   1996  .068   2011  .026

====================================================================================================================================

 YYL15A    1972 to  2011      40 years                                                                                    Series  29

 [B] Entire series, effect on correlation (  .538) is:
       Lower   1981< -.042   1972> -.032   2007< -.031   1978> -.024   2010> -.018   2000> -.017  Higher   2011  .046   1982  .046

====================================================================================================================================

 YYL15B    1970 to  2010      41 years                                                                                    Series  30

 [B] Entire series, effect on correlation (  .545) is:
       Lower   2000> -.067   1995< -.061   1973> -.039   1972> -.031   2005< -.012   1976< -.011  Higher   1982  .062   1970  .032

====================================================================================================================================
PART 7:  DESCRIPTIVE STATISTICS: yy                                                                15:24  Sun 13 Nov 2011  Page   6
------------------------------------------------------------------------------------------------------------------------------------

                                                Corr   //-------- Unfiltered --------\\  //---- Filtered -----\\
                           No.    No.    No.    with   Mean   Max     Std   Auto   Mean   Max     Std   Auto  AR
 Seq Series   Interval   Years  Segmt  Flags   Master  msmt   msmt    dev   corr   sens  value    dev   corr  ()
 --- -------- ---------  -----  -----  -----   ------ -----  -----  -----  -----  -----  -----  -----  -----  --
   1 YYL01A   1964 2011     48      1      0    .484    .98   2.17   .587   .911   .275   2.56   .487  -.034   1
   2 YYL01B   1964 2011     48      1      0    .395    .84   1.58   .443   .855   .265   2.41   .415  -.049   2
   3 YYL02B   1963 2011     49      1      0    .635   1.35   2.97   .693   .798   .247   2.59   .467   .040   1
   4 YYL02A   1963 2011     49      1      0    .690   1.35   2.97   .694   .780   .258   2.61   .506   .075   1
   5 YYL03B   1963 2011     49      1      0    .732    .88   2.14   .387   .579   .288   2.88   .607  -.121   1
   6 YYL03A   1963 2011     49      1      0    .795   1.00   2.05   .396   .522   .313   2.84   .672  -.057   1
   7 YYL04A   1964 2011     48      1      0    .434   1.31   2.89   .606   .804   .264   2.63   .469  -.077   1
   8 YYL04B   1964 2011     48      1      0    .581   1.19   3.45   .661   .753   .238   2.87   .514   .024   1
   9 YYL05A   1966 2005     40      1      0    .369    .43   1.02   .232   .658   .267   2.79   .564   .032   1
  10 YYL05B   1966 2005     40      1      1    .312    .47    .98   .256   .768   .251   2.78   .510  -.031   1
  11 YYL06B   1965 2011     47      1      0    .779   1.00   2.22   .566   .836   .291   2.83   .614  -.070   1
  12 YYL06A   1965 2011     47      1      0    .615    .94   2.13   .474   .810   .259   2.59   .492  -.051   1
  13 YYL07A   1965 2011     47      1      0    .373    .79   1.57   .322   .502   .313   2.62   .522  -.048   2
  14 YYL07B   1965 2011     47      1      0    .646    .67   2.10   .344   .564   .306   2.71   .547  -.121   1
  15 YYL08A   1965 2011     47      1      0    .601   1.43   2.32   .420   .388   .283   2.43   .544   .035   1
  16 YYL08B   1965 2011     47      1      0    .484   1.62   2.88   .760   .815   .286   2.50   .535  -.008   1
  17 YYL09B   1965 2011     47      1      1    .144   1.32   2.93   .763   .718   .336   2.59   .479   .018   2
  18 YYL09A   1965 2011     47      1      1    .196   1.42   2.99   .683   .548   .334   2.55   .571   .077   1
  19 YYL10B   1968 2011     44      1      0    .417    .66   2.47   .403   .643   .286   3.13   .432  -.159   2
  20 YYL10A   1968 2011     44      1      0    .615    .83   2.37   .498   .675   .340   2.93   .499   .067   1
  21 YYL11A   1974 2011     38      1      1    .279   1.94   3.31   .695   .742   .233   2.62   .564  -.079   1
  22 YYL11B   1977 2011     35      1      1    .184   2.34   3.53   .745   .691   .210   2.48   .528  -.051   1
  23 YYL12A   1973 2011     39      1      1    .209   2.15   3.60   .715   .536   .239   2.42   .473  -.054   1
  24 YYL12B   1975 2011     37      1      1    .314   2.73   5.29   .876   .362   .242   2.69   .530   .050   1
  25 YYL13B   1975 2011     37      1      0    .471   2.11   3.52   .791   .766   .217   2.67   .583  -.123   1
  26 YYL13A   1969 2011     43      1      0    .545   1.94   3.61   .657   .396   .282   2.67   .566  -.039   1
  27 YYL14A   1972 2011     40      1      0    .536   2.35   4.41   .866   .697   .232   2.77   .613  -.015   1
  28 YYL14B   1974 2011     38      1      0    .333   2.45   3.96   .646   .577   .189   2.63   .570   .006   1
  29 YYL15A   1972 2011     40      1      0    .538   1.98   3.19   .607   .658   .204   2.60   .628   .053   1
  30 YYL15B   1970 2010     41      1      0    .545   1.82   3.19   .537   .628   .199   2.58   .542   .039   1
 --- -------- ---------  -----  -----  -----   ------ -----  -----  -----  -----  -----  -----  -----  -----  --
 Total or mean:           1320     30      7    .484   1.37   5.29   .572   .669   .267   3.13   .534  -.022
PART 8:  ADJUSTMENTS FOR UNDATED SERIES: yy                                                        15:24  Sun 13 Nov 2011  Page   7
------------------------------------------------------------------------------------------------------------------------------------

 Time span  1963  2011    49 years, best matches for  50-year segments lagged  25 years
 Listed in order from highest correlation

           Counted       Corr      Corr      Corr      Corr      Corr      Corr      Corr      Corr      Corr      Corr      Corr
 Series    Segment   Add  # 1  Add  # 2  Add  # 3  Add  # 4  Add  # 5  Add  # 6  Add  # 7  Add  # 8  Add  # 9  Add  #10  Add  #11
 -------- ---------  --------  --------  --------  --------  --------  --------  --------  --------  --------  --------  --------
 YYD01A   1990 2001     4 .67   -14 .57   -24 .52   -13 .41     0 .39    -8 .32     3 .25   -11 .23   -15 .22   -23 .21     5 .17
===================  ========  ========  ========  ========  ========  ========  ========  ========  ========  ========  ========
           Counted       Corr      Corr      Corr      Corr      Corr      Corr      Corr      Corr      Corr      Corr      Corr
 Series    Segment   Add  # 1  Add  # 2  Add  # 3  Add  # 4  Add  # 5  Add  # 6  Add  # 7  Add  # 8  Add  # 9  Add  #10  Add  #11
 -------- ---------  --------  --------  --------  --------  --------  --------  --------  --------  --------  --------  --------
 YYD01B   1987 2008     0 .55   -18 .52   -21 .36    -5 .34    -2 .22    -3 .17   -19 .17    -6 .15   -15 .05   -22 .05   -16 .03
===================  ========  ========  ========  ========  ========  ========  ========  ========  ========  ========  ========
           Counted       Corr      Corr      Corr      Corr      Corr      Corr      Corr      Corr      Corr      Corr      Corr
 Series    Segment   Add  # 1  Add  # 2  Add  # 3  Add  # 4  Add  # 5  Add  # 6  Add  # 7  Add  # 8  Add  # 9  Add  #10  Add  #11
 -------- ---------  --------  --------  --------  --------  --------  --------  --------  --------  --------  --------  --------
 YYD02A   1963 2006     0 .55     2 .27   --- ---   --- ---   --- ---   --- ---   --- ---   --- ---   --- ---   --- ---   --- ---
===================  ========  ========  ========  ========  ========  ========  ========  ========  ========  ========  ========
           Counted       Corr      Corr      Corr      Corr      Corr      Corr      Corr      Corr      Corr      Corr      Corr
 Series    Segment   Add  # 1  Add  # 2  Add  # 3  Add  # 4  Add  # 5  Add  # 6  Add  # 7  Add  # 8  Add  # 9  Add  #10  Add  #11
 -------- ---------  --------  --------  --------  --------  --------  --------  --------  --------  --------  --------  --------
 YYD02B   1963 2005     0 .51     2 .14     1 .06   --- ---   --- ---   --- ---   --- ---   --- ---   --- ---   --- ---   --- ---
===================  ========  ========  ========  ========  ========  ========  ========  ========  ========  ========  ========
           Counted       Corr      Corr      Corr      Corr      Corr      Corr      Corr      Corr      Corr      Corr      Corr
 Series    Segment   Add  # 1  Add  # 2  Add  # 3  Add  # 4  Add  # 5  Add  # 6  Add  # 7  Add  # 8  Add  # 9  Add  #10  Add  #11
 -------- ---------  --------  --------  --------  --------  --------  --------  --------  --------  --------  --------  --------
 YYD03A   1976 2005     0 .29   -10 .27     1 .19    -7 .15    -5 .10    -2 .09     3 .09    -8 .00   --- ---   --- ---   --- ---
===================  ========  ========  ========  ========  ========  ========  ========  ========  ========  ========  ========
           Counted       Corr      Corr      Corr      Corr      Corr      Corr      Corr      Corr      Corr      Corr      Corr
 Series    Segment   Add  # 1  Add  # 2  Add  # 3  Add  # 4  Add  # 5  Add  # 6  Add  # 7  Add  # 8  Add  # 9  Add  #10  Add  #11
 -------- ---------  --------  --------  --------  --------  --------  --------  --------  --------  --------  --------  --------
 YYD03B   1976 2006     0 .34   -10 .33    -7 .13    -8 .12     3 .10   -11 .09    -2 .08    -5 .08     1 .06    -9 .05   --- ---
===================  ========  ========  ========  ========  ========  ========  ========  ========  ========  ========  ========
           Counted       Corr      Corr      Corr      Corr      Corr      Corr      Corr      Corr      Corr      Corr      Corr
 Series    Segment   Add  # 1  Add  # 2  Add  # 3  Add  # 4  Add  # 5  Add  # 6  Add  # 7  Add  # 8  Add  # 9  Add  #10  Add  #11
 -------- ---------  --------  --------  --------  --------  --------  --------  --------  --------  --------  --------  --------
 YYD04A   1964 1994     0 .41     4 .26     2 .24    13 .14    17 .11    15 .10    16 .10    10 .06     5 .05     3 .05    14 .03
===================  ========  ========  ========  ========  ========  ========  ========  ========  ========  ========  ========
           Counted       Corr      Corr      Corr      Corr      Corr      Corr      Corr      Corr      Corr      Corr      Corr
 Series    Segment   Add  # 1  Add  # 2  Add  # 3  Add  # 4  Add  # 5  Add  # 6  Add  # 7  Add  # 8  Add  # 9  Add  #10  Add  #11
 -------- ---------  --------  --------  --------  --------  --------  --------  --------  --------  --------  --------  --------
 YYD04B   1964 1993    18 .43     0 .30     3 .24    17 .22    16 .18     7 .15     2 .14    15 .10     5 .10     4 .08    10 .03
===================  ========  ========  ========  ========  ========  ========  ========  ========  ========  ========  ========
           Counted       Corr      Corr      Corr      Corr      Corr      Corr      Corr      Corr      Corr      Corr      Corr
 Series    Segment   Add  # 1  Add  # 2  Add  # 3  Add  # 4  Add  # 5  Add  # 6  Add  # 7  Add  # 8  Add  # 9  Add  #10  Add  #11
 -------- ---------  --------  --------  --------  --------  --------  --------  --------  --------  --------  --------  --------
 YYD05A   1971 2009    -6 .25    -8 .21     0 .20     2 .16    -2 .06   --- ---   --- ---   --- ---   --- ---   --- ---   --- ---
===================  ========  ========  ========  ========  ========  ========  ========  ========  ========  ========  ========
           Counted       Corr      Corr      Corr      Corr      Corr      Corr      Corr      Corr      Corr      Corr      Corr
 Series    Segment   Add  # 1  Add  # 2  Add  # 3  Add  # 4  Add  # 5  Add  # 6  Add  # 7  Add  # 8  Add  # 9  Add  #10  Add  #11
 -------- ---------  --------  --------  --------  --------  --------  --------  --------  --------  --------  --------  --------
 YYD05B   1971 2009     0 .29     2 .20     1 .19    -6 .12    -1 .04   --- ---   --- ---   --- ---   --- ---   --- ---   --- ---
===================  ========  ========  ========  ========  ========  ========  ========  ========  ========  ========  ========
           Counted       Corr      Corr      Corr      Corr      Corr      Corr      Corr      Corr      Corr      Corr      Corr
 Series    Segment   Add  # 1  Add  # 2  Add  # 3  Add  # 4  Add  # 5  Add  # 6  Add  # 7  Add  # 8  Add  # 9  Add  #10  Add  #11
 -------- ---------  --------  --------  --------  --------  --------  --------  --------  --------  --------  --------  --------
 YYD06A   1964 2007     0 .52     2 .14     1 .05    -1 .04   --- ---   --- ---   --- ---   --- ---   --- ---   --- ---   --- ---
===================  ========  ========  ========  ========  ========  ========  ========  ========  ========  ========  ========
           Counted       Corr      Corr      Corr      Corr      Corr      Corr      Corr      Corr      Corr      Corr      Corr
 Series    Segment   Add  # 1  Add  # 2  Add  # 3  Add  # 4  Add  # 5  Add  # 6  Add  # 7  Add  # 8  Add  # 9  Add  #10  Add  #11
 -------- ---------  --------  --------  --------  --------  --------  --------  --------  --------  --------  --------  --------
 YYD06B   1964 2007     0 .40    -1 .12     1 .02   --- ---   --- ---   --- ---   --- ---   --- ---   --- ---   --- ---   --- ---
===================  ========  ========  ========  ========  ========  ========  ========  ========  ========  ========  ========
           Counted       Corr      Corr      Corr      Corr      Corr      Corr      Corr      Corr      Corr      Corr      Corr
 Series    Segment   Add  # 1  Add  # 2  Add  # 3  Add  # 4  Add  # 5  Add  # 6  Add  # 7  Add  # 8  Add  # 9  Add  #10  Add  #11
 -------- ---------  --------  --------  --------  --------  --------  --------  --------  --------  --------  --------  --------
 YYD07A   1968 2011    -2 .50     0 .31    -3 .13   --- ---   --- ---   --- ---   --- ---   --- ---   --- ---   --- ---   --- ---
===================  ========  ========  ========  ========  ========  ========  ========  ========  ========  ========  ========
           Counted       Corr      Corr      Corr      Corr      Corr      Corr      Corr      Corr      Corr      Corr      Corr
 Series    Segment   Add  # 1  Add  # 2  Add  # 3  Add  # 4  Add  # 5  Add  # 6  Add  # 7  Add  # 8  Add  # 9  Add  #10  Add  #11
 -------- ---------  --------  --------  --------  --------  --------  --------  --------  --------  --------  --------  --------
 YYD07B   1968 2011     0 .52    -1 .26    -3 .16    -2 .15   --- ---   --- ---   --- ---   --- ---   --- ---   --- ---   --- ---
===================  ========  ========  ========  ========  ========  ========  ========  ========  ========  ========  ========
           Counted       Corr      Corr      Corr      Corr      Corr      Corr      Corr      Corr      Corr      Corr      Corr
 Series    Segment   Add  # 1  Add  # 2  Add  # 3  Add  # 4  Add  # 5  Add  # 6  Add  # 7  Add  # 8  Add  # 9  Add  #10  Add  #11
 -------- ---------  --------  --------  --------  --------  --------  --------  --------  --------  --------  --------  --------
 YYD08A   1969 1995     0 .46     2 .35    -6 .32     3 .26     5 .19    16 .16     6 .11    12 .09     4 .06   --- ---   --- ---
===================  ========  ========  ========  ========  ========  ========  ========  ========  ========  ========  ========
           Counted       Corr      Corr      Corr      Corr      Corr      Corr      Corr      Corr      Corr      Corr      Corr
 Series    Segment   Add  # 1  Add  # 2  Add  # 3  Add  # 4  Add  # 5  Add  # 6  Add  # 7  Add  # 8  Add  # 9  Add  #10  Add  #11
 -------- ---------  --------  --------  --------  --------  --------  --------  --------  --------  --------  --------  --------
 YYD08B   1969 1996     0 .56    10 .32     2 .23    14 .15    -6 .15     1 .13     6 .12    15 .06    11 .01   --- ---   --- ---
===================  ========  ========  ========  ========  ========  ========  ========  ========  ========  ========  ========
           Counted       Corr      Corr      Corr      Corr      Corr      Corr      Corr      Corr      Corr      Corr      Corr
 Series    Segment   Add  # 1  Add  # 2  Add  # 3  Add  # 4  Add  # 5  Add  # 6  Add  # 7  Add  # 8  Add  # 9  Add  #10  Add  #11
 -------- ---------  --------  --------  --------  --------  --------  --------  --------  --------  --------  --------  --------
 YYD09A   1972 2003     1 .29     0 .28    -2 .28    -8 .13    -5 .12    -4 .07     6 .06     2 .02   --- ---   --- ---   --- ---
===================  ========  ========  ========  ========  ========  ========  ========  ========  ========  ========  ========
           Counted       Corr      Corr      Corr      Corr      Corr      Corr      Corr      Corr      Corr      Corr      Corr
 Series    Segment   Add  # 1  Add  # 2  Add  # 3  Add  # 4  Add  # 5  Add  # 6  Add  # 7  Add  # 8  Add  # 9  Add  #10  Add  #11
 -------- ---------  --------  --------  --------  --------  --------  --------  --------  --------  --------  --------  --------
 YYD09B   1972 2003     0 .34    -4 .29     1 .26     2 .17    -1 .17    -5 .03    -3 .01     3 .01   --- ---   --- ---   --- ---
===================  ========  ========  ========  ========  ========  ========  ========  ========  ========  ========  ========
           Counted       Corr      Corr      Corr      Corr      Corr      Corr      Corr      Corr      Corr      Corr      Corr
 Series    Segment   Add  # 1  Add  # 2  Add  # 3  Add  # 4  Add  # 5  Add  # 6  Add  # 7  Add  # 8  Add  # 9  Add  #10  Add  #11
 -------- ---------  --------  --------  --------  --------  --------  --------  --------  --------  --------  --------  --------
 YYD10A   1964 2007     0 .28     4 .13     2 .06   --- ---   --- ---   --- ---   --- ---   --- ---   --- ---   --- ---   --- ---
===================  ========  ========  ========  ========  ========  ========  ========  ========  ========  ========  ========
           Counted       Corr      Corr      Corr      Corr      Corr      Corr      Corr      Corr      Corr      Corr      Corr
 Series    Segment   Add  # 1  Add  # 2  Add  # 3  Add  # 4  Add  # 5  Add  # 6  Add  # 7  Add  # 8  Add  # 9  Add  #10  Add  #11
 -------- ---------  --------  --------  --------  --------  --------  --------  --------  --------  --------  --------  --------
 YYD10B   1964 2008     0 .47    -1 .15   --- ---   --- ---   --- ---   --- ---   --- ---   --- ---   --- ---   --- ---   --- ---
===================  ========  ========  ========  ========  ========  ========  ========  ========  ========  ========  ========
           Counted       Corr      Corr      Corr      Corr      Corr      Corr      Corr      Corr      Corr      Corr      Corr
 Series    Segment   Add  # 1  Add  # 2  Add  # 3  Add  # 4  Add  # 5  Add  # 6  Add  # 7  Add  # 8  Add  # 9  Add  #10  Add  #11
 -------- ---------  --------  --------  --------  --------  --------  --------  --------  --------  --------  --------  --------
 YYD11A   1964 2003     0 .40     4 .24     5 .04     1 .02     3 .01   --- ---   --- ---   --- ---   --- ---   --- ---   --- ---
===================  ========  ========  ========  ========  ========  ========  ========  ========  ========  ========  ========
           Counted       Corr      Corr      Corr      Corr      Corr      Corr      Corr      Corr      Corr      Corr      Corr
 Series    Segment   Add  # 1  Add  # 2  Add  # 3  Add  # 4  Add  # 5  Add  # 6  Add  # 7  Add  # 8  Add  # 9  Add  #10  Add  #11
 -------- ---------  --------  --------  --------  --------  --------  --------  --------  --------  --------  --------  --------
 YYD11B   1964 2001     0 .30     2 .24     3 .15    -1 .09     4 .03     1 .03   --- ---   --- ---   --- ---   --- ---   --- ---
===================  ========  ========  ========  ========  ========  ========  ========  ========  ========  ========  ========
           Counted       Corr      Corr      Corr      Corr      Corr      Corr      Corr      Corr      Corr      Corr      Corr
 Series    Segment   Add  # 1  Add  # 2  Add  # 3  Add  # 4  Add  # 5  Add  # 6  Add  # 7  Add  # 8  Add  # 9  Add  #10  Add  #11
 -------- ---------  --------  --------  --------  --------  --------  --------  --------  --------  --------  --------  --------
 YYD13A   1963 2003     1 .43     5 .31     7 .25     8 .11     4 .05   --- ---   --- ---   --- ---   --- ---   --- ---   --- ---
===================  ========  ========  ========  ========  ========  ========  ========  ========  ========  ========  ========
           Counted       Corr      Corr      Corr      Corr      Corr      Corr      Corr      Corr      Corr      Corr      Corr
 Series    Segment   Add  # 1  Add  # 2  Add  # 3  Add  # 4  Add  # 5  Add  # 6  Add  # 7  Add  # 8  Add  # 9  Add  #10  Add  #11
 -------- ---------  --------  --------  --------  --------  --------  --------  --------  --------  --------  --------  --------
 YYD13B   1963 2003     0 .22     5 .12     1 .07     4 .03     3 .03     8 .01   --- ---   --- ---   --- ---   --- ---   --- ---
===================  ========  ========  ========  ========  ========  ========  ========  ========  ========  ========  ========
           Counted       Corr      Corr      Corr      Corr      Corr      Corr      Corr      Corr      Corr      Corr      Corr
 Series    Segment   Add  # 1  Add  # 2  Add  # 3  Add  # 4  Add  # 5  Add  # 6  Add  # 7  Add  # 8  Add  # 9  Add  #10  Add  #11
 -------- ---------  --------  --------  --------  --------  --------  --------  --------  --------  --------  --------  --------
 YYD15A   1978 2004     0 .57     7 .29    -9 .29   -10 .19     6 .17    -4 .16    -8 .15   -12 .08   -11 .04    -7 .02    -3 .00
===================  ========  ========  ========  ========  ========  ========  ========  ========  ========  ========  ========
           Counted       Corr      Corr      Corr      Corr      Corr      Corr      Corr      Corr      Corr      Corr      Corr
 Series    Segment   Add  # 1  Add  # 2  Add  # 3  Add  # 4  Add  # 5  Add  # 6  Add  # 7  Add  # 8  Add  # 9  Add  #10  Add  #11
 -------- ---------  --------  --------  --------  --------  --------  --------  --------  --------  --------  --------  --------
 YYD15B   1977 2002     8 .48    -8 .47     7 .36     0 .33   -11 .24   -10 .21    -9 .16    -7 .14   -14 .07     2 .04     4 .04
===================  ========  ========  ========  ========  ========  ========  ========  ========  ========  ========  ========
           Counted       Corr      Corr      Corr      Corr      Corr      Corr      Corr      Corr      Corr      Corr      Corr
 Series    Segment   Add  # 1  Add  # 2  Add  # 3  Add  # 4  Add  # 5  Add  # 6  Add  # 7  Add  # 8  Add  # 9  Add  #10  Add  #11
 -------- ---------  --------  --------  --------  --------  --------  --------  --------  --------  --------  --------  --------
 YYD16A   1967 2005     0 .33    -2 .28     2 .25    -4 .12    -1 .10     1 .06   --- ---   --- ---   --- ---   --- ---   --- ---
===================  ========  ========  ========  ========  ========  ========  ========  ========  ========  ========  ========
           Counted       Corr      Corr      Corr      Corr      Corr      Corr      Corr      Corr      Corr      Corr      Corr
 Series    Segment   Add  # 1  Add  # 2  Add  # 3  Add  # 4  Add  # 5  Add  # 6  Add  # 7  Add  # 8  Add  # 9  Add  #10  Add  #11
 -------- ---------  --------  --------  --------  --------  --------  --------  --------  --------  --------  --------  --------
 YYD16B   1967 2004    -2 .51     0 .32     1 .24     2 .19    -1 .07   --- ---   --- ---   --- ---   --- ---   --- ---   --- ---
===================  ========  ========  ========  ========  ========  ========  ========  ========  ========  ========  ========
           Counted       Corr      Corr      Corr      Corr      Corr      Corr      Corr      Corr      Corr      Corr      Corr
 Series    Segment   Add  # 1  Add  # 2  Add  # 3  Add  # 4  Add  # 5  Add  # 6  Add  # 7  Add  # 8  Add  # 9  Add  #10  Add  #11
 -------- ---------  --------  --------  --------  --------  --------  --------  --------  --------  --------  --------  --------
 YYD17A   1964 1999     0 .73    12 .22    -1 .11     2 .09     1 .02     8 .01   --- ---   --- ---   --- ---   --- ---   --- ---
===================  ========  ========  ========  ========  ========  ========  ========  ========  ========  ========  ========
           Counted       Corr      Corr      Corr      Corr      Corr      Corr      Corr      Corr      Corr      Corr      Corr
 Series    Segment   Add  # 1  Add  # 2  Add  # 3  Add  # 4  Add  # 5  Add  # 6  Add  # 7  Add  # 8  Add  # 9  Add  #10  Add  #11
 -------- ---------  --------  --------  --------  --------  --------  --------  --------  --------  --------  --------  --------
 YYD17B   1964 1999     0 .40     2 .22    11 .22    10 .21     6 .11     1 .10    -1 .08    12 .04   --- ---   --- ---   --- ---
===================  ========  ========  ========  ========  ========  ========  ========  ========  ========  ========  ========
           Counted       Corr      Corr      Corr      Corr      Corr      Corr      Corr      Corr      Corr      Corr      Corr
 Series    Segment   Add  # 1  Add  # 2  Add  # 3  Add  # 4  Add  # 5  Add  # 6  Add  # 7  Add  # 8  Add  # 9  Add  #10  Add  #11
 -------- ---------  --------  --------  --------  --------  --------  --------  --------  --------  --------  --------  --------
 YYD18A   1969 1993    13 .41    -4 .32     9 .29    -6 .27     0 .24    -2 .20    12 .19    16 .16     6 .11     1 .11    10 .10
===================  ========  ========  ========  ========  ========  ========  ========  ========  ========  ========  ========
           Counted       Corr      Corr      Corr      Corr      Corr      Corr      Corr      Corr      Corr      Corr      Corr
 Series    Segment   Add  # 1  Add  # 2  Add  # 3  Add  # 4  Add  # 5  Add  # 6  Add  # 7  Add  # 8  Add  # 9  Add  #10  Add  #11
 -------- ---------  --------  --------  --------  --------  --------  --------  --------  --------  --------  --------  --------
 YYD18B   1969 1992     0 .49    14 .46    18 .44    -4 .26     1 .25    12 .21    13 .21    -1 .15     6 .13     9 .10    -2 .05
===================  ========  ========  ========  ========  ========  ========  ========  ========  ========  ========  ========
           Counted       Corr      Corr      Corr      Corr      Corr      Corr      Corr      Corr      Corr      Corr      Corr
 Series    Segment   Add  # 1  Add  # 2  Add  # 3  Add  # 4  Add  # 5  Add  # 6  Add  # 7  Add  # 8  Add  # 9  Add  #10  Add  #11
 -------- ---------  --------  --------  --------  --------  --------  --------  --------  --------  --------  --------  --------
 YYD19A   1964 2008     0 .44     2 .37     3 .09    -1 .04   --- ---   --- ---   --- ---   --- ---   --- ---   --- ---   --- ---
===================  ========  ========  ========  ========  ========  ========  ========  ========  ========  ========  ========
           Counted       Corr      Corr      Corr      Corr      Corr      Corr      Corr      Corr      Corr      Corr      Corr
 Series    Segment   Add  # 1  Add  # 2  Add  # 3  Add  # 4  Add  # 5  Add  # 6  Add  # 7  Add  # 8  Add  # 9  Add  #10  Add  #11
 -------- ---------  --------  --------  --------  --------  --------  --------  --------  --------  --------  --------  --------
 YYD19B   1964 2011    -1 .35     0 .31   --- ---   --- ---   --- ---   --- ---   --- ---   --- ---   --- ---   --- ---   --- ---
===================  ========  ========  ========  ========  ========  ========  ========  ========  ========  ========  ========
           Counted       Corr      Corr      Corr      Corr      Corr      Corr      Corr      Corr      Corr      Corr      Corr
 Series    Segment   Add  # 1  Add  # 2  Add  # 3  Add  # 4  Add  # 5  Add  # 6  Add  # 7  Add  # 8  Add  # 9  Add  #10  Add  #11
 -------- ---------  --------  --------  --------  --------  --------  --------  --------  --------  --------  --------  --------
 YYD20A   1963 2000     0 .28     4 .17     2 .11     1 .08     6 .04   --- ---   --- ---   --- ---   --- ---   --- ---   --- ---
===================  ========  ========  ========  ========  ========  ========  ========  ========  ========  ========  ========
           Counted       Corr      Corr      Corr      Corr      Corr      Corr      Corr      Corr      Corr      Corr      Corr
 Series    Segment   Add  # 1  Add  # 2  Add  # 3  Add  # 4  Add  # 5  Add  # 6  Add  # 7  Add  # 8  Add  # 9  Add  #10  Add  #11
 -------- ---------  --------  --------  --------  --------  --------  --------  --------  --------  --------  --------  --------
 YYD20B   1963 1999     0 .46     8 .24    12 .20    11 .16     4 .06     7 .04     2 .03     6 .02   --- ---   --- ---   --- ---
===================  ========  ========  ========  ========  ========  ========  ========  ========  ========  ========  ========
           Counted       Corr      Corr      Corr      Corr      Corr      Corr      Corr      Corr      Corr      Corr      Corr
 Series    Segment   Add  # 1  Add  # 2  Add  # 3  Add  # 4  Add  # 5  Add  # 6  Add  # 7  Add  # 8  Add  # 9  Add  #10  Add  #11
 -------- ---------  --------  --------  --------  --------  --------  --------  --------  --------  --------  --------  --------
 YYD21A   1983 2007     0 .45   -18 .45   -15 .42    -2 .34   -16 .30    -5 .19    -3 .14     3 .12   -14 .10    -6 .07   --- ---
===================  ========  ========  ========  ========  ========  ========  ========  ========  ========  ========  ========
           Counted       Corr      Corr      Corr      Corr      Corr      Corr      Corr      Corr      Corr      Corr      Corr
 Series    Segment   Add  # 1  Add  # 2  Add  # 3  Add  # 4  Add  # 5  Add  # 6  Add  # 7  Add  # 8  Add  # 9  Add  #10  Add  #11
 -------- ---------  --------  --------  --------  --------  --------  --------  --------  --------  --------  --------  --------
 YYD21B   1983 2007   -18 .44     0 .40   -14 .39    -1 .33    -2 .32    -3 .28   -16 .18   -12 .17     4 .09    -6 .07   -17 .06
===================  ========  ========  ========  ========  ========  ========  ========  ========  ========  ========  ========
           Counted       Corr      Corr      Corr      Corr      Corr      Corr      Corr      Corr      Corr      Corr      Corr
 Series    Segment   Add  # 1  Add  # 2  Add  # 3  Add  # 4  Add  # 5  Add  # 6  Add  # 7  Add  # 8  Add  # 9  Add  #10  Add  #11
 -------- ---------  --------  --------  --------  --------  --------  --------  --------  --------  --------  --------  --------
 YYD22A   1966 2005     0 .37     4 .14     5 .13     2 .12    -3 .10    -2 .04   --- ---   --- ---   --- ---   --- ---   --- ---
===================  ========  ========  ========  ========  ========  ========  ========  ========  ========  ========  ========
           Counted       Corr      Corr      Corr      Corr      Corr      Corr      Corr      Corr      Corr      Corr      Corr
 Series    Segment   Add  # 1  Add  # 2  Add  # 3  Add  # 4  Add  # 5  Add  # 6  Add  # 7  Add  # 8  Add  # 9  Add  #10  Add  #11
 -------- ---------  --------  --------  --------  --------  --------  --------  --------  --------  --------  --------  --------
 YYD22B   1966 2005     0 .60    -1 .20    -2 .11     2 .10     1 .07     5 .04   --- ---   --- ---   --- ---   --- ---   --- ---
===================  ========  ========  ========  ========  ========  ========  ========  ========  ========  ========  ========
           Counted       Corr      Corr      Corr      Corr      Corr      Corr      Corr      Corr      Corr      Corr      Corr
 Series    Segment   Add  # 1  Add  # 2  Add  # 3  Add  # 4  Add  # 5  Add  # 6  Add  # 7  Add  # 8  Add  # 9  Add  #10  Add  #11
 -------- ---------  --------  --------  --------  --------  --------  --------  --------  --------  --------  --------  --------
 YYD23A   1971 1995    -6 .37     0 .33    13 .26    -3 .25     8 .21     5 .20    12 .18    -5 .16    14 .13     6 .10     9 .09
===================  ========  ========  ========  ========  ========  ========  ========  ========  ========  ========  ========
           Counted       Corr      Corr      Corr      Corr      Corr      Corr      Corr      Corr      Corr      Corr      Corr
 Series    Segment   Add  # 1  Add  # 2  Add  # 3  Add  # 4  Add  # 5  Add  # 6  Add  # 7  Add  # 8  Add  # 9  Add  #10  Add  #11
 -------- ---------  --------  --------  --------  --------  --------  --------  --------  --------  --------  --------  --------
 YYD23B   1971 1995    13 .36     0 .31    -6 .31     1 .26    10 .22    16 .20     6 .19    -5 .17     5 .08     9 .08    12 .03
===================  ========  ========  ========  ========  ========  ========  ========  ========  ========  ========  ========
           Counted       Corr      Corr      Corr      Corr      Corr      Corr      Corr      Corr      Corr      Corr      Corr
 Series    Segment   Add  # 1  Add  # 2  Add  # 3  Add  # 4  Add  # 5  Add  # 6  Add  # 7  Add  # 8  Add  # 9  Add  #10  Add  #11
 -------- ---------  --------  --------  --------  --------  --------  --------  --------  --------  --------  --------  --------
 YYD24A   1981 2005     0 .39    -4 .34     6 .30   -12 .28    -1 .17     5 .15   -13 .15     3 .11     2 .07    -5 .06    -9 .03
===================  ========  ========  ========  ========  ========  ========  ========  ========  ========  ========  ========
           Counted       Corr      Corr      Corr      Corr      Corr      Corr      Corr      Corr      Corr      Corr      Corr
 Series    Segment   Add  # 1  Add  # 2  Add  # 3  Add  # 4  Add  # 5  Add  # 6  Add  # 7  Add  # 8  Add  # 9  Add  #10  Add  #11
 -------- ---------  --------  --------  --------  --------  --------  --------  --------  --------  --------  --------  --------
 YYD24B   1981 2005     0 .46    -4 .46   -12 .31    -1 .18     3 .12   -18 .11   -14 .10     5 .08     6 .06   -15 .06   -10 .04
===================  ========  ========  ========  ========  ========  ========  ========  ========  ========  ========  ========
           Counted       Corr      Corr      Corr      Corr      Corr      Corr      Corr      Corr      Corr      Corr      Corr
 Series    Segment   Add  # 1  Add  # 2  Add  # 3  Add  # 4  Add  # 5  Add  # 6  Add  # 7  Add  # 8  Add  # 9  Add  #10  Add  #11
 -------- ---------  --------  --------  --------  --------  --------  --------  --------  --------  --------  --------  --------
 YYD25A   1963 2007     0 .48     4 .07     3 .06   --- ---   --- ---   --- ---   --- ---   --- ---   --- ---   --- ---   --- ---
===================  ========  ========  ========  ========  ========  ========  ========  ========  ========  ========  ========
           Counted       Corr      Corr      Corr      Corr      Corr      Corr      Corr      Corr      Corr      Corr      Corr
 Series    Segment   Add  # 1  Add  # 2  Add  # 3  Add  # 4  Add  # 5  Add  # 6  Add  # 7  Add  # 8  Add  # 9  Add  #10  Add  #11
 -------- ---------  --------  --------  --------  --------  --------  --------  --------  --------  --------  --------  --------
 YYD25B   1963 2007     0 .40     4 .20     2 .03     3 .02   --- ---   --- ---   --- ---   --- ---   --- ---   --- ---   --- ---
===================  ========  ========  ========  ========  ========  ========  ========  ========  ========  ========  ========
           Counted       Corr      Corr      Corr      Corr      Corr      Corr      Corr      Corr      Corr      Corr      Corr
 Series    Segment   Add  # 1  Add  # 2  Add  # 3  Add  # 4  Add  # 5  Add  # 6  Add  # 7  Add  # 8  Add  # 9  Add  #10  Add  #11
 -------- ---------  --------  --------  --------  --------  --------  --------  --------  --------  --------  --------  --------
 YYD26A   1967 1999     2 .37     0 .34     3 .28    -4 .18    12 .18    10 .16     1 .10   --- ---   --- ---   --- ---   --- ---
===================  ========  ========  ========  ========  ========  ========  ========  ========  ========  ========  ========
           Counted       Corr      Corr      Corr      Corr      Corr      Corr      Corr      Corr      Corr      Corr      Corr
 Series    Segment   Add  # 1  Add  # 2  Add  # 3  Add  # 4  Add  # 5  Add  # 6  Add  # 7  Add  # 8  Add  # 9  Add  #10  Add  #11
 -------- ---------  --------  --------  --------  --------  --------  --------  --------  --------  --------  --------  --------
 YYD26B   1967 1999     0 .36    12 .27     2 .27     1 .14    10 .07     8 .07     3 .04   --- ---   --- ---   --- ---   --- ---
===================  ========  ========  ========  ========  ========  ========  ========  ========  ========  ========  ========
           Counted       Corr      Corr      Corr      Corr      Corr      Corr      Corr      Corr      Corr      Corr      Corr
 Series    Segment   Add  # 1  Add  # 2  Add  # 3  Add  # 4  Add  # 5  Add  # 6  Add  # 7  Add  # 8  Add  # 9  Add  #10  Add  #11
 -------- ---------  --------  --------  --------  --------  --------  --------  --------  --------  --------  --------  --------
 YYD27A   1979 2005   -10 .47     0 .38     6 .35   -11 .25    -9 .22   -12 .18    -4 .15   -16 .14    -8 .13     4 .05     1 .05
===================  ========  ========  ========  ========  ========  ========  ========  ========  ========  ========  ========
           Counted       Corr      Corr      Corr      Corr      Corr      Corr      Corr      Corr      Corr      Corr      Corr
 Series    Segment   Add  # 1  Add  # 2  Add  # 3  Add  # 4  Add  # 5  Add  # 6  Add  # 7  Add  # 8  Add  # 9  Add  #10  Add  #11
 -------- ---------  --------  --------  --------  --------  --------  --------  --------  --------  --------  --------  --------
 YYD27B   1979 2003     8 .35   -11 .33   -12 .31     0 .29     6 .27     7 .13    -1 .11    -9 .08     5 .07    -3 .04    -7 .01
===================  ========  ========  ========  ========  ========  ========  ========  ========  ========  ========  ========
           Counted       Corr      Corr      Corr      Corr      Corr      Corr      Corr      Corr      Corr      Corr      Corr
 Series    Segment   Add  # 1  Add  # 2  Add  # 3  Add  # 4  Add  # 5  Add  # 6  Add  # 7  Add  # 8  Add  # 9  Add  #10  Add  #11
 -------- ---------  --------  --------  --------  --------  --------  --------  --------  --------  --------  --------  --------
 YYD28A   1969 2003    -3 .41     0 .25    -6 .15    -4 .13     1 .07     5 .04     8 .02     2 .02    -1 .01   --- ---   --- ---
===================  ========  ========  ========  ========  ========  ========  ========  ========  ========  ========  ========
           Counted       Corr      Corr      Corr      Corr      Corr      Corr      Corr      Corr      Corr      Corr      Corr
 Series    Segment   Add  # 1  Add  # 2  Add  # 3  Add  # 4  Add  # 5  Add  # 6  Add  # 7  Add  # 8  Add  # 9  Add  #10  Add  #11
 -------- ---------  --------  --------  --------  --------  --------  --------  --------  --------  --------  --------  --------
 YYD28B   1969 2005     0 .30    -3 .16    -1 .16    -6 .16    -4 .15     2 .14   --- ---   --- ---   --- ---   --- ---   --- ---
===================  ========  ========  ========  ========  ========  ========  ========  ========  ========  ========  ========
           Counted       Corr      Corr      Corr      Corr      Corr      Corr      Corr      Corr      Corr      Corr      Corr
 Series    Segment   Add  # 1  Add  # 2  Add  # 3  Add  # 4  Add  # 5  Add  # 6  Add  # 7  Add  # 8  Add  # 9  Add  #10  Add  #11
 -------- ---------  --------  --------  --------  --------  --------  --------  --------  --------  --------  --------  --------
 YYD29A   1964 1999     0 .65    12 .31     2 .22    -1 .11     3 .09     1 .04     4 .02   --- ---   --- ---   --- ---   --- ---
===================  ========  ========  ========  ========  ========  ========  ========  ========  ========  ========  ========
           Counted       Corr      Corr      Corr      Corr      Corr      Corr      Corr      Corr      Corr      Corr      Corr
 Series    Segment   Add  # 1  Add  # 2  Add  # 3  Add  # 4  Add  # 5  Add  # 6  Add  # 7  Add  # 8  Add  # 9  Add  #10  Add  #11
 -------- ---------  --------  --------  --------  --------  --------  --------  --------  --------  --------  --------  --------
 YYD29B   1964 1998     0 .51    12 .42     2 .37    13 .21     4 .04     1 .03     3 .02   --- ---   --- ---   --- ---   --- ---
===================  ========  ========  ========  ========  ========  ========  ========  ========  ========  ========  ========
           Counted       Corr      Corr      Corr      Corr      Corr      Corr      Corr      Corr      Corr      Corr      Corr
 Series    Segment   Add  # 1  Add  # 2  Add  # 3  Add  # 4  Add  # 5  Add  # 6  Add  # 7  Add  # 8  Add  # 9  Add  #10  Add  #11
 -------- ---------  --------  --------  --------  --------  --------  --------  --------  --------  --------  --------  --------
 YYD30A   1990 2009    -3 .55     0 .35   -21 .33   -22 .21    -1 .19   -12 .18   -20 .14   -15 .13   -14 .09   -17 .08   -25 .07
===================  ========  ========  ========  ========  ========  ========  ========  ========  ========  ========  ========
           Counted       Corr      Corr      Corr      Corr      Corr      Corr      Corr      Corr      Corr      Corr      Corr
 Series    Segment   Add  # 1  Add  # 2  Add  # 3  Add  # 4  Add  # 5  Add  # 6  Add  # 7  Add  # 8  Add  # 9  Add  #10  Add  #11
 -------- ---------  --------  --------  --------  --------  --------  --------  --------  --------  --------  --------  --------
 YYD30B   1990 2007   -13 .44   -11 .39   -24 .39   -16 .34     4 .34   -14 .32     2 .29   -12 .28     1 .25     0 .24   -21 .21
===================  ========  ========  ========  ========  ========  ========  ========  ========  ========  ========  ========
           Counted       Corr      Corr      Corr      Corr      Corr      Corr      Corr      Corr      Corr      Corr      Corr
 Series    Segment   Add  # 1  Add  # 2  Add  # 3  Add  # 4  Add  # 5  Add  # 6  Add  # 7  Add  # 8  Add  # 9  Add  #10  Add  #11
 -------- ---------  --------  --------  --------  --------  --------  --------  --------  --------  --------  --------  --------
 YYD31A   1965 1999    11 .53     0 .50    12 .23     2 .17    10 .16    -2 .04     7 .03     1 .02   --- ---   --- ---   --- ---
===================  ========  ========  ========  ========  ========  ========  ========  ========  ========  ========  ========
           Counted       Corr      Corr      Corr      Corr      Corr      Corr      Corr      Corr      Corr      Corr      Corr
 Series    Segment   Add  # 1  Add  # 2  Add  # 3  Add  # 4  Add  # 5  Add  # 6  Add  # 7  Add  # 8  Add  # 9  Add  #10  Add  #11
 -------- ---------  --------  --------  --------  --------  --------  --------  --------  --------  --------  --------  --------
 YYD31B   1965 1999     0 .57    -2 .36     2 .29    12 .27     1 .20    10 .10    11 .09   --- ---   --- ---   --- ---   --- ---
===================  ========  ========  ========  ========  ========  ========  ========  ========  ========  ========  ========
       58 undated series

                                              - = [  COFECHA YY   COF  ] = -
