[]  Dendrochronology Program Library                                        Run WW     Program COF  20:57  Mon 14 Nov 2011  Page   1
[]
[]  P R O G R A M      C O F E C H A                                                                          Version 6.06P    28078
------------------------------------------------------------------------------------------------------------------------------------

 QUALITY CONTROL AND DATING CHECK OF TREE-RING MEASUREMENTS

 Title of run:           ww                                      

 File of DATED series:   WWL.raw

 File of UNDATED series: WWD.raw

 CONTENTS:

    Part 1:  Title page, options selected, summary, absent rings by series
    Part 2:  Histogram of time spans
    Part 3:  Master series with sample depth and absent rings by year
    Part 4:  Bar plot of Master Dating Series
    Part 5:  Correlation by segment of each series with Master
    Part 6:  Potential problems: low correlation, divergent year-to-year changes, absent rings, outliers
    Part 7:  Descriptive statistics
    Part 8:  Undated series - adjustments for highest correlations

 RUN CONTROL OPTIONS SELECTED                             VALUE

         1  Cubic smoothing spline 50% wavelength cutoff for filtering
                                                            32 years
         2  Segments examined are                           50 years lagged successively by  25 years
         3  Autoregressive model applied                     A  Residuals are used in master dating series and testing
         4  Series transformed to logarithms                 Y  Each series log-transformed for master dating series and testing
         5  CORRELATION is Pearson (parametric, quantitative)
            Critical correlation, 99% confidence level   .3281
         6  Master dating series saved                       N
         7  Ring measurements listed                         N
         8  Parts printed                             12345678 
         9  Absent rings are omitted from master series and segment correlations  (Y)

 Time span of Master dating series is  1967 to  2011    45 years
 Continuous time span is               1967 to  2011    45 years
 Portion with two or more series is    1967 to  2011    45 years


                                        ****************************************
                                        *C* Number of dated series        30 *C*
                                        *O* Master series 1967 2011   45 yrs *O*
                                        *F* Total rings in all series   1132 *F*
                                        *E* Total dated rings checked   1132 *E*
                                        *C* Series intercorrelation     .545 *C*
                                        *H* Average mean sensitivity    .181 *H*
                                        *A* Segments, possible problems    3 *A*
                                        *** Mean length of series       37.7 ***
                                        ****************************************

 ABSENT RINGS listed by SERIES:            (See Master Dating Series for absent rings listed by year)

               No ring measurements of zero value
PART 2:  TIME PLOT OF TREE-RING SERIES: ww                                                         20:57  Mon 14 Nov 2011  Page   2
------------------------------------------------------------------------------------------------------------------------------------
 1050 1100 1150 1200 1250 1300 1350 1400 1450 1500 1550 1600 1650 1700 1750 1800 1850 1900 1950 2000 2050 Ident   Seq Time-span  Yrs
   :    :    :    :    :    :    :    :    :    :    :    :    :    :    :    :    :    :    :    :    : -------- --- ---- ---- ----
   .    .    .    .    .    .    .    .    .    .    .    .    .    .    .    .    .    .    .  <==>   . WWL01B     1 1981 2011   31
   .    .    .    .    .    .    .    .    .    .    .    .    .    .    .    .    .    .    .  <==>   . WWL01A     2 1981 2011   31
   .    .    .    .    .    .    .    .    .    .    .    .    .    .    .    .    .    .    . <===>   . WWL02B     3 1976 2011   36
   .    .    .    .    .    .    .    .    .    .    .    .    .    .    .    .    .    .    . <===>   . WWL02A     4 1976 2011   36
   .    .    .    .    .    .    .    .    .    .    .    .    .    .    .    .    .    .    . <===>   . WWL03A     5 1973 2010   38
   .    .    .    .    .    .    .    .    .    .    .    .    .    .    .    .    .    .    . <===>   . WWL03B     6 1973 2010   38
   .    .    .    .    .    .    .    .    .    .    .    .    .    .    .    .    .    .    . <===>   . WWL04A     7 1971 2010   40
   .    .    .    .    .    .    .    .    .    .    .    .    .    .    .    .    .    .    . <===>   . WWL04B     8 1971 2010   40
   .    .    .    .    .    .    .    .    .    .    .    .    .    .    .    .    .    .    . <===>   . WWL05A     9 1973 2011   39
   .    .    .    .    .    .    .    .    .    .    .    .    .    .    .    .    .    .    . <===>   . WWL05B    10 1973 2011   39
   .    .    .    .    .    .    .    .    .    .    .    .    .    .    .    .    .    .    . <===>   . WWL06A    11 1971 2011   41
   .    .    .    .    .    .    .    .    .    .    .    .    .    .    .    .    .    .    . <===>   . WWL06B    12 1971 2011   41
   .    .    .    .    .    .    .    .    .    .    .    .    .    .    .    .    .    .    . <===>   . WWL07A    13 1970 2010   41
   .    .    .    .    .    .    .    .    .    .    .    .    .    .    .    .    .    .    . <===>   . WWL07B    14 1970 2010   41
   .    .    .    .    .    .    .    .    .    .    .    .    .    .    .    .    .    .    . <===>   . WWL08B    15 1971 2011   41
   .    .    .    .    .    .    .    .    .    .    .    .    .    .    .    .    .    .    . <===>   . WWL08A    16 1971 2011   41
   .    .    .    .    .    .    .    .    .    .    .    .    .    .    .    .    .    .    .<====>   . WWL09B    17 1969 2011   43
   .    .    .    .    .    .    .    .    .    .    .    .    .    .    .    .    .    .    .<====>   . WWL09A    18 1969 2010   42
   .    .    .    .    .    .    .    .    .    .    .    .    .    .    .    .    .    .    .<====>   . WWL10A    19 1967 2010   44
   .    .    .    .    .    .    .    .    .    .    .    .    .    .    .    .    .    .    .<====>   . WWL10B    20 1967 2011   45
   .    .    .    .    .    .    .    .    .    .    .    .    .    .    .    .    .    .    .  <==>   . WWL11B    21 1983 2011   29
   .    .    .    .    .    .    .    .    .    .    .    .    .    .    .    .    .    .    .  <==>   . WWL11A    22 1980 2011   32
   .    .    .    .    .    .    .    .    .    .    .    .    .    .    .    .    .    .    . <===>   . WWL12A    23 1971 2010   40
   .    .    .    .    .    .    .    .    .    .    .    .    .    .    .    .    .    .    . <===>   . WWL12B    24 1973 2010   38
   .    .    .    .    .    .    .    .    .    .    .    .    .    .    .    .    .    .    . <===>   . WWL13B    25 1976 2011   36
   .    .    .    .    .    .    .    .    .    .    .    .    .    .    .    .    .    .    . <===>   . WWL13A    26 1975 2010   36
   .    .    .    .    .    .    .    .    .    .    .    .    .    .    .    .    .    .    .  <==>   . WWL14B    27 1981 2011   31
   .    .    .    .    .    .    .    .    .    .    .    .    .    .    .    .    .    .    . <===>   . WWL14A    28 1979 2011   33
   .    .    .    .    .    .    .    .    .    .    .    .    .    .    .    .    .    .    . <===>   . WWL15B    29 1974 2011   38
   .    .    .    .    .    .    .    .    .    .    .    .    .    .    .    .    .    .    .  <==>   . WWL15A    30 1981 2011   31
   :    :    :    :    :    :    :    :    :    :    :    :    :    :    :    :    :    :    :    :    :
 1050 1100 1150 1200 1250 1300 1350 1400 1450 1500 1550 1600 1650 1700 1750 1800 1850 1900 1950 2000 2050
   :    :    :    :    :    :    :    :    :    :    :    :    :    :    :    :    :    :    :    :    :
 1050 1100 1150 1200 1250 1300 1350 1400 1450 1500 1550 1600 1650 1700 1750 1800 1850 1900 1950 2000 2050
PART 3:  Master Dating Series: ww                                                                  20:57  Mon 14 Nov 2011  Page   3
------------------------------------------------------------------------------------------------------------------------------------
  Year  Value  No Ab    Year  Value  No Ab    Year  Value  No Ab    Year  Value  No Ab    Year  Value  No Ab    Year  Value  No Ab
  ------------------    ------------------    ------------------    ------------------    ------------------    ------------------
                        2000   .134  30
                        2001  -.203  30
                        2002 -1.235  30
                        2003 -1.082  30
                        2004 -1.215  30
                        2005  -.928  30
                        2006   .577  30
                        2007   .579  30
                        2008   .694  30
                        2009  1.172  30

                        2010  1.231  30
                        2011 -2.096  19





  1967  1.205   2
  1968 -3.314   2
  1969   .257   4

  1970  -.789   6
  1971  -.197  13
  1972 -1.813  13
  1973  -.448  18
  1974  -.914  19
  1975   .157  20
  1976   .864  23
  1977   .170  23
  1978   .700  23
  1979  -.262  24

  1980   .663  25
  1981  -.055  29
  1982   .163  29
  1983   .548  30
  1984 -1.468  30
  1985  -.831  30
  1986  -.368  30
  1987   .199  30
  1988   .529  30
  1989  1.530  30

  1990   .151  30
  1991   .826  30
  1992   .732  30
  1993   .755  30
  1994  1.013  30
  1995   .404  30
  1996   .825  30
  1997   .011  30
  1998  1.540  30
  1999  -.411  30
------------------------------------------------------------------------------------------------------------------------------------
PART 4:  Master Bar Plot: ww                                                                       20:57  Mon 14 Nov 2011  Page   4
------------------------------------------------------------------------------------------------------------------------------------
   Year Rel value  Year Rel value  Year Rel value  Year Rel value  Year Rel value  Year Rel value  Year Rel value  Year Rel value
                   2000-----A
                   2001---a
                   2002-e
                   2003-d
                   2004-e
                   2005--d
                   2006------B
                   2007------B
                   2008-------C
                   2009---------E
                   2010---------E
                   2011h





   1967---------E
   1968m
   1969-----A
   1970--c
   1971---a
   1972g
   1973---b
   1974--d
   1975-----A
   1976--------C
   1977-----A
   1978-------C
   1979---a
   1980-------C
   1981----@
   1982-----A
   1983------B
   1984f
   1985--c
   1986---a
   1987-----A
   1988------B
   1989----------F
   1990-----A
   1991--------C
   1992--------C
   1993--------C
   1994---------D
   1995------B
   1996--------C
   1997----@
   1998----------F
   1999---b
PART 5:  CORRELATION OF SERIES BY SEGMENTS: ww                                                     20:57  Mon 14 Nov 2011  Page   5
------------------------------------------------------------------------------------------------------------------------------------
 Correlations of  50-year dated segments, lagged  25 years
 Flags:  A = correlation under   .3281 but highest as dated;  B = correlation higher at other than dated position

 Seq Series  Time_span   1950 1975
                         1999 2024
 --- -------- ---------  ---- ---- ---- ---- ---- ---- ---- ---- ---- ---- ---- ---- ---- ---- ---- ---- ---- ---- ---- ----
   1 WWL01B   1981 2011        .64
   2 WWL01A   1981 2011        .50
   3 WWL02B   1976 2011        .55
   4 WWL02A   1976 2011        .49
   5 WWL03A   1973 2010   .16B
   6 WWL03B   1973 2010   .59
   7 WWL04A   1971 2010   .44
   8 WWL04B   1971 2010   .55
   9 WWL05A   1973 2011   .80
  10 WWL05B   1973 2011   .73
  11 WWL06A   1971 2011   .50
  12 WWL06B   1971 2011   .52
  13 WWL07A   1970 2010   .37
  14 WWL07B   1970 2010   .53
  15 WWL08B   1971 2011   .60
  16 WWL08A   1971 2011   .60
  17 WWL09B   1969 2011   .64
  18 WWL09A   1969 2010   .52
  19 WWL10A   1967 2010   .45
  20 WWL10B   1967 2011   .60
  21 WWL11B   1983 2011        .76
  22 WWL11A   1980 2011        .74
  23 WWL12A   1971 2010   .56
  24 WWL12B   1973 2010   .32B
  25 WWL13B   1976 2011        .51
  26 WWL13A   1975 2010        .48
  27 WWL14B   1981 2011        .22B
  28 WWL14A   1979 2011        .53
  29 WWL15B   1974 2011   .73
  30 WWL15A   1981 2011        .77
 Av segment correlation   .54  .56
PART 6:  POTENTIAL PROBLEMS: ww                                                                    20:57  Mon 14 Nov 2011  Page   5
------------------------------------------------------------------------------------------------------------------------------------

 For each series with potential problems the following diagnostics may appear:

 [A] Correlations with master dating series of flagged  50-year segments of series filtered with  32-year spline,
     at every point from ten years earlier (-10) to ten years later (+10) than dated

 [B] Effect of those data values which most lower or raise correlation with master series
     Symbol following year indicates value in series is greater (>) or lesser (<) than master series value

 [C] Year-to-year changes very different from the mean change in other series

 [D] Absent rings (zero values)

 [E] Values which are statistical outliers from mean for the year
====================================================================================================================================

 WWL01B    1981 to  2011      31 years                                                                                    Series   1

 [B] Entire series, effect on correlation (  .639) is:
       Lower   1990< -.041   1985< -.033   1999> -.029   1992< -.015   1983< -.015   1997> -.014  Higher   2011  .134   1989  .020

====================================================================================================================================

 WWL01A    1981 to  2011      31 years                                                                                    Series   2

 [B] Entire series, effect on correlation (  .505) is:
       Lower   1984> -.100   1987< -.094   1983< -.034   1990> -.022   1985< -.013   2005> -.012  Higher   2011  .301   1998  .033

====================================================================================================================================

 WWL02B    1976 to  2011      36 years                                                                                    Series   3

 [B] Entire series, effect on correlation (  .554) is:
       Lower   1984> -.101   1977< -.039   1989< -.031   1992< -.026   1976< -.018   1985> -.014  Higher   2011  .268   1998  .026

====================================================================================================================================

 WWL02A    1976 to  2011      36 years                                                                                    Series   4

 [B] Entire series, effect on correlation (  .488) is:
       Lower   1977< -.222   1978< -.016   1992< -.009   1989< -.006   1985> -.006   2001> -.004  Higher   2011  .034   1984  .024

 [E] Outliers     1   3.0 SD above or -4.5 SD below mean for year
       1977 -4.7 SD
====================================================================================================================================

 WWL03A    1973 to  2010      38 years                                                                                    Series   5

 [A] Segment   High   -10   -9   -8   -7   -6   -5   -4   -3   -2   -1   +0   +1   +2   +3   +4   +5   +6   +7   +8   +9  +10
    ---------  ----   ---  ---  ---  ---  ---  ---  ---  ---  ---  ---  ---  ---  ---  ---  ---  ---  ---  ---  ---  ---  ---
    1973 2010   -1      -    -    -    -  .07 -.16 -.28  .14 -.07  .23* .16|-.11    -    -    -    -    -    -    -    -    -

 [B] Entire series, effect on correlation (  .158) is:
       Lower   1980< -.216   1999> -.032   2008< -.024   1974> -.023   1976< -.017   1977> -.013  Higher   2002  .067   1989  .041
     1973 to 2010 segment:
       Lower   1980< -.216   1999> -.032   2008< -.024   1974> -.023   1976< -.017   1977> -.013  Higher   2002  .067   1989  .041

 [E] Outliers     1   3.0 SD above or -4.5 SD below mean for year
       1980 -4.6 SD
====================================================================================================================================

 WWL03B    1973 to  2010      38 years                                                                                    Series   6

 [B] Entire series, effect on correlation (  .590) is:
       Lower   1988< -.043   1979> -.038   1999> -.038   2009< -.028   1981> -.021   1990> -.018  Higher   1984  .162   2002  .040

====================================================================================================================================

 WWL04A    1971 to  2010      40 years                                                                                    Series   7

 [B] Entire series, effect on correlation (  .439) is:
       Lower   1971> -.029   1977< -.028   1976< -.020   1990> -.015   1973> -.013   1974> -.011  Higher   1984  .039   1999  .039

====================================================================================================================================

 WWL04B    1971 to  2010      40 years                                                                                    Series   8

 [B] Entire series, effect on correlation (  .553) is:
       Lower   1983< -.065   1974> -.049   1999< -.019   1976< -.014   1979> -.013   1977> -.013  Higher   1972  .092   1989  .020

====================================================================================================================================

 WWL05A    1973 to  2011      39 years                                                                                    Series   9

 [B] Entire series, effect on correlation (  .796) is:
       Lower   1974< -.036   1997< -.013   1979< -.011   2001> -.007   1977< -.007   1999> -.005  Higher   2011  .065   1984  .022

====================================================================================================================================

 WWL05B    1973 to  2011      39 years                                                                                    Series  10

 [B] Entire series, effect on correlation (  .732) is:
       Lower   1974< -.026   1989< -.014   1986> -.012   1990> -.011   1997< -.009   1982> -.006  Higher   1984  .025   2006  .005

====================================================================================================================================

 WWL06A    1971 to  2011      41 years                                                                                    Series  11

 [B] Entire series, effect on correlation (  .502) is:
       Lower   1981< -.202   1971> -.025   1979> -.018   1980< -.017   1983< -.008   1990> -.008  Higher   2011  .079   1972  .056

====================================================================================================================================

 WWL06B    1971 to  2011      41 years                                                                                    Series  12

 [B] Entire series, effect on correlation (  .522) is:
       Lower   1991< -.069   1984> -.043   1990> -.042   1993< -.018   1996< -.016   1979> -.012  Higher   1972  .069   2011  .041

====================================================================================================================================

 WWL07A    1970 to  2010      41 years                                                                                    Series  13

 [B] Entire series, effect on correlation (  .365) is:
       Lower   1971< -.126   1970> -.057   1995< -.040   2006< -.007   1974> -.006   1973> -.004  Higher   2002  .048   1984  .034

 [C] Year-to-year changes diverging by over 4.0 std deviations:
       1970 1971  -4.0 SD

====================================================================================================================================

 WWL07B    1970 to  2010      41 years                                                                                    Series  14

 [B] Entire series, effect on correlation (  .525) is:
       Lower   1972> -.052   1980< -.028   1974> -.026   1984> -.024   2002< -.021   1991< -.009  Higher   1998  .034   1999  .027

====================================================================================================================================

 WWL08B    1971 to  2011      41 years                                                                                    Series  15

 [B] Entire series, effect on correlation (  .601) is:
       Lower   1990< -.075   1984> -.027   1985> -.023   2000< -.017   1993< -.012   1977> -.009  Higher   1972  .059   1989  .020

====================================================================================================================================

 WWL08A    1971 to  2011      41 years                                                                                    Series  16

 [B] Entire series, effect on correlation (  .602) is:
       Lower   1993< -.153   1984> -.020   1977> -.019   1974> -.016   2002> -.010   1983< -.010  Higher   2011  .181   1989  .017

====================================================================================================================================

 WWL09B    1969 to  2011      43 years                                                                                    Series  17

 [B] Entire series, effect on correlation (  .644) is:
       Lower   1984> -.056   1991< -.026   2002> -.023   2007< -.016   1986< -.016   1972> -.012  Higher   2011  .196   1998  .014

====================================================================================================================================

 WWL09A    1969 to  2010      42 years                                                                                    Series  18

 [B] Entire series, effect on correlation (  .518) is:
       Lower   1984> -.036   1971> -.033   1996< -.026   1977> -.025   1990> -.025   1974> -.020  Higher   1972  .109   1998  .032

====================================================================================================================================

 WWL10A    1967 to  2010      44 years                                                                                    Series  19

 [B] Entire series, effect on correlation (  .450) is:
       Lower   1990< -.071   2007< -.065   1968> -.062   1986> -.012   1992< -.010   1973< -.008  Higher   1972  .031   1998  .025

 [E] Outliers     2   3.0 SD above or -4.5 SD below mean for year
       1968 +3.2 SD;    1986 +3.1 SD
====================================================================================================================================

 WWL10B    1967 to  2011      45 years                                                                                    Series  20

 [B] Entire series, effect on correlation (  .604) is:
       Lower   1972> -.045   1973< -.021   2000< -.014   2004> -.013   2007< -.013   1982< -.011  Higher   2011  .035   2010  .011

====================================================================================================================================

 WWL11B    1983 to  2011      29 years                                                                                    Series  21

 [B] Entire series, effect on correlation (  .761) is:
       Lower   1984< -.082   2002> -.018   1989< -.012   2004> -.007   1992< -.004   1985> -.003  Higher   2011  .017   2009  .007

====================================================================================================================================

 WWL11A    1980 to  2011      32 years                                                                                    Series  22

 [B] Entire series, effect on correlation (  .741) is:
       Lower   1984< -.093   1980< -.017   2002> -.012   1990> -.010   2010< -.009   1985> -.005  Higher   2011  .034   2009  .006

====================================================================================================================================

 WWL12A    1971 to  2010      40 years                                                                                    Series  23

 [B] Entire series, effect on correlation (  .564) is:
       Lower   1972> -.055   1991< -.043   1985> -.029   1981> -.026   1998< -.014   1982< -.011  Higher   1984  .119   1989  .020

====================================================================================================================================

 WWL12B    1973 to  2010      38 years                                                                                    Series  24

 [A] Segment   High   -10   -9   -8   -7   -6   -5   -4   -3   -2   -1   +0   +1   +2   +3   +4   +5   +6   +7   +8   +9  +10
    ---------  ----   ---  ---  ---  ---  ---  ---  ---  ---  ---  ---  ---  ---  ---  ---  ---  ---  ---  ---  ---  ---  ---
    1973 2010   -3      -    -    -    - -.05  .00 -.26  .34* .19  .11  .32|-.09    -    -    -    -    -    -    -    -    -

 [B] Entire series, effect on correlation (  .316) is:
       Lower   1987< -.252   1999> -.023   1990> -.020   1991< -.014   1981> -.010   1985> -.010  Higher   2002  .076   1998  .022
     1973 to 2010 segment:
       Lower   1987< -.252   1999> -.023   1990> -.020   1991< -.014   1981> -.010   1985> -.010  Higher   2002  .076   1998  .022

 [E] Outliers     1   3.0 SD above or -4.5 SD below mean for year
       1987 -4.8 SD
====================================================================================================================================

 WWL13B    1976 to  2011      36 years                                                                                    Series  25

 [B] Entire series, effect on correlation (  .510) is:
       Lower   2011> -.065   1990< -.059   1982< -.011   2001< -.010   1991< -.010   2003> -.009  Higher   1984  .032   1989  .029

====================================================================================================================================

 WWL13A    1975 to  2010      36 years                                                                                    Series  26

 [B] Entire series, effect on correlation (  .478) is:
       Lower   2006< -.048   1991< -.044   1990< -.041   1981> -.021   1975< -.020   1985> -.019  Higher   2002  .043   1998  .030

====================================================================================================================================

 WWL14B    1981 to  2011      31 years                                                                                    Series  27

 [A] Segment   High   -10   -9   -8   -7   -6   -5   -4   -3   -2   -1   +0   +1   +2   +3   +4   +5   +6   +7   +8   +9  +10
    ---------  ----   ---  ---  ---  ---  ---  ---  ---  ---  ---  ---  ---  ---  ---  ---  ---  ---  ---  ---  ---  ---  ---
    1981 2011   -4   -.17  .09 -.22  .01 -.12 -.03  .44* .22  .17 -.01  .22|   -    -    -    -    -    -    -    -    -    -

 [B] Entire series, effect on correlation (  .222) is:
       Lower   1988< -.460   1990> -.013   2006< -.009   1989< -.008   1999> -.004   1985> -.004  Higher   2011  .052   1998  .049
     1981 to 2011 segment:
       Lower   1988< -.460   1990> -.013   2006< -.009   1989< -.008   1999> -.004   1985> -.004  Higher   2011  .052   1998  .049

 [C] Year-to-year changes diverging by over 4.0 std deviations:
       1987 1988  -4.2 SD

 [E] Outliers     1   3.0 SD above or -4.5 SD below mean for year
       1988 -6.7 SD
====================================================================================================================================

 WWL14A    1979 to  2011      33 years                                                                                    Series  28

 [B] Entire series, effect on correlation (  .534) is:
       Lower   1988< -.199   1990> -.023   1999> -.017   1986< -.011   1997> -.010   2007< -.010  Higher   2011  .135   1984  .077

====================================================================================================================================

 WWL15B    1974 to  2011      38 years                                                                                    Series  29

 [B] Entire series, effect on correlation (  .726) is:
       Lower   1975< -.050   1996< -.036   1990> -.032   1999> -.016   1982< -.005   1987> -.005  Higher   2011  .139   1984  .047

====================================================================================================================================

 WWL15A    1981 to  2011      31 years                                                                                    Series  30

 [B] Entire series, effect on correlation (  .768) is:
       Lower   1999> -.052   1997< -.030   1989< -.018   1981< -.017   1988< -.016   1990> -.015  Higher   2011  .125   1984  .042

====================================================================================================================================
PART 7:  DESCRIPTIVE STATISTICS: ww                                                                20:57  Mon 14 Nov 2011  Page   6
------------------------------------------------------------------------------------------------------------------------------------

                                                Corr   //-------- Unfiltered --------\\  //---- Filtered -----\\
                           No.    No.    No.    with   Mean   Max     Std   Auto   Mean   Max     Std   Auto  AR
 Seq Series   Interval   Years  Segmt  Flags   Master  msmt   msmt    dev   corr   sens  value    dev   corr  ()
 --- -------- ---------  -----  -----  -----   ------ -----  -----  -----  -----  -----  -----  -----  -----  --
   1 WWL01B   1981 2011     31      1      0    .639   1.68   2.95   .620   .627   .175   2.63   .682   .048   1
   2 WWL01A   1981 2011     31      1      0    .505   1.66   2.70   .599   .617   .162   2.58   .568  -.097   1
   3 WWL02B   1976 2011     36      1      0    .554   2.15   3.44   .651   .593   .172   2.54   .523  -.045   1
   4 WWL02A   1976 2011     36      1      0    .488   2.31   3.53   .822   .608   .234   2.45   .454   .082   1
   5 WWL03A   1973 2010     38      1      1    .158    .63   1.14   .197   .696   .194   2.52   .457  -.033   1
   6 WWL03B   1973 2010     38      1      0    .590    .72   1.52   .263   .748   .164   2.58   .456   .035   1
   7 WWL04A   1971 2010     40      1      0    .439   1.59   2.94   .638   .842   .167   2.58   .497  -.063   2
   8 WWL04B   1971 2010     40      1      0    .553   1.15   1.87   .348   .871   .122   2.40   .472  -.032   1
   9 WWL05A   1973 2011     39      1      0    .796   2.66   4.02   .939   .768   .166   2.49   .632  -.031   1
  10 WWL05B   1973 2011     39      1      0    .732   2.49   3.81   .821   .693   .196   2.51   .489   .005   1
  11 WWL06A   1971 2011     41      1      0    .502   1.32   2.24   .559   .834   .176   2.39   .431  -.013   1
  12 WWL06B   1971 2011     41      1      0    .522    .97   1.54   .302   .626   .217   2.51   .455  -.076   1
  13 WWL07A   1970 2010     41      1      0    .365   1.68   3.95   .792   .872   .168   2.47   .472  -.017   1
  14 WWL07B   1970 2010     41      1      0    .525   1.81   3.15   .669   .836   .146   2.54   .428   .044   1
  15 WWL08B   1971 2011     41      1      0    .601   1.03   1.73   .366   .503   .263   2.61   .531  -.012   1
  16 WWL08A   1971 2011     41      1      0    .602    .99   1.57   .301   .530   .186   2.51   .526  -.097   1
  17 WWL09B   1969 2011     43      1      0    .644    .97   1.75   .394   .885   .163   2.43   .424  -.030   1
  18 WWL09A   1969 2010     42      1      0    .518    .82   1.49   .326   .844   .174   2.77   .616  -.002   1
  19 WWL10A   1967 2010     44      1      0    .450   1.61   2.82   .613   .822   .199   2.61   .492  -.051   1
  20 WWL10B   1967 2011     45      1      0    .604   1.41   2.83   .722   .856   .271   2.53   .447  -.089   1
  21 WWL11B   1983 2011     29      1      0    .761   2.35   3.64   .964   .904   .175   2.41   .457  -.058   1
  22 WWL11A   1980 2011     32      1      0    .741   2.64   3.80   .755   .812   .149   2.26   .425  -.093   1
  23 WWL12A   1971 2010     40      1      0    .564   2.25   4.22  1.281   .963   .146   2.46   .455  -.053   1
  24 WWL12B   1973 2010     38      1      1    .316   2.10   4.25   .937   .933   .133   2.49   .426   .087   1
  25 WWL13B   1976 2011     36      1      0    .510   1.73   4.14   .940   .877   .240   2.70   .531  -.059   1
  26 WWL13A   1975 2010     36      1      0    .478   1.75   3.63   .837   .853   .180   2.42   .482   .028   1
  27 WWL14B   1981 2011     31      1      1    .222   2.77   4.44  1.168   .831   .194   2.40   .402  -.025   1
  28 WWL14A   1979 2011     33      1      0    .534   2.36   3.81   .861   .861   .183   2.49   .571  -.051   1
  29 WWL15B   1974 2011     38      1      0    .726   3.15   4.46   .820   .626   .146   2.65   .553   .040   1
  30 WWL15A   1981 2011     31      1      0    .768   3.83   4.86   .869   .484   .149   2.53   .601  -.057   1
 --- -------- ---------  -----  -----  -----   ------ -----  -----  -----  -----  -----  -----  -----  -----  --
 Total or mean:           1132     30      3    .545   1.77   4.86   .667   .763   .181   2.77   .497  -.024
PART 8:  ADJUSTMENTS FOR UNDATED SERIES: ww                                                        20:57  Mon 14 Nov 2011  Page   7
------------------------------------------------------------------------------------------------------------------------------------

 Time span  1967  2011    45 years, best matches for  50-year segments lagged  25 years
 Listed in order from highest correlation

           Counted       Corr      Corr      Corr      Corr      Corr      Corr      Corr      Corr      Corr      Corr      Corr
 Series    Segment   Add  # 1  Add  # 2  Add  # 3  Add  # 4  Add  # 5  Add  # 6  Add  # 7  Add  # 8  Add  # 9  Add  #10  Add  #11
 -------- ---------  --------  --------  --------  --------  --------  --------  --------  --------  --------  --------  --------
 WWD01A   1976 2001     0 .36     2 .30    -1 .30    -9 .18     5 .16    -4 .12    -3 .05     3 .02    -7 .01    -2 .00   --- ---
===================  ========  ========  ========  ========  ========  ========  ========  ========  ========  ========  ========
           Counted       Corr      Corr      Corr      Corr      Corr      Corr      Corr      Corr      Corr      Corr      Corr
 Series    Segment   Add  # 1  Add  # 2  Add  # 3  Add  # 4  Add  # 5  Add  # 6  Add  # 7  Add  # 8  Add  # 9  Add  #10  Add  #11
 -------- ---------  --------  --------  --------  --------  --------  --------  --------  --------  --------  --------  --------
 WWD01B   1976 2001     0 .35    -1 .26     3 .26     2 .22    -9 .20     4 .20     5 .11     6 .10     1 .05    -6 .03   --- ---
===================  ========  ========  ========  ========  ========  ========  ========  ========  ========  ========  ========
           Counted       Corr      Corr      Corr      Corr      Corr      Corr      Corr      Corr      Corr      Corr      Corr
 Series    Segment   Add  # 1  Add  # 2  Add  # 3  Add  # 4  Add  # 5  Add  # 6  Add  # 7  Add  # 8  Add  # 9  Add  #10  Add  #11
 -------- ---------  --------  --------  --------  --------  --------  --------  --------  --------  --------  --------  --------
 WWD02A   1971 2009     0 .69     2 .37    -1 .09    -4 .05   --- ---   --- ---   --- ---   --- ---   --- ---   --- ---   --- ---
===================  ========  ========  ========  ========  ========  ========  ========  ========  ========  ========  ========
           Counted       Corr      Corr      Corr      Corr      Corr      Corr      Corr      Corr      Corr      Corr      Corr
 Series    Segment   Add  # 1  Add  # 2  Add  # 3  Add  # 4  Add  # 5  Add  # 6  Add  # 7  Add  # 8  Add  # 9  Add  #10  Add  #11
 -------- ---------  --------  --------  --------  --------  --------  --------  --------  --------  --------  --------  --------
 WWD02B   1971 2009     0 .18     2 .13    -4 .07    -2 .06   --- ---   --- ---   --- ---   --- ---   --- ---   --- ---   --- ---
===================  ========  ========  ========  ========  ========  ========  ========  ========  ========  ========  ========
        4 undated series

                                              - = [  COFECHA WW   COF  ] = -
