[]  Dendrochronology Program Library                                        Run S      Program COF  15:23  Mon 07 Nov 2011  Page   1
[]
[]  P R O G R A M      C O F E C H A                                                                          Version 6.06P    28071
------------------------------------------------------------------------------------------------------------------------------------

 QUALITY CONTROL AND DATING CHECK OF TREE-RING MEASUREMENTS

 Title of run:           s                                       

 File of DATED series:   SL.raw

 CONTENTS:

    Part 1:  Title page, options selected, summary, absent rings by series
    Part 2:  Histogram of time spans
    Part 3:  Master series with sample depth and absent rings by year
    Part 4:  Bar plot of Master Dating Series
    Part 5:  Correlation by segment of each series with Master
    Part 6:  Potential problems: low correlation, divergent year-to-year changes, absent rings, outliers
    Part 7:  Descriptive statistics

 RUN CONTROL OPTIONS SELECTED                             VALUE

         1  Cubic smoothing spline 50% wavelength cutoff for filtering
                                                            32 years
         2  Segments examined are                           50 years lagged successively by  25 years
         3  Autoregressive model applied                     A  Residuals are used in master dating series and testing
         4  Series transformed to logarithms                 Y  Each series log-transformed for master dating series and testing
         5  CORRELATION is Pearson (parametric, quantitative)
            Critical correlation, 99% confidence level   .3281
         6  Master dating series saved                       N
         7  Ring measurements listed                         N
         8  Parts printed                              1234567 
         9  Absent rings are omitted from master series and segment correlations  (Y)

 Time span of Master dating series is  1982 to  2010    29 years
 Continuous time span is               1982 to  2010    29 years
 Portion with two or more series is    1982 to  2010    29 years


                                        ****************************************
                                        *C* Number of dated series        20 *C*
                                        *O* Master series 1982 2010   29 yrs *O*
                                        *F* Total rings in all series    484 *F*
                                        *E* Total dated rings checked    484 *E*
                                        *C* Series intercorrelation     .629 *C*
                                        *H* Average mean sensitivity    .261 *H*
                                        *A* Segments, possible problems    2 *A*
                                        *** Mean length of series       24.2 ***
                                        ****************************************

 ABSENT RINGS listed by SERIES:            (See Master Dating Series for absent rings listed by year)

               No ring measurements of zero value
PART 2:  TIME PLOT OF TREE-RING SERIES: s                                                          15:23  Mon 07 Nov 2011  Page   2
------------------------------------------------------------------------------------------------------------------------------------
 1050 1100 1150 1200 1250 1300 1350 1400 1450 1500 1550 1600 1650 1700 1750 1800 1850 1900 1950 2000 2050 Ident   Seq Time-span  Yrs
   :    :    :    :    :    :    :    :    :    :    :    :    :    :    :    :    :    :    :    :    : -------- --- ---- ---- ----
   .    .    .    .    .    .    .    .    .    .    .    .    .    .    .    .    .    .    .  <==>   . 0SL01B     1 1988 2010   23
   .    .    .    .    .    .    .    .    .    .    .    .    .    .    .    .    .    .    .  <==>   . 0SL01A     2 1988 2010   23
   .    .    .    .    .    .    .    .    .    .    .    .    .    .    .    .    .    .    .  <==>   . 0SL02A     3 1985 2010   26
   .    .    .    .    .    .    .    .    .    .    .    .    .    .    .    .    .    .    .  <==>   . 0SL02B     4 1985 2010   26
   .    .    .    .    .    .    .    .    .    .    .    .    .    .    .    .    .    .    .  <==>   . 0SL03B     5 1988 2010   23
   .    .    .    .    .    .    .    .    .    .    .    .    .    .    .    .    .    .    .  <=>    . 0SL03A     6 1987 2009   23
   .    .    .    .    .    .    .    .    .    .    .    .    .    .    .    .    .    .    .  <==>   . 0SL04A     7 1985 2010   26
   .    .    .    .    .    .    .    .    .    .    .    .    .    .    .    .    .    .    .  <==>   . 0SL04B     8 1987 2010   24
   .    .    .    .    .    .    .    .    .    .    .    .    .    .    .    .    .    .    .  <=>    . OSL05A     9 1989 2009   21
   .    .    .    .    .    .    .    .    .    .    .    .    .    .    .    .    .    .    .  <=>    . OSL05B    10 1987 2009   23
   .    .    .    .    .    .    .    .    .    .    .    .    .    .    .    .    .    .    .  <=>    . OSL06A    11 1985 2009   25
   .    .    .    .    .    .    .    .    .    .    .    .    .    .    .    .    .    .    .  <=>    . OSL06B    12 1985 2009   25
   .    .    .    .    .    .    .    .    .    .    .    .    .    .    .    .    .    .    .  <=>    . OSL07A    13 1985 2009   25
   .    .    .    .    .    .    .    .    .    .    .    .    .    .    .    .    .    .    .  <=>    . OSL07B    14 1985 2009   25
   .    .    .    .    .    .    .    .    .    .    .    .    .    .    .    .    .    .    .  <=>    . 0SL08A    15 1988 2009   22
   .    .    .    .    .    .    .    .    .    .    .    .    .    .    .    .    .    .    .  <=>    . 0SL08B    16 1988 2009   22
   .    .    .    .    .    .    .    .    .    .    .    .    .    .    .    .    .    .    .  <==>   . 0SL09A    17 1989 2010   22
   .    .    .    .    .    .    .    .    .    .    .    .    .    .    .    .    .    .    .  <==>   . 0SL09B    18 1989 2010   22
   .    .    .    .    .    .    .    .    .    .    .    .    .    .    .    .    .    .    .  <==>   . 0SL10A    19 1982 2010   29
   .    .    .    .    .    .    .    .    .    .    .    .    .    .    .    .    .    .    .  <==>   . 0SL10B    20 1982 2010   29
   :    :    :    :    :    :    :    :    :    :    :    :    :    :    :    :    :    :    :    :    :
 1050 1100 1150 1200 1250 1300 1350 1400 1450 1500 1550 1600 1650 1700 1750 1800 1850 1900 1950 2000 2050
PART 3:  Master Dating Series: s                                                                   15:23  Mon 07 Nov 2011  Page   3
------------------------------------------------------------------------------------------------------------------------------------
  Year  Value  No Ab    Year  Value  No Ab    Year  Value  No Ab    Year  Value  No Ab    Year  Value  No Ab    Year  Value  No Ab
  ------------------    ------------------    ------------------    ------------------    ------------------    ------------------
                        2000   .377  20
                        2001   .487  20
                        2002   .538  20
                        2003   .754  20
                        2004  -.027  20
                        2005   .075  20
                        2006   .150  20
                        2007   .525  20
                        2008 -1.327  20
                        2009   .191  20

                        2010 -3.378  11























  1982  2.036   2
  1983  1.313   2
  1984   .274   2
  1985  1.457   9
  1986  -.163   9
  1987   .012  12
  1988   .305  17
  1989  -.023  20

  1990  -.030  20
  1991   .002  20
  1992 -1.216  20
  1993 -1.375  20
  1994 -1.207  20
  1995   .069  20
  1996  -.255  20
  1997   .118  20
  1998   .901  20
  1999  -.584  20
------------------------------------------------------------------------------------------------------------------------------------
PART 4:  Master Bar Plot: s                                                                        15:23  Mon 07 Nov 2011  Page   4
------------------------------------------------------------------------------------------------------------------------------------
   Year Rel value  Year Rel value  Year Rel value  Year Rel value  Year Rel value  Year Rel value  Year Rel value  Year Rel value
                   2000-------B
                   2001--------B
                   2002--------B
                   2003---------C
                   2004---@
                   2005-----@
                   2006------A
                   2007--------B
                   2008e
                   2009------A
                   2010n





















   1982----------H
   1983---------E
   1984------A
   1985---------F
   1986--a
   1987----@
   1988-------A
   1989---@
   1990---@
   1991----@
   1992-e
   1993e
   1994-e
   1995-----@
   1996--a
   1997-----@
   1998---------D
   1999--b
PART 5:  CORRELATION OF SERIES BY SEGMENTS: s                                                      15:23  Mon 07 Nov 2011  Page   5
------------------------------------------------------------------------------------------------------------------------------------
 Correlations of  50-year dated segments, lagged  25 years
 Flags:  A = correlation under   .3281 but highest as dated;  B = correlation higher at other than dated position

 Seq Series  Time_span   1975
                         2024
 --- -------- ---------  ---- ---- ---- ---- ---- ---- ---- ---- ---- ---- ---- ---- ---- ---- ---- ---- ---- ---- ---- ----
   1 0SL01B   1988 2010   .87
   2 0SL01A   1988 2010   .86
   3 0SL02A   1985 2010   .80
   4 0SL02B   1985 2010   .85
   5 0SL03B   1988 2010   .35B
   6 0SL03A   1987 2009   .42
   7 0SL04A   1985 2010   .56
   8 0SL04B   1987 2010   .64
   9 OSL05A   1989 2009   .38
  10 OSL05B   1987 2009   .30A
  11 OSL06A   1985 2009   .59
  12 OSL06B   1985 2009   .49
  13 OSL07A   1985 2009   .62
  14 OSL07B   1985 2009   .72
  15 0SL08A   1988 2009   .47
  16 0SL08B   1988 2009   .51
  17 0SL09A   1989 2010   .89
  18 0SL09B   1989 2010   .79
  19 0SL10A   1982 2010   .58
  20 0SL10B   1982 2010   .79
 Av segment correlation   .62
PART 6:  POTENTIAL PROBLEMS: s                                                                     15:23  Mon 07 Nov 2011  Page   5
------------------------------------------------------------------------------------------------------------------------------------

 For each series with potential problems the following diagnostics may appear:

 [A] Correlations with master dating series of flagged  50-year segments of series filtered with  32-year spline,
     at every point from ten years earlier (-10) to ten years later (+10) than dated

 [B] Effect of those data values which most lower or raise correlation with master series
     Symbol following year indicates value in series is greater (>) or lesser (<) than master series value

 [C] Year-to-year changes very different from the mean change in other series

 [D] Absent rings (zero values)

 [E] Values which are statistical outliers from mean for the year
====================================================================================================================================

 0SL01B    1988 to  2010      23 years                                                                                    Series   1

 [B] Entire series, effect on correlation (  .870) is:
       Lower   2008> -.022   1993< -.021   1998< -.020   1995< -.015   1988> -.009   1994> -.008  Higher   2010  .236   2007  .003

====================================================================================================================================

 0SL01A    1988 to  2010      23 years                                                                                    Series   2

 [B] Entire series, effect on correlation (  .864) is:
       Lower   2008> -.033   1996< -.012   1993< -.012   1995< -.011   1988> -.011   1999< -.008  Higher   2010  .208   1992  .004

====================================================================================================================================

 0SL02A    1985 to  2010      26 years                                                                                    Series   3

 [B] Entire series, effect on correlation (  .804) is:
       Lower   2008> -.052   1994> -.023   2000< -.020   1989< -.017   2005> -.010   1995< -.008  Higher   2010  .223   1985  .014

====================================================================================================================================

 0SL02B    1985 to  2010      26 years                                                                                    Series   4

 [B] Entire series, effect on correlation (  .852) is:
       Lower   1986> -.025   1994> -.022   1990< -.013   1987< -.013   2008> -.009   1995< -.005  Higher   2010  .190   1985  .012

====================================================================================================================================

 0SL03B    1988 to  2010      23 years                                                                                    Series   5

 [A] Segment   High   -10   -9   -8   -7   -6   -5   -4   -3   -2   -1   +0   +1   +2   +3   +4   +5   +6   +7   +8   +9  +10
    ---------  ----   ---  ---  ---  ---  ---  ---  ---  ---  ---  ---  ---  ---  ---  ---  ---  ---  ---  ---  ---  ---  ---
    1988 2010   -6      -    -    -    -  .48*-.02 -.03  .02  .00  .27  .35|   -    -    -    -    -    -    -    -    -    -

 [B] Entire series, effect on correlation (  .347) is:
       Lower   2005< -.241   2009< -.039   1997< -.019   2004> -.014   2000< -.011   2008> -.004  Higher   2010  .191   2003  .024
     1988 to 2010 segment:
       Lower   2005< -.241   2009< -.039   1997< -.019   2004> -.014   2000< -.011   2008> -.004  Higher   2010  .191   2003  .024

====================================================================================================================================

 0SL03A    1987 to  2009      23 years                                                                                    Series   6

 [B] Entire series, effect on correlation (  .424) is:
       Lower   1987> -.057   1993> -.053   2009< -.049   1992> -.026   2004< -.024   2007< -.020  Higher   2008  .334   1998  .035

====================================================================================================================================

 0SL04A    1985 to  2010      26 years                                                                                    Series   7

 [B] Entire series, effect on correlation (  .556) is:
       Lower   1992< -.113   2008> -.028   1986> -.024   1994> -.024   1996< -.020   1993> -.016  Higher   2010  .215   1985  .021

====================================================================================================================================

 0SL04B    1987 to  2010      24 years                                                                                    Series   8

 [B] Entire series, effect on correlation (  .643) is:
       Lower   2008> -.089   1988< -.047   2002< -.043   1987> -.028   2003< -.016   1989< -.010  Higher   2010  .376   1998  .019

====================================================================================================================================

 OSL05A    1989 to  2009      21 years                                                                                    Series   9

 [B] Entire series, effect on correlation (  .384) is:
       Lower   1994> -.081   1992> -.060   2003< -.043   1989< -.039   1999> -.031   2004> -.024  Higher   2008  .463   1998  .019

====================================================================================================================================

 OSL05B    1987 to  2009      23 years                                                                                    Series  10

 [A] Segment   High   -10   -9   -8   -7   -6   -5   -4   -3   -2   -1   +0   +1   +2   +3   +4   +5   +6   +7   +8   +9  +10
    ---------  ----   ---  ---  ---  ---  ---  ---  ---  ---  ---  ---  ---  ---  ---  ---  ---  ---  ---  ---  ---  ---  ---
    1987 2009    0      -    -    -    -    -  .00  .00 -.24 -.13 -.09  .30*-.12    -    -    -    -    -    -    -    -    -

 [B] Entire series, effect on correlation (  .296) is:
       Lower   2005< -.111   2002< -.056   1988< -.036   2003< -.034   1987> -.029   1996> -.003  Higher   1993  .074   1998  .036
     1987 to 2009 segment:
       Lower   2005< -.111   2002< -.056   1988< -.036   2003< -.034   1987> -.029   1996> -.003  Higher   1993  .074   1998  .036

====================================================================================================================================

 OSL06A    1985 to  2009      25 years                                                                                    Series  11

 [B] Entire series, effect on correlation (  .594) is:
       Lower   1993> -.105   1994> -.032   2009< -.025   1987< -.020   1992> -.019   1997< -.011  Higher   2008  .182   1985  .034

====================================================================================================================================

 OSL06B    1985 to  2009      25 years                                                                                    Series  12

 [B] Entire series, effect on correlation (  .490) is:
       Lower   2006< -.095   1993> -.080   2007< -.037   1994> -.024   2005> -.020   1987< -.013  Higher   1992  .073   2008  .068

====================================================================================================================================

 OSL07A    1985 to  2009      25 years                                                                                    Series  13

 [B] Entire series, effect on correlation (  .624) is:
       Lower   2006< -.065   1998< -.058   1992> -.029   1987< -.023   2007< -.016   1991> -.013  Higher   2008  .139   1985  .045

====================================================================================================================================

 OSL07B    1985 to  2009      25 years                                                                                    Series  14

 [B] Entire series, effect on correlation (  .721) is:
       Lower   1992> -.099   1999> -.016   2000< -.015   2001< -.015   1987< -.014   2006< -.013  Higher   2008  .111   1993  .029

====================================================================================================================================

 0SL08A    1988 to  2009      22 years                                                                                    Series  15

 [B] Entire series, effect on correlation (  .474) is:
       Lower   1992> -.063   2000< -.058   2004< -.032   1993> -.025   1996< -.019   1990> -.019  Higher   2008  .085   1994  .046

====================================================================================================================================

 0SL08B    1988 to  2009      22 years                                                                                    Series  16

 [B] Entire series, effect on correlation (  .507) is:
       Lower   2000< -.204   1993> -.033   1989> -.023   2009< -.016   2005> -.013   1990> -.007  Higher   2008  .090   1994  .052

====================================================================================================================================

 0SL09A    1989 to  2010      22 years                                                                                    Series  17

 [B] Entire series, effect on correlation (  .890) is:
       Lower   1995< -.020   2008> -.017   1989< -.015   2001< -.011   1990> -.009   2004> -.006  Higher   2010  .195   2003  .004

====================================================================================================================================

 0SL09B    1989 to  2010      22 years                                                                                    Series  18

 [B] Entire series, effect on correlation (  .792) is:
       Lower   1993< -.037   1992> -.034   1990< -.033   1991< -.023   2008> -.012   1989> -.006  Higher   2010  .230   2003  .006

====================================================================================================================================

 0SL10A    1982 to  2010      29 years                                                                                    Series  19

 [B] Entire series, effect on correlation (  .575) is:
       Lower   2001< -.067   1999> -.042   2003< -.037   2008> -.033   1985< -.022   1991< -.016  Higher   2010  .354   1982  .050

====================================================================================================================================

 0SL10B    1982 to  2010      29 years                                                                                    Series  20

 [B] Entire series, effect on correlation (  .786) is:
       Lower   1990< -.025   2001< -.024   1993> -.022   2004> -.018   1987> -.014   2005> -.013  Higher   2010  .231   1982  .027

====================================================================================================================================
PART 7:  DESCRIPTIVE STATISTICS: s                                                                 15:23  Mon 07 Nov 2011  Page   6
------------------------------------------------------------------------------------------------------------------------------------

                                                Corr   //-------- Unfiltered --------\\  //---- Filtered -----\\
                           No.    No.    No.    with   Mean   Max     Std   Auto   Mean   Max     Std   Auto  AR
 Seq Series   Interval   Years  Segmt  Flags   Master  msmt   msmt    dev   corr   sens  value    dev   corr  ()
 --- -------- ---------  -----  -----  -----   ------ -----  -----  -----  -----  -----  -----  -----  -----  --
   1 0SL01B   1988 2010     23      1      0    .870   1.66   3.54  1.049   .678   .289   2.46   .512  -.083   1
   2 0SL01A   1988 2010     23      1      0    .864   1.75   3.59  1.091   .653   .320   2.49   .535  -.031   1
   3 0SL02A   1985 2010     26      1      0    .804   1.47   2.51   .750   .709   .246   2.55   .543   .034   1
   4 0SL02B   1985 2010     26      1      0    .852   1.39   2.94   .812   .790   .228   2.55   .520   .029   2
   5 0SL03B   1988 2010     23      1      1    .347   1.22   2.29   .721   .966   .162   2.46   .541  -.096   1
   6 0SL03A   1987 2009     23      1      0    .424   1.06   2.09   .687   .934   .254   2.72   .540   .110   1
   7 0SL04A   1985 2010     26      1      0    .556    .94   2.48   .642   .688   .431   2.42   .522   .059   1
   8 0SL04B   1987 2010     24      1      0    .643    .91   1.87   .517   .643   .322   2.72   .597  -.019   1
   9 OSL05A   1989 2009     21      1      0    .384   1.49   1.90   .419   .702   .167   2.32   .499  -.091   1
  10 OSL05B   1987 2009     23      1      1    .296   1.64   2.70   .566   .867   .147   2.66   .624  -.019   1
  11 OSL06A   1985 2009     25      1      0    .594   1.41   2.43   .607   .854   .204   2.56   .536   .006   1
  12 OSL06B   1985 2009     25      1      0    .490   1.41   2.45   .708   .915   .208   2.84   .784  -.070   1
  13 OSL07A   1985 2009     25      1      0    .624   1.64   3.56   .891   .857   .240   2.85   .673  -.053   1
  14 OSL07B   1985 2009     25      1      0    .721   1.51   3.02   .766   .821   .250   2.61   .607  -.028   1
  15 0SL08A   1988 2009     22      1      0    .474   1.15   2.34   .677   .842   .288   2.56   .621  -.100   1
  16 0SL08B   1988 2009     22      1      0    .507   1.29   2.52   .740   .822   .268   2.71   .699  -.007   1
  17 0SL09A   1989 2010     22      1      0    .890   1.57   2.96   .891   .663   .313   2.39   .527  -.092   1
  18 0SL09B   1989 2010     22      1      0    .792   1.75   3.02   .890   .648   .302   2.41   .600  -.008   2
  19 0SL10A   1982 2010     29      1      0    .575   1.19   3.03   .783   .641   .265   2.73   .555  -.173   1
  20 0SL10B   1982 2010     29      1      0    .786   1.88   5.09  1.612   .859   .293   2.71   .507  -.117   1
 --- -------- ---------  -----  -----  -----   ------ -----  -----  -----  -----  -----  -----  -----  -----  --
 Total or mean:            484     20      2    .629   1.42   5.09   .800   .778   .261   2.85   .576  -.038

                                              - = [  COFECHA S    COF  ] = -
