[]  Dendrochronology Program Library                                        Run HH     Program COF  22:56  Tue 15 Nov 2011  Page   1
[]
[]  P R O G R A M      C O F E C H A                                                                          Version 6.06P    28079
------------------------------------------------------------------------------------------------------------------------------------

 QUALITY CONTROL AND DATING CHECK OF TREE-RING MEASUREMENTS

 Title of run:           hh                                      

 File of DATED series:   HHL.raw

 File of UNDATED series: HHD.raw

 CONTENTS:

    Part 1:  Title page, options selected, summary, absent rings by series
    Part 2:  Histogram of time spans
    Part 3:  Master series with sample depth and absent rings by year
    Part 4:  Bar plot of Master Dating Series
    Part 5:  Correlation by segment of each series with Master
    Part 6:  Potential problems: low correlation, divergent year-to-year changes, absent rings, outliers
    Part 7:  Descriptive statistics
    Part 8:  Undated series - adjustments for highest correlations

 RUN CONTROL OPTIONS SELECTED                             VALUE

         1  Cubic smoothing spline 50% wavelength cutoff for filtering
                                                            32 years
         2  Segments examined are                           50 years lagged successively by  25 years
         3  Autoregressive model applied                     A  Residuals are used in master dating series and testing
         4  Series transformed to logarithms                 Y  Each series log-transformed for master dating series and testing
         5  CORRELATION is Pearson (parametric, quantitative)
            Critical correlation, 99% confidence level   .3281
         6  Master dating series saved                       N
         7  Ring measurements listed                         N
         8  Parts printed                             12345678 
         9  Absent rings are omitted from master series and segment correlations  (Y)

 Time span of Master dating series is  1936 to  2010    75 years
 Continuous time span is               1936 to  2010    75 years
 Portion with two or more series is    1936 to  2010    75 years


                                        ****************************************
                                        *C* Number of dated series        24 *C*
                                        *O* Master series 1936 2010   75 yrs *O*
                                        *F* Total rings in all series   1330 *F*
                                        *E* Total dated rings checked   1330 *E*
                                        *C* Series intercorrelation     .667 *C*
                                        *H* Average mean sensitivity    .280 *H*
                                        *A* Segments, possible problems    4 *A*
                                        *** Mean length of series       55.4 ***
                                        ****************************************

 ABSENT RINGS listed by SERIES:            (See Master Dating Series for absent rings listed by year)

               No ring measurements of zero value
PART 2:  TIME PLOT OF TREE-RING SERIES: hh                                                         22:56  Tue 15 Nov 2011  Page   2
------------------------------------------------------------------------------------------------------------------------------------
 1050 1100 1150 1200 1250 1300 1350 1400 1450 1500 1550 1600 1650 1700 1750 1800 1850 1900 1950 2000 2050 Ident   Seq Time-span  Yrs
   :    :    :    :    :    :    :    :    :    :    :    :    :    :    :    :    :    :    :    :    : -------- --- ---- ---- ----
   .    .    .    .    .    .    .    .    .    .    .    .    .    .    .    .    .    .   <======>   . HHL02A     1 1946 2010   65
   .    .    .    .    .    .    .    .    .    .    .    .    .    .    .    .    .    .   <======>   . HHL02B     2 1944 2010   67
   .    .    .    .    .    .    .    .    .    .    .    .    .    .    .    .    .    .  <=======>   . HHL03A     3 1936 2010   75
   .    .    .    .    .    .    .    .    .    .    .    .    .    .    .    .    .    .  <=======>   . HHL03B     4 1937 2010   74
   .    .    .    .    .    .    .    .    .    .    .    .    .    .    .    .    .    .  <=======>   . HHL04A     5 1936 2010   75
   .    .    .    .    .    .    .    .    .    .    .    .    .    .    .    .    .    .  <=======>   . HHL04B     6 1936 2010   75
   .    .    .    .    .    .    .    .    .    .    .    .    .    .    .    .    .    .   <======>   . HHL05A     7 1944 2010   67
   .    .    .    .    .    .    .    .    .    .    .    .    .    .    .    .    .    .   <======>   . HHL05B     8 1944 2010   67
   .    .    .    .    .    .    .    .    .    .    .    .    .    .    .    .    .    .   <======>   . HHL06A     9 1940 2010   71
   .    .    .    .    .    .    .    .    .    .    .    .    .    .    .    .    .    .   <======>   . HHL06B    10 1940 2010   71
   .    .    .    .    .    .    .    .    .    .    .    .    .    .    .    .    .    .   <======>   . HHL07A    11 1945 2010   66
   .    .    .    .    .    .    .    .    .    .    .    .    .    .    .    .    .    .   <======>   . HHL07B    12 1947 2010   64
   .    .    .    .    .    .    .    .    .    .    .    .    .    .    .    .    .    .    .<====>   . HHL09A    13 1966 2010   45
   .    .    .    .    .    .    .    .    .    .    .    .    .    .    .    .    .    .    .<====>   . HHL09B    14 1966 2010   45
   .    .    .    .    .    .    .    .    .    .    .    .    .    .    .    .    .    .    <=====>   . HHL10A    15 1953 2010   58
   .    .    .    .    .    .    .    .    .    .    .    .    .    .    .    .    .    .    .<====>   . HHL10B    16 1969 2010   42
   .    .    .    .    .    .    .    .    .    .    .    .    .    .    .    .    .    .    .<====>   . HHL11A    17 1968 2010   43
   .    .    .    .    .    .    .    .    .    .    .    .    .    .    .    .    .    .    .<====>   . HHL11B    18 1962 2010   49
   .    .    .    .    .    .    .    .    .    .    .    .    .    .    .    .    .    .    . <===>   . HHL12A    19 1970 2010   41
   .    .    .    .    .    .    .    .    .    .    .    .    .    .    .    .    .    .    .<==>.    . HHL12B    20 1961 1998   38
   .    .    .    .    .    .    .    .    .    .    .    .    .    .    .    .    .    .    .  <=>    . HHL13A    21 1981 2007   27
   .    .    .    .    .    .    .    .    .    .    .    .    .    .    .    .    .    .    .  <==>   . HHL13B    22 1986 2010   25
   .    .    .    .    .    .    .    .    .    .    .    .    .    .    .    .    .    .    . <===>   . HHL14A    23 1970 2010   41
   .    .    .    .    .    .    .    .    .    .    .    .    .    .    .    .    .    .    . <===>   . HHL14B    24 1972 2010   39
   :    :    :    :    :    :    :    :    :    :    :    :    :    :    :    :    :    :    :    :    :
 1050 1100 1150 1200 1250 1300 1350 1400 1450 1500 1550 1600 1650 1700 1750 1800 1850 1900 1950 2000 2050
   :    :    :    :    :    :    :    :    :    :    :    :    :    :    :    :    :    :    :    :    :
 1050 1100 1150 1200 1250 1300 1350 1400 1450 1500 1550 1600 1650 1700 1750 1800 1850 1900 1950 2000 2050
PART 3:  Master Dating Series: hh                                                                  22:56  Tue 15 Nov 2011  Page   3
------------------------------------------------------------------------------------------------------------------------------------
  Year  Value  No Ab    Year  Value  No Ab    Year  Value  No Ab    Year  Value  No Ab    Year  Value  No Ab    Year  Value  No Ab
  ------------------    ------------------    ------------------    ------------------    ------------------    ------------------
                        1950  1.552  12       2000  -.478  23
                        1951   .831  12       2001   .933  23
                        1952  -.137  12       2002 -1.985  23
                        1953  -.729  13       2003 -1.600  23
                        1954  -.232  13       2004 -2.172  23
                        1955   .596  13       2005  -.068  23
                        1956   .466  13       2006   .694  23
                        1957  -.403  13       2007   .255  23
                        1958  1.055  13       2008  1.239  22
                        1959  1.158  13       2009  1.553  22

                        1960   .534  13       2010   .533  22
                        1961 -1.223  14
                        1962 -1.704  15
                        1963 -2.061  15
                        1964 -2.116  15
                        1965  -.554  15
                        1966  -.329  17
                        1967  -.491  17
                        1968   .125  18
                        1969   .011  19

                        1970  -.160  21
                        1971  -.049  21
                        1972  -.793  22
                        1973   .312  22
                        1974  1.483  22
                        1975  1.546  22
                        1976   .692  22
                        1977  1.148  22
                        1978   .553  22
                        1979  1.200  22

                        1980 -1.112  22
                        1981  -.729  23
                        1982 -2.123  23
                        1983  -.566  23
                        1984   .150  23
                        1985   .251  23
  1936  -.333   3       1986   .888  24
  1937   .000   4       1987   .330  24
  1938  -.040   4       1988  1.769  24
  1939   .602   4       1989   .875  24

  1940  -.515   6       1990   .016  24
  1941 -1.250   6       1991  1.211  24
  1942  -.500   6       1992   .778  24
  1943  -.645   6       1993  -.037  24
  1944  -.038   9       1994  1.305  24
  1945  -.269  10       1995 -2.320  24
  1946  -.075  11       1996  -.371  24
  1947   .275  12       1997  -.134  24
  1948  1.317  12       1998  -.985  24
  1949  1.192  12       1999  -.098  23
------------------------------------------------------------------------------------------------------------------------------------
PART 4:  Master Bar Plot: hh                                                                       22:56  Tue 15 Nov 2011  Page   4
------------------------------------------------------------------------------------------------------------------------------------
   Year Rel value  Year Rel value  Year Rel value  Year Rel value  Year Rel value  Year Rel value  Year Rel value  Year Rel value
                   1950----------F 2000--b
                   1951--------C   2001--------D
                   1952----a       2002h
                   1953--c         2003-f
                   1954---a        2004i
                   1955-------B    2005----@
                   1956-------B    2006-------C
                   1957---b        2007------A
                   1958---------D  2008---------E
                   1959---------E  2009----------F
                   1960-------B    2010-------B
                   1961-e
                   1962g
                   1963h
                   1964h
                   1965--b
                   1966---a
                   1967--b
                   1968------A
                   1969-----@
                   1970----a
                   1971-----@
                   1972--c
                   1973------A
                   1974----------F
                   1975----------F
                   1976-------C
                   1977---------E
                   1978-------B
                   1979---------E
                   1980-d
                   1981--c
                   1982h
                   1983--b
                   1984------A
                   1985------A
   1936---a        1986--------D
   1937-----@      1987------A
   1938-----@      1988----------G
   1939-------B    1989--------C
   1940--b         1990-----@
   1941-e          1991---------E
   1942--b         1992--------C
   1943--c         1993-----@
   1944-----@      1994---------E
   1945---a        1995i
   1946----@       1996---a
   1947------A     1997----a
   1948---------E  1998-d
   1949---------E  1999----@
PART 5:  CORRELATION OF SERIES BY SEGMENTS: hh                                                     22:56  Tue 15 Nov 2011  Page   5
------------------------------------------------------------------------------------------------------------------------------------
 Correlations of  50-year dated segments, lagged  25 years
 Flags:  A = correlation under   .3281 but highest as dated;  B = correlation higher at other than dated position

 Seq Series  Time_span   1925 1950 1975
                         1974 1999 2024
 --- -------- ---------  ---- ---- ---- ---- ---- ---- ---- ---- ---- ---- ---- ---- ---- ---- ---- ---- ---- ---- ---- ----
   1 HHL02A   1946 2010   .68  .73  .76
   2 HHL02B   1944 2010   .55  .69  .73
   3 HHL03A   1936 2010   .31A .70  .85
   4 HHL03B   1937 2010   .36B .74  .86
   5 HHL04A   1936 2010   .63  .75  .83
   6 HHL04B   1936 2010   .64  .81  .87
   7 HHL05A   1944 2010   .69  .77  .82
   8 HHL05B   1944 2010   .70  .81  .86
   9 HHL06A   1940 2010   .68  .81  .88
  10 HHL06B   1940 2010   .64  .78  .83
  11 HHL07A   1945 2010   .73  .84  .88
  12 HHL07B   1947 2010   .81  .85  .82
  13 HHL09A   1966 2010        .81
  14 HHL09B   1966 2010        .79
  15 HHL10A   1953 2010        .34  .45
  16 HHL10B   1969 2010        .55
  17 HHL11A   1968 2010        .61
  18 HHL11B   1962 2010        .62
  19 HHL12A   1970 2010        .80
  20 HHL12B   1961 1998        .72
  21 HHL13A   1981 2007            -.07B
  22 HHL13B   1986 2010             .30A
  23 HHL14A   1970 2010        .43
  24 HHL14B   1972 2010        .35
 Av segment correlation   .62  .70  .71
PART 6:  POTENTIAL PROBLEMS: hh                                                                    22:56  Tue 15 Nov 2011  Page   5
------------------------------------------------------------------------------------------------------------------------------------

 For each series with potential problems the following diagnostics may appear:

 [A] Correlations with master dating series of flagged  50-year segments of series filtered with  32-year spline,
     at every point from ten years earlier (-10) to ten years later (+10) than dated

 [B] Effect of those data values which most lower or raise correlation with master series
     Symbol following year indicates value in series is greater (>) or lesser (<) than master series value

 [C] Year-to-year changes very different from the mean change in other series

 [D] Absent rings (zero values)

 [E] Values which are statistical outliers from mean for the year
====================================================================================================================================

 HHL02A    1946 to  2010      65 years                                                                                    Series   1

 [B] Entire series, effect on correlation (  .682) is:
       Lower   1946< -.046   1961> -.028   1955< -.021   1968< -.008   1957> -.007   1980> -.007  Higher   1995  .113   1994  .009

====================================================================================================================================

 HHL02B    1944 to  2010      67 years                                                                                    Series   2

 [B] Entire series, effect on correlation (  .717) is:
       Lower   1982> -.028   1980> -.020   1971< -.017   1970> -.013   2000< -.010   1953> -.009  Higher   1995  .071   2002  .047

====================================================================================================================================

 HHL03A    1936 to  2010      75 years                                                                                    Series   3

 [A] Segment   High   -10   -9   -8   -7   -6   -5   -4   -3   -2   -1   +0   +1   +2   +3   +4   +5   +6   +7   +8   +9  +10
    ---------  ----   ---  ---  ---  ---  ---  ---  ---  ---  ---  ---  ---  ---  ---  ---  ---  ---  ---  ---  ---  ---  ---
    1936 1985    0      -    -    -    -    -    -    -    -    -    -  .31* .24  .09 -.02 -.07 -.24 -.32 -.25 -.15  .05  .08

 [B] Entire series, effect on correlation (  .601) is:
       Lower   1943< -.040   1936> -.035   1957> -.021   1941> -.020   1942< -.018   1948< -.016  Higher   2002  .073   1995  .040
     1936 to 1985 segment:
       Lower   1943< -.061   1936> -.061   1957> -.035   1941> -.033   1948< -.026   1942< -.025  Higher   1982  .057   1974  .040

 [E] Outliers     1   3.0 SD above or -4.5 SD below mean for year
       1943 -5.5 SD
====================================================================================================================================

 HHL03B    1937 to  2010      74 years                                                                                    Series   4

 [A] Segment   High   -10   -9   -8   -7   -6   -5   -4   -3   -2   -1   +0   +1   +2   +3   +4   +5   +6   +7   +8   +9  +10
    ---------  ----   ---  ---  ---  ---  ---  ---  ---  ---  ---  ---  ---  ---  ---  ---  ---  ---  ---  ---  ---  ---  ---
    1937 1986   -1      -    -    -    -    -    -    -    -    -  .62* .36| .07  .16 -.04 -.20 -.08 -.39 -.04 -.05 -.05  .05

 [B] Entire series, effect on correlation (  .670) is:
       Lower   1942< -.038   1940> -.021   1953> -.020   1937> -.018   1938< -.016   1954< -.010  Higher   1995  .068   2002  .059
     1937 to 1986 segment:
       Lower   1942< -.056   1940> -.036   1953> -.035   1937> -.031   1938< -.023   1954< -.014  Higher   1962  .046   1964  .031

====================================================================================================================================

 HHL04A    1936 to  2010      75 years                                                                                    Series   5

 [B] Entire series, effect on correlation (  .719) is:
       Lower   1937< -.024   1957< -.020   1936< -.011   1940> -.008   1953< -.008   1973< -.006  Higher   2002  .048   1995  .015

====================================================================================================================================

 HHL04B    1936 to  2010      75 years                                                                                    Series   6

 [B] Entire series, effect on correlation (  .765) is:
       Lower   1938> -.025   1942> -.022   1937< -.014   1957< -.007   1992< -.006   1956< -.006  Higher   2002  .042   1995  .023

====================================================================================================================================

 HHL05A    1944 to  2010      67 years                                                                                    Series   7

 [B] Entire series, effect on correlation (  .790) is:
       Lower   1998< -.020   1984< -.018   1980> -.016   1954< -.008   1945> -.006   1955< -.006  Higher   1995  .042   2002  .029

====================================================================================================================================

 HHL05B    1944 to  2010      67 years                                                                                    Series   8

 [B] Entire series, effect on correlation (  .781) is:
       Lower   1947< -.040   1949< -.011   1966> -.009   1997< -.007   1953> -.007   1972> -.007  Higher   2002  .031   1995  .015

====================================================================================================================================

 HHL06A    1940 to  2010      71 years                                                                                    Series   9

 [B] Entire series, effect on correlation (  .797) is:
       Lower   1942> -.017   1955< -.014   1947> -.012   1966> -.011   1971> -.009   1954> -.009  Higher   1995  .061   2002  .022

====================================================================================================================================

 HHL06B    1940 to  2010      71 years                                                                                    Series  10

 [B] Entire series, effect on correlation (  .765) is:
       Lower   1994< -.013   1940< -.011   1947> -.009   1974< -.008   1980> -.008   1942> -.008  Higher   1995  .072   2002  .026

====================================================================================================================================

 HHL07A    1945 to  2010      66 years                                                                                    Series  11

 [B] Entire series, effect on correlation (  .799) is:
       Lower   1949< -.017   1959< -.013   1946> -.010   1957> -.008   2002> -.005   1950< -.005  Higher   1995  .058   1982  .010

====================================================================================================================================

 HHL07B    1947 to  2010      64 years                                                                                    Series  12

 [B] Entire series, effect on correlation (  .771) is:
       Lower   2002> -.033   1948< -.026   1953> -.017   1985< -.010   1987< -.009   1969> -.008  Higher   1995  .077   1961  .010

====================================================================================================================================

 HHL09A    1966 to  2010      45 years                                                                                    Series  13

 [B] Entire series, effect on correlation (  .810) is:
       Lower   1980> -.018   2007> -.014   1978< -.013   1976> -.012   1998> -.012   1968> -.011  Higher   1995  .079   2002  .045

====================================================================================================================================

 HHL09B    1966 to  2010      45 years                                                                                    Series  14

 [B] Entire series, effect on correlation (  .790) is:
       Lower   1980< -.019   1968> -.016   1982> -.013   1991< -.011   1967> -.010   1996< -.009  Higher   1995  .074   2002  .021

====================================================================================================================================

 HHL10A    1953 to  2010      58 years                                                                                    Series  15

 [B] Entire series, effect on correlation (  .377) is:
       Lower   1999< -.077   1960< -.067   1962> -.041   1964> -.024   1998> -.023   1977< -.022  Higher   1995  .054   2002  .050

 [E] Outliers     3   3.0 SD above or -4.5 SD below mean for year
       1962 +3.4 SD;    1963 +3.3 SD;    1964 +3.7 SD
====================================================================================================================================

 HHL10B    1969 to  2010      42 years                                                                                    Series  16

 [B] Entire series, effect on correlation (  .552) is:
       Lower   1969< -.090   1995> -.037   1983< -.027   1993< -.018   2005< -.016   1977< -.014  Higher   2002  .086   1980  .039

====================================================================================================================================

 HHL11A    1968 to  2010      43 years                                                                                    Series  17

 [B] Entire series, effect on correlation (  .609) is:
       Lower   1995> -.066   1969< -.044   1975< -.036   1970> -.022   1974< -.019   1978< -.008  Higher   2002  .115   1988  .021

====================================================================================================================================

 HHL11B    1962 to  2010      49 years                                                                                    Series  18

 [B] Entire series, effect on correlation (  .625) is:
       Lower   1966< -.087   1962> -.028   1998> -.019   1980> -.019   1964> -.014   1979< -.014  Higher   1995  .113   2002  .062

====================================================================================================================================

 HHL12A    1970 to  2010      41 years                                                                                    Series  19

 [B] Entire series, effect on correlation (  .800) is:
       Lower   2003< -.022   2004> -.011   2002> -.011   1978< -.009   1999< -.009   1993> -.008  Higher   1995  .081   1982  .006

====================================================================================================================================

 HHL12B    1961 to  1998      38 years                                                                                    Series  20

 [B] Entire series, effect on correlation (  .724) is:
       Lower   1961> -.103   1962> -.016   1998> -.012   1977< -.008   1991< -.005   1964> -.005  Higher   1995  .169   1988  .017

 [E] Outliers     1   3.0 SD above or -4.5 SD below mean for year
       1961 +3.2 SD
====================================================================================================================================

 HHL13A    1981 to  2007      27 years                                                                                    Series  21

 [A] Segment   High   -10   -9   -8   -7   -6   -5   -4   -3   -2   -1   +0   +1   +2   +3   +4   +5   +6   +7   +8   +9  +10
    ---------  ----   ---  ---  ---  ---  ---  ---  ---  ---  ---  ---  ---  ---  ---  ---  ---  ---  ---  ---  ---  ---  ---
    1981 2007   -5   -.28 -.24  .03  .01  .06  .49* .11  .18  .11 -.23 -.07|-.18  .08 -.15    -    -    -    -    -    -    -

 [B] Entire series, effect on correlation ( -.074) is:
       Lower   1995> -.112   1986< -.078   1984< -.023   2004> -.023   2007< -.011   1989< -.009  Higher   1998  .047   1991  .032
     1981 to 2007 segment:
       Lower   1995> -.112   1986< -.078   1984< -.023   2004> -.023   2007< -.011   1989< -.009  Higher   1998  .047   1991  .032

 [E] Outliers     1   3.0 SD above or -4.5 SD below mean for year
       1995 +3.9 SD
====================================================================================================================================

 HHL13B    1986 to  2010      25 years                                                                                    Series  22

 [A] Segment   High   -10   -9   -8   -7   -6   -5   -4   -3   -2   -1   +0   +1   +2   +3   +4   +5   +6   +7   +8   +9  +10
    ---------  ----   ---  ---  ---  ---  ---  ---  ---  ---  ---  ---  ---  ---  ---  ---  ---  ---  ---  ---  ---  ---  ---
    1986 2010    0   -.37 -.22  .03 -.05  .20  .16 -.05  .24 -.17 -.08  .30*   -    -    -    -    -    -    -    -    -    -

 [B] Entire series, effect on correlation (  .300) is:
       Lower   2008< -.061   2004> -.045   1986< -.040   1990> -.036   2009< -.021   1987< -.020  Higher   1995  .115   1988  .033
     1986 to 2010 segment:
       Lower   2008< -.061   2004> -.045   1986< -.040   1990> -.036   2009< -.021   1987< -.020  Higher   1995  .115   1988  .033

====================================================================================================================================

 HHL14A    1970 to  2010      41 years                                                                                    Series  23

 [B] Entire series, effect on correlation (  .427) is:
       Lower   1995> -.146   2002> -.037   2005< -.033   1991< -.027   1992< -.024   1970< -.004  Higher   1980  .066   1988  .024

 [E] Outliers     1   3.0 SD above or -4.5 SD below mean for year
       1995 +3.4 SD
====================================================================================================================================

 HHL14B    1972 to  2010      39 years                                                                                    Series  24

 [B] Entire series, effect on correlation (  .349) is:
       Lower   2005< -.173   2002> -.061   1984< -.029   1976< -.017   1993> -.008   1985< -.007  Higher   1995  .050   1980  .031

====================================================================================================================================
PART 7:  DESCRIPTIVE STATISTICS: hh                                                                22:56  Tue 15 Nov 2011  Page   6
------------------------------------------------------------------------------------------------------------------------------------

                                                Corr   //-------- Unfiltered --------\\  //---- Filtered -----\\
                           No.    No.    No.    with   Mean   Max     Std   Auto   Mean   Max     Std   Auto  AR
 Seq Series   Interval   Years  Segmt  Flags   Master  msmt   msmt    dev   corr   sens  value    dev   corr  ()
 --- -------- ---------  -----  -----  -----   ------ -----  -----  -----  -----  -----  -----  -----  -----  --
   1 HHL02A   1946 2010     65      3      0    .682    .76   2.05   .479   .821   .289   2.56   .386  -.142   1
   2 HHL02B   1944 2010     67      3      0    .717    .68   1.80   .357   .797   .275   2.57   .534  -.029   1
   3 HHL03A   1936 2010     75      3      1    .601    .82   1.85   .464   .658   .369   2.72   .472   .001   1
   4 HHL03B   1937 2010     74      3      1    .670    .83   2.13   .511   .764   .385   2.57   .501  -.054   1
   5 HHL04A   1936 2010     75      3      0    .719   1.30   2.88   .800   .737   .352   2.57   .542   .006   2
   6 HHL04B   1936 2010     75      3      0    .765   1.49   3.41   .872   .838   .284   2.56   .491  -.004   1
   7 HHL05A   1944 2010     67      3      0    .790    .88   2.08   .403   .730   .300   2.72   .584  -.094   1
   8 HHL05B   1944 2010     67      3      0    .781    .87   1.90   .429   .704   .338   2.92   .655  -.048   1
   9 HHL06A   1940 2010     71      3      0    .797    .95   2.26   .578   .770   .348   2.56   .447  -.023   1
  10 HHL06B   1940 2010     71      3      0    .765   1.60   3.67   .981   .875   .296   2.48   .437  -.018   1
  11 HHL07A   1945 2010     66      3      0    .799    .74   1.85   .435   .817   .301   2.71   .489  -.019   1
  12 HHL07B   1947 2010     64      3      0    .771    .75   1.56   .352   .694   .291   2.52   .407  -.036   1
  13 HHL09A   1966 2010     45      1      0    .810   1.47   2.59   .433   .572   .204   2.54   .516  -.019   1
  14 HHL09B   1966 2010     45      1      0    .790   1.93   3.06   .493   .661   .163   2.63   .509   .013   1
  15 HHL10A   1953 2010     58      2      0    .377   1.82   2.77   .527   .571   .197   2.59   .530   .010   1
  16 HHL10B   1969 2010     42      1      0    .552   1.91   2.69   .511   .704   .175   2.49   .586  -.066   1
  17 HHL11A   1968 2010     43      1      0    .609   1.74   3.24   .653   .773   .217   2.68   .502   .045   1
  18 HHL11B   1962 2010     49      1      0    .625   1.89   4.77   .954   .661   .277   2.63   .570   .000   1
  19 HHL12A   1970 2010     41      1      0    .800   1.49   2.59   .450   .617   .243   2.47   .555  -.085   1
  20 HHL12B   1961 1998     38      1      0    .724   1.40   2.17   .331   .573   .175   2.44   .386  -.108   1
  21 HHL13A   1981 2007     27      1      1   -.074   1.80   3.20   .652   .458   .317   2.68   .775  -.128   1
  22 HHL13B   1986 2010     25      1      1    .300   2.11   3.44   .683   .794   .147   2.68   .654  -.034   1
  23 HHL14A   1970 2010     41      1      0    .427   1.78   2.57   .425   .407   .205   2.49   .523   .059   1
  24 HHL14B   1972 2010     39      1      0    .349   1.50   2.25   .382   .380   .234   2.48   .492   .034   1
 --- -------- ---------  -----  -----  -----   ------ -----  -----  -----  -----  -----  -----  -----  -----  --
 Total or mean:           1330     49      4    .667   1.26   4.77   .554   .704   .280   2.92   .512  -.030
PART 8:  ADJUSTMENTS FOR UNDATED SERIES: hh                                                        22:56  Tue 15 Nov 2011  Page   7
------------------------------------------------------------------------------------------------------------------------------------

 Time span  1936  2010    75 years, best matches for  50-year segments lagged  25 years
 Listed in order from highest correlation

           Counted       Corr      Corr      Corr      Corr      Corr      Corr      Corr      Corr      Corr      Corr      Corr
 Series    Segment   Add  # 1  Add  # 2  Add  # 3  Add  # 4  Add  # 5  Add  # 6  Add  # 7  Add  # 8  Add  # 9  Add  #10  Add  #11
 -------- ---------  --------  --------  --------  --------  --------  --------  --------  --------  --------  --------  --------
 HHD01A   1947 1992   -10 .31     0 .30    -8 .29     9 .22    15 .21    -9 .19    18 .11   -11 .10    13 .09    -2 .09     2 .07
===================  ========  ========  ========  ========  ========  ========  ========  ========  ========  ========  ========
           Counted       Corr      Corr      Corr      Corr      Corr      Corr      Corr      Corr      Corr      Corr      Corr
 Series    Segment   Add  # 1  Add  # 2  Add  # 3  Add  # 4  Add  # 5  Add  # 6  Add  # 7  Add  # 8  Add  # 9  Add  #10  Add  #11
 -------- ---------  --------  --------  --------  --------  --------  --------  --------  --------  --------  --------  --------
 HHD01B   1948 1992    -9 .37    -8 .33     0 .32   -10 .20    11 .19    13 .17     2 .14   -11 .10    15 .07    -2 .06     4 .04
===================  ========  ========  ========  ========  ========  ========  ========  ========  ========  ========  ========
           Counted       Corr      Corr      Corr      Corr      Corr      Corr      Corr      Corr      Corr      Corr      Corr
 Series    Segment   Add  # 1  Add  # 2  Add  # 3  Add  # 4  Add  # 5  Add  # 6  Add  # 7  Add  # 8  Add  # 9  Add  #10  Add  #11
 -------- ---------  --------  --------  --------  --------  --------  --------  --------  --------  --------  --------  --------
 HHD02A   1944 1988     2 .35    17 .29     0 .25     8 .17    20 .17    22 .16    10 .14    -7 .13    21 .11     1 .11     9 .11
===================  ========  ========  ========  ========  ========  ========  ========  ========  ========  ========  ========
           Counted       Corr      Corr      Corr      Corr      Corr      Corr      Corr      Corr      Corr      Corr      Corr
 Series    Segment   Add  # 1  Add  # 2  Add  # 3  Add  # 4  Add  # 5  Add  # 6  Add  # 7  Add  # 8  Add  # 9  Add  #10  Add  #11
 -------- ---------  --------  --------  --------  --------  --------  --------  --------  --------  --------  --------  --------
 HHD02B   1945 1989     0 .51    -9 .31     9 .26    10 .24    20 .19    -2 .17    15 .14    -1 .10     7 .10    -8 .08     1 .06
===================  ========  ========  ========  ========  ========  ========  ========  ========  ========  ========  ========
           Counted       Corr      Corr      Corr      Corr      Corr      Corr      Corr      Corr      Corr      Corr      Corr
 Series    Segment   Add  # 1  Add  # 2  Add  # 3  Add  # 4  Add  # 5  Add  # 6  Add  # 7  Add  # 8  Add  # 9  Add  #10  Add  #11
 -------- ---------  --------  --------  --------  --------  --------  --------  --------  --------  --------  --------  --------
 HHD03A   1956 2001     0 .38   -20 .24   -19 .23     9 .21    -9 .19   -17 .13     6 .09     2 .09   -13 .07    -8 .07     7 .04
===================  ========  ========  ========  ========  ========  ========  ========  ========  ========  ========  ========
           Counted       Corr      Corr      Corr      Corr      Corr      Corr      Corr      Corr      Corr      Corr      Corr
 Series    Segment   Add  # 1  Add  # 2  Add  # 3  Add  # 4  Add  # 5  Add  # 6  Add  # 7  Add  # 8  Add  # 9  Add  #10  Add  #11
 -------- ---------  --------  --------  --------  --------  --------  --------  --------  --------  --------  --------  --------
 HHD03B   1956 2002   -20 .38     0 .31   -10 .25     2 .23   -19 .17    -2 .14     7 .13     1 .13    -1 .08    -8 .07    -5 .06
===================  ========  ========  ========  ========  ========  ========  ========  ========  ========  ========  ========
           Counted       Corr      Corr      Corr      Corr      Corr      Corr      Corr      Corr      Corr      Corr      Corr
 Series    Segment   Add  # 1  Add  # 2  Add  # 3  Add  # 4  Add  # 5  Add  # 6  Add  # 7  Add  # 8  Add  # 9  Add  #10  Add  #11
 -------- ---------  --------  --------  --------  --------  --------  --------  --------  --------  --------  --------  --------
 HHD04A   1949 1987   -10 .52    -4 .25    -9 .24    -5 .24    15 .21     5 .18    13 .16     0 .16    22 .11    -3 .10    10 .08
===================  ========  ========  ========  ========  ========  ========  ========  ========  ========  ========  ========
           Counted       Corr      Corr      Corr      Corr      Corr      Corr      Corr      Corr      Corr      Corr      Corr
 Series    Segment   Add  # 1  Add  # 2  Add  # 3  Add  # 4  Add  # 5  Add  # 6  Add  # 7  Add  # 8  Add  # 9  Add  #10  Add  #11
 -------- ---------  --------  --------  --------  --------  --------  --------  --------  --------  --------  --------  --------
 HHD04B   1947 1983    -6 .36   -10 .29     0 .24    -5 .18    -4 .18     9 .17    -9 .16     1 .15     3 .15     5 .13     2 .11
===================  ========  ========  ========  ========  ========  ========  ========  ========  ========  ========  ========
           Counted       Corr      Corr      Corr      Corr      Corr      Corr      Corr      Corr      Corr      Corr      Corr
 Series    Segment   Add  # 1  Add  # 2  Add  # 3  Add  # 4  Add  # 5  Add  # 6  Add  # 7  Add  # 8  Add  # 9  Add  #10  Add  #11
 -------- ---------  --------  --------  --------  --------  --------  --------  --------  --------  --------  --------  --------
 HHD05A   1961 2001   -19 .28    -2 .26   -17 .25     0 .25     3 .22   -15 .21    -3 .19   -18 .18   -23 .14     1 .12    -1 .07
===================  ========  ========  ========  ========  ========  ========  ========  ========  ========  ========  ========
           Counted       Corr      Corr      Corr      Corr      Corr      Corr      Corr      Corr      Corr      Corr      Corr
 Series    Segment   Add  # 1  Add  # 2  Add  # 3  Add  # 4  Add  # 5  Add  # 6  Add  # 7  Add  # 8  Add  # 9  Add  #10  Add  #11
 -------- ---------  --------  --------  --------  --------  --------  --------  --------  --------  --------  --------  --------
 HHD05B   1961 2000   -15 .30     0 .27   -18 .20   -17 .18     3 .18   -23 .17   -13 .16    -3 .14    -2 .14   -16 .06   -19 .06
===================  ========  ========  ========  ========  ========  ========  ========  ========  ========  ========  ========
           Counted       Corr      Corr      Corr      Corr      Corr      Corr      Corr      Corr      Corr      Corr      Corr
 Series    Segment   Add  # 1  Add  # 2  Add  # 3  Add  # 4  Add  # 5  Add  # 6  Add  # 7  Add  # 8  Add  # 9  Add  #10  Add  #11
 -------- ---------  --------  --------  --------  --------  --------  --------  --------  --------  --------  --------  --------
 HHD07A   1953 1986     0 .67    19 .43   -10 .38    -1 .27     9 .23    22 .18     1 .18   -11 .18     4 .18     2 .17    15 .16
===================  ========  ========  ========  ========  ========  ========  ========  ========  ========  ========  ========
           Counted       Corr      Corr      Corr      Corr      Corr      Corr      Corr      Corr      Corr      Corr      Corr
 Series    Segment   Add  # 1  Add  # 2  Add  # 3  Add  # 4  Add  # 5  Add  # 6  Add  # 7  Add  # 8  Add  # 9  Add  #10  Add  #11
 -------- ---------  --------  --------  --------  --------  --------  --------  --------  --------  --------  --------  --------
 HHD07B   1953 1986     0 .69    19 .39    22 .37    15 .31     2 .29    10 .25    -1 .22    -9 .21     1 .20   -10 .19    -8 .16
===================  ========  ========  ========  ========  ========  ========  ========  ========  ========  ========  ========
           Counted       Corr      Corr      Corr      Corr      Corr      Corr      Corr      Corr      Corr      Corr      Corr
 Series    Segment   Add  # 1  Add  # 2  Add  # 3  Add  # 4  Add  # 5  Add  # 6  Add  # 7  Add  # 8  Add  # 9  Add  #10  Add  #11
 -------- ---------  --------  --------  --------  --------  --------  --------  --------  --------  --------  --------  --------
 HHD08A   1978 2010     0 .56   -33 .44   -34 .42   -35 .28   -32 .25   -24 .22   -39 .21   -15 .20   -22 .17    -7 .17   -13 .16
===================  ========  ========  ========  ========  ========  ========  ========  ========  ========  ========  ========
           Counted       Corr      Corr      Corr      Corr      Corr      Corr      Corr      Corr      Corr      Corr      Corr
 Series    Segment   Add  # 1  Add  # 2  Add  # 3  Add  # 4  Add  # 5  Add  # 6  Add  # 7  Add  # 8  Add  # 9  Add  #10  Add  #11
 -------- ---------  --------  --------  --------  --------  --------  --------  --------  --------  --------  --------  --------
 HHD08B   1978 2006     0 .58   -15 .48   -33 .44   -34 .37   -35 .29   -17 .24   -38 .21   -32 .19     3 .17   -14 .16   -13 .16
===================  ========  ========  ========  ========  ========  ========  ========  ========  ========  ========  ========
           Counted       Corr      Corr      Corr      Corr      Corr      Corr      Corr      Corr      Corr      Corr      Corr
 Series    Segment   Add  # 1  Add  # 2  Add  # 3  Add  # 4  Add  # 5  Add  # 6  Add  # 7  Add  # 8  Add  # 9  Add  #10  Add  #11
 -------- ---------  --------  --------  --------  --------  --------  --------  --------  --------  --------  --------  --------
 HHD09A   1963 1999     0 .74   -19 .34   -15 .20     3 .14    -2 .13   -18 .12     7 .12   -17 .10    -1 .09   -10 .09     5 .08
===================  ========  ========  ========  ========  ========  ========  ========  ========  ========  ========  ========
           Counted       Corr      Corr      Corr      Corr      Corr      Corr      Corr      Corr      Corr      Corr      Corr
 Series    Segment   Add  # 1  Add  # 2  Add  # 3  Add  # 4  Add  # 5  Add  # 6  Add  # 7  Add  # 8  Add  # 9  Add  #10  Add  #11
 -------- ---------  --------  --------  --------  --------  --------  --------  --------  --------  --------  --------  --------
 HHD09B   1963 2001     0 .80   -13 .37   -15 .30     9 .19   -23 .19   -11 .17     2 .13     7 .12   -19 .09     8 .09    -2 .07
===================  ========  ========  ========  ========  ========  ========  ========  ========  ========  ========  ========
           Counted       Corr      Corr      Corr      Corr      Corr      Corr      Corr      Corr      Corr      Corr      Corr
 Series    Segment   Add  # 1  Add  # 2  Add  # 3  Add  # 4  Add  # 5  Add  # 6  Add  # 7  Add  # 8  Add  # 9  Add  #10  Add  #11
 -------- ---------  --------  --------  --------  --------  --------  --------  --------  --------  --------  --------  --------
 HHD10A   1940 1989     0 .54    19 .27    -1 .21     2 .16    10 .11     1 .09     8 .07    15 .06     4 .05     5 .05     9 .03
===================  ========  ========  ========  ========  ========  ========  ========  ========  ========  ========  ========
           Counted       Corr      Corr      Corr      Corr      Corr      Corr      Corr      Corr      Corr      Corr      Corr
 Series    Segment   Add  # 1  Add  # 2  Add  # 3  Add  # 4  Add  # 5  Add  # 6  Add  # 7  Add  # 8  Add  # 9  Add  #10  Add  #11
 -------- ---------  --------  --------  --------  --------  --------  --------  --------  --------  --------  --------  --------
 HHD10B   1941 1990     0 .52    -1 .33     9 .26    19 .22     1 .18    -2 .17    11 .11    -4 .07     7 .05   --- ---   --- ---
===================  ========  ========  ========  ========  ========  ========  ========  ========  ========  ========  ========
           Counted       Corr      Corr      Corr      Corr      Corr      Corr      Corr      Corr      Corr      Corr      Corr
 Series    Segment   Add  # 1  Add  # 2  Add  # 3  Add  # 4  Add  # 5  Add  # 6  Add  # 7  Add  # 8  Add  # 9  Add  #10  Add  #11
 -------- ---------  --------  --------  --------  --------  --------  --------  --------  --------  --------  --------  --------
 HHD11A   1945 1990    17 .21    16 .18     0 .17     1 .17     4 .17     2 .14    12 .14    10 .13     9 .13    19 .10    -4 .05
===================  ========  ========  ========  ========  ========  ========  ========  ========  ========  ========  ========
           Counted       Corr      Corr      Corr      Corr      Corr      Corr      Corr      Corr      Corr      Corr      Corr
 Series    Segment   Add  # 1  Add  # 2  Add  # 3  Add  # 4  Add  # 5  Add  # 6  Add  # 7  Add  # 8  Add  # 9  Add  #10  Add  #11
 -------- ---------  --------  --------  --------  --------  --------  --------  --------  --------  --------  --------  --------
 HHD11B   1945 1991     0 .26    -9 .24     1 .22    -7 .21     8 .21     2 .16    -8 .15    -2 .14    15 .12    10 .12    18 .11
===================  ========  ========  ========  ========  ========  ========  ========  ========  ========  ========  ========
           Counted       Corr      Corr      Corr      Corr      Corr      Corr      Corr      Corr      Corr      Corr      Corr
 Series    Segment   Add  # 1  Add  # 2  Add  # 3  Add  # 4  Add  # 5  Add  # 6  Add  # 7  Add  # 8  Add  # 9  Add  #10  Add  #11
 -------- ---------  --------  --------  --------  --------  --------  --------  --------  --------  --------  --------  --------
 HHD12A   1970 2005     0 .32   -19 .31   -20 .29   -29 .26   -17 .25   -28 .24   -15 .20     2 .19   -13 .17     3 .15   -12 .14
===================  ========  ========  ========  ========  ========  ========  ========  ========  ========  ========  ========
           Counted       Corr      Corr      Corr      Corr      Corr      Corr      Corr      Corr      Corr      Corr      Corr
 Series    Segment   Add  # 1  Add  # 2  Add  # 3  Add  # 4  Add  # 5  Add  # 6  Add  # 7  Add  # 8  Add  # 9  Add  #10  Add  #11
 -------- ---------  --------  --------  --------  --------  --------  --------  --------  --------  --------  --------  --------
 HHD12B   1970 2008   -10 .30   -30 .27   -33 .21    -7 .21   -29 .18   -14 .14     1 .11     0 .10    -1 .10   -31 .10   -19 .10
===================  ========  ========  ========  ========  ========  ========  ========  ========  ========  ========  ========
       22 undated series

                                              - = [  COFECHA HH   COF  ] = -
