[]  Dendrochronology Program Library                                        Run A      Program COF  09:54  Tue 15 Nov 2011  Page   1
[]
[]  P R O G R A M      C O F E C H A                                                                          Version 6.06P    28079
------------------------------------------------------------------------------------------------------------------------------------

 QUALITY CONTROL AND DATING CHECK OF TREE-RING MEASUREMENTS

 Title of run:           a                                       

 File of DATED series:   AL.raw

 File of UNDATED series: AD.raw

 CONTENTS:

    Part 1:  Title page, options selected, summary, absent rings by series
    Part 2:  Histogram of time spans
    Part 3:  Master series with sample depth and absent rings by year
    Part 4:  Bar plot of Master Dating Series
    Part 5:  Correlation by segment of each series with Master
    Part 6:  Potential problems: low correlation, divergent year-to-year changes, absent rings, outliers
    Part 7:  Descriptive statistics
    Part 8:  Undated series - adjustments for highest correlations

 RUN CONTROL OPTIONS SELECTED                             VALUE

         1  Cubic smoothing spline 50% wavelength cutoff for filtering
                                                            32 years
         2  Segments examined are                           50 years lagged successively by  25 years
         3  Autoregressive model applied                     A  Residuals are used in master dating series and testing
         4  Series transformed to logarithms                 Y  Each series log-transformed for master dating series and testing
         5  CORRELATION is Pearson (parametric, quantitative)
            Critical correlation, 99% confidence level   .3281
         6  Master dating series saved                       N
         7  Ring measurements listed                         N
         8  Parts printed                             12345678 
         9  Absent rings are omitted from master series and segment correlations  (Y)

 Time span of Master dating series is  1957 to  2010    54 years
 Continuous time span is               1957 to  2010    54 years
 Portion with two or more series is    1957 to  2010    54 years


                                        ****************************************
                                        *C* Number of dated series        21 *C*
                                        *O* Master series 1957 2010   54 yrs *O*
                                        *F* Total rings in all series    893 *F*
                                        *E* Total dated rings checked    893 *E*
                                        *C* Series intercorrelation     .579 *C*
                                        *H* Average mean sensitivity    .245 *H*
                                        *A* Segments, possible problems    2 *A*
                                        *** Mean length of series       42.5 ***
                                        ****************************************

 ABSENT RINGS listed by SERIES:            (See Master Dating Series for absent rings listed by year)

               No ring measurements of zero value
PART 2:  TIME PLOT OF TREE-RING SERIES: a                                                          09:54  Tue 15 Nov 2011  Page   2
------------------------------------------------------------------------------------------------------------------------------------
 1050 1100 1150 1200 1250 1300 1350 1400 1450 1500 1550 1600 1650 1700 1750 1800 1850 1900 1950 2000 2050 Ident   Seq Time-span  Yrs
   :    :    :    :    :    :    :    :    :    :    :    :    :    :    :    :    :    :    :    :    : -------- --- ---- ---- ----
   .    .    .    .    .    .    .    .    .    .    .    .    .    .    .    .    .    .    <====>    . 0AL01A     1 1957 2007   51
   .    .    .    .    .    .    .    .    .    .    .    .    .    .    .    .    .    .    <====>    . 0AL01B     2 1957 2007   51
   .    .    .    .    .    .    .    .    .    .    .    .    .    .    .    .    .    .    .<===>    . 0AL02A     3 1963 2007   45
   .    .    .    .    .    .    .    .    .    .    .    .    .    .    .    .    .    .    .<===>    . 0AL02B     4 1963 2007   45
   .    .    .    .    .    .    .    .    .    .    .    .    .    .    .    .    .    .    . <==>    . 0AL03A     5 1970 2007   38
   .    .    .    .    .    .    .    .    .    .    .    .    .    .    .    .    .    .    . <==>    . 0AL03B     6 1970 2007   38
   .    .    .    .    .    .    .    .    .    .    .    .    .    .    .    .    .    .    .<===>    . 0AL04A     7 1962 2007   46
   .    .    .    .    .    .    .    .    .    .    .    .    .    .    .    .    .    .    .<===>    . 0AL04B     8 1962 2007   46
   .    .    .    .    .    .    .    .    .    .    .    .    .    .    .    .    .    .    . <==>    . 0AL05A     9 1977 2007   31
   .    .    .    .    .    .    .    .    .    .    .    .    .    .    .    .    .    .    . <==>    . 0AL05B    10 1977 2007   31
   .    .    .    .    .    .    .    .    .    .    .    .    .    .    .    .    .    .    . <===>   . 0AL08A    11 1970 2010   41
   .    .    .    .    .    .    .    .    .    .    .    .    .    .    .    .    .    .    . <===>   . 0AL08B    12 1973 2010   38
   .    .    .    .    .    .    .    .    .    .    .    .    .    .    .    .    .    .    .<====>   . 0AL09A    13 1964 2010   47
   .    .    .    .    .    .    .    .    .    .    .    .    .    .    .    .    .    .    .<====>   . 0AL09B    14 1961 2010   50
   .    .    .    .    .    .    .    .    .    .    .    .    .    .    .    .    .    .    .<====>   . 0AL10A    15 1961 2010   50
   .    .    .    .    .    .    .    .    .    .    .    .    .    .    .    .    .    .    .<====>   . 0AL10B    16 1961 2010   50
   .    .    .    .    .    .    .    .    .    .    .    .    .    .    .    .    .    .    .<====>   . 0AL11B    17 1968 2010   43
   .    .    .    .    .    .    .    .    .    .    .    .    .    .    .    .    .    .    . <===>   . 0AL12A    18 1972 2010   39
   .    .    .    .    .    .    .    .    .    .    .    .    .    .    .    .    .    .    . <===>   . 0AL12B    19 1971 2010   40
   .    .    .    .    .    .    .    .    .    .    .    .    .    .    .    .    .    .    . <===>   . 0AL13A    20 1974 2010   37
   .    .    .    .    .    .    .    .    .    .    .    .    .    .    .    .    .    .    . <===>   . 0AL13B    21 1975 2010   36
   :    :    :    :    :    :    :    :    :    :    :    :    :    :    :    :    :    :    :    :    :
 1050 1100 1150 1200 1250 1300 1350 1400 1450 1500 1550 1600 1650 1700 1750 1800 1850 1900 1950 2000 2050
   :    :    :    :    :    :    :    :    :    :    :    :    :    :    :    :    :    :    :    :    :
 1050 1100 1150 1200 1250 1300 1350 1400 1450 1500 1550 1600 1650 1700 1750 1800 1850 1900 1950 2000 2050
PART 3:  Master Dating Series: a                                                                   09:54  Tue 15 Nov 2011  Page   3
------------------------------------------------------------------------------------------------------------------------------------
  Year  Value  No Ab    Year  Value  No Ab    Year  Value  No Ab    Year  Value  No Ab    Year  Value  No Ab    Year  Value  No Ab
  ------------------    ------------------    ------------------    ------------------    ------------------    ------------------
                        2000   .116  21
                        2001  -.536  21
                        2002 -2.527  21
                        2003   .293  21
                        2004  -.418  21
                        2005   .729  21
                        2006   .847  21
  1957  1.632   2       2007  1.214  21
  1958   .596   2       2008   .274  11
  1959   .660   2       2009   .184  11

  1960  1.841   2       2010  -.468  11
  1961 -1.945   5
  1962  -.427   7
  1963  -.528   9
  1964  -.483  10
  1965   .425  10
  1966   .130  10
  1967   .264  10
  1968 -2.036  11
  1969   .240  11

  1970   .382  14
  1971   .482  15
  1972   .446  16
  1973  -.646  17
  1974  -.557  18
  1975   .190  19
  1976  1.251  19
  1977  1.129  21
  1978   .393  21
  1979   .015  21

  1980   .153  21
  1981  -.645  21
  1982  -.484  21
  1983 -1.068  21
  1984   .373  21
  1985   .295  21
  1986   .574  21
  1987  1.175  21
  1988  -.113  21
  1989  1.298  21

  1990  -.614  21
  1991  -.266  21
  1992 -1.951  21
  1993 -2.901  21
  1994  -.860  21
  1995   .501  21
  1996   .318  21
  1997  1.140  21
  1998  1.252  21
  1999 -1.339  21
------------------------------------------------------------------------------------------------------------------------------------
PART 4:  Master Bar Plot: a                                                                        09:54  Tue 15 Nov 2011  Page   4
------------------------------------------------------------------------------------------------------------------------------------
   Year Rel value  Year Rel value  Year Rel value  Year Rel value  Year Rel value  Year Rel value  Year Rel value  Year Rel value
                   2000----@
                   2001--b
                   2002j
                   2003------A
                   2004---b
                   2005--------C
                   2006--------C
   1957----------G 2007---------E
   1958--------B   2008-----A
   1959--------C   2009-----A
   1960----------G 2010---b
   1961h
   1962---b
   1963--b
   1964--b
   1965-------B
   1966----A
   1967-----A
   1968h
   1969-----A
   1970------B
   1971-------B
   1972-------B
   1973--c
   1974--b
   1975-----A
   1976---------E
   1977---------E
   1978-------B
   1979----@
   1980----A
   1981--c
   1982--b
   1983-d
   1984------A
   1985------A
   1986--------B
   1987---------E
   1988----@
   1989---------E
   1990--b
   1991---a
   1992h
   1993l
   1994-c
   1995-------B
   1996------A
   1997---------E
   1998---------E
   1999-e
PART 5:  CORRELATION OF SERIES BY SEGMENTS: a                                                      09:54  Tue 15 Nov 2011  Page   5
------------------------------------------------------------------------------------------------------------------------------------
 Correlations of  50-year dated segments, lagged  25 years
 Flags:  A = correlation under   .3281 but highest as dated;  B = correlation higher at other than dated position

 Seq Series  Time_span   1950 1975
                         1999 2024
 --- -------- ---------  ---- ---- ---- ---- ---- ---- ---- ---- ---- ---- ---- ---- ---- ---- ---- ---- ---- ---- ---- ----
   1 0AL01A   1957 2007   .71  .67
   2 0AL01B   1957 2007   .74  .74
   3 0AL02A   1963 2007   .59
   4 0AL02B   1963 2007   .61
   5 0AL03A   1970 2007   .60
   6 0AL03B   1970 2007   .65
   7 0AL04A   1962 2007   .74
   8 0AL04B   1962 2007   .56
   9 0AL05A   1977 2007        .87
  10 0AL05B   1977 2007        .84
  11 0AL08A   1970 2010   .53
  12 0AL08B   1973 2010   .60
  13 0AL09A   1964 2010   .25B
  14 0AL09B   1961 2010   .47
  15 0AL10A   1961 2010   .41
  16 0AL10B   1961 2010   .44
  17 0AL11B   1968 2010   .32B
  18 0AL12A   1972 2010   .49
  19 0AL12B   1971 2010   .61
  20 0AL13A   1974 2010   .73
  21 0AL13B   1975 2010        .67
 Av segment correlation   .56  .76
PART 6:  POTENTIAL PROBLEMS: a                                                                     09:54  Tue 15 Nov 2011  Page   5
------------------------------------------------------------------------------------------------------------------------------------

 For each series with potential problems the following diagnostics may appear:

 [A] Correlations with master dating series of flagged  50-year segments of series filtered with  32-year spline,
     at every point from ten years earlier (-10) to ten years later (+10) than dated

 [B] Effect of those data values which most lower or raise correlation with master series
     Symbol following year indicates value in series is greater (>) or lesser (<) than master series value

 [C] Year-to-year changes very different from the mean change in other series

 [D] Absent rings (zero values)

 [E] Values which are statistical outliers from mean for the year
====================================================================================================================================

 0AL01A    1957 to  2007      51 years                                                                                    Series   1

 [B] Entire series, effect on correlation (  .685) is:
       Lower   2007< -.027   1969< -.025   1992> -.023   1961> -.009   1973> -.008   1966< -.008  Higher   1968  .034   1993  .024

====================================================================================================================================

 0AL01B    1957 to  2007      51 years                                                                                    Series   2

 [B] Entire series, effect on correlation (  .734) is:
       Lower   1968< -.029   1998< -.012   1973> -.008   1964> -.008   1969< -.008   1990> -.008  Higher   2002  .027   1992  .016

====================================================================================================================================

 0AL02A    1963 to  2007      45 years                                                                                    Series   3

 [B] Entire series, effect on correlation (  .589) is:
       Lower   1973< -.078   1992> -.029   1964> -.026   1972< -.023   1968> -.019   1982> -.009  Higher   2002  .075   1993  .030

====================================================================================================================================

 0AL02B    1963 to  2007      45 years                                                                                    Series   4

 [B] Entire series, effect on correlation (  .611) is:
       Lower   1992> -.089   1963> -.025   1970< -.022   1974> -.013   1982> -.012   1964> -.009  Higher   2002  .079   1993  .058

 [E] Outliers     1   3.0 SD above or -4.5 SD below mean for year
       1992 +3.0 SD
====================================================================================================================================

 0AL03A    1970 to  2007      38 years                                                                                    Series   5

 [B] Entire series, effect on correlation (  .601) is:
       Lower   1980< -.057   1974< -.035   1997< -.019   1988> -.016   1972> -.012   1991> -.007  Higher   1992  .062   2002  .030

====================================================================================================================================

 0AL03B    1970 to  2007      38 years                                                                                    Series   6

 [B] Entire series, effect on correlation (  .654) is:
       Lower   1981> -.026   2005< -.023   1999> -.021   1975< -.019   1987< -.016   1983> -.015  Higher   1993  .086   1976  .011

====================================================================================================================================

 0AL04A    1962 to  2007      46 years                                                                                    Series   7

 [B] Entire series, effect on correlation (  .741) is:
       Lower   1992> -.085   1998< -.015   2005< -.011   1980> -.009   1973> -.007   2003< -.006  Higher   1993  .048   1968  .036

====================================================================================================================================

 0AL04B    1962 to  2007      46 years                                                                                    Series   8

 [B] Entire series, effect on correlation (  .564) is:
       Lower   1992> -.066   1971< -.064   2000< -.028   1974> -.027   1962> -.015   2004> -.014  Higher   1968  .072   1993  .066

====================================================================================================================================

 0AL05A    1977 to  2007      31 years                                                                                    Series   9

 [B] Entire series, effect on correlation (  .870) is:
       Lower   1999> -.026   2004< -.015   1995< -.007   1980> -.006   1997< -.005   1986< -.003  Higher   1992  .021   1993  .014

====================================================================================================================================

 0AL05B    1977 to  2007      31 years                                                                                    Series  10

 [B] Entire series, effect on correlation (  .838) is:
       Lower   1999> -.034   1980> -.013   2001> -.008   1997< -.008   1988> -.008   2007< -.008  Higher   2002  .040   1993  .024

====================================================================================================================================

 0AL08A    1970 to  2010      41 years                                                                                    Series  11

 [B] Entire series, effect on correlation (  .527) is:
       Lower   1970< -.089   1989< -.041   1990> -.035   1973> -.026   1988> -.019   1991> -.011  Higher   1992  .064   2002  .045

====================================================================================================================================

 0AL08B    1973 to  2010      38 years                                                                                    Series  12

 [B] Entire series, effect on correlation (  .599) is:
       Lower   1980< -.046   1974> -.041   1990> -.040   1988> -.018   1998< -.015   1981> -.014  Higher   1993  .056   1999  .051

====================================================================================================================================

 0AL09A    1964 to  2010      47 years                                                                                    Series  13

 [A] Segment   High   -10   -9   -8   -7   -6   -5   -4   -3   -2   -1   +0   +1   +2   +3   +4   +5   +6   +7   +8   +9  +10
    ---------  ----   ---  ---  ---  ---  ---  ---  ---  ---  ---  ---  ---  ---  ---  ---  ---  ---  ---  ---  ---  ---  ---
    1964 2010   -3      -    -    - -.37 -.07 -.28 -.22  .26* .20 -.01  .25|   -    -    -    -    -    -    -    -    -    -

 [B] Entire series, effect on correlation (  .246) is:
       Lower   1964< -.088   1968> -.071   1973> -.044   1974> -.015   1989< -.010   1967< -.010  Higher   2002  .059   1992  .043
     1964 to 2010 segment:
       Lower   1964< -.088   1968> -.071   1973> -.044   1974> -.015   1989< -.010   1967< -.010  Higher   2002  .059   1992  .043

 [E] Outliers     1   3.0 SD above or -4.5 SD below mean for year
       1973 +3.1 SD
====================================================================================================================================

 0AL09B    1961 to  2010      50 years                                                                                    Series  14

 [B] Entire series, effect on correlation (  .471) is:
       Lower   1968> -.117   1973> -.034   1999> -.030   1992> -.028   1996< -.019   1967< -.011  Higher   2002  .091   1993  .085

 [C] Year-to-year changes diverging by over 4.0 std deviations:
       1967 1968   4.1 SD

 [E] Outliers     1   3.0 SD above or -4.5 SD below mean for year
       1968 +3.9 SD
====================================================================================================================================

 0AL10A    1961 to  2010      50 years                                                                                    Series  15

 [B] Entire series, effect on correlation (  .411) is:
       Lower   1985< -.064   1993> -.039   1968> -.026   1974> -.018   1978< -.013   2004> -.012  Higher   1999  .049   1961  .046

====================================================================================================================================

 0AL10B    1961 to  2010      50 years                                                                                    Series  16

 [B] Entire series, effect on correlation (  .439) is:
       Lower   1993> -.071   1968> -.042   2010> -.019   1973> -.019   1978< -.014   1983> -.012  Higher   1992  .070   2002  .068

====================================================================================================================================

 0AL11B    1968 to  2010      43 years                                                                                    Series  17

 [A] Segment   High   -10   -9   -8   -7   -6   -5   -4   -3   -2   -1   +0   +1   +2   +3   +4   +5   +6   +7   +8   +9  +10
    ---------  ----   ---  ---  ---  ---  ---  ---  ---  ---  ---  ---  ---  ---  ---  ---  ---  ---  ---  ---  ---  ---  ---
    1968 2010   -1    .34 -.09 -.18 -.07 -.08 -.16 -.02 -.07 -.08  .46* .32|   -    -    -    -    -    -    -    -    -    -

 [B] Entire series, effect on correlation (  .321) is:
       Lower   1999> -.059   1991< -.032   1990> -.027   2003< -.022   2000< -.022   1992> -.019  Higher   1968  .099   1993  .067
     1968 to 2010 segment:
       Lower   1999> -.059   1991< -.032   1990> -.027   2003< -.022   2000< -.022   1992> -.019  Higher   1968  .099   1993  .067

 [E] Outliers     1   3.0 SD above or -4.5 SD below mean for year
       1999 +3.3 SD
====================================================================================================================================

 0AL12A    1972 to  2010      39 years                                                                                    Series  18

 [B] Entire series, effect on correlation (  .487) is:
       Lower   1973< -.159   1993> -.071   1983> -.020   2002> -.010   1974> -.010   1976< -.009  Higher   1999  .054   1992  .041

====================================================================================================================================

 0AL12B    1971 to  2010      40 years                                                                                    Series  19

 [B] Entire series, effect on correlation (  .612) is:
       Lower   1993> -.046   1971< -.046   1974> -.016   2010< -.016   2002> -.010   1986< -.009  Higher   1999  .037   1992  .031

====================================================================================================================================

 0AL13A    1974 to  2010      37 years                                                                                    Series  20

 [B] Entire series, effect on correlation (  .730) is:
       Lower   1974< -.081   1983> -.028   1986< -.018   1981> -.013   2002> -.005   2001< -.004  Higher   1992  .044   1993  .041

====================================================================================================================================

 0AL13B    1975 to  2010      36 years                                                                                    Series  21

 [B] Entire series, effect on correlation (  .669) is:
       Lower   1975< -.044   1998< -.042   1999> -.030   2002> -.019   2004> -.011   1991> -.006  Higher   1992  .033   1989  .015

====================================================================================================================================
PART 7:  DESCRIPTIVE STATISTICS: a                                                                 09:54  Tue 15 Nov 2011  Page   6
------------------------------------------------------------------------------------------------------------------------------------

                                                Corr   //-------- Unfiltered --------\\  //---- Filtered -----\\
                           No.    No.    No.    with   Mean   Max     Std   Auto   Mean   Max     Std   Auto  AR
 Seq Series   Interval   Years  Segmt  Flags   Master  msmt   msmt    dev   corr   sens  value    dev   corr  ()
 --- -------- ---------  -----  -----  -----   ------ -----  -----  -----  -----  -----  -----  -----  -----  --
   1 0AL01A   1957 2007     51      2      0    .685   1.86   4.08  1.012   .857   .291   2.55   .528   .007   1
   2 0AL01B   1957 2007     51      2      0    .734   1.86   3.67   .943   .837   .286   2.45   .415   .016   1
   3 0AL02A   1963 2007     45      1      0    .589   1.04   2.51   .606   .795   .280   2.46   .489   .148   2
   4 0AL02B   1963 2007     45      1      0    .611   1.02   3.20   .702   .871   .249   2.42   .499  -.016   1
   5 0AL03A   1970 2007     38      1      0    .601    .55   1.37   .330   .687   .306   2.86   .676   .017   1
   6 0AL03B   1970 2007     38      1      0    .654    .54   1.81   .354   .782   .319   2.59   .484   .051   1
   7 0AL04A   1962 2007     46      1      0    .741   1.47   4.32   .834   .859   .289   2.48   .525  -.037   1
   8 0AL04B   1962 2007     46      1      0    .564   1.33   2.62   .631   .762   .315   2.47   .567  -.054   1
   9 0AL05A   1977 2007     31      1      0    .870    .96   3.12   .788   .865   .419   2.46   .549   .148   1
  10 0AL05B   1977 2007     31      1      0    .838    .86   3.09   .742   .868   .384   2.65   .589   .094   1
  11 0AL08A   1970 2010     41      1      0    .527   1.81   3.04   .558   .555   .244   2.61   .718   .033   1
  12 0AL08B   1973 2010     38      1      0    .599   1.67   3.16   .524   .698   .218   2.72   .677   .053   1
  13 0AL09A   1964 2010     47      1      1    .246   1.63   2.86   .620   .791   .218   2.55   .454  -.034   1
  14 0AL09B   1961 2010     50      1      0    .471   1.61   2.51   .517   .770   .183   2.69   .565   .053   1
  15 0AL10A   1961 2010     50      1      0    .411   2.30   3.20   .441   .543   .148   2.45   .407  -.073   1
  16 0AL10B   1961 2010     50      1      0    .439   2.33   3.74   .670   .799   .160   2.44   .406  -.023   1
  17 0AL11B   1968 2010     43      1      1    .321   1.65   3.07   .803   .867   .209   2.56   .628  -.017   1
  18 0AL12A   1972 2010     39      1      0    .487   2.03   2.84   .369   .588   .134   2.35   .415  -.046   1
  19 0AL12B   1971 2010     40      1      0    .612   2.15   2.87   .441   .574   .155   2.56   .505  -.036   1
  20 0AL13A   1974 2010     37      1      0    .730   1.58   2.53   .526   .716   .225   2.65   .604   .102   1
  21 0AL13B   1975 2010     36      1      0    .669   1.56   2.49   .501   .689   .207   2.56   .475   .050   1
 --- -------- ---------  -----  -----  -----   ------ -----  -----  -----  -----  -----  -----  -----  -----  --
 Total or mean:            893     23      2    .579   1.55   4.32   .624   .752   .245   2.86   .527   .016
PART 8:  ADJUSTMENTS FOR UNDATED SERIES: a                                                         09:54  Tue 15 Nov 2011  Page   7
------------------------------------------------------------------------------------------------------------------------------------

 Time span  1957  2010    54 years, best matches for  50-year segments lagged  25 years
 Listed in order from highest correlation

           Counted       Corr      Corr      Corr      Corr      Corr      Corr      Corr      Corr      Corr      Corr      Corr
 Series    Segment   Add  # 1  Add  # 2  Add  # 3  Add  # 4  Add  # 5  Add  # 6  Add  # 7  Add  # 8  Add  # 9  Add  #10  Add  #11
 -------- ---------  --------  --------  --------  --------  --------  --------  --------  --------  --------  --------  --------
 0AD01A   1965 1993     0 .48    -7 .34     2 .25    14 .17    11 .17     5 .09    12 .08    -6 .06    -2 .04    -5 .01   --- ---
===================  ========  ========  ========  ========  ========  ========  ========  ========  ========  ========  ========
           Counted       Corr      Corr      Corr      Corr      Corr      Corr      Corr      Corr      Corr      Corr      Corr
 Series    Segment   Add  # 1  Add  # 2  Add  # 3  Add  # 4  Add  # 5  Add  # 6  Add  # 7  Add  # 8  Add  # 9  Add  #10  Add  #11
 -------- ---------  --------  --------  --------  --------  --------  --------  --------  --------  --------  --------  --------
 0AD01B   1965 1993    -7 .43    13 .33     0 .25    -6 .21     2 .19     5 .16     4 .15    11 .12    -5 .12    14 .06    10 .05
===================  ========  ========  ========  ========  ========  ========  ========  ========  ========  ========  ========
           Counted       Corr      Corr      Corr      Corr      Corr      Corr      Corr      Corr      Corr      Corr      Corr
 Series    Segment   Add  # 1  Add  # 2  Add  # 3  Add  # 4  Add  # 5  Add  # 6  Add  # 7  Add  # 8  Add  # 9  Add  #10  Add  #11
 -------- ---------  --------  --------  --------  --------  --------  --------  --------  --------  --------  --------  --------
 0AD02A   1964 2000    10 .30     9 .22     1 .22    -4 .21     0 .21    -2 .14     7 .12     2 .10    -1 .08    -3 .04     8 .02
===================  ========  ========  ========  ========  ========  ========  ========  ========  ========  ========  ========
           Counted       Corr      Corr      Corr      Corr      Corr      Corr      Corr      Corr      Corr      Corr      Corr
 Series    Segment   Add  # 1  Add  # 2  Add  # 3  Add  # 4  Add  # 5  Add  # 6  Add  # 7  Add  # 8  Add  # 9  Add  #10  Add  #11
 -------- ---------  --------  --------  --------  --------  --------  --------  --------  --------  --------  --------  --------
 0AD02B   1964 2000     0 .47     1 .18    -4 .18     9 .17    -3 .15     6 .14    -2 .09     7 .09    10 .08   --- ---   --- ---
===================  ========  ========  ========  ========  ========  ========  ========  ========  ========  ========  ========
           Counted       Corr      Corr      Corr      Corr      Corr      Corr      Corr      Corr      Corr      Corr      Corr
 Series    Segment   Add  # 1  Add  # 2  Add  # 3  Add  # 4  Add  # 5  Add  # 6  Add  # 7  Add  # 8  Add  # 9  Add  #10  Add  #11
 -------- ---------  --------  --------  --------  --------  --------  --------  --------  --------  --------  --------  --------
 0AD03A   1957 2005     0 .13     5 .06     3 .04   --- ---   --- ---   --- ---   --- ---   --- ---   --- ---   --- ---   --- ---
===================  ========  ========  ========  ========  ========  ========  ========  ========  ========  ========  ========
           Counted       Corr      Corr      Corr      Corr      Corr      Corr      Corr      Corr      Corr      Corr      Corr
 Series    Segment   Add  # 1  Add  # 2  Add  # 3  Add  # 4  Add  # 5  Add  # 6  Add  # 7  Add  # 8  Add  # 9  Add  #10  Add  #11
 -------- ---------  --------  --------  --------  --------  --------  --------  --------  --------  --------  --------  --------
 0AD03B   1957 2005     0 .47     5 .09   --- ---   --- ---   --- ---   --- ---   --- ---   --- ---   --- ---   --- ---   --- ---
===================  ========  ========  ========  ========  ========  ========  ========  ========  ========  ========  ========
           Counted       Corr      Corr      Corr      Corr      Corr      Corr      Corr      Corr      Corr      Corr      Corr
 Series    Segment   Add  # 1  Add  # 2  Add  # 3  Add  # 4  Add  # 5  Add  # 6  Add  # 7  Add  # 8  Add  # 9  Add  #10  Add  #11
 -------- ---------  --------  --------  --------  --------  --------  --------  --------  --------  --------  --------  --------
 0AD03C   1957 2005     0 .13     5 .08     3 .05     1 .05   --- ---   --- ---   --- ---   --- ---   --- ---   --- ---   --- ---
===================  ========  ========  ========  ========  ========  ========  ========  ========  ========  ========  ========
           Counted       Corr      Corr      Corr      Corr      Corr      Corr      Corr      Corr      Corr      Corr      Corr
 Series    Segment   Add  # 1  Add  # 2  Add  # 3  Add  # 4  Add  # 5  Add  # 6  Add  # 7  Add  # 8  Add  # 9  Add  #10  Add  #11
 -------- ---------  --------  --------  --------  --------  --------  --------  --------  --------  --------  --------  --------
 0AD04A   1970 2004    -5 .48     0 .33   -12 .32   -11 .12     1 .10    -9 .01    -2 .01    -3 .01   --- ---   --- ---   --- ---
===================  ========  ========  ========  ========  ========  ========  ========  ========  ========  ========  ========
           Counted       Corr      Corr      Corr      Corr      Corr      Corr      Corr      Corr      Corr      Corr      Corr
 Series    Segment   Add  # 1  Add  # 2  Add  # 3  Add  # 4  Add  # 5  Add  # 6  Add  # 7  Add  # 8  Add  # 9  Add  #10  Add  #11
 -------- ---------  --------  --------  --------  --------  --------  --------  --------  --------  --------  --------  --------
 0AD04B   1970 2004   -13 .38   -11 .31     1 .24     0 .21    -1 .11     2 .09    -8 .07    -5 .04   --- ---   --- ---   --- ---
===================  ========  ========  ========  ========  ========  ========  ========  ========  ========  ========  ========
           Counted       Corr      Corr      Corr      Corr      Corr      Corr      Corr      Corr      Corr      Corr      Corr
 Series    Segment   Add  # 1  Add  # 2  Add  # 3  Add  # 4  Add  # 5  Add  # 6  Add  # 7  Add  # 8  Add  # 9  Add  #10  Add  #11
 -------- ---------  --------  --------  --------  --------  --------  --------  --------  --------  --------  --------  --------
 0AD05A   1992 2005   -25 .71     0 .55   -32 .46   -20 .44   -19 .32    -1 .28   -31 .27     3 .25    -6 .16   -26 .11   -12 .10
===================  ========  ========  ========  ========  ========  ========  ========  ========  ========  ========  ========
           Counted       Corr      Corr      Corr      Corr      Corr      Corr      Corr      Corr      Corr      Corr      Corr
 Series    Segment   Add  # 1  Add  # 2  Add  # 3  Add  # 4  Add  # 5  Add  # 6  Add  # 7  Add  # 8  Add  # 9  Add  #10  Add  #11
 -------- ---------  --------  --------  --------  --------  --------  --------  --------  --------  --------  --------  --------
 0AD05B   1992 2005   -25 .59     0 .55   -19 .43   -32 .42   -20 .40   -12 .21    -1 .19   -31 .19     1 .13    -3 .12    -9 .09
===================  ========  ========  ========  ========  ========  ========  ========  ========  ========  ========  ========
       11 undated series

                                              - = [  COFECHA A    COF  ] = -
