[]  Dendrochronology Program Library                                        Run G      Program COF  12:42  Mon 07 Nov 2011  Page   1
[]
[]  P R O G R A M      C O F E C H A                                                                          Version 6.06P    28071
------------------------------------------------------------------------------------------------------------------------------------

 QUALITY CONTROL AND DATING CHECK OF TREE-RING MEASUREMENTS

 Title of run:           g                                       

 File of DATED series:   GL.raw

 File of UNDATED series: GD.raw

 CONTENTS:

    Part 1:  Title page, options selected, summary, absent rings by series
    Part 2:  Histogram of time spans
    Part 3:  Master series with sample depth and absent rings by year
    Part 4:  Bar plot of Master Dating Series
    Part 5:  Correlation by segment of each series with Master
    Part 6:  Potential problems: low correlation, divergent year-to-year changes, absent rings, outliers
    Part 7:  Descriptive statistics
    Part 8:  Undated series - adjustments for highest correlations

 RUN CONTROL OPTIONS SELECTED                             VALUE

         1  Cubic smoothing spline 50% wavelength cutoff for filtering
                                                            32 years
         2  Segments examined are                           50 years lagged successively by  25 years
         3  Autoregressive model applied                     A  Residuals are used in master dating series and testing
         4  Series transformed to logarithms                 Y  Each series log-transformed for master dating series and testing
         5  CORRELATION is Pearson (parametric, quantitative)
            Critical correlation, 99% confidence level   .3281
         6  Master dating series saved                       N
         7  Ring measurements listed                         N
         8  Parts printed                             12345678 
         9  Absent rings are omitted from master series and segment correlations  (Y)

 Time span of Master dating series is  1954 to  2010    57 years
 Continuous time span is               1954 to  2010    57 years
 Portion with two or more series is    1954 to  2010    57 years


                                        ****************************************
                                        *C* Number of dated series        24 *C*
                                        *O* Master series 1954 2010   57 yrs *O*
                                        *F* Total rings in all series   1062 *F*
                                        *E* Total dated rings checked   1062 *E*
                                        *C* Series intercorrelation     .544 *C*
                                        *H* Average mean sensitivity    .295 *H*
                                        *A* Segments, possible problems    6 *A*
                                        *** Mean length of series       44.3 ***
                                        ****************************************

 ABSENT RINGS listed by SERIES:            (See Master Dating Series for absent rings listed by year)

               No ring measurements of zero value
PART 2:  TIME PLOT OF TREE-RING SERIES: g                                                          12:42  Mon 07 Nov 2011  Page   2
------------------------------------------------------------------------------------------------------------------------------------
 1050 1100 1150 1200 1250 1300 1350 1400 1450 1500 1550 1600 1650 1700 1750 1800 1850 1900 1950 2000 2050 Ident   Seq Time-span  Yrs
   :    :    :    :    :    :    :    :    :    :    :    :    :    :    :    :    :    :    :    :    : -------- --- ---- ---- ----
   .    .    .    .    .    .    .    .    .    .    .    .    .    .    .    .    .    .    <====>    . 0GL01A     1 1955 2007   53
   .    .    .    .    .    .    .    .    .    .    .    .    .    .    .    .    .    .    <====>    . 0GL01B     2 1955 2007   53
   .    .    .    .    .    .    .    .    .    .    .    .    .    .    .    .    .    .    .<===>    . 0GL02A     3 1962 2007   46
   .    .    .    .    .    .    .    .    .    .    .    .    .    .    .    .    .    .    .<===>    . 0GL02B     4 1962 2007   46
   .    .    .    .    .    .    .    .    .    .    .    .    .    .    .    .    .    .    .<===>    . 0GL03A     5 1961 2007   47
   .    .    .    .    .    .    .    .    .    .    .    .    .    .    .    .    .    .    .<===>    . 0GL03B     6 1961 2007   47
   .    .    .    .    .    .    .    .    .    .    .    .    .    .    .    .    .    .    <====>    . 0GL04A     7 1957 2007   51
   .    .    .    .    .    .    .    .    .    .    .    .    .    .    .    .    .    .    <====>    . 0GL04B     8 1957 2007   51
   .    .    .    .    .    .    .    .    .    .    .    .    .    .    .    .    .    .    <====>    . 0GL05A     9 1954 2007   54
   .    .    .    .    .    .    .    .    .    .    .    .    .    .    .    .    .    .    <====>    . 0GL05B    10 1954 2007   54
   .    .    .    .    .    .    .    .    .    .    .    .    .    .    .    .    .    .    .  <=>    . 0GL06A    11 1981 2007   27
   .    .    .    .    .    .    .    .    .    .    .    .    .    .    .    .    .    .    .  <=>    . 0GL06B    12 1981 2007   27
   .    .    .    .    .    .    .    .    .    .    .    .    .    .    .    .    .    .    . <==>    . 0GL07A    13 1971 2009   39
   .    .    .    .    .    .    .    .    .    .    .    .    .    .    .    .    .    .    .<====>   . 0GL07B    14 1967 2010   44
   .    .    .    .    .    .    .    .    .    .    .    .    .    .    .    .    .    .    . <===>   . 0GL08A    15 1976 2010   35
   .    .    .    .    .    .    .    .    .    .    .    .    .    .    .    .    .    .    . <===>   . 0GL08B    16 1970 2010   41
   .    .    .    .    .    .    .    .    .    .    .    .    .    .    .    .    .    .    . <===>   . 0GL09A    17 1971 2010   40
   .    .    .    .    .    .    .    .    .    .    .    .    .    .    .    .    .    .    .<====>   . 0GL09B    18 1962 2010   49
   .    .    .    .    .    .    .    .    .    .    .    .    .    .    .    .    .    .    . <===>   . 0GL10A    19 1972 2010   39
   .    .    .    .    .    .    .    .    .    .    .    .    .    .    .    .    .    .    . <===>   . 0GL10B    20 1974 2010   37
   .    .    .    .    .    .    .    .    .    .    .    .    .    .    .    .    .    .    . <==>    . 0GL11A    21 1970 2009   40
   .    .    .    .    .    .    .    .    .    .    .    .    .    .    .    .    .    .    .<====>   . 0GL11B    22 1965 2010   46
   .    .    .    .    .    .    .    .    .    .    .    .    .    .    .    .    .    .    .<===>    . 0GL12A    23 1962 2009   48
   .    .    .    .    .    .    .    .    .    .    .    .    .    .    .    .    .    .    .<====>   . 0GL12B    24 1963 2010   48
   :    :    :    :    :    :    :    :    :    :    :    :    :    :    :    :    :    :    :    :    :
 1050 1100 1150 1200 1250 1300 1350 1400 1450 1500 1550 1600 1650 1700 1750 1800 1850 1900 1950 2000 2050
   :    :    :    :    :    :    :    :    :    :    :    :    :    :    :    :    :    :    :    :    :
 1050 1100 1150 1200 1250 1300 1350 1400 1450 1500 1550 1600 1650 1700 1750 1800 1850 1900 1950 2000 2050
PART 3:  Master Dating Series: g                                                                   12:42  Mon 07 Nov 2011  Page   3
------------------------------------------------------------------------------------------------------------------------------------
  Year  Value  No Ab    Year  Value  No Ab    Year  Value  No Ab    Year  Value  No Ab    Year  Value  No Ab    Year  Value  No Ab
  ------------------    ------------------    ------------------    ------------------    ------------------    ------------------
                        2000   .830  24
                        2001   .613  24
                        2002 -4.099  24
                        2003   .232  24
  1954   .432   2       2004   .315  24
  1955  1.892   4       2005  1.309  24
  1956 -1.507   4       2006   .378  24
  1957 -1.487   6       2007   .267  24
  1958 -1.553   6       2008   .447  12
  1959   .412   6       2009 -1.141  12

  1960  -.053   6       2010   .077   9
  1961  1.206   8
  1962  -.089  12
  1963  -.011  13
  1964  -.216  13
  1965   .211  14
  1966  -.734  14
  1967  -.040  15
  1968  -.306  15
  1969  -.131  15

  1970   .611  17
  1971  -.147  19
  1972  -.937  20
  1973   .135  20
  1974   .918  21
  1975  1.335  21
  1976  1.211  22
  1977   .235  22
  1978   .340  22
  1979  -.336  22

  1980 -1.435  22
  1981  -.295  24
  1982   .154  24
  1983  1.146  24
  1984  1.092  24
  1985   .904  24
  1986   .023  24
  1987  -.825  24
  1988  -.772  24
  1989  -.608  24

  1990  -.403  24
  1991  -.527  24
  1992 -1.568  24
  1993  -.370  24
  1994   .412  24
  1995  -.556  24
  1996  1.800  24
  1997  1.419  24
  1998   .572  24
  1999  -.781  24
------------------------------------------------------------------------------------------------------------------------------------
PART 4:  Master Bar Plot: g                                                                        12:42  Mon 07 Nov 2011  Page   4
------------------------------------------------------------------------------------------------------------------------------------
   Year Rel value  Year Rel value  Year Rel value  Year Rel value  Year Rel value  Year Rel value  Year Rel value  Year Rel value
                   2000--------C
                   2001--------B
                   2002p
                   2003------A
   1954-------B    2004------A
   1955----------H 2005----------E
   1956f           2006-------B
   1957f           2007------A
   1958f           2008-------B
   1959-------B    2009-e
   1960----@       2010-----@
   1961---------E
   1962----@
   1963----@
   1964---a
   1965------A
   1966-c
   1967----@
   1968---a
   1969----a
   1970--------B
   1971----a
   1972-d
   1973-----A
   1974---------D
   1975----------E
   1976---------E
   1977------A
   1978-------A
   1979---a
   1980f
   1981---a
   1982-----A
   1983---------E
   1984---------D
   1985---------D
   1986-----@
   1987-c
   1988-c
   1989--b
   1990---b
   1991--b
   1992f
   1993---a
   1994-------B
   1995--b
   1996----------G
   1997----------F
   1998--------B
   1999-c
PART 5:  CORRELATION OF SERIES BY SEGMENTS: g                                                      12:42  Mon 07 Nov 2011  Page   5
------------------------------------------------------------------------------------------------------------------------------------
 Correlations of  50-year dated segments, lagged  25 years
 Flags:  A = correlation under   .3281 but highest as dated;  B = correlation higher at other than dated position

 Seq Series  Time_span   1950 1975
                         1999 2024
 --- -------- ---------  ---- ---- ---- ---- ---- ---- ---- ---- ---- ---- ---- ---- ---- ---- ---- ---- ---- ---- ---- ----
   1 0GL01A   1955 2007   .50  .48
   2 0GL01B   1955 2007   .47  .43
   3 0GL02A   1962 2007   .39
   4 0GL02B   1962 2007   .58
   5 0GL03A   1961 2007   .78
   6 0GL03B   1961 2007   .78
   7 0GL04A   1957 2007   .21B .19B
   8 0GL04B   1957 2007   .28A .29A
   9 0GL05A   1954 2007   .72  .72
  10 0GL05B   1954 2007   .63  .63
  11 0GL06A   1981 2007        .51
  12 0GL06B   1981 2007        .74
  13 0GL07A   1971 2009   .39
  14 0GL07B   1967 2010   .79
  15 0GL08A   1976 2010        .82
  16 0GL08B   1970 2010   .83
  17 0GL09A   1971 2010   .50
  18 0GL09B   1962 2010   .02B
  19 0GL10A   1972 2010   .75
  20 0GL10B   1974 2010   .79
  21 0GL11A   1970 2009   .15B
  22 0GL11B   1965 2010   .69
  23 0GL12A   1962 2009   .38
  24 0GL12B   1963 2010   .57
 Av segment correlation   .53  .53
PART 6:  POTENTIAL PROBLEMS: g                                                                     12:42  Mon 07 Nov 2011  Page   5
------------------------------------------------------------------------------------------------------------------------------------

 For each series with potential problems the following diagnostics may appear:

 [A] Correlations with master dating series of flagged  50-year segments of series filtered with  32-year spline,
     at every point from ten years earlier (-10) to ten years later (+10) than dated

 [B] Effect of those data values which most lower or raise correlation with master series
     Symbol following year indicates value in series is greater (>) or lesser (<) than master series value

 [C] Year-to-year changes very different from the mean change in other series

 [D] Absent rings (zero values)

 [E] Values which are statistical outliers from mean for the year
====================================================================================================================================

 0GL01A    1955 to  2007      53 years                                                                                    Series   1

 [B] Entire series, effect on correlation (  .505) is:
       Lower   1958> -.037   1976< -.036   1975< -.033   1998< -.030   1992> -.024   1995> -.024  Higher   2002  .229   1956  .021

====================================================================================================================================

 0GL01B    1955 to  2007      53 years                                                                                    Series   2

 [B] Entire series, effect on correlation (  .475) is:
       Lower   1975< -.063   1972> -.028   1995> -.022   1980> -.020   1976< -.017   1987< -.017  Higher   2002  .159   1956  .026

====================================================================================================================================

 0GL02A    1962 to  2007      46 years                                                                                    Series   3

 [B] Entire series, effect on correlation (  .393) is:
       Lower   1981< -.066   1972> -.047   1970< -.026   1988> -.019   1971> -.016   1964< -.013  Higher   2002  .174   1992  .046

====================================================================================================================================

 0GL02B    1962 to  2007      46 years                                                                                    Series   4

 [B] Entire series, effect on correlation (  .581) is:
       Lower   1972> -.055   1985< -.025   1983< -.020   1973< -.020   1981< -.019   1978< -.015  Higher   2002  .337   1992  .022

====================================================================================================================================

 0GL03A    1961 to  2007      47 years                                                                                    Series   5

 [B] Entire series, effect on correlation (  .778) is:
       Lower   1971> -.025   1962> -.022   1965< -.011   1981> -.011   1986> -.010   1988> -.010  Higher   2002  .228   2005  .007

====================================================================================================================================

 0GL03B    1961 to  2007      47 years                                                                                    Series   6

 [B] Entire series, effect on correlation (  .775) is:
       Lower   1962> -.024   1988> -.021   1971> -.019   1986> -.015   1965< -.012   1966< -.008  Higher   2002  .196   1992  .013

====================================================================================================================================

 0GL04A    1957 to  2007      51 years                                                                                    Series   7

 [A] Segment   High   -10   -9   -8   -7   -6   -5   -4   -3   -2   -1   +0   +1   +2   +3   +4   +5   +6   +7   +8   +9  +10
    ---------  ----   ---  ---  ---  ---  ---  ---  ---  ---  ---  ---  ---  ---  ---  ---  ---  ---  ---  ---  ---  ---  ---
    1957 2006    1      -    -    -    -    -    -    - -.17  .22 -.04  .21| .22*-.02 -.21 -.20    -    -    -    -    -    -
    1958 2007   -2      -    -    -    -    -    -  .06 -.17  .25*-.09  .19| .20  .00 -.21    -    -    -    -    -    -    -

 [B] Entire series, effect on correlation (  .205) is:
       Lower   1971< -.077   1980> -.032   1997< -.021   1970< -.017   1972> -.017   1995> -.014  Higher   1958  .037   1996  .023
     1957 to 2006 segment:
       Lower   1971< -.078   1980> -.032   1997< -.021   1970< -.018   1972> -.017   1995> -.013  Higher   1958  .037   1996  .023
     1958 to 2007 segment:
       Lower   1971< -.073   1980> -.033   1997< -.021   1970< -.018   1972> -.017   1995> -.014  Higher   1958  .040   1996  .024

 [C] Year-to-year changes diverging by over 4.0 std deviations:
       1971 1972   5.3 SD

 [E] Outliers     1   3.0 SD above or -4.5 SD below mean for year
       1971 -7.0 SD
====================================================================================================================================

 0GL04B    1957 to  2007      51 years                                                                                    Series   8

 [A] Segment   High   -10   -9   -8   -7   -6   -5   -4   -3   -2   -1   +0   +1   +2   +3   +4   +5   +6   +7   +8   +9  +10
    ---------  ----   ---  ---  ---  ---  ---  ---  ---  ---  ---  ---  ---  ---  ---  ---  ---  ---  ---  ---  ---  ---  ---
    1957 2006    0      -    -    -    -    -    -    - -.04  .13 -.07  .28* .22 -.02 -.15 -.06    -    -    -    -    -    -
    1958 2007    0      -    -    -    -    -    -  .02 -.04  .12 -.06  .29* .23 -.01 -.16    -    -    -    -    -    -    -

 [B] Entire series, effect on correlation (  .280) is:
       Lower   1971< -.071   1960< -.036   1972> -.030   1994< -.016   1989> -.014   1957> -.013  Higher   2002  .105   1996  .036
     1957 to 2006 segment:
       Lower   1971< -.072   1960< -.037   1972> -.029   1994< -.016   1989> -.014   1957> -.013  Higher   2002  .105   1996  .036
     1958 to 2007 segment:
       Lower   1971< -.071   1960< -.036   1972> -.032   1994< -.016   1989> -.015   1998< -.011  Higher   2002  .100   1996  .035

 [E] Outliers     1   3.0 SD above or -4.5 SD below mean for year
       1971 -5.5 SD
====================================================================================================================================

 0GL05A    1954 to  2007      54 years                                                                                    Series   9

 [B] Entire series, effect on correlation (  .716) is:
       Lower   1984< -.030   1960> -.028   1971> -.025   1956> -.019   1962> -.012   2007< -.011  Higher   2002  .146   1996  .015

====================================================================================================================================

 0GL05B    1954 to  2007      54 years                                                                                    Series  10

 [B] Entire series, effect on correlation (  .638) is:
       Lower   1982< -.047   1968< -.044   1957> -.031   1992> -.015   1960> -.012   1962> -.011  Higher   2002  .094   1956  .031

====================================================================================================================================

 0GL06A    1981 to  2007      27 years                                                                                    Series  11

 [B] Entire series, effect on correlation (  .508) is:
       Lower   2000< -.105   1986< -.082   1988> -.032   1998< -.027   1989> -.018   1995> -.016  Higher   2002  .258   1996  .036

====================================================================================================================================

 0GL06B    1981 to  2007      27 years                                                                                    Series  12

 [B] Entire series, effect on correlation (  .741) is:
       Lower   1988> -.047   1986< -.033   2007> -.028   2000< -.021   1994< -.019   1991> -.017  Higher   2002  .268   1992  .018

====================================================================================================================================

 0GL07A    1971 to  2009      39 years                                                                                    Series  13

 [B] Entire series, effect on correlation (  .390) is:
       Lower   2002> -.183   2008< -.018   1987> -.018   1998< -.011   2006< -.010   1991> -.009  Higher   1996  .035   1975  .021

 [E] Outliers     1   3.0 SD above or -4.5 SD below mean for year
       2002 +3.1 SD
====================================================================================================================================

 0GL07B    1967 to  2010      44 years                                                                                    Series  14

 [B] Entire series, effect on correlation (  .792) is:
       Lower   1972> -.034   1967< -.015   1976< -.015   1988> -.015   1987> -.014   2010< -.013  Higher   2002  .201   1992  .012

====================================================================================================================================

 0GL08A    1976 to  2010      35 years                                                                                    Series  15

 [B] Entire series, effect on correlation (  .817) is:
       Lower   1992> -.030   1977< -.027   1976> -.014   2007< -.013   2010< -.010   2004> -.005  Higher   2002  .144   1996  .013

====================================================================================================================================

 0GL08B    1970 to  2010      41 years                                                                                    Series  16

 [B] Entire series, effect on correlation (  .833) is:
       Lower   1972< -.017   1974< -.016   1990> -.012   1992> -.011   1993> -.007   1987< -.006  Higher   2002  .084   1996  .010

====================================================================================================================================

 0GL09A    1971 to  2010      40 years                                                                                    Series  17

 [B] Entire series, effect on correlation (  .504) is:
       Lower   1973< -.039   2007< -.038   1995< -.032   1971> -.018   2003< -.016   1999> -.015  Higher   2002  .157   1992  .016

====================================================================================================================================

 0GL09B    1962 to  2010      49 years                                                                                    Series  18

 [A] Segment   High   -10   -9   -8   -7   -6   -5   -4   -3   -2   -1   +0   +1   +2   +3   +4   +5   +6   +7   +8   +9  +10
    ---------  ----   ---  ---  ---  ---  ---  ---  ---  ---  ---  ---  ---  ---  ---  ---  ---  ---  ---  ---  ---  ---  ---
    1962 2010   -5      -    - -.10 -.02  .10  .27* .10 -.08 -.13 -.18  .02|   -    -    -    -    -    -    -    -    -    -

 [B] Entire series, effect on correlation (  .019) is:
       Lower   2002> -.127   1983< -.062   1985< -.033   1972> -.030   1980> -.022   1987> -.018  Higher   1992  .110   2009  .027
     1962 to 2010 segment:
       Lower   2002> -.127   1983< -.062   1985< -.033   1972> -.030   1980> -.022   1987> -.018  Higher   1992  .110   2009  .027

 [E] Outliers     1   3.0 SD above or -4.5 SD below mean for year
       2002 +4.7 SD
====================================================================================================================================

 0GL10A    1972 to  2010      39 years                                                                                    Series  19

 [B] Entire series, effect on correlation (  .749) is:
       Lower   1992> -.048   1972< -.022   1987< -.013   1985< -.011   2007> -.010   2003< -.010  Higher   2002  .185   2009  .008

====================================================================================================================================

 0GL10B    1974 to  2010      37 years                                                                                    Series  20

 [B] Entire series, effect on correlation (  .795) is:
       Lower   1977< -.036   1992> -.025   1981> -.014   1999> -.009   2009< -.009   1974< -.009  Higher   2002  .132   1980  .006

====================================================================================================================================

 0GL11A    1970 to  2009      40 years                                                                                    Series  21

 [A] Segment   High   -10   -9   -8   -7   -6   -5   -4   -3   -2   -1   +0   +1   +2   +3   +4   +5   +6   +7   +8   +9  +10
    ---------  ----   ---  ---  ---  ---  ---  ---  ---  ---  ---  ---  ---  ---  ---  ---  ---  ---  ---  ---  ---  ---  ---
    1970 2009   -1    .04  .12  .00  .05 -.23 -.33  .00  .08  .05  .35* .15|-.03    -    -    -    -    -    -    -    -    -

 [B] Entire series, effect on correlation (  .154) is:
       Lower   1972> -.046   1981< -.025   2005< -.023   1973< -.020   1987> -.020   1980> -.018  Higher   1996  .038   1992  .017
     1970 to 2009 segment:
       Lower   1972> -.046   1981< -.025   2005< -.023   1973< -.020   1987> -.020   1980> -.018  Higher   1996  .038   1992  .017

====================================================================================================================================

 0GL11B    1965 to  2010      46 years                                                                                    Series  22

 [B] Entire series, effect on correlation (  .691) is:
       Lower   1972< -.068   1984< -.026   1986> -.012   1992> -.009   1981> -.008   1973> -.005  Higher   2002  .058   1980  .009

 [E] Outliers     1   3.0 SD above or -4.5 SD below mean for year
       1972 -4.9 SD
====================================================================================================================================

 0GL12A    1962 to  2009      48 years                                                                                    Series  23

 [B] Entire series, effect on correlation (  .378) is:
       Lower   2009> -.055   1992> -.049   1996< -.019   1971> -.018   2000< -.015   1966> -.010  Higher   2002  .124   1972  .019

 [E] Outliers     1   3.0 SD above or -4.5 SD below mean for year
       2009 +3.1 SD
====================================================================================================================================

 0GL12B    1963 to  2010      48 years                                                                                    Series  24

 [B] Entire series, effect on correlation (  .569) is:
       Lower   1992> -.059   2009> -.033   1963< -.022   1971> -.020   1966> -.018   1970< -.015  Higher   2002  .204   1980  .012

====================================================================================================================================
PART 7:  DESCRIPTIVE STATISTICS: g                                                                 12:42  Mon 07 Nov 2011  Page   6
------------------------------------------------------------------------------------------------------------------------------------

                                                Corr   //-------- Unfiltered --------\\  //---- Filtered -----\\
                           No.    No.    No.    with   Mean   Max     Std   Auto   Mean   Max     Std   Auto  AR
 Seq Series   Interval   Years  Segmt  Flags   Master  msmt   msmt    dev   corr   sens  value    dev   corr  ()
 --- -------- ---------  -----  -----  -----   ------ -----  -----  -----  -----  -----  -----  -----  -----  --
   1 0GL01A   1955 2007     53      2      0    .505    .59   1.34   .271   .431   .356   2.58   .481  -.011   1
   2 0GL01B   1955 2007     53      2      0    .475    .63   1.39   .288   .424   .353   2.90   .613   .019   2
   3 0GL02A   1962 2007     46      1      0    .393   1.49   2.33   .486   .463   .287   2.41   .524   .032   1
   4 0GL02B   1962 2007     46      1      0    .581   1.29   2.17   .378   .375   .281   2.43   .448  -.060   1
   5 0GL03A   1961 2007     47      1      0    .778   1.98   4.09   .844   .738   .275   2.47   .392  -.065   1
   6 0GL03B   1961 2007     47      1      0    .775   2.27   3.81   .869   .630   .309   2.38   .423  -.040   1
   7 0GL04A   1957 2007     51      2      2    .205   2.22   4.01   .933   .570   .347   2.32   .410  -.012   2
   8 0GL04B   1957 2007     51      2      2    .280   2.12   5.18  1.093   .665   .354   2.52   .454  -.054   1
   9 0GL05A   1954 2007     54      2      0    .716   1.40   3.62   .734   .686   .345   2.66   .454  -.076   1
  10 0GL05B   1954 2007     54      2      0    .638   1.46   3.10   .606   .659   .329   2.59   .628  -.131   1
  11 0GL06A   1981 2007     27      1      0    .508    .58   1.31   .303   .484   .401   2.69   .705  -.099   1
  12 0GL06B   1981 2007     27      1      0    .741    .61   1.84   .368   .666   .355   2.60   .551   .008   1
  13 0GL07A   1971 2009     39      1      0    .390   2.70   4.01   .729   .322   .271   2.46   .435   .048   1
  14 0GL07B   1967 2010     44      1      0    .792   2.44   3.76   .695   .408   .227   2.44   .417  -.091   1
  15 0GL08A   1976 2010     35      1      0    .817   2.36   4.06   .811   .486   .269   2.87   .509  -.051   1
  16 0GL08B   1970 2010     41      1      0    .833   2.68   4.36   .748   .282   .290   2.61   .528  -.040   2
  17 0GL09A   1971 2010     40      1      0    .504   2.59   4.42   .760   .620   .228   2.54   .615  -.001   5
  18 0GL09B   1962 2010     49      1      1    .019   2.03   3.78   .775   .666   .279   2.50   .526  -.076   2
  19 0GL10A   1972 2010     39      1      0    .749   2.81   3.80   .678   .258   .243   2.38   .500  -.047   1
  20 0GL10B   1974 2010     37      1      0    .795   2.40   3.66   .585   .085   .268   2.49   .530  -.109   1
  21 0GL11A   1970 2009     40      1      1    .154   1.53   2.92   .579   .530   .244   2.80   .652   .019   1
  22 0GL11B   1965 2010     46      1      0    .691   1.95   3.58   .718   .479   .327   2.37   .484   .024   1
  23 0GL12A   1962 2009     48      1      0    .378   1.76   3.81   .901   .869   .199   2.46   .490  -.007   1
  24 0GL12B   1963 2010     48      1      0    .569   1.78   3.61  1.026   .874   .237   2.50   .554   .018   1
 --- -------- ---------  -----  -----  -----   ------ -----  -----  -----  -----  -----  -----  -----  -----  --
 Total or mean:           1062     30      6    .544   1.81   5.18   .684   .538   .295   2.90   .509  -.034
PART 8:  ADJUSTMENTS FOR UNDATED SERIES: g                                                         12:42  Mon 07 Nov 2011  Page   7
------------------------------------------------------------------------------------------------------------------------------------

 Time span  1954  2010    57 years, best matches for  50-year segments lagged  25 years
 Listed in order from highest correlation

           Counted       Corr      Corr      Corr      Corr      Corr      Corr      Corr      Corr      Corr      Corr      Corr
 Series    Segment   Add  # 1  Add  # 2  Add  # 3  Add  # 4  Add  # 5  Add  # 6  Add  # 7  Add  # 8  Add  # 9  Add  #10  Add  #11
 -------- ---------  --------  --------  --------  --------  --------  --------  --------  --------  --------  --------  --------
 0GD01A   1956 1998     0 .40    -1 .32    11 .22     1 .20     7 .09     6 .05     3 .04    12 .03   --- ---   --- ---   --- ---
===================  ========  ========  ========  ========  ========  ========  ========  ========  ========  ========  ========
           Counted       Corr      Corr      Corr      Corr      Corr      Corr      Corr      Corr      Corr      Corr      Corr
 Series    Segment   Add  # 1  Add  # 2  Add  # 3  Add  # 4  Add  # 5  Add  # 6  Add  # 7  Add  # 8  Add  # 9  Add  #10  Add  #11
 -------- ---------  --------  --------  --------  --------  --------  --------  --------  --------  --------  --------  --------
 0GD01B   1956 1998     0 .36    -1 .25    11 .18     1 .17    12 .12     5 .04     6 .04    10 .02   --- ---   --- ---   --- ---
===================  ========  ========  ========  ========  ========  ========  ========  ========  ========  ========  ========
           Counted       Corr      Corr      Corr      Corr      Corr      Corr      Corr      Corr      Corr      Corr      Corr
 Series    Segment   Add  # 1  Add  # 2  Add  # 3  Add  # 4  Add  # 5  Add  # 6  Add  # 7  Add  # 8  Add  # 9  Add  #10  Add  #11
 -------- ---------  --------  --------  --------  --------  --------  --------  --------  --------  --------  --------  --------
 0GD01C   1954 1998     0 .45    11 .21    10 .12     6 .09     1 .09     4 .09     2 .06     3 .04    12 .02     8 .00   --- ---
===================  ========  ========  ========  ========  ========  ========  ========  ========  ========  ========  ========
           Counted       Corr      Corr      Corr      Corr      Corr      Corr      Corr      Corr      Corr      Corr      Corr
 Series    Segment   Add  # 1  Add  # 2  Add  # 3  Add  # 4  Add  # 5  Add  # 6  Add  # 7  Add  # 8  Add  # 9  Add  #10  Add  #11
 -------- ---------  --------  --------  --------  --------  --------  --------  --------  --------  --------  --------  --------
 0GD01D   1954 1998     0 .44    11 .17     1 .10     4 .09    10 .06    12 .05     7 .04     6 .01     2 .01   --- ---   --- ---
===================  ========  ========  ========  ========  ========  ========  ========  ========  ========  ========  ========
           Counted       Corr      Corr      Corr      Corr      Corr      Corr      Corr      Corr      Corr      Corr      Corr
 Series    Segment   Add  # 1  Add  # 2  Add  # 3  Add  # 4  Add  # 5  Add  # 6  Add  # 7  Add  # 8  Add  # 9  Add  #10  Add  #11
 -------- ---------  --------  --------  --------  --------  --------  --------  --------  --------  --------  --------  --------
 0GD02A   1954 2001     0 .38     7 .15     5 .10     9 .07     2 .05     8 .03   --- ---   --- ---   --- ---   --- ---   --- ---
===================  ========  ========  ========  ========  ========  ========  ========  ========  ========  ========  ========
           Counted       Corr      Corr      Corr      Corr      Corr      Corr      Corr      Corr      Corr      Corr      Corr
 Series    Segment   Add  # 1  Add  # 2  Add  # 3  Add  # 4  Add  # 5  Add  # 6  Add  # 7  Add  # 8  Add  # 9  Add  #10  Add  #11
 -------- ---------  --------  --------  --------  --------  --------  --------  --------  --------  --------  --------  --------
 0GD02B   1954 2001     0 .40     7 .11     5 .06     9 .02     2 .01     3 .00   --- ---   --- ---   --- ---   --- ---   --- ---
===================  ========  ========  ========  ========  ========  ========  ========  ========  ========  ========  ========
           Counted       Corr      Corr      Corr      Corr      Corr      Corr      Corr      Corr      Corr      Corr      Corr
 Series    Segment   Add  # 1  Add  # 2  Add  # 3  Add  # 4  Add  # 5  Add  # 6  Add  # 7  Add  # 8  Add  # 9  Add  #10  Add  #11
 -------- ---------  --------  --------  --------  --------  --------  --------  --------  --------  --------  --------  --------
 0GD03A   1970 2003     0 .40   -14 .25   -16 .20    -4 .16   -12 .14    -7 .10    -6 .09     3 .09    -5 .08     2 .08     7 .05
===================  ========  ========  ========  ========  ========  ========  ========  ========  ========  ========  ========
           Counted       Corr      Corr      Corr      Corr      Corr      Corr      Corr      Corr      Corr      Corr      Corr
 Series    Segment   Add  # 1  Add  # 2  Add  # 3  Add  # 4  Add  # 5  Add  # 6  Add  # 7  Add  # 8  Add  # 9  Add  #10  Add  #11
 -------- ---------  --------  --------  --------  --------  --------  --------  --------  --------  --------  --------  --------
 0GD03B   1970 1999    -1 .37    -9 .34     0 .22    -2 .20   -10 .19    10 .14    -3 .13   -12 .13     1 .12     9 .11     2 .09
===================  ========  ========  ========  ========  ========  ========  ========  ========  ========  ========  ========
           Counted       Corr      Corr      Corr      Corr      Corr      Corr      Corr      Corr      Corr      Corr      Corr
 Series    Segment   Add  # 1  Add  # 2  Add  # 3  Add  # 4  Add  # 5  Add  # 6  Add  # 7  Add  # 8  Add  # 9  Add  #10  Add  #11
 -------- ---------  --------  --------  --------  --------  --------  --------  --------  --------  --------  --------  --------
 0GD04A   1959 2003     0 .22    -2 .13    -3 .11     7 .10    -4 .04     1 .03   --- ---   --- ---   --- ---   --- ---   --- ---
===================  ========  ========  ========  ========  ========  ========  ========  ========  ========  ========  ========
           Counted       Corr      Corr      Corr      Corr      Corr      Corr      Corr      Corr      Corr      Corr      Corr
 Series    Segment   Add  # 1  Add  # 2  Add  # 3  Add  # 4  Add  # 5  Add  # 6  Add  # 7  Add  # 8  Add  # 9  Add  #10  Add  #11
 -------- ---------  --------  --------  --------  --------  --------  --------  --------  --------  --------  --------  --------
 0GD04B   1959 2003     0 .37     3 .20     7 .14    -1 .05     4 .03     5 .02   --- ---   --- ---   --- ---   --- ---   --- ---
===================  ========  ========  ========  ========  ========  ========  ========  ========  ========  ========  ========
           Counted       Corr      Corr      Corr      Corr      Corr      Corr      Corr      Corr      Corr      Corr      Corr
 Series    Segment   Add  # 1  Add  # 2  Add  # 3  Add  # 4  Add  # 5  Add  # 6  Add  # 7  Add  # 8  Add  # 9  Add  #10  Add  #11
 -------- ---------  --------  --------  --------  --------  --------  --------  --------  --------  --------  --------  --------
 0GD05A   1962 2007     2 .20     3 .16    -2 .07    -1 .07     1 .04    -8 .03     0 .02   --- ---   --- ---   --- ---   --- ---
===================  ========  ========  ========  ========  ========  ========  ========  ========  ========  ========  ========
           Counted       Corr      Corr      Corr      Corr      Corr      Corr      Corr      Corr      Corr      Corr      Corr
 Series    Segment   Add  # 1  Add  # 2  Add  # 3  Add  # 4  Add  # 5  Add  # 6  Add  # 7  Add  # 8  Add  # 9  Add  #10  Add  #11
 -------- ---------  --------  --------  --------  --------  --------  --------  --------  --------  --------  --------  --------
 0GD05B   1962 2007     3 .16     2 .15     0 .14     1 .12    -8 .07    -7 .06    -1 .05   --- ---   --- ---   --- ---   --- ---
===================  ========  ========  ========  ========  ========  ========  ========  ========  ========  ========  ========
           Counted       Corr      Corr      Corr      Corr      Corr      Corr      Corr      Corr      Corr      Corr      Corr
 Series    Segment   Add  # 1  Add  # 2  Add  # 3  Add  # 4  Add  # 5  Add  # 6  Add  # 7  Add  # 8  Add  # 9  Add  #10  Add  #11
 -------- ---------  --------  --------  --------  --------  --------  --------  --------  --------  --------  --------  --------
 0GD06A   1957 2004     0 .32    -1 .22    -3 .07     4 .03   --- ---   --- ---   --- ---   --- ---   --- ---   --- ---   --- ---
===================  ========  ========  ========  ========  ========  ========  ========  ========  ========  ========  ========
           Counted       Corr      Corr      Corr      Corr      Corr      Corr      Corr      Corr      Corr      Corr      Corr
 Series    Segment   Add  # 1  Add  # 2  Add  # 3  Add  # 4  Add  # 5  Add  # 6  Add  # 7  Add  # 8  Add  # 9  Add  #10  Add  #11
 -------- ---------  --------  --------  --------  --------  --------  --------  --------  --------  --------  --------  --------
 0GD06B   1955 2003     0 .32     3 .17     7 .06    -1 .06   --- ---   --- ---   --- ---   --- ---   --- ---   --- ---   --- ---
===================  ========  ========  ========  ========  ========  ========  ========  ========  ========  ========  ========
       14 undated series

                                              - = [  COFECHA G    COF  ] = -
