[]  Dendrochronology Program Library                                        Run 8      Program COF  11:15  Thu 19 Jan 2012  Page   1
[]
[]  P R O G R A M      C O F E C H A                                                                          Version 6.06P    28144
------------------------------------------------------------------------------------------------------------------------------------

 QUALITY CONTROL AND DATING CHECK OF TREE-RING MEASUREMENTS

 Title of run:           8                                       

 File of DATED series:   8L.raw

 File of UNDATED series: 8D.raw

 CONTENTS:

    Part 1:  Title page, options selected, summary, absent rings by series
    Part 2:  Histogram of time spans
    Part 3:  Master series with sample depth and absent rings by year
    Part 4:  Bar plot of Master Dating Series
    Part 5:  Correlation by segment of each series with Master
    Part 6:  Potential problems: low correlation, divergent year-to-year changes, absent rings, outliers
    Part 7:  Descriptive statistics
    Part 8:  Undated series - adjustments for highest correlations

 RUN CONTROL OPTIONS SELECTED                             VALUE

         1  Cubic smoothing spline 50% wavelength cutoff for filtering
                                                            32 years
         2  Segments examined are                           50 years lagged successively by  25 years
         3  Autoregressive model applied                     A  Residuals are used in master dating series and testing
         4  Series transformed to logarithms                 Y  Each series log-transformed for master dating series and testing
         5  CORRELATION is Pearson (parametric, quantitative)
            Critical correlation, 99% confidence level   .3281
         6  Master dating series saved                       N
         7  Ring measurements listed                         N
         8  Parts printed                             12345678 
         9  Absent rings are omitted from master series and segment correlations  (Y)

 Time span of Master dating series is  1955 to  2009    55 years
 Continuous time span is               1955 to  2009    55 years
 Portion with two or more series is    1955 to  2009    55 years


                                        ****************************************
                                        *C* Number of dated series        26 *C*
                                        *O* Master series 1955 2009   55 yrs *O*
                                        *F* Total rings in all series   1166 *F*
                                        *E* Total dated rings checked   1166 *E*
                                        *C* Series intercorrelation     .567 *C*
                                        *H* Average mean sensitivity    .262 *H*
                                        *A* Segments, possible problems    4 *A*
                                        *** Mean length of series       44.8 ***
                                        ****************************************

 ABSENT RINGS listed by SERIES:            (See Master Dating Series for absent rings listed by year)

               No ring measurements of zero value
PART 2:  TIME PLOT OF TREE-RING SERIES: 8                                                          11:15  Thu 19 Jan 2012  Page   2
------------------------------------------------------------------------------------------------------------------------------------
 1050 1100 1150 1200 1250 1300 1350 1400 1450 1500 1550 1600 1650 1700 1750 1800 1850 1900 1950 2000 2050 Ident   Seq Time-span  Yrs
   :    :    :    :    :    :    :    :    :    :    :    :    :    :    :    :    :    :    :    :    : -------- --- ---- ---- ----
   .    .    .    .    .    .    .    .    .    .    .    .    .    .    .    .    .    .    .<===>    . 08L01A     1 1962 2006   45
   .    .    .    .    .    .    .    .    .    .    .    .    .    .    .    .    .    .    .<===>    . 08L01B     2 1963 2006   44
   .    .    .    .    .    .    .    .    .    .    .    .    .    .    .    .    .    .    <====>    . 08L02A     3 1958 2006   49
   .    .    .    .    .    .    .    .    .    .    .    .    .    .    .    .    .    .    <====>    . 08L02B     4 1958 2006   49
   .    .    .    .    .    .    .    .    .    .    .    .    .    .    .    .    .    .    <====>    . 08L03A     5 1955 2006   52
   .    .    .    .    .    .    .    .    .    .    .    .    .    .    .    .    .    .    <====>    . 08L03B     6 1955 2006   52
   .    .    .    .    .    .    .    .    .    .    .    .    .    .    .    .    .    .    <====>    . 08L04A     7 1957 2006   50
   .    .    .    .    .    .    .    .    .    .    .    .    .    .    .    .    .    .    <====>    . 08L04C     8 1957 2006   50
   .    .    .    .    .    .    .    .    .    .    .    .    .    .    .    .    .    .    <====>    . 08L05A     9 1958 2006   49
   .    .    .    .    .    .    .    .    .    .    .    .    .    .    .    .    .    .    <====>    . 08L05B    10 1958 2006   49
   .    .    .    .    .    .    .    .    .    .    .    .    .    .    .    .    .    .    .<===>    . 08L06A    11 1961 2006   46
   .    .    .    .    .    .    .    .    .    .    .    .    .    .    .    .    .    .    .<===>    . 08L06B    12 1961 2006   46
   .    .    .    .    .    .    .    .    .    .    .    .    .    .    .    .    .    .    <====>    . 08L07A    13 1956 2006   51
   .    .    .    .    .    .    .    .    .    .    .    .    .    .    .    .    .    .    <====>    . 08L07B    14 1956 2006   51
   .    .    .    .    .    .    .    .    .    .    .    .    .    .    .    .    .    .    .<===>    . 08L12B    15 1969 2009   41
   .    .    .    .    .    .    .    .    .    .    .    .    .    .    .    .    .    .    .<===>    . 08L09B    16 1969 2009   41
   .    .    .    .    .    .    .    .    .    .    .    .    .    .    .    .    .    .    .  <=>    . 08L08A    17 1981 2009   29
   .    .    .    .    .    .    .    .    .    .    .    .    .    .    .    .    .    .    . <==>    . 08L08B    18 1977 2009   33
   .    .    .    .    .    .    .    .    .    .    .    .    .    .    .    .    .    .    .<===>    . 08L09A    19 1965 2009   45
   .    .    .    .    .    .    .    .    .    .    .    .    .    .    .    .    .    .    .<===>    . 08L13B    20 1968 2009   42
   .    .    .    .    .    .    .    .    .    .    .    .    .    .    .    .    .    .    . <==>    . 08L10A    21 1971 2009   39
   .    .    .    .    .    .    .    .    .    .    .    .    .    .    .    .    .    .    .<===>    . 08L10B    22 1965 2009   45
   .    .    .    .    .    .    .    .    .    .    .    .    .    .    .    .    .    .    .<===>    . 08L11A    23 1967 2009   43
   .    .    .    .    .    .    .    .    .    .    .    .    .    .    .    .    .    .    .<===>    . 08L11B    24 1965 2009   45
   .    .    .    .    .    .    .    .    .    .    .    .    .    .    .    .    .    .    .<===>    . 08L12A    25 1967 2009   43
   .    .    .    .    .    .    .    .    .    .    .    .    .    .    .    .    .    .    . <==>    . 08L13A    26 1973 2009   37
   :    :    :    :    :    :    :    :    :    :    :    :    :    :    :    :    :    :    :    :    :
 1050 1100 1150 1200 1250 1300 1350 1400 1450 1500 1550 1600 1650 1700 1750 1800 1850 1900 1950 2000 2050
   :    :    :    :    :    :    :    :    :    :    :    :    :    :    :    :    :    :    :    :    :
 1050 1100 1150 1200 1250 1300 1350 1400 1450 1500 1550 1600 1650 1700 1750 1800 1850 1900 1950 2000 2050
PART 3:  Master Dating Series: 8                                                                   11:15  Thu 19 Jan 2012  Page   3
------------------------------------------------------------------------------------------------------------------------------------
  Year  Value  No Ab    Year  Value  No Ab    Year  Value  No Ab    Year  Value  No Ab    Year  Value  No Ab    Year  Value  No Ab
  ------------------    ------------------    ------------------    ------------------    ------------------    ------------------
                        2000   .553  26
                        2001   .080  26
                        2002 -3.970  26
                        2003   .239  26
                        2004   .194  26
  1955   .774   2       2005  1.219  26
  1956  1.211   4       2006   .912  26
  1957  -.414   6       2007  1.193  12
  1958   .172  10       2008   .833  12
  1959 -1.832  10       2009  -.568  12

  1960   .177  10
  1961  1.765  12
  1962  -.610  13
  1963  -.473  14
  1964 -1.214  14
  1965  -.296  17
  1966  -.244  17
  1967  -.742  19
  1968  -.479  20
  1969  -.305  22

  1970   .948  22
  1971  1.039  23
  1972  -.559  23
  1973 -1.310  24
  1974  -.675  24
  1975   .263  24
  1976  1.206  24
  1977   .546  25
  1978   .838  25
  1979   .928  25

  1980  -.536  25
  1981   .404  26
  1982   .145  26
  1983   .379  26
  1984   .929  26
  1985   .527  26
  1986  1.359  26
  1987  -.407  26
  1988 -1.663  26
  1989   .557  26

  1990 -1.454  26
  1991  -.236  26
  1992 -1.358  26
  1993 -1.136  26
  1994  -.011  26
  1995  -.893  26
  1996   .446  26
  1997  1.004  26
  1998   .445  26
  1999   .099  26
------------------------------------------------------------------------------------------------------------------------------------
PART 4:  Master Bar Plot: 8                                                                        11:15  Thu 19 Jan 2012  Page   4
------------------------------------------------------------------------------------------------------------------------------------
   Year Rel value  Year Rel value  Year Rel value  Year Rel value  Year Rel value  Year Rel value  Year Rel value  Year Rel value
                   2000-------B
                   2001-----@
                   2002p
                   2003-----A
                   2004-----A
   1955--------C   2005----------E
   1956----------E 2006--------D
   1957---b        2007----------E
   1958-----A      2008--------C
   1959g           2009--b
   1960-----A
   1961----------G
   1962--b
   1963---b
   1964-e
   1965----a
   1966----a
   1967--c
   1968---b
   1969----a
   1970---------D
   1971---------D
   1972--b
   1973-e
   1974--c
   1975-----A
   1976----------E
   1977-------B
   1978--------C
   1979---------D
   1980--b
   1981------B
   1982-----A
   1983------B
   1984---------D
   1985-------B
   1986----------E
   1987---b
   1988g
   1989-------B
   1990f
   1991----a
   1992-e
   1993-e
   1994-----@
   1995-d
   1996------B
   1997---------D
   1998------B
   1999-----@
PART 5:  CORRELATION OF SERIES BY SEGMENTS: 8                                                      11:15  Thu 19 Jan 2012  Page   5
------------------------------------------------------------------------------------------------------------------------------------
 Correlations of  50-year dated segments, lagged  25 years
 Flags:  A = correlation under   .3281 but highest as dated;  B = correlation higher at other than dated position

 Seq Series  Time_span   1950 1975
                         1999 2024
 --- -------- ---------  ---- ---- ---- ---- ---- ---- ---- ---- ---- ---- ---- ---- ---- ---- ---- ---- ---- ---- ---- ----
   1 08L01A   1962 2006  -.02B
   2 08L01B   1963 2006   .11B
   3 08L02A   1958 2006   .70
   4 08L02B   1958 2006   .66
   5 08L03A   1955 2006   .54  .57
   6 08L03B   1955 2006   .55  .57
   7 08L04A   1957 2006   .48
   8 08L04C   1957 2006   .55
   9 08L05A   1958 2006   .73
  10 08L05B   1958 2006   .77
  11 08L06A   1961 2006   .29A
  12 08L06B   1961 2006   .62
  13 08L07A   1956 2006   .45  .43
  14 08L07B   1956 2006   .41  .36
  15 08L12B   1969 2009   .57
  16 08L09B   1969 2009   .73
  17 08L08A   1981 2009        .67
  18 08L08B   1977 2009        .64
  19 08L09A   1965 2009   .84
  20 08L13B   1968 2009   .81
  21 08L10A   1971 2009   .63
  22 08L10B   1965 2009   .67
  23 08L11A   1967 2009   .33A
  24 08L11B   1965 2009   .62
  25 08L12A   1967 2009   .76
  26 08L13A   1973 2009   .86
 Av segment correlation   .57  .54
PART 6:  POTENTIAL PROBLEMS: 8                                                                     11:15  Thu 19 Jan 2012  Page   5
------------------------------------------------------------------------------------------------------------------------------------

 For each series with potential problems the following diagnostics may appear:

 [A] Correlations with master dating series of flagged  50-year segments of series filtered with  32-year spline,
     at every point from ten years earlier (-10) to ten years later (+10) than dated

 [B] Effect of those data values which most lower or raise correlation with master series
     Symbol following year indicates value in series is greater (>) or lesser (<) than master series value

 [C] Year-to-year changes very different from the mean change in other series

 [D] Absent rings (zero values)

 [E] Values which are statistical outliers from mean for the year
====================================================================================================================================

 08L01A    1962 to  2006      45 years                                                                                    Series   1

 [A] Segment   High   -10   -9   -8   -7   -6   -5   -4   -3   -2   -1   +0   +1   +2   +3   +4   +5   +6   +7   +8   +9  +10
    ---------  ----   ---  ---  ---  ---  ---  ---  ---  ---  ---  ---  ---  ---  ---  ---  ---  ---  ---  ---  ---  ---  ---
    1962 2006    2      -    -    - -.15  .24  .04 -.12  .05 -.05  .00 -.02| .22  .28* .17    -    -    -    -    -    -    -

 [B] Entire series, effect on correlation ( -.016) is:
       Lower   2002> -.073   1971< -.029   1964> -.024   1986< -.022   1965< -.022   1970< -.022  Higher   1962  .057   2005  .031
     1962 to 2006 segment:
       Lower   2002> -.073   1971< -.029   1964> -.024   1986< -.022   1965< -.022   1970< -.022  Higher   1962  .057   2005  .031

 [E] Outliers     2   3.0 SD above or -4.5 SD below mean for year
       1983 +3.3 SD;    2002 +3.8 SD
====================================================================================================================================

 08L01B    1963 to  2006      44 years                                                                                    Series   2

 [A] Segment   High   -10   -9   -8   -7   -6   -5   -4   -3   -2   -1   +0   +1   +2   +3   +4   +5   +6   +7   +8   +9  +10
    ---------  ----   ---  ---  ---  ---  ---  ---  ---  ---  ---  ---  ---  ---  ---  ---  ---  ---  ---  ---  ---  ---  ---
    1963 2006   -7      -    - -.18  .28*-.02  .21 -.04 -.18  .15 -.07  .11| .08  .22  .04    -    -    -    -    -    -    -

 [B] Entire series, effect on correlation (  .108) is:
       Lower   2002> -.109   1988> -.024   1980> -.018   1975< -.015   1966< -.014   1985< -.011  Higher   1964  .054   2005  .033
     1963 to 2006 segment:
       Lower   2002> -.109   1988> -.024   1980> -.018   1975< -.015   1966< -.014   1985< -.011  Higher   1964  .054   2005  .033

====================================================================================================================================

 08L02A    1958 to  2006      49 years                                                                                    Series   3

 [B] Entire series, effect on correlation (  .698) is:
       Lower   1987> -.031   1972< -.027   1962> -.023   1986< -.019   1967> -.018   1963> -.010  Higher   2002  .196   1961  .013

====================================================================================================================================

 08L02B    1958 to  2006      49 years                                                                                    Series   4

 [B] Entire series, effect on correlation (  .656) is:
       Lower   1995< -.049   1987> -.023   1992> -.019   1962> -.018   1964> -.018   1986< -.017  Higher   2002  .168   1959  .020

====================================================================================================================================

 08L03A    1955 to  2006      52 years                                                                                    Series   5

 [B] Entire series, effect on correlation (  .536) is:
       Lower   1988> -.050   1962> -.026   1980> -.026   1956< -.025   1957> -.024   1967> -.013  Higher   2002  .375   1959  .013

====================================================================================================================================

 08L03B    1955 to  2006      52 years                                                                                    Series   6

 [B] Entire series, effect on correlation (  .557) is:
       Lower   1973< -.069   1988> -.044   1962> -.039   1964> -.021   1955< -.018   1980> -.014  Higher   2002  .145   1959  .023

====================================================================================================================================

 08L04A    1957 to  2006      50 years                                                                                    Series   7

 [B] Entire series, effect on correlation (  .478) is:
       Lower   1993< -.055   1996< -.021   1979< -.018   1964> -.014   1963< -.013   1966> -.011  Higher   1962  .020   1988  .019

====================================================================================================================================

 08L04C    1957 to  2006      50 years                                                                                    Series   8

 [B] Entire series, effect on correlation (  .549) is:
       Lower   1957> -.075   1993< -.046   1992> -.022   1964> -.010   1999< -.007   1996< -.007  Higher   2002  .074   1961  .019

====================================================================================================================================

 08L05A    1958 to  2006      49 years                                                                                    Series   9

 [B] Entire series, effect on correlation (  .726) is:
       Lower   1972> -.037   1962< -.013   1971< -.013   1989< -.009   1959> -.009   2005< -.008  Higher   2002  .128   1986  .006

====================================================================================================================================

 08L05B    1958 to  2006      49 years                                                                                    Series  10

 [B] Entire series, effect on correlation (  .773) is:
       Lower   1959> -.029   1972> -.028   1962< -.017   1964> -.011   1971< -.010   1990> -.009  Higher   2002  .156   1988  .011

====================================================================================================================================

 08L06A    1961 to  2006      46 years                                                                                    Series  11

 [A] Segment   High   -10   -9   -8   -7   -6   -5   -4   -3   -2   -1   +0   +1   +2   +3   +4   +5   +6   +7   +8   +9  +10
    ---------  ----   ---  ---  ---  ---  ---  ---  ---  ---  ---  ---  ---  ---  ---  ---  ---  ---  ---  ---  ---  ---  ---
    1961 2006    0      -    -    -    - -.33  .26  .10  .22  .04 -.32  .29* .10  .10 -.10    -    -    -    -    -    -    -

 [B] Entire series, effect on correlation (  .285) is:
       Lower   1967< -.039   2002> -.029   1973> -.022   1997< -.022   1964> -.021   1987> -.016  Higher   1992  .021   1972  .019
     1961 to 2006 segment:
       Lower   1967< -.039   2002> -.029   1973> -.022   1997< -.022   1964> -.021   1987> -.016  Higher   1992  .021   1972  .019

====================================================================================================================================

 08L06B    1961 to  2006      46 years                                                                                    Series  12

 [B] Entire series, effect on correlation (  .617) is:
       Lower   1993> -.042   1971< -.036   1963> -.029   1964> -.020   1984< -.014   1985> -.014  Higher   2002  .205   1990  .018

====================================================================================================================================

 08L07A    1956 to  2006      51 years                                                                                    Series  13

 [B] Entire series, effect on correlation (  .437) is:
       Lower   1964< -.026   2004< -.023   1995> -.017   2006< -.016   1972> -.016   1967> -.014  Higher   1959  .029   1961  .027

 [E] Outliers     1   3.0 SD above or -4.5 SD below mean for year
       1964 -4.5 SD
====================================================================================================================================

 08L07B    1956 to  2006      51 years                                                                                    Series  14

 [B] Entire series, effect on correlation (  .375) is:
       Lower   1976< -.042   1987> -.035   1989< -.035   1962> -.033   2006< -.031   1981< -.019  Higher   2002  .102   1959  .033

====================================================================================================================================

 08L12B    1969 to  2009      41 years                                                                                    Series  15

 [B] Entire series, effect on correlation (  .574) is:
       Lower   1999< -.114   1969< -.029   1993> -.017   1970< -.015   1973> -.012   2007< -.012  Higher   2002  .165   1990  .025

====================================================================================================================================

 08L09B    1969 to  2009      41 years                                                                                    Series  16

 [B] Entire series, effect on correlation (  .732) is:
       Lower   2000< -.033   1974< -.033   2001< -.015   2008> -.011   1983< -.010   2005< -.009  Higher   2002  .165   1988  .008

====================================================================================================================================

 08L08A    1981 to  2009      29 years                                                                                    Series  17

 [B] Entire series, effect on correlation (  .667) is:
       Lower   1987> -.062   1989< -.019   1995> -.010   2006< -.009   2000< -.009   1982> -.009  Higher   2002  .027   1988  .018

====================================================================================================================================

 08L08B    1977 to  2009      33 years                                                                                    Series  18

 [B] Entire series, effect on correlation (  .638) is:
       Lower   1987> -.055   1989< -.032   1988> -.030   1978< -.025   2006< -.024   1977< -.022  Higher   2002  .238   1990  .022

====================================================================================================================================

 08L09A    1965 to  2009      45 years                                                                                    Series  19

 [B] Entire series, effect on correlation (  .836) is:
       Lower   1972< -.028   2001< -.017   1987> -.014   1995> -.012   1968> -.009   2005< -.009  Higher   2002  .116   1988  .010

====================================================================================================================================

 08L13B    1968 to  2009      42 years                                                                                    Series  20

 [B] Entire series, effect on correlation (  .809) is:
       Lower   1969< -.047   2003< -.027   1972> -.020   1987> -.011   2008< -.009   1973> -.008  Higher   2002  .127   1988  .012

====================================================================================================================================

 08L10A    1971 to  2009      39 years                                                                                    Series  21

 [B] Entire series, effect on correlation (  .627) is:
       Lower   1990> -.045   1987< -.036   1988> -.031   2003< -.023   1999> -.012   1972> -.011  Higher   2002  .165   1992  .010

====================================================================================================================================

 08L10B    1965 to  2009      45 years                                                                                    Series  22

 [B] Entire series, effect on correlation (  .669) is:
       Lower   1998< -.048   1988> -.045   1990> -.042   1980< -.030   2005< -.009   1995> -.008  Higher   2002  .215   2007  .007

====================================================================================================================================

 08L11A    1967 to  2009      43 years                                                                                    Series  23

 [A] Segment   High   -10   -9   -8   -7   -6   -5   -4   -3   -2   -1   +0   +1   +2   +3   +4   +5   +6   +7   +8   +9  +10
    ---------  ----   ---  ---  ---  ---  ---  ---  ---  ---  ---  ---  ---  ---  ---  ---  ---  ---  ---  ---  ---  ---  ---
    1967 2009    0    .08 -.28 -.02 -.05 -.18  .22  .09  .07 -.13 -.14  .33*   -    -    -    -    -    -    -    -    -    -

 [B] Entire series, effect on correlation (  .327) is:
       Lower   2002> -.081   2006< -.025   2007< -.020   1972> -.019   1992> -.019   1980> -.014  Higher   1988  .051   1990  .024
     1967 to 2009 segment:
       Lower   2002> -.081   2006< -.025   2007< -.020   1972> -.019   1992> -.019   1980> -.014  Higher   1988  .051   1990  .024

====================================================================================================================================

 08L11B    1965 to  2009      45 years                                                                                    Series  24

 [B] Entire series, effect on correlation (  .620) is:
       Lower   1987< -.041   1966< -.033   1992> -.033   1973> -.027   2005< -.023   1980> -.013  Higher   2002  .222   1988  .024

====================================================================================================================================

 08L12A    1967 to  2009      43 years                                                                                    Series  25

 [B] Entire series, effect on correlation (  .756) is:
       Lower   1974< -.055   1972> -.030   1975< -.018   1973> -.017   2007< -.010   2009< -.008  Higher   2002  .113   1990  .014

====================================================================================================================================

 08L13A    1973 to  2009      37 years                                                                                    Series  26

 [B] Entire series, effect on correlation (  .865) is:
       Lower   1987> -.025   2004< -.019   1995> -.009   2009> -.008   2003< -.007   1991> -.005  Higher   2002  .178   1986  .004

====================================================================================================================================
PART 7:  DESCRIPTIVE STATISTICS: 8                                                                 11:15  Thu 19 Jan 2012  Page   6
------------------------------------------------------------------------------------------------------------------------------------

                                                Corr   //-------- Unfiltered --------\\  //---- Filtered -----\\
                           No.    No.    No.    with   Mean   Max     Std   Auto   Mean   Max     Std   Auto  AR
 Seq Series   Interval   Years  Segmt  Flags   Master  msmt   msmt    dev   corr   sens  value    dev   corr  ()
 --- -------- ---------  -----  -----  -----   ------ -----  -----  -----  -----  -----  -----  -----  -----  --
   1 08L01A   1962 2006     45      1      1   -.016    .81   3.16   .675   .823   .262   3.03   .512  -.053   2
   2 08L01B   1963 2006     44      1      1    .108    .70   1.83   .520   .870   .315   2.57   .472  -.054   5
   3 08L02A   1958 2006     49      1      0    .698    .90   1.65   .357   .570   .327   2.53   .440   .040   1
   4 08L02B   1958 2006     49      1      0    .656    .76   1.28   .275   .575   .303   2.43   .513   .017   1
   5 08L03A   1955 2006     52      2      0    .536    .56   1.11   .196   .292   .298   2.30   .350  -.058   1
   6 08L03B   1955 2006     52      2      0    .557    .59   1.10   .241   .673   .284   2.53   .450   .042   1
   7 08L04A   1957 2006     50      1      0    .478   1.44   2.67   .588   .788   .232   2.48   .491  -.008   1
   8 08L04C   1957 2006     50      1      0    .549   1.58   4.12   .749   .818   .230   2.77   .547  -.104   1
   9 08L05A   1958 2006     49      1      0    .726   1.70   3.47   .803   .795   .247   2.61   .516  -.040   1
  10 08L05B   1958 2006     49      1      0    .773   1.83   3.73   .832   .779   .234   2.39   .430  -.066   1
  11 08L06A   1961 2006     46      1      1    .285    .39   1.06   .207   .713   .269   2.61   .466   .084   1
  12 08L06B   1961 2006     46      1      0    .617    .66   2.02   .510   .778   .365   2.78   .514   .031   1
  13 08L07A   1956 2006     51      2      0    .437    .32    .91   .166   .540   .310   2.74   .472  -.093   1
  14 08L07B   1956 2006     51      2      0    .375    .28    .68   .158   .609   .357   2.79   .638  -.091   1
  15 08L12B   1969 2009     41      1      0    .574   1.59   3.51   .684   .735   .261   2.57   .562  -.113   1
  16 08L09B   1969 2009     41      1      0    .732   1.56   2.98   .479   .537   .222   2.73   .519   .125   1
  17 08L08A   1981 2009     29      1      0    .667   1.71   2.84   .563   .569   .230   2.79   .687  -.028   1
  18 08L08B   1977 2009     33      1      0    .638   1.78   2.77   .502   .479   .233   2.67   .587   .025   1
  19 08L09A   1965 2009     45      1      0    .836   1.38   2.03   .291   .420   .183   2.49   .463   .024   1
  20 08L13B   1968 2009     42      1      0    .809   2.22   3.27   .489   .162   .231   2.49   .492   .024   1
  21 08L10A   1971 2009     39      1      0    .627   1.67   2.67   .551   .733   .193   2.56   .592   .018   1
  22 08L10B   1965 2009     45      1      0    .669   1.69   2.88   .682   .811   .192   2.60   .493   .013   1
  23 08L11A   1967 2009     43      1      1    .327   1.66   3.07   .672   .732   .234   2.52   .534   .097   1
  24 08L11B   1965 2009     45      1      0    .620   1.47   2.64   .544   .746   .217   2.48   .521   .022   1
  25 08L12A   1967 2009     43      1      0    .756   1.57   2.61   .522   .530   .272   2.61   .548  -.024   1
  26 08L13A   1973 2009     37      1      0    .865   2.18   3.06   .436   .034   .234   2.45   .408   .000   1
 --- -------- ---------  -----  -----  -----   ------ -----  -----  -----  -----  -----  -----  -----  -----  --
 Total or mean:           1166     30      4    .567   1.23   4.12   .482   .627   .262   3.03   .504  -.008
PART 8:  ADJUSTMENTS FOR UNDATED SERIES: 8                                                         11:15  Thu 19 Jan 2012  Page   7
------------------------------------------------------------------------------------------------------------------------------------

 Time span  1955  2009    55 years, best matches for  50-year segments lagged  25 years
 Listed in order from highest correlation

           Counted       Corr      Corr      Corr      Corr      Corr      Corr      Corr      Corr      Corr      Corr      Corr
 Series    Segment   Add  # 1  Add  # 2  Add  # 3  Add  # 4  Add  # 5  Add  # 6  Add  # 7  Add  # 8  Add  # 9  Add  #10  Add  #11
 -------- ---------  --------  --------  --------  --------  --------  --------  --------  --------  --------  --------  --------
 08D01A   1984 2005   -13 .49     2 .49   -28 .37    -8 .36     1 .28   -26 .27   -20 .24   -21 .24    -1 .17   -11 .17   -19 .16
===================  ========  ========  ========  ========  ========  ========  ========  ========  ========  ========  ========
           Counted       Corr      Corr      Corr      Corr      Corr      Corr      Corr      Corr      Corr      Corr      Corr
 Series    Segment   Add  # 1  Add  # 2  Add  # 3  Add  # 4  Add  # 5  Add  # 6  Add  # 7  Add  # 8  Add  # 9  Add  #10  Add  #11
 -------- ---------  --------  --------  --------  --------  --------  --------  --------  --------  --------  --------  --------
 08D01B   1984 2008   -26 .37    -8 .29   -29 .25   -11 .21     0 .18   -25 .15   -16 .15    -1 .15   -12 .12   -19 .11   -20 .10
===================  ========  ========  ========  ========  ========  ========  ========  ========  ========  ========  ========
           Counted       Corr      Corr      Corr      Corr      Corr      Corr      Corr      Corr      Corr      Corr      Corr
 Series    Segment   Add  # 1  Add  # 2  Add  # 3  Add  # 4  Add  # 5  Add  # 6  Add  # 7  Add  # 8  Add  # 9  Add  #10  Add  #11
 -------- ---------  --------  --------  --------  --------  --------  --------  --------  --------  --------  --------  --------
 08D02A   1958 1995     5 .35     0 .20    10 .12     4 .08     8 .07     6 .07    13 .04   --- ---   --- ---   --- ---   --- ---
===================  ========  ========  ========  ========  ========  ========  ========  ========  ========  ========  ========
           Counted       Corr      Corr      Corr      Corr      Corr      Corr      Corr      Corr      Corr      Corr      Corr
 Series    Segment   Add  # 1  Add  # 2  Add  # 3  Add  # 4  Add  # 5  Add  # 6  Add  # 7  Add  # 8  Add  # 9  Add  #10  Add  #11
 -------- ---------  --------  --------  --------  --------  --------  --------  --------  --------  --------  --------  --------
 08D02B   1958 1992     8 .35     0 .29     5 .29     3 .18     7 .18    16 .14    15 .13     6 .11    -2 .08    13 .04     9 .03
===================  ========  ========  ========  ========  ========  ========  ========  ========  ========  ========  ========
           Counted       Corr      Corr      Corr      Corr      Corr      Corr      Corr      Corr      Corr      Corr      Corr
 Series    Segment   Add  # 1  Add  # 2  Add  # 3  Add  # 4  Add  # 5  Add  # 6  Add  # 7  Add  # 8  Add  # 9  Add  #10  Add  #11
 -------- ---------  --------  --------  --------  --------  --------  --------  --------  --------  --------  --------  --------
 08D02C   1958 1998     0 .25    10 .17     5 .14     8 .04     7 .03     6 .02    11 .01   --- ---   --- ---   --- ---   --- ---
===================  ========  ========  ========  ========  ========  ========  ========  ========  ========  ========  ========
           Counted       Corr      Corr      Corr      Corr      Corr      Corr      Corr      Corr      Corr      Corr      Corr
 Series    Segment   Add  # 1  Add  # 2  Add  # 3  Add  # 4  Add  # 5  Add  # 6  Add  # 7  Add  # 8  Add  # 9  Add  #10  Add  #11
 -------- ---------  --------  --------  --------  --------  --------  --------  --------  --------  --------  --------  --------
 08D04B   1958 2000     0 .28     7 .15     6 .12     9 .12    -1 .10     5 .09     8 .07     1 .05   --- ---   --- ---   --- ---
===================  ========  ========  ========  ========  ========  ========  ========  ========  ========  ========  ========
           Counted       Corr      Corr      Corr      Corr      Corr      Corr      Corr      Corr      Corr      Corr      Corr
 Series    Segment   Add  # 1  Add  # 2  Add  # 3  Add  # 4  Add  # 5  Add  # 6  Add  # 7  Add  # 8  Add  # 9  Add  #10  Add  #11
 -------- ---------  --------  --------  --------  --------  --------  --------  --------  --------  --------  --------  --------
 08D04A   1958 2000     0 .41     5 .15     7 .13     1 .03    -1 .03     3 .03     8 .02   --- ---   --- ---   --- ---   --- ---
===================  ========  ========  ========  ========  ========  ========  ========  ========  ========  ========  ========
           Counted       Corr      Corr      Corr      Corr      Corr      Corr      Corr      Corr      Corr      Corr      Corr
 Series    Segment   Add  # 1  Add  # 2  Add  # 3  Add  # 4  Add  # 5  Add  # 6  Add  # 7  Add  # 8  Add  # 9  Add  #10  Add  #11
 -------- ---------  --------  --------  --------  --------  --------  --------  --------  --------  --------  --------  --------
 08D05A   1976 2008   -13 .23   -10 .22   -11 .18   -20 .17    -9 .10   -18 .09   -15 .07    -4 .07     1 .06    -5 .06    -8 .06
===================  ========  ========  ========  ========  ========  ========  ========  ========  ========  ========  ========
           Counted       Corr      Corr      Corr      Corr      Corr      Corr      Corr      Corr      Corr      Corr      Corr
 Series    Segment   Add  # 1  Add  # 2  Add  # 3  Add  # 4  Add  # 5  Add  # 6  Add  # 7  Add  # 8  Add  # 9  Add  #10  Add  #11
 -------- ---------  --------  --------  --------  --------  --------  --------  --------  --------  --------  --------  --------
 08D05B   1976 2008    -3 .20   -21 .17    -1 .14   -19 .13    -5 .12   -11 .10   -13 .10   -20 .07     0 .03   -10 .02   --- ---
===================  ========  ========  ========  ========  ========  ========  ========  ========  ========  ========  ========
           Counted       Corr      Corr      Corr      Corr      Corr      Corr      Corr      Corr      Corr      Corr      Corr
 Series    Segment   Add  # 1  Add  # 2  Add  # 3  Add  # 4  Add  # 5  Add  # 6  Add  # 7  Add  # 8  Add  # 9  Add  #10  Add  #11
 -------- ---------  --------  --------  --------  --------  --------  --------  --------  --------  --------  --------  --------
 08D06A   1981 2004     0 .57   -14 .37   -15 .32   -24 .27     2 .23    -9 .13    -1 .11   -16 .10     5 .09   -26 .09   -22 .08
===================  ========  ========  ========  ========  ========  ========  ========  ========  ========  ========  ========
           Counted       Corr      Corr      Corr      Corr      Corr      Corr      Corr      Corr      Corr      Corr      Corr
 Series    Segment   Add  # 1  Add  # 2  Add  # 3  Add  # 4  Add  # 5  Add  # 6  Add  # 7  Add  # 8  Add  # 9  Add  #10  Add  #11
 -------- ---------  --------  --------  --------  --------  --------  --------  --------  --------  --------  --------  --------
 08D07A   1991 2005     0 .70   -15 .48   -12 .40   -10 .33    -3 .23   -29 .22   -14 .22   -18 .20    -1 .18   -17 .16   -19 .13
===================  ========  ========  ========  ========  ========  ========  ========  ========  ========  ========  ========
           Counted       Corr      Corr      Corr      Corr      Corr      Corr      Corr      Corr      Corr      Corr      Corr
 Series    Segment   Add  # 1  Add  # 2  Add  # 3  Add  # 4  Add  # 5  Add  # 6  Add  # 7  Add  # 8  Add  # 9  Add  #10  Add  #11
 -------- ---------  --------  --------  --------  --------  --------  --------  --------  --------  --------  --------  --------
 08D07B   1991 2005     0 .71   -15 .41   -12 .39   -10 .35   -29 .28   -14 .24   -34 .19    -1 .19    -3 .18   -18 .13   -17 .11
===================  ========  ========  ========  ========  ========  ========  ========  ========  ========  ========  ========
           Counted       Corr      Corr      Corr      Corr      Corr      Corr      Corr      Corr      Corr      Corr      Corr
 Series    Segment   Add  # 1  Add  # 2  Add  # 3  Add  # 4  Add  # 5  Add  # 6  Add  # 7  Add  # 8  Add  # 9  Add  #10  Add  #11
 -------- ---------  --------  --------  --------  --------  --------  --------  --------  --------  --------  --------  --------
 08D08A   1964 2000     0 .31     8 .26     1 .26    -6 .23     7 .23    -1 .19    -3 .17     2 .06    -8 .05     9 .02   --- ---
===================  ========  ========  ========  ========  ========  ========  ========  ========  ========  ========  ========
           Counted       Corr      Corr      Corr      Corr      Corr      Corr      Corr      Corr      Corr      Corr      Corr
 Series    Segment   Add  # 1  Add  # 2  Add  # 3  Add  # 4  Add  # 5  Add  # 6  Add  # 7  Add  # 8  Add  # 9  Add  #10  Add  #11
 -------- ---------  --------  --------  --------  --------  --------  --------  --------  --------  --------  --------  --------
 08D08B   1964 2000     0 .38     1 .19     7 .19    -1 .13    -3 .11    -8 .07    -6 .06    -5 .05     4 .05   --- ---   --- ---
===================  ========  ========  ========  ========  ========  ========  ========  ========  ========  ========  ========
       14 undated series

                                              - = [  COFECHA 8    COF  ] = -
