[]  Dendrochronology Program Library                                        Run Z      Program COF  11:34  Thu 19 Jan 2012  Page   1
[]
[]  P R O G R A M      C O F E C H A                                                                          Version 6.06P    28144
------------------------------------------------------------------------------------------------------------------------------------

 QUALITY CONTROL AND DATING CHECK OF TREE-RING MEASUREMENTS

 Title of run:           z                                       

 File of DATED series:   ZL.raw

 File of UNDATED series: ZD.raw

 CONTENTS:

    Part 1:  Title page, options selected, summary, absent rings by series
    Part 2:  Histogram of time spans
    Part 3:  Master series with sample depth and absent rings by year
    Part 4:  Bar plot of Master Dating Series
    Part 5:  Correlation by segment of each series with Master
    Part 6:  Potential problems: low correlation, divergent year-to-year changes, absent rings, outliers
    Part 7:  Descriptive statistics
    Part 8:  Undated series - adjustments for highest correlations

 RUN CONTROL OPTIONS SELECTED                             VALUE

         1  Cubic smoothing spline 50% wavelength cutoff for filtering
                                                            32 years
         2  Segments examined are                           50 years lagged successively by  25 years
         3  Autoregressive model applied                     A  Residuals are used in master dating series and testing
         4  Series transformed to logarithms                 Y  Each series log-transformed for master dating series and testing
         5  CORRELATION is Pearson (parametric, quantitative)
            Critical correlation, 99% confidence level   .3281
         6  Master dating series saved                       N
         7  Ring measurements listed                         N
         8  Parts printed                             12345678 
         9  Absent rings are omitted from master series and segment correlations  (Y)

 Time span of Master dating series is  1964 to  2009    46 years
 Continuous time span is               1964 to  2009    46 years
 Portion with two or more series is    1964 to  2009    46 years

 >> 0ZL14A      1975 absent in   1 of   12 series, but is not usually narrow: master index is  -.269

                                        ****************************************
                                        *C* Number of dated series        28 *C*
                                        *O* Master series 1964 2009   46 yrs *O*
                                        *F* Total rings in all series    807 *F*
                                        *E* Total dated rings checked    807 *E*
                                        *C* Series intercorrelation     .459 *C*
                                        *H* Average mean sensitivity    .246 *H*
                                        *A* Segments, possible problems    9 *A*
                                        *** Mean length of series       28.8 ***
                                        ****************************************

 ABSENT RINGS listed by SERIES:            (See Master Dating Series for absent rings listed by year)

 0ZL14A      1 absent rings:   1975

             1 absent rings    .124%
PART 2:  TIME PLOT OF TREE-RING SERIES: z                                                          11:34  Thu 19 Jan 2012  Page   2
------------------------------------------------------------------------------------------------------------------------------------
 1050 1100 1150 1200 1250 1300 1350 1400 1450 1500 1550 1600 1650 1700 1750 1800 1850 1900 1950 2000 2050 Ident   Seq Time-span  Yrs
   :    :    :    :    :    :    :    :    :    :    :    :    :    :    :    :    :    :    :    :    : -------- --- ---- ---- ----
   .    .    .    .    .    .    .    .    .    .    .    .    .    .    .    .    .    .    .   <>    . 0ZL01A     1 1994 2009   16
   .    .    .    .    .    .    .    .    .    .    .    .    .    .    .    .    .    .    .   <>    . 0ZL01B     2 1994 2009   16
   .    .    .    .    .    .    .    .    .    .    .    .    .    .    .    .    .    .    .   <>    . 0ZL02A     3 1993 2009   17
   .    .    .    .    .    .    .    .    .    .    .    .    .    .    .    .    .    .    .   <>    . 0ZL02B     4 1993 2009   17
   .    .    .    .    .    .    .    .    .    .    .    .    .    .    .    .    .    .    .   <>    . 0ZL03A     5 1991 2008   18
   .    .    .    .    .    .    .    .    .    .    .    .    .    .    .    .    .    .    .   <>    . 0ZL03B     6 1992 2009   18
   .    .    .    .    .    .    .    .    .    .    .    .    .    .    .    .    .    .    .   <>    . 0ZL04A     7 1990 2009   20
   .    .    .    .    .    .    .    .    .    .    .    .    .    .    .    .    .    .    .   <>    . 0ZL04B     8 1990 2009   20
   .    .    .    .    .    .    .    .    .    .    .    .    .    .    .    .    .    .    . <==>    . 0ZL05A     9 1972 2009   38
   .    .    .    .    .    .    .    .    .    .    .    .    .    .    .    .    .    .    . <==>    . 0ZL05B    10 1972 2009   38
   .    .    .    .    .    .    .    .    .    .    .    .    .    .    .    .    .    .    .<===>    . 0ZL06A    11 1964 2009   46
   .    .    .    .    .    .    .    .    .    .    .    .    .    .    .    .    .    .    .<===>    . 0ZL06B    12 1964 2009   46
   .    .    .    .    .    .    .    .    .    .    .    .    .    .    .    .    .    .    .  <=>    . 0ZL07A    13 1985 2009   25
   .    .    .    .    .    .    .    .    .    .    .    .    .    .    .    .    .    .    .   <>    . 0ZL07B    14 1990 2009   20
   .    .    .    .    .    .    .    .    .    .    .    .    .    .    .    .    .    .    .   <>    . 0ZL08A    15 1992 2009   18
   .    .    .    .    .    .    .    .    .    .    .    .    .    .    .    .    .    .    .   <>    . 0ZL08B    16 1993 2009   17
   .    .    .    .    .    .    .    .    .    .    .    .    .    .    .    .    .    .    .   <>    . 0ZL09A    17 1991 2009   19
   .    .    .    .    .    .    .    .    .    .    .    .    .    .    .    .    .    .    .  <=>    . 0ZL09B    18 1985 2009   25
   .    .    .    .    .    .    .    .    .    .    .    .    .    .    .    .    .    .    .  <=>    . 0ZL10A    19 1981 2007   27
   .    .    .    .    .    .    .    .    .    .    .    .    .    .    .    .    .    .    .  <=>    . 0ZL10B    20 1986 2008   23
   .    .    .    .    .    .    .    .    .    .    .    .    .    .    .    .    .    .    .<===>    . 0ZL11A    21 1968 2009   42
   .    .    .    .    .    .    .    .    .    .    .    .    .    .    .    .    .    .    .<===>    . 0ZL11B    22 1967 2009   43
   .    .    .    .    .    .    .    .    .    .    .    .    .    .    .    .    .    .    .<===>    . 0ZL12A    23 1968 2009   42
   .    .    .    .    .    .    .    .    .    .    .    .    .    .    .    .    .    .    .<===>    . 0ZL12B    24 1966 2009   44
   .    .    .    .    .    .    .    .    .    .    .    .    .    .    .    .    .    .    .<===>    . 0ZL13A    25 1968 2009   42
   .    .    .    .    .    .    .    .    .    .    .    .    .    .    .    .    .    .    .<==>.    . 0ZL13B    26 1969 1998   30
   .    .    .    .    .    .    .    .    .    .    .    .    .    .    .    .    .    .    .<===>    . 0ZL14A    27 1969 2009   41
   .    .    .    .    .    .    .    .    .    .    .    .    .    .    .    .    .    .    . <==>    . 0ZL14B    28 1971 2009   39
   :    :    :    :    :    :    :    :    :    :    :    :    :    :    :    :    :    :    :    :    :
 1050 1100 1150 1200 1250 1300 1350 1400 1450 1500 1550 1600 1650 1700 1750 1800 1850 1900 1950 2000 2050
   :    :    :    :    :    :    :    :    :    :    :    :    :    :    :    :    :    :    :    :    :
 1050 1100 1150 1200 1250 1300 1350 1400 1450 1500 1550 1600 1650 1700 1750 1800 1850 1900 1950 2000 2050
PART 3:  Master Dating Series: z                                                                   11:34  Thu 19 Jan 2012  Page   3
------------------------------------------------------------------------------------------------------------------------------------
  Year  Value  No Ab    Year  Value  No Ab    Year  Value  No Ab    Year  Value  No Ab    Year  Value  No Ab    Year  Value  No Ab
  ------------------    ------------------    ------------------    ------------------    ------------------    ------------------
                        2000   .848  27
                        2001  -.750  27
                        2002 -2.373  27
                        2003  -.688  27
                        2004  -.964  27
                        2005   .748  27
                        2006   .678  27
                        2007   .586  27
                        2008  -.233  26
                        2009   .231  24





  1964   .995   2
  1965  2.468   2
  1966   .292   3
  1967   .172   4
  1968 -2.623   7
  1969 -2.313   9

  1970  -.160   9
  1971   .881  10
  1972   .292  12
  1973  -.222  12
  1974   .465  12
  1975  -.269  12  1<<
  1976  -.372  12
  1977   .475  12
  1978   .618  12
  1979  1.162  12

  1980  1.772  12
  1981  1.120  13
  1982   .041  13
  1983  -.139  13
  1984  -.629  13
  1985 -1.088  15
  1986 -1.442  16
  1987  -.696  16
  1988 -1.298  16
  1989  -.464  16

  1990   .735  19
  1991   .617  21
  1992   .009  23
  1993  -.648  26
  1994  -.011  28
  1995   .705  28
  1996   .889  28
  1997   .519  28
  1998  -.208  28
  1999   .271  27
------------------------------------------------------------------------------------------------------------------------------------
PART 4:  Master Bar Plot: z                                                                        11:34  Thu 19 Jan 2012  Page   4
------------------------------------------------------------------------------------------------------------------------------------
   Year Rel value  Year Rel value  Year Rel value  Year Rel value  Year Rel value  Year Rel value  Year Rel value  Year Rel value
                   2000---------C
                   2001--c
                   2002i
                   2003--c
                   2004-d
                   2005--------C
                   2006--------C
                   2007-------B
                   2008---a
                   2009-----A




   1964---------D
   1965----------J
   1966------A
   1967-----A
   1968j
   1969i
   1970----a
   1971---------D
   1972------A
   1973---a
   1974-------B
   1975---a
   1976---a
   1977-------B
   1978-------B
   1979---------E
   1980----------G
   1981---------D
   1982-----@
   1983----a
   1984--c
   1985-d
   1986-f
   1987--c
   1988-e
   1989--b
   1990--------C
   1991-------B
   1992----@
   1993--c
   1994----@
   1995--------C
   1996---------D
   1997-------B
   1998---a
   1999------A
PART 5:  CORRELATION OF SERIES BY SEGMENTS: z                                                      11:34  Thu 19 Jan 2012  Page   5
------------------------------------------------------------------------------------------------------------------------------------
 Correlations of  50-year dated segments, lagged  25 years
 Flags:  A = correlation under   .3281 but highest as dated;  B = correlation higher at other than dated position

 Seq Series  Time_span   1950 1975
                         1999 2024
 --- -------- ---------  ---- ---- ---- ---- ---- ---- ---- ---- ---- ---- ---- ---- ---- ---- ---- ---- ---- ---- ---- ----
   1 0ZL01A   1994 2009        .56B
   2 0ZL01B   1994 2009        .72
   3 0ZL02A   1993 2009        .78
   4 0ZL02B   1993 2009        .54
   5 0ZL03A   1991 2008        .23B
   6 0ZL03B   1992 2009        .17B
   7 0ZL04A   1990 2009        .42
   8 0ZL04B   1990 2009        .48
   9 0ZL05A   1972 2009  -.02B
  10 0ZL05B   1972 2009  -.09B
  11 0ZL06A   1964 2009   .27A
  12 0ZL06B   1964 2009   .32A
  13 0ZL07A   1985 2009        .53
  14 0ZL07B   1990 2009        .26B
  15 0ZL08A   1992 2009        .68
  16 0ZL08B   1993 2009        .69
  17 0ZL09A   1991 2009        .67
  18 0ZL09B   1985 2009        .36
  19 0ZL10A   1981 2007        .08B
  20 0ZL10B   1986 2008        .49
  21 0ZL11A   1968 2009   .57
  22 0ZL11B   1967 2009   .73
  23 0ZL12A   1968 2009   .69
  24 0ZL12B   1966 2009   .68
  25 0ZL13A   1968 2009   .64
  26 0ZL13B   1969 1998   .48
  27 0ZL14A   1969 2009   .66
  28 0ZL14B   1971 2009   .70
 Av segment correlation   .47  .48
PART 6:  POTENTIAL PROBLEMS: z                                                                     11:34  Thu 19 Jan 2012  Page   5
------------------------------------------------------------------------------------------------------------------------------------

 For each series with potential problems the following diagnostics may appear:

 [A] Correlations with master dating series of flagged  50-year segments of series filtered with  32-year spline,
     at every point from ten years earlier (-10) to ten years later (+10) than dated

 [B] Effect of those data values which most lower or raise correlation with master series
     Symbol following year indicates value in series is greater (>) or lesser (<) than master series value

 [C] Year-to-year changes very different from the mean change in other series

 [D] Absent rings (zero values)

 [E] Values which are statistical outliers from mean for the year
====================================================================================================================================

 0ZL01A    1994 to  2009      16 years                                                                                    Series   1

 [A] Segment   High   -10   -9   -8   -7   -6   -5   -4   -3   -2   -1   +0   +1   +2   +3   +4   +5   +6   +7   +8   +9  +10
    ---------  ----   ---  ---  ---  ---  ---  ---  ---  ---  ---  ---  ---  ---  ---  ---  ---  ---  ---  ---  ---  ---  ---
    1994 2009   -1    .07  .14 -.14 -.04 -.11 -.31  .06 -.22 -.07  .65* .56|   -    -    -    -    -    -    -    -    -    -

 [B] Entire series, effect on correlation (  .559) is:
       Lower   2001> -.142   1998> -.049   1995< -.038   2005< -.017   1999< -.017   2009< -.012  Higher   2002  .413   1996  .021
     1994 to 2009 segment:
       Lower   2001> -.142   1998> -.049   1995< -.038   2005< -.017   1999< -.017   2009< -.012  Higher   2002  .413   1996  .021

====================================================================================================================================

 0ZL01B    1994 to  2009      16 years                                                                                    Series   2

 [B] Entire series, effect on correlation (  .722) is:
       Lower   2001> -.105   2005< -.019   1998> -.019   1997< -.015   1996< -.005   1999< -.005  Higher   2002  .132   2004  .012

====================================================================================================================================

 0ZL02A    1993 to  2009      17 years                                                                                    Series   3

 [B] Entire series, effect on correlation (  .783) is:
       Lower   1993> -.051   1998> -.030   2008> -.021   1996< -.015   1994< -.009   2005< -.005  Higher   2002  .134   2004  .022

====================================================================================================================================

 0ZL02B    1993 to  2009      17 years                                                                                    Series   4

 [B] Entire series, effect on correlation (  .535) is:
       Lower   2005< -.159   1998> -.072   1996< -.070   2007< -.014   2008> -.011   2003< -.009  Higher   2002  .235   2001  .098

====================================================================================================================================

 0ZL03A    1991 to  2008      18 years                                                                                    Series   5

 [A] Segment   High   -10   -9   -8   -7   -6   -5   -4   -3   -2   -1   +0   +1   +2   +3   +4   +5   +6   +7   +8   +9  +10
    ---------  ----   ---  ---  ---  ---  ---  ---  ---  ---  ---  ---  ---  ---  ---  ---  ---  ---  ---  ---  ---  ---  ---
    1991 2008  -10    .40*-.17 -.21 -.31 -.13  .22 -.17 -.29 -.23 -.14  .23| .13    -    -    -    -    -    -    -    -    -

 [B] Entire series, effect on correlation (  .233) is:
       Lower   2004> -.085   2002> -.053   1996< -.038   1991< -.013   1999< -.012   1993> -.008  Higher   2005  .063   2001  .061
     1991 to 2008 segment:
       Lower   2004> -.085   2002> -.053   1996< -.038   1991< -.013   1999< -.012   1993> -.008  Higher   2005  .063   2001  .061

====================================================================================================================================

 0ZL03B    1992 to  2009      18 years                                                                                    Series   6

 [A] Segment   High   -10   -9   -8   -7   -6   -5   -4   -3   -2   -1   +0   +1   +2   +3   +4   +5   +6   +7   +8   +9  +10
    ---------  ----   ---  ---  ---  ---  ---  ---  ---  ---  ---  ---  ---  ---  ---  ---  ---  ---  ---  ---  ---  ---  ---
    1992 2009   -1   -.16 -.30  .16  .12  .03 -.37 -.54  .03  .05  .19* .17|   -    -    -    -    -    -    -    -    -    -

 [B] Entire series, effect on correlation (  .172) is:
       Lower   2002> -.132   1999< -.099   1993> -.061   1998> -.033   2009< -.029   1994< -.023  Higher   2001  .305   1997  .038
     1992 to 2009 segment:
       Lower   2002> -.132   1999< -.099   1993> -.061   1998> -.033   2009< -.029   1994< -.023  Higher   2001  .305   1997  .038

====================================================================================================================================

 0ZL04A    1990 to  2009      20 years                                                                                    Series   7

 [B] Entire series, effect on correlation (  .423) is:
       Lower   1992< -.112   1998> -.060   1995< -.043   2002> -.041   1993> -.011   2006< -.009  Higher   2001  .118   2004  .088

====================================================================================================================================

 0ZL04B    1990 to  2009      20 years                                                                                    Series   8

 [B] Entire series, effect on correlation (  .479) is:
       Lower   1994< -.172   1998> -.082   2004> -.051   2003> -.010   2000< -.010   1997< -.005  Higher   2002  .201   2001  .039

====================================================================================================================================

 0ZL05A    1972 to  2009      38 years                                                                                    Series   9

 [A] Segment   High   -10   -9   -8   -7   -6   -5   -4   -3   -2   -1   +0   +1   +2   +3   +4   +5   +6   +7   +8   +9  +10
    ---------  ----   ---  ---  ---  ---  ---  ---  ---  ---  ---  ---  ---  ---  ---  ---  ---  ---  ---  ---  ---  ---  ---
    1972 2009   -3      -    -  .09 -.01  .06 -.16  .05  .12* .00 -.02 -.02|   -    -    -    -    -    -    -    -    -    -

 [B] Entire series, effect on correlation ( -.021) is:
       Lower   2000< -.178   1985> -.045   1984> -.029   2007< -.019   1990< -.017   1996< -.014  Higher   2002  .182   1980  .052
     1972 to 2009 segment:
       Lower   2000< -.178   1985> -.045   1984> -.029   2007< -.019   1990< -.017   1996< -.014  Higher   2002  .182   1980  .052

 [E] Outliers     2   3.0 SD above or -4.5 SD below mean for year
       1985 +3.6 SD;    2000 -4.7 SD
====================================================================================================================================

 0ZL05B    1972 to  2009      38 years                                                                                    Series  10

 [A] Segment   High   -10   -9   -8   -7   -6   -5   -4   -3   -2   -1   +0   +1   +2   +3   +4   +5   +6   +7   +8   +9  +10
    ---------  ----   ---  ---  ---  ---  ---  ---  ---  ---  ---  ---  ---  ---  ---  ---  ---  ---  ---  ---  ---  ---  ---
    1972 2009   -4      -    -  .04 -.06 -.06 -.22  .19* .09 -.01  .01 -.09|   -    -    -    -    -    -    -    -    -    -

 [B] Entire series, effect on correlation ( -.087) is:
       Lower   2000< -.133   1984> -.039   1985> -.029   1977< -.028   1991< -.022   1998> -.020  Higher   2002  .226   1980  .026
     1972 to 2009 segment:
       Lower   2000< -.133   1984> -.039   1985> -.029   1977< -.028   1991< -.022   1998> -.020  Higher   2002  .226   1980  .026

 [E] Outliers     2   3.0 SD above or -4.5 SD below mean for year
       1985 +3.5 SD;    2000 -4.8 SD
====================================================================================================================================

 0ZL06A    1964 to  2009      46 years                                                                                    Series  11

 [A] Segment   High   -10   -9   -8   -7   -6   -5   -4   -3   -2   -1   +0   +1   +2   +3   +4   +5   +6   +7   +8   +9  +10
    ---------  ----   ---  ---  ---  ---  ---  ---  ---  ---  ---  ---  ---  ---  ---  ---  ---  ---  ---  ---  ---  ---  ---
    1964 2009    0      -    -    -    -    -    -    -    -    -    -  .27*   -    -    -    -    -    -    -    -    -    -

 [B] Entire series, effect on correlation (  .270) is:
       Lower   2006< -.044   2001> -.036   1968> -.022   1976< -.021   2007< -.020   1986> -.011  Higher   1965  .041   1969  .023
     1964 to 2009 segment:
       Lower   2006< -.044   2001> -.036   1968> -.022   1976< -.021   2007< -.020   1986> -.011  Higher   1965  .041   1969  .023

====================================================================================================================================

 0ZL06B    1964 to  2009      46 years                                                                                    Series  12

 [A] Segment   High   -10   -9   -8   -7   -6   -5   -4   -3   -2   -1   +0   +1   +2   +3   +4   +5   +6   +7   +8   +9  +10
    ---------  ----   ---  ---  ---  ---  ---  ---  ---  ---  ---  ---  ---  ---  ---  ---  ---  ---  ---  ---  ---  ---  ---
    1964 2009    0      -    -    -    -    -    -    -    -    -    -  .32*   -    -    -    -    -    -    -    -    -    -

 [B] Entire series, effect on correlation (  .320) is:
       Lower   1998< -.020   1971< -.020   1976< -.016   1970< -.015   1978< -.012   2004> -.012  Higher   1965  .045   1968  .022
     1964 to 2009 segment:
       Lower   1998< -.020   1971< -.020   1976< -.016   1970< -.015   1978< -.012   2004> -.012  Higher   1965  .045   1968  .022

====================================================================================================================================

 0ZL07A    1985 to  2009      25 years                                                                                    Series  13

 [B] Entire series, effect on correlation (  .529) is:
       Lower   1988> -.121   1998> -.041   2008> -.032   1999< -.026   2006< -.021   1991< -.018  Higher   2002  .187   1990  .028

====================================================================================================================================

 0ZL07B    1990 to  2009      20 years                                                                                    Series  14

 [A] Segment   High   -10   -9   -8   -7   -6   -5   -4   -3   -2   -1   +0   +1   +2   +3   +4   +5   +6   +7   +8   +9  +10
    ---------  ----   ---  ---  ---  ---  ---  ---  ---  ---  ---  ---  ---  ---  ---  ---  ---  ---  ---  ---  ---  ---  ---
    1990 2009   -9    .16  .43* .26 -.01  .29  .08 -.33 -.24 -.05  .16  .26|   -    -    -    -    -    -    -    -    -    -

 [B] Entire series, effect on correlation (  .262) is:
       Lower   1994< -.235   1998> -.052   2004> -.032   1995< -.019   1991< -.016   2009< -.015  Higher   2002  .099   2005  .065
     1990 to 2009 segment:
       Lower   1994< -.235   1998> -.052   2004> -.032   1995< -.019   1991< -.016   2009< -.015  Higher   2002  .099   2005  .065

====================================================================================================================================

 0ZL08A    1992 to  2009      18 years                                                                                    Series  15

 [B] Entire series, effect on correlation (  .683) is:
       Lower   2002> -.136   1992> -.031   1999< -.025   1997< -.021   2003< -.010   1994> -.004  Higher   2001  .092   2004  .038

====================================================================================================================================

 0ZL08B    1993 to  2009      17 years                                                                                    Series  16

 [B] Entire series, effect on correlation (  .687) is:
       Lower   2002> -.194   1997< -.028   1999< -.016   2008> -.006   2003< -.002   2009< -.001  Higher   2001  .086   2004  .040

====================================================================================================================================

 0ZL09A    1991 to  2009      19 years                                                                                    Series  17

 [B] Entire series, effect on correlation (  .667) is:
       Lower   2002> -.099   2003< -.022   2004> -.015   2006< -.012   1998> -.005   1993> -.004  Higher   2005  .023   1995  .014

====================================================================================================================================

 0ZL09B    1985 to  2009      25 years                                                                                    Series  18

 [B] Entire series, effect on correlation (  .358) is:
       Lower   2009< -.121   1985> -.063   2002> -.047   1995< -.036   1988> -.016   1992< -.016  Higher   2001  .112   2005  .038

====================================================================================================================================

 0ZL10A    1981 to  2007      27 years                                                                                    Series  19

 [A] Segment   High   -10   -9   -8   -7   -6   -5   -4   -3   -2   -1   +0   +1   +2   +3   +4   +5   +6   +7   +8   +9  +10
    ---------  ----   ---  ---  ---  ---  ---  ---  ---  ---  ---  ---  ---  ---  ---  ---  ---  ---  ---  ---  ---  ---  ---
    1981 2007   -5    .15  .25  .17  .16 -.05  .27*-.19 -.21 -.41 -.05  .08| .25  .16    -    -    -    -    -    -    -    -

 [B] Entire series, effect on correlation (  .085) is:
       Lower   2007< -.106   1988> -.061   2004> -.046   1998> -.027   1996< -.025   1991< -.025  Higher   1990  .050   2001  .045
     1981 to 2007 segment:
       Lower   2007< -.106   1988> -.061   2004> -.046   1998> -.027   1996< -.025   1991< -.025  Higher   1990  .050   2001  .045

====================================================================================================================================

 0ZL10B    1986 to  2008      23 years                                                                                    Series  20

 [B] Entire series, effect on correlation (  .493) is:
       Lower   1988> -.146   1998> -.083   1997< -.034   1993> -.019   1991< -.012   2004> -.007  Higher   2002  .206   2001  .049

 [E] Outliers     1   3.0 SD above or -4.5 SD below mean for year
       1988 +3.2 SD
====================================================================================================================================

 0ZL11A    1968 to  2009      42 years                                                                                    Series  21

 [B] Entire series, effect on correlation (  .571) is:
       Lower   1968> -.057   2008< -.030   1990< -.016   1982< -.015   1998< -.014   1988< -.011  Higher   1969  .031   2005  .009

====================================================================================================================================

 0ZL11B    1967 to  2009      43 years                                                                                    Series  22

 [B] Entire series, effect on correlation (  .733) is:
       Lower   2008< -.035   2002> -.019   1990< -.015   2006< -.013   1973> -.010   1983> -.008  Higher   1968  .082   1969  .014

====================================================================================================================================

 0ZL12A    1968 to  2009      42 years                                                                                    Series  23

 [B] Entire series, effect on correlation (  .692) is:
       Lower   2002> -.036   1995< -.028   1981< -.024   1988< -.019   2004> -.017   2001> -.015  Higher   1968  .103   1969  .031

====================================================================================================================================

 0ZL12B    1966 to  2009      44 years                                                                                    Series  24

 [B] Entire series, effect on correlation (  .682) is:
       Lower   1969> -.041   1966> -.016   2008< -.014   2002> -.013   2009< -.012   1980< -.008  Higher   1968  .097   2001  .014

====================================================================================================================================

 0ZL13A    1968 to  2009      42 years                                                                                    Series  25

 [B] Entire series, effect on correlation (  .643) is:
       Lower   2004< -.044   2007< -.032   2009< -.027   1979< -.024   2008> -.022   2003> -.012  Higher   1968  .033   2002  .021

====================================================================================================================================

 0ZL13B    1969 to  1998      30 years                                                                                    Series  26

 [B] Entire series, effect on correlation (  .477) is:
       Lower   1979< -.283   1976> -.026   1988> -.014   1970< -.013   1992> -.012   1991< -.011  Higher   1969  .150   1980  .043

====================================================================================================================================

 0ZL14A    1969 to  2009      41 years                                                                                    Series  27

 [B] Entire series, effect on correlation (  .453) is:
       Lower   1975< -.209   2001> -.027   1969> -.019   1976> -.013   2005< -.012   2008> -.006  Higher   2002  .036   1988  .022

 [C] Year-to-year changes diverging by over 4.0 std deviations:
       1975 1976   4.4 SD

 [D]    1 Absent rings:  Year   Master  N series Absent
                         1975    -.269      12       1  >> WARNING:  Ring is not usually narrow

 [E] Outliers     1   3.0 SD above or -4.5 SD below mean for year
       1975 -6.4 SD
====================================================================================================================================

 0ZL14B    1971 to  2009      39 years                                                                                    Series  28

 [B] Entire series, effect on correlation (  .702) is:
       Lower   1984< -.033   1986> -.021   2005< -.020   1981< -.013   1976> -.008   1983> -.006  Higher   1988  .024   2002  .016

====================================================================================================================================
PART 7:  DESCRIPTIVE STATISTICS: z                                                                 11:34  Thu 19 Jan 2012  Page   6
------------------------------------------------------------------------------------------------------------------------------------

                                                Corr   //-------- Unfiltered --------\\  //---- Filtered -----\\
                           No.    No.    No.    with   Mean   Max     Std   Auto   Mean   Max     Std   Auto  AR
 Seq Series   Interval   Years  Segmt  Flags   Master  msmt   msmt    dev   corr   sens  value    dev   corr  ()
 --- -------- ---------  -----  -----  -----   ------ -----  -----  -----  -----  -----  -----  -----  -----  --
   1 0ZL01A   1994 2009     16      1      1    .559    .59   1.02   .176   .178   .323   2.46   .562   .001   1
   2 0ZL01B   1994 2009     16      1      0    .722    .76   1.45   .300   .661   .276   2.38   .540  -.019   1
   3 0ZL02A   1993 2009     17      1      0    .783   1.00   1.55   .368   .702   .223   2.62   .639   .063   2
   4 0ZL02B   1993 2009     17      1      0    .535   1.02   1.82   .386   .747   .232   2.81   .761   .201   2
   5 0ZL03A   1991 2008     18      1      1    .233    .51    .73   .121   .683   .141   2.48   .547  -.023   1
   6 0ZL03B   1992 2009     18      1      1    .172    .42    .57   .081   .523   .153   2.63   .698   .015   1
   7 0ZL04A   1990 2009     20      1      0    .423    .40    .67   .109   .411   .226   2.66   .710  -.107   1
   8 0ZL04B   1990 2009     20      1      0    .479    .51    .67   .105   .151   .215   2.64   .710   .069   1
   9 0ZL05A   1972 2009     38      1      1   -.021    .94   2.43   .606   .903   .272   2.54   .450  -.083   1
  10 0ZL05B   1972 2009     38      1      1   -.087    .87   2.02   .519   .875   .291   2.51   .475  -.050   1
  11 0ZL06A   1964 2009     46      1      1    .270    .37    .92   .176   .731   .254   2.98   .590   .081   1
  12 0ZL06B   1964 2009     46      1      1    .320    .38    .92   .209   .668   .305   2.69   .497  -.030   1
  13 0ZL07A   1985 2009     25      1      0    .529   2.37   3.61   .608   .636   .168   2.66   .614   .183   1
  14 0ZL07B   1990 2009     20      1      1    .262   2.27   3.23   .390   .422   .143   2.66   .575   .133   1
  15 0ZL08A   1992 2009     18      1      0    .683   1.73   2.52   .453   .433   .230   2.51   .829   .006   2
  16 0ZL08B   1993 2009     17      1      0    .687   1.81   2.64   .482   .643   .186   2.63   .636  -.116   2
  17 0ZL09A   1991 2009     19      1      0    .667   2.08   2.77   .327   .328   .137   2.37   .521   .029   2
  18 0ZL09B   1985 2009     25      1      0    .358   2.96   4.94   .890   .698   .191   2.71   .773  -.275   2
  19 0ZL10A   1981 2007     27      1      1    .085   2.93   3.96   .698   .380   .208   2.53   .632  -.102   1
  20 0ZL10B   1986 2008     23      1      0    .493   3.62   4.66   .622   .175   .161   2.62   .647   .140   1
  21 0ZL11A   1968 2009     42      1      0    .571   1.22   2.01   .360   .502   .222   2.62   .570  -.035   1
  22 0ZL11B   1967 2009     43      1      0    .733   1.34   2.38   .435   .619   .259   2.66   .616  -.005   1
  23 0ZL12A   1968 2009     42      1      0    .692   1.46   4.09   .665   .662   .236   2.84   .592   .113   2
  24 0ZL12B   1966 2009     44      1      0    .682   1.40   2.58   .645   .708   .283   2.46   .398   .081   1
  25 0ZL13A   1968 2009     42      1      0    .643   1.00   3.03   .698   .787   .339   2.52   .519  -.103   1
  26 0ZL13B   1969 1998     30      1      0    .477   1.14   3.12   .776   .770   .329   2.59   .626  -.108   1
  27 0ZL14A   1969 2009     41      1      0    .453   1.55   3.49   .589   .502   .327   2.43   .375  -.079   1
  28 0ZL14B   1971 2009     39      1      0    .702   1.64   2.80   .477   .645   .220   2.60   .586   .039   1
 --- -------- ---------  -----  -----  -----   ------ -----  -----  -----  -----  -----  -----  -----  -----  --
 Total or mean:            807     28      9    .459   1.33   4.94   .465   .610   .246   2.98   .573  -.003
PART 8:  ADJUSTMENTS FOR UNDATED SERIES: z                                                         11:34  Thu 19 Jan 2012  Page   7
------------------------------------------------------------------------------------------------------------------------------------

 Time span  1964  2009    46 years, best matches for  50-year segments lagged  25 years
 Listed in order from highest correlation

           Counted       Corr      Corr      Corr      Corr      Corr      Corr      Corr      Corr      Corr      Corr      Corr
 Series    Segment   Add  # 1  Add  # 2  Add  # 3  Add  # 4  Add  # 5  Add  # 6  Add  # 7  Add  # 8  Add  # 9  Add  #10  Add  #11
 -------- ---------  --------  --------  --------  --------  --------  --------  --------  --------  --------  --------  --------
 0ZD01A   1965 1997     0 .11    12 .11    -1 .09     1 .08     8 .04     2 .02     5 .02   --- ---   --- ---   --- ---   --- ---
===================  ========  ========  ========  ========  ========  ========  ========  ========  ========  ========  ========
           Counted       Corr      Corr      Corr      Corr      Corr      Corr      Corr      Corr      Corr      Corr      Corr
 Series    Segment   Add  # 1  Add  # 2  Add  # 3  Add  # 4  Add  # 5  Add  # 6  Add  # 7  Add  # 8  Add  # 9  Add  #10  Add  #11
 -------- ---------  --------  --------  --------  --------  --------  --------  --------  --------  --------  --------  --------
 0ZD01B   1965 1997     0 .41     5 .17     1 .12     7 .11     2 .08     6 .03    -1 .01   --- ---   --- ---   --- ---   --- ---
===================  ========  ========  ========  ========  ========  ========  ========  ========  ========  ========  ========
           Counted       Corr      Corr      Corr      Corr      Corr      Corr      Corr      Corr      Corr      Corr      Corr
 Series    Segment   Add  # 1  Add  # 2  Add  # 3  Add  # 4  Add  # 5  Add  # 6  Add  # 7  Add  # 8  Add  # 9  Add  #10  Add  #11
 -------- ---------  --------  --------  --------  --------  --------  --------  --------  --------  --------  --------  --------
 0ZD02A   1965 1995     0 .61     1 .31    -1 .18    14 .11     4 .10     2 .07    13 .01   --- ---   --- ---   --- ---   --- ---
===================  ========  ========  ========  ========  ========  ========  ========  ========  ========  ========  ========
           Counted       Corr      Corr      Corr      Corr      Corr      Corr      Corr      Corr      Corr      Corr      Corr
 Series    Segment   Add  # 1  Add  # 2  Add  # 3  Add  # 4  Add  # 5  Add  # 6  Add  # 7  Add  # 8  Add  # 9  Add  #10  Add  #11
 -------- ---------  --------  --------  --------  --------  --------  --------  --------  --------  --------  --------  --------
 0ZD02B   1965 1995     0 .44     1 .35     2 .25    -1 .19    14 .08     4 .01   --- ---   --- ---   --- ---   --- ---   --- ---
===================  ========  ========  ========  ========  ========  ========  ========  ========  ========  ========  ========
           Counted       Corr      Corr      Corr      Corr      Corr      Corr      Corr      Corr      Corr      Corr      Corr
 Series    Segment   Add  # 1  Add  # 2  Add  # 3  Add  # 4  Add  # 5  Add  # 6  Add  # 7  Add  # 8  Add  # 9  Add  #10  Add  #11
 -------- ---------  --------  --------  --------  --------  --------  --------  --------  --------  --------  --------  --------
 0ZD03A   1971 2010    -2 .33    -3 .20    -5 .04   --- ---   --- ---   --- ---   --- ---   --- ---   --- ---   --- ---   --- ---
===================  ========  ========  ========  ========  ========  ========  ========  ========  ========  ========  ========
           Counted       Corr      Corr      Corr      Corr      Corr      Corr      Corr      Corr      Corr      Corr      Corr
 Series    Segment   Add  # 1  Add  # 2  Add  # 3  Add  # 4  Add  # 5  Add  # 6  Add  # 7  Add  # 8  Add  # 9  Add  #10  Add  #11
 -------- ---------  --------  --------  --------  --------  --------  --------  --------  --------  --------  --------  --------
 0ZD04A   1968 2005     0 .37     1 .16    -1 .10    -2 .05   --- ---   --- ---   --- ---   --- ---   --- ---   --- ---   --- ---
===================  ========  ========  ========  ========  ========  ========  ========  ========  ========  ========  ========
           Counted       Corr      Corr      Corr      Corr      Corr      Corr      Corr      Corr      Corr      Corr      Corr
 Series    Segment   Add  # 1  Add  # 2  Add  # 3  Add  # 4  Add  # 5  Add  # 6  Add  # 7  Add  # 8  Add  # 9  Add  #10  Add  #11
 -------- ---------  --------  --------  --------  --------  --------  --------  --------  --------  --------  --------  --------
 0ZD04B   1968 2009     0 .10    -1 .08   --- ---   --- ---   --- ---   --- ---   --- ---   --- ---   --- ---   --- ---   --- ---
===================  ========  ========  ========  ========  ========  ========  ========  ========  ========  ========  ========
           Counted       Corr      Corr      Corr      Corr      Corr      Corr      Corr      Corr      Corr      Corr      Corr
 Series    Segment   Add  # 1  Add  # 2  Add  # 3  Add  # 4  Add  # 5  Add  # 6  Add  # 7  Add  # 8  Add  # 9  Add  #10  Add  #11
 -------- ---------  --------  --------  --------  --------  --------  --------  --------  --------  --------  --------  --------
 0ZD05A   1958 2003   --- ---   --- ---   --- ---   --- ---   --- ---   --- ---   --- ---   --- ---   --- ---   --- ---   --- ---
 0ZD05A   1961 2006  Lag from prior segment   3 years; insufficient
===================  ========  ========  ========  ========  ========  ========  ========  ========  ========  ========  ========
           Counted       Corr      Corr      Corr      Corr      Corr      Corr      Corr      Corr      Corr      Corr      Corr
 Series    Segment   Add  # 1  Add  # 2  Add  # 3  Add  # 4  Add  # 5  Add  # 6  Add  # 7  Add  # 8  Add  # 9  Add  #10  Add  #11
 -------- ---------  --------  --------  --------  --------  --------  --------  --------  --------  --------  --------  --------
 0ZD05B   1968 2004     0 .42     5 .29     1 .24     3 .04    -2 .00   --- ---   --- ---   --- ---   --- ---   --- ---   --- ---
===================  ========  ========  ========  ========  ========  ========  ========  ========  ========  ========  ========
           Counted       Corr      Corr      Corr      Corr      Corr      Corr      Corr      Corr      Corr      Corr      Corr
 Series    Segment   Add  # 1  Add  # 2  Add  # 3  Add  # 4  Add  # 5  Add  # 6  Add  # 7  Add  # 8  Add  # 9  Add  #10  Add  #11
 -------- ---------  --------  --------  --------  --------  --------  --------  --------  --------  --------  --------  --------
 0ZD06A   1968 2004     0 .17     2 .12    -1 .09   --- ---   --- ---   --- ---   --- ---   --- ---   --- ---   --- ---   --- ---
===================  ========  ========  ========  ========  ========  ========  ========  ========  ========  ========  ========
           Counted       Corr      Corr      Corr      Corr      Corr      Corr      Corr      Corr      Corr      Corr      Corr
 Series    Segment   Add  # 1  Add  # 2  Add  # 3  Add  # 4  Add  # 5  Add  # 6  Add  # 7  Add  # 8  Add  # 9  Add  #10  Add  #11
 -------- ---------  --------  --------  --------  --------  --------  --------  --------  --------  --------  --------  --------
 0ZD06B   1967 2003     4 .23     3 .10     2 .10     1 .07     0 .01   --- ---   --- ---   --- ---   --- ---   --- ---   --- ---
===================  ========  ========  ========  ========  ========  ========  ========  ========  ========  ========  ========
           Counted       Corr      Corr      Corr      Corr      Corr      Corr      Corr      Corr      Corr      Corr      Corr
 Series    Segment   Add  # 1  Add  # 2  Add  # 3  Add  # 4  Add  # 5  Add  # 6  Add  # 7  Add  # 8  Add  # 9  Add  #10  Add  #11
 -------- ---------  --------  --------  --------  --------  --------  --------  --------  --------  --------  --------  --------
 0ZD07A   1973 2006     2 .30     3 .30     0 .24    -1 .12     1 .06    -4 .06    -5 .05    -7 .04   --- ---   --- ---   --- ---
===================  ========  ========  ========  ========  ========  ========  ========  ========  ========  ========  ========
           Counted       Corr      Corr      Corr      Corr      Corr      Corr      Corr      Corr      Corr      Corr      Corr
 Series    Segment   Add  # 1  Add  # 2  Add  # 3  Add  # 4  Add  # 5  Add  # 6  Add  # 7  Add  # 8  Add  # 9  Add  #10  Add  #11
 -------- ---------  --------  --------  --------  --------  --------  --------  --------  --------  --------  --------  --------
 0ZD07B   1973 2002     0 .35    -4 .29     2 .25    -1 .21    -9 .12     6 .10    -5 .08     5 .06     4 .04     1 .01   --- ---
===================  ========  ========  ========  ========  ========  ========  ========  ========  ========  ========  ========
           Counted       Corr      Corr      Corr      Corr      Corr      Corr      Corr      Corr      Corr      Corr      Corr
 Series    Segment   Add  # 1  Add  # 2  Add  # 3  Add  # 4  Add  # 5  Add  # 6  Add  # 7  Add  # 8  Add  # 9  Add  #10  Add  #11
 -------- ---------  --------  --------  --------  --------  --------  --------  --------  --------  --------  --------  --------
 0ZD08A   1986 2003     0 .48     1 .39   -18 .36   -19 .30   -17 .29   -14 .23   -16 .19    -5 .19   -15 .16     6 .15   -10 .14
===================  ========  ========  ========  ========  ========  ========  ========  ========  ========  ========  ========
           Counted       Corr      Corr      Corr      Corr      Corr      Corr      Corr      Corr      Corr      Corr      Corr
 Series    Segment   Add  # 1  Add  # 2  Add  # 3  Add  # 4  Add  # 5  Add  # 6  Add  # 7  Add  # 8  Add  # 9  Add  #10  Add  #11
 -------- ---------  --------  --------  --------  --------  --------  --------  --------  --------  --------  --------  --------
 0ZD08B   1986 2003    -6 .33     0 .31   -16 .30   -10 .29    -5 .27    -4 .21     4 .21   -19 .18     6 .16     3 .14   -20 .14
===================  ========  ========  ========  ========  ========  ========  ========  ========  ========  ========  ========
           Counted       Corr      Corr      Corr      Corr      Corr      Corr      Corr      Corr      Corr      Corr      Corr
 Series    Segment   Add  # 1  Add  # 2  Add  # 3  Add  # 4  Add  # 5  Add  # 6  Add  # 7  Add  # 8  Add  # 9  Add  #10  Add  #11
 -------- ---------  --------  --------  --------  --------  --------  --------  --------  --------  --------  --------  --------
 0ZD09A   1973 2009     0 .39    -7 .17    -8 .15    -1 .05    -3 .04   --- ---   --- ---   --- ---   --- ---   --- ---   --- ---
===================  ========  ========  ========  ========  ========  ========  ========  ========  ========  ========  ========
           Counted       Corr      Corr      Corr      Corr      Corr      Corr      Corr      Corr      Corr      Corr      Corr
 Series    Segment   Add  # 1  Add  # 2  Add  # 3  Add  # 4  Add  # 5  Add  # 6  Add  # 7  Add  # 8  Add  # 9  Add  #10  Add  #11
 -------- ---------  --------  --------  --------  --------  --------  --------  --------  --------  --------  --------  --------
 0ZD09B   1973 2009    -6 .19    -5 .08    -4 .03   --- ---   --- ---   --- ---   --- ---   --- ---   --- ---   --- ---   --- ---
===================  ========  ========  ========  ========  ========  ========  ========  ========  ========  ========  ========
       17 undated series

                                              - = [  COFECHA Z    COF  ] = -
