[]  Dendrochronology Program Library                                        Run PP     Program COF  21:51  Mon 07 Nov 2011  Page   1
[]
[]  P R O G R A M      C O F E C H A                                                                          Version 6.06P    28071
------------------------------------------------------------------------------------------------------------------------------------

 QUALITY CONTROL AND DATING CHECK OF TREE-RING MEASUREMENTS

 Title of run:           pp                                      

 File of DATED series:   PPL.raw

 File of UNDATED series: PPD.raw

 CONTENTS:

    Part 1:  Title page, options selected, summary, absent rings by series
    Part 2:  Histogram of time spans
    Part 3:  Master series with sample depth and absent rings by year
    Part 4:  Bar plot of Master Dating Series
    Part 5:  Correlation by segment of each series with Master
    Part 6:  Potential problems: low correlation, divergent year-to-year changes, absent rings, outliers
    Part 7:  Descriptive statistics
    Part 8:  Undated series - adjustments for highest correlations

 RUN CONTROL OPTIONS SELECTED                             VALUE

         1  Cubic smoothing spline 50% wavelength cutoff for filtering
                                                            32 years
         2  Segments examined are                           50 years lagged successively by  25 years
         3  Autoregressive model applied                     A  Residuals are used in master dating series and testing
         4  Series transformed to logarithms                 Y  Each series log-transformed for master dating series and testing
         5  CORRELATION is Pearson (parametric, quantitative)
            Critical correlation, 99% confidence level   .3281
         6  Master dating series saved                       N
         7  Ring measurements listed                         N
         8  Parts printed                             12345678 
         9  Absent rings are omitted from master series and segment correlations  (Y)

 Time span of Master dating series is  1949 to  2011    63 years
 Continuous time span is               1949 to  2011    63 years
 Portion with two or more series is    1949 to  2011    63 years

 >> PPL01B      2008 absent in   1 of   30 series, but is not usually narrow: master index is   .147
 >> PPL01B      2009 absent in   1 of   30 series, but is not usually narrow: master index is   .500
 >> PPL02B      1977 absent in   1 of   30 series, but is not usually narrow: master index is   .963
 >> PPL07B      1964 absent in   1 of   21 series, but is not usually narrow: master index is  -.132

                                        ****************************************
                                        *C* Number of dated series        30 *C*
                                        *O* Master series 1949 2011   63 yrs *O*
                                        *F* Total rings in all series   1642 *F*
                                        *E* Total dated rings checked   1642 *E*
                                        *C* Series intercorrelation     .665 *C*
                                        *H* Average mean sensitivity    .289 *H*
                                        *A* Segments, possible problems    2 *A*
                                        *** Mean length of series       54.7 ***
                                        ****************************************

 ABSENT RINGS listed by SERIES:            (See Master Dating Series for absent rings listed by year)

 PPL01B      3 absent rings:   2008  2009  2010
 PPL02B      1 absent rings:   1977
 PPL07B      1 absent rings:   1964

             5 absent rings    .305%
PART 2:  TIME PLOT OF TREE-RING SERIES: pp                                                         21:51  Mon 07 Nov 2011  Page   2
------------------------------------------------------------------------------------------------------------------------------------
 1050 1100 1150 1200 1250 1300 1350 1400 1450 1500 1550 1600 1650 1700 1750 1800 1850 1900 1950 2000 2050 Ident   Seq Time-span  Yrs
   :    :    :    :    :    :    :    :    :    :    :    :    :    :    :    :    :    :    :    :    : -------- --- ---- ---- ----
   .    .    .    .    .    .    .    .    .    .    .    .    .    .    .    .    .    .    <=====>   . PPL01A     1 1955 2011   57
   .    .    .    .    .    .    .    .    .    .    .    .    .    .    .    .    .    .    <=====>   . PPL01B     2 1955 2010   56
   .    .    .    .    .    .    .    .    .    .    .    .    .    .    .    .    .    .    <=====>   . PPL02A     3 1950 2011   62
   .    .    .    .    .    .    .    .    .    .    .    .    .    .    .    .    .    .    <=====>   . PPL02B     4 1950 2011   62
   .    .    .    .    .    .    .    .    .    .    .    .    .    .    .    .    .    .    <=====>   . PPL03A     5 1951 2011   61
   .    .    .    .    .    .    .    .    .    .    .    .    .    .    .    .    .    .    <=====>   . PPL03B     6 1951 2011   61
   .    .    .    .    .    .    .    .    .    .    .    .    .    .    .    .    .    .    <=====>   . PPL04A     7 1950 2011   62
   .    .    .    .    .    .    .    .    .    .    .    .    .    .    .    .    .    .    <=====>   . PPL04B     8 1950 2011   62
   .    .    .    .    .    .    .    .    .    .    .    .    .    .    .    .    .    .   <======>   . PPL05A     9 1949 2011   63
   .    .    .    .    .    .    .    .    .    .    .    .    .    .    .    .    .    .   <======>   . PPL05B    10 1949 2011   63
   .    .    .    .    .    .    .    .    .    .    .    .    .    .    .    .    .    .    <=====>   . PPL06A    11 1951 2011   61
   .    .    .    .    .    .    .    .    .    .    .    .    .    .    .    .    .    .    <=====>   . PPL06B    12 1951 2011   61
   .    .    .    .    .    .    .    .    .    .    .    .    .    .    .    .    .    .    <=====>   . PPL07A    13 1951 2011   61
   .    .    .    .    .    .    .    .    .    .    .    .    .    .    .    .    .    .    <=====>   . PPL07B    14 1951 2011   61
   .    .    .    .    .    .    .    .    .    .    .    .    .    .    .    .    .    .    <=====>   . PPL08A    15 1950 2011   62
   .    .    .    .    .    .    .    .    .    .    .    .    .    .    .    .    .    .    <=====>   . PPL08B    16 1950 2011   62
   .    .    .    .    .    .    .    .    .    .    .    .    .    .    .    .    .    .    <=====>   . PPL09A    17 1950 2011   62
   .    .    .    .    .    .    .    .    .    .    .    .    .    .    .    .    .    .    <=====>   . PPL09B    18 1950 2011   62
   .    .    .    .    .    .    .    .    .    .    .    .    .    .    .    .    .    .    <=====>   . PPL10A    19 1951 2011   61
   .    .    .    .    .    .    .    .    .    .    .    .    .    .    .    .    .    .    <=====>   . PPL10B    20 1951 2011   61
   .    .    .    .    .    .    .    .    .    .    .    .    .    .    .    .    .    .    .<====>   . PPL11A    21 1965 2011   47
   .    .    .    .    .    .    .    .    .    .    .    .    .    .    .    .    .    .    <=====>   . PPL11B    22 1959 2011   53
   .    .    .    .    .    .    .    .    .    .    .    .    .    .    .    .    .    .    . <===>   . PPL12A    23 1975 2011   37
   .    .    .    .    .    .    .    .    .    .    .    .    .    .    .    .    .    .    .<====>   . PPL12B    24 1969 2011   43
   .    .    .    .    .    .    .    .    .    .    .    .    .    .    .    .    .    .    . <===>   . PPL13A    25 1970 2011   42
   .    .    .    .    .    .    .    .    .    .    .    .    .    .    .    .    .    .    . <===>   . PPL13B    26 1974 2011   38
   .    .    .    .    .    .    .    .    .    .    .    .    .    .    .    .    .    .    . <===>   . PPL14B    27 1970 2011   42
   .    .    .    .    .    .    .    .    .    .    .    .    .    .    .    .    .    .    .<====>   . PPL14A    28 1969 2011   43
   .    .    .    .    .    .    .    .    .    .    .    .    .    .    .    .    .    .    . <===>   . PPL15A    29 1977 2011   35
   .    .    .    .    .    .    .    .    .    .    .    .    .    .    .    .    .    .    . <===>   . PPL15B    30 1973 2011   39
   :    :    :    :    :    :    :    :    :    :    :    :    :    :    :    :    :    :    :    :    :
 1050 1100 1150 1200 1250 1300 1350 1400 1450 1500 1550 1600 1650 1700 1750 1800 1850 1900 1950 2000 2050
   :    :    :    :    :    :    :    :    :    :    :    :    :    :    :    :    :    :    :    :    :
 1050 1100 1150 1200 1250 1300 1350 1400 1450 1500 1550 1600 1650 1700 1750 1800 1850 1900 1950 2000 2050
PART 3:  Master Dating Series: pp                                                                  21:51  Mon 07 Nov 2011  Page   3
------------------------------------------------------------------------------------------------------------------------------------
  Year  Value  No Ab    Year  Value  No Ab    Year  Value  No Ab    Year  Value  No Ab    Year  Value  No Ab    Year  Value  No Ab
  ------------------    ------------------    ------------------    ------------------    ------------------    ------------------
                        1950 -1.581  10       2000   .743  30
                        1951  -.188  18       2001   .204  30
                        1952   .136  18       2002  2.184  30
                        1953  1.151  18       2003  1.443  30
                        1954  1.523  18       2004  -.137  30
                        1955   .511  20       2005 -1.878  30
                        1956   .250  20       2006   .043  30
                        1957   .451  20       2007  1.453  30
                        1958   .016  20       2008   .147  30  1<<
                        1959   .001  21       2009   .500  30  1<<

                        1960  -.072  21       2010  -.567  30  1
                        1961   .366  21       2011  -.751  29
                        1962 -1.190  21
                        1963  -.361  21
                        1964  -.132  21  1<<
                        1965   .241  22
                        1966  -.006  22
                        1967   .576  22
                        1968  -.946  22
                        1969  -.314  24

                        1970  -.082  26
                        1971  -.832  26
                        1972  -.641  26
                        1973 -1.542  27
                        1974  -.145  28
                        1975   .693  29
                        1976  1.562  29
                        1977   .963  30  1<<
                        1978  1.701  30
                        1979  1.168  30

                        1980   .985  30
                        1981  -.136  30
                        1982  -.997  30
                        1983 -2.272  30
                        1984 -1.302  30
                        1985  -.702  30
                        1986  -.002  30
                        1987   .756  30
                        1988   .516  30
                        1989  1.130  30

                        1990   .667  30
                        1991 -1.554  30
                        1992  1.322  30
                        1993   .620  30
                        1994  -.349  30
                        1995   .535  30
                        1996 -2.580  30
                        1997  -.790  30
                        1998  -.624  30
  1949 -1.655   2       1999  -.228  30
------------------------------------------------------------------------------------------------------------------------------------
PART 4:  Master Bar Plot: pp                                                                       21:51  Mon 07 Nov 2011  Page   4
------------------------------------------------------------------------------------------------------------------------------------
   Year Rel value  Year Rel value  Year Rel value  Year Rel value  Year Rel value  Year Rel value  Year Rel value  Year Rel value
                   1950f           2000--------C
                   1951----a       2001------A
                   1952------A     2002----------I
                   1953---------E  2003----------F
                   1954----------F 2004----a
                   1955-------B    2005h
                   1956------A     2006-----@
                   1957-------B    2007----------F
                   1958-----@      2008------A
                   1959-----@      2009-------B
                   1960----@       2010--b
                   1961------A     2011--c
                   1962-e
                   1963---a
                   1964----a
                   1965------A
                   1966-----@
                   1967-------B
                   1968-d
                   1969---a
                   1970----@
                   1971--c
                   1972--c
                   1973f
                   1974----a
                   1975--------C
                   1976----------F
                   1977---------D
                   1978----------G
                   1979---------E
                   1980---------D
                   1981----a
                   1982-d
                   1983i
                   1984-e
                   1985--c
                   1986-----@
                   1987--------C
                   1988-------B
                   1989---------E
                   1990--------C
                   1991f
                   1992---------E
                   1993-------B
                   1994---a
                   1995-------B
                   1996j
                   1997--c
                   1998--b
   1949g           1999---a
PART 5:  CORRELATION OF SERIES BY SEGMENTS: pp                                                     21:51  Mon 07 Nov 2011  Page   5
------------------------------------------------------------------------------------------------------------------------------------
 Correlations of  50-year dated segments, lagged  25 years
 Flags:  A = correlation under   .3281 but highest as dated;  B = correlation higher at other than dated position

 Seq Series  Time_span   1925 1950 1975
                         1974 1999 2024
 --- -------- ---------  ---- ---- ---- ---- ---- ---- ---- ---- ---- ---- ---- ---- ---- ---- ---- ---- ---- ---- ---- ----
   1 PPL01A   1955 2011        .32A .29A
   2 PPL01B   1955 2010        .45  .57
   3 PPL02A   1950 2011        .63  .71
   4 PPL02B   1950 2011        .62  .72
   5 PPL03A   1951 2011        .48  .72
   6 PPL03B   1951 2011        .43  .64
   7 PPL04A   1950 2011        .75  .80
   8 PPL04B   1950 2011        .82  .85
   9 PPL05A   1949 2011   .68  .66  .74
  10 PPL05B   1949 2011   .61  .60  .68
  11 PPL06A   1951 2011        .48  .72
  12 PPL06B   1951 2011        .57  .77
  13 PPL07A   1951 2011        .64  .74
  14 PPL07B   1951 2011        .57  .63
  15 PPL08A   1950 2011        .76  .79
  16 PPL08B   1950 2011        .76  .80
  17 PPL09A   1950 2011        .80  .80
  18 PPL09B   1950 2011        .78  .72
  19 PPL10A   1951 2011        .61  .69
  20 PPL10B   1951 2011        .77  .83
  21 PPL11A   1965 2011        .84
  22 PPL11B   1959 2011        .80  .81
  23 PPL12A   1975 2011             .87
  24 PPL12B   1969 2011        .74
  25 PPL13A   1970 2011        .58
  26 PPL13B   1974 2011        .85
  27 PPL14B   1970 2011        .83
  28 PPL14A   1969 2011        .79
  29 PPL15A   1977 2011             .72
  30 PPL15B   1973 2011        .77
 Av segment correlation   .64  .67  .72
PART 6:  POTENTIAL PROBLEMS: pp                                                                    21:51  Mon 07 Nov 2011  Page   5
------------------------------------------------------------------------------------------------------------------------------------

 For each series with potential problems the following diagnostics may appear:

 [A] Correlations with master dating series of flagged  50-year segments of series filtered with  32-year spline,
     at every point from ten years earlier (-10) to ten years later (+10) than dated

 [B] Effect of those data values which most lower or raise correlation with master series
     Symbol following year indicates value in series is greater (>) or lesser (<) than master series value

 [C] Year-to-year changes very different from the mean change in other series

 [D] Absent rings (zero values)

 [E] Values which are statistical outliers from mean for the year
====================================================================================================================================

 PPL01A    1955 to  2011      57 years                                                                                    Series   1

 [A] Segment   High   -10   -9   -8   -7   -6   -5   -4   -3   -2   -1   +0   +1   +2   +3   +4   +5   +6   +7   +8   +9  +10
    ---------  ----   ---  ---  ---  ---  ---  ---  ---  ---  ---  ---  ---  ---  ---  ---  ---  ---  ---  ---  ---  ---  ---
    1955 2004    0      -    -    -    - -.06 -.16 -.09 -.07  .13  .13  .32* .23  .13  .09 -.39 -.09 -.09 -.30    -    -    -
    1962 2011    0   -.02 -.09 -.03 -.08  .10 -.33 -.09  .12  .06  .09  .29*   -    -    -    -    -    -    -    -    -    -

 [B] Entire series, effect on correlation (  .221) is:
       Lower   2005> -.045   1960< -.038   2007< -.029   2010> -.018   1958> -.017   1962> -.017  Higher   1996  .073   1992  .038
     1955 to 2004 segment:
       Lower   1960< -.067   1958> -.025   1962> -.023   2002< -.020   1997< -.017   2001> -.015  Higher   1996  .069   1992  .040
     1962 to 2011 segment:
       Lower   2005> -.056   2007< -.038   2010> -.024   1962> -.020   1997< -.020   2002< -.019  Higher   1996  .085   1992  .042

 [E] Outliers     1   3.0 SD above or -4.5 SD below mean for year
       2005 +3.5 SD
====================================================================================================================================

 PPL01B    1955 to  2010      56 years                                                                                    Series   2

 [B] Entire series, effect on correlation (  .446) is:
       Lower   1960< -.049   1958> -.030   2004> -.028   1973> -.021   2002< -.019   2000< -.014  Higher   1996  .067   1992  .033

 [D]    3 Absent rings:  Year   Master  N series Absent
                         2008     .147      30       1  >> WARNING:  Ring is not usually narrow
                         2009     .500      30       1  >> WARNING:  Ring is not usually narrow
                         2010    -.567      30       1
  >> WARNING:  Last ring in series is ABSENT

====================================================================================================================================

 PPL02A    1950 to  2011      62 years                                                                                    Series   3

 [B] Entire series, effect on correlation (  .624) is:
       Lower   1950> -.035   1976< -.021   1974< -.017   1956> -.017   1951< -.015   2010> -.011  Higher   1991  .041   1996  .041

 [E] Outliers     1   3.0 SD above or -4.5 SD below mean for year
       1956 +3.0 SD
====================================================================================================================================

 PPL02B    1950 to  2011      62 years                                                                                    Series   4

 [B] Entire series, effect on correlation (  .449) is:
       Lower   1977< -.179   1958< -.023   2011> -.019   1950> -.010   1991> -.006   2009< -.005  Higher   1996  .037   2002  .032

 [D]    1 Absent rings:  Year   Master  N series Absent
                         1977     .963      30       1  >> WARNING:  Ring is not usually narrow

 [E] Outliers     1   3.0 SD above or -4.5 SD below mean for year
       1977 -7.0 SD
====================================================================================================================================

 PPL03A    1951 to  2011      61 years                                                                                    Series   5

 [B] Entire series, effect on correlation (  .528) is:
       Lower   1952< -.167   1988< -.023   1983> -.018   2005> -.017   1989< -.011   1963> -.008  Higher   1996  .097   2002  .020

 [E] Outliers     1   3.0 SD above or -4.5 SD below mean for year
       1952 -5.3 SD
====================================================================================================================================

 PPL03B    1951 to  2011      61 years                                                                                    Series   6

 [B] Entire series, effect on correlation (  .463) is:
       Lower   1953< -.117   1990< -.018   2005> -.016   1974< -.015   1951> -.014   1989< -.014  Higher   1996  .143   2002  .022

 [E] Outliers     1   3.0 SD above or -4.5 SD below mean for year
       1953 -4.7 SD
====================================================================================================================================

 PPL04A    1950 to  2011      62 years                                                                                    Series   7

 [B] Entire series, effect on correlation (  .776) is:
       Lower   1962> -.030   1964< -.019   1978< -.014   1958> -.013   1957> -.012   1961< -.009  Higher   1996  .065   1991  .016

====================================================================================================================================

 PPL04B    1950 to  2011      62 years                                                                                    Series   8

 [B] Entire series, effect on correlation (  .807) is:
       Lower   1963> -.019   1955< -.012   2005> -.008   1958> -.008   1957> -.006   1959> -.006  Higher   1996  .041   1991  .019

====================================================================================================================================

 PPL05A    1949 to  2011      63 years                                                                                    Series   9

 [B] Entire series, effect on correlation (  .696) is:
       Lower   1963< -.115   1950> -.031   1955< -.010   2003< -.009   1960> -.007   1964< -.007  Higher   1996  .065   1991  .015

 [C] Year-to-year changes diverging by over 4.0 std deviations:
       1962 1963  -4.1 SD

 [E] Outliers     1   3.0 SD above or -4.5 SD below mean for year
       1963 -6.1 SD
====================================================================================================================================

 PPL05B    1949 to  2011      63 years                                                                                    Series  10

 [B] Entire series, effect on correlation (  .645) is:
       Lower   1963< -.124   1960> -.017   1957< -.009   1950> -.009   1964< -.008   1955< -.007  Higher   1996  .069   1991  .022

 [E] Outliers     1   3.0 SD above or -4.5 SD below mean for year
       1963 -5.7 SD
====================================================================================================================================

 PPL06A    1951 to  2011      61 years                                                                                    Series  11

 [B] Entire series, effect on correlation (  .528) is:
       Lower   1958< -.133   1961< -.025   1996> -.014   1963> -.013   1987< -.010   2009< -.009  Higher   2002  .035   1991  .033

====================================================================================================================================

 PPL06B    1951 to  2011      61 years                                                                                    Series  12

 [B] Entire series, effect on correlation (  .592) is:
       Lower   1958< -.124   1961< -.018   2005> -.007   1954< -.007   1960> -.006   1990< -.005  Higher   1991  .032   2002  .024

 [E] Outliers     1   3.0 SD above or -4.5 SD below mean for year
       1958 -4.7 SD
====================================================================================================================================

 PPL07A    1951 to  2011      61 years                                                                                    Series  13

 [B] Entire series, effect on correlation (  .681) is:
       Lower   1963< -.036   1951< -.033   1958> -.013   1987< -.009   2003< -.008   1970> -.007  Higher   1996  .030   1983  .025

====================================================================================================================================

 PPL07B    1951 to  2011      61 years                                                                                    Series  14

 [B] Entire series, effect on correlation (  .607) is:
       Lower   1963< -.076   1993< -.020   1964< -.015   1958> -.013   1990< -.010   1973> -.009  Higher   2002  .022   1991  .017

 [D]    1 Absent rings:  Year   Master  N series Absent
                         1964    -.132      21       1  >> WARNING:  Ring is not usually narrow

 [E] Outliers     1   3.0 SD above or -4.5 SD below mean for year
       1964 -5.8 SD
====================================================================================================================================

 PPL08A    1950 to  2011      62 years                                                                                    Series  15

 [B] Entire series, effect on correlation (  .767) is:
       Lower   1991> -.030   1964> -.015   1958> -.012   1959< -.008   1952> -.007   1953< -.007  Higher   1996  .084   1950  .013

====================================================================================================================================

 PPL08B    1950 to  2011      62 years                                                                                    Series  16

 [B] Entire series, effect on correlation (  .754) is:
       Lower   1956< -.022   1963> -.020   2000< -.011   1986< -.011   1989< -.010   1953< -.010  Higher   1996  .081   1991  .014

====================================================================================================================================

 PPL09A    1950 to  2011      62 years                                                                                    Series  17

 [B] Entire series, effect on correlation (  .769) is:
       Lower   2001< -.025   1961> -.016   2005> -.014   1960> -.009   1983> -.009   1972< -.007  Higher   1996  .074   1991  .014

 [E] Outliers     1   3.0 SD above or -4.5 SD below mean for year
       1961 +3.1 SD
====================================================================================================================================

 PPL09B    1950 to  2011      62 years                                                                                    Series  18

 [B] Entire series, effect on correlation (  .711) is:
       Lower   1991> -.052   2011< -.037   2008< -.019   2005> -.013   2003< -.008   1960> -.008  Higher   1996  .079   2002  .017

====================================================================================================================================

 PPL10A    1951 to  2011      61 years                                                                                    Series  19

 [B] Entire series, effect on correlation (  .624) is:
       Lower   1977< -.040   1955< -.020   1963> -.020   2006< -.018   1989< -.015   1951> -.013  Higher   1996  .047   1991  .040

====================================================================================================================================

 PPL10B    1951 to  2011      61 years                                                                                    Series  20

 [B] Entire series, effect on correlation (  .780) is:
       Lower   1959< -.024   1963> -.021   1983> -.014   1977< -.014   2008> -.012   1960> -.010  Higher   1996  .086   1991  .017

====================================================================================================================================

 PPL11A    1965 to  2011      47 years                                                                                    Series  21

 [B] Entire series, effect on correlation (  .838) is:
       Lower   2011> -.027   1977< -.010   1970< -.009   1981> -.008   2006< -.006   1993< -.005  Higher   1991  .014   1983  .010

====================================================================================================================================

 PPL11B    1959 to  2011      53 years                                                                                    Series  22

 [B] Entire series, effect on correlation (  .791) is:
       Lower   1960< -.017   1963> -.017   2006< -.015   2007< -.009   1990> -.006   2010> -.004  Higher   1991  .017   2005  .014

====================================================================================================================================

 PPL12A    1975 to  2011      37 years                                                                                    Series  23

 [B] Entire series, effect on correlation (  .866) is:
       Lower   1976< -.022   1991> -.011   2011> -.007   1975< -.006   2005< -.005   1998> -.005  Higher   1996  .039   1983  .012

====================================================================================================================================

 PPL12B    1969 to  2011      43 years                                                                                    Series  24

 [B] Entire series, effect on correlation (  .737) is:
       Lower   1970< -.037   1995< -.014   1991> -.009   2006< -.007   1985> -.006   1972> -.006  Higher   2005  .023   2002  .023

====================================================================================================================================

 PPL13A    1970 to  2011      42 years                                                                                    Series  25

 [B] Entire series, effect on correlation (  .584) is:
       Lower   1975< -.143   1970< -.016   1972> -.016   1971> -.015   1995< -.014   1974> -.008  Higher   1991  .043   2005  .043

====================================================================================================================================

 PPL13B    1974 to  2011      38 years                                                                                    Series  26

 [B] Entire series, effect on correlation (  .848) is:
       Lower   2011> -.032   1975< -.022   1979< -.011   1985> -.009   2006< -.008   1974> -.004  Higher   1996  .077   2005  .015

====================================================================================================================================

 PPL14B    1970 to  2011      42 years                                                                                    Series  27

 [B] Entire series, effect on correlation (  .834) is:
       Lower   1979< -.027   1972> -.013   2005< -.010   1974> -.009   1980< -.005   1978< -.005  Higher   1996  .029   2002  .015

====================================================================================================================================

 PPL14A    1969 to  2011      43 years                                                                                    Series  28

 [B] Entire series, effect on correlation (  .793) is:
       Lower   1970< -.020   1975< -.016   2005< -.013   1973> -.011   1969< -.010   1972> -.007  Higher   1983  .017   1991  .016

====================================================================================================================================

 PPL15A    1977 to  2011      35 years                                                                                    Series  29

 [B] Entire series, effect on correlation (  .716) is:
       Lower   1979< -.021   1994< -.011   1996> -.010   2006< -.009   2004> -.009   1993> -.009  Higher   1991  .041   2002  .023

====================================================================================================================================

 PPL15B    1973 to  2011      39 years                                                                                    Series  30

 [B] Entire series, effect on correlation (  .772) is:
       Lower   1979< -.027   2010> -.023   1975< -.013   2006< -.011   1982> -.009   1993> -.008  Higher   1996  .112   1983  .021

====================================================================================================================================
PART 7:  DESCRIPTIVE STATISTICS: pp                                                                21:51  Mon 07 Nov 2011  Page   6
------------------------------------------------------------------------------------------------------------------------------------

                                                Corr   //-------- Unfiltered --------\\  //---- Filtered -----\\
                           No.    No.    No.    with   Mean   Max     Std   Auto   Mean   Max     Std   Auto  AR
 Seq Series   Interval   Years  Segmt  Flags   Master  msmt   msmt    dev   corr   sens  value    dev   corr  ()
 --- -------- ---------  -----  -----  -----   ------ -----  -----  -----  -----  -----  -----  -----  -----  --
   1 PPL01A   1955 2011     57      2      2    .221    .29    .75   .154   .633   .352   2.66   .492  -.022   1
   2 PPL01B   1955 2010     56      2      0    .446    .32   1.28   .230   .510   .438   3.03   .565   .044   1
   3 PPL02A   1950 2011     62      2      0    .624    .63   1.38   .284   .730   .226   2.89   .531  -.062   2
   4 PPL02B   1950 2011     62      2      0    .449    .58   1.21   .289   .639   .318   2.53   .385  -.064   1
   5 PPL03A   1951 2011     61      2      0    .528    .37    .84   .158   .625   .283   2.53   .442  -.112   1
   6 PPL03B   1951 2011     61      2      0    .463    .31    .86   .142   .518   .319   2.83   .553  -.030   1
   7 PPL04A   1950 2011     62      2      0    .776   1.15   2.81   .562   .699   .319   2.72   .513  -.056   1
   8 PPL04B   1950 2011     62      2      0    .807   1.27   3.16   .613   .701   .281   2.68   .591  -.044   1
   9 PPL05A   1949 2011     63      3      0    .696    .86   1.55   .293   .504   .280   2.66   .483   .121   1
  10 PPL05B   1949 2011     63      3      0    .645    .74   1.66   .282   .582   .259   2.63   .459   .008   2
  11 PPL06A   1951 2011     61      2      0    .528    .62   1.63   .328   .656   .350   2.70   .406  -.001   1
  12 PPL06B   1951 2011     61      2      0    .592    .55   1.55   .267   .537   .364   2.66   .429  -.020   1
  13 PPL07A   1951 2011     61      2      0    .681    .73   2.23   .382   .794   .249   3.09   .729   .118   1
  14 PPL07B   1951 2011     61      2      0    .607    .68   1.56   .331   .753   .347   2.72   .535   .190   1
  15 PPL08A   1950 2011     62      2      0    .767    .45   1.38   .303   .850   .331   2.49   .421  -.073   1
  16 PPL08B   1950 2011     62      2      0    .754    .50   1.35   .304   .850   .275   2.70   .466  -.097   2
  17 PPL09A   1950 2011     62      2      0    .769    .49   1.34   .253   .678   .285   2.76   .477  -.011   1
  18 PPL09B   1950 2011     62      2      0    .711    .48    .93   .183   .606   .260   2.74   .529  -.002   2
  19 PPL10A   1951 2011     61      2      0    .624    .71   1.75   .281   .466   .317   2.80   .646   .004   2
  20 PPL10B   1951 2011     61      2      0    .780    .74   1.39   .278   .531   .266   2.46   .412  -.040   2
  21 PPL11A   1965 2011     47      1      0    .838   1.74   3.22   .588   .475   .265   2.69   .642   .023   1
  22 PPL11B   1959 2011     53      2      0    .791   1.78   3.28   .547   .388   .276   2.69   .547  -.109   1
  23 PPL12A   1975 2011     37      1      0    .866   1.77   3.01   .445   .385   .231   2.70   .621   .030   1
  24 PPL12B   1969 2011     43      1      0    .737   2.20   4.19   .734   .528   .266   2.77   .515   .090   1
  25 PPL13A   1970 2011     42      1      0    .584   1.57   2.69   .537   .668   .213   2.68   .614  -.056   1
  26 PPL13B   1974 2011     38      1      0    .848   1.78   2.75   .546   .666   .211   2.42   .503  -.012   1
  27 PPL14B   1970 2011     42      1      0    .834   1.82   3.75   .640   .675   .232   2.83   .563  -.074   1
  28 PPL14A   1969 2011     43      1      0    .793   1.62   2.75   .453   .378   .245   2.61   .524   .054   1
  29 PPL15A   1977 2011     35      1      0    .716   2.50   5.14   .833   .600   .245   2.65   .562  -.065   1
  30 PPL15B   1973 2011     39      1      0    .772   2.40   3.47   .577   .467   .214   2.41   .488  -.042   1
 --- -------- ---------  -----  -----  -----   ------ -----  -----  -----  -----  -----  -----  -----  -----  --
 Total or mean:           1642     53      2    .665    .95   5.14   .371   .612   .289   3.09   .517  -.010
PART 8:  ADJUSTMENTS FOR UNDATED SERIES: pp                                                        21:51  Mon 07 Nov 2011  Page   7
------------------------------------------------------------------------------------------------------------------------------------

 Time span  1949  2011    63 years, best matches for  50-year segments lagged  25 years
 Listed in order from highest correlation

           Counted       Corr      Corr      Corr      Corr      Corr      Corr      Corr      Corr      Corr      Corr      Corr
 Series    Segment   Add  # 1  Add  # 2  Add  # 3  Add  # 4  Add  # 5  Add  # 6  Add  # 7  Add  # 8  Add  # 9  Add  #10  Add  #11
 -------- ---------  --------  --------  --------  --------  --------  --------  --------  --------  --------  --------  --------
 PPD01A   1979 2004   -23 .52     0 .42   -12 .41   -21 .36    -1 .26     1 .20   -15 .19   -14 .19   -27 .18   -25 .17   -13 .17
===================  ========  ========  ========  ========  ========  ========  ========  ========  ========  ========  ========
           Counted       Corr      Corr      Corr      Corr      Corr      Corr      Corr      Corr      Corr      Corr      Corr
 Series    Segment   Add  # 1  Add  # 2  Add  # 3  Add  # 4  Add  # 5  Add  # 6  Add  # 7  Add  # 8  Add  # 9  Add  #10  Add  #11
 -------- ---------  --------  --------  --------  --------  --------  --------  --------  --------  --------  --------  --------
 PPD01B   1979 2003   -23 .52   -12 .41     0 .40   -14 .32   -25 .31   -27 .29     1 .25   -21 .23     2 .20     8 .16    -6 .10
===================  ========  ========  ========  ========  ========  ========  ========  ========  ========  ========  ========
           Counted       Corr      Corr      Corr      Corr      Corr      Corr      Corr      Corr      Corr      Corr      Corr
 Series    Segment   Add  # 1  Add  # 2  Add  # 3  Add  # 4  Add  # 5  Add  # 6  Add  # 7  Add  # 8  Add  # 9  Add  #10  Add  #11
 -------- ---------  --------  --------  --------  --------  --------  --------  --------  --------  --------  --------  --------
 PPD02A   1976 2008   -22 .51   -13 .29   -24 .27   -12 .27   -11 .25     0 .25   -21 .18     2 .15   -25 .14     1 .13    -1 .13
===================  ========  ========  ========  ========  ========  ========  ========  ========  ========  ========  ========
           Counted       Corr      Corr      Corr      Corr      Corr      Corr      Corr      Corr      Corr      Corr      Corr
 Series    Segment   Add  # 1  Add  # 2  Add  # 3  Add  # 4  Add  # 5  Add  # 6  Add  # 7  Add  # 8  Add  # 9  Add  #10  Add  #11
 -------- ---------  --------  --------  --------  --------  --------  --------  --------  --------  --------  --------  --------
 PPD02B   1976 2008   -22 .51   -15 .20     1 .20    -7 .19   -21 .18   -10 .13   -26 .10   -12 .10     0 .09   -13 .08   -23 .08
===================  ========  ========  ========  ========  ========  ========  ========  ========  ========  ========  ========
           Counted       Corr      Corr      Corr      Corr      Corr      Corr      Corr      Corr      Corr      Corr      Corr
 Series    Segment   Add  # 1  Add  # 2  Add  # 3  Add  # 4  Add  # 5  Add  # 6  Add  # 7  Add  # 8  Add  # 9  Add  #10  Add  #11
 -------- ---------  --------  --------  --------  --------  --------  --------  --------  --------  --------  --------  --------
 PPD03A   1961 2003    -3 .26   -11 .22     6 .18    -2 .13    -1 .11    -5 .09    -9 .08    -8 .06     4 .06     2 .03     0 .01
===================  ========  ========  ========  ========  ========  ========  ========  ========  ========  ========  ========
           Counted       Corr      Corr      Corr      Corr      Corr      Corr      Corr      Corr      Corr      Corr      Corr
 Series    Segment   Add  # 1  Add  # 2  Add  # 3  Add  # 4  Add  # 5  Add  # 6  Add  # 7  Add  # 8  Add  # 9  Add  #10  Add  #11
 -------- ---------  --------  --------  --------  --------  --------  --------  --------  --------  --------  --------  --------
 PPD03B   1961 2005   -11 .27     0 .17    -9 .16     2 .13    -6 .11    -1 .08   -12 .05    -2 .03     6 .01   --- ---   --- ---
===================  ========  ========  ========  ========  ========  ========  ========  ========  ========  ========  ========
           Counted       Corr      Corr      Corr      Corr      Corr      Corr      Corr      Corr      Corr      Corr      Corr
 Series    Segment   Add  # 1  Add  # 2  Add  # 3  Add  # 4  Add  # 5  Add  # 6  Add  # 7  Add  # 8  Add  # 9  Add  #10  Add  #11
 -------- ---------  --------  --------  --------  --------  --------  --------  --------  --------  --------  --------  --------
 PPD04A   1967 2003     0 .46   -18 .35   -17 .17     5 .17   -13 .15    -6 .05    -5 .05     1 .04     3 .01   -15 .01     4 .00
===================  ========  ========  ========  ========  ========  ========  ========  ========  ========  ========  ========
           Counted       Corr      Corr      Corr      Corr      Corr      Corr      Corr      Corr      Corr      Corr      Corr
 Series    Segment   Add  # 1  Add  # 2  Add  # 3  Add  # 4  Add  # 5  Add  # 6  Add  # 7  Add  # 8  Add  # 9  Add  #10  Add  #11
 -------- ---------  --------  --------  --------  --------  --------  --------  --------  --------  --------  --------  --------
 PPD04B   1967 2004     0 .27   -18 .24    -6 .20     1 .17   -13 .15   -16 .10     3 .09   -12 .06     2 .05     5 .04    -8 .03
===================  ========  ========  ========  ========  ========  ========  ========  ========  ========  ========  ========
           Counted       Corr      Corr      Corr      Corr      Corr      Corr      Corr      Corr      Corr      Corr      Corr
 Series    Segment   Add  # 1  Add  # 2  Add  # 3  Add  # 4  Add  # 5  Add  # 6  Add  # 7  Add  # 8  Add  # 9  Add  #10  Add  #11
 -------- ---------  --------  --------  --------  --------  --------  --------  --------  --------  --------  --------  --------
 PPD05A   1976 2007   -22 .36   -11 .30   -20 .26    -6 .21     2 .20   -12 .16   -23 .15   -21 .12    -1 .09   -19 .06     3 .03
===================  ========  ========  ========  ========  ========  ========  ========  ========  ========  ========  ========
           Counted       Corr      Corr      Corr      Corr      Corr      Corr      Corr      Corr      Corr      Corr      Corr
 Series    Segment   Add  # 1  Add  # 2  Add  # 3  Add  # 4  Add  # 5  Add  # 6  Add  # 7  Add  # 8  Add  # 9  Add  #10  Add  #11
 -------- ---------  --------  --------  --------  --------  --------  --------  --------  --------  --------  --------  --------
 PPD05B   1976 2005   -23 .51     0 .27   -22 .27   -12 .26   -21 .21     6 .15   -10 .14    -9 .12   -11 .10    -6 .08   -13 .08
===================  ========  ========  ========  ========  ========  ========  ========  ========  ========  ========  ========
           Counted       Corr      Corr      Corr      Corr      Corr      Corr      Corr      Corr      Corr      Corr      Corr
 Series    Segment   Add  # 1  Add  # 2  Add  # 3  Add  # 4  Add  # 5  Add  # 6  Add  # 7  Add  # 8  Add  # 9  Add  #10  Add  #11
 -------- ---------  --------  --------  --------  --------  --------  --------  --------  --------  --------  --------  --------
 PPD06A   1963 2001   -11 .53     0 .27    -1 .26    -2 .16     2 .15   -13 .14   -12 .13    -9 .04     8 .04   -10 .04     1 .03
===================  ========  ========  ========  ========  ========  ========  ========  ========  ========  ========  ========
           Counted       Corr      Corr      Corr      Corr      Corr      Corr      Corr      Corr      Corr      Corr      Corr
 Series    Segment   Add  # 1  Add  # 2  Add  # 3  Add  # 4  Add  # 5  Add  # 6  Add  # 7  Add  # 8  Add  # 9  Add  #10  Add  #11
 -------- ---------  --------  --------  --------  --------  --------  --------  --------  --------  --------  --------  --------
 PPD06B   1963 2000   -11 .51     0 .17     4 .16    -9 .15   -10 .14   -13 .12    -8 .08     2 .07     3 .04     6 .03   -12 .01
===================  ========  ========  ========  ========  ========  ========  ========  ========  ========  ========  ========
           Counted       Corr      Corr      Corr      Corr      Corr      Corr      Corr      Corr      Corr      Corr      Corr
 Series    Segment   Add  # 1  Add  # 2  Add  # 3  Add  # 4  Add  # 5  Add  # 6  Add  # 7  Add  # 8  Add  # 9  Add  #10  Add  #11
 -------- ---------  --------  --------  --------  --------  --------  --------  --------  --------  --------  --------  --------
 PPD07A   1968 2002   -18 .44    -7 .23    -9 .22    -1 .15     3 .11     5 .09   -19 .07     8 .06   -11 .05     2 .04     4 .03
===================  ========  ========  ========  ========  ========  ========  ========  ========  ========  ========  ========
           Counted       Corr      Corr      Corr      Corr      Corr      Corr      Corr      Corr      Corr      Corr      Corr
 Series    Segment   Add  # 1  Add  # 2  Add  # 3  Add  # 4  Add  # 5  Add  # 6  Add  # 7  Add  # 8  Add  # 9  Add  #10  Add  #11
 -------- ---------  --------  --------  --------  --------  --------  --------  --------  --------  --------  --------  --------
 PPD07B   1968 1999   -19 .39     0 .26   -13 .26     1 .24   -17 .23   -18 .23     9 .20     2 .13    -8 .11    -6 .10     6 .03
===================  ========  ========  ========  ========  ========  ========  ========  ========  ========  ========  ========
           Counted       Corr      Corr      Corr      Corr      Corr      Corr      Corr      Corr      Corr      Corr      Corr
 Series    Segment   Add  # 1  Add  # 2  Add  # 3  Add  # 4  Add  # 5  Add  # 6  Add  # 7  Add  # 8  Add  # 9  Add  #10  Add  #11
 -------- ---------  --------  --------  --------  --------  --------  --------  --------  --------  --------  --------  --------
 PPD08A   1976 2006   -23 .44   -13 .35     5 .26     0 .26   -22 .23    -4 .21   -24 .15   -14 .10   -12 .10    -2 .10   -15 .09
===================  ========  ========  ========  ========  ========  ========  ========  ========  ========  ========  ========
           Counted       Corr      Corr      Corr      Corr      Corr      Corr      Corr      Corr      Corr      Corr      Corr
 Series    Segment   Add  # 1  Add  # 2  Add  # 3  Add  # 4  Add  # 5  Add  # 6  Add  # 7  Add  # 8  Add  # 9  Add  #10  Add  #11
 -------- ---------  --------  --------  --------  --------  --------  --------  --------  --------  --------  --------  --------
 PPD08B   1976 2004   -23 .44     5 .28   -13 .27   -22 .27   -24 .24    -4 .23     0 .19     2 .18   -12 .17   -21 .13    -9 .09
===================  ========  ========  ========  ========  ========  ========  ========  ========  ========  ========  ========
           Counted       Corr      Corr      Corr      Corr      Corr      Corr      Corr      Corr      Corr      Corr      Corr
 Series    Segment   Add  # 1  Add  # 2  Add  # 3  Add  # 4  Add  # 5  Add  # 6  Add  # 7  Add  # 8  Add  # 9  Add  #10  Add  #11
 -------- ---------  --------  --------  --------  --------  --------  --------  --------  --------  --------  --------  --------
 PPD09A   1977 2003     0 .40   -23 .40   -14 .37    -1 .32   -13 .29   -12 .26   -25 .25   -11 .24     8 .16   -15 .14    -2 .13
===================  ========  ========  ========  ========  ========  ========  ========  ========  ========  ========  ========
           Counted       Corr      Corr      Corr      Corr      Corr      Corr      Corr      Corr      Corr      Corr      Corr
 Series    Segment   Add  # 1  Add  # 2  Add  # 3  Add  # 4  Add  # 5  Add  # 6  Add  # 7  Add  # 8  Add  # 9  Add  #10  Add  #11
 -------- ---------  --------  --------  --------  --------  --------  --------  --------  --------  --------  --------  --------
 PPD09B   1977 2004   -23 .63   -22 .30   -25 .29   -14 .29     0 .28     1 .28   -12 .26   -13 .23   -24 .20    -1 .15   -21 .14
===================  ========  ========  ========  ========  ========  ========  ========  ========  ========  ========  ========
           Counted       Corr      Corr      Corr      Corr      Corr      Corr      Corr      Corr      Corr      Corr      Corr
 Series    Segment   Add  # 1  Add  # 2  Add  # 3  Add  # 4  Add  # 5  Add  # 6  Add  # 7  Add  # 8  Add  # 9  Add  #10  Add  #11
 -------- ---------  --------  --------  --------  --------  --------  --------  --------  --------  --------  --------  --------
 PPD10A   1964 2003     0 .38   -10 .24    -1 .20     2 .11     3 .10   -11 .10     5 .10   -12 .10   -14 .09     1 .06    -9 .05
===================  ========  ========  ========  ========  ========  ========  ========  ========  ========  ========  ========
           Counted       Corr      Corr      Corr      Corr      Corr      Corr      Corr      Corr      Corr      Corr      Corr
 Series    Segment   Add  # 1  Add  # 2  Add  # 3  Add  # 4  Add  # 5  Add  # 6  Add  # 7  Add  # 8  Add  # 9  Add  #10  Add  #11
 -------- ---------  --------  --------  --------  --------  --------  --------  --------  --------  --------  --------  --------
 PPD10B   1964 2001   -11 .31    -1 .21   -10 .20     2 .17    -8 .14     0 .13   -13 .10     1 .06     3 .05   -12 .04    -2 .03
===================  ========  ========  ========  ========  ========  ========  ========  ========  ========  ========  ========
           Counted       Corr      Corr      Corr      Corr      Corr      Corr      Corr      Corr      Corr      Corr      Corr
 Series    Segment   Add  # 1  Add  # 2  Add  # 3  Add  # 4  Add  # 5  Add  # 6  Add  # 7  Add  # 8  Add  # 9  Add  #10  Add  #11
 -------- ---------  --------  --------  --------  --------  --------  --------  --------  --------  --------  --------  --------
 PPD11A   1971 2003   -13 .47    -4 .33    -3 .23    -1 .22   -11 .18    -2 .18   -12 .16     0 .11   -15 .11   -17 .06   -22 .06
===================  ========  ========  ========  ========  ========  ========  ========  ========  ========  ========  ========
           Counted       Corr      Corr      Corr      Corr      Corr      Corr      Corr      Corr      Corr      Corr      Corr
 Series    Segment   Add  # 1  Add  # 2  Add  # 3  Add  # 4  Add  # 5  Add  # 6  Add  # 7  Add  # 8  Add  # 9  Add  #10  Add  #11
 -------- ---------  --------  --------  --------  --------  --------  --------  --------  --------  --------  --------  --------
 PPD11B   1971 2006   -22 .34   -21 .28   -13 .27   -11 .17   -20 .17     2 .17     1 .15   -12 .15   -19 .14     0 .13    -1 .11
===================  ========  ========  ========  ========  ========  ========  ========  ========  ========  ========  ========
           Counted       Corr      Corr      Corr      Corr      Corr      Corr      Corr      Corr      Corr      Corr      Corr
 Series    Segment   Add  # 1  Add  # 2  Add  # 3  Add  # 4  Add  # 5  Add  # 6  Add  # 7  Add  # 8  Add  # 9  Add  #10  Add  #11
 -------- ---------  --------  --------  --------  --------  --------  --------  --------  --------  --------  --------  --------
 PPD12A   1972 2010   -22 .44     0 .35   -11 .27    -2 .25   -12 .22   -23 .18   -14 .13   -13 .11    -3 .10    -1 .08     1 .07
===================  ========  ========  ========  ========  ========  ========  ========  ========  ========  ========  ========
           Counted       Corr      Corr      Corr      Corr      Corr      Corr      Corr      Corr      Corr      Corr      Corr
 Series    Segment   Add  # 1  Add  # 2  Add  # 3  Add  # 4  Add  # 5  Add  # 6  Add  # 7  Add  # 8  Add  # 9  Add  #10  Add  #11
 -------- ---------  --------  --------  --------  --------  --------  --------  --------  --------  --------  --------  --------
 PPD12B   1972 2010   -21 .35   -23 .26   -11 .23   -12 .18    -9 .18   -20 .16    -3 .13     0 .11    -7 .10   -22 .09   -10 .08
===================  ========  ========  ========  ========  ========  ========  ========  ========  ========  ========  ========
           Counted       Corr      Corr      Corr      Corr      Corr      Corr      Corr      Corr      Corr      Corr      Corr
 Series    Segment   Add  # 1  Add  # 2  Add  # 3  Add  # 4  Add  # 5  Add  # 6  Add  # 7  Add  # 8  Add  # 9  Add  #10  Add  #11
 -------- ---------  --------  --------  --------  --------  --------  --------  --------  --------  --------  --------  --------
 PPD13A   1960 1999    12 .26   -11 .26   -10 .19    -1 .19     1 .18    11 .14     2 .13     0 .13    -7 .10     4 .06    -9 .05
===================  ========  ========  ========  ========  ========  ========  ========  ========  ========  ========  ========
           Counted       Corr      Corr      Corr      Corr      Corr      Corr      Corr      Corr      Corr      Corr      Corr
 Series    Segment   Add  # 1  Add  # 2  Add  # 3  Add  # 4  Add  # 5  Add  # 6  Add  # 7  Add  # 8  Add  # 9  Add  #10  Add  #11
 -------- ---------  --------  --------  --------  --------  --------  --------  --------  --------  --------  --------  --------
 PPD13B   1961 2000     0 .31   -11 .29     9 .26   -10 .25    11 .13    -2 .13    -1 .11    -9 .10    -8 .10     2 .10     1 .06
===================  ========  ========  ========  ========  ========  ========  ========  ========  ========  ========  ========
           Counted       Corr      Corr      Corr      Corr      Corr      Corr      Corr      Corr      Corr      Corr      Corr
 Series    Segment   Add  # 1  Add  # 2  Add  # 3  Add  # 4  Add  # 5  Add  # 6  Add  # 7  Add  # 8  Add  # 9  Add  #10  Add  #11
 -------- ---------  --------  --------  --------  --------  --------  --------  --------  --------  --------  --------  --------
 PPD14A   1980 2009   -12 .36   -17 .35   -22 .22     0 .21    -9 .17   -23 .16   -20 .14    -7 .10    -4 .10   -10 .10   -29 .08
===================  ========  ========  ========  ========  ========  ========  ========  ========  ========  ========  ========
           Counted       Corr      Corr      Corr      Corr      Corr      Corr      Corr      Corr      Corr      Corr      Corr
 Series    Segment   Add  # 1  Add  # 2  Add  # 3  Add  # 4  Add  # 5  Add  # 6  Add  # 7  Add  # 8  Add  # 9  Add  #10  Add  #11
 -------- ---------  --------  --------  --------  --------  --------  --------  --------  --------  --------  --------  --------
 PPD15A   1976 2008   -24 .34     2 .30     3 .27     0 .24   -15 .17   -12 .17   -25 .15   -11 .15   -13 .09    -5 .09   -14 .08
===================  ========  ========  ========  ========  ========  ========  ========  ========  ========  ========  ========
           Counted       Corr      Corr      Corr      Corr      Corr      Corr      Corr      Corr      Corr      Corr      Corr
 Series    Segment   Add  # 1  Add  # 2  Add  # 3  Add  # 4  Add  # 5  Add  # 6  Add  # 7  Add  # 8  Add  # 9  Add  #10  Add  #11
 -------- ---------  --------  --------  --------  --------  --------  --------  --------  --------  --------  --------  --------
 PPD15B   1976 2010   -24 .50     0 .32    -1 .23   -11 .22   -23 .22   -14 .20   -12 .15    -3 .14   -13 .13   -22 .11   -15 .11
===================  ========  ========  ========  ========  ========  ========  ========  ========  ========  ========  ========
           Counted       Corr      Corr      Corr      Corr      Corr      Corr      Corr      Corr      Corr      Corr      Corr
 Series    Segment   Add  # 1  Add  # 2  Add  # 3  Add  # 4  Add  # 5  Add  # 6  Add  # 7  Add  # 8  Add  # 9  Add  #10  Add  #11
 -------- ---------  --------  --------  --------  --------  --------  --------  --------  --------  --------  --------  --------
 PPD17A   1958 1998    -9 .23     1 .20     0 .18    11 .15     2 .13    -7 .13     3 .12     4 .10    -6 .08    13 .05     6 .02
===================  ========  ========  ========  ========  ========  ========  ========  ========  ========  ========  ========
           Counted       Corr      Corr      Corr      Corr      Corr      Corr      Corr      Corr      Corr      Corr      Corr
 Series    Segment   Add  # 1  Add  # 2  Add  # 3  Add  # 4  Add  # 5  Add  # 6  Add  # 7  Add  # 8  Add  # 9  Add  #10  Add  #11
 -------- ---------  --------  --------  --------  --------  --------  --------  --------  --------  --------  --------  --------
 PPD17B   1958 2000     0 .37     9 .19    -9 .19     1 .11     2 .10    11 .06    -1 .06    -6 .06    10 .05     8 .03   --- ---
===================  ========  ========  ========  ========  ========  ========  ========  ========  ========  ========  ========
           Counted       Corr      Corr      Corr      Corr      Corr      Corr      Corr      Corr      Corr      Corr      Corr
 Series    Segment   Add  # 1  Add  # 2  Add  # 3  Add  # 4  Add  # 5  Add  # 6  Add  # 7  Add  # 8  Add  # 9  Add  #10  Add  #11
 -------- ---------  --------  --------  --------  --------  --------  --------  --------  --------  --------  --------  --------
 PPD18A   1979 2007     0 .38   -25 .35   -23 .26   -28 .18    -6 .16    -5 .14    -8 .13   -22 .12   -21 .09     3 .08   -15 .07
===================  ========  ========  ========  ========  ========  ========  ========  ========  ========  ========  ========
           Counted       Corr      Corr      Corr      Corr      Corr      Corr      Corr      Corr      Corr      Corr      Corr
 Series    Segment   Add  # 1  Add  # 2  Add  # 3  Add  # 4  Add  # 5  Add  # 6  Add  # 7  Add  # 8  Add  # 9  Add  #10  Add  #11
 -------- ---------  --------  --------  --------  --------  --------  --------  --------  --------  --------  --------  --------
 PPD18B   1979 2004   -22 .33   -25 .33     0 .30   -28 .26     1 .25     6 .21   -26 .12     7 .11    -2 .11   -23 .10   -27 .09
===================  ========  ========  ========  ========  ========  ========  ========  ========  ========  ========  ========
           Counted       Corr      Corr      Corr      Corr      Corr      Corr      Corr      Corr      Corr      Corr      Corr
 Series    Segment   Add  # 1  Add  # 2  Add  # 3  Add  # 4  Add  # 5  Add  # 6  Add  # 7  Add  # 8  Add  # 9  Add  #10  Add  #11
 -------- ---------  --------  --------  --------  --------  --------  --------  --------  --------  --------  --------  --------
 PPD19A   1974 2007   -23 .39     0 .31   -12 .31   -14 .23     1 .20    -9 .18   -20 .15   -21 .12   -10 .12    -1 .11     3 .10
===================  ========  ========  ========  ========  ========  ========  ========  ========  ========  ========  ========
           Counted       Corr      Corr      Corr      Corr      Corr      Corr      Corr      Corr      Corr      Corr      Corr
 Series    Segment   Add  # 1  Add  # 2  Add  # 3  Add  # 4  Add  # 5  Add  # 6  Add  # 7  Add  # 8  Add  # 9  Add  #10  Add  #11
 -------- ---------  --------  --------  --------  --------  --------  --------  --------  --------  --------  --------  --------
 PPD19B   1974 2009   -23 .42   -21 .39   -10 .34     0 .22   -20 .19    -1 .13   -14 .10   -12 .08    -9 .08     2 .07   -19 .06
===================  ========  ========  ========  ========  ========  ========  ========  ========  ========  ========  ========
           Counted       Corr      Corr      Corr      Corr      Corr      Corr      Corr      Corr      Corr      Corr      Corr
 Series    Segment   Add  # 1  Add  # 2  Add  # 3  Add  # 4  Add  # 5  Add  # 6  Add  # 7  Add  # 8  Add  # 9  Add  #10  Add  #11
 -------- ---------  --------  --------  --------  --------  --------  --------  --------  --------  --------  --------  --------
 PPD20A   1961 1996   -11 .56    11 .29    12 .27     0 .23    -9 .23    -2 .20   -12 .15     4 .13   -10 .13    13 .13     1 .05
===================  ========  ========  ========  ========  ========  ========  ========  ========  ========  ========  ========
           Counted       Corr      Corr      Corr      Corr      Corr      Corr      Corr      Corr      Corr      Corr      Corr
 Series    Segment   Add  # 1  Add  # 2  Add  # 3  Add  # 4  Add  # 5  Add  # 6  Add  # 7  Add  # 8  Add  # 9  Add  #10  Add  #11
 -------- ---------  --------  --------  --------  --------  --------  --------  --------  --------  --------  --------  --------
 PPD20B   1961 1998   -11 .47    -9 .30     2 .23     4 .21     0 .20    -2 .15   -10 .14     3 .10    11 .09    -8 .08   -12 .07
===================  ========  ========  ========  ========  ========  ========  ========  ========  ========  ========  ========
           Counted       Corr      Corr      Corr      Corr      Corr      Corr      Corr      Corr      Corr      Corr      Corr
 Series    Segment   Add  # 1  Add  # 2  Add  # 3  Add  # 4  Add  # 5  Add  # 6  Add  # 7  Add  # 8  Add  # 9  Add  #10  Add  #11
 -------- ---------  --------  --------  --------  --------  --------  --------  --------  --------  --------  --------  --------
 PPD21A   1976 2002   -22 .46   -13 .41   -11 .36     0 .29     2 .20   -23 .19     1 .18   -19 .17     9 .16   -12 .11   -16 .11
===================  ========  ========  ========  ========  ========  ========  ========  ========  ========  ========  ========
           Counted       Corr      Corr      Corr      Corr      Corr      Corr      Corr      Corr      Corr      Corr      Corr
 Series    Segment   Add  # 1  Add  # 2  Add  # 3  Add  # 4  Add  # 5  Add  # 6  Add  # 7  Add  # 8  Add  # 9  Add  #10  Add  #11
 -------- ---------  --------  --------  --------  --------  --------  --------  --------  --------  --------  --------  --------
 PPD21B   1976 2002   -22 .51   -11 .32     2 .31   -13 .26   -10 .25    -8 .19     0 .19   -19 .14   -18 .14   -21 .12     1 .11
===================  ========  ========  ========  ========  ========  ========  ========  ========  ========  ========  ========
           Counted       Corr      Corr      Corr      Corr      Corr      Corr      Corr      Corr      Corr      Corr      Corr
 Series    Segment   Add  # 1  Add  # 2  Add  # 3  Add  # 4  Add  # 5  Add  # 6  Add  # 7  Add  # 8  Add  # 9  Add  #10  Add  #11
 -------- ---------  --------  --------  --------  --------  --------  --------  --------  --------  --------  --------  --------
 PPD22A   1965 2001   -12 .49   -11 .26     0 .23     2 .19     1 .16   -10 .14    -9 .09    -1 .09    -8 .09    -6 .08     3 .04
===================  ========  ========  ========  ========  ========  ========  ========  ========  ========  ========  ========
           Counted       Corr      Corr      Corr      Corr      Corr      Corr      Corr      Corr      Corr      Corr      Corr
 Series    Segment   Add  # 1  Add  # 2  Add  # 3  Add  # 4  Add  # 5  Add  # 6  Add  # 7  Add  # 8  Add  # 9  Add  #10  Add  #11
 -------- ---------  --------  --------  --------  --------  --------  --------  --------  --------  --------  --------  --------
 PPD22B   1965 2001   -12 .50   -11 .27    -1 .26   -14 .21    10 .19     1 .18   -13 .16    -2 .12     0 .12    -3 .09     8 .08
===================  ========  ========  ========  ========  ========  ========  ========  ========  ========  ========  ========
           Counted       Corr      Corr      Corr      Corr      Corr      Corr      Corr      Corr      Corr      Corr      Corr
 Series    Segment   Add  # 1  Add  # 2  Add  # 3  Add  # 4  Add  # 5  Add  # 6  Add  # 7  Add  # 8  Add  # 9  Add  #10  Add  #11
 -------- ---------  --------  --------  --------  --------  --------  --------  --------  --------  --------  --------  --------
 PPD23A   1972 2006    -8 .42     5 .27   -17 .22   -18 .17     0 .15   -11 .15     2 .14   -23 .13     4 .11   -19 .08    -7 .05
===================  ========  ========  ========  ========  ========  ========  ========  ========  ========  ========  ========
           Counted       Corr      Corr      Corr      Corr      Corr      Corr      Corr      Corr      Corr      Corr      Corr
 Series    Segment   Add  # 1  Add  # 2  Add  # 3  Add  # 4  Add  # 5  Add  # 6  Add  # 7  Add  # 8  Add  # 9  Add  #10  Add  #11
 -------- ---------  --------  --------  --------  --------  --------  --------  --------  --------  --------  --------  --------
 PPD23B   1972 2006    -2 .37    -7 .36   -17 .26   -15 .26     0 .23    -5 .21   -14 .13   -16 .10     5 .09   -13 .09    -3 .05
===================  ========  ========  ========  ========  ========  ========  ========  ========  ========  ========  ========
           Counted       Corr      Corr      Corr      Corr      Corr      Corr      Corr      Corr      Corr      Corr      Corr
 Series    Segment   Add  # 1  Add  # 2  Add  # 3  Add  # 4  Add  # 5  Add  # 6  Add  # 7  Add  # 8  Add  # 9  Add  #10  Add  #11
 -------- ---------  --------  --------  --------  --------  --------  --------  --------  --------  --------  --------  --------
 PPD24A   1962 1995   -10 .46    -9 .43    14 .31     0 .31     5 .28    13 .23    -8 .18    12 .17    -1 .12   -12 .08   -11 .06
===================  ========  ========  ========  ========  ========  ========  ========  ========  ========  ========  ========
           Counted       Corr      Corr      Corr      Corr      Corr      Corr      Corr      Corr      Corr      Corr      Corr
 Series    Segment   Add  # 1  Add  # 2  Add  # 3  Add  # 4  Add  # 5  Add  # 6  Add  # 7  Add  # 8  Add  # 9  Add  #10  Add  #11
 -------- ---------  --------  --------  --------  --------  --------  --------  --------  --------  --------  --------  --------
 PPD24B   1962 1994    -9 .32    -6 .23     3 .19     0 .18    -7 .12    -3 .11    11 .09    -8 .07    -5 .06    14 .06    16 .05
===================  ========  ========  ========  ========  ========  ========  ========  ========  ========  ========  ========
           Counted       Corr      Corr      Corr      Corr      Corr      Corr      Corr      Corr      Corr      Corr      Corr
 Series    Segment   Add  # 1  Add  # 2  Add  # 3  Add  # 4  Add  # 5  Add  # 6  Add  # 7  Add  # 8  Add  # 9  Add  #10  Add  #11
 -------- ---------  --------  --------  --------  --------  --------  --------  --------  --------  --------  --------  --------
 PPD25A   1975 2011   -23 .50   -22 .36    -8 .33   -21 .31     0 .26   -11 .26   -13 .17   -10 .11    -1 .07   -16 .06   -19 .04
===================  ========  ========  ========  ========  ========  ========  ========  ========  ========  ========  ========
           Counted       Corr      Corr      Corr      Corr      Corr      Corr      Corr      Corr      Corr      Corr      Corr
 Series    Segment   Add  # 1  Add  # 2  Add  # 3  Add  # 4  Add  # 5  Add  # 6  Add  # 7  Add  # 8  Add  # 9  Add  #10  Add  #11
 -------- ---------  --------  --------  --------  --------  --------  --------  --------  --------  --------  --------  --------
 PPD25B   1975 2011   -23 .50     0 .29   -14 .22   -11 .21   -12 .17   -22 .16    -8 .15    -1 .14   -10 .08    -9 .08   -25 .05
===================  ========  ========  ========  ========  ========  ========  ========  ========  ========  ========  ========
           Counted       Corr      Corr      Corr      Corr      Corr      Corr      Corr      Corr      Corr      Corr      Corr
 Series    Segment   Add  # 1  Add  # 2  Add  # 3  Add  # 4  Add  # 5  Add  # 6  Add  # 7  Add  # 8  Add  # 9  Add  #10  Add  #11
 -------- ---------  --------  --------  --------  --------  --------  --------  --------  --------  --------  --------  --------
 PPD26A   1985 2007   -31 .58   -27 .35     2 .23   -14 .22    -6 .21    -5 .21     0 .17   -25 .16   -29 .16    -3 .11     1 .10
===================  ========  ========  ========  ========  ========  ========  ========  ========  ========  ========  ========
           Counted       Corr      Corr      Corr      Corr      Corr      Corr      Corr      Corr      Corr      Corr      Corr
 Series    Segment   Add  # 1  Add  # 2  Add  # 3  Add  # 4  Add  # 5  Add  # 6  Add  # 7  Add  # 8  Add  # 9  Add  #10  Add  #11
 -------- ---------  --------  --------  --------  --------  --------  --------  --------  --------  --------  --------  --------
 PPD26B   1985 2007   -33 .34   -24 .29   -10 .29   -29 .29     0 .28   -23 .27   -20 .26   -22 .25     3 .24    -1 .22    -7 .17
===================  ========  ========  ========  ========  ========  ========  ========  ========  ========  ========  ========
       49 undated series

                                              - = [  COFECHA PP   COF  ] = -
