[]  Dendrochronology Program Library                                        Run 9      Program COF  10:11  Thu 10 Nov 2011  Page   1
[]
[]  P R O G R A M      C O F E C H A                                                                          Version 6.06P    28074
------------------------------------------------------------------------------------------------------------------------------------

 QUALITY CONTROL AND DATING CHECK OF TREE-RING MEASUREMENTS

 Title of run:           9                                       

 File of DATED series:   9L.raw

 File of UNDATED series: 9D.raw

 CONTENTS:

    Part 1:  Title page, options selected, summary, absent rings by series
    Part 2:  Histogram of time spans
    Part 3:  Master series with sample depth and absent rings by year
    Part 4:  Bar plot of Master Dating Series
    Part 5:  Correlation by segment of each series with Master
    Part 6:  Potential problems: low correlation, divergent year-to-year changes, absent rings, outliers
    Part 7:  Descriptive statistics
    Part 8:  Undated series - adjustments for highest correlations

 RUN CONTROL OPTIONS SELECTED                             VALUE

         1  Cubic smoothing spline 50% wavelength cutoff for filtering
                                                            32 years
         2  Segments examined are                           50 years lagged successively by  25 years
         3  Autoregressive model applied                     A  Residuals are used in master dating series and testing
         4  Series transformed to logarithms                 Y  Each series log-transformed for master dating series and testing
         5  CORRELATION is Pearson (parametric, quantitative)
            Critical correlation, 99% confidence level   .3281
         6  Master dating series saved                       N
         7  Ring measurements listed                         N
         8  Parts printed                             12345678 
         9  Absent rings are omitted from master series and segment correlations  (Y)

 Time span of Master dating series is  1953 to  2010    58 years
 Continuous time span is               1953 to  2010    58 years
 Portion with two or more series is    1953 to  2010    58 years


                                        ****************************************
                                        *C* Number of dated series        28 *C*
                                        *O* Master series 1953 2010   58 yrs *O*
                                        *F* Total rings in all series   1254 *F*
                                        *E* Total dated rings checked   1254 *E*
                                        *C* Series intercorrelation     .455 *C*
                                        *H* Average mean sensitivity    .255 *H*
                                        *A* Segments, possible problems    8 *A*
                                        *** Mean length of series       44.8 ***
                                        ****************************************

 ABSENT RINGS listed by SERIES:            (See Master Dating Series for absent rings listed by year)

               No ring measurements of zero value
PART 2:  TIME PLOT OF TREE-RING SERIES: 9                                                          10:11  Thu 10 Nov 2011  Page   2
------------------------------------------------------------------------------------------------------------------------------------
 1050 1100 1150 1200 1250 1300 1350 1400 1450 1500 1550 1600 1650 1700 1750 1800 1850 1900 1950 2000 2050 Ident   Seq Time-span  Yrs
   :    :    :    :    :    :    :    :    :    :    :    :    :    :    :    :    :    :    :    :    : -------- --- ---- ---- ----
   .    .    .    .    .    .    .    .    .    .    .    .    .    .    .    .    .    .    .  <=>    . 09L01A     1 1985 2007   23
   .    .    .    .    .    .    .    .    .    .    .    .    .    .    .    .    .    .    .  <=>    . 09L01B     2 1985 2007   23
   .    .    .    .    .    .    .    .    .    .    .    .    .    .    .    .    .    .    .<===>    . 09L02A     3 1960 2007   48
   .    .    .    .    .    .    .    .    .    .    .    .    .    .    .    .    .    .    .<===>    . 09L02B     4 1960 2007   48
   .    .    .    .    .    .    .    .    .    .    .    .    .    .    .    .    .    .    <====>    . 09L03A     5 1953 2007   55
   .    .    .    .    .    .    .    .    .    .    .    .    .    .    .    .    .    .    <====>    . 09L03B     6 1953 2007   55
   .    .    .    .    .    .    .    .    .    .    .    .    .    .    .    .    .    .    <====>    . 09L04A     7 1956 2007   52
   .    .    .    .    .    .    .    .    .    .    .    .    .    .    .    .    .    .    <====>    . 09L04B     8 1956 2007   52
   .    .    .    .    .    .    .    .    .    .    .    .    .    .    .    .    .    .    <====>    . 09L05A     9 1954 2007   54
   .    .    .    .    .    .    .    .    .    .    .    .    .    .    .    .    .    .    <====>    . 09L05B    10 1954 2007   54
   .    .    .    .    .    .    .    .    .    .    .    .    .    .    .    .    .    .    <====>    . 09L06A    11 1957 2007   51
   .    .    .    .    .    .    .    .    .    .    .    .    .    .    .    .    .    .    <====>    . 09L06B    12 1957 2007   51
   .    .    .    .    .    .    .    .    .    .    .    .    .    .    .    .    .    .    .<===>    . 09L07A    13 1964 2007   44
   .    .    .    .    .    .    .    .    .    .    .    .    .    .    .    .    .    .    .<===>    . 09L07B    14 1964 2007   44
   .    .    .    .    .    .    .    .    .    .    .    .    .    .    .    .    .    .    .<====>   . 09L08A    15 1966 2010   45
   .    .    .    .    .    .    .    .    .    .    .    .    .    .    .    .    .    .    . <===>   . 09L08B    16 1970 2010   41
   .    .    .    .    .    .    .    .    .    .    .    .    .    .    .    .    .    .    .<====>   . 09L09A    17 1969 2010   42
   .    .    .    .    .    .    .    .    .    .    .    .    .    .    .    .    .    .    .<====>   . 09L09B    18 1967 2010   44
   .    .    .    .    .    .    .    .    .    .    .    .    .    .    .    .    .    .    .<===>    . 09L10A    19 1968 2009   42
   .    .    .    .    .    .    .    .    .    .    .    .    .    .    .    .    .    .    .<====>   . 09L10B    20 1968 2010   43
   .    .    .    .    .    .    .    .    .    .    .    .    .    .    .    .    .    .    . <===>   . 09L11A    21 1973 2010   38
   .    .    .    .    .    .    .    .    .    .    .    .    .    .    .    .    .    .    . <===>   . 09L11B    22 1970 2010   41
   .    .    .    .    .    .    .    .    .    .    .    .    .    .    .    .    .    .    .<====>   . 09L12A    23 1966 2010   45
   .    .    .    .    .    .    .    .    .    .    .    .    .    .    .    .    .    .    .<====>   . 09L12B    24 1964 2010   47
   .    .    .    .    .    .    .    .    .    .    .    .    .    .    .    .    .    .    .<====>   . 09L13A    25 1968 2010   43
   .    .    .    .    .    .    .    .    .    .    .    .    .    .    .    .    .    .    .<====>   . 09L13B    26 1965 2010   46
   .    .    .    .    .    .    .    .    .    .    .    .    .    .    .    .    .    .    . <===>   . 09L14A    27 1971 2010   40
   .    .    .    .    .    .    .    .    .    .    .    .    .    .    .    .    .    .    .<====>   . 09L14B    28 1968 2010   43
   :    :    :    :    :    :    :    :    :    :    :    :    :    :    :    :    :    :    :    :    :
 1050 1100 1150 1200 1250 1300 1350 1400 1450 1500 1550 1600 1650 1700 1750 1800 1850 1900 1950 2000 2050
   :    :    :    :    :    :    :    :    :    :    :    :    :    :    :    :    :    :    :    :    :
 1050 1100 1150 1200 1250 1300 1350 1400 1450 1500 1550 1600 1650 1700 1750 1800 1850 1900 1950 2000 2050
PART 3:  Master Dating Series: 9                                                                   10:11  Thu 10 Nov 2011  Page   3
------------------------------------------------------------------------------------------------------------------------------------
  Year  Value  No Ab    Year  Value  No Ab    Year  Value  No Ab    Year  Value  No Ab    Year  Value  No Ab    Year  Value  No Ab
  ------------------    ------------------    ------------------    ------------------    ------------------    ------------------
                        2000  1.731  28
                        2001  -.424  28
                        2002 -2.675  28
  1953  1.195   2       2003  -.157  28
  1954   .519   4       2004  -.744  28
  1955   .127   4       2005   .641  28
  1956 -1.130   6       2006   .442  28
  1957  -.232   8       2007  1.443  28
  1958  -.738   8       2008  -.337  14
  1959  -.450   8       2009  -.937  14

  1960 -1.116  10       2010  -.123  13
  1961 -1.366  10
  1962  -.453  10
  1963  1.671  10
  1964   .775  13
  1965  1.972  14
  1966   .111  16
  1967 -1.015  17
  1968  -.206  21
  1969   .377  22

  1970   .828  24
  1971   .529  25
  1972  -.926  25
  1973  -.501  26
  1974  -.561  26
  1975   .934  26
  1976  1.180  26
  1977  -.332  26
  1978   .583  26
  1979  -.099  26

  1980  -.731  26
  1981   .662  26
  1982 -2.047  26
  1983  -.709  26
  1984  -.075  26
  1985  1.472  28
  1986  1.359  28
  1987  1.153  28
  1988 -1.247  28
  1989   .053  28

  1990  -.752  28
  1991  -.210  28
  1992 -1.123  28
  1993 -1.418  28
  1994  -.172  28
  1995   .326  28
  1996  1.031  28
  1997  1.731  28
  1998  1.083  28
  1999  -.922  28
------------------------------------------------------------------------------------------------------------------------------------
PART 4:  Master Bar Plot: 9                                                                        10:11  Thu 10 Nov 2011  Page   4
------------------------------------------------------------------------------------------------------------------------------------
   Year Rel value  Year Rel value  Year Rel value  Year Rel value  Year Rel value  Year Rel value  Year Rel value  Year Rel value
                   2000----------G
                   2001---b
                   2002k
   1953---------E  2003-----a
   1954-------B    2004--c
   1955------A     2005-------C
   1956-e          2006-------B
   1957----a       2007---------F
   1958--c         2008----a
   1959---b        2009-d
   1960-d          2010-----@
   1961e
   1962---b
   1963----------G
   1964--------C
   1965----------H
   1966------@
   1967-d
   1968----a
   1969-------B
   1970--------C
   1971-------B
   1972-d
   1973---b
   1974---b
   1975--------D
   1976---------E
   1977----a
   1978-------B
   1979-----@
   1980--c
   1981-------C
   1982h
   1983--c
   1984-----@
   1985----------F
   1986---------E
   1987---------E
   1988e
   1989------@
   1990--c
   1991----a
   1992-d
   1993f
   1994-----a
   1995------A
   1996--------D
   1997----------G
   1998---------D
   1999-d
PART 5:  CORRELATION OF SERIES BY SEGMENTS: 9                                                      10:11  Thu 10 Nov 2011  Page   5
------------------------------------------------------------------------------------------------------------------------------------
 Correlations of  50-year dated segments, lagged  25 years
 Flags:  A = correlation under   .3281 but highest as dated;  B = correlation higher at other than dated position

 Seq Series  Time_span   1950 1975
                         1999 2024
 --- -------- ---------  ---- ---- ---- ---- ---- ---- ---- ---- ---- ---- ---- ---- ---- ---- ---- ---- ---- ---- ---- ----
   1 09L01A   1985 2007        .42
   2 09L01B   1985 2007        .39B
   3 09L02A   1960 2007   .19B
   4 09L02B   1960 2007   .36
   5 09L03A   1953 2007   .37  .43
   6 09L03B   1953 2007   .10B .14B
   7 09L04A   1956 2007   .57  .61
   8 09L04B   1956 2007   .64  .64
   9 09L05A   1954 2007   .32A .38
  10 09L05B   1954 2007   .54  .56
  11 09L06A   1957 2007   .48  .49
  12 09L06B   1957 2007   .53  .55
  13 09L07A   1964 2007   .35
  14 09L07B   1964 2007   .57
  15 09L08A   1966 2010   .63
  16 09L08B   1970 2010   .65
  17 09L09A   1969 2010   .70
  18 09L09B   1967 2010   .67
  19 09L10A   1968 2009   .13B
  20 09L10B   1968 2010   .07B
  21 09L11A   1973 2010   .68
  22 09L11B   1970 2010   .74
  23 09L12A   1966 2010   .54
  24 09L12B   1964 2010   .47
  25 09L13A   1968 2010   .37
  26 09L13B   1965 2010   .41
  27 09L14A   1971 2010   .33B
  28 09L14B   1968 2010   .47
 Av segment correlation   .46  .46
PART 6:  POTENTIAL PROBLEMS: 9                                                                     10:11  Thu 10 Nov 2011  Page   5
------------------------------------------------------------------------------------------------------------------------------------

 For each series with potential problems the following diagnostics may appear:

 [A] Correlations with master dating series of flagged  50-year segments of series filtered with  32-year spline,
     at every point from ten years earlier (-10) to ten years later (+10) than dated

 [B] Effect of those data values which most lower or raise correlation with master series
     Symbol following year indicates value in series is greater (>) or lesser (<) than master series value

 [C] Year-to-year changes very different from the mean change in other series

 [D] Absent rings (zero values)

 [E] Values which are statistical outliers from mean for the year
====================================================================================================================================

 09L01A    1985 to  2007      23 years                                                                                    Series   1

 [B] Entire series, effect on correlation (  .424) is:
       Lower   1988> -.140   2002> -.077   2005< -.047   1991< -.021   2004> -.003   1989<  .000  Higher   2007  .045   1985  .036

====================================================================================================================================

 09L01B    1985 to  2007      23 years                                                                                    Series   2

 [A] Segment   High   -10   -9   -8   -7   -6   -5   -4   -3   -2   -1   +0   +1   +2   +3   +4   +5   +6   +7   +8   +9  +10
    ---------  ----   ---  ---  ---  ---  ---  ---  ---  ---  ---  ---  ---  ---  ---  ---  ---  ---  ---  ---  ---  ---  ---
    1985 2007   -2    .31  .28 -.17 -.25 -.29 -.27 -.19  .15  .40* .07  .39|-.04 -.08 -.15    -    -    -    -    -    -    -

 [B] Entire series, effect on correlation (  .393) is:
       Lower   1988> -.184   1996< -.029   1997< -.024   1995> -.015   1991< -.010   1994< -.009  Higher   2007  .049   2000  .036
     1985 to 2007 segment:
       Lower   1988> -.184   1996< -.029   1997< -.024   1995> -.015   1991< -.010   1994< -.009  Higher   2007  .049   2000  .036

====================================================================================================================================

 09L02A    1960 to  2007      48 years                                                                                    Series   3

 [A] Segment   High   -10   -9   -8   -7   -6   -5   -4   -3   -2   -1   +0   +1   +2   +3   +4   +5   +6   +7   +8   +9  +10
    ---------  ----   ---  ---  ---  ---  ---  ---  ---  ---  ---  ---  ---  ---  ---  ---  ---  ---  ---  ---  ---  ---  ---
    1960 2007    2      -    -    - -.03  .03 -.06  .20 -.31 -.07 -.11  .19| .12  .24*-.05    -    -    -    -    -    -    -

 [B] Entire series, effect on correlation (  .194) is:
       Lower   1986< -.170   2000< -.056   1992> -.030   1976< -.025   1967> -.016   1980> -.014  Higher   2002  .046   1985  .033
     1960 to 2007 segment:
       Lower   1986< -.170   2000< -.056   1992> -.030   1976< -.025   1967> -.016   1980> -.014  Higher   2002  .046   1985  .033

====================================================================================================================================

 09L02B    1960 to  2007      48 years                                                                                    Series   4

 [B] Entire series, effect on correlation (  .359) is:
       Lower   1986< -.162   1982> -.059   1976< -.044   1967> -.022   1975< -.016   1981< -.012  Higher   2002  .092   1997  .024

====================================================================================================================================

 09L03A    1953 to  2007      55 years                                                                                    Series   5

 [B] Entire series, effect on correlation (  .363) is:
       Lower   1958> -.076   1961> -.033   1972> -.022   1956> -.020   1970< -.017   1971< -.015  Higher   1982  .098   2002  .045

 [E] Outliers     1   3.0 SD above or -4.5 SD below mean for year
       1958 +3.4 SD
====================================================================================================================================

 09L03B    1953 to  2007      55 years                                                                                    Series   6

 [A] Segment   High   -10   -9   -8   -7   -6   -5   -4   -3   -2   -1   +0   +1   +2   +3   +4   +5   +6   +7   +8   +9  +10
    ---------  ----   ---  ---  ---  ---  ---  ---  ---  ---  ---  ---  ---  ---  ---  ---  ---  ---  ---  ---  ---  ---  ---
    1953 2002    1      -    -    -    -    -    -    -    -    -    -  .10| .24*-.02 -.15 -.12 -.11 -.20  .08  .16    -    -
    1958 2007    1      -    -    -    -    - -.10 -.02 -.11  .03  .17  .14| .19*-.07 -.17    -    -    -    -    -    -    -

 [B] Entire series, effect on correlation (  .137) is:
       Lower   1994< -.134   1981< -.029   1988> -.014   1977> -.014   1978< -.014   1960> -.012  Higher   2002  .067   1985  .028
     1953 to 2002 segment:
       Lower   1994< -.134   1981< -.030   1978< -.015   1988> -.014   1977> -.013   1960> -.012  Higher   2002  .072   1985  .032
     1958 to 2007 segment:
       Lower   1994< -.155   1981< -.032   1978< -.015   1977> -.014   1988> -.014   1960> -.012  Higher   2002  .072   1985  .029

 [C] Year-to-year changes diverging by over 4.0 std deviations:
       1993 1994  -5.2 SD

 [E] Outliers     1   3.0 SD above or -4.5 SD below mean for year
       1994 -6.1 SD
====================================================================================================================================

 09L04A    1956 to  2007      52 years                                                                                    Series   7

 [B] Entire series, effect on correlation (  .567) is:
       Lower   1976< -.082   1982> -.039   1957> -.026   1964< -.018   1956> -.013   1981< -.012  Higher   2002  .087   1988  .027

====================================================================================================================================

 09L04B    1956 to  2007      52 years                                                                                    Series   8

 [B] Entire series, effect on correlation (  .631) is:
       Lower   1967< -.035   1960> -.017   1989< -.013   1999> -.012   1968> -.011   1982> -.011  Higher   2002  .051   1988  .021

====================================================================================================================================

 09L05A    1954 to  2007      54 years                                                                                    Series   9

 [A] Segment   High   -10   -9   -8   -7   -6   -5   -4   -3   -2   -1   +0   +1   +2   +3   +4   +5   +6   +7   +8   +9  +10
    ---------  ----   ---  ---  ---  ---  ---  ---  ---  ---  ---  ---  ---  ---  ---  ---  ---  ---  ---  ---  ---  ---  ---
    1954 2003    0      -    -    -    -    -    -    -    -    -  .08  .32*-.12  .25  .12 -.16 -.09  .17 -.35    -    -    -

 [B] Entire series, effect on correlation (  .350) is:
       Lower   2000< -.075   2001> -.043   1996< -.041   2002> -.040   1954< -.035   1972> -.027  Higher   1982  .063   1965  .028
     1954 to 2003 segment:
       Lower   2000< -.078   2001> -.044   1996< -.042   2002> -.040   1954< -.036   1972> -.028  Higher   1982  .067   1965  .032

 [C] Year-to-year changes diverging by over 4.0 std deviations:
       2000 2001   4.4 SD

====================================================================================================================================

 09L05B    1954 to  2007      54 years                                                                                    Series  10

 [B] Entire series, effect on correlation (  .553) is:
       Lower   2001> -.055   1989< -.045   1972> -.035   1967> -.019   1988> -.018   1974> -.012  Higher   2002  .088   1982  .033

====================================================================================================================================

 09L06A    1957 to  2007      51 years                                                                                    Series  11

 [B] Entire series, effect on correlation (  .492) is:
       Lower   1982> -.079   1984< -.017   1992> -.015   1967> -.014   2003< -.013   1973< -.010  Higher   1988  .026   1963  .021

====================================================================================================================================

 09L06B    1957 to  2007      51 years                                                                                    Series  12

 [B] Entire series, effect on correlation (  .542) is:
       Lower   1982> -.134   1967> -.024   1992> -.023   2005< -.008   1961> -.006   1997< -.004  Higher   2002  .065   1988  .027

====================================================================================================================================

 09L07A    1964 to  2007      44 years                                                                                    Series  13

 [B] Entire series, effect on correlation (  .348) is:
       Lower   1987< -.101   1967> -.051   1990> -.033   2002> -.025   1980> -.017   1964< -.016  Higher   1982  .070   1999  .032

====================================================================================================================================

 09L07B    1964 to  2007      44 years                                                                                    Series  14

 [B] Entire series, effect on correlation (  .568) is:
       Lower   1990> -.056   1970< -.046   1993> -.024   1982> -.018   1991> -.017   1971< -.012  Higher   2002  .057   1988  .033

====================================================================================================================================

 09L08A    1966 to  2010      45 years                                                                                    Series  15

 [B] Entire series, effect on correlation (  .633) is:
       Lower   1985< -.041   2004> -.029   1966< -.028   2010< -.024   2009> -.020   2001> -.017  Higher   1982  .084   2002  .082

====================================================================================================================================

 09L08B    1970 to  2010      41 years                                                                                    Series  16

 [B] Entire series, effect on correlation (  .651) is:
       Lower   1982> -.063   1980< -.050   2003< -.015   1993> -.012   1992> -.012   1997< -.008  Higher   2002  .099   1988  .016

====================================================================================================================================

 09L09A    1969 to  2010      42 years                                                                                    Series  17

 [B] Entire series, effect on correlation (  .700) is:
       Lower   1969< -.026   1973> -.019   2009> -.018   1991> -.017   1990> -.016   1982> -.012  Higher   2002  .084   1988  .020

====================================================================================================================================

 09L09B    1967 to  2010      44 years                                                                                    Series  18

 [B] Entire series, effect on correlation (  .668) is:
       Lower   1972> -.054   1969< -.023   1999> -.020   1985< -.018   1979> -.013   2003< -.013  Higher   1982  .073   2002  .070

====================================================================================================================================

 09L10A    1968 to  2009      42 years                                                                                    Series  19

 [A] Segment   High   -10   -9   -8   -7   -6   -5   -4   -3   -2   -1   +0   +1   +2   +3   +4   +5   +6   +7   +8   +9  +10
    ---------  ----   ---  ---  ---  ---  ---  ---  ---  ---  ---  ---  ---  ---  ---  ---  ---  ---  ---  ---  ---  ---  ---
    1968 2009    1    .15  .07  .02  .08 -.14  .04 -.28 -.26  .00 -.03  .13| .67*   -    -    -    -    -    -    -    -    -

 [B] Entire series, effect on correlation (  .129) is:
       Lower   1982> -.065   1999> -.037   1971< -.028   1987< -.023   2008> -.022   1981< -.016  Higher   1988  .041   2001  .038
     1968 to 2009 segment:
       Lower   1982> -.065   1999> -.037   1971< -.028   1987< -.023   2008> -.022   1981< -.016  Higher   1988  .041   2001  .038

====================================================================================================================================

 09L10B    1968 to  2010      43 years                                                                                    Series  20

 [A] Segment   High   -10   -9   -8   -7   -6   -5   -4   -3   -2   -1   +0   +1   +2   +3   +4   +5   +6   +7   +8   +9  +10
    ---------  ----   ---  ---  ---  ---  ---  ---  ---  ---  ---  ---  ---  ---  ---  ---  ---  ---  ---  ---  ---  ---  ---
    1968 2010   -7    .08  .04  .15  .15*-.13  .03 -.36 -.18  .03 -.07  .07|   -    -    -    -    -    -    -    -    -    -

 [B] Entire series, effect on correlation (  .074) is:
       Lower   2002> -.064   1999> -.050   1989< -.016   1971< -.015   1992> -.015   1968> -.012  Higher   2001  .056   1985  .038
     1968 to 2010 segment:
       Lower   2002> -.064   1999> -.050   1989< -.016   1971< -.015   1992> -.015   1968> -.012  Higher   2001  .056   1985  .038

 [C] Year-to-year changes diverging by over 4.0 std deviations:
       2001 2002   4.4 SD

====================================================================================================================================

 09L11A    1973 to  2010      38 years                                                                                    Series  21

 [B] Entire series, effect on correlation (  .684) is:
       Lower   1995< -.101   1997< -.026   2001> -.023   2007< -.015   2004> -.013   1999> -.011  Higher   2002  .081   1982  .031

====================================================================================================================================

 09L11B    1970 to  2010      41 years                                                                                    Series  22

 [B] Entire series, effect on correlation (  .741) is:
       Lower   1974< -.025   2008< -.025   1972> -.020   1985< -.009   2007< -.009   1983< -.009  Higher   2002  .078   1988  .012

====================================================================================================================================

 09L12A    1966 to  2010      45 years                                                                                    Series  23

 [B] Entire series, effect on correlation (  .542) is:
       Lower   2002> -.125   1968< -.066   1988> -.020   1987< -.011   1972> -.007   1983> -.006  Higher   1982  .118   2000  .018

====================================================================================================================================

 09L12B    1964 to  2010      47 years                                                                                    Series  24

 [B] Entire series, effect on correlation (  .469) is:
       Lower   2008< -.058   2002> -.051   1967< -.033   1972> -.032   1969< -.010   2007< -.009  Higher   1982  .090   2000  .032

====================================================================================================================================

 09L13A    1968 to  2010      43 years                                                                                    Series  25

 [B] Entire series, effect on correlation (  .365) is:
       Lower   2006< -.133   1970< -.029   1980> -.023   1969< -.021   2001> -.016   1988> -.013  Higher   1982  .181   2002  .036

====================================================================================================================================

 09L13B    1965 to  2010      46 years                                                                                    Series  26

 [B] Entire series, effect on correlation (  .412) is:
       Lower   1978< -.163   1965< -.079   1988> -.057   1975< -.012   1980> -.011   1986< -.011  Higher   2002  .135   1982  .056

====================================================================================================================================

 09L14A    1971 to  2010      40 years                                                                                    Series  27

 [A] Segment   High   -10   -9   -8   -7   -6   -5   -4   -3   -2   -1   +0   +1   +2   +3   +4   +5   +6   +7   +8   +9  +10
    ---------  ----   ---  ---  ---  ---  ---  ---  ---  ---  ---  ---  ---  ---  ---  ---  ---  ---  ---  ---  ---  ---  ---
    1971 2010   -2   -.02 -.13 -.04  .10 -.02 -.04 -.11  .04  .39*-.05  .33|   -    -    -    -    -    -    -    -    -    -

 [B] Entire series, effect on correlation (  .334) is:
       Lower   1997< -.070   1995< -.041   2009> -.030   1999> -.025   1984< -.021   1989< -.018  Higher   1982  .155   2000  .044
     1971 to 2010 segment:
       Lower   1997< -.070   1995< -.041   2009> -.030   1999> -.025   1984< -.021   1989< -.018  Higher   1982  .155   2000  .044

====================================================================================================================================

 09L14B    1968 to  2010      43 years                                                                                    Series  28

 [B] Entire series, effect on correlation (  .467) is:
       Lower   1988> -.048   2001> -.034   1985< -.026   1968< -.025   2007< -.024   2002> -.021  Higher   1982  .132   2000  .043

====================================================================================================================================
PART 7:  DESCRIPTIVE STATISTICS: 9                                                                 10:11  Thu 10 Nov 2011  Page   6
------------------------------------------------------------------------------------------------------------------------------------

                                                Corr   //-------- Unfiltered --------\\  //---- Filtered -----\\
                           No.    No.    No.    with   Mean   Max     Std   Auto   Mean   Max     Std   Auto  AR
 Seq Series   Interval   Years  Segmt  Flags   Master  msmt   msmt    dev   corr   sens  value    dev   corr  ()
 --- -------- ---------  -----  -----  -----   ------ -----  -----  -----  -----  -----  -----  -----  -----  --
   1 09L01A   1985 2007     23      1      0    .424    .54   2.03   .390   .629   .360   2.77   .593  -.011   1
   2 09L01B   1985 2007     23      1      1    .393    .53   1.82   .385   .632   .434   3.02   .828   .124   1
   3 09L02A   1960 2007     48      1      1    .194    .65   1.85   .407   .591   .448   2.52   .457  -.086   1
   4 09L02B   1960 2007     48      1      0    .359    .79   1.88   .420   .570   .350   2.67   .517  -.075   1
   5 09L03A   1953 2007     55      2      0    .363   1.39   2.79   .728   .806   .318   2.83   .604  -.025   1
   6 09L03B   1953 2007     55      2      2    .137   1.26   2.33   .551   .609   .309   2.43   .361  -.061   2
   7 09L04A   1956 2007     52      2      0    .567    .87   1.61   .253   .430   .244   2.73   .600   .032   1
   8 09L04B   1956 2007     52      2      0    .631    .83   1.25   .203   .381   .215   2.54   .529  -.054   1
   9 09L05A   1954 2007     54      2      1    .350   1.46   2.33   .466   .586   .233   2.78   .665  -.006   1
  10 09L05B   1954 2007     54      2      0    .553   1.35   2.88   .643   .780   .245   2.79   .611  -.093   2
  11 09L06A   1957 2007     51      2      0    .492    .52   1.22   .229   .566   .324   2.79   .543  -.003   1
  12 09L06B   1957 2007     51      2      0    .542    .54    .98   .237   .646   .309   2.53   .556  -.085   1
  13 09L07A   1964 2007     44      1      0    .348    .83   1.79   .370   .618   .295   2.67   .667   .081   1
  14 09L07B   1964 2007     44      1      0    .568    .78   1.52   .326   .645   .258   2.82   .652  -.013   1
  15 09L08A   1966 2010     45      1      0    .633   1.43   2.25   .344   .387   .213   2.47   .544  -.047   2
  16 09L08B   1970 2010     41      1      0    .651   1.61   2.48   .409   .510   .221   2.46   .593   .028   1
  17 09L09A   1969 2010     42      1      0    .700   1.50   2.07   .323   .436   .190   2.43   .416  -.001   1
  18 09L09B   1967 2010     44      1      0    .668   1.31   1.98   .292   .387   .195   2.63   .509  -.053   1
  19 09L10A   1968 2009     42      1      1    .129   1.34   2.26   .393   .584   .226   2.41   .443   .001   1
  20 09L10B   1968 2010     43      1      1    .074   1.72   4.07   .517   .260   .226   2.56   .455  -.116   1
  21 09L11A   1973 2010     38      1      0    .684   1.68   2.32   .324   .233   .187   2.73   .676  -.095   1
  22 09L11B   1970 2010     41      1      0    .741   2.06   3.56   .466   .312   .202   2.72   .560  -.017   1
  23 09L12A   1966 2010     45      1      0    .542   1.66   3.09   .587   .716   .233   2.50   .465  -.052   1
  24 09L12B   1964 2010     47      1      0    .469   1.74   2.74   .538   .631   .197   2.68   .470  -.008   1
  25 09L13A   1968 2010     43      1      0    .365   1.91   2.95   .612   .836   .148   2.39   .492  -.040   3
  26 09L13B   1965 2010     46      1      0    .412   2.00   3.10   .524   .528   .214   2.54   .519   .059   1
  27 09L14A   1971 2010     40      1      1    .334   1.64   3.61   .593   .769   .181   2.76   .606  -.042   2
  28 09L14B   1968 2010     43      1      0    .467   2.08   3.88   .576   .412   .212   3.06   .556  -.088   1
 --- -------- ---------  -----  -----  -----   ------ -----  -----  -----  -----  -----  -----  -----  -----  --
 Total or mean:           1254     36      8    .455   1.29   4.07   .435   .556   .255   3.06   .547  -.030
PART 8:  ADJUSTMENTS FOR UNDATED SERIES: 9                                                         10:11  Thu 10 Nov 2011  Page   7
------------------------------------------------------------------------------------------------------------------------------------

 Time span  1953  2010    58 years, best matches for  50-year segments lagged  25 years
 Listed in order from highest correlation

           Counted       Corr      Corr      Corr      Corr      Corr      Corr      Corr      Corr      Corr      Corr      Corr
 Series    Segment   Add  # 1  Add  # 2  Add  # 3  Add  # 4  Add  # 5  Add  # 6  Add  # 7  Add  # 8  Add  # 9  Add  #10  Add  #11
 -------- ---------  --------  --------  --------  --------  --------  --------  --------  --------  --------  --------  --------
 09D01A   1971 2004   -12 .22   -14 .22     0 .17     1 .16    -1 .14    -7 .14     2 .13   -10 .13    -3 .07     3 .05    -8 .05
===================  ========  ========  ========  ========  ========  ========  ========  ========  ========  ========  ========
           Counted       Corr      Corr      Corr      Corr      Corr      Corr      Corr      Corr      Corr      Corr      Corr
 Series    Segment   Add  # 1  Add  # 2  Add  # 3  Add  # 4  Add  # 5  Add  # 6  Add  # 7  Add  # 8  Add  # 9  Add  #10  Add  #11
 -------- ---------  --------  --------  --------  --------  --------  --------  --------  --------  --------  --------  --------
 09D01B   1972 2005     0 .35     2 .33     3 .14    -8 .14   -11 .14    -1 .11    -9 .09   -10 .06   -19 .02    -6 .01   -15 .01
===================  ========  ========  ========  ========  ========  ========  ========  ========  ========  ========  ========
           Counted       Corr      Corr      Corr      Corr      Corr      Corr      Corr      Corr      Corr      Corr      Corr
 Series    Segment   Add  # 1  Add  # 2  Add  # 3  Add  # 4  Add  # 5  Add  # 6  Add  # 7  Add  # 8  Add  # 9  Add  #10  Add  #11
 -------- ---------  --------  --------  --------  --------  --------  --------  --------  --------  --------  --------  --------
 09D02A   1965 1985     0 .68    -5 .42    20 .39     6 .32   -10 .29    11 .23    -2 .22     8 .20    10 .17    22 .16    -7 .14
===================  ========  ========  ========  ========  ========  ========  ========  ========  ========  ========  ========
           Counted       Corr      Corr      Corr      Corr      Corr      Corr      Corr      Corr      Corr      Corr      Corr
 Series    Segment   Add  # 1  Add  # 2  Add  # 3  Add  # 4  Add  # 5  Add  # 6  Add  # 7  Add  # 8  Add  # 9  Add  #10  Add  #11
 -------- ---------  --------  --------  --------  --------  --------  --------  --------  --------  --------  --------  --------
 09D02B   1965 1986     0 .54    -7 .33    15 .24    -5 .24   -11 .21     1 .19     5 .17    -6 .16    11 .16   -10 .14    21 .13
===================  ========  ========  ========  ========  ========  ========  ========  ========  ========  ========  ========
           Counted       Corr      Corr      Corr      Corr      Corr      Corr      Corr      Corr      Corr      Corr      Corr
 Series    Segment   Add  # 1  Add  # 2  Add  # 3  Add  # 4  Add  # 5  Add  # 6  Add  # 7  Add  # 8  Add  # 9  Add  #10  Add  #11
 -------- ---------  --------  --------  --------  --------  --------  --------  --------  --------  --------  --------  --------
 09D03A   1983 1998   -11 .58    11 .53     0 .47     8 .29   -21 .28    -1 .27     9 .26   -20 .25     2 .24    -9 .19     1 .16
===================  ========  ========  ========  ========  ========  ========  ========  ========  ========  ========  ========
           Counted       Corr      Corr      Corr      Corr      Corr      Corr      Corr      Corr      Corr      Corr      Corr
 Series    Segment   Add  # 1  Add  # 2  Add  # 3  Add  # 4  Add  # 5  Add  # 6  Add  # 7  Add  # 8  Add  # 9  Add  #10  Add  #11
 -------- ---------  --------  --------  --------  --------  --------  --------  --------  --------  --------  --------  --------
 09D03B   1983 1998     1 .52   -20 .46    -5 .41   -21 .41    11 .39     0 .36   -11 .31   -26 .20   -10 .20     8 .19    12 .16
===================  ========  ========  ========  ========  ========  ========  ========  ========  ========  ========  ========
           Counted       Corr      Corr      Corr      Corr      Corr      Corr      Corr      Corr      Corr      Corr      Corr
 Series    Segment   Add  # 1  Add  # 2  Add  # 3  Add  # 4  Add  # 5  Add  # 6  Add  # 7  Add  # 8  Add  # 9  Add  #10  Add  #11
 -------- ---------  --------  --------  --------  --------  --------  --------  --------  --------  --------  --------  --------
 09D04A   1955 1998     0 .44    10 .33     8 .27    -2 .20    -1 .12    11 .08     5 .08     2 .03     9 .01   --- ---   --- ---
===================  ========  ========  ========  ========  ========  ========  ========  ========  ========  ========  ========
           Counted       Corr      Corr      Corr      Corr      Corr      Corr      Corr      Corr      Corr      Corr      Corr
 Series    Segment   Add  # 1  Add  # 2  Add  # 3  Add  # 4  Add  # 5  Add  # 6  Add  # 7  Add  # 8  Add  # 9  Add  #10  Add  #11
 -------- ---------  --------  --------  --------  --------  --------  --------  --------  --------  --------  --------  --------
 09D04B   1953 1987     4 .41    12 .17    10 .16    20 .15    14 .15    15 .08     5 .07     0 .05     2 .04     6 .01    22 .01
===================  ========  ========  ========  ========  ========  ========  ========  ========  ========  ========  ========
           Counted       Corr      Corr      Corr      Corr      Corr      Corr      Corr      Corr      Corr      Corr      Corr
 Series    Segment   Add  # 1  Add  # 2  Add  # 3  Add  # 4  Add  # 5  Add  # 6  Add  # 7  Add  # 8  Add  # 9  Add  #10  Add  #11
 -------- ---------  --------  --------  --------  --------  --------  --------  --------  --------  --------  --------  --------
 09D05A   1964 2001     0 .42   -11 .20     6 .19     5 .12    -2 .10     9 .10    -5 .10    -8 .08    -6 .06     8 .05   -10 .05
===================  ========  ========  ========  ========  ========  ========  ========  ========  ========  ========  ========
           Counted       Corr      Corr      Corr      Corr      Corr      Corr      Corr      Corr      Corr      Corr      Corr
 Series    Segment   Add  # 1  Add  # 2  Add  # 3  Add  # 4  Add  # 5  Add  # 6  Add  # 7  Add  # 8  Add  # 9  Add  #10  Add  #11
 -------- ---------  --------  --------  --------  --------  --------  --------  --------  --------  --------  --------  --------
 09D05B   1964 2001     0 .35   -10 .32     9 .23   -11 .15     6 .14    -6 .07     5 .07    -1 .06    -5 .04    -2 .03    -4 .01
===================  ========  ========  ========  ========  ========  ========  ========  ========  ========  ========  ========
           Counted       Corr      Corr      Corr      Corr      Corr      Corr      Corr      Corr      Corr      Corr      Corr
 Series    Segment   Add  # 1  Add  # 2  Add  # 3  Add  # 4  Add  # 5  Add  # 6  Add  # 7  Add  # 8  Add  # 9  Add  #10  Add  #11
 -------- ---------  --------  --------  --------  --------  --------  --------  --------  --------  --------  --------  --------
 09D06A   1958 2001     0 .30     7 .16    -2 .13     8 .08     1 .05     9 .04     2 .02   --- ---   --- ---   --- ---   --- ---
===================  ========  ========  ========  ========  ========  ========  ========  ========  ========  ========  ========
           Counted       Corr      Corr      Corr      Corr      Corr      Corr      Corr      Corr      Corr      Corr      Corr
 Series    Segment   Add  # 1  Add  # 2  Add  # 3  Add  # 4  Add  # 5  Add  # 6  Add  # 7  Add  # 8  Add  # 9  Add  #10  Add  #11
 -------- ---------  --------  --------  --------  --------  --------  --------  --------  --------  --------  --------  --------
 09D06B   1958 2001    -1 .25     5 .19     9 .18     0 .14     3 .14    -2 .11     4 .04   --- ---   --- ---   --- ---   --- ---
===================  ========  ========  ========  ========  ========  ========  ========  ========  ========  ========  ========
           Counted       Corr      Corr      Corr      Corr      Corr      Corr      Corr      Corr      Corr      Corr      Corr
 Series    Segment   Add  # 1  Add  # 2  Add  # 3  Add  # 4  Add  # 5  Add  # 6  Add  # 7  Add  # 8  Add  # 9  Add  #10  Add  #11
 -------- ---------  --------  --------  --------  --------  --------  --------  --------  --------  --------  --------  --------
 09D07A   1963 1999    10 .20    11 .19     0 .15     9 .14    -4 .11     6 .10     1 .09     7 .07   -10 .06    -5 .04    -2 .03
===================  ========  ========  ========  ========  ========  ========  ========  ========  ========  ========  ========
           Counted       Corr      Corr      Corr      Corr      Corr      Corr      Corr      Corr      Corr      Corr      Corr
 Series    Segment   Add  # 1  Add  # 2  Add  # 3  Add  # 4  Add  # 5  Add  # 6  Add  # 7  Add  # 8  Add  # 9  Add  #10  Add  #11
 -------- ---------  --------  --------  --------  --------  --------  --------  --------  --------  --------  --------  --------
 09D07B   1961 1999     0 .41     5 .24    -5 .20     6 .16    -6 .16    11 .15    -8 .09     2 .08     7 .02   --- ---   --- ---
===================  ========  ========  ========  ========  ========  ========  ========  ========  ========  ========  ========
           Counted       Corr      Corr      Corr      Corr      Corr      Corr      Corr      Corr      Corr      Corr      Corr
 Series    Segment   Add  # 1  Add  # 2  Add  # 3  Add  # 4  Add  # 5  Add  # 6  Add  # 7  Add  # 8  Add  # 9  Add  #10  Add  #11
 -------- ---------  --------  --------  --------  --------  --------  --------  --------  --------  --------  --------  --------
 09D08A   1969 1998    10 .35     0 .35   -10 .34   -16 .26   -15 .23     4 .10    -4 .08    11 .07   -14 .05    -3 .05     2 .05
===================  ========  ========  ========  ========  ========  ========  ========  ========  ========  ========  ========
           Counted       Corr      Corr      Corr      Corr      Corr      Corr      Corr      Corr      Corr      Corr      Corr
 Series    Segment   Add  # 1  Add  # 2  Add  # 3  Add  # 4  Add  # 5  Add  # 6  Add  # 7  Add  # 8  Add  # 9  Add  #10  Add  #11
 -------- ---------  --------  --------  --------  --------  --------  --------  --------  --------  --------  --------  --------
 09D08B   1969 1998    10 .27     0 .25     8 .24     5 .23   -11 .22   -15 .21   -10 .18    -2 .17   -12 .15    11 .12    -5 .10
===================  ========  ========  ========  ========  ========  ========  ========  ========  ========  ========  ========
           Counted       Corr      Corr      Corr      Corr      Corr      Corr      Corr      Corr      Corr      Corr      Corr
 Series    Segment   Add  # 1  Add  # 2  Add  # 3  Add  # 4  Add  # 5  Add  # 6  Add  # 7  Add  # 8  Add  # 9  Add  #10  Add  #11
 -------- ---------  --------  --------  --------  --------  --------  --------  --------  --------  --------  --------  --------
 09D09A   1971 2003     0 .25     1 .18   -10 .15     4 .14    -5 .13    -6 .11    -4 .11     3 .08     5 .06     7 .06    -7 .05
===================  ========  ========  ========  ========  ========  ========  ========  ========  ========  ========  ========
           Counted       Corr      Corr      Corr      Corr      Corr      Corr      Corr      Corr      Corr      Corr      Corr
 Series    Segment   Add  # 1  Add  # 2  Add  # 3  Add  # 4  Add  # 5  Add  # 6  Add  # 7  Add  # 8  Add  # 9  Add  #10  Add  #11
 -------- ---------  --------  --------  --------  --------  --------  --------  --------  --------  --------  --------  --------
 09D09B   1971 2003     3 .35     0 .35    -6 .29   -10 .23     2 .21   -11 .21     5 .14    -9 .08   -17 .05    -3 .03    -4 .02
===================  ========  ========  ========  ========  ========  ========  ========  ========  ========  ========  ========
           Counted       Corr      Corr      Corr      Corr      Corr      Corr      Corr      Corr      Corr      Corr      Corr
 Series    Segment   Add  # 1  Add  # 2  Add  # 3  Add  # 4  Add  # 5  Add  # 6  Add  # 7  Add  # 8  Add  # 9  Add  #10  Add  #11
 -------- ---------  --------  --------  --------  --------  --------  --------  --------  --------  --------  --------  --------
 09D10A   1963 2002     0 .35     8 .22    -3 .21     7 .20    -6 .11    -4 .08    -8 .07     2 .06    -2 .06   -10 .04   --- ---
===================  ========  ========  ========  ========  ========  ========  ========  ========  ========  ========  ========
           Counted       Corr      Corr      Corr      Corr      Corr      Corr      Corr      Corr      Corr      Corr      Corr
 Series    Segment   Add  # 1  Add  # 2  Add  # 3  Add  # 4  Add  # 5  Add  # 6  Add  # 7  Add  # 8  Add  # 9  Add  #10  Add  #11
 -------- ---------  --------  --------  --------  --------  --------  --------  --------  --------  --------  --------  --------
 09D10B   1963 2002     0 .49    -1 .24    -3 .19     7 .16     8 .06     2 .06   --- ---   --- ---   --- ---   --- ---   --- ---
===================  ========  ========  ========  ========  ========  ========  ========  ========  ========  ========  ========
           Counted       Corr      Corr      Corr      Corr      Corr      Corr      Corr      Corr      Corr      Corr      Corr
 Series    Segment   Add  # 1  Add  # 2  Add  # 3  Add  # 4  Add  # 5  Add  # 6  Add  # 7  Add  # 8  Add  # 9  Add  #10  Add  #11
 -------- ---------  --------  --------  --------  --------  --------  --------  --------  --------  --------  --------  --------
 09D11A   1961 1999     0 .41    -1 .22    -5 .21    -2 .21     9 .16    -7 .13    10 .11     6 .11     8 .09    11 .08     5 .01
===================  ========  ========  ========  ========  ========  ========  ========  ========  ========  ========  ========
           Counted       Corr      Corr      Corr      Corr      Corr      Corr      Corr      Corr      Corr      Corr      Corr
 Series    Segment   Add  # 1  Add  # 2  Add  # 3  Add  # 4  Add  # 5  Add  # 6  Add  # 7  Add  # 8  Add  # 9  Add  #10  Add  #11
 -------- ---------  --------  --------  --------  --------  --------  --------  --------  --------  --------  --------  --------
 09D11B   1967 1999     8 .30    -7 .29    -2 .24   -13 .21    -1 .20     0 .20    -8 .19     9 .15     6 .11   -10 .09     3 .05
===================  ========  ========  ========  ========  ========  ========  ========  ========  ========  ========  ========
           Counted       Corr      Corr      Corr      Corr      Corr      Corr      Corr      Corr      Corr      Corr      Corr
 Series    Segment   Add  # 1  Add  # 2  Add  # 3  Add  # 4  Add  # 5  Add  # 6  Add  # 7  Add  # 8  Add  # 9  Add  #10  Add  #11
 -------- ---------  --------  --------  --------  --------  --------  --------  --------  --------  --------  --------  --------
 09D12A   1956 1995    10 .40     5 .22     1 .22     0 .21    11 .20     7 .07    -1 .05   --- ---   --- ---   --- ---   --- ---
===================  ========  ========  ========  ========  ========  ========  ========  ========  ========  ========  ========
           Counted       Corr      Corr      Corr      Corr      Corr      Corr      Corr      Corr      Corr      Corr      Corr
 Series    Segment   Add  # 1  Add  # 2  Add  # 3  Add  # 4  Add  # 5  Add  # 6  Add  # 7  Add  # 8  Add  # 9  Add  #10  Add  #11
 -------- ---------  --------  --------  --------  --------  --------  --------  --------  --------  --------  --------  --------
 09D12B   1955 1995     1 .33     7 .31     8 .15     5 .08    -1 .06    14 .05    11 .05    12 .04    10 .03     0 .01   --- ---
===================  ========  ========  ========  ========  ========  ========  ========  ========  ========  ========  ========
           Counted       Corr      Corr      Corr      Corr      Corr      Corr      Corr      Corr      Corr      Corr      Corr
 Series    Segment   Add  # 1  Add  # 2  Add  # 3  Add  # 4  Add  # 5  Add  # 6  Add  # 7  Add  # 8  Add  # 9  Add  #10  Add  #11
 -------- ---------  --------  --------  --------  --------  --------  --------  --------  --------  --------  --------  --------
 09D12C   1956 1995     0 .32    15 .26    13 .17     6 .17     4 .13    14 .07     9 .02   --- ---   --- ---   --- ---   --- ---
===================  ========  ========  ========  ========  ========  ========  ========  ========  ========  ========  ========
           Counted       Corr      Corr      Corr      Corr      Corr      Corr      Corr      Corr      Corr      Corr      Corr
 Series    Segment   Add  # 1  Add  # 2  Add  # 3  Add  # 4  Add  # 5  Add  # 6  Add  # 7  Add  # 8  Add  # 9  Add  #10  Add  #11
 -------- ---------  --------  --------  --------  --------  --------  --------  --------  --------  --------  --------  --------
 09D13A   1973 1997     0 .37     9 .32   -12 .30     1 .21     8 .16    10 .16   -13 .15    -2 .15    -1 .14    -7 .13   -20 .11
===================  ========  ========  ========  ========  ========  ========  ========  ========  ========  ========  ========
           Counted       Corr      Corr      Corr      Corr      Corr      Corr      Corr      Corr      Corr      Corr      Corr
 Series    Segment   Add  # 1  Add  # 2  Add  # 3  Add  # 4  Add  # 5  Add  # 6  Add  # 7  Add  # 8  Add  # 9  Add  #10  Add  #11
 -------- ---------  --------  --------  --------  --------  --------  --------  --------  --------  --------  --------  --------
 09D13B   1973 1997     0 .56    11 .33    10 .28    -6 .19     9 .17     1 .17     2 .17   -12 .16    -1 .11   -13 .10   -11 .09
===================  ========  ========  ========  ========  ========  ========  ========  ========  ========  ========  ========
           Counted       Corr      Corr      Corr      Corr      Corr      Corr      Corr      Corr      Corr      Corr      Corr
 Series    Segment   Add  # 1  Add  # 2  Add  # 3  Add  # 4  Add  # 5  Add  # 6  Add  # 7  Add  # 8  Add  # 9  Add  #10  Add  #11
 -------- ---------  --------  --------  --------  --------  --------  --------  --------  --------  --------  --------  --------
 09D14A   1955 1995    11 .58     0 .51    10 .21     1 .10     5 .10    -1 .07     8 .05    12 .02     2 .00   --- ---   --- ---
===================  ========  ========  ========  ========  ========  ========  ========  ========  ========  ========  ========
           Counted       Corr      Corr      Corr      Corr      Corr      Corr      Corr      Corr      Corr      Corr      Corr
 Series    Segment   Add  # 1  Add  # 2  Add  # 3  Add  # 4  Add  # 5  Add  # 6  Add  # 7  Add  # 8  Add  # 9  Add  #10  Add  #11
 -------- ---------  --------  --------  --------  --------  --------  --------  --------  --------  --------  --------  --------
 09D14B   1955 1995     0 .51    10 .39    11 .34     5 .12    12 .10     2 .10     1 .06     8 .05   --- ---   --- ---   --- ---
===================  ========  ========  ========  ========  ========  ========  ========  ========  ========  ========  ========
           Counted       Corr      Corr      Corr      Corr      Corr      Corr      Corr      Corr      Corr      Corr      Corr
 Series    Segment   Add  # 1  Add  # 2  Add  # 3  Add  # 4  Add  # 5  Add  # 6  Add  # 7  Add  # 8  Add  # 9  Add  #10  Add  #11
 -------- ---------  --------  --------  --------  --------  --------  --------  --------  --------  --------  --------  --------
 09D15A   1957 1993     5 .26    15 .20    13 .16     0 .16    14 .13     2 .12    16 .06    -1 .05     4 .03     3 .02    10 .01
===================  ========  ========  ========  ========  ========  ========  ========  ========  ========  ========  ========
           Counted       Corr      Corr      Corr      Corr      Corr      Corr      Corr      Corr      Corr      Corr      Corr
 Series    Segment   Add  # 1  Add  # 2  Add  # 3  Add  # 4  Add  # 5  Add  # 6  Add  # 7  Add  # 8  Add  # 9  Add  #10  Add  #11
 -------- ---------  --------  --------  --------  --------  --------  --------  --------  --------  --------  --------  --------
 09D15B   1957 1993     0 .21    11 .20    -3 .16     8 .15    -1 .14    16 .14     9 .12     5 .11    14 .05     2 .04    15 .04
===================  ========  ========  ========  ========  ========  ========  ========  ========  ========  ========  ========
       31 undated series

                                              - = [  COFECHA 9    COF  ] = -
