[]  Dendrochronology Program Library                                        Run V      Program COF  21:34  Mon 14 Nov 2011  Page   1
[]
[]  P R O G R A M      C O F E C H A                                                                          Version 6.06P    28078
------------------------------------------------------------------------------------------------------------------------------------

 QUALITY CONTROL AND DATING CHECK OF TREE-RING MEASUREMENTS

 Title of run:           v                                       

 File of DATED series:   VL.raw

 File of UNDATED series: VD.raw

 CONTENTS:

    Part 1:  Title page, options selected, summary, absent rings by series
    Part 2:  Histogram of time spans
    Part 3:  Master series with sample depth and absent rings by year
    Part 4:  Bar plot of Master Dating Series
    Part 5:  Correlation by segment of each series with Master
    Part 6:  Potential problems: low correlation, divergent year-to-year changes, absent rings, outliers
    Part 7:  Descriptive statistics
    Part 8:  Undated series - adjustments for highest correlations

 RUN CONTROL OPTIONS SELECTED                             VALUE

         1  Cubic smoothing spline 50% wavelength cutoff for filtering
                                                            32 years
         2  Segments examined are                           50 years lagged successively by  25 years
         3  Autoregressive model applied                     A  Residuals are used in master dating series and testing
         4  Series transformed to logarithms                 Y  Each series log-transformed for master dating series and testing
         5  CORRELATION is Pearson (parametric, quantitative)
            Critical correlation, 99% confidence level   .3281
         6  Master dating series saved                       N
         7  Ring measurements listed                         N
         8  Parts printed                             12345678 
         9  Absent rings are omitted from master series and segment correlations  (Y)

 Time span of Master dating series is  1956 to  2010    55 years
 Continuous time span is               1956 to  2010    55 years
 Portion with two or more series is    1956 to  2010    55 years


                                        ****************************************
                                        *C* Number of dated series        26 *C*
                                        *O* Master series 1956 2010   55 yrs *O*
                                        *F* Total rings in all series   1020 *F*
                                        *E* Total dated rings checked   1020 *E*
                                        *C* Series intercorrelation     .599 *C*
                                        *H* Average mean sensitivity    .283 *H*
                                        *A* Segments, possible problems    4 *A*
                                        *** Mean length of series       39.2 ***
                                        ****************************************

 ABSENT RINGS listed by SERIES:            (See Master Dating Series for absent rings listed by year)

               No ring measurements of zero value
PART 2:  TIME PLOT OF TREE-RING SERIES: v                                                          21:34  Mon 14 Nov 2011  Page   2
------------------------------------------------------------------------------------------------------------------------------------
 1050 1100 1150 1200 1250 1300 1350 1400 1450 1500 1550 1600 1650 1700 1750 1800 1850 1900 1950 2000 2050 Ident   Seq Time-span  Yrs
   :    :    :    :    :    :    :    :    :    :    :    :    :    :    :    :    :    :    :    :    : -------- --- ---- ---- ----
   .    .    .    .    .    .    .    .    .    .    .    .    .    .    .    .    .    .    . <===>   . 0VL01A     1 1979 2010   32
   .    .    .    .    .    .    .    .    .    .    .    .    .    .    .    .    .    .    .  <==>   . 0VL01B     2 1982 2010   29
   .    .    .    .    .    .    .    .    .    .    .    .    .    .    .    .    .    .    . <===>   . 0VL02A     3 1978 2010   33
   .    .    .    .    .    .    .    .    .    .    .    .    .    .    .    .    .    .    . <===>   . 0VL02B     4 1978 2010   33
   .    .    .    .    .    .    .    .    .    .    .    .    .    .    .    .    .    .    . <===>   . 0VL03A     5 1977 2010   34
   .    .    .    .    .    .    .    .    .    .    .    .    .    .    .    .    .    .    . <===>   . 0VL03B     6 1976 2010   35
   .    .    .    .    .    .    .    .    .    .    .    .    .    .    .    .    .    .    . <==>    . 0VL04A     7 1978 2009   32
   .    .    .    .    .    .    .    .    .    .    .    .    .    .    .    .    .    .    . <===>   . 0VL04B     8 1976 2010   35
   .    .    .    .    .    .    .    .    .    .    .    .    .    .    .    .    .    .    . <===>   . 0VL05A     9 1979 2010   32
   .    .    .    .    .    .    .    .    .    .    .    .    .    .    .    .    .    .    . <===>   . 0VL05B    10 1978 2010   33
   .    .    .    .    .    .    .    .    .    .    .    .    .    .    .    .    .    .    . <===>   . 0VL06A    11 1978 2010   33
   .    .    .    .    .    .    .    .    .    .    .    .    .    .    .    .    .    .    . <===>   . 0VL06B    12 1976 2010   35
   .    .    .    .    .    .    .    .    .    .    .    .    .    .    .    .    .    .    .  <==>   . 0VL07A    13 1980 2010   31
   .    .    .    .    .    .    .    .    .    .    .    .    .    .    .    .    .    .    . <==>    . 0VL07B    14 1979 2009   31
   .    .    .    .    .    .    .    .    .    .    .    .    .    .    .    .    .    .    .  <==>   . 0VL08A    15 1982 2010   29
   .    .    .    .    .    .    .    .    .    .    .    .    .    .    .    .    .    .    .  <==>   . 0VL08B    16 1980 2010   31
   .    .    .    .    .    .    .    .    .    .    .    .    .    .    .    .    .    .    .<===>    . 0VL09A    17 1961 2009   49
   .    .    .    .    .    .    .    .    .    .    .    .    .    .    .    .    .    .    .<====>   . 0VL09B    18 1960 2010   51
   .    .    .    .    .    .    .    .    .    .    .    .    .    .    .    .    .    .    <=====>   . 0VL10A    19 1958 2010   53
   .    .    .    .    .    .    .    .    .    .    .    .    .    .    .    .    .    .    <=====>   . 0VL10B    20 1958 2010   53
   .    .    .    .    .    .    .    .    .    .    .    .    .    .    .    .    .    .    <====>    . 0VL11A    21 1957 2009   53
   .    .    .    .    .    .    .    .    .    .    .    .    .    .    .    .    .    .    <====>    . 0VL11B    22 1957 2009   53
   .    .    .    .    .    .    .    .    .    .    .    .    .    .    .    .    .    .    <=====>   . 0VL12A    23 1956 2010   55
   .    .    .    .    .    .    .    .    .    .    .    .    .    .    .    .    .    .    <=====>   . 0VL12B    24 1956 2010   55
   .    .    .    .    .    .    .    .    .    .    .    .    .    .    .    .    .    .    . <===>   . 0VL13A    25 1971 2010   40
   .    .    .    .    .    .    .    .    .    .    .    .    .    .    .    .    .    .    . <===>   . 0VL13B    26 1971 2010   40
   :    :    :    :    :    :    :    :    :    :    :    :    :    :    :    :    :    :    :    :    :
 1050 1100 1150 1200 1250 1300 1350 1400 1450 1500 1550 1600 1650 1700 1750 1800 1850 1900 1950 2000 2050
   :    :    :    :    :    :    :    :    :    :    :    :    :    :    :    :    :    :    :    :    :
 1050 1100 1150 1200 1250 1300 1350 1400 1450 1500 1550 1600 1650 1700 1750 1800 1850 1900 1950 2000 2050
PART 3:  Master Dating Series: v                                                                   21:34  Mon 14 Nov 2011  Page   3
------------------------------------------------------------------------------------------------------------------------------------
  Year  Value  No Ab    Year  Value  No Ab    Year  Value  No Ab    Year  Value  No Ab    Year  Value  No Ab    Year  Value  No Ab
  ------------------    ------------------    ------------------    ------------------    ------------------    ------------------
                        2000  -.391  26
                        2001  1.253  26
                        2002   .029  26
                        2003  1.880  26
                        2004  -.720  26
                        2005   .637  26
  1956  -.246   2       2006  -.412  26
  1957  1.293   4       2007  1.047  26
  1958   .877   6       2008  1.004  26
  1959   .155   6       2009   .354  26

  1960  -.174   7       2010 -3.594  21
  1961  -.212   8
  1962   .161   8
  1963   .208   8
  1964  1.368   8
  1965   .598   8
  1966  -.282   8
  1967  -.644   8
  1968  -.464   8
  1969   .095   8

  1970   .677   8
  1971   .062  10
  1972 -1.060  10
  1973 -1.490  10
  1974  -.511  10
  1975  -.354  10
  1976   .052  13
  1977   .393  14
  1978 -1.208  19
  1979  -.225  22

  1980  -.860  24
  1981   .579  24
  1982 -1.388  26
  1983  1.127  26
  1984  2.216  26
  1985   .216  26
  1986   .258  26
  1987  -.222  26
  1988   .977  26
  1989   .012  26

  1990   .422  26
  1991   .443  26
  1992   .645  26
  1993 -1.751  26
  1994  1.158  26
  1995 -2.239  26
  1996  -.391  26
  1997  -.052  26
  1998  -.149  26
  1999 -1.157  26
------------------------------------------------------------------------------------------------------------------------------------
PART 4:  Master Bar Plot: v                                                                        21:34  Mon 14 Nov 2011  Page   4
------------------------------------------------------------------------------------------------------------------------------------
   Year Rel value  Year Rel value  Year Rel value  Year Rel value  Year Rel value  Year Rel value  Year Rel value  Year Rel value
                   2000--b
                   2001----------E
                   2002-----@
                   2003----------H
                   2004--c
                   2005--------C
   1956---a        2006--b
   1957----------E 2007---------D
   1958---------D  2008---------D
   1959------A     2009-------A
   1960----a       2010n
   1961----a
   1962------A
   1963------A
   1964----------E
   1965--------B
   1966---a
   1967--c
   1968--b
   1969-----@
   1970--------C
   1971-----@
   1972-d
   1973f
   1974--b
   1975---a
   1976-----@
   1977-------B
   1978-e
   1979----a
   1980-c
   1981--------B
   1982-f
   1983---------E
   1984----------I
   1985------A
   1986------A
   1987----a
   1988---------D
   1989-----@
   1990-------B
   1991-------B
   1992--------C
   1993g
   1994---------E
   1995i
   1996--b
   1997-----@
   1998----a
   1999-e
PART 5:  CORRELATION OF SERIES BY SEGMENTS: v                                                      21:34  Mon 14 Nov 2011  Page   5
------------------------------------------------------------------------------------------------------------------------------------
 Correlations of  50-year dated segments, lagged  25 years
 Flags:  A = correlation under   .3281 but highest as dated;  B = correlation higher at other than dated position

 Seq Series  Time_span   1950 1975
                         1999 2024
 --- -------- ---------  ---- ---- ---- ---- ---- ---- ---- ---- ---- ---- ---- ---- ---- ---- ---- ---- ---- ---- ---- ----
   1 0VL01A   1979 2010        .58
   2 0VL01B   1982 2010        .87
   3 0VL02A   1978 2010        .77
   4 0VL02B   1978 2010        .83
   5 0VL03A   1977 2010        .68
   6 0VL03B   1976 2010        .62
   7 0VL04A   1978 2009        .64
   8 0VL04B   1976 2010        .74
   9 0VL05A   1979 2010        .69
  10 0VL05B   1978 2010        .75
  11 0VL06A   1978 2010        .79
  12 0VL06B   1976 2010        .63
  13 0VL07A   1980 2010        .79
  14 0VL07B   1979 2009        .52
  15 0VL08A   1982 2010        .90
  16 0VL08B   1980 2010        .79
  17 0VL09A   1961 2009   .23A
  18 0VL09B   1960 2010   .44  .65
  19 0VL10A   1958 2010   .46  .55
  20 0VL10B   1958 2010   .73  .74
  21 0VL11A   1957 2009   .53  .52
  22 0VL11B   1957 2009   .55  .51
  23 0VL12A   1956 2010   .28A .56
  24 0VL12B   1956 2010   .29A .56
  25 0VL13A   1971 2010   .48
  26 0VL13B   1971 2010  -.01B
 Av segment correlation   .40  .68
PART 6:  POTENTIAL PROBLEMS: v                                                                     21:34  Mon 14 Nov 2011  Page   5
------------------------------------------------------------------------------------------------------------------------------------

 For each series with potential problems the following diagnostics may appear:

 [A] Correlations with master dating series of flagged  50-year segments of series filtered with  32-year spline,
     at every point from ten years earlier (-10) to ten years later (+10) than dated

 [B] Effect of those data values which most lower or raise correlation with master series
     Symbol following year indicates value in series is greater (>) or lesser (<) than master series value

 [C] Year-to-year changes very different from the mean change in other series

 [D] Absent rings (zero values)

 [E] Values which are statistical outliers from mean for the year
====================================================================================================================================

 0VL01A    1979 to  2010      32 years                                                                                    Series   1

 [B] Entire series, effect on correlation (  .583) is:
       Lower   1979< -.093   2003< -.026   1995> -.025   2002< -.020   1982> -.012   1996> -.011  Higher   2010  .070   1984  .033

====================================================================================================================================

 0VL01B    1982 to  2010      29 years                                                                                    Series   2

 [B] Entire series, effect on correlation (  .875) is:
       Lower   1989< -.024   2006> -.015   1996> -.012   1992> -.011   2004> -.010   1990< -.010  Higher   2010  .081   1995  .016

====================================================================================================================================

 0VL02A    1978 to  2010      33 years                                                                                    Series   3

 [B] Entire series, effect on correlation (  .772) is:
       Lower   1998< -.024   1994< -.010   1989> -.008   1982> -.008   2004> -.006   1987> -.006  Higher   2003  .010   2010  .009

====================================================================================================================================

 0VL02B    1978 to  2010      33 years                                                                                    Series   4

 [B] Entire series, effect on correlation (  .834) is:
       Lower   1989> -.019   1982> -.018   2004> -.014   1986< -.009   1985< -.008   1992> -.007  Higher   2010  .075   1995  .020

====================================================================================================================================

 0VL03A    1977 to  2010      34 years                                                                                    Series   5

 [B] Entire series, effect on correlation (  .684) is:
       Lower   1985< -.037   1982> -.029   1984< -.023   1986< -.021   1979> -.017   1998> -.017  Higher   2010  .124   1995  .024

====================================================================================================================================

 0VL03B    1976 to  2010      35 years                                                                                    Series   6

 [B] Entire series, effect on correlation (  .616) is:
       Lower   1993< -.063   1979> -.023   1992< -.017   1980> -.017   1977< -.016   2002< -.009  Higher   2010  .081   2003  .019

====================================================================================================================================

 0VL04A    1978 to  2009      32 years                                                                                    Series   7

 [B] Entire series, effect on correlation (  .643) is:
       Lower   2006< -.033   2000> -.022   2008< -.021   1987> -.014   1996> -.010   1993> -.007  Higher   1984  .034   1978  .021

====================================================================================================================================

 0VL04B    1976 to  2010      35 years                                                                                    Series   8

 [B] Entire series, effect on correlation (  .740) is:
       Lower   1996< -.045   1976< -.031   1985< -.026   1997< -.023   1993> -.010   1990> -.008  Higher   2010  .122   1984  .021

====================================================================================================================================

 0VL05A    1979 to  2010      32 years                                                                                    Series   9

 [B] Entire series, effect on correlation (  .689) is:
       Lower   1998< -.150   1995> -.010   1986> -.003   1996> -.003   2004> -.003   2009> -.002  Higher   1984  .023   1993  .017

====================================================================================================================================

 0VL05B    1978 to  2010      33 years                                                                                    Series  10

 [B] Entire series, effect on correlation (  .747) is:
       Lower   1998< -.023   1978< -.020   1980> -.018   1982< -.015   1990< -.006   2010> -.006  Higher   1984  .021   1993  .012

====================================================================================================================================

 0VL06A    1978 to  2010      33 years                                                                                    Series  11

 [B] Entire series, effect on correlation (  .788) is:
       Lower   1993> -.065   1987< -.030   1997< -.013   1986< -.012   1980> -.009   1985< -.007  Higher   2010  .147   1995  .012

====================================================================================================================================

 0VL06B    1976 to  2010      35 years                                                                                    Series  12

 [B] Entire series, effect on correlation (  .631) is:
       Lower   1993> -.044   1997< -.033   1980> -.024   1976< -.022   1982> -.016   1987< -.012  Higher   2010  .051   1995  .048

====================================================================================================================================

 0VL07A    1980 to  2010      31 years                                                                                    Series  13

 [B] Entire series, effect on correlation (  .790) is:
       Lower   1985< -.042   2004> -.023   1980> -.023   1984< -.014   1999> -.013   1981< -.006  Higher   2010  .084   1995  .022

====================================================================================================================================

 0VL07B    1979 to  2009      31 years                                                                                    Series  14

 [B] Entire series, effect on correlation (  .516) is:
       Lower   2009< -.110   1980> -.049   2004> -.029   1981< -.026   1985< -.019   1996< -.016  Higher   1995  .103   1982  .051

====================================================================================================================================

 0VL08A    1982 to  2010      29 years                                                                                    Series  15

 [B] Entire series, effect on correlation (  .898) is:
       Lower   1982< -.033   1993> -.009   2004> -.008   2007< -.008   1984< -.007   2002> -.007  Higher   2010  .077   1995  .013

====================================================================================================================================

 0VL08B    1980 to  2010      31 years                                                                                    Series  16

 [B] Entire series, effect on correlation (  .786) is:
       Lower   1993> -.051   1980> -.027   1985< -.024   1986< -.016   1989< -.016   1987< -.007  Higher   2010  .170   1995  .023

====================================================================================================================================

 0VL09A    1961 to  2009      49 years                                                                                    Series  17

 [A] Segment   High   -10   -9   -8   -7   -6   -5   -4   -3   -2   -1   +0   +1   +2   +3   +4   +5   +6   +7   +8   +9  +10
    ---------  ----   ---  ---  ---  ---  ---  ---  ---  ---  ---  ---  ---  ---  ---  ---  ---  ---  ---  ---  ---  ---  ---
    1961 2009    0      -    -    -    -    - -.08 -.04 -.02  .13 -.02  .23*-.06    -    -    -    -    -    -    -    -    -

 [B] Entire series, effect on correlation (  .228) is:
       Lower   1982> -.086   1969< -.036   1967> -.031   1973> -.030   1995> -.027   1972> -.016  Higher   1993  .091   1984  .044
     1961 to 2009 segment:
       Lower   1982> -.086   1969< -.036   1967> -.031   1973> -.030   1995> -.027   1972> -.016  Higher   1993  .091   1984  .044

 [E] Outliers     1   3.0 SD above or -4.5 SD below mean for year
       1982 +3.7 SD
====================================================================================================================================

 0VL09B    1960 to  2010      51 years                                                                                    Series  18

 [B] Entire series, effect on correlation (  .611) is:
       Lower   1972> -.063   1960> -.043   1999> -.020   1991< -.015   1965< -.014   1983< -.013  Higher   2010  .168   1995  .026

====================================================================================================================================

 0VL10A    1958 to  2010      53 years                                                                                    Series  19

 [B] Entire series, effect on correlation (  .541) is:
       Lower   1980< -.056   1963< -.050   1969> -.022   1966> -.017   1992< -.008   1987< -.006  Higher   2010  .077   1984  .033

====================================================================================================================================

 0VL10B    1958 to  2010      53 years                                                                                    Series  20

 [B] Entire series, effect on correlation (  .730) is:
       Lower   1973< -.038   1961< -.021   1959> -.015   1978> -.011   1975> -.009   1976> -.008  Higher   1995  .029   1984  .015

====================================================================================================================================

 0VL11A    1957 to  2009      53 years                                                                                    Series  21

 [B] Entire series, effect on correlation (  .506) is:
       Lower   1993> -.050   1968> -.031   2007< -.018   1959< -.015   2000> -.013   1962< -.012  Higher   1984  .036   1995  .031

====================================================================================================================================

 0VL11B    1957 to  2009      53 years                                                                                    Series  22

 [B] Entire series, effect on correlation (  .477) is:
       Lower   1958< -.046   2007< -.042   2009< -.026   1982> -.023   1968> -.020   1991< -.019  Higher   1984  .040   2003  .033

====================================================================================================================================

 0VL12A    1956 to  2010      55 years                                                                                    Series  23

 [A] Segment   High   -10   -9   -8   -7   -6   -5   -4   -3   -2   -1   +0   +1   +2   +3   +4   +5   +6   +7   +8   +9  +10
    ---------  ----   ---  ---  ---  ---  ---  ---  ---  ---  ---  ---  ---  ---  ---  ---  ---  ---  ---  ---  ---  ---  ---
    1956 2005    0      -    -    -    -    -    -    -    -    -    -  .28*-.15  .04  .03  .16 -.01    -    -    -    -    -

 [B] Entire series, effect on correlation (  .530) is:
       Lower   1964< -.033   1991< -.023   1973> -.022   1965< -.022   1959< -.016   1983< -.015  Higher   2010  .227   1982  .020
     1956 to 2005 segment:
       Lower   1964< -.042   1991< -.028   1965< -.027   1973> -.026   1983< -.019   1959< -.019  Higher   1982  .057   2003  .035

====================================================================================================================================

 0VL12B    1956 to  2010      55 years                                                                                    Series  24

 [A] Segment   High   -10   -9   -8   -7   -6   -5   -4   -3   -2   -1   +0   +1   +2   +3   +4   +5   +6   +7   +8   +9  +10
    ---------  ----   ---  ---  ---  ---  ---  ---  ---  ---  ---  ---  ---  ---  ---  ---  ---  ---  ---  ---  ---  ---  ---
    1956 2005    0      -    -    -    -    -    -    -    -    -    -  .29*-.34  .02  .02  .08  .10    -    -    -    -    -

 [B] Entire series, effect on correlation (  .495) is:
       Lower   1960< -.037   1990< -.034   2000< -.028   1983< -.021   1959> -.018   1989< -.014  Higher   2010  .184   2003  .019
     1956 to 2005 segment:
       Lower   1960< -.039   1990< -.038   1983< -.026   1959> -.021   2000< -.017   1989< -.013  Higher   1982  .038   2003  .038

====================================================================================================================================

 0VL13A    1971 to  2010      40 years                                                                                    Series  25

 [B] Entire series, effect on correlation (  .476) is:
       Lower   2004> -.038   1994< -.034   1982> -.029   1999> -.028   1995> -.022   2008< -.019  Higher   2010  .377   1984  .034

====================================================================================================================================

 0VL13B    1971 to  2010      40 years                                                                                    Series  26

 [A] Segment   High   -10   -9   -8   -7   -6   -5   -4   -3   -2   -1   +0   +1   +2   +3   +4   +5   +6   +7   +8   +9  +10
    ---------  ----   ---  ---  ---  ---  ---  ---  ---  ---  ---  ---  ---  ---  ---  ---  ---  ---  ---  ---  ---  ---  ---
    1971 2010   -1    .14 -.18  .10  .12  .01 -.21 -.26 -.11 -.18  .17*-.01|   -    -    -    -    -    -    -    -    -    -

 [B] Entire series, effect on correlation ( -.008) is:
       Lower   2005< -.058   2007< -.043   1994< -.028   1999> -.023   2004> -.019   2003< -.017  Higher   1984  .065   1995  .037
     1971 to 2010 segment:
       Lower   2005< -.058   2007< -.043   1994< -.028   1999> -.023   2004> -.019   2003< -.017  Higher   1984  .065   1995  .037

 [E] Outliers     1   3.0 SD above or -4.5 SD below mean for year
       2010 +4.0 SD
====================================================================================================================================
PART 7:  DESCRIPTIVE STATISTICS: v                                                                 21:34  Mon 14 Nov 2011  Page   6
------------------------------------------------------------------------------------------------------------------------------------

                                                Corr   //-------- Unfiltered --------\\  //---- Filtered -----\\
                           No.    No.    No.    with   Mean   Max     Std   Auto   Mean   Max     Std   Auto  AR
 Seq Series   Interval   Years  Segmt  Flags   Master  msmt   msmt    dev   corr   sens  value    dev   corr  ()
 --- -------- ---------  -----  -----  -----   ------ -----  -----  -----  -----  -----  -----  -----  -----  --
   1 0VL01A   1979 2010     32      1      0    .583   1.72   2.87   .580   .388   .293   2.71   .644   .070   1
   2 0VL01B   1982 2010     29      1      0    .875   1.84   3.02   .577   .524   .251   2.58   .577  -.066   1
   3 0VL02A   1978 2010     33      1      0    .772   1.74   2.93   .551   .403   .269   2.45   .562  -.020   1
   4 0VL02B   1978 2010     33      1      0    .834   1.58   2.38   .422   .364   .246   2.61   .608   .043   1
   5 0VL03A   1977 2010     34      1      0    .684   1.62   2.63   .541   .376   .305   2.54   .657   .002   1
   6 0VL03B   1976 2010     35      1      0    .616   1.60   3.16   .731   .721   .227   2.45   .470   .033   2
   7 0VL04A   1978 2009     32      1      0    .643   2.55   3.72   .621   .302   .254   2.64   .566  -.017   1
   8 0VL04B   1976 2010     35      1      0    .740   2.35   3.81   .714   .477   .266   2.72   .599   .041   2
   9 0VL05A   1979 2010     32      1      0    .689   2.46   4.63   .971   .618   .287   2.62   .600   .066   1
  10 0VL05B   1978 2010     33      1      0    .747   2.46   4.38   .892   .671   .253   2.77   .677  -.090   1
  11 0VL06A   1978 2010     33      1      0    .788   2.36   3.71   .607   .218   .231   2.69   .516  -.006   1
  12 0VL06B   1976 2010     35      1      0    .631   2.03   3.35   .579   .279   .237   2.80   .605  -.002   1
  13 0VL07A   1980 2010     31      1      0    .790   2.26   3.13   .588   .271   .255   2.51   .661  -.023   1
  14 0VL07B   1979 2009     31      1      0    .516   2.39   3.54   .521   .153   .227   2.66   .677   .039   1
  15 0VL08A   1982 2010     29      1      0    .898   2.96   4.11   .904   .309   .245   2.54   .552  -.033   1
  16 0VL08B   1980 2010     31      1      0    .786   2.60   3.57   .657   .373   .219   2.35   .511   .006   1
  17 0VL09A   1961 2009     49      1      1    .228   1.27   2.92   .722   .683   .298   2.84   .591  -.006   2
  18 0VL09B   1960 2010     51      2      0    .611   1.16   2.58   .701   .700   .349   2.74   .507  -.004   2
  19 0VL10A   1958 2010     53      2      0    .541    .83   1.65   .314   .678   .243   2.71   .476  -.052   1
  20 0VL10B   1958 2010     53      2      0    .730    .90   1.88   .380   .748   .248   2.69   .571   .034   1
  21 0VL11A   1957 2009     53      2      0    .506    .56   1.20   .207   .686   .250   2.79   .603  -.039   1
  22 0VL11B   1957 2009     53      2      0    .477    .68   1.65   .295   .699   .293   2.76   .529  -.004   1
  23 0VL12A   1956 2010     55      2      1    .530   1.01   2.64   .781   .845   .381   2.60   .450   .021   1
  24 0VL12B   1956 2010     55      2      1    .495    .81   2.25   .579   .839   .333   2.68   .542   .011   1
  25 0VL13A   1971 2010     40      1      0    .476    .35   1.02   .213   .615   .345   2.70   .428   .023   1
  26 0VL13B   1971 2010     40      1      1   -.008    .45   1.39   .296   .724   .407   2.96   .578   .022   1
 --- -------- ---------  -----  -----  -----   ------ -----  -----  -----  -----  -----  -----  -----  -----  --
 Total or mean:           1020     33      4    .599   1.49   4.63   .556   .563   .283   2.96   .561   .002
PART 8:  ADJUSTMENTS FOR UNDATED SERIES: v                                                         21:34  Mon 14 Nov 2011  Page   7
------------------------------------------------------------------------------------------------------------------------------------

 Time span  1956  2010    55 years, best matches for  50-year segments lagged  25 years
 Listed in order from highest correlation

           Counted       Corr      Corr      Corr      Corr      Corr      Corr      Corr      Corr      Corr      Corr      Corr
 Series    Segment   Add  # 1  Add  # 2  Add  # 3  Add  # 4  Add  # 5  Add  # 6  Add  # 7  Add  # 8  Add  # 9  Add  #10  Add  #11
 -------- ---------  --------  --------  --------  --------  --------  --------  --------  --------  --------  --------  --------
 0VD01A   1974 2002     0 .48    -9 .37    -2 .27    -7 .26   -13 .18    -8 .17    -4 .14     7 .08     8 .07     3 .06   -14 .03
===================  ========  ========  ========  ========  ========  ========  ========  ========  ========  ========  ========
           Counted       Corr      Corr      Corr      Corr      Corr      Corr      Corr      Corr      Corr      Corr      Corr
 Series    Segment   Add  # 1  Add  # 2  Add  # 3  Add  # 4  Add  # 5  Add  # 6  Add  # 7  Add  # 8  Add  # 9  Add  #10  Add  #11
 -------- ---------  --------  --------  --------  --------  --------  --------  --------  --------  --------  --------  --------
 0VD01B   1974 1999     0 .37     8 .30    11 .28    -9 .28    -4 .25    -7 .23    -2 .21     5 .07    -8 .06    -5 .04   -14 .02
===================  ========  ========  ========  ========  ========  ========  ========  ========  ========  ========  ========
           Counted       Corr      Corr      Corr      Corr      Corr      Corr      Corr      Corr      Corr      Corr      Corr
 Series    Segment   Add  # 1  Add  # 2  Add  # 3  Add  # 4  Add  # 5  Add  # 6  Add  # 7  Add  # 8  Add  # 9  Add  #10  Add  #11
 -------- ---------  --------  --------  --------  --------  --------  --------  --------  --------  --------  --------  --------
 0VD02A   1985 2001     0 .69   -26 .39   -13 .39    -2 .29   -27 .26   -22 .19   -17 .18   -20 .17    -9 .15    -5 .14   -15 .11
===================  ========  ========  ========  ========  ========  ========  ========  ========  ========  ========  ========
           Counted       Corr      Corr      Corr      Corr      Corr      Corr      Corr      Corr      Corr      Corr      Corr
 Series    Segment   Add  # 1  Add  # 2  Add  # 3  Add  # 4  Add  # 5  Add  # 6  Add  # 7  Add  # 8  Add  # 9  Add  #10  Add  #11
 -------- ---------  --------  --------  --------  --------  --------  --------  --------  --------  --------  --------  --------
 0VD02B   1985 2001     0 .66   -22 .38   -13 .34    -2 .30     4 .28   -17 .23    -9 .21   -23 .20   -15 .18   -27 .17   -20 .16
===================  ========  ========  ========  ========  ========  ========  ========  ========  ========  ========  ========
        4 undated series

                                              - = [  COFECHA V    COF  ] = -
