[]  Dendrochronology Program Library                                        Run VV     Program COF  21:26  Mon 14 Nov 2011  Page   1
[]
[]  P R O G R A M      C O F E C H A                                                                          Version 6.06P    28078
------------------------------------------------------------------------------------------------------------------------------------

 QUALITY CONTROL AND DATING CHECK OF TREE-RING MEASUREMENTS

 Title of run:           vv                                      

 File of DATED series:   VVL.raw

 File of UNDATED series: VVD.raw

 CONTENTS:

    Part 1:  Title page, options selected, summary, absent rings by series
    Part 2:  Histogram of time spans
    Part 3:  Master series with sample depth and absent rings by year
    Part 4:  Bar plot of Master Dating Series
    Part 5:  Correlation by segment of each series with Master
    Part 6:  Potential problems: low correlation, divergent year-to-year changes, absent rings, outliers
    Part 7:  Descriptive statistics
    Part 8:  Undated series - adjustments for highest correlations

 RUN CONTROL OPTIONS SELECTED                             VALUE

         1  Cubic smoothing spline 50% wavelength cutoff for filtering
                                                            32 years
         2  Segments examined are                           50 years lagged successively by  25 years
         3  Autoregressive model applied                     A  Residuals are used in master dating series and testing
         4  Series transformed to logarithms                 Y  Each series log-transformed for master dating series and testing
         5  CORRELATION is Pearson (parametric, quantitative)
            Critical correlation, 99% confidence level   .3281
         6  Master dating series saved                       N
         7  Ring measurements listed                         N
         8  Parts printed                             12345678 
         9  Absent rings are omitted from master series and segment correlations  (Y)

 Time span of Master dating series is  1959 to  2011    53 years
 Continuous time span is               1959 to  2011    53 years
 Portion with two or more series is    1960 to  2011    52 years


                                        ****************************************
                                        *C* Number of dated series        28 *C*
                                        *O* Master series 1959 2011   53 yrs *O*
                                        *F* Total rings in all series    818 *F*
                                        *E* Total dated rings checked    817 *E*
                                        *C* Series intercorrelation     .468 *C*
                                        *H* Average mean sensitivity    .213 *H*
                                        *A* Segments, possible problems   12 *A*
                                        *** Mean length of series       29.2 ***
                                        ****************************************

 ABSENT RINGS listed by SERIES:            (See Master Dating Series for absent rings listed by year)

               No ring measurements of zero value
PART 2:  TIME PLOT OF TREE-RING SERIES: vv                                                         21:26  Mon 14 Nov 2011  Page   2
------------------------------------------------------------------------------------------------------------------------------------
 1050 1100 1150 1200 1250 1300 1350 1400 1450 1500 1550 1600 1650 1700 1750 1800 1850 1900 1950 2000 2050 Ident   Seq Time-span  Yrs
   :    :    :    :    :    :    :    :    :    :    :    :    :    :    :    :    :    :    :    :    : -------- --- ---- ---- ----
   .    .    .    .    .    .    .    .    .    .    .    .    .    .    .    .    .    .    .  <==>   . VVL01A     1 1989 2011   23
   .    .    .    .    .    .    .    .    .    .    .    .    .    .    .    .    .    .    .  <==>   . VVL01B     2 1989 2011   23
   .    .    .    .    .    .    .    .    .    .    .    .    .    .    .    .    .    .    .   <=>   . VVL02A     3 1991 2011   21
   .    .    .    .    .    .    .    .    .    .    .    .    .    .    .    .    .    .    .   <=>   . VVL02B     4 1991 2011   21
   .    .    .    .    .    .    .    .    .    .    .    .    .    .    .    .    .    .    .  <==>   . VVL03A     5 1982 2011   30
   .    .    .    .    .    .    .    .    .    .    .    .    .    .    .    .    .    .    .  <==>   . VVL03B     6 1982 2011   30
   .    .    .    .    .    .    .    .    .    .    .    .    .    .    .    .    .    .    .  <==>   . VVL04A     7 1983 2011   29
   .    .    .    .    .    .    .    .    .    .    .    .    .    .    .    .    .    .    .  <==>   . VVL04B     8 1983 2011   29
   .    .    .    .    .    .    .    .    .    .    .    .    .    .    .    .    .    .    .  <==>   . VVL05A     9 1981 2011   31
   .    .    .    .    .    .    .    .    .    .    .    .    .    .    .    .    .    .    .  <==>   . VVL05B    10 1981 2011   31
   .    .    .    .    .    .    .    .    .    .    .    .    .    .    .    .    .    .    .  <==>   . VVL06A    11 1988 2010   23
   .    .    .    .    .    .    .    .    .    .    .    .    .    .    .    .    .    .    .  <==>   . VVL06B    12 1988 2010   23
   .    .    .    .    .    .    .    .    .    .    .    .    .    .    .    .    .    .    .  <==>   . VVL07A    13 1988 2011   24
   .    .    .    .    .    .    .    .    .    .    .    .    .    .    .    .    .    .    .  <==>   . VVL07B    14 1988 2011   24
   .    .    .    .    .    .    .    .    .    .    .    .    .    .    .    .    .    .    .   <=>   . VVL08A    15 1991 2011   21
   .    .    .    .    .    .    .    .    .    .    .    .    .    .    .    .    .    .    .   <=>   . VVL08B    16 1991 2011   21
   .    .    .    .    .    .    .    .    .    .    .    .    .    .    .    .    .    .    .  <==>   . VVL09A    17 1989 2011   23
   .    .    .    .    .    .    .    .    .    .    .    .    .    .    .    .    .    .    .  <==>   . VVL09B    18 1989 2011   23
   .    .    .    .    .    .    .    .    .    .    .    .    .    .    .    .    .    .    .  <==>   . VVL11A    19 1984 2011   28
   .    .    .    .    .    .    .    .    .    .    .    .    .    .    .    .    .    .    .  <==>   . VVL11B    20 1986 2011   26
   .    .    .    .    .    .    .    .    .    .    .    .    .    .    .    .    .    .    .  <==>   . VVL12A    21 1986 2011   26
   .    .    .    .    .    .    .    .    .    .    .    .    .    .    .    .    .    .    .  <==>   . VVL12B    22 1985 2011   27
   .    .    .    .    .    .    .    .    .    .    .    .    .    .    .    .    .    .    .  <==>   . VVL13A    23 1981 2011   31
   .    .    .    .    .    .    .    .    .    .    .    .    .    .    .    .    .    .    .  <==>   . VVL13B    24 1982 2011   30
   .    .    .    .    .    .    .    .    .    .    .    .    .    .    .    .    .    .    .<====>   . VVL14A    25 1960 2011   52
   .    .    .    .    .    .    .    .    .    .    .    .    .    .    .    .    .    .    .<====>   . VVL14B    26 1962 2011   50
   .    .    .    .    .    .    .    .    .    .    .    .    .    .    .    .    .    .    .<====>   . VVL15A    27 1967 2011   45
   .    .    .    .    .    .    .    .    .    .    .    .    .    .    .    .    .    .    <=====>   . VVL15B    28 1959 2011   53
   :    :    :    :    :    :    :    :    :    :    :    :    :    :    :    :    :    :    :    :    :
 1050 1100 1150 1200 1250 1300 1350 1400 1450 1500 1550 1600 1650 1700 1750 1800 1850 1900 1950 2000 2050
   :    :    :    :    :    :    :    :    :    :    :    :    :    :    :    :    :    :    :    :    :
 1050 1100 1150 1200 1250 1300 1350 1400 1450 1500 1550 1600 1650 1700 1750 1800 1850 1900 1950 2000 2050
PART 3:  Master Dating Series: vv                                                                  21:26  Mon 14 Nov 2011  Page   3
------------------------------------------------------------------------------------------------------------------------------------
  Year  Value  No Ab    Year  Value  No Ab    Year  Value  No Ab    Year  Value  No Ab    Year  Value  No Ab    Year  Value  No Ab
  ------------------    ------------------    ------------------    ------------------    ------------------    ------------------
                        2000   .486  28
                        2001   .631  28
                        2002  -.374  28
                        2003 -1.535  28
                        2004  -.936  28
                        2005  -.168  28
                        2006   .306  28
                        2007   .151  28
                        2008  -.124  28
  1959  2.331   1       2009   .766  28

  1960 -1.059   2       2010   .533  28
  1961  -.919   2       2011 -2.597  26
  1962 -1.830   3
  1963 -1.149   3
  1964   .110   3
  1965   .958   3
  1966  1.044   3
  1967  1.190   4
  1968  1.413   4
  1969 -1.145   4

  1970 -1.789   4
  1971  -.703   4
  1972   .074   4
  1973   .604   4
  1974  1.102   4
  1975  1.085   4
  1976  1.154   4
  1977  1.055   4
  1978   .482   4
  1979  -.240   4

  1980 -1.707   4
  1981   .477   7
  1982   .014  10
  1983   .219  12
  1984   .084  13
  1985 -1.478  14
  1986 -1.171  16
  1987 -1.403  16
  1988  -.764  20
  1989  -.614  24

  1990   .284  24
  1991   .676  28
  1992   .383  28
  1993   .269  28
  1994   .403  28
  1995   .375  28
  1996   .548  28
  1997   .666  28
  1998  1.076  28
  1999   .756  28
------------------------------------------------------------------------------------------------------------------------------------
PART 4:  Master Bar Plot: vv                                                                       21:26  Mon 14 Nov 2011  Page   4
------------------------------------------------------------------------------------------------------------------------------------
   Year Rel value  Year Rel value  Year Rel value  Year Rel value  Year Rel value  Year Rel value  Year Rel value  Year Rel value
                   2000-------B
                   2001-------C
                   2002---a
                   2003f
                   2004--d
                   2005---a
                   2006-----A
                   2007----A
                   2008---@
   1959----------I 2009--------C
   1960-d          2010-------B
   1961--d         2011j
   1962g
   1963-e
   1964----@
   1965---------D
   1966---------D
   1967---------E
   1968----------F
   1969-e
   1970g
   1971--c
   1972----@
   1973-------B
   1974---------D
   1975---------D
   1976---------E
   1977---------D
   1978-------B
   1979---a
   1980g
   1981-------B
   1982----@
   1983-----A
   1984----@
   1985-f
   1986-e
   1987-f
   1988--c
   1989--b
   1990-----A
   1991--------C
   1992------B
   1993-----A
   1994------B
   1995------B
   1996-------B
   1997--------C
   1998---------D
   1999--------C
PART 5:  CORRELATION OF SERIES BY SEGMENTS: vv                                                     21:26  Mon 14 Nov 2011  Page   5
------------------------------------------------------------------------------------------------------------------------------------
 Correlations of  50-year dated segments, lagged  25 years
 Flags:  A = correlation under   .3281 but highest as dated;  B = correlation higher at other than dated position

 Seq Series  Time_span   1950 1975
                         1999 2024
 --- -------- ---------  ---- ---- ---- ---- ---- ---- ---- ---- ---- ---- ---- ---- ---- ---- ---- ---- ---- ---- ---- ----
   1 VVL01A   1989 2011        .61
   2 VVL01B   1989 2011        .23B
   3 VVL02A   1991 2011        .50B
   4 VVL02B   1991 2011        .71
   5 VVL03A   1982 2011        .41
   6 VVL03B   1982 2011        .72
   7 VVL04A   1983 2011        .71
   8 VVL04B   1983 2011        .10B
   9 VVL05A   1981 2011        .31A
  10 VVL05B   1981 2011        .39
  11 VVL06A   1988 2010        .43B
  12 VVL06B   1988 2010        .40
  13 VVL07A   1988 2011        .75
  14 VVL07B   1988 2011        .75
  15 VVL08A   1991 2011        .56
  16 VVL08B   1991 2011        .57B
  17 VVL09A   1989 2011        .26B
  18 VVL09B   1989 2011        .09B
  19 VVL11A   1984 2011        .51
  20 VVL11B   1986 2011        .34B
  21 VVL12A   1986 2011        .34B
  22 VVL12B   1985 2011        .42B
  23 VVL13A   1981 2011        .72
  24 VVL13B   1982 2011        .72
  25 VVL14A   1960 2011   .40  .41
  26 VVL14B   1962 2011   .56
  27 VVL15A   1967 2011   .37
  28 VVL15B   1959 2011   .24B .33
 Av segment correlation   .39  .47
PART 6:  POTENTIAL PROBLEMS: vv                                                                    21:26  Mon 14 Nov 2011  Page   5
------------------------------------------------------------------------------------------------------------------------------------

 For each series with potential problems the following diagnostics may appear:

 [A] Correlations with master dating series of flagged  50-year segments of series filtered with  32-year spline,
     at every point from ten years earlier (-10) to ten years later (+10) than dated

 [B] Effect of those data values which most lower or raise correlation with master series
     Symbol following year indicates value in series is greater (>) or lesser (<) than master series value

 [C] Year-to-year changes very different from the mean change in other series

 [D] Absent rings (zero values)

 [E] Values which are statistical outliers from mean for the year
====================================================================================================================================

 VVL01A    1989 to  2011      23 years                                                                                    Series   1

 [B] Entire series, effect on correlation (  .607) is:
       Lower   1994< -.065   1992< -.044   1989> -.042   2002> -.036   2008> -.019   2004> -.012  Higher   2011  .312   2003  .062

====================================================================================================================================

 VVL01B    1989 to  2011      23 years                                                                                    Series   2

 [A] Segment   High   -10   -9   -8   -7   -6   -5   -4   -3   -2   -1   +0   +1   +2   +3   +4   +5   +6   +7   +8   +9  +10
    ---------  ----   ---  ---  ---  ---  ---  ---  ---  ---  ---  ---  ---  ---  ---  ---  ---  ---  ---  ---  ---  ---  ---
    1989 2011   -5   -.21 -.21  .05  .20 -.06  .26*-.04  .18 -.12  .12  .23|   -    -    -    -    -    -    -    -    -    -

 [B] Entire series, effect on correlation (  .230) is:
       Lower   1992< -.132   2011> -.051   2002> -.037   1989> -.033   2005< -.019   2001< -.010  Higher   2003  .078   2009  .040
     1989 to 2011 segment:
       Lower   1992< -.132   2011> -.051   2002> -.037   1989> -.033   2005< -.019   2001< -.010  Higher   2003  .078   2009  .040

====================================================================================================================================

 VVL02A    1991 to  2011      21 years                                                                                    Series   3

 [A] Segment   High   -10   -9   -8   -7   -6   -5   -4   -3   -2   -1   +0   +1   +2   +3   +4   +5   +6   +7   +8   +9  +10
    ---------  ----   ---  ---  ---  ---  ---  ---  ---  ---  ---  ---  ---  ---  ---  ---  ---  ---  ---  ---  ---  ---  ---
    1991 2011   -1    .00  .04 -.06 -.21 -.38 -.25 -.35 -.22 -.12  .62* .50|   -    -    -    -    -    -    -    -    -    -

 [B] Entire series, effect on correlation (  .496) is:
       Lower   2011> -.205   1994< -.025   1999< -.015   2002> -.009   2004< -.008   2007> -.007  Higher   2003  .068   2009  .021
     1991 to 2011 segment:
       Lower   2011> -.205   1994< -.025   1999< -.015   2002> -.009   2004< -.008   2007> -.007  Higher   2003  .068   2009  .021

====================================================================================================================================

 VVL02B    1991 to  2011      21 years                                                                                    Series   4

 [B] Entire series, effect on correlation (  .707) is:
       Lower   1997< -.027   1992< -.024   1994< -.015   1991> -.012   1995< -.012   2008> -.009  Higher   2003  .016   2009  .012

====================================================================================================================================

 VVL03A    1982 to  2011      30 years                                                                                    Series   5

 [B] Entire series, effect on correlation (  .406) is:
       Lower   2002< -.035   1999< -.035   2006< -.034   2010< -.031   2003> -.023   1982> -.022  Higher   2011  .134   1987  .023

====================================================================================================================================

 VVL03B    1982 to  2011      30 years                                                                                    Series   6

 [B] Entire series, effect on correlation (  .723) is:
       Lower   1983< -.077   1982> -.027   2003> -.021   2010< -.015   1995< -.011   1988> -.009  Higher   2011  .313   1998  .009

====================================================================================================================================

 VVL04A    1983 to  2011      29 years                                                                                    Series   7

 [B] Entire series, effect on correlation (  .710) is:
       Lower   2008< -.066   1985> -.061   1983> -.014   2005< -.011   2010< -.010   1993> -.009  Higher   2011  .227   2003  .027

====================================================================================================================================

 VVL04B    1983 to  2011      29 years                                                                                    Series   8

 [A] Segment   High   -10   -9   -8   -7   -6   -5   -4   -3   -2   -1   +0   +1   +2   +3   +4   +5   +6   +7   +8   +9  +10
    ---------  ----   ---  ---  ---  ---  ---  ---  ---  ---  ---  ---  ---  ---  ---  ---  ---  ---  ---  ---  ---  ---  ---
    1983 2011   -2   -.13 -.11 -.07 -.15  .02  .07  .05  .14  .49* .18  .10|   -    -    -    -    -    -    -    -    -    -

 [B] Entire series, effect on correlation (  .102) is:
       Lower   2011> -.193   2005< -.120   1986> -.009   2006< -.008   1993< -.008   2004> -.006  Higher   2003  .044   1987  .038
     1983 to 2011 segment:
       Lower   2011> -.193   2005< -.120   1986> -.009   2006< -.008   1993< -.008   2004> -.006  Higher   2003  .044   1987  .038

 [C] Year-to-year changes diverging by over 4.0 std deviations:
       2010 2011   4.7 SD

 [E] Outliers     1   3.0 SD above or -4.5 SD below mean for year
       2011 +3.4 SD
====================================================================================================================================

 VVL05A    1981 to  2011      31 years                                                                                    Series   9

 [A] Segment   High   -10   -9   -8   -7   -6   -5   -4   -3   -2   -1   +0   +1   +2   +3   +4   +5   +6   +7   +8   +9  +10
    ---------  ----   ---  ---  ---  ---  ---  ---  ---  ---  ---  ---  ---  ---  ---  ---  ---  ---  ---  ---  ---  ---  ---
    1981 2011    0   -.25 -.17 -.03 -.09  .15  .10 -.04 -.14 -.12  .11  .31*   -    -    -    -    -    -    -    -    -    -

 [B] Entire series, effect on correlation (  .314) is:
       Lower   2011> -.220   2008< -.035   2002> -.033   1987> -.013   1984< -.013   1992> -.010  Higher   2003  .103   1985  .081
     1981 to 2011 segment:
       Lower   2011> -.220   2008< -.035   2002> -.033   1987> -.013   1984< -.013   1992> -.010  Higher   2003  .103   1985  .081

 [C] Year-to-year changes diverging by over 4.0 std deviations:
       2010 2011   5.2 SD

====================================================================================================================================

 VVL05B    1981 to  2011      31 years                                                                                    Series  10

 [B] Entire series, effect on correlation (  .386) is:
       Lower   2011> -.121   2008< -.059   1982< -.020   2009< -.020   2002> -.014   1989> -.014  Higher   1985  .091   2003  .044

====================================================================================================================================

 VVL06A    1988 to  2010      23 years                                                                                    Series  11

 [A] Segment   High   -10   -9   -8   -7   -6   -5   -4   -3   -2   -1   +0   +1   +2   +3   +4   +5   +6   +7   +8   +9  +10
    ---------  ----   ---  ---  ---  ---  ---  ---  ---  ---  ---  ---  ---  ---  ---  ---  ---  ---  ---  ---  ---  ---  ---
    1988 2010    1   -.03 -.14 -.14  .22 -.18 -.13 -.01 -.16 -.04 -.13  .43| .60*   -    -    -    -    -    -    -    -    -

 [B] Entire series, effect on correlation (  .430) is:
       Lower   2010< -.108   1988> -.060   2000< -.038   2008> -.028   2005> -.025   1993> -.015  Higher   2002  .108   2003  .054
     1988 to 2010 segment:
       Lower   2010< -.108   1988> -.060   2000< -.038   2008> -.028   2005> -.025   1993> -.015  Higher   2002  .108   2003  .054

====================================================================================================================================

 VVL06B    1988 to  2010      23 years                                                                                    Series  12

 [B] Entire series, effect on correlation (  .397) is:
       Lower   1988> -.090   1992< -.051   2003> -.030   2007< -.026   1990< -.019   2005> -.019  Higher   2002  .107   1998  .052

====================================================================================================================================

 VVL07A    1988 to  2011      24 years                                                                                    Series  13

 [B] Entire series, effect on correlation (  .747) is:
       Lower   2003> -.068   1990< -.048   2002> -.020   1991< -.017   1988> -.012   2006< -.009  Higher   2011  .635   1997  .006

====================================================================================================================================

 VVL07B    1988 to  2011      24 years                                                                                    Series  14

 [B] Entire series, effect on correlation (  .749) is:
       Lower   2003> -.060   2002> -.042   1990< -.026   1988> -.020   2004> -.015   1991< -.014  Higher   2011  .621   1997  .006

====================================================================================================================================

 VVL08A    1991 to  2011      21 years                                                                                    Series  15

 [B] Entire series, effect on correlation (  .557) is:
       Lower   2003> -.135   1999< -.066   1997< -.038   1998< -.019   2001< -.018   2007> -.014  Higher   2011  .708   2002  .015

====================================================================================================================================

 VVL08B    1991 to  2011      21 years                                                                                    Series  16

 [A] Segment   High   -10   -9   -8   -7   -6   -5   -4   -3   -2   -1   +0   +1   +2   +3   +4   +5   +6   +7   +8   +9  +10
    ---------  ----   ---  ---  ---  ---  ---  ---  ---  ---  ---  ---  ---  ---  ---  ---  ---  ---  ---  ---  ---  ---  ---
    1991 2011   -8    .03  .39  .69* .09 -.02 -.27 -.20 -.30 -.39 -.01  .57|   -    -    -    -    -    -    -    -    -    -

 [B] Entire series, effect on correlation (  .571) is:
       Lower   2003> -.096   1993< -.048   1992> -.046   2005> -.026   1997< -.025   2001< -.021  Higher   2011  .727   1991  .006
     1991 to 2011 segment:
       Lower   2003> -.096   1993< -.048   1992> -.046   2005> -.026   1997< -.025   2001< -.021  Higher   2011  .727   1991  .006

====================================================================================================================================

 VVL09A    1989 to  2011      23 years                                                                                    Series  17

 [A] Segment   High   -10   -9   -8   -7   -6   -5   -4   -3   -2   -1   +0   +1   +2   +3   +4   +5   +6   +7   +8   +9  +10
    ---------  ----   ---  ---  ---  ---  ---  ---  ---  ---  ---  ---  ---  ---  ---  ---  ---  ---  ---  ---  ---  ---  ---
    1989 2011   -9   -.08  .49* .12  .35  .13  .07  .17  .17  .26  .02  .26|   -    -    -    -    -    -    -    -    -    -

 [B] Entire series, effect on correlation (  .260) is:
       Lower   2003> -.050   1989< -.047   1994< -.034   2010< -.031   2004> -.027   2001< -.008  Higher   2011  .129   1990  .019
     1989 to 2011 segment:
       Lower   2003> -.050   1989< -.047   1994< -.034   2010< -.031   2004> -.027   2001< -.008  Higher   2011  .129   1990  .019

====================================================================================================================================

 VVL09B    1989 to  2011      23 years                                                                                    Series  18

 [A] Segment   High   -10   -9   -8   -7   -6   -5   -4   -3   -2   -1   +0   +1   +2   +3   +4   +5   +6   +7   +8   +9  +10
    ---------  ----   ---  ---  ---  ---  ---  ---  ---  ---  ---  ---  ---  ---  ---  ---  ---  ---  ---  ---  ---  ---  ---
    1989 2011  -10    .43* .19  .35  .37  .01 -.13 -.32 -.24 -.25 -.12  .09|   -    -    -    -    -    -    -    -    -    -

 [B] Entire series, effect on correlation (  .086) is:
       Lower   1995< -.114   1998< -.028   1997< -.017   1992< -.015   2001< -.007   2010< -.005  Higher   2011  .067   1990  .031
     1989 to 2011 segment:
       Lower   1995< -.114   1998< -.028   1997< -.017   1992< -.015   2001< -.007   2010< -.005  Higher   2011  .067   1990  .031

 [E] Outliers     1   3.0 SD above or -4.5 SD below mean for year
       1995 -4.5 SD
====================================================================================================================================

 VVL11A    1984 to  2011      28 years                                                                                    Series  19

 [B] Entire series, effect on correlation (  .515) is:
       Lower   1999< -.195   2009< -.019   2002> -.018   1988< -.017   1985> -.014   2000< -.010  Higher   2011  .398   2001  .009

====================================================================================================================================

 VVL11B    1986 to  2011      26 years                                                                                    Series  20

 [A] Segment   High   -10   -9   -8   -7   -6   -5   -4   -3   -2   -1   +0   +1   +2   +3   +4   +5   +6   +7   +8   +9  +10
    ---------  ----   ---  ---  ---  ---  ---  ---  ---  ---  ---  ---  ---  ---  ---  ---  ---  ---  ---  ---  ---  ---  ---
    1986 2011   -3   -.10  .22  .40 -.34 -.03 -.13  .20  .53* .15  .36  .34|   -    -    -    -    -    -    -    -    -    -

 [B] Entire series, effect on correlation (  .341) is:
       Lower   1988< -.156   2006< -.040   1987> -.028   1986> -.027   2002> -.019   1993< -.019  Higher   2011  .228   2001  .019
     1986 to 2011 segment:
       Lower   1988< -.156   2006< -.040   1987> -.028   1986> -.027   2002> -.019   1993< -.019  Higher   2011  .228   2001  .019

====================================================================================================================================

 VVL12A    1986 to  2011      26 years                                                                                    Series  21

 [A] Segment   High   -10   -9   -8   -7   -6   -5   -4   -3   -2   -1   +0   +1   +2   +3   +4   +5   +6   +7   +8   +9  +10
    ---------  ----   ---  ---  ---  ---  ---  ---  ---  ---  ---  ---  ---  ---  ---  ---  ---  ---  ---  ---  ---  ---  ---
    1986 2011   -8    .01  .06  .37*-.33 -.20 -.32  .01 -.08 -.10  .31  .34|   -    -    -    -    -    -    -    -    -    -

 [B] Entire series, effect on correlation (  .342) is:
       Lower   1993< -.094   1992> -.056   1997< -.032   2002> -.021   2007< -.015   1987> -.011  Higher   2011  .161   2003  .076
     1986 to 2011 segment:
       Lower   1993< -.094   1992> -.056   1997< -.032   2002> -.021   2007< -.015   1987> -.011  Higher   2011  .161   2003  .076

 [E] Outliers     1   3.0 SD above or -4.5 SD below mean for year
       1992 +3.9 SD
====================================================================================================================================

 VVL12B    1985 to  2011      27 years                                                                                    Series  22

 [A] Segment   High   -10   -9   -8   -7   -6   -5   -4   -3   -2   -1   +0   +1   +2   +3   +4   +5   +6   +7   +8   +9  +10
    ---------  ----   ---  ---  ---  ---  ---  ---  ---  ---  ---  ---  ---  ---  ---  ---  ---  ---  ---  ---  ---  ---  ---
    1985 2011   -1   -.31 -.12 -.06 -.30  .14 -.36  .10 -.07 -.10  .43* .42|   -    -    -    -    -    -    -    -    -    -

 [B] Entire series, effect on correlation (  .416) is:
       Lower   1986< -.109   1987> -.068   1991< -.068   1992> -.010   2000< -.009   2007< -.009  Higher   2011  .094   2003  .048
     1985 to 2011 segment:
       Lower   1986< -.109   1987> -.068   1991< -.068   1992> -.010   2000< -.009   2007< -.009  Higher   2011  .094   2003  .048

====================================================================================================================================

 VVL13A    1981 to  2011      31 years                                                                                    Series  23

 [B] Entire series, effect on correlation (  .717) is:
       Lower   1996< -.055   2003> -.042   1984< -.025   2006< -.018   2001< -.012   2008> -.010  Higher   2011  .302   1985  .018

====================================================================================================================================

 VVL13B    1982 to  2011      30 years                                                                                    Series  24

 [B] Entire series, effect on correlation (  .723) is:
       Lower   1984< -.043   2003> -.031   1996< -.024   1983< -.013   1989> -.013   2009< -.013  Higher   2011  .348   1997  .007

====================================================================================================================================

 VVL14A    1960 to  2011      52 years                                                                                    Series  25

 [B] Entire series, effect on correlation (  .431) is:
       Lower   1987< -.052   1973< -.020   1981< -.018   1980> -.018   1971> -.015   1977> -.014  Higher   2011  .035   1962  .033

====================================================================================================================================

 VVL14B    1962 to  2011      50 years                                                                                    Series  26

 [B] Entire series, effect on correlation (  .557) is:
       Lower   1972< -.090   1976< -.043   2007< -.039   1982< -.017   1978> -.013   2008> -.013  Higher   2011  .115   1969  .026

====================================================================================================================================

 VVL15A    1967 to  2011      45 years                                                                                    Series  27

 [B] Entire series, effect on correlation (  .372) is:
       Lower   1977< -.175   1971< -.033   1978> -.017   1979> -.012   2004< -.012   1976> -.011  Higher   1985  .055   2003  .053

====================================================================================================================================

 VVL15B    1959 to  2011      53 years                                                                                    Series  28

 [*] Early part of series cannot be checked from 1959 to 1959 -- not matched by another series

 [A] Segment   High   -10   -9   -8   -7   -6   -5   -4   -3   -2   -1   +0   +1   +2   +3   +4   +5   +6   +7   +8   +9  +10
    ---------  ----   ---  ---  ---  ---  ---  ---  ---  ---  ---  ---  ---  ---  ---  ---  ---  ---  ---  ---  ---  ---  ---
    1960 2009    1      -    -    -    -    -    -    -    -    -  .13  .24| .29* .00    -    -    -    -    -    -    -    -

 [B] Entire series, effect on correlation (  .340) is:
       Lower   1991< -.119   1975< -.040   1978< -.038   1980> -.025   1972> -.022   1986< -.016  Higher   2011  .100   1962  .024
     1960 to 2009 segment:
       Lower   1991< -.117   1975< -.044   1978< -.040   1980> -.026   1972> -.025   1995< -.010  Higher   1962  .037   1969  .032

====================================================================================================================================
PART 7:  DESCRIPTIVE STATISTICS: vv                                                                21:26  Mon 14 Nov 2011  Page   6
------------------------------------------------------------------------------------------------------------------------------------

                                                Corr   //-------- Unfiltered --------\\  //---- Filtered -----\\
                           No.    No.    No.    with   Mean   Max     Std   Auto   Mean   Max     Std   Auto  AR
 Seq Series   Interval   Years  Segmt  Flags   Master  msmt   msmt    dev   corr   sens  value    dev   corr  ()
 --- -------- ---------  -----  -----  -----   ------ -----  -----  -----  -----  -----  -----  -----  -----  --
   1 VVL01A   1989 2011     23      1      0    .607   1.47   2.86   .698   .876   .195   2.78   .678  -.006   1
   2 VVL01B   1989 2011     23      1      1    .230   1.53   3.35   .805   .884   .208   2.58   .538  -.059   1
   3 VVL02A   1991 2011     21      1      1    .496   1.59   3.24   .915   .897   .275   2.51   .545   .147   1
   4 VVL02B   1991 2011     21      1      0    .707   1.26   2.87   .765   .903   .209   2.74   .638   .085   1
   5 VVL03A   1982 2011     30      1      0    .406   1.78   3.25   .998   .836   .233   2.68   .559   .148   2
   6 VVL03B   1982 2011     30      1      0    .723   1.45   2.71   .790   .902   .228   2.49   .455   .174   1
   7 VVL04A   1983 2011     29      1      0    .710   1.33   2.50   .769   .932   .197   2.73   .554   .156   2
   8 VVL04B   1983 2011     29      1      1    .102   1.34   3.12   .938   .919   .243   2.81   .505   .017   2
   9 VVL05A   1981 2011     31      1      1    .314   2.98   4.83  1.240   .901   .162   2.54   .578  -.033   2
  10 VVL05B   1981 2011     31      1      0    .386   2.84   5.17  1.237   .900   .157   2.43   .530   .028   1
  11 VVL06A   1988 2010     23      1      1    .430   3.04   4.49   .696   .559   .174   2.68   .722   .044   2
  12 VVL06B   1988 2010     23      1      0    .397   2.97   4.92   .933   .748   .196   2.73   .674  -.020   2
  13 VVL07A   1988 2011     24      1      0    .747   1.10   1.79   .464   .802   .189   2.31   .446   .004   1
  14 VVL07B   1988 2011     24      1      0    .749   1.06   1.77   .506   .813   .282   2.25   .448  -.072   1
  15 VVL08A   1991 2011     21      1      0    .557   1.25   2.62   .692   .768   .191   2.65   .557  -.009   1
  16 VVL08B   1991 2011     21      1      1    .571   1.22   2.52   .786   .834   .204   2.57   .546   .096   1
  17 VVL09A   1989 2011     23      1      1    .260    .98   1.75   .369   .701   .242   2.57   .625  -.030   1
  18 VVL09B   1989 2011     23      1      1    .086    .85   2.27   .503   .755   .277   2.90   .637  -.178   1
  19 VVL11A   1984 2011     28      1      0    .515   2.61   4.81   .914   .687   .223   2.40   .553  -.007   1
  20 VVL11B   1986 2011     26      1      1    .341   2.56   3.61   .680   .300   .262   2.54   .540   .029   1
  21 VVL12A   1986 2011     26      1      1    .342   2.51   6.63  1.080   .637   .159   3.15   .672  -.224   1
  22 VVL12B   1985 2011     27      1      1    .416   3.21   4.42   .833   .766   .145   2.53   .566  -.025   1
  23 VVL13A   1981 2011     31      1      0    .717   2.97   5.10  1.176   .763   .200   2.57   .454  -.007   1
  24 VVL13B   1982 2011     30      1      0    .723   3.03   4.66  1.144   .786   .207   2.40   .427   .042   1
  25 VVL14A   1960 2011     52      2      0    .431   2.65   7.12  1.501   .748   .286   2.66   .395   .076   5
  26 VVL14B   1962 2011     50      1      0    .557   2.90   6.61  1.239   .797   .190   2.57   .647  -.088   2
  27 VVL15A   1967 2011     45      1      0    .372   2.38   4.06   .722   .644   .189   2.60   .701   .019   2
  28 VVL15B   1959 2011     53      2      1    .340   2.17   3.35   .734   .669   .218   2.47   .520  -.029   1
 --- -------- ---------  -----  -----  -----   ------ -----  -----  -----  -----  -----  -----  -----  -----  --
 Total or mean:            818     30     12    .468   2.14   7.12   .902   .771   .213   3.15   .556   .010
PART 8:  ADJUSTMENTS FOR UNDATED SERIES: vv                                                        21:26  Mon 14 Nov 2011  Page   7
------------------------------------------------------------------------------------------------------------------------------------

 Time span  1959  2011    53 years, best matches for  50-year segments lagged  25 years
 Listed in order from highest correlation

           Counted       Corr      Corr      Corr      Corr      Corr      Corr      Corr      Corr      Corr      Corr      Corr
 Series    Segment   Add  # 1  Add  # 2  Add  # 3  Add  # 4  Add  # 5  Add  # 6  Add  # 7  Add  # 8  Add  # 9  Add  #10  Add  #11
 -------- ---------  --------  --------  --------  --------  --------  --------  --------  --------  --------  --------  --------
 VVD01A   1988 2005   -20 .58   -27 .50    -4 .49     0 .36    -2 .35     3 .31    -1 .27   -26 .24    -9 .21    -3 .16   -29 .14
===================  ========  ========  ========  ========  ========  ========  ========  ========  ========  ========  ========
           Counted       Corr      Corr      Corr      Corr      Corr      Corr      Corr      Corr      Corr      Corr      Corr
 Series    Segment   Add  # 1  Add  # 2  Add  # 3  Add  # 4  Add  # 5  Add  # 6  Add  # 7  Add  # 8  Add  # 9  Add  #10  Add  #11
 -------- ---------  --------  --------  --------  --------  --------  --------  --------  --------  --------  --------  --------
 VVD01B   1988 2005     0 .50   -24 .47    -1 .36    -8 .33     1 .28   -17 .21   -23 .18    -9 .18   -22 .16   -13 .15    -2 .14
===================  ========  ========  ========  ========  ========  ========  ========  ========  ========  ========  ========
           Counted       Corr      Corr      Corr      Corr      Corr      Corr      Corr      Corr      Corr      Corr      Corr
 Series    Segment   Add  # 1  Add  # 2  Add  # 3  Add  # 4  Add  # 5  Add  # 6  Add  # 7  Add  # 8  Add  # 9  Add  #10  Add  #11
 -------- ---------  --------  --------  --------  --------  --------  --------  --------  --------  --------  --------  --------
 VVD02A   1992 2005     0 .57   -23 .46    -1 .40   -31 .33    -3 .31    -2 .29   -24 .28   -33 .28   -18 .28   -20 .28     6 .24
===================  ========  ========  ========  ========  ========  ========  ========  ========  ========  ========  ========
           Counted       Corr      Corr      Corr      Corr      Corr      Corr      Corr      Corr      Corr      Corr      Corr
 Series    Segment   Add  # 1  Add  # 2  Add  # 3  Add  # 4  Add  # 5  Add  # 6  Add  # 7  Add  # 8  Add  # 9  Add  #10  Add  #11
 -------- ---------  --------  --------  --------  --------  --------  --------  --------  --------  --------  --------  --------
 VVD02B   1992 2005   -27 .56   -24 .44    -4 .43   -16 .39   -33 .37     0 .35    -1 .33    -3 .25   -23 .22   -11 .20   -18 .18
===================  ========  ========  ========  ========  ========  ========  ========  ========  ========  ========  ========
           Counted       Corr      Corr      Corr      Corr      Corr      Corr      Corr      Corr      Corr      Corr      Corr
 Series    Segment   Add  # 1  Add  # 2  Add  # 3  Add  # 4  Add  # 5  Add  # 6  Add  # 7  Add  # 8  Add  # 9  Add  #10  Add  #11
 -------- ---------  --------  --------  --------  --------  --------  --------  --------  --------  --------  --------  --------
 VVD03A   1985 1999   -14 .46   -16 .43   -24 .41     9 .38   -25 .37     2 .33     6 .32     0 .32   -23 .27    -9 .25   -22 .21
===================  ========  ========  ========  ========  ========  ========  ========  ========  ========  ========  ========
           Counted       Corr      Corr      Corr      Corr      Corr      Corr      Corr      Corr      Corr      Corr      Corr
 Series    Segment   Add  # 1  Add  # 2  Add  # 3  Add  # 4  Add  # 5  Add  # 6  Add  # 7  Add  # 8  Add  # 9  Add  #10  Add  #11
 -------- ---------  --------  --------  --------  --------  --------  --------  --------  --------  --------  --------  --------
 VVD03B   1989 2001   -20 .66     3 .57     0 .42     4 .40    -2 .40   -14 .38   -27 .31    -9 .30   -19 .29    -1 .19    -4 .15
===================  ========  ========  ========  ========  ========  ========  ========  ========  ========  ========  ========
           Counted       Corr      Corr      Corr      Corr      Corr      Corr      Corr      Corr      Corr      Corr      Corr
 Series    Segment   Add  # 1  Add  # 2  Add  # 3  Add  # 4  Add  # 5  Add  # 6  Add  # 7  Add  # 8  Add  # 9  Add  #10  Add  #11
 -------- ---------  --------  --------  --------  --------  --------  --------  --------  --------  --------  --------  --------
 VVD04A   1987 2000    -2 .73   -25 .68   -18 .61     0 .58   -27 .52   -26 .46    -1 .46   -24 .38    -9 .33   -17 .32    -7 .29
===================  ========  ========  ========  ========  ========  ========  ========  ========  ========  ========  ========
           Counted       Corr      Corr      Corr      Corr      Corr      Corr      Corr      Corr      Corr      Corr      Corr
 Series    Segment   Add  # 1  Add  # 2  Add  # 3  Add  # 4  Add  # 5  Add  # 6  Add  # 7  Add  # 8  Add  # 9  Add  #10  Add  #11
 -------- ---------  --------  --------  --------  --------  --------  --------  --------  --------  --------  --------  --------
 VVD04B   1987 2000     2 .74     3 .64    11 .58   -15 .47   -20 .39     4 .27   -21 .24    -7 .24   -18 .24   -14 .21     0 .19
===================  ========  ========  ========  ========  ========  ========  ========  ========  ========  ========  ========
           Counted       Corr      Corr      Corr      Corr      Corr      Corr      Corr      Corr      Corr      Corr      Corr
 Series    Segment   Add  # 1  Add  # 2  Add  # 3  Add  # 4  Add  # 5  Add  # 6  Add  # 7  Add  # 8  Add  # 9  Add  #10  Add  #11
 -------- ---------  --------  --------  --------  --------  --------  --------  --------  --------  --------  --------  --------
 VVD05A   1989 2007    -1 .46    -2 .46   -26 .46     0 .45   -20 .39    -9 .32   -17 .27   -27 .24    -4 .17   -18 .17   -23 .14
===================  ========  ========  ========  ========  ========  ========  ========  ========  ========  ========  ========
           Counted       Corr      Corr      Corr      Corr      Corr      Corr      Corr      Corr      Corr      Corr      Corr
 Series    Segment   Add  # 1  Add  # 2  Add  # 3  Add  # 4  Add  # 5  Add  # 6  Add  # 7  Add  # 8  Add  # 9  Add  #10  Add  #11
 -------- ---------  --------  --------  --------  --------  --------  --------  --------  --------  --------  --------  --------
 VVD05B   1989 2005     0 .40   -20 .37     2 .30    -1 .29    -4 .29     3 .27    -2 .23   -26 .22   -23 .21   -27 .19   -13 .16
===================  ========  ========  ========  ========  ========  ========  ========  ========  ========  ========  ========
           Counted       Corr      Corr      Corr      Corr      Corr      Corr      Corr      Corr      Corr      Corr      Corr
 Series    Segment   Add  # 1  Add  # 2  Add  # 3  Add  # 4  Add  # 5  Add  # 6  Add  # 7  Add  # 8  Add  # 9  Add  #10  Add  #11
 -------- ---------  --------  --------  --------  --------  --------  --------  --------  --------  --------  --------  --------
 VVD06A   1988 2008     0 .68   -23 .60    -1 .35     3 .35   -24 .33    -8 .18    -6 .17   -18 .15    -5 .14   -15 .12     2 .12
===================  ========  ========  ========  ========  ========  ========  ========  ========  ========  ========  ========
           Counted       Corr      Corr      Corr      Corr      Corr      Corr      Corr      Corr      Corr      Corr      Corr
 Series    Segment   Add  # 1  Add  # 2  Add  # 3  Add  # 4  Add  # 5  Add  # 6  Add  # 7  Add  # 8  Add  # 9  Add  #10  Add  #11
 -------- ---------  --------  --------  --------  --------  --------  --------  --------  --------  --------  --------  --------
 VVD06B   1989 2006    -2 .58   -25 .52    -3 .43   -20 .36   -18 .32    -1 .32     0 .28    -9 .23     5 .19   -26 .16   -27 .15
===================  ========  ========  ========  ========  ========  ========  ========  ========  ========  ========  ========
           Counted       Corr      Corr      Corr      Corr      Corr      Corr      Corr      Corr      Corr      Corr      Corr
 Series    Segment   Add  # 1  Add  # 2  Add  # 3  Add  # 4  Add  # 5  Add  # 6  Add  # 7  Add  # 8  Add  # 9  Add  #10  Add  #11
 -------- ---------  --------  --------  --------  --------  --------  --------  --------  --------  --------  --------  --------
 VVD07A   1987 2004   -25 .45    -1 .44   -16 .44   -18 .38     1 .38   -26 .37     0 .36    -3 .23     2 .23   -27 .21     7 .20
===================  ========  ========  ========  ========  ========  ========  ========  ========  ========  ========  ========
           Counted       Corr      Corr      Corr      Corr      Corr      Corr      Corr      Corr      Corr      Corr      Corr
 Series    Segment   Add  # 1  Add  # 2  Add  # 3  Add  # 4  Add  # 5  Add  # 6  Add  # 7  Add  # 8  Add  # 9  Add  #10  Add  #11
 -------- ---------  --------  --------  --------  --------  --------  --------  --------  --------  --------  --------  --------
 VVD07B   1987 2005     0 .48     2 .37   -15 .33    -7 .33     3 .31   -25 .26   -18 .26     1 .25    -2 .20   -20 .16     4 .15
===================  ========  ========  ========  ========  ========  ========  ========  ========  ========  ========  ========
           Counted       Corr      Corr      Corr      Corr      Corr      Corr      Corr      Corr      Corr      Corr      Corr
 Series    Segment   Add  # 1  Add  # 2  Add  # 3  Add  # 4  Add  # 5  Add  # 6  Add  # 7  Add  # 8  Add  # 9  Add  #10  Add  #11
 -------- ---------  --------  --------  --------  --------  --------  --------  --------  --------  --------  --------  --------
 VVD08A   1969 1983     0 .68    18 .58    16 .51    -6 .48    -7 .47    20 .43    19 .37    17 .27    -9 .25     3 .24    11 .22
===================  ========  ========  ========  ========  ========  ========  ========  ========  ========  ========  ========
           Counted       Corr      Corr      Corr      Corr      Corr      Corr      Corr      Corr      Corr      Corr      Corr
 Series    Segment   Add  # 1  Add  # 2  Add  # 3  Add  # 4  Add  # 5  Add  # 6  Add  # 7  Add  # 8  Add  # 9  Add  #10  Add  #11
 -------- ---------  --------  --------  --------  --------  --------  --------  --------  --------  --------  --------  --------
 VVD08B   1969 1982    23 .71     0 .65    22 .44    19 .36    20 .31     5 .30     7 .26    -7 .23    -1 .19     3 .16    -4 .13
===================  ========  ========  ========  ========  ========  ========  ========  ========  ========  ========  ========
           Counted       Corr      Corr      Corr      Corr      Corr      Corr      Corr      Corr      Corr      Corr      Corr
 Series    Segment   Add  # 1  Add  # 2  Add  # 3  Add  # 4  Add  # 5  Add  # 6  Add  # 7  Add  # 8  Add  # 9  Add  #10  Add  #11
 -------- ---------  --------  --------  --------  --------  --------  --------  --------  --------  --------  --------  --------
 VVD09A   1985 2001   -17 .57   -24 .42     6 .41     1 .35   -14 .35   -25 .32    -1 .32     3 .31    -7 .26     0 .22   -26 .19
===================  ========  ========  ========  ========  ========  ========  ========  ========  ========  ========  ========
           Counted       Corr      Corr      Corr      Corr      Corr      Corr      Corr      Corr      Corr      Corr      Corr
 Series    Segment   Add  # 1  Add  # 2  Add  # 3  Add  # 4  Add  # 5  Add  # 6  Add  # 7  Add  # 8  Add  # 9  Add  #10  Add  #11
 -------- ---------  --------  --------  --------  --------  --------  --------  --------  --------  --------  --------  --------
 VVD09B   1984 1999   -16 .76     0 .52     7 .52   -25 .39     2 .39   -23 .38     8 .29     6 .26     4 .25     3 .17   -17 .11
===================  ========  ========  ========  ========  ========  ========  ========  ========  ========  ========  ========
           Counted       Corr      Corr      Corr      Corr      Corr      Corr      Corr      Corr      Corr      Corr      Corr
 Series    Segment   Add  # 1  Add  # 2  Add  # 3  Add  # 4  Add  # 5  Add  # 6  Add  # 7  Add  # 8  Add  # 9  Add  #10  Add  #11
 -------- ---------  --------  --------  --------  --------  --------  --------  --------  --------  --------  --------  --------
 VVD10A   1987 2007    -7 .44    -2 .38   -25 .37     0 .36     2 .36   -18 .36   -27 .28   -24 .26     1 .20   -15 .19   -26 .10
===================  ========  ========  ========  ========  ========  ========  ========  ========  ========  ========  ========
           Counted       Corr      Corr      Corr      Corr      Corr      Corr      Corr      Corr      Corr      Corr      Corr
 Series    Segment   Add  # 1  Add  # 2  Add  # 3  Add  # 4  Add  # 5  Add  # 6  Add  # 7  Add  # 8  Add  # 9  Add  #10  Add  #11
 -------- ---------  --------  --------  --------  --------  --------  --------  --------  --------  --------  --------  --------
 VVD10B   1989 2007     0 .57   -20 .49   -27 .42    -4 .40   -26 .37   -23 .35    -2 .33    -3 .31    -1 .24   -17 .24    -9 .22
===================  ========  ========  ========  ========  ========  ========  ========  ========  ========  ========  ========
           Counted       Corr      Corr      Corr      Corr      Corr      Corr      Corr      Corr      Corr      Corr      Corr
 Series    Segment   Add  # 1  Add  # 2  Add  # 3  Add  # 4  Add  # 5  Add  # 6  Add  # 7  Add  # 8  Add  # 9  Add  #10  Add  #11
 -------- ---------  --------  --------  --------  --------  --------  --------  --------  --------  --------  --------  --------
 VVD11A   1984 2003   -16 .63     0 .52   -25 .44     2 .38   -23 .38     7 .34   -24 .27    -1 .27     1 .14    -5 .14     8 .14
===================  ========  ========  ========  ========  ========  ========  ========  ========  ========  ========  ========
           Counted       Corr      Corr      Corr      Corr      Corr      Corr      Corr      Corr      Corr      Corr      Corr
 Series    Segment   Add  # 1  Add  # 2  Add  # 3  Add  # 4  Add  # 5  Add  # 6  Add  # 7  Add  # 8  Add  # 9  Add  #10  Add  #11
 -------- ---------  --------  --------  --------  --------  --------  --------  --------  --------  --------  --------  --------
 VVD11B   1984 1999   -16 .70   -25 .67     0 .47     7 .39     6 .32     2 .30   -23 .21   -19 .17     4 .17     8 .14    -1 .13
===================  ========  ========  ========  ========  ========  ========  ========  ========  ========  ========  ========
           Counted       Corr      Corr      Corr      Corr      Corr      Corr      Corr      Corr      Corr      Corr      Corr
 Series    Segment   Add  # 1  Add  # 2  Add  # 3  Add  # 4  Add  # 5  Add  # 6  Add  # 7  Add  # 8  Add  # 9  Add  #10  Add  #11
 -------- ---------  --------  --------  --------  --------  --------  --------  --------  --------  --------  --------  --------
 VVD12A   1992 2008     1 .60     0 .54   -22 .51   -17 .39   -16 .35   -33 .34   -23 .27   -24 .20   -15 .16   -30 .15   -20 .13
===================  ========  ========  ========  ========  ========  ========  ========  ========  ========  ========  ========
           Counted       Corr      Corr      Corr      Corr      Corr      Corr      Corr      Corr      Corr      Corr      Corr
 Series    Segment   Add  # 1  Add  # 2  Add  # 3  Add  # 4  Add  # 5  Add  # 6  Add  # 7  Add  # 8  Add  # 9  Add  #10  Add  #11
 -------- ---------  --------  --------  --------  --------  --------  --------  --------  --------  --------  --------  --------
 VVD12B   1992 2008    -1 .59    -2 .47   -17 .40   -24 .36     0 .31   -18 .25   -20 .25   -26 .25    -3 .24   -16 .23   -27 .21
===================  ========  ========  ========  ========  ========  ========  ========  ========  ========  ========  ========
           Counted       Corr      Corr      Corr      Corr      Corr      Corr      Corr      Corr      Corr      Corr      Corr
 Series    Segment   Add  # 1  Add  # 2  Add  # 3  Add  # 4  Add  # 5  Add  # 6  Add  # 7  Add  # 8  Add  # 9  Add  #10  Add  #11
 -------- ---------  --------  --------  --------  --------  --------  --------  --------  --------  --------  --------  --------
 VVD13A   1985 2004   -24 .43   -17 .43     3 .42    -1 .37     2 .37     1 .33   -23 .33     0 .31    -6 .26   -25 .19     6 .14
===================  ========  ========  ========  ========  ========  ========  ========  ========  ========  ========  ========
           Counted       Corr      Corr      Corr      Corr      Corr      Corr      Corr      Corr      Corr      Corr      Corr
 Series    Segment   Add  # 1  Add  # 2  Add  # 3  Add  # 4  Add  # 5  Add  # 6  Add  # 7  Add  # 8  Add  # 9  Add  #10  Add  #11
 -------- ---------  --------  --------  --------  --------  --------  --------  --------  --------  --------  --------  --------
 VVD13B   1985 2004     0 .52   -23 .39   -18 .39     2 .32   -24 .30    -1 .29   -16 .26     4 .24     5 .24   -25 .18     3 .14
===================  ========  ========  ========  ========  ========  ========  ========  ========  ========  ========  ========
           Counted       Corr      Corr      Corr      Corr      Corr      Corr      Corr      Corr      Corr      Corr      Corr
 Series    Segment   Add  # 1  Add  # 2  Add  # 3  Add  # 4  Add  # 5  Add  # 6  Add  # 7  Add  # 8  Add  # 9  Add  #10  Add  #11
 -------- ---------  --------  --------  --------  --------  --------  --------  --------  --------  --------  --------  --------
 VVD14A   1987 2007     0 .51    -7 .40   -18 .33    -2 .28   -27 .24   -24 .23     4 .21   -25 .16     2 .15   -21 .14   -23 .13
===================  ========  ========  ========  ========  ========  ========  ========  ========  ========  ========  ========
           Counted       Corr      Corr      Corr      Corr      Corr      Corr      Corr      Corr      Corr      Corr      Corr
 Series    Segment   Add  # 1  Add  # 2  Add  # 3  Add  # 4  Add  # 5  Add  # 6  Add  # 7  Add  # 8  Add  # 9  Add  #10  Add  #11
 -------- ---------  --------  --------  --------  --------  --------  --------  --------  --------  --------  --------  --------
 VVD14B   1988 2005    -1 .58   -19 .57     0 .53     4 .43    -3 .30     1 .27   -28 .27   -18 .23   -26 .20   -23 .19     5 .19
===================  ========  ========  ========  ========  ========  ========  ========  ========  ========  ========  ========
           Counted       Corr      Corr      Corr      Corr      Corr      Corr      Corr      Corr      Corr      Corr      Corr
 Series    Segment   Add  # 1  Add  # 2  Add  # 3  Add  # 4  Add  # 5  Add  # 6  Add  # 7  Add  # 8  Add  # 9  Add  #10  Add  #11
 -------- ---------  --------  --------  --------  --------  --------  --------  --------  --------  --------  --------  --------
 VVD15A   1989 2008   -23 .71     0 .53    -7 .42   -20 .27     1 .27    -5 .25   -29 .25   -22 .19    -4 .17    -3 .14   -30 .12
===================  ========  ========  ========  ========  ========  ========  ========  ========  ========  ========  ========
           Counted       Corr      Corr      Corr      Corr      Corr      Corr      Corr      Corr      Corr      Corr      Corr
 Series    Segment   Add  # 1  Add  # 2  Add  # 3  Add  # 4  Add  # 5  Add  # 6  Add  # 7  Add  # 8  Add  # 9  Add  #10  Add  #11
 -------- ---------  --------  --------  --------  --------  --------  --------  --------  --------  --------  --------  --------
 VVD15B   1989 2008     0 .60     1 .45   -24 .38   -17 .30    -2 .27   -22 .26    -1 .23   -15 .16   -20 .16    -4 .14   -18 .13
===================  ========  ========  ========  ========  ========  ========  ========  ========  ========  ========  ========
       30 undated series

                                              - = [  COFECHA VV   COF  ] = -
