[]  Dendrochronology Program Library                                        Run RR     Program COF  09:43  Tue 15 Nov 2011  Page   1
[]
[]  P R O G R A M      C O F E C H A                                                                          Version 6.06P    28079
------------------------------------------------------------------------------------------------------------------------------------

 QUALITY CONTROL AND DATING CHECK OF TREE-RING MEASUREMENTS

 Title of run:           rr                                      

 File of DATED series:   RRL.raw

 CONTENTS:

    Part 1:  Title page, options selected, summary, absent rings by series
    Part 2:  Histogram of time spans
    Part 3:  Master series with sample depth and absent rings by year
    Part 4:  Bar plot of Master Dating Series
    Part 5:  Correlation by segment of each series with Master
    Part 6:  Potential problems: low correlation, divergent year-to-year changes, absent rings, outliers
    Part 7:  Descriptive statistics

 RUN CONTROL OPTIONS SELECTED                             VALUE

         1  Cubic smoothing spline 50% wavelength cutoff for filtering
                                                            32 years
         2  Segments examined are                           50 years lagged successively by  25 years
         3  Autoregressive model applied                     A  Residuals are used in master dating series and testing
         4  Series transformed to logarithms                 Y  Each series log-transformed for master dating series and testing
         5  CORRELATION is Pearson (parametric, quantitative)
            Critical correlation, 99% confidence level   .3281
         6  Master dating series saved                       N
         7  Ring measurements listed                         N
         8  Parts printed                              1234567 
         9  Absent rings are omitted from master series and segment correlations  (Y)

 Time span of Master dating series is  1984 to  2011    28 years
 Continuous time span is               1984 to  2011    28 years
 Portion with two or more series is    1984 to  2011    28 years


                                        ****************************************
                                        *C* Number of dated series        32 *C*
                                        *O* Master series 1984 2011   28 yrs *O*
                                        *F* Total rings in all series    710 *F*
                                        *E* Total dated rings checked    710 *E*
                                        *C* Series intercorrelation     .474 *C*
                                        *H* Average mean sensitivity    .226 *H*
                                        *A* Segments, possible problems    8 *A*
                                        *** Mean length of series       22.2 ***
                                        ****************************************

 ABSENT RINGS listed by SERIES:            (See Master Dating Series for absent rings listed by year)

               No ring measurements of zero value
PART 2:  TIME PLOT OF TREE-RING SERIES: rr                                                         09:43  Tue 15 Nov 2011  Page   2
------------------------------------------------------------------------------------------------------------------------------------
 1050 1100 1150 1200 1250 1300 1350 1400 1450 1500 1550 1600 1650 1700 1750 1800 1850 1900 1950 2000 2050 Ident   Seq Time-span  Yrs
   :    :    :    :    :    :    :    :    :    :    :    :    :    :    :    :    :    :    :    :    : -------- --- ---- ---- ----
   .    .    .    .    .    .    .    .    .    .    .    .    .    .    .    .    .    .    .   <=>   . RRL01A     1 1991 2011   21
   .    .    .    .    .    .    .    .    .    .    .    .    .    .    .    .    .    .    .   <=>   . RRL01B     2 1991 2011   21
   .    .    .    .    .    .    .    .    .    .    .    .    .    .    .    .    .    .    .  <==>   . RRL02A     3 1985 2011   27
   .    .    .    .    .    .    .    .    .    .    .    .    .    .    .    .    .    .    .  <==>   . RRL02B     4 1985 2011   27
   .    .    .    .    .    .    .    .    .    .    .    .    .    .    .    .    .    .    .  <==>   . RRL03A     5 1989 2011   23
   .    .    .    .    .    .    .    .    .    .    .    .    .    .    .    .    .    .    .  <==>   . RRL03B     6 1989 2011   23
   .    .    .    .    .    .    .    .    .    .    .    .    .    .    .    .    .    .    .   <=>   . RRL04A     7 1993 2011   19
   .    .    .    .    .    .    .    .    .    .    .    .    .    .    .    .    .    .    .   <=>   . RRL04B     8 1993 2011   19
   .    .    .    .    .    .    .    .    .    .    .    .    .    .    .    .    .    .    .  <=>    . RRL05A     9 1986 2009   24
   .    .    .    .    .    .    .    .    .    .    .    .    .    .    .    .    .    .    .  <=>    . RRL05B    10 1986 2009   24
   .    .    .    .    .    .    .    .    .    .    .    .    .    .    .    .    .    .    .  <==>   . RRL06A    11 1989 2011   23
   .    .    .    .    .    .    .    .    .    .    .    .    .    .    .    .    .    .    .  <==>   . RRL06B    12 1989 2011   23
   .    .    .    .    .    .    .    .    .    .    .    .    .    .    .    .    .    .    .  <==>   . RRL07A    13 1989 2011   23
   .    .    .    .    .    .    .    .    .    .    .    .    .    .    .    .    .    .    .  <==>   . RRL07B    14 1989 2011   23
   .    .    .    .    .    .    .    .    .    .    .    .    .    .    .    .    .    .    .  <==>   . RRL08A    15 1984 2011   28
   .    .    .    .    .    .    .    .    .    .    .    .    .    .    .    .    .    .    .  <==>   . RRL08B    16 1984 2011   28
   .    .    .    .    .    .    .    .    .    .    .    .    .    .    .    .    .    .    .  <==>   . RRL09A    17 1985 2011   27
   .    .    .    .    .    .    .    .    .    .    .    .    .    .    .    .    .    .    .  <==>   . RRL09B    18 1985 2011   27
   .    .    .    .    .    .    .    .    .    .    .    .    .    .    .    .    .    .    .  <==>   . RRL10A    19 1986 2011   26
   .    .    .    .    .    .    .    .    .    .    .    .    .    .    .    .    .    .    .  <==>   . RRL10B    20 1986 2011   26
   .    .    .    .    .    .    .    .    .    .    .    .    .    .    .    .    .    .    .   <=>   . RRL11A    21 1991 2011   21
   .    .    .    .    .    .    .    .    .    .    .    .    .    .    .    .    .    .    .   <=>   . RRL11B    22 1995 2011   17
   .    .    .    .    .    .    .    .    .    .    .    .    .    .    .    .    .    .    .   <>    . RRL12A    23 1992 2008   17
   .    .    .    .    .    .    .    .    .    .    .    .    .    .    .    .    .    .    .   <>    . RRL12B    24 1992 2008   17
   .    .    .    .    .    .    .    .    .    .    .    .    .    .    .    .    .    .    .   <=>   . RRL13A    25 1992 2011   20
   .    .    .    .    .    .    .    .    .    .    .    .    .    .    .    .    .    .    .   <=>   . RRL13B    26 1990 2011   22
   .    .    .    .    .    .    .    .    .    .    .    .    .    .    .    .    .    .    .   <=>   . RRL14A    27 1992 2010   19
   .    .    .    .    .    .    .    .    .    .    .    .    .    .    .    .    .    .    .  <==>   . RRL14B    28 1988 2010   23
   .    .    .    .    .    .    .    .    .    .    .    .    .    .    .    .    .    .    .   <=>   . RRL15A    29 1995 2011   17
   .    .    .    .    .    .    .    .    .    .    .    .    .    .    .    .    .    .    .   <=>   . RRL15B    30 1995 2011   17
   .    .    .    .    .    .    .    .    .    .    .    .    .    .    .    .    .    .    .   <=>   . RRL16A    31 1993 2011   19
   .    .    .    .    .    .    .    .    .    .    .    .    .    .    .    .    .    .    .   <=>   . RRL16B    32 1993 2011   19
   :    :    :    :    :    :    :    :    :    :    :    :    :    :    :    :    :    :    :    :    :
 1050 1100 1150 1200 1250 1300 1350 1400 1450 1500 1550 1600 1650 1700 1750 1800 1850 1900 1950 2000 2050
PART 3:  Master Dating Series: rr                                                                  09:43  Tue 15 Nov 2011  Page   3
------------------------------------------------------------------------------------------------------------------------------------
  Year  Value  No Ab    Year  Value  No Ab    Year  Value  No Ab    Year  Value  No Ab    Year  Value  No Ab    Year  Value  No Ab
  ------------------    ------------------    ------------------    ------------------    ------------------    ------------------
                        2000   .298  32
                        2001   .477  32
                        2002  2.275  32
                        2003   .204  32
                        2004  2.036  32
                        2005 -1.109  32
                        2006   .369  32
                        2007  -.138  32
                        2008  -.503  32
                        2009  -.058  30

                        2010 -1.841  28
                        2011   .197  26
























  1984   .708   2
  1985  -.106   6
  1986  -.718  10
  1987 -1.669  10
  1988 -1.834  11
  1989  -.636  17

  1990 -1.490  18
  1991   .415  21
  1992  -.089  25
  1993  -.276  29
  1994   .329  29
  1995   .188  32
  1996   .202  32
  1997   .426  32
  1998  1.372  32
  1999   .972  32
------------------------------------------------------------------------------------------------------------------------------------
PART 4:  Master Bar Plot: rr                                                                       09:43  Tue 15 Nov 2011  Page   4
------------------------------------------------------------------------------------------------------------------------------------
   Year Rel value  Year Rel value  Year Rel value  Year Rel value  Year Rel value  Year Rel value  Year Rel value  Year Rel value
                   2000------A
                   2001--------B
                   2002----------I
                   2003-----A
                   2004----------H
                   2005-d
                   2006-------A
                   2007---a
                   2008--b
                   2009----@
                   2010g
                   2011-----A






















   1984--------C
   1985----@
   1986--c
   1987g
   1988g
   1989--c
   1990f
   1991-------B
   1992----@
   1993---a
   1994------A
   1995-----A
   1996-----A
   1997--------B
   1998---------E
   1999---------D
PART 5:  CORRELATION OF SERIES BY SEGMENTS: rr                                                     09:43  Tue 15 Nov 2011  Page   5
------------------------------------------------------------------------------------------------------------------------------------
 Correlations of  50-year dated segments, lagged  25 years
 Flags:  A = correlation under   .3281 but highest as dated;  B = correlation higher at other than dated position

 Seq Series  Time_span   1975
                         2024
 --- -------- ---------  ---- ---- ---- ---- ---- ---- ---- ---- ---- ---- ---- ---- ---- ---- ---- ---- ---- ---- ---- ----
   1 RRL01A   1991 2011   .50B
   2 RRL01B   1991 2011   .26B
   3 RRL02A   1985 2011   .52
   4 RRL02B   1985 2011   .55
   5 RRL03A   1989 2011   .40
   6 RRL03B   1989 2011   .28A
   7 RRL04A   1993 2011   .62
   8 RRL04B   1993 2011   .44B
   9 RRL05A   1986 2009   .45
  10 RRL05B   1986 2009   .48
  11 RRL06A   1989 2011   .69
  12 RRL06B   1989 2011   .73
  13 RRL07A   1989 2011   .59
  14 RRL07B   1989 2011   .58
  15 RRL08A   1984 2011   .28A
  16 RRL08B   1984 2011   .24A
  17 RRL09A   1985 2011   .57
  18 RRL09B   1985 2011   .59
  19 RRL10A   1986 2011   .69
  20 RRL10B   1986 2011   .45
  21 RRL11A   1991 2011   .45
  22 RRL11B   1995 2011   .47
  23 RRL12A   1992 2008   .52
  24 RRL12B   1992 2008   .58
  25 RRL13A   1992 2011   .36
  26 RRL13B   1990 2011   .36
  27 RRL14A   1992 2010   .19B
  28 RRL14B   1988 2010   .55
  29 RRL15A   1995 2011   .59
  30 RRL15B   1995 2011   .23B
  31 RRL16A   1993 2011   .45
  32 RRL16B   1993 2011   .44
 Av segment correlation   .47
PART 6:  POTENTIAL PROBLEMS: rr                                                                    09:43  Tue 15 Nov 2011  Page   5
------------------------------------------------------------------------------------------------------------------------------------

 For each series with potential problems the following diagnostics may appear:

 [A] Correlations with master dating series of flagged  50-year segments of series filtered with  32-year spline,
     at every point from ten years earlier (-10) to ten years later (+10) than dated

 [B] Effect of those data values which most lower or raise correlation with master series
     Symbol following year indicates value in series is greater (>) or lesser (<) than master series value

 [C] Year-to-year changes very different from the mean change in other series

 [D] Absent rings (zero values)

 [E] Values which are statistical outliers from mean for the year
====================================================================================================================================

 RRL01A    1991 to  2011      21 years                                                                                    Series   1

 [A] Segment   High   -10   -9   -8   -7   -6   -5   -4   -3   -2   -1   +0   +1   +2   +3   +4   +5   +6   +7   +8   +9  +10
    ---------  ----   ---  ---  ---  ---  ---  ---  ---  ---  ---  ---  ---  ---  ---  ---  ---  ---  ---  ---  ---  ---  ---
    1991 2011   -5      -    -    -  .34 -.11  .52* .17 -.03  .39 -.17  .50|   -    -    -    -    -    -    -    -    -    -

 [B] Entire series, effect on correlation (  .496) is:
       Lower   1992< -.099   2009> -.035   1994< -.034   2004< -.033   2003> -.024   1993> -.016  Higher   2010  .186   2002  .072
     1991 to 2011 segment:
       Lower   1992< -.099   2009> -.035   1994< -.034   2004< -.033   2003> -.024   1993> -.016  Higher   2010  .186   2002  .072

====================================================================================================================================

 RRL01B    1991 to  2011      21 years                                                                                    Series   2

 [A] Segment   High   -10   -9   -8   -7   -6   -5   -4   -3   -2   -1   +0   +1   +2   +3   +4   +5   +6   +7   +8   +9  +10
    ---------  ----   ---  ---  ---  ---  ---  ---  ---  ---  ---  ---  ---  ---  ---  ---  ---  ---  ---  ---  ---  ---  ---
    1991 2011   -5      -    -    -  .29 -.03  .47* .02 -.20  .20 -.02  .26|   -    -    -    -    -    -    -    -    -    -

 [B] Entire series, effect on correlation (  .257) is:
       Lower   2001< -.107   2003> -.048   1997< -.039   2005> -.030   2009> -.022   2008> -.017  Higher   2010  .189   2004  .079
     1991 to 2011 segment:
       Lower   2001< -.107   2003> -.048   1997< -.039   2005> -.030   2009> -.022   2008> -.017  Higher   2010  .189   2004  .079

====================================================================================================================================

 RRL02A    1985 to  2011      27 years                                                                                    Series   3

 [B] Entire series, effect on correlation (  .522) is:
       Lower   2010> -.054   1988> -.053   2008< -.041   1987> -.014   2003> -.011   2009> -.006  Higher   2005  .087   1990  .034

====================================================================================================================================

 RRL02B    1985 to  2011      27 years                                                                                    Series   4

 [B] Entire series, effect on correlation (  .552) is:
       Lower   2000< -.077   1988> -.048   1987> -.022   1992> -.014   2006< -.012   1986< -.009  Higher   2005  .056   2010  .049

====================================================================================================================================

 RRL03A    1989 to  2011      23 years                                                                                    Series   5

 [B] Entire series, effect on correlation (  .401) is:
       Lower   1999< -.151   2000> -.040   1991< -.029   2005> -.017   1989> -.009   1993< -.006  Higher   2010  .098   2004  .064

====================================================================================================================================

 RRL03B    1989 to  2011      23 years                                                                                    Series   6

 [A] Segment   High   -10   -9   -8   -7   -6   -5   -4   -3   -2   -1   +0   +1   +2   +3   +4   +5   +6   +7   +8   +9  +10
    ---------  ----   ---  ---  ---  ---  ---  ---  ---  ---  ---  ---  ---  ---  ---  ---  ---  ---  ---  ---  ---  ---  ---
    1989 2011    0      -    -    -    -    - -.01  .01  .06  .24 -.41  .28*   -    -    -    -    -    -    -    -    -    -

 [B] Entire series, effect on correlation (  .280) is:
       Lower   1999< -.390   1998< -.030   2010> -.016   1993> -.010   2009> -.008   1995> -.004  Higher   1990  .085   2002  .083
     1989 to 2011 segment:
       Lower   1999< -.390   1998< -.030   2010> -.016   1993> -.010   2009> -.008   1995> -.004  Higher   1990  .085   2002  .083

 [E] Outliers     1   3.0 SD above or -4.5 SD below mean for year
       1999 -4.7 SD
====================================================================================================================================

 RRL04A    1993 to  2011      19 years                                                                                    Series   7

 [B] Entire series, effect on correlation (  .617) is:
       Lower   2005> -.061   1994< -.042   1993> -.035   2011< -.026   1998< -.019   2003> -.014  Higher   2010  .251   2002  .051

====================================================================================================================================

 RRL04B    1993 to  2011      19 years                                                                                    Series   8

 [A] Segment   High   -10   -9   -8   -7   -6   -5   -4   -3   -2   -1   +0   +1   +2   +3   +4   +5   +6   +7   +8   +9  +10
    ---------  ----   ---  ---  ---  ---  ---  ---  ---  ---  ---  ---  ---  ---  ---  ---  ---  ---  ---  ---  ---  ---  ---
    1993 2011   -7      -  .09 -.18  .48*-.07  .46  .16  .12  .21  .11  .44|   -    -    -    -    -    -    -    -    -    -

 [B] Entire series, effect on correlation (  .443) is:
       Lower   1994< -.234   2005> -.044   1997< -.028   2007> -.016   2003> -.015   1993> -.014  Higher   2010  .226   2004  .063
     1993 to 2011 segment:
       Lower   1994< -.234   2005> -.044   1997< -.028   2007> -.016   2003> -.015   1993> -.014  Higher   2010  .226   2004  .063

====================================================================================================================================

 RRL05A    1986 to  2009      24 years                                                                                    Series   9

 [B] Entire series, effect on correlation (  .453) is:
       Lower   1991< -.080   1986> -.061   2006< -.049   1999< -.022   2008> -.021   1989> -.013  Higher   2005  .161   1987  .037

====================================================================================================================================

 RRL05B    1986 to  2009      24 years                                                                                    Series  10

 [B] Entire series, effect on correlation (  .481) is:
       Lower   1986> -.051   1987> -.035   1988> -.033   1991< -.028   2000> -.017   1996> -.016  Higher   2005  .139   1990  .064

====================================================================================================================================

 RRL06A    1989 to  2011      23 years                                                                                    Series  11

 [B] Entire series, effect on correlation (  .688) is:
       Lower   2009> -.029   1994< -.018   1993> -.016   2008> -.016   1995< -.014   1989< -.009  Higher   2005  .074   2010  .037

====================================================================================================================================

 RRL06B    1989 to  2011      23 years                                                                                    Series  12

 [B] Entire series, effect on correlation (  .732) is:
       Lower   2010> -.046   2009> -.035   2011< -.016   1992> -.013   1996> -.011   1999> -.008  Higher   2005  .070   1990  .038

====================================================================================================================================

 RRL07A    1989 to  2011      23 years                                                                                    Series  13

 [B] Entire series, effect on correlation (  .594) is:
       Lower   1990> -.050   1989< -.038   1993> -.025   1991< -.015   2005> -.014   1995< -.009  Higher   2010  .188   2004  .033

====================================================================================================================================

 RRL07B    1989 to  2011      23 years                                                                                    Series  14

 [B] Entire series, effect on correlation (  .580) is:
       Lower   2005> -.109   1996< -.053   1993> -.021   2009> -.020   1995< -.013   2002< -.010  Higher   2010  .184   1990  .049

====================================================================================================================================

 RRL08A    1984 to  2011      28 years                                                                                    Series  15

 [A] Segment   High   -10   -9   -8   -7   -6   -5   -4   -3   -2   -1   +0   +1   +2   +3   +4   +5   +6   +7   +8   +9  +10
    ---------  ----   ---  ---  ---  ---  ---  ---  ---  ---  ---  ---  ---  ---  ---  ---  ---  ---  ---  ---  ---  ---  ---
    1984 2011    0      -    -    -    -    -    -    -    -    -    -  .28*   -    -    -    -    -    -    -    -    -    -

 [B] Entire series, effect on correlation (  .276) is:
       Lower   2010> -.150   1995< -.059   2009< -.028   2006< -.026   1993> -.021   1985< -.019  Higher   2005  .124   1987  .073
     1984 to 2011 segment:
       Lower   2010> -.150   1995< -.059   2009< -.028   2006< -.026   1993> -.021   1985< -.019  Higher   2005  .124   1987  .073

 [C] Year-to-year changes diverging by over 4.0 std deviations:
       2009 2010   4.1 SD

====================================================================================================================================

 RRL08B    1984 to  2011      28 years                                                                                    Series  16

 [A] Segment   High   -10   -9   -8   -7   -6   -5   -4   -3   -2   -1   +0   +1   +2   +3   +4   +5   +6   +7   +8   +9  +10
    ---------  ----   ---  ---  ---  ---  ---  ---  ---  ---  ---  ---  ---  ---  ---  ---  ---  ---  ---  ---  ---  ---  ---
    1984 2011    0      -    -    -    -    -    -    -    -    -    -  .24*   -    -    -    -    -    -    -    -    -    -

 [B] Entire series, effect on correlation (  .235) is:
       Lower   2010> -.115   2006< -.090   2009< -.049   2008> -.025   1990> -.019   2001< -.014  Higher   1987  .087   2002  .052
     1984 to 2011 segment:
       Lower   2010> -.115   2006< -.090   2009< -.049   2008> -.025   1990> -.019   2001< -.014  Higher   1987  .087   2002  .052

====================================================================================================================================

 RRL09A    1985 to  2011      27 years                                                                                    Series  17

 [B] Entire series, effect on correlation (  .568) is:
       Lower   1990> -.065   2009< -.059   1985> -.051   1997< -.018   1998< -.018   1993> -.009  Higher   2005  .058   2002  .054

====================================================================================================================================

 RRL09B    1985 to  2011      27 years                                                                                    Series  18

 [B] Entire series, effect on correlation (  .594) is:
       Lower   2010> -.069   1990> -.043   2006< -.035   1992> -.018   1993> -.018   1994< -.010  Higher   2005  .061   1987  .043

====================================================================================================================================

 RRL10A    1986 to  2011      26 years                                                                                    Series  19

 [B] Entire series, effect on correlation (  .688) is:
       Lower   2003< -.064   1990> -.038   2009< -.027   1993> -.016   2005> -.010   2004< -.009  Higher   2010  .052   2002  .041

====================================================================================================================================

 RRL10B    1986 to  2011      26 years                                                                                    Series  20

 [B] Entire series, effect on correlation (  .452) is:
       Lower   2008< -.245   2000< -.023   1993> -.014   1990> -.013   2001< -.012   2010> -.007  Higher   2002  .064   1987  .041

====================================================================================================================================

 RRL11A    1991 to  2011      21 years                                                                                    Series  21

 [B] Entire series, effect on correlation (  .451) is:
       Lower   1991< -.111   2003< -.052   2005> -.037   2011< -.036   1993> -.012   1996> -.006  Higher   2010  .121   2002  .053

====================================================================================================================================

 RRL11B    1995 to  2011      17 years                                                                                    Series  22

 [B] Entire series, effect on correlation (  .468) is:
       Lower   2003< -.122   2004< -.047   1996< -.008   2008> -.007   2006< -.006   2010> -.006  Higher   2002  .065   1998  .056

====================================================================================================================================

 RRL12A    1992 to  2008      17 years                                                                                    Series  23

 [B] Entire series, effect on correlation (  .518) is:
       Lower   1993< -.074   2002< -.066   2003> -.054   2001< -.032   2000> -.018   1992> -.018  Higher   2005  .291   2004  .029

====================================================================================================================================

 RRL12B    1992 to  2008      17 years                                                                                    Series  24

 [B] Entire series, effect on correlation (  .580) is:
       Lower   2000< -.105   2008> -.039   2002< -.038   1995> -.026   2001< -.018   2007> -.017  Higher   2005  .291   2004  .028

====================================================================================================================================

 RRL13A    1992 to  2011      20 years                                                                                    Series  25

 [B] Entire series, effect on correlation (  .357) is:
       Lower   1997< -.108   2007< -.090   2010> -.042   2006< -.019   2009> -.013   2003> -.005  Higher   2002  .094   1998  .049

====================================================================================================================================

 RRL13B    1990 to  2011      22 years                                                                                    Series  26

 [B] Entire series, effect on correlation (  .363) is:
       Lower   2005> -.172   2003< -.057   2000> -.025   2009< -.013   1992> -.012   1997< -.005  Higher   1990  .081   1998  .047

====================================================================================================================================

 RRL14A    1992 to  2010      19 years                                                                                    Series  27

 [A] Segment   High   -10   -9   -8   -7   -6   -5   -4   -3   -2   -1   +0   +1   +2   +3   +4   +5   +6   +7   +8   +9  +10
    ---------  ----   ---  ---  ---  ---  ---  ---  ---  ---  ---  ---  ---  ---  ---  ---  ---  ---  ---  ---  ---  ---  ---
    1992 2010   -5      -    - -.23  .04  .20  .53* .32  .16  .47 -.19  .19|-.02    -    -    -    -    -    -    -    -    -

 [B] Entire series, effect on correlation (  .190) is:
       Lower   1992< -.314   2005> -.038   2008> -.016   2009> -.007   2000> -.005   1999< -.002  Higher   2010  .069   2002  .050
     1992 to 2010 segment:
       Lower   1992< -.314   2005> -.038   2008> -.016   2009> -.007   2000> -.005   1999< -.002  Higher   2010  .069   2002  .050

====================================================================================================================================

 RRL14B    1988 to  2010      23 years                                                                                    Series  28

 [B] Entire series, effect on correlation (  .546) is:
       Lower   1990> -.099   2005> -.075   2003> -.010   1995< -.008   2009> -.007   1989< -.004  Higher   2010  .149   2002  .036

====================================================================================================================================

 RRL15A    1995 to  2011      17 years                                                                                    Series  29

 [B] Entire series, effect on correlation (  .592) is:
       Lower   1996< -.080   2005> -.076   2011< -.050   1999< -.033   1995< -.025   2003> -.013  Higher   2010  .137   2002  .074

====================================================================================================================================

 RRL15B    1995 to  2011      17 years                                                                                    Series  30

 [A] Segment   High   -10   -9   -8   -7   -6   -5   -4   -3   -2   -1   +0   +1   +2   +3   +4   +5   +6   +7   +8   +9  +10
    ---------  ----   ---  ---  ---  ---  ---  ---  ---  ---  ---  ---  ---  ---  ---  ---  ---  ---  ---  ---  ---  ---  ---
    1995 2011   -6   -.03  .19  .44  .04  .49*-.05  .34  .32  .23  .06  .23|   -    -    -    -    -    -    -    -    -    -

 [B] Entire series, effect on correlation (  .230) is:
       Lower   2005> -.128   1996< -.121   2010> -.094   2011< -.039   1995< -.004   2007<  .000  Higher   2002  .136   2004  .098
     1995 to 2011 segment:
       Lower   2005> -.128   1996< -.121   2010> -.094   2011< -.039   1995< -.004   2007<  .000  Higher   2002  .136   2004  .098

====================================================================================================================================

 RRL16A    1993 to  2011      19 years                                                                                    Series  31

 [B] Entire series, effect on correlation (  .446) is:
       Lower   2005> -.161   1993< -.109   2000< -.026   2008> -.021   2003> -.009   1994> -.002  Higher   2010  .167   2002  .067

====================================================================================================================================

 RRL16B    1993 to  2011      19 years                                                                                    Series  32

 [B] Entire series, effect on correlation (  .444) is:
       Lower   2005> -.166   2000< -.106   2008> -.026   1993< -.011   2003> -.011   1997< -.006  Higher   2010  .186   2002  .069

====================================================================================================================================
PART 7:  DESCRIPTIVE STATISTICS: rr                                                                09:43  Tue 15 Nov 2011  Page   6
------------------------------------------------------------------------------------------------------------------------------------

                                                Corr   //-------- Unfiltered --------\\  //---- Filtered -----\\
                           No.    No.    No.    with   Mean   Max     Std   Auto   Mean   Max     Std   Auto  AR
 Seq Series   Interval   Years  Segmt  Flags   Master  msmt   msmt    dev   corr   sens  value    dev   corr  ()
 --- -------- ---------  -----  -----  -----   ------ -----  -----  -----  -----  -----  -----  -----  -----  --
   1 RRL01A   1991 2011     21      1      1    .496    .99   1.90   .423   .740   .259   2.73   .711  -.248   1
   2 RRL01B   1991 2011     21      1      1    .257    .94   1.71   .371   .530   .294   2.61   .735  -.066   1
   3 RRL02A   1985 2011     27      1      0    .522   2.22   3.93   .929   .563   .361   2.58   .675  -.136   1
   4 RRL02B   1985 2011     27      1      0    .552   2.17   3.89   .944   .545   .354   2.58   .694  -.095   1
   5 RRL03A   1989 2011     23      1      0    .401   1.68   3.62   .905   .532   .332   3.02   .774  -.001   1
   6 RRL03B   1989 2011     23      1      1    .280    .97   1.68   .386   .461   .332   2.49   .524  -.023   1
   7 RRL04A   1993 2011     19      1      0    .617    .76   1.17   .241   .671   .242   2.52   .544   .076   2
   8 RRL04B   1993 2011     19      1      1    .443    .85   1.35   .261   .663   .241   2.57   .657  -.122   1
   9 RRL05A   1986 2009     24      1      0    .453   2.05   3.13   .876   .870   .177   2.50   .581   .098   1
  10 RRL05B   1986 2009     24      1      0    .481   1.67   2.82   .690   .747   .226   2.64   .623  -.005   1
  11 RRL06A   1989 2011     23      1      0    .688   1.30   2.21   .517   .678   .234   2.49   .544  -.124   1
  12 RRL06B   1989 2011     23      1      0    .732   1.25   2.00   .490   .651   .232   2.71   .589  -.132   2
  13 RRL07A   1989 2011     23      1      0    .594   1.13   1.81   .404   .648   .231   2.44   .523  -.014   1
  14 RRL07B   1989 2011     23      1      0    .580   1.36   2.38   .604   .668   .246   2.47   .603  -.012   1
  15 RRL08A   1984 2011     28      1      1    .276   3.73   5.73  1.405   .841   .175   2.65   .773  -.107   1
  16 RRL08B   1984 2011     28      1      1    .235   3.62   6.25  1.471   .904   .153   2.62   .728   .132   4
  17 RRL09A   1985 2011     27      1      0    .568   2.96   5.48  1.394   .749   .242   2.81   .718   .119   1
  18 RRL09B   1985 2011     27      1      0    .594   3.19   5.24  1.326   .729   .229   2.50   .541   .054   1
  19 RRL10A   1986 2011     26      1      0    .688   2.32   4.24   .930   .679   .237   2.90   .774   .062   1
  20 RRL10B   1986 2011     26      1      0    .452   2.66   4.37   .914   .623   .236   2.54   .487  -.032   1
  21 RRL11A   1991 2011     21      1      0    .451   3.43   5.38  1.209   .807   .180   2.48   .648  -.130   1
  22 RRL11B   1995 2011     17      1      0    .468   3.32   5.14   .810   .363   .189   2.86   .621  -.136   1
  23 RRL12A   1992 2008     17      1      0    .518   4.11   5.69  1.042   .866   .095   2.41   .713  -.120   1
  24 RRL12B   1992 2008     17      1      0    .580   4.04   6.08  1.311   .919   .104   2.38   .707  -.122   2
  25 RRL13A   1992 2011     20      1      0    .357   3.40   6.30  1.954   .723   .319   2.70   .711   .102   2
  26 RRL13B   1990 2011     22      1      0    .363   3.91   5.99  1.117   .648   .186   2.66   .609  -.104   1
  27 RRL14A   1992 2010     19      1      1    .190   4.78   6.28  1.265   .061   .248   2.35   .499   .205   1
  28 RRL14B   1988 2010     23      1      0    .546   3.78   5.67  1.165   .478   .223   2.43   .576   .082   1
  29 RRL15A   1995 2011     17      1      0    .592   4.37   5.85   .671   .329   .123   3.09   .905   .183   1
  30 RRL15B   1995 2011     17      1      1    .230   3.40   4.33   .504   .154   .140   2.72   .656   .181   1
  31 RRL16A   1993 2011     19      1      0    .446   4.25   5.16   .502   .209   .113   2.54   .647  -.037   1
  32 RRL16B   1993 2011     19      1      0    .444   4.29   5.17   .465   .209   .111   2.62   .751  -.030   1
 --- -------- ---------  -----  -----  -----   ------ -----  -----  -----  -----  -----  -----  -----  -----  --
 Total or mean:            710     32      8    .474   2.61   6.30   .879   .616   .226   3.09   .650  -.016

                                              - = [  COFECHA RR   COF  ] = -
