[]  Dendrochronology Program Library                                        Run Q      Program COF  11:27  Thu 19 Jan 2012  Page   1
[]
[]  P R O G R A M      C O F E C H A                                                                          Version 6.06P    28144
------------------------------------------------------------------------------------------------------------------------------------

 QUALITY CONTROL AND DATING CHECK OF TREE-RING MEASUREMENTS

 Title of run:           q                                       

 File of DATED series:   QL.raw

 File of UNDATED series: QD.raw

 CONTENTS:

    Part 1:  Title page, options selected, summary, absent rings by series
    Part 2:  Histogram of time spans
    Part 3:  Master series with sample depth and absent rings by year
    Part 4:  Bar plot of Master Dating Series
    Part 5:  Correlation by segment of each series with Master
    Part 6:  Potential problems: low correlation, divergent year-to-year changes, absent rings, outliers
    Part 7:  Descriptive statistics
    Part 8:  Undated series - adjustments for highest correlations

 RUN CONTROL OPTIONS SELECTED                             VALUE

         1  Cubic smoothing spline 50% wavelength cutoff for filtering
                                                            32 years
         2  Segments examined are                           50 years lagged successively by  25 years
         3  Autoregressive model applied                     A  Residuals are used in master dating series and testing
         4  Series transformed to logarithms                 Y  Each series log-transformed for master dating series and testing
         5  CORRELATION is Pearson (parametric, quantitative)
            Critical correlation, 99% confidence level   .3281
         6  Master dating series saved                       N
         7  Ring measurements listed                         N
         8  Parts printed                             12345678 
         9  Absent rings are omitted from master series and segment correlations  (Y)

 Time span of Master dating series is  1952 to  2009    58 years
 Continuous time span is               1952 to  2009    58 years
 Portion with two or more series is    1952 to  2009    58 years

 >> 0QL15A      1973 absent in   1 of   22 series, but is not usually narrow: master index is   .174

                                        ****************************************
                                        *C* Number of dated series        29 *C*
                                        *O* Master series 1952 2009   58 yrs *O*
                                        *F* Total rings in all series   1228 *F*
                                        *E* Total dated rings checked   1228 *E*
                                        *C* Series intercorrelation     .330 *C*
                                        *H* Average mean sensitivity    .244 *H*
                                        *A* Segments, possible problems   15 *A*
                                        *** Mean length of series       42.3 ***
                                        ****************************************

 ABSENT RINGS listed by SERIES:            (See Master Dating Series for absent rings listed by year)

 0QL15A      1 absent rings:   1973

             1 absent rings    .081%
PART 2:  TIME PLOT OF TREE-RING SERIES: q                                                          11:27  Thu 19 Jan 2012  Page   2
------------------------------------------------------------------------------------------------------------------------------------
 1050 1100 1150 1200 1250 1300 1350 1400 1450 1500 1550 1600 1650 1700 1750 1800 1850 1900 1950 2000 2050 Ident   Seq Time-span  Yrs
   :    :    :    :    :    :    :    :    :    :    :    :    :    :    :    :    :    :    :    :    : -------- --- ---- ---- ----
   .    .    .    .    .    .    .    .    .    .    .    .    .    .    .    .    .    .    <====>    . 0QL01A     1 1958 2008   51
   .    .    .    .    .    .    .    .    .    .    .    .    .    .    .    .    .    .    .<===>    . 0QL01B     2 1960 2009   50
   .    .    .    .    .    .    .    .    .    .    .    .    .    .    .    .    .    .    .<===>    . 0QL02A     3 1965 2009   45
   .    .    .    .    .    .    .    .    .    .    .    .    .    .    .    .    .    .    .  <=>    . 0QL03A     4 1980 2009   30
   .    .    .    .    .    .    .    .    .    .    .    .    .    .    .    .    .    .    . <==>    . 0QL03B     5 1977 2009   33
   .    .    .    .    .    .    .    .    .    .    .    .    .    .    .    .    .    .    . <==>    . 0QL04A     6 1971 2009   39
   .    .    .    .    .    .    .    .    .    .    .    .    .    .    .    .    .    .    . <==>    . 0QL04B     7 1974 2009   36
   .    .    .    .    .    .    .    .    .    .    .    .    .    .    .    .    .    .    .<===>    . 0QL05A     8 1964 2009   46
   .    .    .    .    .    .    .    .    .    .    .    .    .    .    .    .    .    .    .<===>    . 0QL05B     9 1960 2009   50
   .    .    .    .    .    .    .    .    .    .    .    .    .    .    .    .    .    .    . <==>    . 0QL06A    10 1971 2009   39
   .    .    .    .    .    .    .    .    .    .    .    .    .    .    .    .    .    .    . <==>    . 0QL06B    11 1971 2009   39
   .    .    .    .    .    .    .    .    .    .    .    .    .    .    .    .    .    .    . <==>    . 0QL07A    12 1972 2009   38
   .    .    .    .    .    .    .    .    .    .    .    .    .    .    .    .    .    .    . <==>    . 0QL07B    13 1973 2009   37
   .    .    .    .    .    .    .    .    .    .    .    .    .    .    .    .    .    .    <====>    . 0QL08A    14 1959 2009   51
   .    .    .    .    .    .    .    .    .    .    .    .    .    .    .    .    .    .    .<===>    . 0QL08B    15 1962 2009   48
   .    .    .    .    .    .    .    .    .    .    .    .    .    .    .    .    .    .    <====>    . 0QL09A    16 1955 2009   55
   .    .    .    .    .    .    .    .    .    .    .    .    .    .    .    .    .    .    <====>    . 0QL09B    17 1955 2009   55
   .    .    .    .    .    .    .    .    .    .    .    .    .    .    .    .    .    .    . <==>    . 0QL10A    18 1978 2009   32
   .    .    .    .    .    .    .    .    .    .    .    .    .    .    .    .    .    .    . <==>    . 0QL10B    19 1978 2009   32
   .    .    .    .    .    .    .    .    .    .    .    .    .    .    .    .    .    .    <====>    . 0QL11A    20 1959 2009   51
   .    .    .    .    .    .    .    .    .    .    .    .    .    .    .    .    .    .    <====>    . 0QL11B    21 1959 2009   51
   .    .    .    .    .    .    .    .    .    .    .    .    .    .    .    .    .    .    .  <=>    . 0QL12A    22 1987 2009   23
   .    .    .    .    .    .    .    .    .    .    .    .    .    .    .    .    .    .    .  <=>    . 0QL12B    23 1987 2009   23
   .    .    .    .    .    .    .    .    .    .    .    .    .    .    .    .    .    .    . <==>    . 0QL13A    24 1970 2009   40
   .    .    .    .    .    .    .    .    .    .    .    .    .    .    .    .    .    .    . <==>    . 0QL13B    25 1970 2009   40
   .    .    .    .    .    .    .    .    .    .    .    .    .    .    .    .    .    .    . <==>    . 0QL15A    26 1971 2009   39
   .    .    .    .    .    .    .    .    .    .    .    .    .    .    .    .    .    .    . <==>    . 0QL15B    27 1971 2009   39
   .    .    .    .    .    .    .    .    .    .    .    .    .    .    .    .    .    .    <====>    . 0QL16A    28 1952 2009   58
   .    .    .    .    .    .    .    .    .    .    .    .    .    .    .    .    .    .    <====>    . 0QL16B    29 1952 2009   58
   :    :    :    :    :    :    :    :    :    :    :    :    :    :    :    :    :    :    :    :    :
 1050 1100 1150 1200 1250 1300 1350 1400 1450 1500 1550 1600 1650 1700 1750 1800 1850 1900 1950 2000 2050
   :    :    :    :    :    :    :    :    :    :    :    :    :    :    :    :    :    :    :    :    :
 1050 1100 1150 1200 1250 1300 1350 1400 1450 1500 1550 1600 1650 1700 1750 1800 1850 1900 1950 2000 2050
PART 3:  Master Dating Series: q                                                                   11:27  Thu 19 Jan 2012  Page   3
------------------------------------------------------------------------------------------------------------------------------------
  Year  Value  No Ab    Year  Value  No Ab    Year  Value  No Ab    Year  Value  No Ab    Year  Value  No Ab    Year  Value  No Ab
  ------------------    ------------------    ------------------    ------------------    ------------------    ------------------
                        2000 -2.029  29
                        2001  -.593  29
  1952 -2.520   2       2002  -.551  29
  1953  -.408   2       2003 -2.531  29
  1954  -.204   2       2004  -.387  29
  1955   .285   4       2005  -.173  29
  1956 -1.133   4       2006  1.175  29
  1957   .203   4       2007  1.434  29
  1958   .353   5       2008   .362  29
  1959  1.774   8       2009  -.139  28

  1960   .869  10
  1961  -.295  10
  1962   .394  11
  1963  1.262  11
  1964   .540  12
  1965   .913  13
  1966   .744  13
  1967  -.839  13
  1968 -1.517  13
  1969  -.552  13

  1970  -.861  15
  1971   .996  20
  1972  -.340  21
  1973   .174  22  1<<
  1974 -1.221  23
  1975  -.800  23
  1976  -.194  23
  1977  -.014  24
  1978  -.112  26
  1979   .253  26

  1980   .470  27
  1981 -1.370  27
  1982   .083  27
  1983  -.122  27
  1984   .557  27
  1985  -.004  27
  1986   .290  27
  1987   .582  29
  1988   .899  29
  1989   .881  29

  1990  1.011  29
  1991   .590  29
  1992  -.028  29
  1993 -1.993  29
  1994   .315  29
  1995  1.857  29
  1996  2.192  29
  1997  -.035  29
  1998   .716  29
  1999 -1.211  29
------------------------------------------------------------------------------------------------------------------------------------
PART 4:  Master Bar Plot: q                                                                        11:27  Thu 19 Jan 2012  Page   4
------------------------------------------------------------------------------------------------------------------------------------
   Year Rel value  Year Rel value  Year Rel value  Year Rel value  Year Rel value  Year Rel value  Year Rel value  Year Rel value
                   2000h
                   2001--b
   1952j           2002--b
   1953---b        2003j
   1954---a        2004---b
   1955------A     2005----a
   1956-e          2006---------E
   1957------A     2007----------F
   1958------A     2008------A
   1959----------G 2009----a
   1960--------C
   1961---a
   1962------B
   1963---------E
   1964-------B
   1965---------D
   1966--------C
   1967--c
   1968-f
   1969--b
   1970-c
   1971---------D
   1972---a
   1973-----A
   1974-e
   1975--c
   1976----a
   1977-----@
   1978----@
   1979------A
   1980-------B
   1981-e
   1982-----@
   1983----@
   1984-------B
   1985-----@
   1986------A
   1987-------B
   1988---------D
   1989---------D
   1990---------D
   1991-------B
   1992----@
   1993h
   1994------A
   1995----------G
   1996----------I
   1997----@
   1998--------C
   1999-e
PART 5:  CORRELATION OF SERIES BY SEGMENTS: q                                                      11:27  Thu 19 Jan 2012  Page   5
------------------------------------------------------------------------------------------------------------------------------------
 Correlations of  50-year dated segments, lagged  25 years
 Flags:  A = correlation under   .3281 but highest as dated;  B = correlation higher at other than dated position

 Seq Series  Time_span   1950 1975
                         1999 2024
 --- -------- ---------  ---- ---- ---- ---- ---- ---- ---- ---- ---- ---- ---- ---- ---- ---- ---- ---- ---- ---- ---- ----
   1 0QL01A   1958 2008  -.02B-.01B
   2 0QL01B   1960 2009   .06B
   3 0QL02A   1965 2009   .60
   4 0QL03A   1980 2009        .51
   5 0QL03B   1977 2009        .46
   6 0QL04A   1971 2009   .68
   7 0QL04B   1974 2009   .46
   8 0QL05A   1964 2009   .63
   9 0QL05B   1960 2009   .28A
  10 0QL06A   1971 2009   .59
  11 0QL06B   1971 2009   .57
  12 0QL07A   1972 2009   .34
  13 0QL07B   1973 2009   .56
  14 0QL08A   1959 2009   .18A .15A
  15 0QL08B   1962 2009   .27A
  16 0QL09A   1955 2009   .33  .35
  17 0QL09B   1955 2009   .19B .17A
  18 0QL10A   1978 2009        .50
  19 0QL10B   1978 2009        .58
  20 0QL11A   1959 2009   .42  .37
  21 0QL11B   1959 2009   .51  .49
  22 0QL12A   1987 2009        .41
  23 0QL12B   1987 2009        .26B
  24 0QL13A   1970 2009  -.20B
  25 0QL13B   1970 2009   .52
  26 0QL15A   1971 2009   .47
  27 0QL15B   1971 2009   .51
  28 0QL16A   1952 2009  -.07B .10B
  29 0QL16B   1952 2009  -.19B-.03B
 Av segment correlation   .33  .31
PART 6:  POTENTIAL PROBLEMS: q                                                                     11:27  Thu 19 Jan 2012  Page   5
------------------------------------------------------------------------------------------------------------------------------------

 For each series with potential problems the following diagnostics may appear:

 [A] Correlations with master dating series of flagged  50-year segments of series filtered with  32-year spline,
     at every point from ten years earlier (-10) to ten years later (+10) than dated

 [B] Effect of those data values which most lower or raise correlation with master series
     Symbol following year indicates value in series is greater (>) or lesser (<) than master series value

 [C] Year-to-year changes very different from the mean change in other series

 [D] Absent rings (zero values)

 [E] Values which are statistical outliers from mean for the year
====================================================================================================================================

 0QL01A    1958 to  2008      51 years                                                                                    Series   1

 [A] Segment   High   -10   -9   -8   -7   -6   -5   -4   -3   -2   -1   +0   +1   +2   +3   +4   +5   +6   +7   +8   +9  +10
    ---------  ----   ---  ---  ---  ---  ---  ---  ---  ---  ---  ---  ---  ---  ---  ---  ---  ---  ---  ---  ---  ---  ---
    1958 2007    1      -    -    -    -  .12  .13 -.07 -.09 -.05 -.01 -.02| .35*-.02    -    -    -    -    -    -    -    -
    1959 2008    1      -    -    - -.03  .07  .05 -.06 -.09 -.05  .02 -.01| .38*   -    -    -    -    -    -    -    -    -

 [B] Entire series, effect on correlation ( -.024) is:
       Lower   2003> -.055   1984< -.049   1981> -.031   1996< -.025   1993> -.025   1990< -.023  Higher   1974  .125   2006  .025
     1958 to 2007 segment:
       Lower   2003> -.057   1984< -.050   1981> -.032   1993> -.027   1996< -.025   1990< -.023  Higher   1974  .126   2006  .026
     1959 to 2008 segment:
       Lower   2003> -.056   1984< -.053   1981> -.031   1996< -.027   1993> -.025   1990< -.025  Higher   1974  .123   2006  .025

====================================================================================================================================

 0QL01B    1960 to  2009      50 years                                                                                    Series   2

 [A] Segment   High   -10   -9   -8   -7   -6   -5   -4   -3   -2   -1   +0   +1   +2   +3   +4   +5   +6   +7   +8   +9  +10
    ---------  ----   ---  ---  ---  ---  ---  ---  ---  ---  ---  ---  ---  ---  ---  ---  ---  ---  ---  ---  ---  ---  ---
    1960 2009   -5      -    - -.02 -.02  .10  .15* .09 -.21  .01 -.10  .06|   -    -    -    -    -    -    -    -    -    -

 [B] Entire series, effect on correlation (  .063) is:
       Lower   1981> -.095   1970> -.026   1998< -.026   1968> -.023   1980< -.022   1993> -.020  Higher   1974  .122   1999  .048
     1960 to 2009 segment:
       Lower   1981> -.095   1970> -.026   1998< -.026   1968> -.023   1980< -.022   1993> -.020  Higher   1974  .122   1999  .048

 [C] Year-to-year changes diverging by over 4.0 std deviations:
       1980 1981   4.7 SD

====================================================================================================================================

 0QL02A    1965 to  2009      45 years                                                                                    Series   3

 [B] Entire series, effect on correlation (  .602) is:
       Lower   1975< -.057   1968> -.036   1999> -.025   1982< -.021   2004< -.019   1966> -.017  Higher   1981  .038   1993  .032

====================================================================================================================================

 0QL03A    1980 to  2009      30 years                                                                                    Series   4

 [B] Entire series, effect on correlation (  .513) is:
       Lower   2003> -.074   1991< -.060   1980< -.054   2002> -.035   2008< -.028   2006< -.017  Higher   1993  .084   1996  .031

====================================================================================================================================

 0QL03B    1977 to  2009      33 years                                                                                    Series   5

 [B] Entire series, effect on correlation (  .462) is:
       Lower   1977< -.106   2002> -.040   2006< -.032   1994< -.032   2009< -.027   1993> -.012  Higher   1981  .067   2003  .043

====================================================================================================================================

 0QL04A    1971 to  2009      39 years                                                                                    Series   6

 [B] Entire series, effect on correlation (  .681) is:
       Lower   1992< -.082   2003> -.016   2005> -.011   1973> -.011   1976< -.011   1991< -.007  Higher   1981  .029   1993  .019

====================================================================================================================================

 0QL04B    1974 to  2009      36 years                                                                                    Series   7

 [B] Entire series, effect on correlation (  .464) is:
       Lower   1974> -.087   1976< -.085   1993> -.050   2007< -.026   1982< -.019   1975> -.017  Higher   2003  .150   1981  .071

====================================================================================================================================

 0QL05A    1964 to  2009      46 years                                                                                    Series   8

 [B] Entire series, effect on correlation (  .630) is:
       Lower   1995< -.043   1970> -.040   1994< -.022   2004< -.020   2000> -.016   1983< -.013  Higher   2003  .088   1974  .021

====================================================================================================================================

 0QL05B    1960 to  2009      50 years                                                                                    Series   9

 [A] Segment   High   -10   -9   -8   -7   -6   -5   -4   -3   -2   -1   +0   +1   +2   +3   +4   +5   +6   +7   +8   +9  +10
    ---------  ----   ---  ---  ---  ---  ---  ---  ---  ---  ---  ---  ---  ---  ---  ---  ---  ---  ---  ---  ---  ---  ---
    1960 2009    0      -    - -.03 -.04 -.01  .04  .23  .07  .19 -.07  .28*   -    -    -    -    -    -    -    -    -    -

 [B] Entire series, effect on correlation (  .279) is:
       Lower   1988< -.093   1978< -.042   2000> -.018   1967> -.017   1961< -.016   1985> -.014  Higher   2003  .066   1996  .032
     1960 to 2009 segment:
       Lower   1988< -.093   1978< -.042   2000> -.018   1967> -.017   1961< -.016   1985> -.014  Higher   2003  .066   1996  .032

====================================================================================================================================

 0QL06A    1971 to  2009      39 years                                                                                    Series  10

 [B] Entire series, effect on correlation (  .592) is:
       Lower   1973< -.054   1999> -.037   1994< -.017   2007< -.014   1974> -.012   1995< -.012  Higher   1993  .053   2006  .021

====================================================================================================================================

 0QL06B    1971 to  2009      39 years                                                                                    Series  11

 [B] Entire series, effect on correlation (  .568) is:
       Lower   1993> -.064   1992< -.028   2003> -.017   1973< -.015   1978> -.006   1991< -.005  Higher   2000  .028   2006  .019

====================================================================================================================================

 0QL07A    1972 to  2009      38 years                                                                                    Series  12

 [B] Entire series, effect on correlation (  .339) is:
       Lower   1998< -.117   2003> -.094   1972> -.052   1997> -.013   1973< -.006   2009> -.006  Higher   1981  .117   1974  .036

====================================================================================================================================

 0QL07B    1973 to  2009      37 years                                                                                    Series  13

 [B] Entire series, effect on correlation (  .557) is:
       Lower   2003> -.078   1976< -.019   1988< -.019   1992> -.015   1989< -.013   1997> -.011  Higher   1981  .055   1999  .033

====================================================================================================================================

 0QL08A    1959 to  2009      51 years                                                                                    Series  14

 [A] Segment   High   -10   -9   -8   -7   -6   -5   -4   -3   -2   -1   +0   +1   +2   +3   +4   +5   +6   +7   +8   +9  +10
    ---------  ----   ---  ---  ---  ---  ---  ---  ---  ---  ---  ---  ---  ---  ---  ---  ---  ---  ---  ---  ---  ---  ---
    1959 2008    0      -    -    - -.13 -.11  .13  .08 -.04 -.01  .08  .18*-.06    -    -    -    -    -    -    -    -    -
    1960 2009    0      -    - -.23 -.05 -.14  .14  .08  .02 -.01  .07  .15*   -    -    -    -    -    -    -    -    -    -

 [B] Entire series, effect on correlation (  .178) is:
       Lower   1979< -.102   1974> -.051   1962< -.034   1986< -.030   1967> -.024   1981> -.018  Higher   2003  .033   1968  .033
     1959 to 2008 segment:
       Lower   1979< -.103   1974> -.052   1962< -.034   1986< -.030   1967> -.025   1981> -.019  Higher   1968  .033   2003  .032
     1960 to 2009 segment:
       Lower   1979< -.101   1974> -.051   1962< -.034   1986< -.031   1967> -.025   1981> -.018  Higher   2003  .036   1968  .034

====================================================================================================================================

 0QL08B    1962 to  2009      48 years                                                                                    Series  15

 [A] Segment   High   -10   -9   -8   -7   -6   -5   -4   -3   -2   -1   +0   +1   +2   +3   +4   +5   +6   +7   +8   +9  +10
    ---------  ----   ---  ---  ---  ---  ---  ---  ---  ---  ---  ---  ---  ---  ---  ---  ---  ---  ---  ---  ---  ---  ---
    1962 2009    0   -.15  .01 -.17 -.14 -.09 -.10  .10  .04  .00  .09  .27*   -    -    -    -    -    -    -    -    -    -

 [B] Entire series, effect on correlation (  .272) is:
       Lower   1987< -.050   1974> -.041   1986< -.029   1999> -.022   2006< -.022   1969< -.012  Higher   1997  .029   1968  .027
     1962 to 2009 segment:
       Lower   1987< -.050   1974> -.041   1986< -.029   1999> -.022   2006< -.022   1969< -.012  Higher   1997  .029   1968  .027

====================================================================================================================================

 0QL09A    1955 to  2009      55 years                                                                                    Series  16

 [B] Entire series, effect on correlation (  .342) is:
       Lower   1974> -.044   1955> -.035   1964< -.031   1972> -.028   1993> -.025   1965< -.024  Higher   1981  .060   2000  .033

====================================================================================================================================

 0QL09B    1955 to  2009      55 years                                                                                    Series  17

 [A] Segment   High   -10   -9   -8   -7   -6   -5   -4   -3   -2   -1   +0   +1   +2   +3   +4   +5   +6   +7   +8   +9  +10
    ---------  ----   ---  ---  ---  ---  ---  ---  ---  ---  ---  ---  ---  ---  ---  ---  ---  ---  ---  ---  ---  ---  ---
    1955 2004    4      -    -    -    -    -    -    - -.19 -.17 -.21  .19|-.06 -.01 -.03  .33* .00    -    -    -    -    -
    1960 2009    0      -    -  .01 -.03  .06 -.08 -.04 -.04 -.17 -.28  .17*   -    -    -    -    -    -    -    -    -    -

 [B] Entire series, effect on correlation (  .160) is:
       Lower   1964< -.071   1974> -.046   1955> -.042   2007< -.013   2008< -.013   1961> -.011  Higher   1981  .057   1999  .048
     1955 to 2004 segment:
       Lower   1964< -.087   1974> -.049   1955> -.044   1984< -.013   1961> -.011   1989< -.011  Higher   1981  .059   1999  .049
     1960 to 2009 segment:
       Lower   1964< -.077   1974> -.054   2008< -.014   1961> -.014   2007< -.014   2000> -.011  Higher   1981  .061   1999  .051

====================================================================================================================================

 0QL10A    1978 to  2009      32 years                                                                                    Series  18

 [B] Entire series, effect on correlation (  .497) is:
       Lower   1997> -.052   1978< -.044   1985> -.030   1984< -.020   1999> -.014   1995< -.012  Higher   1981  .088   2003  .042

====================================================================================================================================

 0QL10B    1978 to  2009      32 years                                                                                    Series  19

 [B] Entire series, effect on correlation (  .584) is:
       Lower   1999> -.069   1997> -.054   1992< -.022   1978< -.020   1983> -.019   1984< -.018  Higher   2003  .164   2000  .026

====================================================================================================================================

 0QL11A    1959 to  2009      51 years                                                                                    Series  20

 [B] Entire series, effect on correlation (  .395) is:
       Lower   1990< -.092   1981> -.035   1997> -.024   2009< -.021   1999> -.016   1968> -.014  Higher   2003  .139   1959  .021

 [E] Outliers     1   3.0 SD above or -4.5 SD below mean for year
       1990 -5.0 SD
====================================================================================================================================

 0QL11B    1959 to  2009      51 years                                                                                    Series  21

 [B] Entire series, effect on correlation (  .511) is:
       Lower   1973< -.031   1989< -.031   1997> -.026   1996< -.020   1999> -.018   1963< -.016  Higher   2003  .125   1993  .056

====================================================================================================================================

 0QL12A    1987 to  2009      23 years                                                                                    Series  22

 [B] Entire series, effect on correlation (  .409) is:
       Lower   2003> -.089   1988< -.086   1991< -.050   2008< -.032   1990< -.020   2005> -.010  Higher   1999  .079   1996  .046

====================================================================================================================================

 0QL12B    1987 to  2009      23 years                                                                                    Series  23

 [A] Segment   High   -10   -9   -8   -7   -6   -5   -4   -3   -2   -1   +0   +1   +2   +3   +4   +5   +6   +7   +8   +9  +10
    ---------  ----   ---  ---  ---  ---  ---  ---  ---  ---  ---  ---  ---  ---  ---  ---  ---  ---  ---  ---  ---  ---  ---
    1987 2009   -6    .06  .04  .03 -.11  .36*-.21 -.31 -.16 -.13  .31  .26|   -    -    -    -    -    -    -    -    -    -

 [B] Entire series, effect on correlation (  .262) is:
       Lower   1987< -.172   1997> -.072   1994< -.045   1998< -.033   2002> -.016   1999> -.011  Higher   2000  .065   1993  .065
     1987 to 2009 segment:
       Lower   1987< -.172   1997> -.072   1994< -.045   1998< -.033   2002> -.016   1999> -.011  Higher   2000  .065   1993  .065

====================================================================================================================================

 0QL13A    1970 to  2009      40 years                                                                                    Series  24

 [A] Segment   High   -10   -9   -8   -7   -6   -5   -4   -3   -2   -1   +0   +1   +2   +3   +4   +5   +6   +7   +8   +9  +10
    ---------  ----   ---  ---  ---  ---  ---  ---  ---  ---  ---  ---  ---  ---  ---  ---  ---  ---  ---  ---  ---  ---  ---
    1970 2009   -2    .03  .10  .22 -.28 -.11  .19 -.20  .05  .24* .22 -.20|   -    -    -    -    -    -    -    -    -    -

 [B] Entire series, effect on correlation ( -.200) is:
       Lower   1981> -.073   1994< -.062   1970> -.031   1999> -.024   1997> -.021   1998< -.018  Higher   1995  .044   2006  .039
     1970 to 2009 segment:
       Lower   1981> -.073   1994< -.062   1970> -.031   1999> -.024   1997> -.021   1998< -.018  Higher   1995  .044   2006  .039

====================================================================================================================================

 0QL13B    1970 to  2009      40 years                                                                                    Series  25

 [B] Entire series, effect on correlation (  .515) is:
       Lower   1972> -.057   1999> -.041   1970> -.029   1995< -.018   1983< -.015   1982< -.010  Higher   2003  .143   1996  .020

====================================================================================================================================

 0QL15A    1971 to  2009      39 years                                                                                    Series  26

 [B] Entire series, effect on correlation (  .457) is:
       Lower   1972> -.053   1974> -.038   1981> -.026   1989< -.024   2006< -.023   1973< -.010  Higher   1993  .053   2003  .029

 [D]    1 Absent rings:  Year   Master  N series Absent
                         1973     .174      22       1  >> WARNING:  Ring is not usually narrow

====================================================================================================================================

 0QL15B    1971 to  2009      39 years                                                                                    Series  27

 [B] Entire series, effect on correlation (  .508) is:
       Lower   2007< -.063   1989< -.027   1982< -.023   1972> -.020   1997> -.019   2004< -.014  Higher   1999  .046   1993  .041

====================================================================================================================================

 0QL16A    1952 to  2009      58 years                                                                                    Series  28

 [A] Segment   High   -10   -9   -8   -7   -6   -5   -4   -3   -2   -1   +0   +1   +2   +3   +4   +5   +6   +7   +8   +9  +10
    ---------  ----   ---  ---  ---  ---  ---  ---  ---  ---  ---  ---  ---  ---  ---  ---  ---  ---  ---  ---  ---  ---  ---
    1952 2001    1      -    -    -    -    -    -    -    -    -    - -.07| .22* .06 -.01  .11 -.05 -.02  .01 -.26    -    -
    1960 2009   -6      -    - -.22  .03  .34* .14  .00 -.01  .22  .00  .10|   -    -    -    -    -    -    -    -    -    -

 [B] Entire series, effect on correlation ( -.076) is:
       Lower   1952> -.047   1959< -.035   1953< -.028   1971< -.023   1981> -.023   1987< -.013  Higher   1999  .076   1995  .032
     1952 to 2001 segment:
       Lower   1952> -.056   1959< -.040   1953< -.032   1971< -.026   1981> -.026   1987< -.015  Higher   1999  .087   1995  .036
     1960 to 2009 segment:
       Lower   1981> -.052   1971< -.049   1987< -.031   2006< -.027   1990< -.024   2000> -.022  Higher   1999  .108   1995  .045

 [C] Year-to-year changes diverging by over 4.0 std deviations:
       1952 1953  -5.9 SD

 [E] Outliers     1   3.0 SD above or -4.5 SD below mean for year
       1952 +3.7 SD
====================================================================================================================================

 0QL16B    1952 to  2009      58 years                                                                                    Series  29

 [A] Segment   High   -10   -9   -8   -7   -6   -5   -4   -3   -2   -1   +0   +1   +2   +3   +4   +5   +6   +7   +8   +9  +10
    ---------  ----   ---  ---  ---  ---  ---  ---  ---  ---  ---  ---  ---  ---  ---  ---  ---  ---  ---  ---  ---  ---  ---
    1952 2001    2      -    -    -    -    -    -    -    -    -    - -.19| .18  .29*-.35  .20 -.22 -.07 -.28  .03    -    -
    1960 2009   -2      -    - -.05  .05 -.18  .06 -.03  .10  .52* .16 -.03|   -    -    -    -    -    -    -    -    -    -

 [B] Entire series, effect on correlation ( -.200) is:
       Lower   1952< -.061   1955< -.051   1995< -.042   1953> -.030   1997> -.013   2004< -.011  Higher   1996  .037   1970  .031
     1952 to 2001 segment:
       Lower   1952< -.074   1955< -.060   1995< -.049   1953> -.035   1997> -.016   1961> -.013  Higher   1996  .044   1970  .036
     1960 to 2009 segment:
       Lower   1995< -.081   2004< -.025   1982< -.021   1997> -.021   1961> -.018   1993> -.018  Higher   1996  .044   1994  .034

====================================================================================================================================
PART 7:  DESCRIPTIVE STATISTICS: q                                                                 11:27  Thu 19 Jan 2012  Page   6
------------------------------------------------------------------------------------------------------------------------------------

                                                Corr   //-------- Unfiltered --------\\  //---- Filtered -----\\
                           No.    No.    No.    with   Mean   Max     Std   Auto   Mean   Max     Std   Auto  AR
 Seq Series   Interval   Years  Segmt  Flags   Master  msmt   msmt    dev   corr   sens  value    dev   corr  ()
 --- -------- ---------  -----  -----  -----   ------ -----  -----  -----  -----  -----  -----  -----  -----  --
   1 0QL01A   1958 2008     51      2      2   -.024   1.95   3.78   .957   .880   .204   2.47   .479  -.077   1
   2 0QL01B   1960 2009     50      1      1    .063   2.65   5.66  1.661   .838   .225   2.60   .416  -.041   1
   3 0QL02A   1965 2009     45      1      0    .602   2.89   5.17  1.124   .839   .169   2.88   .648   .033   1
   4 0QL03A   1980 2009     30      1      0    .513   2.94   4.44   .706   .514   .172   2.65   .670  -.009   1
   5 0QL03B   1977 2009     33      1      0    .462   2.73   4.27   .745   .697   .165   2.76   .633  -.018   1
   6 0QL04A   1971 2009     39      1      0    .681   1.95   3.41   .744   .606   .275   2.86   .663   .094   1
   7 0QL04B   1974 2009     36      1      0    .464   2.06   3.47   .720   .708   .211   2.63   .616  -.131   2
   8 0QL05A   1964 2009     46      1      0    .630   2.88   4.52   .957   .794   .172   2.53   .547   .045   1
   9 0QL05B   1960 2009     50      1      1    .279   2.80   5.19  1.124   .788   .182   2.59   .604  -.091   1
  10 0QL06A   1971 2009     39      1      0    .592   2.14   3.73   .758   .852   .198   2.89   .669  -.021   1
  11 0QL06B   1971 2009     39      1      0    .568   2.50   4.30  1.039   .809   .231   2.64   .657  -.056   1
  12 0QL07A   1972 2009     38      1      0    .339   1.42   2.43   .584   .817   .193   2.45   .514   .047   1
  13 0QL07B   1973 2009     37      1      0    .557   1.18   2.03   .454   .792   .190   2.52   .550   .018   1
  14 0QL08A   1959 2009     51      2      2    .178   2.23   3.76   .877   .798   .183   2.47   .452  -.052   1
  15 0QL08B   1962 2009     48      1      1    .272   2.12   4.05   .887   .790   .191   2.59   .525   .036   1
  16 0QL09A   1955 2009     55      2      0    .342   1.24   2.58   .508   .736   .219   2.94   .695   .035   1
  17 0QL09B   1955 2009     55      2      2    .160   1.01   2.14   .528   .809   .284   2.64   .574  -.047   1
  18 0QL10A   1978 2009     32      1      0    .497   1.04   2.20   .410   .775   .223   2.72   .493  -.122   2
  19 0QL10B   1978 2009     32      1      0    .584   1.33   2.24   .536   .804   .232   2.44   .509   .002   1
  20 0QL11A   1959 2009     51      2      0    .395   1.33   3.07   .971   .857   .371   2.60   .530  -.060   2
  21 0QL11B   1959 2009     51      2      0    .511   1.26   2.87   .849   .845   .308   2.50   .455  -.044   2
  22 0QL12A   1987 2009     23      1      0    .409   1.08   1.72   .361   .510   .264   2.70   .916  -.090   1
  23 0QL12B   1987 2009     23      1      1    .262   1.07   1.90   .345   .501   .250   2.46   .625  -.024   1
  24 0QL13A   1970 2009     40      1      1   -.200   1.32   2.95   .757   .829   .281   2.79   .652  -.088   2
  25 0QL13B   1970 2009     40      1      0    .515   1.56   3.42   .943   .808   .295   2.30   .375  -.079   1
  26 0QL15A   1971 2009     39      1      0    .457   1.49   3.88  1.104   .808   .434   2.67   .411  -.018   1
  27 0QL15B   1971 2009     39      1      0    .508   1.47   4.33   .998   .822   .241   2.91   .615  -.102   1
  28 0QL16A   1952 2009     58      2      2   -.076    .66   1.57   .371   .653   .342   2.72   .509   .019   1
  29 0QL16B   1952 2009     58      2      2   -.200    .62   1.40   .306   .688   .293   2.79   .512  -.051   1
 --- -------- ---------  -----  -----  -----   ------ -----  -----  -----  -----  -----  -----  -----  -----  --
 Total or mean:           1228     37     15    .330   1.74   5.66   .786   .769   .244   2.94   .559  -.029
PART 8:  ADJUSTMENTS FOR UNDATED SERIES: q                                                         11:27  Thu 19 Jan 2012  Page   7
------------------------------------------------------------------------------------------------------------------------------------

 Time span  1952  2009    58 years, best matches for  50-year segments lagged  25 years
 Listed in order from highest correlation

           Counted       Corr      Corr      Corr      Corr      Corr      Corr      Corr      Corr      Corr      Corr      Corr
 Series    Segment   Add  # 1  Add  # 2  Add  # 3  Add  # 4  Add  # 5  Add  # 6  Add  # 7  Add  # 8  Add  # 9  Add  #10  Add  #11
 -------- ---------  --------  --------  --------  --------  --------  --------  --------  --------  --------  --------  --------
 0QD01A   1963 2005    -2 .18     0 .17    -1 .14    -7 .13     3 .06     2 .06    -8 .05    -4 .01   --- ---   --- ---   --- ---
===================  ========  ========  ========  ========  ========  ========  ========  ========  ========  ========  ========
           Counted       Corr      Corr      Corr      Corr      Corr      Corr      Corr      Corr      Corr      Corr      Corr
 Series    Segment   Add  # 1  Add  # 2  Add  # 3  Add  # 4  Add  # 5  Add  # 6  Add  # 7  Add  # 8  Add  # 9  Add  #10  Add  #11
 -------- ---------  --------  --------  --------  --------  --------  --------  --------  --------  --------  --------  --------
 0QD01B   1961 2007    -2 .23     0 .15    -6 .11    -7 .06    -4 .04    -5 .00   --- ---   --- ---   --- ---   --- ---   --- ---
===================  ========  ========  ========  ========  ========  ========  ========  ========  ========  ========  ========
           Counted       Corr      Corr      Corr      Corr      Corr      Corr      Corr      Corr      Corr      Corr      Corr
 Series    Segment   Add  # 1  Add  # 2  Add  # 3  Add  # 4  Add  # 5  Add  # 6  Add  # 7  Add  # 8  Add  # 9  Add  #10  Add  #11
 -------- ---------  --------  --------  --------  --------  --------  --------  --------  --------  --------  --------  --------
 0QD02A   1966 2009     0 .26   -12 .25   -14 .21    -8 .18   -13 .17    -4 .13   -11 .11    -6 .08    -5 .07   --- ---   --- ---
===================  ========  ========  ========  ========  ========  ========  ========  ========  ========  ========  ========
           Counted       Corr      Corr      Corr      Corr      Corr      Corr      Corr      Corr      Corr      Corr      Corr
 Series    Segment   Add  # 1  Add  # 2  Add  # 3  Add  # 4  Add  # 5  Add  # 6  Add  # 7  Add  # 8  Add  # 9  Add  #10  Add  #11
 -------- ---------  --------  --------  --------  --------  --------  --------  --------  --------  --------  --------  --------
 0QD02B   1967 2009     0 .46   -12 .41    -6 .24   -15 .20   -13 .20   -11 .18   -10 .09    -4 .00   --- ---   --- ---   --- ---
===================  ========  ========  ========  ========  ========  ========  ========  ========  ========  ========  ========
           Counted       Corr      Corr      Corr      Corr      Corr      Corr      Corr      Corr      Corr      Corr      Corr
 Series    Segment   Add  # 1  Add  # 2  Add  # 3  Add  # 4  Add  # 5  Add  # 6  Add  # 7  Add  # 8  Add  # 9  Add  #10  Add  #11
 -------- ---------  --------  --------  --------  --------  --------  --------  --------  --------  --------  --------  --------
 0QD04A   1975 1998    10 .45   -13 .39   -15 .33     0 .32    -2 .27   -18 .14   -19 .14     8 .12     9 .11     4 .08   -21 .08
===================  ========  ========  ========  ========  ========  ========  ========  ========  ========  ========  ========
           Counted       Corr      Corr      Corr      Corr      Corr      Corr      Corr      Corr      Corr      Corr      Corr
 Series    Segment   Add  # 1  Add  # 2  Add  # 3  Add  # 4  Add  # 5  Add  # 6  Add  # 7  Add  # 8  Add  # 9  Add  #10  Add  #11
 -------- ---------  --------  --------  --------  --------  --------  --------  --------  --------  --------  --------  --------
 0QD04B   1975 1998     0 .48   -12 .47     4 .29   -13 .26   -19 .25   -17 .24    11 .24    10 .19    -6 .17    -7 .15    -1 .13
===================  ========  ========  ========  ========  ========  ========  ========  ========  ========  ========  ========
           Counted       Corr      Corr      Corr      Corr      Corr      Corr      Corr      Corr      Corr      Corr      Corr
 Series    Segment   Add  # 1  Add  # 2  Add  # 3  Add  # 4  Add  # 5  Add  # 6  Add  # 7  Add  # 8  Add  # 9  Add  #10  Add  #11
 -------- ---------  --------  --------  --------  --------  --------  --------  --------  --------  --------  --------  --------
 0QD05A   1955 1996     0 .42     2 .16    -3 .16    -2 .15     6 .10    13 .10     9 .02   --- ---   --- ---   --- ---   --- ---
===================  ========  ========  ========  ========  ========  ========  ========  ========  ========  ========  ========
           Counted       Corr      Corr      Corr      Corr      Corr      Corr      Corr      Corr      Corr      Corr      Corr
 Series    Segment   Add  # 1  Add  # 2  Add  # 3  Add  # 4  Add  # 5  Add  # 6  Add  # 7  Add  # 8  Add  # 9  Add  #10  Add  #11
 -------- ---------  --------  --------  --------  --------  --------  --------  --------  --------  --------  --------  --------
 0QD05B   1956 1995    -4 .45     0 .26    11 .16     5 .09     7 .08    -1 .08     1 .05     8 .02    -2 .01   --- ---   --- ---
===================  ========  ========  ========  ========  ========  ========  ========  ========  ========  ========  ========
           Counted       Corr      Corr      Corr      Corr      Corr      Corr      Corr      Corr      Corr      Corr      Corr
 Series    Segment   Add  # 1  Add  # 2  Add  # 3  Add  # 4  Add  # 5  Add  # 6  Add  # 7  Add  # 8  Add  # 9  Add  #10  Add  #11
 -------- ---------  --------  --------  --------  --------  --------  --------  --------  --------  --------  --------  --------
 0QD06A   1956 1998    -1 .41     1 .20     0 .18     4 .16     8 .14     6 .12     5 .10     2 .03   --- ---   --- ---   --- ---
===================  ========  ========  ========  ========  ========  ========  ========  ========  ========  ========  ========
           Counted       Corr      Corr      Corr      Corr      Corr      Corr      Corr      Corr      Corr      Corr      Corr
 Series    Segment   Add  # 1  Add  # 2  Add  # 3  Add  # 4  Add  # 5  Add  # 6  Add  # 7  Add  # 8  Add  # 9  Add  #10  Add  #11
 -------- ---------  --------  --------  --------  --------  --------  --------  --------  --------  --------  --------  --------
 0QD06B   1957 1997     0 .58     4 .25     6 .25    -2 .20     7 .20    -4 .13    -1 .12    10 .03    11 .03    12 .01   --- ---
===================  ========  ========  ========  ========  ========  ========  ========  ========  ========  ========  ========
           Counted       Corr      Corr      Corr      Corr      Corr      Corr      Corr      Corr      Corr      Corr      Corr
 Series    Segment   Add  # 1  Add  # 2  Add  # 3  Add  # 4  Add  # 5  Add  # 6  Add  # 7  Add  # 8  Add  # 9  Add  #10  Add  #11
 -------- ---------  --------  --------  --------  --------  --------  --------  --------  --------  --------  --------  --------
 0QD07A   1968 2010   -14 .39   -16 .29    -4 .22    -1 .12   -10 .10    -8 .08    -7 .06    -5 .06   -12 .05   -15 .05   --- ---
===================  ========  ========  ========  ========  ========  ========  ========  ========  ========  ========  ========
           Counted       Corr      Corr      Corr      Corr      Corr      Corr      Corr      Corr      Corr      Corr      Corr
 Series    Segment   Add  # 1  Add  # 2  Add  # 3  Add  # 4  Add  # 5  Add  # 6  Add  # 7  Add  # 8  Add  # 9  Add  #10  Add  #11
 -------- ---------  --------  --------  --------  --------  --------  --------  --------  --------  --------  --------  --------
 0QD08A   1961 1990     0 .53     7 .41    -9 .27    -5 .22    19 .20    -7 .20    -6 .20    11 .16     9 .13     6 .13    18 .10
===================  ========  ========  ========  ========  ========  ========  ========  ========  ========  ========  ========
           Counted       Corr      Corr      Corr      Corr      Corr      Corr      Corr      Corr      Corr      Corr      Corr
 Series    Segment   Add  # 1  Add  # 2  Add  # 3  Add  # 4  Add  # 5  Add  # 6  Add  # 7  Add  # 8  Add  # 9  Add  #10  Add  #11
 -------- ---------  --------  --------  --------  --------  --------  --------  --------  --------  --------  --------  --------
 0QD08B   1960 1986    -2 .38     9 .35     2 .32    -4 .27     3 .21    21 .21    23 .21     0 .19    -8 .12    16 .12     4 .11
===================  ========  ========  ========  ========  ========  ========  ========  ========  ========  ========  ========
           Counted       Corr      Corr      Corr      Corr      Corr      Corr      Corr      Corr      Corr      Corr      Corr
 Series    Segment   Add  # 1  Add  # 2  Add  # 3  Add  # 4  Add  # 5  Add  # 6  Add  # 7  Add  # 8  Add  # 9  Add  #10  Add  #11
 -------- ---------  --------  --------  --------  --------  --------  --------  --------  --------  --------  --------  --------
 0QD09A   1949 1998   --- ---   --- ---   --- ---   --- ---   --- ---   --- ---   --- ---   --- ---   --- ---   --- ---   --- ---
===================  ========  ========  ========  ========  ========  ========  ========  ========  ========  ========  ========
           Counted       Corr      Corr      Corr      Corr      Corr      Corr      Corr      Corr      Corr      Corr      Corr
 Series    Segment   Add  # 1  Add  # 2  Add  # 3  Add  # 4  Add  # 5  Add  # 6  Add  # 7  Add  # 8  Add  # 9  Add  #10  Add  #11
 -------- ---------  --------  --------  --------  --------  --------  --------  --------  --------  --------  --------  --------
 0QD09B   1948 1997    12 .15     4 .08   --- ---   --- ---   --- ---   --- ---   --- ---   --- ---   --- ---   --- ---   --- ---
===================  ========  ========  ========  ========  ========  ========  ========  ========  ========  ========  ========
           Counted       Corr      Corr      Corr      Corr      Corr      Corr      Corr      Corr      Corr      Corr      Corr
 Series    Segment   Add  # 1  Add  # 2  Add  # 3  Add  # 4  Add  # 5  Add  # 6  Add  # 7  Add  # 8  Add  # 9  Add  #10  Add  #11
 -------- ---------  --------  --------  --------  --------  --------  --------  --------  --------  --------  --------  --------
 0QD10A   1948 1997    10 .12    12 .08     5 .07     4 .06     6 .02    11 .00   --- ---   --- ---   --- ---   --- ---   --- ---
 0QD10A   1951 2000  Lag from prior segment   3 years; insufficient
===================  ========  ========  ========  ========  ========  ========  ========  ========  ========  ========  ========
           Counted       Corr      Corr      Corr      Corr      Corr      Corr      Corr      Corr      Corr      Corr      Corr
 Series    Segment   Add  # 1  Add  # 2  Add  # 3  Add  # 4  Add  # 5  Add  # 6  Add  # 7  Add  # 8  Add  # 9  Add  #10  Add  #11
 -------- ---------  --------  --------  --------  --------  --------  --------  --------  --------  --------  --------  --------
 0QD10B   1948 1997     4 .20    12 .12    11 .08     5 .07   --- ---   --- ---   --- ---   --- ---   --- ---   --- ---   --- ---
 0QD10B   1951 2000  Lag from prior segment   3 years; insufficient
===================  ========  ========  ========  ========  ========  ========  ========  ========  ========  ========  ========
           Counted       Corr      Corr      Corr      Corr      Corr      Corr      Corr      Corr      Corr      Corr      Corr
 Series    Segment   Add  # 1  Add  # 2  Add  # 3  Add  # 4  Add  # 5  Add  # 6  Add  # 7  Add  # 8  Add  # 9  Add  #10  Add  #11
 -------- ---------  --------  --------  --------  --------  --------  --------  --------  --------  --------  --------  --------
 0QD11A   1967 1994    11 .32     0 .29   -14 .28     2 .26    -7 .25     6 .20     5 .19    -9 .18    -2 .18     9 .14    -1 .11
===================  ========  ========  ========  ========  ========  ========  ========  ========  ========  ========  ========
           Counted       Corr      Corr      Corr      Corr      Corr      Corr      Corr      Corr      Corr      Corr      Corr
 Series    Segment   Add  # 1  Add  # 2  Add  # 3  Add  # 4  Add  # 5  Add  # 6  Add  # 7  Add  # 8  Add  # 9  Add  #10  Add  #11
 -------- ---------  --------  --------  --------  --------  --------  --------  --------  --------  --------  --------  --------
 0QD11B   1966 1995     0 .46    -2 .28     7 .27     5 .25     6 .24     9 .21    -8 .11    -4 .09     2 .06     4 .04    11 .04
===================  ========  ========  ========  ========  ========  ========  ========  ========  ========  ========  ========
       19 undated series

                                              - = [  COFECHA Q    COF  ] = -
