[]  Dendrochronology Program Library                                        Run Y      Program COF  22:45  Sat 12 Nov 2011  Page   1
[]
[]  P R O G R A M      C O F E C H A                                                                          Version 6.06P    28076
------------------------------------------------------------------------------------------------------------------------------------

 QUALITY CONTROL AND DATING CHECK OF TREE-RING MEASUREMENTS

 Title of run:           y                                       

 File of DATED series:   YL.raw

 File of UNDATED series: YD.raw

 CONTENTS:

    Part 1:  Title page, options selected, summary, absent rings by series
    Part 2:  Histogram of time spans
    Part 3:  Master series with sample depth and absent rings by year
    Part 4:  Bar plot of Master Dating Series
    Part 5:  Correlation by segment of each series with Master
    Part 6:  Potential problems: low correlation, divergent year-to-year changes, absent rings, outliers
    Part 7:  Descriptive statistics
    Part 8:  Undated series - adjustments for highest correlations

 RUN CONTROL OPTIONS SELECTED                             VALUE

         1  Cubic smoothing spline 50% wavelength cutoff for filtering
                                                            32 years
         2  Segments examined are                           50 years lagged successively by  25 years
         3  Autoregressive model applied                     A  Residuals are used in master dating series and testing
         4  Series transformed to logarithms                 Y  Each series log-transformed for master dating series and testing
         5  CORRELATION is Pearson (parametric, quantitative)
            Critical correlation, 99% confidence level   .3281
         6  Master dating series saved                       N
         7  Ring measurements listed                         N
         8  Parts printed                             12345678 
         9  Absent rings are omitted from master series and segment correlations  (Y)

 Time span of Master dating series is  1955 to  2010    56 years
 Continuous time span is               1955 to  2010    56 years
 Portion with two or more series is    1955 to  2010    56 years

 >> 0YL08B      1963 absent in   1 of   23 series, but is not usually narrow: master index is  -.283

                                        ****************************************
                                        *C* Number of dated series        26 *C*
                                        *O* Master series 1955 2010   56 yrs *O*
                                        *F* Total rings in all series   1316 *F*
                                        *E* Total dated rings checked   1316 *E*
                                        *C* Series intercorrelation     .412 *C*
                                        *H* Average mean sensitivity    .242 *H*
                                        *A* Segments, possible problems   10 *A*
                                        *** Mean length of series       50.6 ***
                                        ****************************************

 ABSENT RINGS listed by SERIES:            (See Master Dating Series for absent rings listed by year)

 0YL08B      1 absent rings:   1963

             1 absent rings    .076%
PART 2:  TIME PLOT OF TREE-RING SERIES: y                                                          22:45  Sat 12 Nov 2011  Page   2
------------------------------------------------------------------------------------------------------------------------------------
 1050 1100 1150 1200 1250 1300 1350 1400 1450 1500 1550 1600 1650 1700 1750 1800 1850 1900 1950 2000 2050 Ident   Seq Time-span  Yrs
   :    :    :    :    :    :    :    :    :    :    :    :    :    :    :    :    :    :    :    :    : -------- --- ---- ---- ----
   .    .    .    .    .    .    .    .    .    .    .    .    .    .    .    .    .    .    <=====>   . 0YL01A     1 1955 2010   56
   .    .    .    .    .    .    .    .    .    .    .    .    .    .    .    .    .    .    <=====>   . 0YL01B     2 1955 2010   56
   .    .    .    .    .    .    .    .    .    .    .    .    .    .    .    .    .    .    <=====>   . 0YL02A     3 1955 2010   56
   .    .    .    .    .    .    .    .    .    .    .    .    .    .    .    .    .    .    <=====>   . 0YL02B     4 1955 2010   56
   .    .    .    .    .    .    .    .    .    .    .    .    .    .    .    .    .    .    .<====>   . 0YL03A     5 1962 2010   49
   .    .    .    .    .    .    .    .    .    .    .    .    .    .    .    .    .    .    .<====>   . 0YL03B     6 1962 2010   49
   .    .    .    .    .    .    .    .    .    .    .    .    .    .    .    .    .    .    <=====>   . 0YL04A     7 1955 2010   56
   .    .    .    .    .    .    .    .    .    .    .    .    .    .    .    .    .    .    <=====>   . 0YL04B     8 1955 2010   56
   .    .    .    .    .    .    .    .    .    .    .    .    .    .    .    .    .    .    .<====>   . 0YL06A     9 1967 2010   44
   .    .    .    .    .    .    .    .    .    .    .    .    .    .    .    .    .    .    .<====>   . 0YL06B    10 1967 2010   44
   .    .    .    .    .    .    .    .    .    .    .    .    .    .    .    .    .    .    .<====>   . 0YL07A    11 1961 2010   50
   .    .    .    .    .    .    .    .    .    .    .    .    .    .    .    .    .    .    .<====>   . 0YL07B    12 1965 2010   46
   .    .    .    .    .    .    .    .    .    .    .    .    .    .    .    .    .    .    .<====>   . 0YL08A    13 1962 2010   49
   .    .    .    .    .    .    .    .    .    .    .    .    .    .    .    .    .    .    .<===>    . 0YL08B    14 1960 2009   50
   .    .    .    .    .    .    .    .    .    .    .    .    .    .    .    .    .    .    .<====>   . 0YL09A    15 1962 2010   49
   .    .    .    .    .    .    .    .    .    .    .    .    .    .    .    .    .    .    .<===>    . 0YL09B    16 1963 2008   46
   .    .    .    .    .    .    .    .    .    .    .    .    .    .    .    .    .    .    <=====>   . 0YL10A    17 1958 2010   53
   .    .    .    .    .    .    .    .    .    .    .    .    .    .    .    .    .    .    <====>    . 0YL10B    18 1957 2005   49
   .    .    .    .    .    .    .    .    .    .    .    .    .    .    .    .    .    .    <====>    . 0YL11A    19 1957 2009   53
   .    .    .    .    .    .    .    .    .    .    .    .    .    .    .    .    .    .    <=====>   . 0YL11B    20 1959 2010   52
   .    .    .    .    .    .    .    .    .    .    .    .    .    .    .    .    .    .    .<====>   . 0YL12A    21 1962 2010   49
   .    .    .    .    .    .    .    .    .    .    .    .    .    .    .    .    .    .    .<===>    . 0YL12B    22 1961 2009   49
   .    .    .    .    .    .    .    .    .    .    .    .    .    .    .    .    .    .    .<====>   . 0YL13A    23 1960 2010   51
   .    .    .    .    .    .    .    .    .    .    .    .    .    .    .    .    .    .    .<====>   . 0YL13B    24 1963 2010   48
   .    .    .    .    .    .    .    .    .    .    .    .    .    .    .    .    .    .    .<====>   . 0YL14A    25 1962 2010   49
   .    .    .    .    .    .    .    .    .    .    .    .    .    .    .    .    .    .    .<====>   . 0YL14B    26 1960 2010   51
   :    :    :    :    :    :    :    :    :    :    :    :    :    :    :    :    :    :    :    :    :
 1050 1100 1150 1200 1250 1300 1350 1400 1450 1500 1550 1600 1650 1700 1750 1800 1850 1900 1950 2000 2050
   :    :    :    :    :    :    :    :    :    :    :    :    :    :    :    :    :    :    :    :    :
 1050 1100 1150 1200 1250 1300 1350 1400 1450 1500 1550 1600 1650 1700 1750 1800 1850 1900 1950 2000 2050
PART 3:  Master Dating Series: y                                                                   22:45  Sat 12 Nov 2011  Page   3
------------------------------------------------------------------------------------------------------------------------------------
  Year  Value  No Ab    Year  Value  No Ab    Year  Value  No Ab    Year  Value  No Ab    Year  Value  No Ab    Year  Value  No Ab
  ------------------    ------------------    ------------------    ------------------    ------------------    ------------------
                        2000   .671  26
                        2001   .478  26
                        2002  -.999  26
                        2003  1.532  26
                        2004  1.437  26
  1955   .057   6       2005  1.008  26
  1956   .018   6       2006   .715  25
  1957  -.657   8       2007   .794  25
  1958  -.291   9       2008   .538  25
  1959 -1.968  10       2009  -.158  24

  1960 -1.195  13       2010 -1.987  21
  1961  -.385  15
  1962   .109  21
  1963  -.283  23  1<<
  1964  1.995  23
  1965  1.533  24
  1966   .423  24
  1967   .088  26
  1968  -.035  26
  1969  -.354  26

  1970   .335  26
  1971  -.488  26
  1972  -.065  26
  1973  1.005  26
  1974  -.003  26
  1975   .656  26
  1976   .604  26
  1977   .752  26
  1978  1.082  26
  1979   .486  26

  1980 -1.367  26
  1981  -.855  26
  1982 -2.153  26
  1983   .584  26
  1984   .126  26
  1985   .792  26
  1986   .253  26
  1987 -1.268  26
  1988  -.925  26
  1989   .103  26

  1990  -.518  26
  1991 -1.928  26
  1992 -1.846  26
  1993 -1.895  26
  1994   .363  26
  1995   .492  26
  1996  1.367  26
  1997  1.324  26
  1998  -.720  26
  1999   .623  26
------------------------------------------------------------------------------------------------------------------------------------
PART 4:  Master Bar Plot: y                                                                        22:45  Sat 12 Nov 2011  Page   4
------------------------------------------------------------------------------------------------------------------------------------
   Year Rel value  Year Rel value  Year Rel value  Year Rel value  Year Rel value  Year Rel value  Year Rel value  Year Rel value
                   2000--------C
                   2001------B
                   2002-d
                   2003----------F
                   2004----------F
   1955-----@      2005---------D
   1956----@       2006--------C
   1957--c         2007--------C
   1958---a        2008-------B
   1959h           2009---a
   1960-e          2010h
   1961---b
   1962-----@
   1963---a
   1964----------H
   1965----------F
   1966------B
   1967-----@
   1968----@
   1969---a
   1970------A
   1971--b
   1972----@
   1973---------D
   1974----@
   1975--------C
   1976-------B
   1977--------C
   1978---------D
   1979------B
   1980-e
   1981--c
   1982i
   1983-------B
   1984-----A
   1985--------C
   1986-----A
   1987-e
   1988--d
   1989-----@
   1990--b
   1991h
   1992g
   1993h
   1994------A
   1995------B
   1996----------E
   1997----------E
   1998--c
   1999-------B
PART 5:  CORRELATION OF SERIES BY SEGMENTS: y                                                      22:45  Sat 12 Nov 2011  Page   5
------------------------------------------------------------------------------------------------------------------------------------
 Correlations of  50-year dated segments, lagged  25 years
 Flags:  A = correlation under   .3281 but highest as dated;  B = correlation higher at other than dated position

 Seq Series  Time_span   1950 1975
                         1999 2024
 --- -------- ---------  ---- ---- ---- ---- ---- ---- ---- ---- ---- ---- ---- ---- ---- ---- ---- ---- ---- ---- ---- ----
   1 0YL01A   1955 2010   .40  .33
   2 0YL01B   1955 2010   .45  .53
   3 0YL02A   1955 2010   .48  .26A
   4 0YL02B   1955 2010   .02B .10A
   5 0YL03A   1962 2010   .60
   6 0YL03B   1962 2010   .46
   7 0YL04A   1955 2010   .31A .43
   8 0YL04B   1955 2010   .54  .49
   9 0YL06A   1967 2010  -.01B
  10 0YL06B   1967 2010   .19A
  11 0YL07A   1961 2010   .57
  12 0YL07B   1965 2010   .75
  13 0YL08A   1962 2010   .03B
  14 0YL08B   1960 2009   .30B
  15 0YL09A   1962 2010   .49
  16 0YL09B   1963 2008   .29B
  17 0YL10A   1958 2010   .34  .35
  18 0YL10B   1957 2005   .30B
  19 0YL11A   1957 2009   .50  .56
  20 0YL11B   1959 2010   .66  .62
  21 0YL12A   1962 2010   .62
  22 0YL12B   1961 2009   .34
  23 0YL13A   1960 2010   .63  .70
  24 0YL13B   1963 2010   .70
  25 0YL14A   1962 2010   .48
  26 0YL14B   1960 2010   .54  .51
 Av segment correlation   .42  .44
PART 6:  POTENTIAL PROBLEMS: y                                                                     22:45  Sat 12 Nov 2011  Page   5
------------------------------------------------------------------------------------------------------------------------------------

 For each series with potential problems the following diagnostics may appear:

 [A] Correlations with master dating series of flagged  50-year segments of series filtered with  32-year spline,
     at every point from ten years earlier (-10) to ten years later (+10) than dated

 [B] Effect of those data values which most lower or raise correlation with master series
     Symbol following year indicates value in series is greater (>) or lesser (<) than master series value

 [C] Year-to-year changes very different from the mean change in other series

 [D] Absent rings (zero values)

 [E] Values which are statistical outliers from mean for the year
====================================================================================================================================

 0YL01A    1955 to  2010      56 years                                                                                    Series   1

 [B] Entire series, effect on correlation (  .296) is:
       Lower   2010> -.062   1958> -.036   1964< -.034   1961< -.019   2008< -.018   2005< -.016  Higher   2003  .033   1991  .026

====================================================================================================================================

 0YL01B    1955 to  2010      56 years                                                                                    Series   2

 [B] Entire series, effect on correlation (  .456) is:
       Lower   1958> -.029   1980> -.022   1956< -.018   1959> -.018   2004< -.016   1984< -.013  Higher   1991  .025   1992  .017

====================================================================================================================================

 0YL02A    1955 to  2010      56 years                                                                                    Series   3

 [A] Segment   High   -10   -9   -8   -7   -6   -5   -4   -3   -2   -1   +0   +1   +2   +3   +4   +5   +6   +7   +8   +9  +10
    ---------  ----   ---  ---  ---  ---  ---  ---  ---  ---  ---  ---  ---  ---  ---  ---  ---  ---  ---  ---  ---  ---  ---
    1961 2010    0      -    -    -    - -.25 -.21  .03 -.23 -.06  .23  .26*   -    -    -    -    -    -    -    -    -    -

 [B] Entire series, effect on correlation (  .260) is:
       Lower   2006< -.134   2010> -.073   2001< -.017   1974> -.010   1976< -.009   1963> -.008  Higher   1982  .032   1991  .029
     1961 to 2010 segment:
       Lower   2006< -.137   2010> -.085   2001< -.017   1974> -.012   1963> -.010   1976< -.009  Higher   1982  .038   1991  .034

====================================================================================================================================

 0YL02B    1955 to  2010      56 years                                                                                    Series   4

 [A] Segment   High   -10   -9   -8   -7   -6   -5   -4   -3   -2   -1   +0   +1   +2   +3   +4   +5   +6   +7   +8   +9  +10
    ---------  ----   ---  ---  ---  ---  ---  ---  ---  ---  ---  ---  ---  ---  ---  ---  ---  ---  ---  ---  ---  ---  ---
    1955 2004    1      -    -    -    -    -    -    -    -    -    -  .02| .15*-.10  .02  .09  .07  .14    -    -    -    -
    1961 2010    0      -    -    -    -  .01  .10 -.10 -.03 -.05 -.08  .10*   -    -    -    -    -    -    -    -    -    -

 [B] Entire series, effect on correlation (  .037) is:
       Lower   1959> -.055   1965< -.041   1980> -.026   1969> -.019   2001< -.018   1983< -.013  Higher   1987  .084   1996  .028
     1955 to 2004 segment:
       Lower   1959> -.062   1965< -.043   1980> -.029   1969> -.021   2001< -.019   1957> -.015  Higher   1987  .101   1996  .032
     1961 to 2010 segment:
       Lower   1965< -.046   1980> -.037   1969> -.029   2001< -.020   1964< -.017   1983< -.015  Higher   1987  .094   1996  .029

====================================================================================================================================

 0YL03A    1962 to  2010      49 years                                                                                    Series   5

 [B] Entire series, effect on correlation (  .604) is:
       Lower   1965< -.039   1971> -.026   1962< -.025   1968> -.021   1972< -.014   1998> -.011  Higher   2010  .056   1980  .026

====================================================================================================================================

 0YL03B    1962 to  2010      49 years                                                                                    Series   6

 [B] Entire series, effect on correlation (  .461) is:
       Lower   1963< -.085   1985< -.022   1982> -.020   1966> -.019   1998> -.015   1987> -.015  Higher   2010  .069   1980  .038

====================================================================================================================================

 0YL04A    1955 to  2010      56 years                                                                                    Series   7

 [A] Segment   High   -10   -9   -8   -7   -6   -5   -4   -3   -2   -1   +0   +1   +2   +3   +4   +5   +6   +7   +8   +9  +10
    ---------  ----   ---  ---  ---  ---  ---  ---  ---  ---  ---  ---  ---  ---  ---  ---  ---  ---  ---  ---  ---  ---  ---
    1955 2004    0      -    -    -    -    -    -    -    -    -    -  .31* .17 -.18 -.29 -.24  .00 -.22    -    -    -    -

 [B] Entire series, effect on correlation (  .374) is:
       Lower   1997< -.076   1958< -.040   1990> -.023   1987> -.022   1964< -.014   1994< -.010  Higher   2010  .050   1980  .032
     1955 to 2004 segment:
       Lower   1997< -.079   1958< -.038   1990> -.026   1987> -.025   1964< -.011   1957> -.011  Higher   1980  .039   1998  .038

====================================================================================================================================

 0YL04B    1955 to  2010      56 years                                                                                    Series   8

 [B] Entire series, effect on correlation (  .516) is:
       Lower   1997< -.057   1958> -.023   2007< -.021   1990> -.018   1987> -.015   1993> -.014  Higher   1959  .055   1991  .029

====================================================================================================================================

 0YL06A    1967 to  2010      44 years                                                                                    Series   9

 [A] Segment   High   -10   -9   -8   -7   -6   -5   -4   -3   -2   -1   +0   +1   +2   +3   +4   +5   +6   +7   +8   +9  +10
    ---------  ----   ---  ---  ---  ---  ---  ---  ---  ---  ---  ---  ---  ---  ---  ---  ---  ---  ---  ---  ---  ---  ---
    1967 2010   -8   -.11  .04  .36* .26  .20 -.14 -.11 -.09 -.04  .09 -.01|   -    -    -    -    -    -    -    -    -    -

 [B] Entire series, effect on correlation ( -.006) is:
       Lower   2000< -.061   1980> -.054   1982> -.038   1977< -.036   1991> -.036   2002> -.032  Higher   2010  .102   2003  .044
     1967 to 2010 segment:
       Lower   2000< -.061   1980> -.054   1982> -.038   1977< -.036   1991> -.036   2002> -.032  Higher   2010  .102   2003  .044

====================================================================================================================================

 0YL06B    1967 to  2010      44 years                                                                                    Series  10

 [A] Segment   High   -10   -9   -8   -7   -6   -5   -4   -3   -2   -1   +0   +1   +2   +3   +4   +5   +6   +7   +8   +9  +10
    ---------  ----   ---  ---  ---  ---  ---  ---  ---  ---  ---  ---  ---  ---  ---  ---  ---  ---  ---  ---  ---  ---  ---
    1967 2010    0   -.14 -.19  .01  .16  .13 -.06  .05 -.04  .16  .01  .19*   -    -    -    -    -    -    -    -    -    -

 [B] Entire series, effect on correlation (  .186) is:
       Lower   1991> -.077   2000< -.046   1997< -.043   1970< -.036   1973< -.026   2002> -.023  Higher   1980  .070   2003  .042
     1967 to 2010 segment:
       Lower   1991> -.077   2000< -.046   1997< -.043   1970< -.036   1973< -.026   2002> -.023  Higher   1980  .070   2003  .042

====================================================================================================================================

 0YL07A    1961 to  2010      50 years                                                                                    Series  11

 [B] Entire series, effect on correlation (  .566) is:
       Lower   1988> -.030   2005< -.023   1962< -.018   1972< -.015   1981> -.015   1966> -.013  Higher   1980  .040   1993  .019

====================================================================================================================================

 0YL07B    1965 to  2010      46 years                                                                                    Series  12

 [B] Entire series, effect on correlation (  .745) is:
       Lower   2005< -.024   1969< -.017   2009> -.016   1990> -.014   1974> -.013   1981> -.011  Higher   2010  .035   1982  .020

====================================================================================================================================

 0YL08A    1962 to  2010      49 years                                                                                    Series  13

 [A] Segment   High   -10   -9   -8   -7   -6   -5   -4   -3   -2   -1   +0   +1   +2   +3   +4   +5   +6   +7   +8   +9  +10
    ---------  ----   ---  ---  ---  ---  ---  ---  ---  ---  ---  ---  ---  ---  ---  ---  ---  ---  ---  ---  ---  ---  ---
    1962 2010   -5      -    -    - -.08 -.19  .06*-.22  .04 -.09 -.08  .03|   -    -    -    -    -    -    -    -    -    -

 [B] Entire series, effect on correlation (  .031) is:
       Lower   1976< -.052   2007< -.036   1987> -.034   2002> -.033   1982> -.026   1993> -.025  Higher   1991  .072   1964  .041
     1962 to 2010 segment:
       Lower   1976< -.052   2007< -.036   1987> -.034   2002> -.033   1982> -.026   1993> -.025  Higher   1991  .072   1964  .041

====================================================================================================================================

 0YL08B    1960 to  2009      50 years                                                                                    Series  14

 [A] Segment   High   -10   -9   -8   -7   -6   -5   -4   -3   -2   -1   +0   +1   +2   +3   +4   +5   +6   +7   +8   +9  +10
    ---------  ----   ---  ---  ---  ---  ---  ---  ---  ---  ---  ---  ---  ---  ---  ---  ---  ---  ---  ---  ---  ---  ---
    1960 2009    1      -    -    -    -    - -.37 -.03  .04 -.12  .11  .30| .61*   -    -    -    -    -    -    -    -    -

 [B] Entire series, effect on correlation (  .285) is:
       Lower   1982> -.054   2002> -.044   1987> -.034   1998> -.025   1970< -.015   2001< -.014  Higher   1991  .078   1980  .071
     1960 to 2009 segment:
       Lower   1982> -.054   2002> -.044   1987> -.034   1998> -.025   1970< -.015   2001< -.014  Higher   1991  .078   1980  .071

 [D]    1 Absent rings:  Year   Master  N series Absent
                         1963    -.283      23       1  >> WARNING:  Ring is not usually narrow

====================================================================================================================================

 0YL09A    1962 to  2010      49 years                                                                                    Series  15

 [B] Entire series, effect on correlation (  .490) is:
       Lower   2010> -.068   1962< -.019   1969> -.017   1990> -.016   2006< -.015   1991> -.013  Higher   1980  .046   2002  .036

====================================================================================================================================

 0YL09B    1963 to  2008      46 years                                                                                    Series  16

 [A] Segment   High   -10   -9   -8   -7   -6   -5   -4   -3   -2   -1   +0   +1   +2   +3   +4   +5   +6   +7   +8   +9  +10
    ---------  ----   ---  ---  ---  ---  ---  ---  ---  ---  ---  ---  ---  ---  ---  ---  ---  ---  ---  ---  ---  ---  ---
    1963 2008    1      -    -  .03 -.25  .15 -.09  .00  .04  .10 -.03  .29| .36* .15    -    -    -    -    -    -    -    -

 [B] Entire series, effect on correlation (  .289) is:
       Lower   1987> -.043   1998> -.037   2002> -.036   1969> -.024   2004< -.024   1990< -.024  Higher   1980  .088   1964  .045
     1963 to 2008 segment:
       Lower   1987> -.043   1998> -.037   2002> -.036   1969> -.024   2004< -.024   1990< -.024  Higher   1980  .088   1964  .045

====================================================================================================================================

 0YL10A    1958 to  2010      53 years                                                                                    Series  17

 [B] Entire series, effect on correlation (  .378) is:
       Lower   1984< -.073   1983< -.031   1976< -.029   1965< -.021   1963> -.018   1992> -.018  Higher   1980  .051   2010  .048

====================================================================================================================================

 0YL10B    1957 to  2005      49 years                                                                                    Series  18

 [A] Segment   High   -10   -9   -8   -7   -6   -5   -4   -3   -2   -1   +0   +1   +2   +3   +4   +5   +6   +7   +8   +9  +10
    ---------  ----   ---  ---  ---  ---  ---  ---  ---  ---  ---  ---  ---  ---  ---  ---  ---  ---  ---  ---  ---  ---  ---
    1957 2005    3      -    -    -    -    -    -    -    -  .16  .10  .30|-.01  .12  .31* .01 -.25    -    -    -    -    -

 [B] Entire series, effect on correlation (  .297) is:
       Lower   1993> -.063   1999< -.037   1983< -.032   1998> -.029   1992> -.025   1960> -.023  Higher   1959  .118   1982  .052
     1957 to 2005 segment:
       Lower   1993> -.063   1999< -.037   1983< -.032   1998> -.029   1992> -.025   1960> -.023  Higher   1959  .118   1982  .052

====================================================================================================================================

 0YL11A    1957 to  2009      53 years                                                                                    Series  19

 [B] Entire series, effect on correlation (  .491) is:
       Lower   1959> -.065   2002> -.046   1998< -.040   1992> -.013   1989< -.013   1993> -.010  Higher   1982  .036   1964  .036

====================================================================================================================================

 0YL11B    1959 to  2010      52 years                                                                                    Series  20

 [B] Entire series, effect on correlation (  .643) is:
       Lower   1980> -.027   1988< -.024   1960> -.023   1992> -.020   1985< -.015   2010> -.014  Higher   1959  .048   1964  .032

====================================================================================================================================

 0YL12A    1962 to  2010      49 years                                                                                    Series  21

 [B] Entire series, effect on correlation (  .618) is:
       Lower   1989< -.056   1980> -.049   1968< -.038   1971> -.025   1982> -.009   1988> -.006  Higher   2010  .061   1991  .023

====================================================================================================================================

 0YL12B    1961 to  2009      49 years                                                                                    Series  22

 [B] Entire series, effect on correlation (  .340) is:
       Lower   1998> -.064   2008< -.048   1974< -.033   1980> -.022   2007< -.020   1978< -.013  Higher   1964  .061   1982  .049

====================================================================================================================================

 0YL13A    1960 to  2010      51 years                                                                                    Series  23

 [B] Entire series, effect on correlation (  .675) is:
       Lower   1980> -.025   1992> -.024   1960< -.024   2007< -.018   1990> -.015   1966< -.014  Higher   2010  .043   1991  .021

====================================================================================================================================

 0YL13B    1963 to  2010      48 years                                                                                    Series  24

 [B] Entire series, effect on correlation (  .696) is:
       Lower   1989< -.038   1974> -.024   1991> -.020   1998> -.019   1992> -.015   1979> -.014  Higher   2010  .040   2002  .015

====================================================================================================================================

 0YL14A    1962 to  2010      49 years                                                                                    Series  25

 [B] Entire series, effect on correlation (  .481) is:
       Lower   1980> -.045   1965< -.038   2010> -.036   1982> -.018   1977< -.016   1974< -.015  Higher   2002  .037   1987  .026

====================================================================================================================================

 0YL14B    1960 to  2010      51 years                                                                                    Series  26

 [B] Entire series, effect on correlation (  .508) is:
       Lower   1996< -.048   2010> -.032   1980> -.027   1978< -.014   1962< -.013   1994< -.011  Higher   2002  .029   1991  .021

====================================================================================================================================
PART 7:  DESCRIPTIVE STATISTICS: y                                                                 22:45  Sat 12 Nov 2011  Page   6
------------------------------------------------------------------------------------------------------------------------------------

                                                Corr   //-------- Unfiltered --------\\  //---- Filtered -----\\
                           No.    No.    No.    with   Mean   Max     Std   Auto   Mean   Max     Std   Auto  AR
 Seq Series   Interval   Years  Segmt  Flags   Master  msmt   msmt    dev   corr   sens  value    dev   corr  ()
 --- -------- ---------  -----  -----  -----   ------ -----  -----  -----  -----  -----  -----  -----  -----  --
   1 0YL01A   1955 2010     56      2      0    .296   1.03   1.89   .355   .736   .233   2.53   .419  -.009   1
   2 0YL01B   1955 2010     56      2      0    .456    .87   1.73   .407   .823   .240   2.55   .422  -.019   1
   3 0YL02A   1955 2010     56      2      1    .260    .49   2.18   .345   .755   .286   2.87   .428  -.018   1
   4 0YL02B   1955 2010     56      2      2    .037    .60   1.56   .260   .682   .240   2.63   .465  -.080   2
   5 0YL03A   1962 2010     49      1      0    .604    .80   1.56   .293   .626   .265   2.51   .455  -.003   1
   6 0YL03B   1962 2010     49      1      0    .461    .93   1.64   .332   .689   .244   2.50   .497  -.017   1
   7 0YL04A   1955 2010     56      2      1    .374    .48   1.41   .214   .615   .238   3.21   .631   .111   1
   8 0YL04B   1955 2010     56      2      0    .516    .48   1.25   .231   .824   .208   2.59   .423   .053   1
   9 0YL06A   1967 2010     44      1      1   -.006    .60   2.02   .552   .907   .386   2.65   .575   .028   1
  10 0YL06B   1967 2010     44      1      1    .186    .69   2.29   .628   .928   .340   3.03   .793  -.008   1
  11 0YL07A   1961 2010     50      1      0    .566   1.61   2.86   .605   .767   .224   2.57   .544   .132   1
  12 0YL07B   1965 2010     46      1      0    .745   1.79   3.47   .560   .612   .234   2.46   .525  -.061   1
  13 0YL08A   1962 2010     49      1      1    .031   1.30   3.38   .776   .931   .193   2.51   .535   .072   1
  14 0YL08B   1960 2009     50      1      1    .285   1.26   3.28   .571   .124   .272   2.51   .497   .028   1
  15 0YL09A   1962 2010     49      1      0    .490   1.29   4.83  1.273   .961   .232   2.53   .450   .100   1
  16 0YL09B   1963 2008     46      1      1    .289   1.22   3.88  1.018   .959   .227   2.55   .516   .028   1
  17 0YL10A   1958 2010     53      2      0    .378   1.22   3.49  1.146   .961   .233   2.68   .562  -.025   2
  18 0YL10B   1957 2005     49      1      1    .297   1.24   3.76  1.182   .957   .268   2.71   .589   .040   1
  19 0YL11A   1957 2009     53      2      0    .491   1.21   4.66  1.108   .908   .275   2.56   .389  -.096   1
  20 0YL11B   1959 2010     52      2      0    .643   1.27   4.85  1.142   .911   .274   2.98   .524  -.053   1
  21 0YL12A   1962 2010     49      1      0    .618   1.54   3.89   .985   .939   .193   2.72   .570   .096   1
  22 0YL12B   1961 2009     49      1      0    .340   1.36   3.52   .836   .915   .212   2.91   .533  -.085   1
  23 0YL13A   1960 2010     51      2      0    .675   1.64   3.52   .845   .906   .211   2.58   .544  -.088   1
  24 0YL13B   1963 2010     48      1      0    .696   1.60   3.53   .775   .906   .201   2.52   .520  -.065   1
  25 0YL14A   1962 2010     49      1      0    .481   1.51   2.61   .601   .838   .181   2.54   .549  -.015   1
  26 0YL14B   1960 2010     51      2      0    .508   1.71   3.17   .741   .828   .197   2.62   .519   .053   2
 --- -------- ---------  -----  -----  -----   ------ -----  -----  -----  -----  -----  -----  -----  -----  --
 Total or mean:           1316     37     10    .412   1.13   4.85   .676   .806   .242   3.21   .515   .004
PART 8:  ADJUSTMENTS FOR UNDATED SERIES: y                                                         22:45  Sat 12 Nov 2011  Page   7
------------------------------------------------------------------------------------------------------------------------------------

 Time span  1955  2010    56 years, best matches for  50-year segments lagged  25 years
 Listed in order from highest correlation

           Counted       Corr      Corr      Corr      Corr      Corr      Corr      Corr      Corr      Corr      Corr      Corr
 Series    Segment   Add  # 1  Add  # 2  Add  # 3  Add  # 4  Add  # 5  Add  # 6  Add  # 7  Add  # 8  Add  # 9  Add  #10  Add  #11
 -------- ---------  --------  --------  --------  --------  --------  --------  --------  --------  --------  --------  --------
 0YD01A   1955 1991     0 .74    11 .42     5 .25    10 .10    16 .08     9 .04     2 .04   --- ---   --- ---   --- ---   --- ---
===================  ========  ========  ========  ========  ========  ========  ========  ========  ========  ========  ========
           Counted       Corr      Corr      Corr      Corr      Corr      Corr      Corr      Corr      Corr      Corr      Corr
 Series    Segment   Add  # 1  Add  # 2  Add  # 3  Add  # 4  Add  # 5  Add  # 6  Add  # 7  Add  # 8  Add  # 9  Add  #10  Add  #11
 -------- ---------  --------  --------  --------  --------  --------  --------  --------  --------  --------  --------  --------
 0YD01B   1956 1992     0 .67    11 .42    10 .22     2 .17     9 .17     1 .09    -1 .06     8 .02    16 .02   --- ---   --- ---
===================  ========  ========  ========  ========  ========  ========  ========  ========  ========  ========  ========
           Counted       Corr      Corr      Corr      Corr      Corr      Corr      Corr      Corr      Corr      Corr      Corr
 Series    Segment   Add  # 1  Add  # 2  Add  # 3  Add  # 4  Add  # 5  Add  # 6  Add  # 7  Add  # 8  Add  # 9  Add  #10  Add  #11
 -------- ---------  --------  --------  --------  --------  --------  --------  --------  --------  --------  --------  --------
 0YD02A   1956 2005     0 .35     4 .20     1 .05   --- ---   --- ---   --- ---   --- ---   --- ---   --- ---   --- ---   --- ---
 0YD02A   1959 2008  Lag from prior segment   3 years; insufficient
===================  ========  ========  ========  ========  ========  ========  ========  ========  ========  ========  ========
           Counted       Corr      Corr      Corr      Corr      Corr      Corr      Corr      Corr      Corr      Corr      Corr
 Series    Segment   Add  # 1  Add  # 2  Add  # 3  Add  # 4  Add  # 5  Add  # 6  Add  # 7  Add  # 8  Add  # 9  Add  #10  Add  #11
 -------- ---------  --------  --------  --------  --------  --------  --------  --------  --------  --------  --------  --------
 0YD02B   1956 2005    -1 .15     2 .13     3 .00     4 .00   --- ---   --- ---   --- ---   --- ---   --- ---   --- ---   --- ---
 0YD02B   1959 2008  Lag from prior segment   3 years; insufficient
===================  ========  ========  ========  ========  ========  ========  ========  ========  ========  ========  ========
           Counted       Corr      Corr      Corr      Corr      Corr      Corr      Corr      Corr      Corr      Corr      Corr
 Series    Segment   Add  # 1  Add  # 2  Add  # 3  Add  # 4  Add  # 5  Add  # 6  Add  # 7  Add  # 8  Add  # 9  Add  #10  Add  #11
 -------- ---------  --------  --------  --------  --------  --------  --------  --------  --------  --------  --------  --------
 0YD03A   1966 1999   -10 .43     1 .41     0 .34    -8 .19    10 .18     8 .14    11 .13    -1 .05     3 .04   -11 .04     9 .04
===================  ========  ========  ========  ========  ========  ========  ========  ========  ========  ========  ========
           Counted       Corr      Corr      Corr      Corr      Corr      Corr      Corr      Corr      Corr      Corr      Corr
 Series    Segment   Add  # 1  Add  # 2  Add  # 3  Add  # 4  Add  # 5  Add  # 6  Add  # 7  Add  # 8  Add  # 9  Add  #10  Add  #11
 -------- ---------  --------  --------  --------  --------  --------  --------  --------  --------  --------  --------  --------
 0YD03B   1966 1999     9 .33    -5 .31    -2 .29     0 .27     6 .24   -10 .18     8 .16     5 .15     1 .08    -1 .06    -3 .00
===================  ========  ========  ========  ========  ========  ========  ========  ========  ========  ========  ========
           Counted       Corr      Corr      Corr      Corr      Corr      Corr      Corr      Corr      Corr      Corr      Corr
 Series    Segment   Add  # 1  Add  # 2  Add  # 3  Add  # 4  Add  # 5  Add  # 6  Add  # 7  Add  # 8  Add  # 9  Add  #10  Add  #11
 -------- ---------  --------  --------  --------  --------  --------  --------  --------  --------  --------  --------  --------
 0YD04A   1971 1999     0 .27    11 .26   -12 .24    -5 .21   -11 .19   -16 .15    -8 .12   -10 .11   -14 .09     9 .07     5 .06
===================  ========  ========  ========  ========  ========  ========  ========  ========  ========  ========  ========
           Counted       Corr      Corr      Corr      Corr      Corr      Corr      Corr      Corr      Corr      Corr      Corr
 Series    Segment   Add  # 1  Add  # 2  Add  # 3  Add  # 4  Add  # 5  Add  # 6  Add  # 7  Add  # 8  Add  # 9  Add  #10  Add  #11
 -------- ---------  --------  --------  --------  --------  --------  --------  --------  --------  --------  --------  --------
 0YD04B   1971 1999     0 .29   -12 .27    -5 .24   -16 .16    11 .15     9 .12    -3 .11   -14 .10   -11 .10     5 .09     6 .09
===================  ========  ========  ========  ========  ========  ========  ========  ========  ========  ========  ========
           Counted       Corr      Corr      Corr      Corr      Corr      Corr      Corr      Corr      Corr      Corr      Corr
 Series    Segment   Add  # 1  Add  # 2  Add  # 3  Add  # 4  Add  # 5  Add  # 6  Add  # 7  Add  # 8  Add  # 9  Add  #10  Add  #11
 -------- ---------  --------  --------  --------  --------  --------  --------  --------  --------  --------  --------  --------
 0YD05A   1963 2002     0 .47    -6 .26    -1 .24     5 .16    -7 .11    -3 .06     2 .01   --- ---   --- ---   --- ---   --- ---
===================  ========  ========  ========  ========  ========  ========  ========  ========  ========  ========  ========
           Counted       Corr      Corr      Corr      Corr      Corr      Corr      Corr      Corr      Corr      Corr      Corr
 Series    Segment   Add  # 1  Add  # 2  Add  # 3  Add  # 4  Add  # 5  Add  # 6  Add  # 7  Add  # 8  Add  # 9  Add  #10  Add  #11
 -------- ---------  --------  --------  --------  --------  --------  --------  --------  --------  --------  --------  --------
 0YD05B   1964 2003     0 .36    -6 .29     2 .21     7 .13    -1 .13    -8 .12    -7 .07     5 .05    -9 .04   --- ---   --- ---
===================  ========  ========  ========  ========  ========  ========  ========  ========  ========  ========  ========
           Counted       Corr      Corr      Corr      Corr      Corr      Corr      Corr      Corr      Corr      Corr      Corr
 Series    Segment   Add  # 1  Add  # 2  Add  # 3  Add  # 4  Add  # 5  Add  # 6  Add  # 7  Add  # 8  Add  # 9  Add  #10  Add  #11
 -------- ---------  --------  --------  --------  --------  --------  --------  --------  --------  --------  --------  --------
 0YD06A   1957 2004     6 .26     0 .14     5 .10    -2 .07     2 .03     4 .02   --- ---   --- ---   --- ---   --- ---   --- ---
===================  ========  ========  ========  ========  ========  ========  ========  ========  ========  ========  ========
           Counted       Corr      Corr      Corr      Corr      Corr      Corr      Corr      Corr      Corr      Corr      Corr
 Series    Segment   Add  # 1  Add  # 2  Add  # 3  Add  # 4  Add  # 5  Add  # 6  Add  # 7  Add  # 8  Add  # 9  Add  #10  Add  #11
 -------- ---------  --------  --------  --------  --------  --------  --------  --------  --------  --------  --------  --------
 0YD06B   1957 2004     4 .22     0 .12     6 .11     5 .06   --- ---   --- ---   --- ---   --- ---   --- ---   --- ---   --- ---
===================  ========  ========  ========  ========  ========  ========  ========  ========  ========  ========  ========
           Counted       Corr      Corr      Corr      Corr      Corr      Corr      Corr      Corr      Corr      Corr      Corr
 Series    Segment   Add  # 1  Add  # 2  Add  # 3  Add  # 4  Add  # 5  Add  # 6  Add  # 7  Add  # 8  Add  # 9  Add  #10  Add  #11
 -------- ---------  --------  --------  --------  --------  --------  --------  --------  --------  --------  --------  --------
 0YD07A   1969 2003     0 .35    -7 .30   -11 .24     4 .19    -8 .16   -13 .11     3 .09     1 .08     5 .08     6 .06    -1 .05
===================  ========  ========  ========  ========  ========  ========  ========  ========  ========  ========  ========
           Counted       Corr      Corr      Corr      Corr      Corr      Corr      Corr      Corr      Corr      Corr      Corr
 Series    Segment   Add  # 1  Add  # 2  Add  # 3  Add  # 4  Add  # 5  Add  # 6  Add  # 7  Add  # 8  Add  # 9  Add  #10  Add  #11
 -------- ---------  --------  --------  --------  --------  --------  --------  --------  --------  --------  --------  --------
 0YD07B   1968 2001     0 .27   -13 .21   -11 .20     3 .19    -8 .18     4 .15    -2 .13    -7 .12    -9 .11   -10 .11    -1 .06
===================  ========  ========  ========  ========  ========  ========  ========  ========  ========  ========  ========
           Counted       Corr      Corr      Corr      Corr      Corr      Corr      Corr      Corr      Corr      Corr      Corr
 Series    Segment   Add  # 1  Add  # 2  Add  # 3  Add  # 4  Add  # 5  Add  # 6  Add  # 7  Add  # 8  Add  # 9  Add  #10  Add  #11
 -------- ---------  --------  --------  --------  --------  --------  --------  --------  --------  --------  --------  --------
 0YD08A   1971 1999     5 .36     6 .26     4 .24   -16 .23     0 .21    11 .18     8 .17    -2 .13   -13 .13     7 .06   -14 .05
===================  ========  ========  ========  ========  ========  ========  ========  ========  ========  ========  ========
           Counted       Corr      Corr      Corr      Corr      Corr      Corr      Corr      Corr      Corr      Corr      Corr
 Series    Segment   Add  # 1  Add  # 2  Add  # 3  Add  # 4  Add  # 5  Add  # 6  Add  # 7  Add  # 8  Add  # 9  Add  #10  Add  #11
 -------- ---------  --------  --------  --------  --------  --------  --------  --------  --------  --------  --------  --------
 0YD08B   1970 1998     0 .34    -3 .26     6 .25     8 .25   -11 .21   -15 .20    -8 .18   -13 .09    -5 .09    -2 .08     5 .04
===================  ========  ========  ========  ========  ========  ========  ========  ========  ========  ========  ========
           Counted       Corr      Corr      Corr      Corr      Corr      Corr      Corr      Corr      Corr      Corr      Corr
 Series    Segment   Add  # 1  Add  # 2  Add  # 3  Add  # 4  Add  # 5  Add  # 6  Add  # 7  Add  # 8  Add  # 9  Add  #10  Add  #11
 -------- ---------  --------  --------  --------  --------  --------  --------  --------  --------  --------  --------  --------
 0YD09A   1955 2004     0 .26     6 .03   --- ---   --- ---   --- ---   --- ---   --- ---   --- ---   --- ---   --- ---   --- ---
 0YD09A   1957 2006  Lag from prior segment   2 years; insufficient
===================  ========  ========  ========  ========  ========  ========  ========  ========  ========  ========  ========
           Counted       Corr      Corr      Corr      Corr      Corr      Corr      Corr      Corr      Corr      Corr      Corr
 Series    Segment   Add  # 1  Add  # 2  Add  # 3  Add  # 4  Add  # 5  Add  # 6  Add  # 7  Add  # 8  Add  # 9  Add  #10  Add  #11
 -------- ---------  --------  --------  --------  --------  --------  --------  --------  --------  --------  --------  --------
 0YD09B   1955 2004     0 .08     1 .05   --- ---   --- ---   --- ---   --- ---   --- ---   --- ---   --- ---   --- ---   --- ---
 0YD09B   1957 2006  Lag from prior segment   2 years; insufficient
===================  ========  ========  ========  ========  ========  ========  ========  ========  ========  ========  ========
           Counted       Corr      Corr      Corr      Corr      Corr      Corr      Corr      Corr      Corr      Corr      Corr
 Series    Segment   Add  # 1  Add  # 2  Add  # 3  Add  # 4  Add  # 5  Add  # 6  Add  # 7  Add  # 8  Add  # 9  Add  #10  Add  #11
 -------- ---------  --------  --------  --------  --------  --------  --------  --------  --------  --------  --------  --------
 0YD10A   1955 2004     0 .51     2 .20     1 .12   --- ---   --- ---   --- ---   --- ---   --- ---   --- ---   --- ---   --- ---
 0YD10A   1958 2007  Lag from prior segment   3 years; insufficient
===================  ========  ========  ========  ========  ========  ========  ========  ========  ========  ========  ========
           Counted       Corr      Corr      Corr      Corr      Corr      Corr      Corr      Corr      Corr      Corr      Corr
 Series    Segment   Add  # 1  Add  # 2  Add  # 3  Add  # 4  Add  # 5  Add  # 6  Add  # 7  Add  # 8  Add  # 9  Add  #10  Add  #11
 -------- ---------  --------  --------  --------  --------  --------  --------  --------  --------  --------  --------  --------
 0YD10B   1957 2006     0 .43     1 .11    -1 .07     2 .05     3 .05   --- ---   --- ---   --- ---   --- ---   --- ---   --- ---
 0YD10B   1960 2009  Lag from prior segment   3 years; insufficient
===================  ========  ========  ========  ========  ========  ========  ========  ========  ========  ========  ========
       20 undated series

                                              - = [  COFECHA Y    COF  ] = -
