[]  Dendrochronology Program Library                                        Run X      Program COF  21:58  Sat 12 Nov 2011  Page   1
[]
[]  P R O G R A M      C O F E C H A                                                                          Version 6.06P    28076
------------------------------------------------------------------------------------------------------------------------------------

 QUALITY CONTROL AND DATING CHECK OF TREE-RING MEASUREMENTS

 Title of run:           x                                       

 File of DATED series:   XL.raw

 File of UNDATED series: XD.raw

 CONTENTS:

    Part 1:  Title page, options selected, summary, absent rings by series
    Part 2:  Histogram of time spans
    Part 3:  Master series with sample depth and absent rings by year
    Part 4:  Bar plot of Master Dating Series
    Part 5:  Correlation by segment of each series with Master
    Part 6:  Potential problems: low correlation, divergent year-to-year changes, absent rings, outliers
    Part 7:  Descriptive statistics
    Part 8:  Undated series - adjustments for highest correlations

 RUN CONTROL OPTIONS SELECTED                             VALUE

         1  Cubic smoothing spline 50% wavelength cutoff for filtering
                                                            32 years
         2  Segments examined are                           50 years lagged successively by  25 years
         3  Autoregressive model applied                     A  Residuals are used in master dating series and testing
         4  Series transformed to logarithms                 Y  Each series log-transformed for master dating series and testing
         5  CORRELATION is Pearson (parametric, quantitative)
            Critical correlation, 99% confidence level   .3281
         6  Master dating series saved                       N
         7  Ring measurements listed                         N
         8  Parts printed                             12345678 
         9  Absent rings are omitted from master series and segment correlations  (Y)

 Time span of Master dating series is  1952 to  2011    60 years
 Continuous time span is               1952 to  2011    60 years
 Portion with two or more series is    1953 to  2011    59 years


                                        ****************************************
                                        *C* Number of dated series        27 *C*
                                        *O* Master series 1952 2011   60 yrs *O*
                                        *F* Total rings in all series   1270 *F*
                                        *E* Total dated rings checked   1269 *E*
                                        *C* Series intercorrelation     .613 *C*
                                        *H* Average mean sensitivity    .247 *H*
                                        *A* Segments, possible problems    2 *A*
                                        *** Mean length of series       47.0 ***
                                        ****************************************

 ABSENT RINGS listed by SERIES:            (See Master Dating Series for absent rings listed by year)

               No ring measurements of zero value
PART 2:  TIME PLOT OF TREE-RING SERIES: x                                                          21:58  Sat 12 Nov 2011  Page   2
------------------------------------------------------------------------------------------------------------------------------------
 1050 1100 1150 1200 1250 1300 1350 1400 1450 1500 1550 1600 1650 1700 1750 1800 1850 1900 1950 2000 2050 Ident   Seq Time-span  Yrs
   :    :    :    :    :    :    :    :    :    :    :    :    :    :    :    :    :    :    :    :    : -------- --- ---- ---- ----
   .    .    .    .    .    .    .    .    .    .    .    .    .    .    .    .    .    .    <=====>   . 0XL01A     1 1957 2010   54
   .    .    .    .    .    .    .    .    .    .    .    .    .    .    .    .    .    .    <=====>   . 0XL01B     2 1957 2010   54
   .    .    .    .    .    .    .    .    .    .    .    .    .    .    .    .    .    .    <====>    . 0XL02A     3 1952 2009   58
   .    .    .    .    .    .    .    .    .    .    .    .    .    .    .    .    .    .    <=====>   . 0XL02B     4 1953 2010   58
   .    .    .    .    .    .    .    .    .    .    .    .    .    .    .    .    .    .    <=====>   . 0XL03A     5 1956 2010   55
   .    .    .    .    .    .    .    .    .    .    .    .    .    .    .    .    .    .    <=====>   . 0XL03B     6 1956 2010   55
   .    .    .    .    .    .    .    .    .    .    .    .    .    .    .    .    .    .    .<====>   . 0XL04A     7 1960 2010   51
   .    .    .    .    .    .    .    .    .    .    .    .    .    .    .    .    .    .    .<====>   . 0XL04B     8 1960 2010   51
   .    .    .    .    .    .    .    .    .    .    .    .    .    .    .    .    .    .    <=====>   . 0XL05A     9 1957 2010   54
   .    .    .    .    .    .    .    .    .    .    .    .    .    .    .    .    .    .    <=====>   . 0XL05B    10 1957 2010   54
   .    .    .    .    .    .    .    .    .    .    .    .    .    .    .    .    .    .    <=====>   . 0XL06A    11 1955 2010   56
   .    .    .    .    .    .    .    .    .    .    .    .    .    .    .    .    .    .    <=====>   . 0XL06B    12 1955 2010   56
   .    .    .    .    .    .    .    .    .    .    .    .    .    .    .    .    .    .    .<====>   . 0XL07A    13 1969 2010   42
   .    .    .    .    .    .    .    .    .    .    .    .    .    .    .    .    .    .    . <===>   . 0XL07B    14 1970 2010   41
   .    .    .    .    .    .    .    .    .    .    .    .    .    .    .    .    .    .    . <===>   . 0XL08A    15 1970 2010   41
   .    .    .    .    .    .    .    .    .    .    .    .    .    .    .    .    .    .    .<====>   . 0XL08B    16 1969 2011   43
   .    .    .    .    .    .    .    .    .    .    .    .    .    .    .    .    .    .    <====>    . 0XL09A    17 1957 2009   53
   .    .    .    .    .    .    .    .    .    .    .    .    .    .    .    .    .    .    .<====>   . 0XL09B    18 1961 2010   50
   .    .    .    .    .    .    .    .    .    .    .    .    .    .    .    .    .    .    .<====>   . 0XL10A    19 1967 2010   44
   .    .    .    .    .    .    .    .    .    .    .    .    .    .    .    .    .    .    . <===>   . 0XL10B    20 1970 2010   41
   .    .    .    .    .    .    .    .    .    .    .    .    .    .    .    .    .    .    .<====>   . 0XL11A    21 1965 2010   46
   .    .    .    .    .    .    .    .    .    .    .    .    .    .    .    .    .    .    .<====>   . 0XL11B    22 1966 2011   46
   .    .    .    .    .    .    .    .    .    .    .    .    .    .    .    .    .    .    . <===>   . 0XL12A    23 1976 2010   35
   .    .    .    .    .    .    .    .    .    .    .    .    .    .    .    .    .    .    .  <=>    . 0XL12B    24 1981 2009   29
   .    .    .    .    .    .    .    .    .    .    .    .    .    .    .    .    .    .    . <===>   . 0XL13A    25 1979 2010   32
   .    .    .    .    .    .    .    .    .    .    .    .    .    .    .    .    .    .    . <===>   . 0XL13B    26 1978 2010   33
   .    .    .    .    .    .    .    .    .    .    .    .    .    .    .    .    .    .    . <==>    . 0XL14A    27 1972 2009   38
   :    :    :    :    :    :    :    :    :    :    :    :    :    :    :    :    :    :    :    :    :
 1050 1100 1150 1200 1250 1300 1350 1400 1450 1500 1550 1600 1650 1700 1750 1800 1850 1900 1950 2000 2050
   :    :    :    :    :    :    :    :    :    :    :    :    :    :    :    :    :    :    :    :    :
 1050 1100 1150 1200 1250 1300 1350 1400 1450 1500 1550 1600 1650 1700 1750 1800 1850 1900 1950 2000 2050
PART 3:  Master Dating Series: x                                                                   21:58  Sat 12 Nov 2011  Page   3
------------------------------------------------------------------------------------------------------------------------------------
  Year  Value  No Ab    Year  Value  No Ab    Year  Value  No Ab    Year  Value  No Ab    Year  Value  No Ab    Year  Value  No Ab
  ------------------    ------------------    ------------------    ------------------    ------------------    ------------------
                        2000  -.317  27
                        2001 -1.822  27
  1952  -.677   1       2002 -1.478  27
  1953  -.159   2       2003 -1.485  27
  1954   .851   2       2004  -.505  27
  1955   .669   4       2005   .834  27
  1956   .523   6       2006   .678  27
  1957 -1.710  11       2007  1.401  27
  1958   .294  11       2008   .386  27
  1959  -.726  11       2009   .726  27

  1960  -.302  13       2010 -1.306  23
  1961 -2.087  14       2011  -.188   2
  1962   .496  14
  1963   .419  14
  1964   .105  14
  1965  1.874  15
  1966  1.400  16
  1967   .370  17
  1968   .778  17
  1969  -.380  19

  1970   .292  22
  1971  1.133  22
  1972  -.020  23
  1973 -1.636  23
  1974   .092  23
  1975   .256  23
  1976  1.187  24
  1977   .327  24
  1978  -.136  25
  1979   .672  26

  1980 -1.838  26
  1981  -.403  27
  1982 -2.906  27
  1983  -.498  27
  1984  -.389  27
  1985  -.409  27
  1986   .647  27
  1987  -.383  27
  1988   .797  27
  1989  1.696  27

  1990  -.034  27
  1991  1.161  27
  1992  -.312  27
  1993 -1.401  27
  1994  1.598  27
  1995   .143  27
  1996   .746  27
  1997   .503  27
  1998   .046  27
  1999   .406  27
------------------------------------------------------------------------------------------------------------------------------------
PART 4:  Master Bar Plot: x                                                                        21:58  Sat 12 Nov 2011  Page   4
------------------------------------------------------------------------------------------------------------------------------------
   Year Rel value  Year Rel value  Year Rel value  Year Rel value  Year Rel value  Year Rel value  Year Rel value  Year Rel value
                   2000---a
                   2001g
   1952--c         2002-f
   1953----a       2003-f
   1954--------C   2004--b
   1955--------C   2005--------C
   1956-------B    2006--------C
   1957g           2007----------F
   1958------A     2008------B
   1959--c         2009--------C
   1960---a        2010-e
   1961h           2011---a
   1962-------B
   1963------B
   1964-----@
   1965----------G
   1966----------F
   1967------A
   1968--------C
   1969--b
   1970------A
   1971---------E
   1972----@
   1973g
   1974-----@
   1975-----A
   1976---------E
   1977------A
   1978----a
   1979--------C
   1980g
   1981--b
   1982l
   1983--b
   1984--b
   1985--b
   1986--------C
   1987--b
   1988--------C
   1989----------G
   1990----@
   1991---------E
   1992---a
   1993-f
   1994----------F
   1995-----A
   1996--------C
   1997-------B
   1998----@
   1999------B
PART 5:  CORRELATION OF SERIES BY SEGMENTS: x                                                      21:58  Sat 12 Nov 2011  Page   5
------------------------------------------------------------------------------------------------------------------------------------
 Correlations of  50-year dated segments, lagged  25 years
 Flags:  A = correlation under   .3281 but highest as dated;  B = correlation higher at other than dated position

 Seq Series  Time_span   1950 1975
                         1999 2024
 --- -------- ---------  ---- ---- ---- ---- ---- ---- ---- ---- ---- ---- ---- ---- ---- ---- ---- ---- ---- ---- ---- ----
   1 0XL01A   1957 2010   .72  .76
   2 0XL01B   1957 2010   .58  .63
   3 0XL02A   1952 2009   .76  .74
   4 0XL02B   1953 2010   .76  .69
   5 0XL03A   1956 2010   .34B .49
   6 0XL03B   1956 2010   .63  .67
   7 0XL04A   1960 2010   .70  .72
   8 0XL04B   1960 2010   .66  .69
   9 0XL05A   1957 2010   .63  .62
  10 0XL05B   1957 2010   .49  .38
  11 0XL06A   1955 2010   .57  .64
  12 0XL06B   1955 2010   .60  .78
  13 0XL07A   1969 2010   .81
  14 0XL07B   1970 2010   .80
  15 0XL08A   1970 2010   .74
  16 0XL08B   1969 2011  -.05B
  17 0XL09A   1957 2009   .51  .41
  18 0XL09B   1961 2010   .50
  19 0XL10A   1967 2010   .70
  20 0XL10B   1970 2010   .67
  21 0XL11A   1965 2010   .73
  22 0XL11B   1966 2011   .78
  23 0XL12A   1976 2010        .57
  24 0XL12B   1981 2009        .72
  25 0XL13A   1979 2010        .67
  26 0XL13B   1978 2010        .59
  27 0XL14A   1972 2009   .38
 Av segment correlation   .61  .63
PART 6:  POTENTIAL PROBLEMS: x                                                                     21:58  Sat 12 Nov 2011  Page   5
------------------------------------------------------------------------------------------------------------------------------------

 For each series with potential problems the following diagnostics may appear:

 [A] Correlations with master dating series of flagged  50-year segments of series filtered with  32-year spline,
     at every point from ten years earlier (-10) to ten years later (+10) than dated

 [B] Effect of those data values which most lower or raise correlation with master series
     Symbol following year indicates value in series is greater (>) or lesser (<) than master series value

 [C] Year-to-year changes very different from the mean change in other series

 [D] Absent rings (zero values)

 [E] Values which are statistical outliers from mean for the year
====================================================================================================================================

 0XL01A    1957 to  2010      54 years                                                                                    Series   1

 [B] Entire series, effect on correlation (  .730) is:
       Lower   1961> -.027   1957> -.024   1976< -.010   1992> -.010   1970< -.009   1996< -.009  Higher   1982  .054   1980  .024

====================================================================================================================================

 0XL01B    1957 to  2010      54 years                                                                                    Series   2

 [B] Entire series, effect on correlation (  .604) is:
       Lower   1964< -.047   1971< -.016   1979< -.016   1969> -.015   1960< -.015   1961> -.014  Higher   2001  .027   1980  .023

====================================================================================================================================

 0XL02A    1952 to  2009      58 years                                                                                    Series   3

 [*] Early part of series cannot be checked from 1952 to 1952 -- not matched by another series

 [B] Entire series, effect on correlation (  .741) is:
       Lower   1973> -.022   1969> -.015   1980> -.015   2009< -.015   1985< -.008   1981< -.007  Higher   1982  .051   1961  .021

 [E] Outliers     1   3.0 SD above or -4.5 SD below mean for year
       1982 -4.7 SD
====================================================================================================================================

 0XL02B    1953 to  2010      58 years                                                                                    Series   4

 [B] Entire series, effect on correlation (  .706) is:
       Lower   2009< -.020   1973> -.018   2010> -.013   1990> -.013   2001> -.012   2008> -.007  Higher   1982  .028   1980  .019

====================================================================================================================================

 0XL03A    1956 to  2010      55 years                                                                                    Series   5

 [A] Segment   High   -10   -9   -8   -7   -6   -5   -4   -3   -2   -1   +0   +1   +2   +3   +4   +5   +6   +7   +8   +9  +10
    ---------  ----   ---  ---  ---  ---  ---  ---  ---  ---  ---  ---  ---  ---  ---  ---  ---  ---  ---  ---  ---  ---  ---
    1956 2005    3      -    -    -    -    -    - -.47 -.11  .11 -.08  .34| .15  .13  .39*-.09  .05 -.05    -    -    -    -

 [B] Entire series, effect on correlation (  .348) is:
       Lower   1958< -.098   1957> -.047   2008< -.030   1975< -.018   2000< -.017   2003> -.016  Higher   1982  .048   2001  .032
     1956 to 2005 segment:
       Lower   1958< -.117   1957> -.050   1975< -.022   2000< -.021   1976< -.018   2003> -.017  Higher   1982  .058   2001  .037

 [C] Year-to-year changes diverging by over 4.0 std deviations:
       1957 1958  -4.1 SD

====================================================================================================================================

 0XL03B    1956 to  2010      55 years                                                                                    Series   6

 [B] Entire series, effect on correlation (  .659) is:
       Lower   1991< -.035   1990> -.027   1980> -.017   1963< -.014   1972> -.013   1961> -.012  Higher   1982  .078   2010  .019

====================================================================================================================================

 0XL04A    1960 to  2010      51 years                                                                                    Series   7

 [B] Entire series, effect on correlation (  .710) is:
       Lower   1982> -.026   2001> -.017   1994< -.015   1993< -.013   2008< -.011   1963> -.009  Higher   1980  .036   1973  .018

====================================================================================================================================

 0XL04B    1960 to  2010      51 years                                                                                    Series   8

 [B] Entire series, effect on correlation (  .683) is:
       Lower   1961> -.016   2001> -.014   1998< -.013   1982> -.011   1963> -.011   2005< -.010  Higher   1980  .042   1973  .021

====================================================================================================================================

 0XL05A    1957 to  2010      54 years                                                                                    Series   9

 [B] Entire series, effect on correlation (  .643) is:
       Lower   1993> -.019   1992> -.017   1999< -.016   2002> -.016   1988< -.015   1996< -.013  Higher   1961  .030   1982  .027

====================================================================================================================================

 0XL05B    1957 to  2010      54 years                                                                                    Series  10

 [B] Entire series, effect on correlation (  .430) is:
       Lower   2010> -.054   2002> -.046   2006< -.028   1991< -.025   2001> -.020   1969> -.019  Higher   1957  .057   1961  .044

 [E] Outliers     1   3.0 SD above or -4.5 SD below mean for year
       2002 +4.0 SD
====================================================================================================================================

 0XL06A    1955 to  2010      56 years                                                                                    Series  11

 [B] Entire series, effect on correlation (  .609) is:
       Lower   1982> -.049   1974< -.030   1963< -.016   1960> -.016   1992> -.012   1956< -.010  Higher   1980  .034   1989  .017

====================================================================================================================================

 0XL06B    1955 to  2010      56 years                                                                                    Series  12

 [B] Entire series, effect on correlation (  .634) is:
       Lower   1957> -.074   1955< -.051   1977< -.029   1982> -.014   1974< -.012   1969> -.008  Higher   1980  .031   1961  .030

 [E] Outliers     1   3.0 SD above or -4.5 SD below mean for year
       1957 +3.1 SD
====================================================================================================================================

 0XL07A    1969 to  2010      42 years                                                                                    Series  13

 [B] Entire series, effect on correlation (  .811) is:
       Lower   1973> -.033   1992> -.029   2003< -.014   2000> -.009   1993> -.008   1990< -.006  Higher   1982  .055   1980  .022

====================================================================================================================================

 0XL07B    1970 to  2010      41 years                                                                                    Series  14

 [B] Entire series, effect on correlation (  .803) is:
       Lower   1992> -.039   1981< -.031   2008< -.017   1973> -.013   1972< -.008   2004> -.005  Higher   1982  .061   1994  .014

====================================================================================================================================

 0XL08A    1970 to  2010      41 years                                                                                    Series  15

 [B] Entire series, effect on correlation (  .745) is:
       Lower   1983< -.051   1991< -.022   1974< -.016   1990< -.011   2000> -.010   1973> -.008  Higher   2001  .024   1982  .021

====================================================================================================================================

 0XL08B    1969 to  2011      43 years                                                                                    Series  16

 [A] Segment   High   -10   -9   -8   -7   -6   -5   -4   -3   -2   -1   +0   +1   +2   +3   +4   +5   +6   +7   +8   +9  +10
    ---------  ----   ---  ---  ---  ---  ---  ---  ---  ---  ---  ---  ---  ---  ---  ---  ---  ---  ---  ---  ---  ---  ---
    1969 2011   -5   -.01 -.28  .11  .06 -.02  .76*-.01  .28  .03 -.33 -.05|   -    -    -    -    -    -    -    -    -    -

 [B] Entire series, effect on correlation ( -.053) is:
       Lower   2010> -.056   2006< -.022   1982> -.019   2007< -.019   1993> -.017   1980> -.017  Higher   1976  .036   1996  .031
     1969 to 2011 segment:
       Lower   2010> -.056   2006< -.022   1982> -.019   2007< -.019   1993> -.017   1980> -.017  Higher   1976  .036   1996  .031

 [E] Outliers     3   3.0 SD above or -4.5 SD below mean for year
       1981 +3.3 SD;    1982 +3.4 SD;    2010 +3.5 SD
====================================================================================================================================

 0XL09A    1957 to  2009      53 years                                                                                    Series  17

 [B] Entire series, effect on correlation (  .460) is:
       Lower   1992< -.074   1982> -.051   2009< -.034   1973> -.021   2007< -.015   1979< -.013  Higher   1980  .057   1957  .052

====================================================================================================================================

 0XL09B    1961 to  2010      50 years                                                                                    Series  18

 [B] Entire series, effect on correlation (  .500) is:
       Lower   1992< -.076   1963< -.043   1982> -.043   1977< -.031   1987> -.010   1973> -.007  Higher   1980  .054   2010  .018

====================================================================================================================================

 0XL10A    1967 to  2010      44 years                                                                                    Series  19

 [B] Entire series, effect on correlation (  .702) is:
       Lower   1969< -.027   1992> -.024   1993> -.024   1974< -.022   1987< -.009   1988< -.009  Higher   1982  .067   1980  .036

====================================================================================================================================

 0XL10B    1970 to  2010      41 years                                                                                    Series  20

 [B] Entire series, effect on correlation (  .672) is:
       Lower   1993> -.052   1972< -.035   1990< -.016   2002> -.016   1995> -.014   1973> -.009  Higher   1980  .050   2001  .021

====================================================================================================================================

 0XL11A    1965 to  2010      46 years                                                                                    Series  21

 [B] Entire series, effect on correlation (  .729) is:
       Lower   1992< -.026   1993> -.025   1975< -.016   1972> -.008   1986< -.006   2008> -.006  Higher   2001  .019   1982  .018

====================================================================================================================================

 0XL11B    1966 to  2011      46 years                                                                                    Series  22

 [B] Entire series, effect on correlation (  .783) is:
       Lower   1966< -.042   1978< -.025   2009< -.009   1981> -.008   1995> -.007   1986< -.006  Higher   1982  .062   2001  .016

====================================================================================================================================

 0XL12A    1976 to  2010      35 years                                                                                    Series  23

 [B] Entire series, effect on correlation (  .569) is:
       Lower   1980> -.105   1996< -.029   2003> -.023   2001> -.022   1986< -.019   1992> -.018  Higher   1982  .162   2010  .036

====================================================================================================================================

 0XL12B    1981 to  2009      29 years                                                                                    Series  24

 [B] Entire series, effect on correlation (  .719) is:
       Lower   1992> -.060   2003> -.029   2007< -.018   1996< -.012   2008> -.011   1981< -.011  Higher   1982  .048   2001  .036

====================================================================================================================================

 0XL13A    1979 to  2010      32 years                                                                                    Series  25

 [B] Entire series, effect on correlation (  .668) is:
       Lower   1980> -.088   2003> -.018   1997< -.017   1979< -.013   1992> -.012   1989< -.009  Higher   1982  .128   1993  .017

====================================================================================================================================

 0XL13B    1978 to  2010      33 years                                                                                    Series  26

 [B] Entire series, effect on correlation (  .587) is:
       Lower   1979< -.031   1990> -.019   1997< -.016   2004< -.015   1987> -.014   2002> -.013  Higher   2010  .029   2001  .024

====================================================================================================================================

 0XL14A    1972 to  2009      38 years                                                                                    Series  27

 [B] Entire series, effect on correlation (  .381) is:
       Lower   1975< -.065   1990> -.052   1980> -.039   2009< -.033   1994< -.024   1987> -.022  Higher   1982  .119   1973  .046

 [E] Outliers     2   3.0 SD above or -4.5 SD below mean for year
       1981 +3.0 SD;    1990 +3.8 SD
====================================================================================================================================
PART 7:  DESCRIPTIVE STATISTICS: x                                                                 21:58  Sat 12 Nov 2011  Page   6
------------------------------------------------------------------------------------------------------------------------------------

                                                Corr   //-------- Unfiltered --------\\  //---- Filtered -----\\
                           No.    No.    No.    with   Mean   Max     Std   Auto   Mean   Max     Std   Auto  AR
 Seq Series   Interval   Years  Segmt  Flags   Master  msmt   msmt    dev   corr   sens  value    dev   corr  ()
 --- -------- ---------  -----  -----  -----   ------ -----  -----  -----  -----  -----  -----  -----  -----  --
   1 0XL01A   1957 2010     54      2      0    .730    .92   1.99   .329   .433   .300   2.64   .533   .059   2
   2 0XL01B   1957 2010     54      2      0    .604    .89   2.12   .406   .668   .289   2.66   .586  -.031   1
   3 0XL02A   1952 2009     58      2      0    .741   1.04   2.12   .384   .571   .301   2.53   .399  -.018   1
   4 0XL02B   1953 2010     58      2      0    .706    .99   1.67   .272   .382   .258   2.59   .472  -.056   1
   5 0XL03A   1956 2010     55      2      1    .348   1.48   3.09   .569   .796   .203   2.69   .589  -.041   1
   6 0XL03B   1956 2010     55      2      0    .659   1.82   3.23   .722   .795   .201   2.58   .483   .025   1
   7 0XL04A   1960 2010     51      2      0    .710    .58   1.21   .234   .570   .310   2.52   .547   .019   1
   8 0XL04B   1960 2010     51      2      0    .683    .52   1.05   .234   .668   .273   2.73   .588  -.043   1
   9 0XL05A   1957 2010     54      2      0    .643    .43    .92   .229   .775   .282   2.83   .544  -.049   1
  10 0XL05B   1957 2010     54      2      0    .430    .42   1.04   .267   .817   .338   2.93   .565   .023   1
  11 0XL06A   1955 2010     56      2      0    .609    .84   2.02   .448   .776   .252   2.73   .493   .031   1
  12 0XL06B   1955 2010     56      2      0    .634    .76   1.89   .427   .733   .322   2.69   .631   .037   1
  13 0XL07A   1969 2010     42      1      0    .811   1.42   2.34   .370   .469   .202   2.63   .570   .027   1
  14 0XL07B   1970 2010     41      1      0    .803   1.43   2.36   .341   .313   .209   2.73   .520   .105   1
  15 0XL08A   1970 2010     41      1      0    .745   1.66   2.66   .391  -.050   .267   2.89   .729   .131   1
  16 0XL08B   1969 2011     43      1      1   -.053   1.86   3.67   .563   .251   .264   2.72   .502  -.010   1
  17 0XL09A   1957 2009     53      2      0    .460   1.54   2.68   .459   .539   .231   2.53   .435   .046   1
  18 0XL09B   1961 2010     50      1      0    .500   1.52   2.68   .516   .705   .188   2.52   .453   .001   1
  19 0XL10A   1967 2010     44      1      0    .702   1.42   2.42   .413   .546   .225   2.68   .674  -.050   1
  20 0XL10B   1970 2010     41      1      0    .672   1.59   2.82   .485   .625   .203   2.51   .530  -.119   1
  21 0XL11A   1965 2010     46      1      0    .729   1.55   2.70   .452   .350   .242   2.61   .536  -.090   1
  22 0XL11B   1966 2011     46      1      0    .783   1.69   2.87   .409   .304   .211   2.65   .556  -.069   1
  23 0XL12A   1976 2010     35      1      0    .569   2.02   2.88   .400   .189   .183   2.73   .545  -.036   1
  24 0XL12B   1981 2009     29      1      0    .719   1.96   3.04   .552   .611   .202   2.61   .599   .050   1
  25 0XL13A   1979 2010     32      1      0    .668   2.06   3.37   .487   .377   .172   2.69   .448  -.039   1
  26 0XL13B   1978 2010     33      1      0    .587   1.56   2.32   .306   .238   .176   2.78   .553   .004   1
  27 0XL14A   1972 2009     38      1      0    .381   2.81   5.26   .773   .423   .218   3.05   .725   .123   1
 --- -------- ---------  -----  -----  -----   ------ -----  -----  -----  -----  -----  -----  -----  -----  --
 Total or mean:           1270     40      2    .613   1.29   5.26   .418   .536   .247   3.05   .544   .000
PART 8:  ADJUSTMENTS FOR UNDATED SERIES: x                                                         21:58  Sat 12 Nov 2011  Page   7
------------------------------------------------------------------------------------------------------------------------------------

 Time span  1952  2011    60 years, best matches for  50-year segments lagged  25 years
 Listed in order from highest correlation

           Counted       Corr      Corr      Corr      Corr      Corr      Corr      Corr      Corr      Corr      Corr      Corr
 Series    Segment   Add  # 1  Add  # 2  Add  # 3  Add  # 4  Add  # 5  Add  # 6  Add  # 7  Add  # 8  Add  # 9  Add  #10  Add  #11
 -------- ---------  --------  --------  --------  --------  --------  --------  --------  --------  --------  --------  --------
 0XD01A   1957 1999     0 .39     4 .25    -2 .19    -5 .17     7 .09     2 .07     6 .05    -4 .02    10 .02   --- ---   --- ---
===================  ========  ========  ========  ========  ========  ========  ========  ========  ========  ========  ========
           Counted       Corr      Corr      Corr      Corr      Corr      Corr      Corr      Corr      Corr      Corr      Corr
 Series    Segment   Add  # 1  Add  # 2  Add  # 3  Add  # 4  Add  # 5  Add  # 6  Add  # 7  Add  # 8  Add  # 9  Add  #10  Add  #11
 -------- ---------  --------  --------  --------  --------  --------  --------  --------  --------  --------  --------  --------
 0XD02A   1953 2002     3 .22     0 .15     8 .13     1 .12     4 .01   --- ---   --- ---   --- ---   --- ---   --- ---   --- ---
 0XD02A   1957 2006  Lag from prior segment   4 years; insufficient
===================  ========  ========  ========  ========  ========  ========  ========  ========  ========  ========  ========
           Counted       Corr      Corr      Corr      Corr      Corr      Corr      Corr      Corr      Corr      Corr      Corr
 Series    Segment   Add  # 1  Add  # 2  Add  # 3  Add  # 4  Add  # 5  Add  # 6  Add  # 7  Add  # 8  Add  # 9  Add  #10  Add  #11
 -------- ---------  --------  --------  --------  --------  --------  --------  --------  --------  --------  --------  --------
 0XD02B   1952 2001     0 .42     8 .23     9 .09     1 .07    10 .02     5 .02   --- ---   --- ---   --- ---   --- ---   --- ---
 0XD02B   1956 2005  Lag from prior segment   4 years; insufficient
===================  ========  ========  ========  ========  ========  ========  ========  ========  ========  ========  ========
           Counted       Corr      Corr      Corr      Corr      Corr      Corr      Corr      Corr      Corr      Corr      Corr
 Series    Segment   Add  # 1  Add  # 2  Add  # 3  Add  # 4  Add  # 5  Add  # 6  Add  # 7  Add  # 8  Add  # 9  Add  #10  Add  #11
 -------- ---------  --------  --------  --------  --------  --------  --------  --------  --------  --------  --------  --------
 0XD04A   1953 2001    10 .25     0 .22    -1 .17     1 .13     4 .12     2 .11     9 .06   --- ---   --- ---   --- ---   --- ---
===================  ========  ========  ========  ========  ========  ========  ========  ========  ========  ========  ========
           Counted       Corr      Corr      Corr      Corr      Corr      Corr      Corr      Corr      Corr      Corr      Corr
 Series    Segment   Add  # 1  Add  # 2  Add  # 3  Add  # 4  Add  # 5  Add  # 6  Add  # 7  Add  # 8  Add  # 9  Add  #10  Add  #11
 -------- ---------  --------  --------  --------  --------  --------  --------  --------  --------  --------  --------  --------
 0XD04B   1954 2002    -2 .45     0 .33     9 .22     4 .17     1 .12     6 .02   --- ---   --- ---   --- ---   --- ---   --- ---
===================  ========  ========  ========  ========  ========  ========  ========  ========  ========  ========  ========
           Counted       Corr      Corr      Corr      Corr      Corr      Corr      Corr      Corr      Corr      Corr      Corr
 Series    Segment   Add  # 1  Add  # 2  Add  # 3  Add  # 4  Add  # 5  Add  # 6  Add  # 7  Add  # 8  Add  # 9  Add  #10  Add  #11
 -------- ---------  --------  --------  --------  --------  --------  --------  --------  --------  --------  --------  --------
 0XD05A   1973 2010     0 .63   -21 .45    -9 .32   -19 .22     1 .11   -20 .11   -12 .11   -16 .08   -18 .07   -10 .07    -8 .02
===================  ========  ========  ========  ========  ========  ========  ========  ========  ========  ========  ========
           Counted       Corr      Corr      Corr      Corr      Corr      Corr      Corr      Corr      Corr      Corr      Corr
 Series    Segment   Add  # 1  Add  # 2  Add  # 3  Add  # 4  Add  # 5  Add  # 6  Add  # 7  Add  # 8  Add  # 9  Add  #10  Add  #11
 -------- ---------  --------  --------  --------  --------  --------  --------  --------  --------  --------  --------  --------
 0XD05B   1973 2010   -21 .70     0 .56   -19 .29   -16 .24    -9 .14   -20 .10     1 .08    -8 .06    -2 .05    -1 .04   -18 .02
===================  ========  ========  ========  ========  ========  ========  ========  ========  ========  ========  ========
           Counted       Corr      Corr      Corr      Corr      Corr      Corr      Corr      Corr      Corr      Corr      Corr
 Series    Segment   Add  # 1  Add  # 2  Add  # 3  Add  # 4  Add  # 5  Add  # 6  Add  # 7  Add  # 8  Add  # 9  Add  #10  Add  #11
 -------- ---------  --------  --------  --------  --------  --------  --------  --------  --------  --------  --------  --------
 0XD05C   1973 2010     0 .49   -21 .48    -8 .29   -10 .19    -9 .14   -16 .14   -20 .11   -18 .08   -19 .07   --- ---   --- ---
===================  ========  ========  ========  ========  ========  ========  ========  ========  ========  ========  ========
           Counted       Corr      Corr      Corr      Corr      Corr      Corr      Corr      Corr      Corr      Corr      Corr
 Series    Segment   Add  # 1  Add  # 2  Add  # 3  Add  # 4  Add  # 5  Add  # 6  Add  # 7  Add  # 8  Add  # 9  Add  #10  Add  #11
 -------- ---------  --------  --------  --------  --------  --------  --------  --------  --------  --------  --------  --------
 0XD05D   1973 2008   -21 .59   -12 .31     0 .31     3 .18     2 .12    -9 .12   -10 .08    -2 .03   --- ---   --- ---   --- ---
===================  ========  ========  ========  ========  ========  ========  ========  ========  ========  ========  ========
           Counted       Corr      Corr      Corr      Corr      Corr      Corr      Corr      Corr      Corr      Corr      Corr
 Series    Segment   Add  # 1  Add  # 2  Add  # 3  Add  # 4  Add  # 5  Add  # 6  Add  # 7  Add  # 8  Add  # 9  Add  #10  Add  #11
 -------- ---------  --------  --------  --------  --------  --------  --------  --------  --------  --------  --------  --------
 0XD07A   1978 2008     0 .50   -11 .38   -20 .35   -13 .30     2 .27   -23 .26    -8 .18   -22 .18    -3 .15   -19 .11   -21 .09
===================  ========  ========  ========  ========  ========  ========  ========  ========  ========  ========  ========
           Counted       Corr      Corr      Corr      Corr      Corr      Corr      Corr      Corr      Corr      Corr      Corr
 Series    Segment   Add  # 1  Add  # 2  Add  # 3  Add  # 4  Add  # 5  Add  # 6  Add  # 7  Add  # 8  Add  # 9  Add  #10  Add  #11
 -------- ---------  --------  --------  --------  --------  --------  --------  --------  --------  --------  --------  --------
 0XD08A   1956 1998     0 .63    11 .16    12 .15     2 .15    -2 .13    10 .08     3 .05     6 .01     1 .01   --- ---   --- ---
===================  ========  ========  ========  ========  ========  ========  ========  ========  ========  ========  ========
           Counted       Corr      Corr      Corr      Corr      Corr      Corr      Corr      Corr      Corr      Corr      Corr
 Series    Segment   Add  # 1  Add  # 2  Add  # 3  Add  # 4  Add  # 5  Add  # 6  Add  # 7  Add  # 8  Add  # 9  Add  #10  Add  #11
 -------- ---------  --------  --------  --------  --------  --------  --------  --------  --------  --------  --------  --------
 0XD08B   1956 1998     0 .58    11 .18    10 .12     3 .10     1 .09     9 .06     6 .06     8 .06     5 .02    12 .02     2 .02
===================  ========  ========  ========  ========  ========  ========  ========  ========  ========  ========  ========
           Counted       Corr      Corr      Corr      Corr      Corr      Corr      Corr      Corr      Corr      Corr      Corr
 Series    Segment   Add  # 1  Add  # 2  Add  # 3  Add  # 4  Add  # 5  Add  # 6  Add  # 7  Add  # 8  Add  # 9  Add  #10  Add  #11
 -------- ---------  --------  --------  --------  --------  --------  --------  --------  --------  --------  --------  --------
 0XD09A   1982 2010   -20 .45   -17 .29     0 .28   -28 .26    -2 .26    -7 .21   -22 .20    -9 .20   -30 .18   -18 .16     1 .14
===================  ========  ========  ========  ========  ========  ========  ========  ========  ========  ========  ========
           Counted       Corr      Corr      Corr      Corr      Corr      Corr      Corr      Corr      Corr      Corr      Corr
 Series    Segment   Add  # 1  Add  # 2  Add  # 3  Add  # 4  Add  # 5  Add  # 6  Add  # 7  Add  # 8  Add  # 9  Add  #10  Add  #11
 -------- ---------  --------  --------  --------  --------  --------  --------  --------  --------  --------  --------  --------
 0XD09B   1982 2010     0 .69    -9 .43    -2 .37   -21 .36   -30 .33     1 .23   -18 .20   -20 .16   -25 .15   -22 .10    -7 .08
===================  ========  ========  ========  ========  ========  ========  ========  ========  ========  ========  ========
           Counted       Corr      Corr      Corr      Corr      Corr      Corr      Corr      Corr      Corr      Corr      Corr
 Series    Segment   Add  # 1  Add  # 2  Add  # 3  Add  # 4  Add  # 5  Add  # 6  Add  # 7  Add  # 8  Add  # 9  Add  #10  Add  #11
 -------- ---------  --------  --------  --------  --------  --------  --------  --------  --------  --------  --------  --------
 0XD10A   1955 2004     0 .52     2 .30    -1 .13     5 .11    -3 .04     7 .01   --- ---   --- ---   --- ---   --- ---   --- ---
 0XD10A   1958 2007  Lag from prior segment   3 years; insufficient
===================  ========  ========  ========  ========  ========  ========  ========  ========  ========  ========  ========
           Counted       Corr      Corr      Corr      Corr      Corr      Corr      Corr      Corr      Corr      Corr      Corr
 Series    Segment   Add  # 1  Add  # 2  Add  # 3  Add  # 4  Add  # 5  Add  # 6  Add  # 7  Add  # 8  Add  # 9  Add  #10  Add  #11
 -------- ---------  --------  --------  --------  --------  --------  --------  --------  --------  --------  --------  --------
 0XD10B   1955 2004     0 .25    -2 .13     3 .12     1 .12     5 .06     4 .05     7 .03    -1 .02     6 .00   --- ---   --- ---
 0XD10B   1958 2007  Lag from prior segment   3 years; insufficient
===================  ========  ========  ========  ========  ========  ========  ========  ========  ========  ========  ========
           Counted       Corr      Corr      Corr      Corr      Corr      Corr      Corr      Corr      Corr      Corr      Corr
 Series    Segment   Add  # 1  Add  # 2  Add  # 3  Add  # 4  Add  # 5  Add  # 6  Add  # 7  Add  # 8  Add  # 9  Add  #10  Add  #11
 -------- ---------  --------  --------  --------  --------  --------  --------  --------  --------  --------  --------  --------
 0XD11A   1954 1998     0 .44     2 .38    10 .23     8 .16     5 .15    11 .12    -1 .04   --- ---   --- ---   --- ---   --- ---
===================  ========  ========  ========  ========  ========  ========  ========  ========  ========  ========  ========
           Counted       Corr      Corr      Corr      Corr      Corr      Corr      Corr      Corr      Corr      Corr      Corr
 Series    Segment   Add  # 1  Add  # 2  Add  # 3  Add  # 4  Add  # 5  Add  # 6  Add  # 7  Add  # 8  Add  # 9  Add  #10  Add  #11
 -------- ---------  --------  --------  --------  --------  --------  --------  --------  --------  --------  --------  --------
 0XD11B   1957 2001     5 .35     2 .30    10 .30     0 .20    -3 .19     8 .15     7 .02   --- ---   --- ---   --- ---   --- ---
===================  ========  ========  ========  ========  ========  ========  ========  ========  ========  ========  ========
           Counted       Corr      Corr      Corr      Corr      Corr      Corr      Corr      Corr      Corr      Corr      Corr
 Series    Segment   Add  # 1  Add  # 2  Add  # 3  Add  # 4  Add  # 5  Add  # 6  Add  # 7  Add  # 8  Add  # 9  Add  #10  Add  #11
 -------- ---------  --------  --------  --------  --------  --------  --------  --------  --------  --------  --------  --------
 0XD12A   1957 1992     0 .41    13 .28     4 .27     2 .26    16 .25     5 .13    15 .09    -5 .08    12 .05     7 .03    -3 .02
===================  ========  ========  ========  ========  ========  ========  ========  ========  ========  ========  ========
           Counted       Corr      Corr      Corr      Corr      Corr      Corr      Corr      Corr      Corr      Corr      Corr
 Series    Segment   Add  # 1  Add  # 2  Add  # 3  Add  # 4  Add  # 5  Add  # 6  Add  # 7  Add  # 8  Add  # 9  Add  #10  Add  #11
 -------- ---------  --------  --------  --------  --------  --------  --------  --------  --------  --------  --------  --------
 0XD12B   1957 1992     5 .40     0 .28    15 .24     3 .23    16 .14    -4 .13     2 .10    -3 .09     7 .08    13 .08    -2 .07
===================  ========  ========  ========  ========  ========  ========  ========  ========  ========  ========  ========
       20 undated series

                                              - = [  COFECHA X    COF  ] = -
