[]  Dendrochronology Program Library                                        Run 7      Program COF  10:00  Wed 02 Nov 2011  Page   1
[]
[]  P R O G R A M      C O F E C H A                                                                          Version 6.06P    28066
------------------------------------------------------------------------------------------------------------------------------------

 QUALITY CONTROL AND DATING CHECK OF TREE-RING MEASUREMENTS

 Title of run:           7                                       

 File of DATED series:   7L.raw

 File of UNDATED series: 7D.raw

 CONTENTS:

    Part 1:  Title page, options selected, summary, absent rings by series
    Part 2:  Histogram of time spans
    Part 3:  Master series with sample depth and absent rings by year
    Part 4:  Bar plot of Master Dating Series
    Part 5:  Correlation by segment of each series with Master
    Part 6:  Potential problems: low correlation, divergent year-to-year changes, absent rings, outliers
    Part 7:  Descriptive statistics
    Part 8:  Undated series - adjustments for highest correlations

 RUN CONTROL OPTIONS SELECTED                             VALUE

         1  Cubic smoothing spline 50% wavelength cutoff for filtering
                                                            32 years
         2  Segments examined are                           50 years lagged successively by  25 years
         3  Autoregressive model applied                     A  Residuals are used in master dating series and testing
         4  Series transformed to logarithms                 Y  Each series log-transformed for master dating series and testing
         5  CORRELATION is Pearson (parametric, quantitative)
            Critical correlation, 99% confidence level   .3281
         6  Master dating series saved                       N
         7  Ring measurements listed                         N
         8  Parts printed                             12345678 
         9  Absent rings are omitted from master series and segment correlations  (Y)

 Time span of Master dating series is  1955 to  2010    56 years
 Continuous time span is               1955 to  2010    56 years
 Portion with two or more series is    1955 to  2010    56 years


                                        ****************************************
                                        *C* Number of dated series        22 *C*
                                        *O* Master series 1955 2010   56 yrs *O*
                                        *F* Total rings in all series    936 *F*
                                        *E* Total dated rings checked    936 *E*
                                        *C* Series intercorrelation     .653 *C*
                                        *H* Average mean sensitivity    .268 *H*
                                        *A* Segments, possible problems    2 *A*
                                        *** Mean length of series       42.5 ***
                                        ****************************************

 ABSENT RINGS listed by SERIES:            (See Master Dating Series for absent rings listed by year)

               No ring measurements of zero value
PART 2:  TIME PLOT OF TREE-RING SERIES: 7                                                          10:00  Wed 02 Nov 2011  Page   2
------------------------------------------------------------------------------------------------------------------------------------
 1050 1100 1150 1200 1250 1300 1350 1400 1450 1500 1550 1600 1650 1700 1750 1800 1850 1900 1950 2000 2050 Ident   Seq Time-span  Yrs
   :    :    :    :    :    :    :    :    :    :    :    :    :    :    :    :    :    :    :    :    : -------- --- ---- ---- ----
   .    .    .    .    .    .    .    .    .    .    .    .    .    .    .    .    .    .    .  <=>    . 07L01A     1 1984 2007   24
   .    .    .    .    .    .    .    .    .    .    .    .    .    .    .    .    .    .    .   <>    . 07L02A     2 1992 2007   16
   .    .    .    .    .    .    .    .    .    .    .    .    .    .    .    .    .    .    .  <=>    . 07L03A     3 1984 2007   24
   .    .    .    .    .    .    .    .    .    .    .    .    .    .    .    .    .    .    .  <=>    . 07L04A     4 1986 2007   22
   .    .    .    .    .    .    .    .    .    .    .    .    .    .    .    .    .    .    .  <=>    . 07L05A     5 1983 2007   25
   .    .    .    .    .    .    .    .    .    .    .    .    .    .    .    .    .    .    .  <=>    . 07L06A     6 1981 2007   27
   .    .    .    .    .    .    .    .    .    .    .    .    .    .    .    .    .    .    <=====>   . 07L07A     7 1958 2010   53
   .    .    .    .    .    .    .    .    .    .    .    .    .    .    .    .    .    .    <=====>   . 07L07B     8 1955 2010   56
   .    .    .    .    .    .    .    .    .    .    .    .    .    .    .    .    .    .    .<====>   . 07L08A     9 1960 2010   51
   .    .    .    .    .    .    .    .    .    .    .    .    .    .    .    .    .    .    .<====>   . 07L08B    10 1961 2010   50
   .    .    .    .    .    .    .    .    .    .    .    .    .    .    .    .    .    .    <=====>   . 07L09A    11 1955 2010   56
   .    .    .    .    .    .    .    .    .    .    .    .    .    .    .    .    .    .    .<====>   . 07L09B    12 1960 2010   51
   .    .    .    .    .    .    .    .    .    .    .    .    .    .    .    .    .    .    <=====>   . 07L10B    13 1959 2010   52
   .    .    .    .    .    .    .    .    .    .    .    .    .    .    .    .    .    .    .<====>   . 07L10A    14 1964 2010   47
   .    .    .    .    .    .    .    .    .    .    .    .    .    .    .    .    .    .    .<====>   . 07L11B    15 1962 2010   49
   .    .    .    .    .    .    .    .    .    .    .    .    .    .    .    .    .    .    .<====>   . 07L11A    16 1967 2010   44
   .    .    .    .    .    .    .    .    .    .    .    .    .    .    .    .    .    .    .<====>   . 07L12B    17 1965 2010   46
   .    .    .    .    .    .    .    .    .    .    .    .    .    .    .    .    .    .    .<====>   . 07L12A    18 1964 2010   47
   .    .    .    .    .    .    .    .    .    .    .    .    .    .    .    .    .    .    <=====>   . 07L13A    19 1957 2010   54
   .    .    .    .    .    .    .    .    .    .    .    .    .    .    .    .    .    .    .<====>   . 07L13B    20 1961 2010   50
   .    .    .    .    .    .    .    .    .    .    .    .    .    .    .    .    .    .    .<====>   . 07L14B    21 1963 2010   48
   .    .    .    .    .    .    .    .    .    .    .    .    .    .    .    .    .    .    .<====>   . 07L14A    22 1967 2010   44
   :    :    :    :    :    :    :    :    :    :    :    :    :    :    :    :    :    :    :    :    :
 1050 1100 1150 1200 1250 1300 1350 1400 1450 1500 1550 1600 1650 1700 1750 1800 1850 1900 1950 2000 2050
   :    :    :    :    :    :    :    :    :    :    :    :    :    :    :    :    :    :    :    :    :
 1050 1100 1150 1200 1250 1300 1350 1400 1450 1500 1550 1600 1650 1700 1750 1800 1850 1900 1950 2000 2050
PART 3:  Master Dating Series: 7                                                                   10:00  Wed 02 Nov 2011  Page   3
------------------------------------------------------------------------------------------------------------------------------------
  Year  Value  No Ab    Year  Value  No Ab    Year  Value  No Ab    Year  Value  No Ab    Year  Value  No Ab    Year  Value  No Ab
  ------------------    ------------------    ------------------    ------------------    ------------------    ------------------
                        2000  1.077  22
                        2001   .411  22
                        2002 -3.208  22
                        2003  -.056  22
                        2004  -.944  22
  1955   .387   2       2005   .547  22
  1956   .003   2       2006  1.107  22
  1957  -.240   3       2007  1.025  22
  1958 -1.171   4       2008  -.371  16
  1959 -1.377   5       2009   .894  16

  1960 -1.745   7       2010   .113  16
  1961  -.821   9
  1962   .042  10
  1963  -.122  11
  1964   .764  13
  1965  1.349  14
  1966   .627  14
  1967   .222  16
  1968  -.175  16
  1969 -1.922  16

  1970   .171  16
  1971   .646  16
  1972   .023  16
  1973  -.448  16
  1974  -.323  16
  1975  1.773  16
  1976  1.347  16
  1977  -.597  16
  1978   .677  16
  1979   .312  16

  1980 -1.470  16
  1981  1.299  17
  1982  -.724  17
  1983   .763  18
  1984  1.618  20
  1985   .726  20
  1986   .942  21
  1987   .495  21
  1988 -1.147  21
  1989  -.035  21

  1990  -.361  21
  1991  -.700  21
  1992 -1.530  22
  1993  -.566  22
  1994   .056  22
  1995 -1.651  22
  1996   .704  22
  1997  1.252  22
  1998   .828  22
  1999  -.496  22
------------------------------------------------------------------------------------------------------------------------------------
PART 4:  Master Bar Plot: 7                                                                        10:00  Wed 02 Nov 2011  Page   4
------------------------------------------------------------------------------------------------------------------------------------
   Year Rel value  Year Rel value  Year Rel value  Year Rel value  Year Rel value  Year Rel value  Year Rel value  Year Rel value
                   2000---------D
                   2001------B
                   2002m
                   2003----@
                   2004-d
   1955------B     2005-------B
   1956-----@      2006---------D
   1957---a        2007---------D
   1958-e          2008---a
   1959-f          2009--------D
   1960g           2010-----@
   1961--c
   1962-----@
   1963----@
   1964--------C
   1965----------E
   1966-------C
   1967------A
   1968----a
   1969h
   1970-----A
   1971-------C
   1972-----@
   1973---b
   1974---a
   1975----------G
   1976----------E
   1977--b
   1978-------C
   1979------A
   1980f
   1981----------E
   1982--c
   1983--------C
   1984----------F
   1985--------C
   1986---------D
   1987------B
   1988-e
   1989----@
   1990---a
   1991--c
   1992f
   1993--b
   1994-----@
   1995g
   1996-------C
   1997----------E
   1998--------C
   1999--b
PART 5:  CORRELATION OF SERIES BY SEGMENTS: 7                                                      10:00  Wed 02 Nov 2011  Page   5
------------------------------------------------------------------------------------------------------------------------------------
 Correlations of  50-year dated segments, lagged  25 years
 Flags:  A = correlation under   .3281 but highest as dated;  B = correlation higher at other than dated position

 Seq Series  Time_span   1950 1975
                         1999 2024
 --- -------- ---------  ---- ---- ---- ---- ---- ---- ---- ---- ---- ---- ---- ---- ---- ---- ---- ---- ---- ---- ---- ----
   1 07L01A   1984 2007        .65
   2 07L02A   1992 2007        .09B
   3 07L03A   1984 2007        .38
   4 07L04A   1986 2007        .66
   5 07L05A   1983 2007        .48B
   6 07L06A   1981 2007        .66
   7 07L07A   1958 2010   .79  .79
   8 07L07B   1955 2010   .71  .77
   9 07L08A   1960 2010   .58  .59
  10 07L08B   1961 2010   .72
  11 07L09A   1955 2010   .51  .65
  12 07L09B   1960 2010   .66  .69
  13 07L10B   1959 2010   .83  .83
  14 07L10A   1964 2010   .64
  15 07L11B   1962 2010   .80
  16 07L11A   1967 2010   .59
  17 07L12B   1965 2010   .73
  18 07L12A   1964 2010   .63
  19 07L13A   1957 2010   .74  .80
  20 07L13B   1961 2010   .76
  21 07L14B   1963 2010   .52
  22 07L14A   1967 2010   .57
 Av segment correlation   .67  .62
PART 6:  POTENTIAL PROBLEMS: 7                                                                     10:00  Wed 02 Nov 2011  Page   5
------------------------------------------------------------------------------------------------------------------------------------

 For each series with potential problems the following diagnostics may appear:

 [A] Correlations with master dating series of flagged  50-year segments of series filtered with  32-year spline,
     at every point from ten years earlier (-10) to ten years later (+10) than dated

 [B] Effect of those data values which most lower or raise correlation with master series
     Symbol following year indicates value in series is greater (>) or lesser (<) than master series value

 [C] Year-to-year changes very different from the mean change in other series

 [D] Absent rings (zero values)

 [E] Values which are statistical outliers from mean for the year
====================================================================================================================================

 07L01A    1984 to  2007      24 years                                                                                    Series   1

 [B] Entire series, effect on correlation (  .652) is:
       Lower   2007< -.164   1988> -.039   1995> -.032   1992> -.022   1999> -.003   1991> -.003  Higher   2002  .313   1984  .027

====================================================================================================================================

 07L02A    1992 to  2007      16 years                                                                                    Series   2

 [A] Segment   High   -10   -9   -8   -7   -6   -5   -4   -3   -2   -1   +0   +1   +2   +3   +4   +5   +6   +7   +8   +9  +10
    ---------  ----   ---  ---  ---  ---  ---  ---  ---  ---  ---  ---  ---  ---  ---  ---  ---  ---  ---  ---  ---  ---  ---
    1992 2007   -5   -.36  .20  .32  .16 -.03  .51*-.21  .00 -.02 -.31  .09|-.15 -.09 -.01    -    -    -    -    -    -    -

 [B] Entire series, effect on correlation (  .091) is:
       Lower   2007< -.149   1992> -.139   1996< -.069   2000< -.046   1993> -.015   1994< -.003  Higher   2002  .133   1995  .092
     1992 to 2007 segment:
       Lower   2007< -.149   1992> -.139   1996< -.069   2000< -.046   1993> -.015   1994< -.003  Higher   2002  .133   1995  .092

 [E] Outliers     1   3.0 SD above or -4.5 SD below mean for year
       1992 +3.7 SD
====================================================================================================================================

 07L03A    1984 to  2007      24 years                                                                                    Series   3

 [B] Entire series, effect on correlation (  .384) is:
       Lower   1986< -.055   1998< -.047   1995> -.040   2000< -.035   1990> -.023   1991> -.017  Higher   1992  .083   1984  .051

====================================================================================================================================

 07L04A    1986 to  2007      22 years                                                                                    Series   4

 [B] Entire series, effect on correlation (  .656) is:
       Lower   1991> -.025   1997< -.023   1988> -.018   1987< -.016   1990> -.014   1996< -.008  Higher   2002  .039   2006  .019

====================================================================================================================================

 07L05A    1983 to  2007      25 years                                                                                    Series   5

 [A] Segment   High   -10   -9   -8   -7   -6   -5   -4   -3   -2   -1   +0   +1   +2   +3   +4   +5   +6   +7   +8   +9  +10
    ---------  ----   ---  ---  ---  ---  ---  ---  ---  ---  ---  ---  ---  ---  ---  ---  ---  ---  ---  ---  ---  ---  ---
    1983 2007   -2    .24  .32 -.13  .14 -.20 -.26 -.24  .07  .49*-.04  .48|-.09 -.02 -.21    -    -    -    -    -    -    -

 [B] Entire series, effect on correlation (  .483) is:
       Lower   1992> -.097   2004< -.048   1988> -.026   2005< -.019   1993> -.014   1997< -.011  Higher   2002  .209   1983  .016
     1983 to 2007 segment:
       Lower   1992> -.097   2004< -.048   1988> -.026   2005< -.019   1993> -.014   1997< -.011  Higher   2002  .209   1983  .016

====================================================================================================================================

 07L06A    1981 to  2007      27 years                                                                                    Series   6

 [B] Entire series, effect on correlation (  .658) is:
       Lower   1992> -.075   1982> -.038   1988> -.025   1995> -.020   2007< -.019   1997< -.015  Higher   2002  .354   1981  .017

====================================================================================================================================

 07L07A    1958 to  2010      53 years                                                                                    Series   7

 [B] Entire series, effect on correlation (  .795) is:
       Lower   1988> -.044   2006< -.026   1982< -.013   1987< -.012   1958> -.007   1977> -.004  Higher   2002  .066   1992  .010

====================================================================================================================================

 07L07B    1955 to  2010      56 years                                                                                    Series   8

 [B] Entire series, effect on correlation (  .722) is:
       Lower   1992< -.025   1955> -.024   1988> -.024   1956> -.013   1961> -.012   1967< -.007  Higher   2002  .044   1969  .020

====================================================================================================================================

 07L08A    1960 to  2010      51 years                                                                                    Series   9

 [B] Entire series, effect on correlation (  .579) is:
       Lower   1985< -.088   1969> -.047   1963< -.023   1986< -.013   1970< -.012   1993> -.011  Higher   2002  .056   1995  .031

====================================================================================================================================

 07L08B    1961 to  2010      50 years                                                                                    Series  10

 [B] Entire series, effect on correlation (  .718) is:
       Lower   1961< -.063   1969> -.038   1970< -.015   1982> -.012   2004> -.008   1966< -.006  Higher   2002  .086   1992  .019

====================================================================================================================================

 07L09A    1955 to  2010      56 years                                                                                    Series  11

 [B] Entire series, effect on correlation (  .525) is:
       Lower   1957> -.078   1969> -.042   1955< -.027   1961> -.018   1956< -.014   1972< -.014  Higher   2002  .075   1980  .020

 [C] Year-to-year changes diverging by over 4.0 std deviations:
       1956 1957   4.3 SD

 [E] Outliers     1   3.0 SD above or -4.5 SD below mean for year
       1957 +4.1 SD
====================================================================================================================================

 07L09B    1960 to  2010      51 years                                                                                    Series  12

 [B] Entire series, effect on correlation (  .657) is:
       Lower   1972< -.086   1960< -.030   1969> -.016   1987< -.011   1992> -.010   1961> -.005  Higher   2002  .050   1995  .016

====================================================================================================================================

 07L10B    1959 to  2010      52 years                                                                                    Series  13

 [B] Entire series, effect on correlation (  .827) is:
       Lower   1992> -.026   1961> -.022   1987< -.010   1963> -.010   1989< -.008   1960> -.008  Higher   2002  .066   1969  .015

====================================================================================================================================

 07L10A    1964 to  2010      47 years                                                                                    Series  14

 [B] Entire series, effect on correlation (  .636) is:
       Lower   2002> -.080   1969< -.032   1990> -.009   1980> -.009   1989< -.008   2010> -.007  Higher   1975  .018   1995  .014

 [E] Outliers     1   3.0 SD above or -4.5 SD below mean for year
       1969 -5.3 SD
====================================================================================================================================

 07L11B    1962 to  2010      49 years                                                                                    Series  15

 [B] Entire series, effect on correlation (  .797) is:
       Lower   1962< -.039   2010> -.019   2004> -.011   1973< -.009   1963< -.008   1980> -.007  Higher   2002  .084   1969  .020

====================================================================================================================================

 07L11A    1967 to  2010      44 years                                                                                    Series  16

 [B] Entire series, effect on correlation (  .594) is:
       Lower   1967< -.054   2009< -.025   1990< -.019   1977> -.014   2004> -.013   1969> -.011  Higher   2002  .075   1992  .026

====================================================================================================================================

 07L12B    1965 to  2010      46 years                                                                                    Series  17

 [B] Entire series, effect on correlation (  .731) is:
       Lower   1969< -.028   2004> -.023   2003< -.019   1967< -.009   2008> -.008   1966> -.007  Higher   2002  .027   1995  .015

====================================================================================================================================

 07L12A    1964 to  2010      47 years                                                                                    Series  18

 [B] Entire series, effect on correlation (  .625) is:
       Lower   2002> -.048   1969< -.040   1992> -.016   1977> -.015   2003< -.012   1997< -.012  Higher   1995  .024   1984  .016

 [E] Outliers     1   3.0 SD above or -4.5 SD below mean for year
       1969 -5.3 SD
====================================================================================================================================

 07L13A    1957 to  2010      54 years                                                                                    Series  19

 [B] Entire series, effect on correlation (  .740) is:
       Lower   1957< -.051   1972> -.026   1977< -.025   1963> -.013   1978< -.010   1971< -.006  Higher   2002  .077   1980  .010

====================================================================================================================================

 07L13B    1961 to  2010      50 years                                                                                    Series  20

 [B] Entire series, effect on correlation (  .764) is:
       Lower   2004> -.019   2009< -.015   1976< -.012   1972> -.011   1969> -.009   1967< -.009  Higher   2002  .110   1981  .009

====================================================================================================================================

 07L14B    1963 to  2010      48 years                                                                                    Series  21

 [B] Entire series, effect on correlation (  .524) is:
       Lower   1969> -.102   2010< -.062   1970< -.026   1971< -.010   1963< -.006   1977> -.006  Higher   1995  .034   2002  .027

 [E] Outliers     1   3.0 SD above or -4.5 SD below mean for year
       1969 +4.1 SD
====================================================================================================================================

 07L14A    1967 to  2010      44 years                                                                                    Series  22

 [B] Entire series, effect on correlation (  .573) is:
       Lower   1969> -.141   1971< -.031   1970< -.026   1979< -.017   1980> -.015   1977> -.014  Higher   2002  .151   1995  .029

 [E] Outliers     1   3.0 SD above or -4.5 SD below mean for year
       1969 +4.7 SD
====================================================================================================================================
PART 7:  DESCRIPTIVE STATISTICS: 7                                                                 10:00  Wed 02 Nov 2011  Page   6
------------------------------------------------------------------------------------------------------------------------------------

                                                Corr   //-------- Unfiltered --------\\  //---- Filtered -----\\
                           No.    No.    No.    with   Mean   Max     Std   Auto   Mean   Max     Std   Auto  AR
 Seq Series   Interval   Years  Segmt  Flags   Master  msmt   msmt    dev   corr   sens  value    dev   corr  ()
 --- -------- ---------  -----  -----  -----   ------ -----  -----  -----  -----  -----  -----  -----  -----  --
   1 07L01A   1984 2007     24      1      0    .652   1.00   2.64   .766   .809   .282   2.57   .543  -.091   1
   2 07L02A   1992 2007     16      1      1    .091    .81   1.83   .448   .546   .364   2.75   .822  -.120   1
   3 07L03A   1984 2007     24      1      0    .384    .65   1.79   .458   .868   .250   2.86   .766   .044   1
   4 07L04A   1986 2007     22      1      0    .656   1.31   3.48   .829   .932   .236   2.75   .643  -.096   1
   5 07L05A   1983 2007     25      1      1    .483   1.11   3.24   .782   .905   .303   2.58   .580  -.020   1
   6 07L06A   1981 2007     27      1      0    .658   1.06   3.73   .915   .782   .313   2.35   .428  -.064   1
   7 07L07A   1958 2010     53      2      0    .795   1.52   2.70   .641   .811   .226   2.57   .523  -.094   2
   8 07L07B   1955 2010     56      2      0    .722   1.57   2.71   .604   .729   .250   2.60   .481   .003   1
   9 07L08A   1960 2010     51      2      0    .579   1.51   3.00   .710   .818   .272   2.66   .579  -.037   1
  10 07L08B   1961 2010     50      1      0    .718   1.58   2.79   .697   .798   .270   2.62   .583  -.034   1
  11 07L09A   1955 2010     56      2      0    .525   1.34   2.74   .764   .782   .270   2.70   .554   .030   1
  12 07L09B   1960 2010     51      2      0    .657   1.52   2.91   .723   .741   .286   2.65   .533  -.036   1
  13 07L10B   1959 2010     52      2      0    .827   1.05   2.11   .560   .824   .275   2.58   .459   .058   1
  14 07L10A   1964 2010     47      1      0    .636   1.19   3.14   .769   .823   .333   2.57   .394   .063   2
  15 07L11B   1962 2010     49      1      0    .797   1.21   2.47   .668   .827   .273   2.48   .493   .006   1
  16 07L11A   1967 2010     44      1      0    .594   1.22   2.75   .643   .806   .315   2.65   .605  -.022   1
  17 07L12B   1965 2010     46      1      0    .731   1.28   2.25   .479   .764   .236   2.48   .438  -.027   1
  18 07L12A   1964 2010     47      1      0    .625   1.31   2.32   .415   .444   .280   2.54   .386  -.003   2
  19 07L13A   1957 2010     54      2      0    .740   1.50   2.50   .435   .339   .267   2.69   .540  -.038   1
  20 07L13B   1961 2010     50      1      0    .764   1.71   2.71   .396   .186   .234   2.45   .416  -.046   1
  21 07L14B   1963 2010     48      1      0    .524   1.80   3.04   .621   .764   .201   2.57   .617  -.077   1
  22 07L14A   1967 2010     44      1      0    .573   2.14   3.64   .612   .367   .254   2.67   .570  -.012   1
 --- -------- ---------  -----  -----  -----   ------ -----  -----  -----  -----  -----  -----  -----  -----  --
 Total or mean:            936     29      2    .653   1.39   3.73   .625   .699   .268   2.86   .526  -.022
PART 8:  ADJUSTMENTS FOR UNDATED SERIES: 7                                                         10:00  Wed 02 Nov 2011  Page   7
------------------------------------------------------------------------------------------------------------------------------------

 Time span  1955  2010    56 years, best matches for  50-year segments lagged  25 years
 Listed in order from highest correlation

           Counted       Corr      Corr      Corr      Corr      Corr      Corr      Corr      Corr      Corr      Corr      Corr
 Series    Segment   Add  # 1  Add  # 2  Add  # 3  Add  # 4  Add  # 5  Add  # 6  Add  # 7  Add  # 8  Add  # 9  Add  #10  Add  #11
 -------- ---------  --------  --------  --------  --------  --------  --------  --------  --------  --------  --------  --------
 07D01A   1960 2006     0 .19    -1 .15     1 .15     2 .10     3 .07   --- ---   --- ---   --- ---   --- ---   --- ---   --- ---
===================  ========  ========  ========  ========  ========  ========  ========  ========  ========  ========  ========
           Counted       Corr      Corr      Corr      Corr      Corr      Corr      Corr      Corr      Corr      Corr      Corr
 Series    Segment   Add  # 1  Add  # 2  Add  # 3  Add  # 4  Add  # 5  Add  # 6  Add  # 7  Add  # 8  Add  # 9  Add  #10  Add  #11
 -------- ---------  --------  --------  --------  --------  --------  --------  --------  --------  --------  --------  --------
 07D02A   1968 1994     0 .46   -11 .39    -9 .35   -10 .33    -1 .31     4 .26     2 .23    12 .19    11 .17    -7 .11    -8 .06
===================  ========  ========  ========  ========  ========  ========  ========  ========  ========  ========  ========
           Counted       Corr      Corr      Corr      Corr      Corr      Corr      Corr      Corr      Corr      Corr      Corr
 Series    Segment   Add  # 1  Add  # 2  Add  # 3  Add  # 4  Add  # 5  Add  # 6  Add  # 7  Add  # 8  Add  # 9  Add  #10  Add  #11
 -------- ---------  --------  --------  --------  --------  --------  --------  --------  --------  --------  --------  --------
 07D03A   1985 1999     0 .62   -15 .54     7 .42   -26 .41   -21 .36    -7 .33     9 .25   -13 .22   -20 .19   -10 .17     4 .15
===================  ========  ========  ========  ========  ========  ========  ========  ========  ========  ========  ========
           Counted       Corr      Corr      Corr      Corr      Corr      Corr      Corr      Corr      Corr      Corr      Corr
 Series    Segment   Add  # 1  Add  # 2  Add  # 3  Add  # 4  Add  # 5  Add  # 6  Add  # 7  Add  # 8  Add  # 9  Add  #10  Add  #11
 -------- ---------  --------  --------  --------  --------  --------  --------  --------  --------  --------  --------  --------
 07D04A   1982 2005     0 .33   -14 .31   -15 .25   -25 .24   -10 .23    -7 .20   -26 .18   -18 .14   -20 .14     5 .13     2 .11
===================  ========  ========  ========  ========  ========  ========  ========  ========  ========  ========  ========
           Counted       Corr      Corr      Corr      Corr      Corr      Corr      Corr      Corr      Corr      Corr      Corr
 Series    Segment   Add  # 1  Add  # 2  Add  # 3  Add  # 4  Add  # 5  Add  # 6  Add  # 7  Add  # 8  Add  # 9  Add  #10  Add  #11
 -------- ---------  --------  --------  --------  --------  --------  --------  --------  --------  --------  --------  --------
 07D05A   1955 2004     0 .31   --- ---   --- ---   --- ---   --- ---   --- ---   --- ---   --- ---   --- ---   --- ---   --- ---
 07D05A   1957 2006  Lag from prior segment   2 years; insufficient
===================  ========  ========  ========  ========  ========  ========  ========  ========  ========  ========  ========
           Counted       Corr      Corr      Corr      Corr      Corr      Corr      Corr      Corr      Corr      Corr      Corr
 Series    Segment   Add  # 1  Add  # 2  Add  # 3  Add  # 4  Add  # 5  Add  # 6  Add  # 7  Add  # 8  Add  # 9  Add  #10  Add  #11
 -------- ---------  --------  --------  --------  --------  --------  --------  --------  --------  --------  --------  --------
 07D06A   1961 2001     0 .28     4 .27    -1 .19     2 .19   --- ---   --- ---   --- ---   --- ---   --- ---   --- ---   --- ---
===================  ========  ========  ========  ========  ========  ========  ========  ========  ========  ========  ========
        6 undated series

                                              - = [  COFECHA 7    COF  ] = -
