[]  Dendrochronology Program Library                                        Run B      Program COF  10:34  Tue 15 Nov 2011  Page   1
[]
[]  P R O G R A M      C O F E C H A                                                                          Version 6.06P    28079
------------------------------------------------------------------------------------------------------------------------------------

 QUALITY CONTROL AND DATING CHECK OF TREE-RING MEASUREMENTS

 Title of run:           b                                       

 File of DATED series:   BL.raw

 File of UNDATED series: BD.raw

 CONTENTS:

    Part 1:  Title page, options selected, summary, absent rings by series
    Part 2:  Histogram of time spans
    Part 3:  Master series with sample depth and absent rings by year
    Part 4:  Bar plot of Master Dating Series
    Part 5:  Correlation by segment of each series with Master
    Part 6:  Potential problems: low correlation, divergent year-to-year changes, absent rings, outliers
    Part 7:  Descriptive statistics
    Part 8:  Undated series - adjustments for highest correlations

 RUN CONTROL OPTIONS SELECTED                             VALUE

         1  Cubic smoothing spline 50% wavelength cutoff for filtering
                                                            32 years
         2  Segments examined are                           50 years lagged successively by  25 years
         3  Autoregressive model applied                     A  Residuals are used in master dating series and testing
         4  Series transformed to logarithms                 Y  Each series log-transformed for master dating series and testing
         5  CORRELATION is Pearson (parametric, quantitative)
            Critical correlation, 99% confidence level   .3281
         6  Master dating series saved                       N
         7  Ring measurements listed                         N
         8  Parts printed                             12345678 
         9  Absent rings are omitted from master series and segment correlations  (Y)

 Time span of Master dating series is  1947 to  2010    64 years
 Continuous time span is               1947 to  2010    64 years
 Portion with two or more series is    1947 to  2010    64 years


                                        ****************************************
                                        *C* Number of dated series        26 *C*
                                        *O* Master series 1947 2010   64 yrs *O*
                                        *F* Total rings in all series   1364 *F*
                                        *E* Total dated rings checked   1364 *E*
                                        *C* Series intercorrelation     .633 *C*
                                        *H* Average mean sensitivity    .240 *H*
                                        *A* Segments, possible problems    3 *A*
                                        *** Mean length of series       52.5 ***
                                        ****************************************

 ABSENT RINGS listed by SERIES:            (See Master Dating Series for absent rings listed by year)

               No ring measurements of zero value
PART 2:  TIME PLOT OF TREE-RING SERIES: b                                                          10:34  Tue 15 Nov 2011  Page   2
------------------------------------------------------------------------------------------------------------------------------------
 1050 1100 1150 1200 1250 1300 1350 1400 1450 1500 1550 1600 1650 1700 1750 1800 1850 1900 1950 2000 2050 Ident   Seq Time-span  Yrs
   :    :    :    :    :    :    :    :    :    :    :    :    :    :    :    :    :    :    :    :    : -------- --- ---- ---- ----
   .    .    .    .    .    .    .    .    .    .    .    .    .    .    .    .    .    .    <====>    . 0BL01A     1 1952 2007   56
   .    .    .    .    .    .    .    .    .    .    .    .    .    .    .    .    .    .    <====>    . 0BL01B     2 1952 2007   56
   .    .    .    .    .    .    .    .    .    .    .    .    .    .    .    .    .    .   <=====>    . 0BL02A     3 1947 2007   61
   .    .    .    .    .    .    .    .    .    .    .    .    .    .    .    .    .    .   <=====>    . 0BL02B     4 1947 2007   61
   .    .    .    .    .    .    .    .    .    .    .    .    .    .    .    .    .    .    <====>    . 0BL03B     5 1954 2007   54
   .    .    .    .    .    .    .    .    .    .    .    .    .    .    .    .    .    .    <====>    . 0BL03A     6 1954 2007   54
   .    .    .    .    .    .    .    .    .    .    .    .    .    .    .    .    .    .   <=====>    . 0BL04B     7 1949 2007   59
   .    .    .    .    .    .    .    .    .    .    .    .    .    .    .    .    .    .   <=====>    . 0BL04A     8 1949 2007   59
   .    .    .    .    .    .    .    .    .    .    .    .    .    .    .    .    .    .    <====>    . 0BL05B     9 1951 2007   57
   .    .    .    .    .    .    .    .    .    .    .    .    .    .    .    .    .    .    <====>    . 0BL05A    10 1951 2007   57
   .    .    .    .    .    .    .    .    .    .    .    .    .    .    .    .    .    .   <=====>    . 0BL06B    11 1947 2007   61
   .    .    .    .    .    .    .    .    .    .    .    .    .    .    .    .    .    .   <=====>    . 0BL06A    12 1947 2007   61
   .    .    .    .    .    .    .    .    .    .    .    .    .    .    .    .    .    .    <====>    . 0BL07B    13 1958 2007   50
   .    .    .    .    .    .    .    .    .    .    .    .    .    .    .    .    .    .    <====>    . 0BL07A    14 1958 2007   50
   .    .    .    .    .    .    .    .    .    .    .    .    .    .    .    .    .    .    .<====>   . 0BL08A    15 1965 2010   46
   .    .    .    .    .    .    .    .    .    .    .    .    .    .    .    .    .    .    .<====>   . 0BL08B    16 1960 2010   51
   .    .    .    .    .    .    .    .    .    .    .    .    .    .    .    .    .    .    <=====>   . 0BL09B    17 1957 2010   54
   .    .    .    .    .    .    .    .    .    .    .    .    .    .    .    .    .    .    <=====>   . 0BL09A    18 1959 2010   52
   .    .    .    .    .    .    .    .    .    .    .    .    .    .    .    .    .    .    .<====>   . 0BL10B    19 1962 2010   49
   .    .    .    .    .    .    .    .    .    .    .    .    .    .    .    .    .    .    .<====>   . 0BL10A    20 1964 2010   47
   .    .    .    .    .    .    .    .    .    .    .    .    .    .    .    .    .    .    .<====>   . 0BL11A    21 1961 2010   50
   .    .    .    .    .    .    .    .    .    .    .    .    .    .    .    .    .    .    .<====>   . 0BL11B    22 1961 2010   50
   .    .    .    .    .    .    .    .    .    .    .    .    .    .    .    .    .    .    . <===>   . 0BL12A    23 1974 2010   37
   .    .    .    .    .    .    .    .    .    .    .    .    .    .    .    .    .    .    .<====>   . 0BL12B    24 1969 2010   42
   .    .    .    .    .    .    .    .    .    .    .    .    .    .    .    .    .    .    .<====>   . 0BL13B    25 1965 2010   46
   .    .    .    .    .    .    .    .    .    .    .    .    .    .    .    .    .    .    .<====>   . 0BL13A    26 1967 2010   44
   :    :    :    :    :    :    :    :    :    :    :    :    :    :    :    :    :    :    :    :    :
 1050 1100 1150 1200 1250 1300 1350 1400 1450 1500 1550 1600 1650 1700 1750 1800 1850 1900 1950 2000 2050
   :    :    :    :    :    :    :    :    :    :    :    :    :    :    :    :    :    :    :    :    :
 1050 1100 1150 1200 1250 1300 1350 1400 1450 1500 1550 1600 1650 1700 1750 1800 1850 1900 1950 2000 2050
PART 3:  Master Dating Series: b                                                                   10:34  Tue 15 Nov 2011  Page   3
------------------------------------------------------------------------------------------------------------------------------------
  Year  Value  No Ab    Year  Value  No Ab    Year  Value  No Ab    Year  Value  No Ab    Year  Value  No Ab    Year  Value  No Ab
  ------------------    ------------------    ------------------    ------------------    ------------------    ------------------
                        1950   .757   6       2000  1.274  26
                        1951   .895   8       2001  -.684  26
                        1952   .076  10       2002 -3.161  26
                        1953   .471  10       2003  -.078  26
                        1954   .766  12       2004  -.572  26
                        1955   .238  12       2005   .213  26
                        1956  -.772  12       2006   .535  26
                        1957 -2.897  13       2007  1.000  26
                        1958 -2.112  15       2008  -.036  12
                        1959 -1.148  16       2009   .552  12

                        1960   .261  17       2010  1.236  12
                        1961  -.431  19
                        1962   .808  20
                        1963  -.540  20
                        1964  1.052  21
                        1965   .649  23
                        1966   .459  23
                        1967 -1.170  24
                        1968  -.991  24
                        1969   .180  25

                        1970   .587  25
                        1971   .361  25
                        1972   .035  25
                        1973  -.334  25
                        1974   .493  26
                        1975  1.435  26
                        1976  1.505  26
                        1977   .700  26
                        1978  1.104  26
                        1979   .429  26

                        1980 -1.018  26
                        1981  -.655  26
                        1982 -2.167  26
                        1983  -.742  26
                        1984  -.392  26
                        1985  -.959  26
                        1986   .546  26
                        1987  1.171  26
                        1988  -.275  26
                        1989   .652  26

                        1990 -1.168  26
                        1991  -.099  26
                        1992 -1.078  26
                        1993  -.938  26
                        1994   .459  26
                        1995   .283  26
                        1996   .718  26
  1947  1.545   4       1997   .975  26
  1948   .482   4       1998   .611  26
  1949  -.153   6       1999  -.944  26
------------------------------------------------------------------------------------------------------------------------------------
PART 4:  Master Bar Plot: b                                                                        10:34  Tue 15 Nov 2011  Page   4
------------------------------------------------------------------------------------------------------------------------------------
   Year Rel value  Year Rel value  Year Rel value  Year Rel value  Year Rel value  Year Rel value  Year Rel value  Year Rel value
                   1950--------C   2000----------E
                   1951---------D  2001--c
                   1952----@       2002m
                   1953------B     2003----@
                   1954--------C   2004--b
                   1955-----A      2005-----A
                   1956--c         2006-------B
                   1957l           2007---------D
                   1958h           2008----@
                   1959-e          2009-------B
                   1960-----A      2010----------E
                   1961---b
                   1962--------C
                   1963--b
                   1964---------D
                   1965-------C
                   1966------B
                   1967-e
                   1968-d
                   1969-----A
                   1970-------B
                   1971-----A
                   1972----@
                   1973---a
                   1974------B
                   1975----------F
                   1976----------F
                   1977--------C
                   1978---------D
                   1979------B
                   1980-d
                   1981--c
                   1982i
                   1983--c
                   1984---b
                   1985-d
                   1986-------B
                   1987---------E
                   1988---a
                   1989-------C
                   1990-e
                   1991----@
                   1992-d
                   1993-d
                   1994------B
                   1995-----A
                   1996--------C
   1947----------F 1997---------D
   1948------B     1998-------B
   1949----a       1999-d
PART 5:  CORRELATION OF SERIES BY SEGMENTS: b                                                      10:34  Tue 15 Nov 2011  Page   5
------------------------------------------------------------------------------------------------------------------------------------
 Correlations of  50-year dated segments, lagged  25 years
 Flags:  A = correlation under   .3281 but highest as dated;  B = correlation higher at other than dated position

 Seq Series  Time_span   1925 1950 1975
                         1974 1999 2024
 --- -------- ---------  ---- ---- ---- ---- ---- ---- ---- ---- ---- ---- ---- ---- ---- ---- ---- ---- ---- ---- ---- ----
   1 0BL01A   1952 2007        .61  .73
   2 0BL01B   1952 2007        .53  .67
   3 0BL02A   1947 2007   .62  .69  .58
   4 0BL02B   1947 2007   .71  .76  .76
   5 0BL03B   1954 2007        .72  .61
   6 0BL03A   1954 2007        .72  .73
   7 0BL04B   1949 2007   .75  .75  .75
   8 0BL04A   1949 2007   .52  .60  .70
   9 0BL05B   1951 2007        .51  .45
  10 0BL05A   1951 2007        .70  .63
  11 0BL06B   1947 2007   .20B .24B .33A
  12 0BL06A   1947 2007   .41  .48  .53
  13 0BL07B   1958 2007        .41
  14 0BL07A   1958 2007        .60
  15 0BL08A   1965 2010        .54
  16 0BL08B   1960 2010        .50  .49
  17 0BL09B   1957 2010        .73  .68
  18 0BL09A   1959 2010        .75  .78
  19 0BL10B   1962 2010        .61
  20 0BL10A   1964 2010        .76
  21 0BL11A   1961 2010        .73
  22 0BL11B   1961 2010        .79
  23 0BL12A   1974 2010        .61
  24 0BL12B   1969 2010        .58
  25 0BL13B   1965 2010        .74
  26 0BL13A   1967 2010        .67
 Av segment correlation   .54  .63  .63
PART 6:  POTENTIAL PROBLEMS: b                                                                     10:34  Tue 15 Nov 2011  Page   5
------------------------------------------------------------------------------------------------------------------------------------

 For each series with potential problems the following diagnostics may appear:

 [A] Correlations with master dating series of flagged  50-year segments of series filtered with  32-year spline,
     at every point from ten years earlier (-10) to ten years later (+10) than dated

 [B] Effect of those data values which most lower or raise correlation with master series
     Symbol following year indicates value in series is greater (>) or lesser (<) than master series value

 [C] Year-to-year changes very different from the mean change in other series

 [D] Absent rings (zero values)

 [E] Values which are statistical outliers from mean for the year
====================================================================================================================================

 0BL01A    1952 to  2007      56 years                                                                                    Series   1

 [B] Entire series, effect on correlation (  .730) is:
       Lower   1989< -.026   1992> -.024   1977< -.018   2001> -.014   1991< -.014   1955< -.013  Higher   2002  .102   1957  .018

====================================================================================================================================

 0BL01B    1952 to  2007      56 years                                                                                    Series   2

 [B] Entire series, effect on correlation (  .670) is:
       Lower   1989< -.081   2001> -.017   1977< -.016   1992> -.011   1955< -.011   1963> -.010  Higher   2002  .128   1957  .015

 [E] Outliers     1   3.0 SD above or -4.5 SD below mean for year
       1989 -4.5 SD
====================================================================================================================================

 0BL02A    1947 to  2007      61 years                                                                                    Series   3

 [B] Entire series, effect on correlation (  .554) is:
       Lower   1949< -.071   2002> -.043   1948> -.021   1997< -.020   1984> -.010   1996< -.010  Higher   1957  .039   1967  .021

====================================================================================================================================

 0BL02B    1947 to  2007      61 years                                                                                    Series   4

 [B] Entire series, effect on correlation (  .728) is:
       Lower   1949< -.041   1982> -.014   1992< -.013   1970< -.007   1963> -.007   1948> -.006  Higher   1957  .032   2002  .022

====================================================================================================================================

 0BL03B    1954 to  2007      54 years                                                                                    Series   5

 [B] Entire series, effect on correlation (  .650) is:
       Lower   2007< -.059   1967> -.021   1991< -.013   2004< -.013   1963< -.011   2002> -.011  Higher   1957  .051   1982  .025

====================================================================================================================================

 0BL03A    1954 to  2007      54 years                                                                                    Series   6

 [B] Entire series, effect on correlation (  .686) is:
       Lower   1957> -.031   2007< -.029   1999> -.024   1971< -.018   1967> -.016   1991< -.015  Higher   2002  .096   1982  .020

====================================================================================================================================

 0BL04B    1949 to  2007      59 years                                                                                    Series   7

 [B] Entire series, effect on correlation (  .764) is:
       Lower   1999< -.022   1998< -.010   1970< -.010   1963> -.009   1949> -.006   1979> -.005  Higher   1957  .017   2002  .012

====================================================================================================================================

 0BL04A    1949 to  2007      59 years                                                                                    Series   8

 [B] Entire series, effect on correlation (  .672) is:
       Lower   1976< -.063   1949> -.043   1987< -.015   1984< -.010   1990> -.009   1983< -.008  Higher   2002  .120   1957  .029

====================================================================================================================================

 0BL05B    1951 to  2007      57 years                                                                                    Series   9

 [B] Entire series, effect on correlation (  .520) is:
       Lower   1997< -.090   1992> -.046   1993< -.038   2001> -.013   1999> -.008   1981< -.007  Higher   1957  .067   1990  .013

 [E] Outliers     1   3.0 SD above or -4.5 SD below mean for year
       1992 +3.1 SD
====================================================================================================================================

 0BL05A    1951 to  2007      57 years                                                                                    Series  10

 [B] Entire series, effect on correlation (  .678) is:
       Lower   1996< -.043   2002> -.026   1992> -.020   1954< -.011   1968> -.006   1979< -.006  Higher   1957  .059   2000  .009

====================================================================================================================================

 0BL06B    1947 to  2007      61 years                                                                                    Series  11

 [A] Segment   High   -10   -9   -8   -7   -6   -5   -4   -3   -2   -1   +0   +1   +2   +3   +4   +5   +6   +7   +8   +9  +10
    ---------  ----   ---  ---  ---  ---  ---  ---  ---  ---  ---  ---  ---  ---  ---  ---  ---  ---  ---  ---  ---  ---  ---
    1947 1996   10      -    -    -    -    -    -    -    -    -    -  .20| .29 -.11 -.15 -.21  .00 -.14  .19 -.11  .05  .35*
    1950 1999   10      -    -    -    -    -    -    - -.13 -.13 -.14  .24| .20 -.05 -.06 -.28 -.03 -.15  .17 -.08  .07  .44*
    1958 2007    0    .09  .23 -.08  .01 -.06 -.04 -.05 -.07 -.09 -.10  .33* .11 -.10  .00    -    -    -    -    -    -    -

 [B] Entire series, effect on correlation (  .333) is:
       Lower   1972< -.071   1949> -.024   1993> -.021   1958> -.020   1963> -.017   1959> -.015  Higher   2002  .064   1947  .020
     1947 to 1996 segment:
       Lower   1972< -.054   1949> -.029   1993> -.026   1958> -.024   1963> -.021   1959> -.017  Higher   1992  .042   1957  .038
     1950 to 1999 segment:
       Lower   1972< -.064   1993> -.028   1958> -.027   1963> -.023   1959> -.018   1961> -.015  Higher   1992  .040   1957  .033
     1958 to 2007 segment:
       Lower   1972< -.096   1993> -.026   1958> -.024   1963> -.020   1959> -.017   1975< -.017  Higher   2002  .089   1992  .027

 [E] Outliers     2   3.0 SD above or -4.5 SD below mean for year
       1959 +3.1 SD;    1973 -4.7 SD
====================================================================================================================================

 0BL06A    1947 to  2007      61 years                                                                                    Series  12

 [B] Entire series, effect on correlation (  .493) is:
       Lower   1974< -.102   1949> -.031   1953< -.021   1993> -.016   2000< -.013   1948< -.013  Higher   2002  .058   1982  .034

====================================================================================================================================

 0BL07B    1958 to  2007      50 years                                                                                    Series  13

 [B] Entire series, effect on correlation (  .412) is:
       Lower   1962< -.092   1958> -.045   1963> -.031   1994< -.023   1992> -.019   1970< -.016  Higher   1967  .037   2002  .035

 [E] Outliers     1   3.0 SD above or -4.5 SD below mean for year
       1958 +4.4 SD
====================================================================================================================================

 0BL07A    1958 to  2007      50 years                                                                                    Series  14

 [B] Entire series, effect on correlation (  .605) is:
       Lower   1963> -.047   1992> -.034   1958> -.032   1994< -.018   1962< -.018   1966< -.017  Higher   2002  .112   1967  .018

 [E] Outliers     1   3.0 SD above or -4.5 SD below mean for year
       1958 +3.6 SD
====================================================================================================================================

 0BL08A    1965 to  2010      46 years                                                                                    Series  15

 [B] Entire series, effect on correlation (  .539) is:
       Lower   2003< -.084   2002> -.043   1988> -.016   1993> -.013   1981> -.011   2005< -.006  Higher   1982  .035   1992  .017

 [C] Year-to-year changes diverging by over 4.0 std deviations:
       2002 2003  -4.4 SD

====================================================================================================================================

 0BL08B    1960 to  2010      51 years                                                                                    Series  16

 [B] Entire series, effect on correlation (  .497) is:
       Lower   1963< -.146   1967> -.024   1990> -.017   1962< -.011   1988> -.009   2003< -.008  Higher   2002  .050   1982  .041

 [E] Outliers     1   3.0 SD above or -4.5 SD below mean for year
       1963 -6.6 SD
====================================================================================================================================

 0BL09B    1957 to  2010      54 years                                                                                    Series  17

 [B] Entire series, effect on correlation (  .724) is:
       Lower   1967> -.047   1972< -.026   1977< -.017   1985> -.014   1992> -.013   2001< -.011  Higher   2002  .076   1957  .048

====================================================================================================================================

 0BL09A    1959 to  2010      52 years                                                                                    Series  18

 [B] Entire series, effect on correlation (  .762) is:
       Lower   1967> -.043   1972> -.018   1959< -.015   2003< -.013   1977< -.012   1993> -.011  Higher   2002  .085   1982  .021

====================================================================================================================================

 0BL10B    1962 to  2010      49 years                                                                                    Series  19

 [B] Entire series, effect on correlation (  .607) is:
       Lower   2008< -.077   1993> -.019   1995< -.019   1999> -.015   1996< -.012   2001> -.012  Higher   2002  .078   1967  .026

====================================================================================================================================

 0BL10A    1964 to  2010      47 years                                                                                    Series  20

 [B] Entire series, effect on correlation (  .763) is:
       Lower   1982> -.072   1974< -.017   1993> -.016   1981> -.010   1986< -.009   1965< -.007  Higher   2002  .116   1967  .008

 [E] Outliers     1   3.0 SD above or -4.5 SD below mean for year
       1982 +3.1 SD
====================================================================================================================================

 0BL11A    1961 to  2010      50 years                                                                                    Series  21

 [B] Entire series, effect on correlation (  .727) is:
       Lower   2006< -.030   1965< -.025   1992< -.019   1999> -.015   1973< -.014   2008> -.010  Higher   2002  .058   1990  .014

====================================================================================================================================

 0BL11B    1961 to  2010      50 years                                                                                    Series  22

 [B] Entire series, effect on correlation (  .794) is:
       Lower   1988< -.018   1975< -.017   1999> -.013   2006< -.011   1980< -.010   1963> -.010  Higher   2002  .092   1982  .013

====================================================================================================================================

 0BL12A    1974 to  2010      37 years                                                                                    Series  23

 [B] Entire series, effect on correlation (  .608) is:
       Lower   1974< -.043   1980> -.038   1992> -.034   1994< -.018   2004< -.018   1977< -.017  Higher   2002  .141   1982  .050

====================================================================================================================================

 0BL12B    1969 to  2010      42 years                                                                                    Series  24

 [B] Entire series, effect on correlation (  .579) is:
       Lower   1969< -.051   1993< -.039   1992> -.026   1985> -.026   2004< -.012   1973> -.010  Higher   2002  .067   1982  .024

====================================================================================================================================

 0BL13B    1965 to  2010      46 years                                                                                    Series  25

 [B] Entire series, effect on correlation (  .745) is:
       Lower   1990> -.040   1981< -.023   1986< -.021   1991> -.009   1969< -.008   1972> -.008  Higher   2002  .100   1967  .015

====================================================================================================================================

 0BL13A    1967 to  2010      44 years                                                                                    Series  26

 [B] Entire series, effect on correlation (  .671) is:
       Lower   1990> -.032   1985> -.021   1999< -.020   1978< -.020   1988> -.020   1993> -.016  Higher   2002  .076   1982  .021

====================================================================================================================================
PART 7:  DESCRIPTIVE STATISTICS: b                                                                 10:34  Tue 15 Nov 2011  Page   6
------------------------------------------------------------------------------------------------------------------------------------

                                                Corr   //-------- Unfiltered --------\\  //---- Filtered -----\\
                           No.    No.    No.    with   Mean   Max     Std   Auto   Mean   Max     Std   Auto  AR
 Seq Series   Interval   Years  Segmt  Flags   Master  msmt   msmt    dev   corr   sens  value    dev   corr  ()
 --- -------- ---------  -----  -----  -----   ------ -----  -----  -----  -----  -----  -----  -----  -----  --
   1 0BL01A   1952 2007     56      2      0    .730   1.55   3.64   .775   .853   .245   2.48   .421   .008   1
   2 0BL01B   1952 2007     56      2      0    .670   1.79   3.55   .684   .775   .223   2.51   .418   .007   1
   3 0BL02A   1947 2007     61      3      0    .554    .88   1.96   .526   .893   .256   2.57   .518   .012   2
   4 0BL02B   1947 2007     61      3      0    .728   1.06   2.58   .595   .878   .277   2.65   .624   .059   1
   5 0BL03B   1954 2007     54      2      0    .650    .59   1.30   .310   .802   .286   2.75   .646  -.002   1
   6 0BL03A   1954 2007     54      2      0    .686    .62   1.37   .322   .693   .319   2.72   .528   .071   1
   7 0BL04B   1949 2007     59      3      0    .764   1.05   2.10   .410   .760   .236   2.76   .570  -.005   1
   8 0BL04A   1949 2007     59      3      0    .672   1.14   2.18   .485   .714   .274   2.40   .414  -.017   1
   9 0BL05B   1951 2007     57      2      0    .520    .67   1.92   .436   .867   .285   2.68   .519  -.026   1
  10 0BL05A   1951 2007     57      2      0    .678    .62   1.69   .459   .876   .337   2.77   .548   .040   1
  11 0BL06B   1947 2007     61      3      3    .333   1.34   3.02   .484   .626   .252   2.44   .451   .091   1
  12 0BL06A   1947 2007     61      3      0    .493   1.32   2.50   .436   .708   .213   2.54   .561  -.014   1
  13 0BL07B   1958 2007     50      1      0    .412    .86   1.82   .391   .642   .275   2.58   .520  -.042   1
  14 0BL07A   1958 2007     50      1      0    .605    .92   2.33   .461   .787   .262   2.48   .576   .004   1
  15 0BL08A   1965 2010     46      1      0    .539   1.92   2.87   .479   .677   .181   2.40   .479   .017   1
  16 0BL08B   1960 2010     51      2      0    .497   1.57   2.48   .459   .805   .160   2.27   .357  -.038   1
  17 0BL09B   1957 2010     54      2      0    .724   1.47   2.54   .583   .843   .179   2.63   .572   .116   1
  18 0BL09A   1959 2010     52      2      0    .762   1.52   2.75   .680   .856   .218   2.58   .534   .049   1
  19 0BL10B   1962 2010     49      1      0    .607   1.37   2.75   .508   .832   .184   2.84   .611  -.094   1
  20 0BL10A   1964 2010     47      1      0    .763   1.40   2.27   .442   .773   .184   2.40   .480   .094   1
  21 0BL11A   1961 2010     50      1      0    .727   1.63   2.97   .691   .843   .235   2.61   .594  -.047   1
  22 0BL11B   1961 2010     50      1      0    .794   1.49   2.88   .631   .820   .226   2.42   .481   .015   2
  23 0BL12A   1974 2010     37      1      0    .608   1.88   2.61   .435   .329   .237   2.47   .658   .033   2
  24 0BL12B   1969 2010     42      1      0    .579   1.81   2.80   .437   .197   .251   2.66   .566  -.036   1
  25 0BL13B   1965 2010     46      1      0    .745   1.50   2.48   .420   .598   .209   2.58   .551   .090   1
  26 0BL13A   1967 2010     44      1      0    .671   1.29   2.29   .360   .719   .184   2.46   .554   .015   1
 --- -------- ---------  -----  -----  -----   ------ -----  -----  -----  -----  -----  -----  -----  -----  --
 Total or mean:           1364     47      3    .633   1.25   3.64   .499   .749   .240   2.84   .527   .016
PART 8:  ADJUSTMENTS FOR UNDATED SERIES: b                                                         10:34  Tue 15 Nov 2011  Page   7
------------------------------------------------------------------------------------------------------------------------------------

 Time span  1947  2010    64 years, best matches for  50-year segments lagged  25 years
 Listed in order from highest correlation

           Counted       Corr      Corr      Corr      Corr      Corr      Corr      Corr      Corr      Corr      Corr      Corr
 Series    Segment   Add  # 1  Add  # 2  Add  # 3  Add  # 4  Add  # 5  Add  # 6  Add  # 7  Add  # 8  Add  # 9  Add  #10  Add  #11
 -------- ---------  --------  --------  --------  --------  --------  --------  --------  --------  --------  --------  --------
 0BD01A   1954 1998     0 .45    11 .29     9 .28     1 .20    10 .17     5 .05     2 .02   --- ---   --- ---   --- ---   --- ---
===================  ========  ========  ========  ========  ========  ========  ========  ========  ========  ========  ========
           Counted       Corr      Corr      Corr      Corr      Corr      Corr      Corr      Corr      Corr      Corr      Corr
 Series    Segment   Add  # 1  Add  # 2  Add  # 3  Add  # 4  Add  # 5  Add  # 6  Add  # 7  Add  # 8  Add  # 9  Add  #10  Add  #11
 -------- ---------  --------  --------  --------  --------  --------  --------  --------  --------  --------  --------  --------
 0BD01B   1954 1998     0 .46     9 .25    11 .25     1 .21    10 .20     5 .04    -4 .03     2 .01   --- ---   --- ---   --- ---
===================  ========  ========  ========  ========  ========  ========  ========  ========  ========  ========  ========
           Counted       Corr      Corr      Corr      Corr      Corr      Corr      Corr      Corr      Corr      Corr      Corr
 Series    Segment   Add  # 1  Add  # 2  Add  # 3  Add  # 4  Add  # 5  Add  # 6  Add  # 7  Add  # 8  Add  # 9  Add  #10  Add  #11
 -------- ---------  --------  --------  --------  --------  --------  --------  --------  --------  --------  --------  --------
 0BD01C   1954 1998     0 .46    11 .25     9 .25     1 .21    10 .21     5 .04    -4 .03     2 .01   --- ---   --- ---   --- ---
===================  ========  ========  ========  ========  ========  ========  ========  ========  ========  ========  ========
           Counted       Corr      Corr      Corr      Corr      Corr      Corr      Corr      Corr      Corr      Corr      Corr
 Series    Segment   Add  # 1  Add  # 2  Add  # 3  Add  # 4  Add  # 5  Add  # 6  Add  # 7  Add  # 8  Add  # 9  Add  #10  Add  #11
 -------- ---------  --------  --------  --------  --------  --------  --------  --------  --------  --------  --------  --------
 0BD02A   1947 1996     0 .66    10 .24    11 .20     1 .15    12 .06     2 .04     3 .03     7 .03    14 .02   --- ---   --- ---
 0BD02A   1949 1998  Lag from prior segment   2 years; insufficient
===================  ========  ========  ========  ========  ========  ========  ========  ========  ========  ========  ========
           Counted       Corr      Corr      Corr      Corr      Corr      Corr      Corr      Corr      Corr      Corr      Corr
 Series    Segment   Add  # 1  Add  # 2  Add  # 3  Add  # 4  Add  # 5  Add  # 6  Add  # 7  Add  # 8  Add  # 9  Add  #10  Add  #11
 -------- ---------  --------  --------  --------  --------  --------  --------  --------  --------  --------  --------  --------
 0BD02B   1947 1996     0 .75    10 .32    11 .25     1 .16    12 .09     9 .08     8 .06   --- ---   --- ---   --- ---   --- ---
 0BD02B   1949 1998  Lag from prior segment   2 years; insufficient
===================  ========  ========  ========  ========  ========  ========  ========  ========  ========  ========  ========
           Counted       Corr      Corr      Corr      Corr      Corr      Corr      Corr      Corr      Corr      Corr      Corr
 Series    Segment   Add  # 1  Add  # 2  Add  # 3  Add  # 4  Add  # 5  Add  # 6  Add  # 7  Add  # 8  Add  # 9  Add  #10  Add  #11
 -------- ---------  --------  --------  --------  --------  --------  --------  --------  --------  --------  --------  --------
 0BD03A   1961 1996    -1 .34   -11 .25     0 .23   -10 .21    -2 .19    -5 .18    10 .11     1 .11    11 .06    12 .06   -13 .06
===================  ========  ========  ========  ========  ========  ========  ========  ========  ========  ========  ========
           Counted       Corr      Corr      Corr      Corr      Corr      Corr      Corr      Corr      Corr      Corr      Corr
 Series    Segment   Add  # 1  Add  # 2  Add  # 3  Add  # 4  Add  # 5  Add  # 6  Add  # 7  Add  # 8  Add  # 9  Add  #10  Add  #11
 -------- ---------  --------  --------  --------  --------  --------  --------  --------  --------  --------  --------  --------
 0BD03B   1961 1996     0 .37   -11 .31    -2 .28   -10 .24    -1 .24    -5 .24    12 .19    14 .18    11 .14    -9 .06    10 .06
===================  ========  ========  ========  ========  ========  ========  ========  ========  ========  ========  ========
           Counted       Corr      Corr      Corr      Corr      Corr      Corr      Corr      Corr      Corr      Corr      Corr
 Series    Segment   Add  # 1  Add  # 2  Add  # 3  Add  # 4  Add  # 5  Add  # 6  Add  # 7  Add  # 8  Add  # 9  Add  #10  Add  #11
 -------- ---------  --------  --------  --------  --------  --------  --------  --------  --------  --------  --------  --------
 0BD04A   1956 1986    22 .51     2 .40    10 .36     0 .33     9 .27    -1 .21    12 .20     1 .17    13 .17    21 .15    11 .15
===================  ========  ========  ========  ========  ========  ========  ========  ========  ========  ========  ========
           Counted       Corr      Corr      Corr      Corr      Corr      Corr      Corr      Corr      Corr      Corr      Corr
 Series    Segment   Add  # 1  Add  # 2  Add  # 3  Add  # 4  Add  # 5  Add  # 6  Add  # 7  Add  # 8  Add  # 9  Add  #10  Add  #11
 -------- ---------  --------  --------  --------  --------  --------  --------  --------  --------  --------  --------  --------
 0BD04B   1956 1986    22 .40     0 .36    11 .33    21 .32     9 .29    10 .29     8 .29     2 .26    -1 .16     1 .15    13 .13
===================  ========  ========  ========  ========  ========  ========  ========  ========  ========  ========  ========
           Counted       Corr      Corr      Corr      Corr      Corr      Corr      Corr      Corr      Corr      Corr      Corr
 Series    Segment   Add  # 1  Add  # 2  Add  # 3  Add  # 4  Add  # 5  Add  # 6  Add  # 7  Add  # 8  Add  # 9  Add  #10  Add  #11
 -------- ---------  --------  --------  --------  --------  --------  --------  --------  --------  --------  --------  --------
 0BD05A   1955 1990    -4 .43    -3 .25     0 .22    -2 .21    10 .13    19 .13     6 .12     8 .12    20 .11     2 .11     5 .10
===================  ========  ========  ========  ========  ========  ========  ========  ========  ========  ========  ========
           Counted       Corr      Corr      Corr      Corr      Corr      Corr      Corr      Corr      Corr      Corr      Corr
 Series    Segment   Add  # 1  Add  # 2  Add  # 3  Add  # 4  Add  # 5  Add  # 6  Add  # 7  Add  # 8  Add  # 9  Add  #10  Add  #11
 -------- ---------  --------  --------  --------  --------  --------  --------  --------  --------  --------  --------  --------
 0BD05B   1955 1990     0 .42    -1 .31    -2 .27     9 .22    12 .16     8 .11    10 .07    19 .06     5 .05     1 .05    15 .04
===================  ========  ========  ========  ========  ========  ========  ========  ========  ========  ========  ========
           Counted       Corr      Corr      Corr      Corr      Corr      Corr      Corr      Corr      Corr      Corr      Corr
 Series    Segment   Add  # 1  Add  # 2  Add  # 3  Add  # 4  Add  # 5  Add  # 6  Add  # 7  Add  # 8  Add  # 9  Add  #10  Add  #11
 -------- ---------  --------  --------  --------  --------  --------  --------  --------  --------  --------  --------  --------
 0BD06A   1978 2005   -22 .44     0 .41   -26 .38   -12 .27    -3 .25    -1 .24   -20 .23   -14 .17   -25 .15   -16 .14   -31 .12
===================  ========  ========  ========  ========  ========  ========  ========  ========  ========  ========  ========
           Counted       Corr      Corr      Corr      Corr      Corr      Corr      Corr      Corr      Corr      Corr      Corr
 Series    Segment   Add  # 1  Add  # 2  Add  # 3  Add  # 4  Add  # 5  Add  # 6  Add  # 7  Add  # 8  Add  # 9  Add  #10  Add  #11
 -------- ---------  --------  --------  --------  --------  --------  --------  --------  --------  --------  --------  --------
 0BD06B   1977 2004     0 .38   -24 .38   -20 .35    -9 .31    -1 .31   -10 .28   -22 .24   -14 .24     1 .18   -26 .16   -25 .08
===================  ========  ========  ========  ========  ========  ========  ========  ========  ========  ========  ========
           Counted       Corr      Corr      Corr      Corr      Corr      Corr      Corr      Corr      Corr      Corr      Corr
 Series    Segment   Add  # 1  Add  # 2  Add  # 3  Add  # 4  Add  # 5  Add  # 6  Add  # 7  Add  # 8  Add  # 9  Add  #10  Add  #11
 -------- ---------  --------  --------  --------  --------  --------  --------  --------  --------  --------  --------  --------
 0BD07A   1982 2002   -21 .47     0 .47   -31 .46   -22 .40   -20 .38   -32 .30    -7 .27   -17 .26     4 .16    -6 .15    -9 .13
===================  ========  ========  ========  ========  ========  ========  ========  ========  ========  ========  ========
           Counted       Corr      Corr      Corr      Corr      Corr      Corr      Corr      Corr      Corr      Corr      Corr
 Series    Segment   Add  # 1  Add  # 2  Add  # 3  Add  # 4  Add  # 5  Add  # 6  Add  # 7  Add  # 8  Add  # 9  Add  #10  Add  #11
 -------- ---------  --------  --------  --------  --------  --------  --------  --------  --------  --------  --------  --------
 0BD07B   1982 2002   -31 .62   -20 .49   -21 .46    -7 .39   -32 .30     0 .28    -6 .28   -30 .28     3 .23   -22 .23    -9 .22
===================  ========  ========  ========  ========  ========  ========  ========  ========  ========  ========  ========
           Counted       Corr      Corr      Corr      Corr      Corr      Corr      Corr      Corr      Corr      Corr      Corr
 Series    Segment   Add  # 1  Add  # 2  Add  # 3  Add  # 4  Add  # 5  Add  # 6  Add  # 7  Add  # 8  Add  # 9  Add  #10  Add  #11
 -------- ---------  --------  --------  --------  --------  --------  --------  --------  --------  --------  --------  --------
 0BD08A   1967 2005     3 .45     2 .31   -17 .20   -20 .16     0 .15    -7 .11   -11 .08    -1 .08   -10 .07    -6 .06   -18 .05
===================  ========  ========  ========  ========  ========  ========  ========  ========  ========  ========  ========
           Counted       Corr      Corr      Corr      Corr      Corr      Corr      Corr      Corr      Corr      Corr      Corr
 Series    Segment   Add  # 1  Add  # 2  Add  # 3  Add  # 4  Add  # 5  Add  # 6  Add  # 7  Add  # 8  Add  # 9  Add  #10  Add  #11
 -------- ---------  --------  --------  --------  --------  --------  --------  --------  --------  --------  --------  --------
 0BD08B   1967 2006     3 .30   -12 .28     0 .22     4 .20     2 .16   -10 .15   -11 .12   -13 .12   -17 .11   -20 .10    -6 .10
===================  ========  ========  ========  ========  ========  ========  ========  ========  ========  ========  ========
           Counted       Corr      Corr      Corr      Corr      Corr      Corr      Corr      Corr      Corr      Corr      Corr
 Series    Segment   Add  # 1  Add  # 2  Add  # 3  Add  # 4  Add  # 5  Add  # 6  Add  # 7  Add  # 8  Add  # 9  Add  #10  Add  #11
 -------- ---------  --------  --------  --------  --------  --------  --------  --------  --------  --------  --------  --------
 0BD09A   1955 1988    19 .29    -3 .25     0 .23    22 .22     3 .21    21 .18     7 .16     5 .15    17 .12    -1 .12    20 .11
===================  ========  ========  ========  ========  ========  ========  ========  ========  ========  ========  ========
           Counted       Corr      Corr      Corr      Corr      Corr      Corr      Corr      Corr      Corr      Corr      Corr
 Series    Segment   Add  # 1  Add  # 2  Add  # 3  Add  # 4  Add  # 5  Add  # 6  Add  # 7  Add  # 8  Add  # 9  Add  #10  Add  #11
 -------- ---------  --------  --------  --------  --------  --------  --------  --------  --------  --------  --------  --------
 0BD09B   1955 1988     0 .46    20 .30    17 .26    22 .20     6 .17     3 .16    19 .14    -2 .13    -1 .09    21 .08     8 .07
===================  ========  ========  ========  ========  ========  ========  ========  ========  ========  ========  ========
           Counted       Corr      Corr      Corr      Corr      Corr      Corr      Corr      Corr      Corr      Corr      Corr
 Series    Segment   Add  # 1  Add  # 2  Add  # 3  Add  # 4  Add  # 5  Add  # 6  Add  # 7  Add  # 8  Add  # 9  Add  #10  Add  #11
 -------- ---------  --------  --------  --------  --------  --------  --------  --------  --------  --------  --------  --------
 0BD10A   1955 2001    -1 .39     0 .30     5 .13     2 .07    -8 .06     9 .05     1 .02     7 .00   --- ---   --- ---   --- ---
===================  ========  ========  ========  ========  ========  ========  ========  ========  ========  ========  ========
           Counted       Corr      Corr      Corr      Corr      Corr      Corr      Corr      Corr      Corr      Corr      Corr
 Series    Segment   Add  # 1  Add  # 2  Add  # 3  Add  # 4  Add  # 5  Add  # 6  Add  # 7  Add  # 8  Add  # 9  Add  #10  Add  #11
 -------- ---------  --------  --------  --------  --------  --------  --------  --------  --------  --------  --------  --------
 0BD10B   1955 2000     0 .25     5 .19    -1 .11     7 .10    10 .10     9 .08     1 .07     3 .01   --- ---   --- ---   --- ---
===================  ========  ========  ========  ========  ========  ========  ========  ========  ========  ========  ========
           Counted       Corr      Corr      Corr      Corr      Corr      Corr      Corr      Corr      Corr      Corr      Corr
 Series    Segment   Add  # 1  Add  # 2  Add  # 3  Add  # 4  Add  # 5  Add  # 6  Add  # 7  Add  # 8  Add  # 9  Add  #10  Add  #11
 -------- ---------  --------  --------  --------  --------  --------  --------  --------  --------  --------  --------  --------
 0BD11A   1949 1998     0 .44    10 .39    -1 .23     9 .22     1 .19    11 .16    -2 .04   --- ---   --- ---   --- ---   --- ---
 0BD11A   1950 1999  Lag from prior segment   1 years; insufficient
===================  ========  ========  ========  ========  ========  ========  ========  ========  ========  ========  ========
           Counted       Corr      Corr      Corr      Corr      Corr      Corr      Corr      Corr      Corr      Corr      Corr
 Series    Segment   Add  # 1  Add  # 2  Add  # 3  Add  # 4  Add  # 5  Add  # 6  Add  # 7  Add  # 8  Add  # 9  Add  #10  Add  #11
 -------- ---------  --------  --------  --------  --------  --------  --------  --------  --------  --------  --------  --------
 0BD11B   1949 1998    10 .55     0 .43     1 .25    -1 .21     9 .16    11 .14    -2 .04    12 .03   --- ---   --- ---   --- ---
 0BD11B   1950 1999  Lag from prior segment   1 years; insufficient
===================  ========  ========  ========  ========  ========  ========  ========  ========  ========  ========  ========
           Counted       Corr      Corr      Corr      Corr      Corr      Corr      Corr      Corr      Corr      Corr      Corr
 Series    Segment   Add  # 1  Add  # 2  Add  # 3  Add  # 4  Add  # 5  Add  # 6  Add  # 7  Add  # 8  Add  # 9  Add  #10  Add  #11
 -------- ---------  --------  --------  --------  --------  --------  --------  --------  --------  --------  --------  --------
 0BD12A   1972 2007   -22 .63     0 .41   -24 .28   -23 .26   -13 .25   -12 .24   -11 .23     3 .22    -1 .17     1 .16    -3 .11
===================  ========  ========  ========  ========  ========  ========  ========  ========  ========  ========  ========
           Counted       Corr      Corr      Corr      Corr      Corr      Corr      Corr      Corr      Corr      Corr      Corr
 Series    Segment   Add  # 1  Add  # 2  Add  # 3  Add  # 4  Add  # 5  Add  # 6  Add  # 7  Add  # 8  Add  # 9  Add  #10  Add  #11
 -------- ---------  --------  --------  --------  --------  --------  --------  --------  --------  --------  --------  --------
 0BD13A   1961 1998     0 .51     9 .30    11 .29   -14 .28    10 .27    -8 .23     8 .20     2 .20    -2 .19    -4 .15     1 .08
===================  ========  ========  ========  ========  ========  ========  ========  ========  ========  ========  ========
           Counted       Corr      Corr      Corr      Corr      Corr      Corr      Corr      Corr      Corr      Corr      Corr
 Series    Segment   Add  # 1  Add  # 2  Add  # 3  Add  # 4  Add  # 5  Add  # 6  Add  # 7  Add  # 8  Add  # 9  Add  #10  Add  #11
 -------- ---------  --------  --------  --------  --------  --------  --------  --------  --------  --------  --------  --------
 0BD13B   1961 1998     0 .43    12 .24     2 .24    11 .22    -4 .22    -3 .19     9 .19     1 .17    -8 .11    -2 .10   -13 .09
===================  ========  ========  ========  ========  ========  ========  ========  ========  ========  ========  ========
           Counted       Corr      Corr      Corr      Corr      Corr      Corr      Corr      Corr      Corr      Corr      Corr
 Series    Segment   Add  # 1  Add  # 2  Add  # 3  Add  # 4  Add  # 5  Add  # 6  Add  # 7  Add  # 8  Add  # 9  Add  #10  Add  #11
 -------- ---------  --------  --------  --------  --------  --------  --------  --------  --------  --------  --------  --------
 0BD14A   1963 1990     0 .33    20 .31    11 .29     6 .25     3 .22   -14 .16     9 .16     1 .16    -6 .16    19 .15   -12 .15
===================  ========  ========  ========  ========  ========  ========  ========  ========  ========  ========  ========
           Counted       Corr      Corr      Corr      Corr      Corr      Corr      Corr      Corr      Corr      Corr      Corr
 Series    Segment   Add  # 1  Add  # 2  Add  # 3  Add  # 4  Add  # 5  Add  # 6  Add  # 7  Add  # 8  Add  # 9  Add  #10  Add  #11
 -------- ---------  --------  --------  --------  --------  --------  --------  --------  --------  --------  --------  --------
 0BD14B   1963 1990    20 .52     0 .46     8 .40    17 .38     6 .35    -2 .21   -15 .19     3 .15    11 .12   -14 .12    19 .12
===================  ========  ========  ========  ========  ========  ========  ========  ========  ========  ========  ========
           Counted       Corr      Corr      Corr      Corr      Corr      Corr      Corr      Corr      Corr      Corr      Corr
 Series    Segment   Add  # 1  Add  # 2  Add  # 3  Add  # 4  Add  # 5  Add  # 6  Add  # 7  Add  # 8  Add  # 9  Add  #10  Add  #11
 -------- ---------  --------  --------  --------  --------  --------  --------  --------  --------  --------  --------  --------
 0BD15A   1982 2002   -19 .58     0 .48     3 .36   -25 .34   -33 .32   -10 .27   -24 .18    -8 .18   -15 .17    -2 .13   -21 .12
===================  ========  ========  ========  ========  ========  ========  ========  ========  ========  ========  ========
           Counted       Corr      Corr      Corr      Corr      Corr      Corr      Corr      Corr      Corr      Corr      Corr
 Series    Segment   Add  # 1  Add  # 2  Add  # 3  Add  # 4  Add  # 5  Add  # 6  Add  # 7  Add  # 8  Add  # 9  Add  #10  Add  #11
 -------- ---------  --------  --------  --------  --------  --------  --------  --------  --------  --------  --------  --------
 0BD15B   1982 2002   -19 .57     0 .40     3 .36   -33 .25     1 .24   -10 .22   -24 .22   -18 .21    -2 .20   -25 .19   -21 .15
===================  ========  ========  ========  ========  ========  ========  ========  ========  ========  ========  ========
       30 undated series

                                              - = [  COFECHA B    COF  ] = -
