[]  Dendrochronology Program Library                                        Run CC     Program COF  20:16  Tue 15 Nov 2011  Page   1
[]
[]  P R O G R A M      C O F E C H A                                                                          Version 6.06P    28079
------------------------------------------------------------------------------------------------------------------------------------

 QUALITY CONTROL AND DATING CHECK OF TREE-RING MEASUREMENTS

 Title of run:           cc                                      

 File of DATED series:   CCL.raw

 File of UNDATED series: CCD.raw

 CONTENTS:

    Part 1:  Title page, options selected, summary, absent rings by series
    Part 2:  Histogram of time spans
    Part 3:  Master series with sample depth and absent rings by year
    Part 4:  Bar plot of Master Dating Series
    Part 5:  Correlation by segment of each series with Master
    Part 6:  Potential problems: low correlation, divergent year-to-year changes, absent rings, outliers
    Part 7:  Descriptive statistics
    Part 8:  Undated series - adjustments for highest correlations

 RUN CONTROL OPTIONS SELECTED                             VALUE

         1  Cubic smoothing spline 50% wavelength cutoff for filtering
                                                            32 years
         2  Segments examined are                           50 years lagged successively by  25 years
         3  Autoregressive model applied                     A  Residuals are used in master dating series and testing
         4  Series transformed to logarithms                 Y  Each series log-transformed for master dating series and testing
         5  CORRELATION is Pearson (parametric, quantitative)
            Critical correlation, 99% confidence level   .3281
         6  Master dating series saved                       N
         7  Ring measurements listed                         N
         8  Parts printed                             12345678 
         9  Absent rings are omitted from master series and segment correlations  (Y)

 Time span of Master dating series is  1944 to  2010    67 years
 Continuous time span is               1944 to  2010    67 years
 Portion with two or more series is    1944 to  2010    67 years


                                        ****************************************
                                        *C* Number of dated series        29 *C*
                                        *O* Master series 1944 2010   67 yrs *O*
                                        *F* Total rings in all series   1622 *F*
                                        *E* Total dated rings checked   1622 *E*
                                        *C* Series intercorrelation     .482 *C*
                                        *H* Average mean sensitivity    .329 *H*
                                        *A* Segments, possible problems   19 *A*
                                        *** Mean length of series       55.9 ***
                                        ****************************************

 ABSENT RINGS listed by SERIES:            (See Master Dating Series for absent rings listed by year)

 CCL10B      1 absent rings:   2010

             1 absent rings    .062%
PART 2:  TIME PLOT OF TREE-RING SERIES: cc                                                         20:16  Tue 15 Nov 2011  Page   2
------------------------------------------------------------------------------------------------------------------------------------
 1050 1100 1150 1200 1250 1300 1350 1400 1450 1500 1550 1600 1650 1700 1750 1800 1850 1900 1950 2000 2050 Ident   Seq Time-span  Yrs
   :    :    :    :    :    :    :    :    :    :    :    :    :    :    :    :    :    :    :    :    : -------- --- ---- ---- ----
   .    .    .    .    .    .    .    .    .    .    .    .    .    .    .    .    .    .   <=====>    . CCL01A     1 1944 2008   65
   .    .    .    .    .    .    .    .    .    .    .    .    .    .    .    .    .    .   <=====>    . CCL01B     2 1945 2003   59
   .    .    .    .    .    .    .    .    .    .    .    .    .    .    .    .    .    .   <======>   . CCL02A     3 1946 2010   65
   .    .    .    .    .    .    .    .    .    .    .    .    .    .    .    .    .    .   <======>   . CCL02B     4 1946 2010   65
   .    .    .    .    .    .    .    .    .    .    .    .    .    .    .    .    .    .   <======>   . CCL03A     5 1945 2010   66
   .    .    .    .    .    .    .    .    .    .    .    .    .    .    .    .    .    .   <======>   . CCL03B     6 1944 2010   67
   .    .    .    .    .    .    .    .    .    .    .    .    .    .    .    .    .    .   <=====>    . CCL04A     7 1944 2009   66
   .    .    .    .    .    .    .    .    .    .    .    .    .    .    .    .    .    .   <=====>    . CCL04B     8 1945 2006   62
   .    .    .    .    .    .    .    .    .    .    .    .    .    .    .    .    .    .   <======>   . CCL04C     9 1945 2010   66
   .    .    .    .    .    .    .    .    .    .    .    .    .    .    .    .    .    .   <======>   . CCL05A    10 1946 2010   65
   .    .    .    .    .    .    .    .    .    .    .    .    .    .    .    .    .    .   <======>   . CCL05B    11 1946 2010   65
   .    .    .    .    .    .    .    .    .    .    .    .    .    .    .    .    .    .   <=====>    . CCL06A    12 1945 2006   62
   .    .    .    .    .    .    .    .    .    .    .    .    .    .    .    .    .    .   <=====>    . CCL06B    13 1945 2009   65
   .    .    .    .    .    .    .    .    .    .    .    .    .    .    .    .    .    .   <======>   . CCL07A    14 1948 2010   63
   .    .    .    .    .    .    .    .    .    .    .    .    .    .    .    .    .    .   <======>   . CCL07B    15 1948 2010   63
   .    .    .    .    .    .    .    .    .    .    .    .    .    .    .    .    .    .   <======>   . CCL08A    16 1946 2010   65
   .    .    .    .    .    .    .    .    .    .    .    .    .    .    .    .    .    .   <=====>    . CCL08B    17 1944 2008   65
   .    .    .    .    .    .    .    .    .    .    .    .    .    .    .    .    .    .    . <==>    . CCL09A    18 1970 2009   40
   .    .    .    .    .    .    .    .    .    .    .    .    .    .    .    .    .    .    .<===>    . CCL09B    19 1965 2009   45
   .    .    .    .    .    .    .    .    .    .    .    .    .    .    .    .    .    .    .<===>    . CCL10A    20 1965 2007   43
   .    .    .    .    .    .    .    .    .    .    .    .    .    .    .    .    .    .    <=====>   . CCL10B    21 1956 2010   55
   .    .    .    .    .    .    .    .    .    .    .    .    .    .    .    .    .    .    .<====>   . CCL11A    22 1964 2010   47
   .    .    .    .    .    .    .    .    .    .    .    .    .    .    .    .    .    .    <====>    . CCL11B    23 1957 2006   50
   .    .    .    .    .    .    .    .    .    .    .    .    .    .    .    .    .    .    . <==>    . CCL12A    24 1971 2003   33
   .    .    .    .    .    .    .    .    .    .    .    .    .    .    .    .    .    .    .<====>   . CCL12B    25 1967 2010   44
   .    .    .    .    .    .    .    .    .    .    .    .    .    .    .    .    .    .    .<====>   . CCL13A    26 1965 2010   46
   .    .    .    .    .    .    .    .    .    .    .    .    .    .    .    .    .    .    . <===>   . CCL13B    27 1970 2010   41
   .    .    .    .    .    .    .    .    .    .    .    .    .    .    .    .    .    .    .<====>   . CCL14A    28 1966 2010   45
   .    .    .    .    .    .    .    .    .    .    .    .    .    .    .    .    .    .    . <==>    . CCL14B    29 1971 2009   39
   :    :    :    :    :    :    :    :    :    :    :    :    :    :    :    :    :    :    :    :    :
 1050 1100 1150 1200 1250 1300 1350 1400 1450 1500 1550 1600 1650 1700 1750 1800 1850 1900 1950 2000 2050
   :    :    :    :    :    :    :    :    :    :    :    :    :    :    :    :    :    :    :    :    :
 1050 1100 1150 1200 1250 1300 1350 1400 1450 1500 1550 1600 1650 1700 1750 1800 1850 1900 1950 2000 2050
PART 3:  Master Dating Series: cc                                                                  20:16  Tue 15 Nov 2011  Page   3
------------------------------------------------------------------------------------------------------------------------------------
  Year  Value  No Ab    Year  Value  No Ab    Year  Value  No Ab    Year  Value  No Ab    Year  Value  No Ab    Year  Value  No Ab
  ------------------    ------------------    ------------------    ------------------    ------------------    ------------------
                        1950  -.271  17       2000  -.149  29
                        1951   .230  17       2001  -.874  29
                        1952  -.303  17       2002 -1.919  29
                        1953   .463  17       2003   .084  29
                        1954  1.484  17       2004   .142  27
                        1955  2.116  17       2005   .492  27
                        1956  2.049  18       2006   .613  27
                        1957  1.419  19       2007   .539  24
                        1958   .252  19       2008   .912  23
                        1959  -.447  19       2009   .491  21

                        1960   .141  19       2010 -1.356  16  1
                        1961  -.366  19
                        1962   .406  19
                        1963   .070  19
                        1964   .409  20
                        1965  1.125  23
                        1966   .094  24
                        1967 -1.736  25
                        1968 -1.106  25
                        1969  -.935  25

                        1970   .401  27
                        1971   .965  29
                        1972   .020  29
                        1973   .088  29
                        1974   .429  29
                        1975   .558  29
                        1976   .785  29
                        1977  1.019  29
                        1978   .681  29
                        1979   .035  29

                        1980 -1.587  29
                        1981  -.687  29
                        1982 -2.517  29
                        1983 -1.086  29
                        1984   .916  29
                        1985  -.580  29
                        1986   .267  29
                        1987  -.671  29
                        1988  -.068  29
                        1989   .734  29

                        1990   .161  29
                        1991   .664  29
                        1992   .550  29
                        1993   .018  29
  1944 -2.205   4       1994  1.557  29
  1945 -2.068  10       1995   .793  29
  1946 -1.631  15       1996   .742  29
  1947  -.506  15       1997  1.305  29
  1948  -.801  17       1998   .062  29
  1949 -1.017  17       1999 -1.396  29
------------------------------------------------------------------------------------------------------------------------------------
PART 4:  Master Bar Plot: cc                                                                       20:16  Tue 15 Nov 2011  Page   4
------------------------------------------------------------------------------------------------------------------------------------
   Year Rel value  Year Rel value  Year Rel value  Year Rel value  Year Rel value  Year Rel value  Year Rel value  Year Rel value
                   1950---a        2000---a
                   1951-----A      2001--c
                   1952---a        2002h
                   1953------B     2003----@
                   1954----------F 2004-----A
                   1955----------H 2005-------B
                   1956----------H 2006-------B
                   1957----------F 2007-------B
                   1958-----A      2008---------D
                   1959---b        2009-------B
                   1960-----A      2010-e
                   1961---a
                   1962------B
                   1963----@
                   1964------B
                   1965---------E
                   1966-----@
                   1967g
                   1968-d
                   1969-d
                   1970------B
                   1971---------D
                   1972----@
                   1973-----@
                   1974------B
                   1975-------B
                   1976--------C
                   1977---------D
                   1978--------C
                   1979----@
                   1980f
                   1981--c
                   1982j
                   1983-d
                   1984---------D
                   1985--b
                   1986-----A
                   1987--c
                   1988----@
                   1989--------C
                   1990-----A
                   1991--------C
                   1992-------B
                   1993----@
   1944i           1994----------F
   1945h           1995--------C
   1946g           1996--------C
   1947--b         1997----------E
   1948--c         1998----@
   1949-d          1999-f
PART 5:  CORRELATION OF SERIES BY SEGMENTS: cc                                                     20:16  Tue 15 Nov 2011  Page   5
------------------------------------------------------------------------------------------------------------------------------------
 Correlations of  50-year dated segments, lagged  25 years
 Flags:  A = correlation under   .3281 but highest as dated;  B = correlation higher at other than dated position

 Seq Series  Time_span   1925 1950 1975
                         1974 1999 2024
 --- -------- ---------  ---- ---- ---- ---- ---- ---- ---- ---- ---- ---- ---- ---- ---- ---- ---- ---- ---- ---- ---- ----
   1 CCL01A   1944 2008   .35  .35  .32A
   2 CCL01B   1945 2003   .31A .15B .17B
   3 CCL02A   1946 2010   .60  .68  .75
   4 CCL02B   1946 2010   .68  .73  .57
   5 CCL03A   1945 2010   .72  .62  .60
   6 CCL03B   1944 2010   .29B .35B .35
   7 CCL04A   1944 2009   .38B .38  .13B
   8 CCL04B   1945 2006   .53  .47  .31A
   9 CCL04C   1945 2010   .60  .42  .27A
  10 CCL05A   1946 2010   .75  .76  .81
  11 CCL05B   1946 2010   .72  .75  .82
  12 CCL06A   1945 2006   .53  .43  .18B
  13 CCL06B   1945 2009   .54  .44B .29B
  14 CCL07A   1948 2010   .68  .70  .71
  15 CCL07B   1948 2010   .76  .81  .86
  16 CCL08A   1946 2010   .54  .56  .63
  17 CCL08B   1944 2008   .10B-.09B-.20B
  18 CCL09A   1970 2009        .76
  19 CCL09B   1965 2009        .44
  20 CCL10A   1965 2007        .37
  21 CCL10B   1956 2010        .47  .52
  22 CCL11A   1964 2010        .63
  23 CCL11B   1957 2006        .33B
  24 CCL12A   1971 2003        .47B
  25 CCL12B   1967 2010        .48
  26 CCL13A   1965 2010        .30B
  27 CCL13B   1970 2010        .45
  28 CCL14A   1966 2010        .34
  29 CCL14B   1971 2009        .52
 Av segment correlation   .53  .49  .45
PART 6:  POTENTIAL PROBLEMS: cc                                                                    20:16  Tue 15 Nov 2011  Page   5
------------------------------------------------------------------------------------------------------------------------------------

 For each series with potential problems the following diagnostics may appear:

 [A] Correlations with master dating series of flagged  50-year segments of series filtered with  32-year spline,
     at every point from ten years earlier (-10) to ten years later (+10) than dated

 [B] Effect of those data values which most lower or raise correlation with master series
     Symbol following year indicates value in series is greater (>) or lesser (<) than master series value

 [C] Year-to-year changes very different from the mean change in other series

 [D] Absent rings (zero values)

 [E] Values which are statistical outliers from mean for the year
====================================================================================================================================

 CCL01A    1944 to  2008      65 years                                                                                    Series   1

 [A] Segment   High   -10   -9   -8   -7   -6   -5   -4   -3   -2   -1   +0   +1   +2   +3   +4   +5   +6   +7   +8   +9  +10
    ---------  ----   ---  ---  ---  ---  ---  ---  ---  ---  ---  ---  ---  ---  ---  ---  ---  ---  ---  ---  ---  ---  ---
    1959 2008    0    .02  .10  .19 -.06  .03 -.12 -.14  .24  .16  .13  .32* .00 -.17    -    -    -    -    -    -    -    -

 [B] Entire series, effect on correlation (  .344) is:
       Lower   1946> -.054   1999> -.026   1996< -.019   1980> -.019   1970< -.018   1971< -.017  Higher   1944  .035   1967  .026
     1959 to 2008 segment:
       Lower   1999> -.044   1980> -.033   1996< -.025   1970< -.024   1971< -.023   1972> -.019  Higher   1967  .039   1984  .032

 [E] Outliers     1   3.0 SD above or -4.5 SD below mean for year
       1946 +3.1 SD
====================================================================================================================================

 CCL01B    1945 to  2003      59 years                                                                                    Series   2

 [A] Segment   High   -10   -9   -8   -7   -6   -5   -4   -3   -2   -1   +0   +1   +2   +3   +4   +5   +6   +7   +8   +9  +10
    ---------  ----   ---  ---  ---  ---  ---  ---  ---  ---  ---  ---  ---  ---  ---  ---  ---  ---  ---  ---  ---  ---  ---
    1945 1994    0      -    -    -    -    -    -    -    -    -  .23  .31* .28  .18  .01  .10 -.10  .01  .03 -.18 -.10 -.34
    1950 1999   -2      -    -    -    - -.17 -.06 -.08  .10  .33* .05  .15| .19  .12 -.04  .07 -.07  .13  .11 -.08  .04 -.34
    1954 2003   -2   -.18 -.20 -.19 -.11 -.18 -.09 -.05  .12  .24* .02  .17| .13  .12  .03  .13 -.05  .11  .10    -    -    -

 [B] Entire series, effect on correlation (  .271) is:
       Lower   1967> -.059   1999> -.044   1978< -.039   1965< -.026   1984< -.024   2001> -.019  Higher   1945  .060   1946  .033
     1945 to 1994 segment:
       Lower   1967> -.079   1978< -.044   1965< -.029   1984< -.027   1972> -.021   1947> -.014  Higher   1945  .069   1946  .038
     1950 to 1999 segment:
       Lower   1967> -.077   1999> -.058   1965< -.030   1984< -.028   1978< -.026   1972> -.022  Higher   1955  .045   1998  .025
     1954 to 2003 segment:
       Lower   1967> -.065   1999> -.049   1978< -.036   1965< -.032   1984< -.030   2001> -.021  Higher   1955  .041   2002  .030

====================================================================================================================================

 CCL02A    1946 to  2010      65 years                                                                                    Series   3

 [B] Entire series, effect on correlation (  .670) is:
       Lower   1959< -.036   1948> -.031   1972> -.015   1949< -.012   1968> -.010   1966> -.009  Higher   2010  .022   1980  .020

====================================================================================================================================

 CCL02B    1946 to  2010      65 years                                                                                    Series   4

 [B] Entire series, effect on correlation (  .595) is:
       Lower   2002> -.052   2006< -.034   1948> -.025   1972> -.016   1961> -.015   1990> -.012  Higher   1967  .037   1980  .028

====================================================================================================================================

 CCL03A    1945 to  2010      66 years                                                                                    Series   5

 [B] Entire series, effect on correlation (  .617) is:
       Lower   1998< -.077   2001> -.019   2004< -.011   1971< -.011   1951< -.008   1961> -.007  Higher   2002  .018   1980  .016

====================================================================================================================================

 CCL03B    1944 to  2010      67 years                                                                                    Series   6

 [A] Segment   High   -10   -9   -8   -7   -6   -5   -4   -3   -2   -1   +0   +1   +2   +3   +4   +5   +6   +7   +8   +9  +10
    ---------  ----   ---  ---  ---  ---  ---  ---  ---  ---  ---  ---  ---  ---  ---  ---  ---  ---  ---  ---  ---  ---  ---
    1944 1993    1      -    -    -    -    -    -    -    -    -    -  .29| .43* .18  .17  .10 -.01  .10 -.08  .03  .02 -.13
    1950 1999    1      -    -    -    - -.16  .10 -.28 -.04 -.09 -.11  .35| .42* .06  .24  .16 -.15  .06 -.12 -.05  .05 -.12

 [B] Entire series, effect on correlation (  .403) is:
       Lower   1967> -.031   1963< -.024   1969> -.022   1945> -.017   1979< -.016   1980> -.013  Higher   1944  .026   2010  .026
     1944 to 1993 segment:
       Lower   1967> -.039   1963< -.034   1969> -.030   1979< -.021   1975< -.018   1957< -.014  Higher   1944  .055   1954  .041
     1950 to 1999 segment:
       Lower   1967> -.053   1969> -.036   1980> -.023   1982> -.022   1963< -.019   1972> -.015  Higher   1998  .032   1954  .031

 [C] Year-to-year changes diverging by over 4.0 std deviations:
       1966 1967   4.2 SD

 [E] Outliers     1   3.0 SD above or -4.5 SD below mean for year
       1963 -4.8 SD
====================================================================================================================================

 CCL04A    1944 to  2009      66 years                                                                                    Series   7

 [A] Segment   High   -10   -9   -8   -7   -6   -5   -4   -3   -2   -1   +0   +1   +2   +3   +4   +5   +6   +7   +8   +9  +10
    ---------  ----   ---  ---  ---  ---  ---  ---  ---  ---  ---  ---  ---  ---  ---  ---  ---  ---  ---  ---  ---  ---  ---
    1944 1993    1      -    -    -    -    -    -    -    -    -    -  .38| .43* .13 -.06 -.08  .01  .04 -.15 -.16 -.16 -.13
    1960 2009    1   -.03 -.03  .05  .30  .11 -.03  .05 -.13  .01  .10  .13| .30*   -    -    -    -    -    -    -    -    -

 [B] Entire series, effect on correlation (  .243) is:
       Lower   2009< -.041   1998> -.025   1984< -.025   1946> -.023   2002> -.023   2001> -.021  Higher   1944  .048   1967  .047
     1944 to 1993 segment:
       Lower   1984< -.040   1946> -.035   1945> -.035   1983> -.031   1947< -.027   1986< -.024  Higher   1944  .055   1967  .054
     1960 to 2009 segment:
       Lower   2009< -.043   1998> -.038   2002> -.033   1984< -.033   2001> -.031   1983> -.027  Higher   1967  .087   1980  .067

 [E] Outliers     1   3.0 SD above or -4.5 SD below mean for year
       1983 +3.2 SD
====================================================================================================================================

 CCL04B    1945 to  2006      62 years                                                                                    Series   8

 [A] Segment   High   -10   -9   -8   -7   -6   -5   -4   -3   -2   -1   +0   +1   +2   +3   +4   +5   +6   +7   +8   +9  +10
    ---------  ----   ---  ---  ---  ---  ---  ---  ---  ---  ---  ---  ---  ---  ---  ---  ---  ---  ---  ---  ---  ---  ---
    1957 2006    0    .00 -.07  .05  .13  .02  .07  .03 -.03  .01  .26  .31* .10  .05  .06 -.15    -    -    -    -    -    -

 [B] Entire series, effect on correlation (  .361) is:
       Lower   2002> -.047   2001> -.040   2003< -.025   1999> -.025   1956< -.024   1993> -.012  Higher   1967  .064   1980  .045
     1957 to 2006 segment:
       Lower   2002> -.062   2001> -.049   1999> -.032   2003< -.030   1982> -.016   1984< -.016  Higher   1967  .097   1980  .067

 [E] Outliers     2   3.0 SD above or -4.5 SD below mean for year
       1968 -4.5 SD;    2002 +3.2 SD
====================================================================================================================================

 CCL04C    1945 to  2010      66 years                                                                                    Series   9

 [A] Segment   High   -10   -9   -8   -7   -6   -5   -4   -3   -2   -1   +0   +1   +2   +3   +4   +5   +6   +7   +8   +9  +10
    ---------  ----   ---  ---  ---  ---  ---  ---  ---  ---  ---  ---  ---  ---  ---  ---  ---  ---  ---  ---  ---  ---  ---
    1961 2010    0   -.06  .16  .19  .01  .00  .07 -.05 -.16 -.27  .03  .27*   -    -    -    -    -    -    -    -    -    -

 [B] Entire series, effect on correlation (  .413) is:
       Lower   2002> -.055   1999> -.050   1994< -.027   2006< -.022   1997< -.018   1993> -.013  Higher   1967  .053   1945  .038
     1961 to 2010 segment:
       Lower   2002> -.069   1999> -.063   1994< -.031   2006< -.025   1997< -.021   1996< -.015  Higher   1967  .133   1984  .038

====================================================================================================================================

 CCL05A    1946 to  2010      65 years                                                                                    Series  10

 [B] Entire series, effect on correlation (  .779) is:
       Lower   1967> -.020   1998< -.011   1968> -.008   1960< -.008   1948> -.008   1955< -.008  Higher   1982  .028   2002  .019

====================================================================================================================================

 CCL05B    1946 to  2010      65 years                                                                                    Series  11

 [B] Entire series, effect on correlation (  .757) is:
       Lower   1962< -.030   1958> -.014   1955< -.013   1978> -.012   1948> -.012   1957< -.010  Higher   1982  .031   2002  .015

====================================================================================================================================

 CCL06A    1945 to  2006      62 years                                                                                    Series  12

 [A] Segment   High   -10   -9   -8   -7   -6   -5   -4   -3   -2   -1   +0   +1   +2   +3   +4   +5   +6   +7   +8   +9  +10
    ---------  ----   ---  ---  ---  ---  ---  ---  ---  ---  ---  ---  ---  ---  ---  ---  ---  ---  ---  ---  ---  ---  ---
    1957 2006    4   -.06 -.01  .12  .00 -.04  .06 -.21  .06  .03  .01  .18| .03  .11  .05  .22*   -    -    -    -    -    -

 [B] Entire series, effect on correlation (  .371) is:
       Lower   2002> -.083   1982> -.040   1978< -.022   1995< -.021   1946> -.014   2005< -.014  Higher   1945  .081   1994  .027
     1957 to 2006 segment:
       Lower   2002> -.106   1982> -.043   1995< -.025   1978< -.021   2005< -.018   1984< -.010  Higher   1994  .054   1965  .038

 [E] Outliers     1   3.0 SD above or -4.5 SD below mean for year
       2002 +3.5 SD
====================================================================================================================================

 CCL06B    1945 to  2009      65 years                                                                                    Series  13

 [A] Segment   High   -10   -9   -8   -7   -6   -5   -4   -3   -2   -1   +0   +1   +2   +3   +4   +5   +6   +7   +8   +9  +10
    ---------  ----   ---  ---  ---  ---  ---  ---  ---  ---  ---  ---  ---  ---  ---  ---  ---  ---  ---  ---  ---  ---  ---
    1950 1999    1      -    -    -    - -.04 -.05 -.01 -.20  .09  .11  .44| .46* .22  .08 -.08 -.11 -.07 -.13 -.13 -.08 -.33
    1960 2009    1   -.22 -.11  .01 -.05 -.01  .03  .01 -.17  .13  .02  .29| .38*   -    -    -    -    -    -    -    -    -

 [B] Entire series, effect on correlation (  .444) is:
       Lower   1984< -.051   2002> -.045   1999> -.036   1982> -.025   1985> -.023   1986< -.014  Higher   1945  .068   1980  .043
     1950 to 1999 segment:
       Lower   1984< -.073   1999> -.052   1982> -.034   1985> -.034   1972> -.019   1986< -.018  Higher   1980  .074   1967  .066
     1960 to 2009 segment:
       Lower   1984< -.070   2002> -.054   1999> -.046   1985> -.029   1982> -.023   1986< -.019  Higher   1980  .093   1967  .078

====================================================================================================================================

 CCL07A    1948 to  2010      63 years                                                                                    Series  14

 [B] Entire series, effect on correlation (  .708) is:
       Lower   1978< -.054   2007< -.022   1966> -.017   2001> -.009   1959> -.007   1968> -.006  Higher   2002  .033   1982  .020

====================================================================================================================================

 CCL07B    1948 to  2010      63 years                                                                                    Series  15

 [B] Entire series, effect on correlation (  .812) is:
       Lower   1948< -.019   1949> -.008   1968> -.008   1958> -.008   1995< -.008   1954< -.005  Higher   2002  .016   2010  .012

====================================================================================================================================

 CCL08A    1946 to  2010      65 years                                                                                    Series  16

 [B] Entire series, effect on correlation (  .635) is:
       Lower   1967> -.030   1958< -.026   1965< -.022   1966< -.014   2007< -.011   1959> -.008  Higher   2010  .026   1946  .020

====================================================================================================================================

 CCL08B    1944 to  2008      65 years                                                                                    Series  17

 [A] Segment   High   -10   -9   -8   -7   -6   -5   -4   -3   -2   -1   +0   +1   +2   +3   +4   +5   +6   +7   +8   +9  +10
    ---------  ----   ---  ---  ---  ---  ---  ---  ---  ---  ---  ---  ---  ---  ---  ---  ---  ---  ---  ---  ---  ---  ---
    1944 1993    2      -    -    -    -    -    -    -    -    -    -  .10| .13  .53* .46  .33  .10 -.20 -.24  .01 -.24 -.14
    1950 1999    2      -    -    -    -  .02  .06 -.02  .10 -.19  .02 -.09| .00  .53* .41  .25  .17 -.15 -.26  .03 -.22 -.06
    1959 2008    2   -.17 -.10 -.23 -.16  .12  .04 -.09 -.04 -.24  .06 -.20|-.06  .58*   -    -    -    -    -    -    -    -

 [B] Entire series, effect on correlation ( -.057) is:
       Lower   1964< -.037   2008< -.034   1997< -.029   2002> -.028   1982> -.018   2001> -.016  Higher   1944  .084   1980  .032
     1944 to 1993 segment:
       Lower   1964< -.093   1982> -.032   1955< -.028   1987> -.015   1963< -.013   1970< -.013  Higher   1944  .100   1980  .038
     1950 to 1999 segment:
       Lower   1997< -.039   1964< -.035   1982> -.022   1955< -.020   1987> -.016   1952> -.015  Higher   1980  .059   1954  .037
     1959 to 2008 segment:
       Lower   2008< -.039   1997< -.035   2002> -.031   1964< -.027   2001> -.020   1982> -.014  Higher   1980  .054   1989  .036

====================================================================================================================================

 CCL09A    1970 to  2009      40 years                                                                                    Series  18

 [B] Entire series, effect on correlation (  .763) is:
       Lower   2002> -.033   1998> -.027   1972< -.024   1985> -.015   1987> -.006   1997< -.006  Higher   1982  .064   1980  .018

====================================================================================================================================

 CCL09B    1965 to  2009      45 years                                                                                    Series  19

 [B] Entire series, effect on correlation (  .435) is:
       Lower   1965< -.119   1972< -.052   1967> -.036   1968> -.011   1997< -.010   1969> -.010  Higher   1980  .053   1999  .049

====================================================================================================================================

 CCL10A    1965 to  2007      43 years                                                                                    Series  20

 [B] Entire series, effect on correlation (  .371) is:
       Lower   2000< -.165   1977< -.035   1967> -.034   1999> -.034   1985> -.024   1966> -.014  Higher   1982  .127   1980  .061

 [C] Year-to-year changes diverging by over 4.0 std deviations:
       1999 2000  -4.1 SD

====================================================================================================================================

 CCL10B    1956 to  2010      55 years                                                                                    Series  21

 [B] Entire series, effect on correlation (  .478) is:
       Lower   2002> -.098   1956< -.027   1959> -.013   1991< -.012   1997< -.011   1957< -.010  Higher   1982  .082   1980  .032

 [D]    1 Absent rings:  Year   Master  N series Absent
                         2010   -1.356      16       1
  >> WARNING:  Last ring in series is ABSENT

====================================================================================================================================

 CCL11A    1964 to  2010      47 years                                                                                    Series  22

 [B] Entire series, effect on correlation (  .626) is:
       Lower   1980> -.036   2010> -.030   1991< -.019   1966> -.016   1970< -.015   1967> -.012  Higher   1982  .053   2002  .053

====================================================================================================================================

 CCL11B    1957 to  2006      50 years                                                                                    Series  23

 [A] Segment   High   -10   -9   -8   -7   -6   -5   -4   -3   -2   -1   +0   +1   +2   +3   +4   +5   +6   +7   +8   +9  +10
    ---------  ----   ---  ---  ---  ---  ---  ---  ---  ---  ---  ---  ---  ---  ---  ---  ---  ---  ---  ---  ---  ---  ---
    1957 2006   -2    .12  .04  .11 -.24  .00 -.03 -.20  .14  .36* .10  .33| .03 -.25  .14 -.26    -    -    -    -    -    -

 [B] Entire series, effect on correlation (  .334) is:
       Lower   2002> -.074   1980> -.042   1969< -.035   1970< -.022   1967> -.020   1959> -.019  Higher   1982  .101   1999  .034
     1957 to 2006 segment:
       Lower   2002> -.074   1980> -.042   1969< -.035   1970< -.022   1967> -.020   1959> -.019  Higher   1982  .101   1999  .034

====================================================================================================================================

 CCL12A    1971 to  2003      33 years                                                                                    Series  24

 [A] Segment   High   -10   -9   -8   -7   -6   -5   -4   -3   -2   -1   +0   +1   +2   +3   +4   +5   +6   +7   +8   +9  +10
    ---------  ----   ---  ---  ---  ---  ---  ---  ---  ---  ---  ---  ---  ---  ---  ---  ---  ---  ---  ---  ---  ---  ---
    1971 2003   -3    .00  .18 -.09 -.05 -.02  .10  .14  .48* .01  .02  .47|-.20 -.25 -.06 -.51 -.13 -.10 -.28    -    -    -

 [B] Entire series, effect on correlation (  .469) is:
       Lower   1980> -.085   1998> -.058   1978> -.026   1990< -.025   1977< -.023   1991< -.022  Higher   2002  .128   1982  .050
     1971 to 2003 segment:
       Lower   1980> -.085   1998> -.058   1978> -.026   1990< -.025   1977< -.023   1991< -.022  Higher   2002  .128   1982  .050

====================================================================================================================================

 CCL12B    1967 to  2010      44 years                                                                                    Series  25

 [B] Entire series, effect on correlation (  .481) is:
       Lower   1980> -.051   1998> -.040   1978< -.031   1985> -.020   1975< -.015   2010> -.015  Higher   2002  .086   1999  .036

====================================================================================================================================

 CCL13A    1965 to  2010      46 years                                                                                    Series  26

 [A] Segment   High   -10   -9   -8   -7   -6   -5   -4   -3   -2   -1   +0   +1   +2   +3   +4   +5   +6   +7   +8   +9  +10
    ---------  ----   ---  ---  ---  ---  ---  ---  ---  ---  ---  ---  ---  ---  ---  ---  ---  ---  ---  ---  ---  ---  ---
    1965 2010   -3   -.02 -.14 -.13 -.19 -.07  .01 -.07  .39* .23  .26  .30|   -    -    -    -    -    -    -    -    -    -

 [B] Entire series, effect on correlation (  .298) is:
       Lower   2010> -.071   1998> -.051   1980> -.051   1983< -.031   2002> -.028   1975< -.015  Higher   1982  .092   1999  .059
     1965 to 2010 segment:
       Lower   2010> -.071   1998> -.051   1980> -.051   1983< -.031   2002> -.028   1975< -.015  Higher   1982  .092   1999  .059

 [E] Outliers     1   3.0 SD above or -4.5 SD below mean for year
       2010 +3.1 SD
====================================================================================================================================

 CCL13B    1970 to  2010      41 years                                                                                    Series  27

 [B] Entire series, effect on correlation (  .450) is:
       Lower   1975< -.062   1998> -.047   1980> -.032   1982> -.032   1992< -.017   2009> -.015  Higher   2002  .128   2010  .038

====================================================================================================================================

 CCL14A    1966 to  2010      45 years                                                                                    Series  28

 [B] Entire series, effect on correlation (  .340) is:
       Lower   1980> -.070   1998> -.064   1992< -.033   1999> -.030   1973< -.018   2004< -.015  Higher   2002  .133   1982  .073

 [E] Outliers     1   3.0 SD above or -4.5 SD below mean for year
       1980 +3.1 SD
====================================================================================================================================

 CCL14B    1971 to  2009      39 years                                                                                    Series  29

 [B] Entire series, effect on correlation (  .519) is:
       Lower   1980> -.110   1998> -.059   1974< -.028   1975< -.017   1999> -.015   2004< -.012  Higher   2002  .117   1982  .071

 [E] Outliers     1   3.0 SD above or -4.5 SD below mean for year
       1980 +3.2 SD
====================================================================================================================================
PART 7:  DESCRIPTIVE STATISTICS: cc                                                                20:16  Tue 15 Nov 2011  Page   6
------------------------------------------------------------------------------------------------------------------------------------

                                                Corr   //-------- Unfiltered --------\\  //---- Filtered -----\\
                           No.    No.    No.    with   Mean   Max     Std   Auto   Mean   Max     Std   Auto  AR
 Seq Series   Interval   Years  Segmt  Flags   Master  msmt   msmt    dev   corr   sens  value    dev   corr  ()
 --- -------- ---------  -----  -----  -----   ------ -----  -----  -----  -----  -----  -----  -----  -----  --
   1 CCL01A   1944 2008     65      3      1    .344    .42   1.61   .400   .873   .453   2.73   .510   .081   1
   2 CCL01B   1945 2003     59      3      3    .271    .54   1.70   .481   .916   .310   2.67   .564  -.038   2
   3 CCL02A   1946 2010     65      3      0    .670    .47   1.09   .273   .736   .487   2.73   .586  -.035   1
   4 CCL02B   1946 2010     65      3      0    .595    .40   1.00   .224   .764   .406   2.63   .507  -.004   1
   5 CCL03A   1945 2010     66      3      0    .617    .53   1.49   .352   .823   .372   2.67   .396  -.064   1
   6 CCL03B   1944 2010     67      3      2    .403    .49   1.54   .310   .730   .428   2.66   .468  -.055   1
   7 CCL04A   1944 2009     66      3      2    .243    .49   1.52   .440   .906   .409   2.85   .586   .087   1
   8 CCL04B   1945 2006     62      3      1    .361    .51   2.13   .480   .876   .460   3.01   .583   .157   1
   9 CCL04C   1945 2010     66      3      1    .413    .45   1.59   .403   .901   .408   2.72   .400   .042   1
  10 CCL05A   1946 2010     65      3      0    .779    .67   1.53   .278   .453   .358   2.78   .550   .051   1
  11 CCL05B   1946 2010     65      3      0    .757    .62   1.35   .283   .560   .386   2.79   .559   .048   1
  12 CCL06A   1945 2006     62      3      1    .371    .44   1.42   .322   .786   .349   2.83   .489  -.037   1
  13 CCL06B   1945 2009     65      3      2    .444    .49   1.67   .417   .895   .360   2.60   .493   .072   2
  14 CCL07A   1948 2010     63      3      0    .708    .75   1.39   .312   .648   .312   2.62   .575  -.066   1
  15 CCL07B   1948 2010     63      3      0    .812    .84   1.56   .328   .473   .323   2.65   .492   .049   1
  16 CCL08A   1946 2010     65      3      0    .635   1.18   2.92   .659   .691   .372   2.75   .653   .017   1
  17 CCL08B   1944 2008     65      3      3   -.057    .94   2.44   .463   .642   .337   2.82   .476   .109   1
  18 CCL09A   1970 2009     40      1      0    .763   1.50   2.90   .547   .764   .213   2.41   .508  -.009   1
  19 CCL09B   1965 2009     45      1      0    .435   1.64   2.87   .672   .846   .222   2.60   .540   .031   2
  20 CCL10A   1965 2007     43      1      0    .371   1.51   4.49   .964   .921   .232   2.52   .474  -.070   1
  21 CCL10B   1956 2010     55      2      0    .478   1.46   3.75   .927   .914   .282   2.50   .408  -.040   1
  22 CCL11A   1964 2010     47      1      0    .626   1.98   4.11   .930   .847   .263   2.66   .517   .014   1
  23 CCL11B   1957 2006     50      1      1    .334   1.71   2.86   .583   .741   .212   2.64   .493  -.003   1
  24 CCL12A   1971 2003     33      1      1    .469   2.05   3.64   .635   .149   .272   2.70   .585  -.025   1
  25 CCL12B   1967 2010     44      1      0    .481   2.47   3.53   .574   .544   .176   2.44   .434   .016   1
  26 CCL13A   1965 2010     46      1      1    .298   1.91   3.18   .416   .662   .129   2.62   .577   .038   1
  27 CCL13B   1970 2010     41      1      0    .450   1.90   3.01   .368   .216   .169   2.51   .439   .021   1
  28 CCL14A   1966 2010     45      1      0    .340   2.07   3.18   .487   .524   .188   2.59   .459  -.008   1
  29 CCL14B   1971 2009     39      1      0    .519   2.11   3.40   .469   .453   .193   2.53   .420   .028   1
 --- -------- ---------  -----  -----  -----   ------ -----  -----  -----  -----  -----  -----  -----  -----  --
 Total or mean:           1622     64     19    .482   1.01   4.49   .463   .715   .329   3.01   .510   .016
PART 8:  ADJUSTMENTS FOR UNDATED SERIES: cc                                                        20:16  Tue 15 Nov 2011  Page   7
------------------------------------------------------------------------------------------------------------------------------------

 Time span  1944  2010    67 years, best matches for  50-year segments lagged  25 years
 Listed in order from highest correlation

           Counted       Corr      Corr      Corr      Corr      Corr      Corr      Corr      Corr      Corr      Corr      Corr
 Series    Segment   Add  # 1  Add  # 2  Add  # 3  Add  # 4  Add  # 5  Add  # 6  Add  # 7  Add  # 8  Add  # 9  Add  #10  Add  #11
 -------- ---------  --------  --------  --------  --------  --------  --------  --------  --------  --------  --------  --------
 CCD01A   1957 2002     5 .23     0 .23    -3 .20     1 .17    -1 .14     4 .10     8 .09    -2 .06    -4 .05    -9 .01     3 .00
===================  ========  ========  ========  ========  ========  ========  ========  ========  ========  ========  ========
           Counted       Corr      Corr      Corr      Corr      Corr      Corr      Corr      Corr      Corr      Corr      Corr
 Series    Segment   Add  # 1  Add  # 2  Add  # 3  Add  # 4  Add  # 5  Add  # 6  Add  # 7  Add  # 8  Add  # 9  Add  #10  Add  #11
 -------- ---------  --------  --------  --------  --------  --------  --------  --------  --------  --------  --------  --------
 CCD01B   1964 2001     0 .42   -15 .28   -18 .27     3 .24     5 .20    -3 .12   -13 .12   -14 .11    -1 .10     2 .10     1 .10
===================  ========  ========  ========  ========  ========  ========  ========  ========  ========  ========  ========
           Counted       Corr      Corr      Corr      Corr      Corr      Corr      Corr      Corr      Corr      Corr      Corr
 Series    Segment   Add  # 1  Add  # 2  Add  # 3  Add  # 4  Add  # 5  Add  # 6  Add  # 7  Add  # 8  Add  # 9  Add  #10  Add  #11
 -------- ---------  --------  --------  --------  --------  --------  --------  --------  --------  --------  --------  --------
 CCD02A   1947 1981     0 .48     2 .44    -1 .34    18 .33    21 .29     3 .25    16 .25     5 .25    22 .21    19 .16     1 .15
===================  ========  ========  ========  ========  ========  ========  ========  ========  ========  ========  ========
           Counted       Corr      Corr      Corr      Corr      Corr      Corr      Corr      Corr      Corr      Corr      Corr
 Series    Segment   Add  # 1  Add  # 2  Add  # 3  Add  # 4  Add  # 5  Add  # 6  Add  # 7  Add  # 8  Add  # 9  Add  #10  Add  #11
 -------- ---------  --------  --------  --------  --------  --------  --------  --------  --------  --------  --------  --------
 CCD02B   1947 1981     0 .46    21 .46     2 .40    19 .34     5 .33    18 .24    20 .23    -1 .21    22 .17    -2 .16    -3 .12
===================  ========  ========  ========  ========  ========  ========  ========  ========  ========  ========  ========
           Counted       Corr      Corr      Corr      Corr      Corr      Corr      Corr      Corr      Corr      Corr      Corr
 Series    Segment   Add  # 1  Add  # 2  Add  # 3  Add  # 4  Add  # 5  Add  # 6  Add  # 7  Add  # 8  Add  # 9  Add  #10  Add  #11
 -------- ---------  --------  --------  --------  --------  --------  --------  --------  --------  --------  --------  --------
 CCD03A   1949 1989    18 .39     0 .36    -1 .34    -3 .23    19 .20     2 .19     8 .18    15 .11    21 .11    -4 .09     9 .07
===================  ========  ========  ========  ========  ========  ========  ========  ========  ========  ========  ========
           Counted       Corr      Corr      Corr      Corr      Corr      Corr      Corr      Corr      Corr      Corr      Corr
 Series    Segment   Add  # 1  Add  # 2  Add  # 3  Add  # 4  Add  # 5  Add  # 6  Add  # 7  Add  # 8  Add  # 9  Add  #10  Add  #11
 -------- ---------  --------  --------  --------  --------  --------  --------  --------  --------  --------  --------  --------
 CCD03B   1949 1993     0 .38    -1 .24    -4 .19     1 .19    -3 .19     2 .14     5 .06    16 .06     3 .05     4 .02    15 .01
===================  ========  ========  ========  ========  ========  ========  ========  ========  ========  ========  ========
           Counted       Corr      Corr      Corr      Corr      Corr      Corr      Corr      Corr      Corr      Corr      Corr
 Series    Segment   Add  # 1  Add  # 2  Add  # 3  Add  # 4  Add  # 5  Add  # 6  Add  # 7  Add  # 8  Add  # 9  Add  #10  Add  #11
 -------- ---------  --------  --------  --------  --------  --------  --------  --------  --------  --------  --------  --------
 CCD04A   1945 1981     0 .74    -1 .44    21 .40     1 .40     2 .33    18 .21    22 .21    13 .18    15 .13    23 .10    16 .09
===================  ========  ========  ========  ========  ========  ========  ========  ========  ========  ========  ========
           Counted       Corr      Corr      Corr      Corr      Corr      Corr      Corr      Corr      Corr      Corr      Corr
 Series    Segment   Add  # 1  Add  # 2  Add  # 3  Add  # 4  Add  # 5  Add  # 6  Add  # 7  Add  # 8  Add  # 9  Add  #10  Add  #11
 -------- ---------  --------  --------  --------  --------  --------  --------  --------  --------  --------  --------  --------
 CCD04B   1945 1981     3 .54     0 .49    21 .40    16 .30     2 .28     1 .27    18 .24    23 .20    19 .19    24 .16    22 .15
===================  ========  ========  ========  ========  ========  ========  ========  ========  ========  ========  ========
           Counted       Corr      Corr      Corr      Corr      Corr      Corr      Corr      Corr      Corr      Corr      Corr
 Series    Segment   Add  # 1  Add  # 2  Add  # 3  Add  # 4  Add  # 5  Add  # 6  Add  # 7  Add  # 8  Add  # 9  Add  #10  Add  #11
 -------- ---------  --------  --------  --------  --------  --------  --------  --------  --------  --------  --------  --------
 CCD05A   1969 2004     0 .31    -6 .21   -16 .20   -21 .19   -22 .18    -5 .16    -1 .16    -2 .15    -3 .15   -11 .09   -15 .09
===================  ========  ========  ========  ========  ========  ========  ========  ========  ========  ========  ========
           Counted       Corr      Corr      Corr      Corr      Corr      Corr      Corr      Corr      Corr      Corr      Corr
 Series    Segment   Add  # 1  Add  # 2  Add  # 3  Add  # 4  Add  # 5  Add  # 6  Add  # 7  Add  # 8  Add  # 9  Add  #10  Add  #11
 -------- ---------  --------  --------  --------  --------  --------  --------  --------  --------  --------  --------  --------
 CCD05B   1964 2004   -10 .26     0 .22   -11 .21     3 .17    -2 .14    -8 .13    -5 .13   -19 .11     1 .08    -1 .05    -3 .03
===================  ========  ========  ========  ========  ========  ========  ========  ========  ========  ========  ========
           Counted       Corr      Corr      Corr      Corr      Corr      Corr      Corr      Corr      Corr      Corr      Corr
 Series    Segment   Add  # 1  Add  # 2  Add  # 3  Add  # 4  Add  # 5  Add  # 6  Add  # 7  Add  # 8  Add  # 9  Add  #10  Add  #11
 -------- ---------  --------  --------  --------  --------  --------  --------  --------  --------  --------  --------  --------
 CCD06A   1947 1996     0 .46     5 .23     8 .19    -3 .15    -2 .13     1 .12    -1 .10     3 .08   --- ---   --- ---   --- ---
 CCD06A   1948 1997  Lag from prior segment   1 years; insufficient
===================  ========  ========  ========  ========  ========  ========  ========  ========  ========  ========  ========
           Counted       Corr      Corr      Corr      Corr      Corr      Corr      Corr      Corr      Corr      Corr      Corr
 Series    Segment   Add  # 1  Add  # 2  Add  # 3  Add  # 4  Add  # 5  Add  # 6  Add  # 7  Add  # 8  Add  # 9  Add  #10  Add  #11
 -------- ---------  --------  --------  --------  --------  --------  --------  --------  --------  --------  --------  --------
 CCD06B   1946 1987     0 .37    21 .23    16 .20    13 .19     2 .16     9 .14     1 .14    15 .13    18 .11     3 .08    20 .06
===================  ========  ========  ========  ========  ========  ========  ========  ========  ========  ========  ========
           Counted       Corr      Corr      Corr      Corr      Corr      Corr      Corr      Corr      Corr      Corr      Corr
 Series    Segment   Add  # 1  Add  # 2  Add  # 3  Add  # 4  Add  # 5  Add  # 6  Add  # 7  Add  # 8  Add  # 9  Add  #10  Add  #11
 -------- ---------  --------  --------  --------  --------  --------  --------  --------  --------  --------  --------  --------
 CCD07A   1947 1983     9 .36    26 .27     0 .23     6 .20     7 .19    20 .16    14 .11    25 .10    22 .10     5 .07    12 .06
===================  ========  ========  ========  ========  ========  ========  ========  ========  ========  ========  ========
           Counted       Corr      Corr      Corr      Corr      Corr      Corr      Corr      Corr      Corr      Corr      Corr
 Series    Segment   Add  # 1  Add  # 2  Add  # 3  Add  # 4  Add  # 5  Add  # 6  Add  # 7  Add  # 8  Add  # 9  Add  #10  Add  #11
 -------- ---------  --------  --------  --------  --------  --------  --------  --------  --------  --------  --------  --------
 CCD07B   1948 1982    -4 .40    -3 .38    19 .34     0 .32    -2 .21    15 .14     1 .13     9 .09    14 .06    13 .06    -1 .06
===================  ========  ========  ========  ========  ========  ========  ========  ========  ========  ========  ========
           Counted       Corr      Corr      Corr      Corr      Corr      Corr      Corr      Corr      Corr      Corr      Corr
 Series    Segment   Add  # 1  Add  # 2  Add  # 3  Add  # 4  Add  # 5  Add  # 6  Add  # 7  Add  # 8  Add  # 9  Add  #10  Add  #11
 -------- ---------  --------  --------  --------  --------  --------  --------  --------  --------  --------  --------  --------
 CCD08A   1960 1992    10 .34     0 .33   -10 .25    11 .25    -9 .21     8 .20   -11 .18    12 .18    13 .16     5 .12    -1 .07
===================  ========  ========  ========  ========  ========  ========  ========  ========  ========  ========  ========
           Counted       Corr      Corr      Corr      Corr      Corr      Corr      Corr      Corr      Corr      Corr      Corr
 Series    Segment   Add  # 1  Add  # 2  Add  # 3  Add  # 4  Add  # 5  Add  # 6  Add  # 7  Add  # 8  Add  # 9  Add  #10  Add  #11
 -------- ---------  --------  --------  --------  --------  --------  --------  --------  --------  --------  --------  --------
 CCD08B   1959 1992   -11 .31    18 .28     8 .26    13 .23     0 .21    -2 .21     6 .20   -10 .19    11 .17    -1 .13     7 .09
===================  ========  ========  ========  ========  ========  ========  ========  ========  ========  ========  ========
           Counted       Corr      Corr      Corr      Corr      Corr      Corr      Corr      Corr      Corr      Corr      Corr
 Series    Segment   Add  # 1  Add  # 2  Add  # 3  Add  # 4  Add  # 5  Add  # 6  Add  # 7  Add  # 8  Add  # 9  Add  #10  Add  #11
 -------- ---------  --------  --------  --------  --------  --------  --------  --------  --------  --------  --------  --------
 CCD09A   1946 1978     0 .43    20 .35    15 .33    30 .30    -1 .26    29 .23    32 .21    18 .21    13 .16    31 .12    -2 .10
===================  ========  ========  ========  ========  ========  ========  ========  ========  ========  ========  ========
           Counted       Corr      Corr      Corr      Corr      Corr      Corr      Corr      Corr      Corr      Corr      Corr
 Series    Segment   Add  # 1  Add  # 2  Add  # 3  Add  # 4  Add  # 5  Add  # 6  Add  # 7  Add  # 8  Add  # 9  Add  #10  Add  #11
 -------- ---------  --------  --------  --------  --------  --------  --------  --------  --------  --------  --------  --------
 CCD09B   1946 1978     0 .50     1 .33    31 .32    -1 .30    21 .24    18 .19    16 .18    -2 .18    15 .16    11 .12    20 .11
===================  ========  ========  ========  ========  ========  ========  ========  ========  ========  ========  ========
           Counted       Corr      Corr      Corr      Corr      Corr      Corr      Corr      Corr      Corr      Corr      Corr
 Series    Segment   Add  # 1  Add  # 2  Add  # 3  Add  # 4  Add  # 5  Add  # 6  Add  # 7  Add  # 8  Add  # 9  Add  #10  Add  #11
 -------- ---------  --------  --------  --------  --------  --------  --------  --------  --------  --------  --------  --------
 CCD10A   1944 1993     0 .61     1 .21     2 .21    15 .15     7 .03    14 .03     5 .02    16 .00   --- ---   --- ---   --- ---
 CCD10A   1952 2001  Lag from prior segment   8 years; insufficient
===================  ========  ========  ========  ========  ========  ========  ========  ========  ========  ========  ========
           Counted       Corr      Corr      Corr      Corr      Corr      Corr      Corr      Corr      Corr      Corr      Corr
 Series    Segment   Add  # 1  Add  # 2  Add  # 3  Add  # 4  Add  # 5  Add  # 6  Add  # 7  Add  # 8  Add  # 9  Add  #10  Add  #11
 -------- ---------  --------  --------  --------  --------  --------  --------  --------  --------  --------  --------  --------
 CCD10B   1945 1994     0 .57     2 .20    -1 .20     3 .14     8 .06     1 .01   --- ---   --- ---   --- ---   --- ---   --- ---
 CCD10B   1951 2000  Lag from prior segment   6 years; insufficient
===================  ========  ========  ========  ========  ========  ========  ========  ========  ========  ========  ========
           Counted       Corr      Corr      Corr      Corr      Corr      Corr      Corr      Corr      Corr      Corr      Corr
 Series    Segment   Add  # 1  Add  # 2  Add  # 3  Add  # 4  Add  # 5  Add  # 6  Add  # 7  Add  # 8  Add  # 9  Add  #10  Add  #11
 -------- ---------  --------  --------  --------  --------  --------  --------  --------  --------  --------  --------  --------
 CCD11A   1944 1979     0 .53    24 .33    20 .31     1 .31     2 .29    21 .26     4 .25    15 .24     9 .23    23 .13    22 .09
===================  ========  ========  ========  ========  ========  ========  ========  ========  ========  ========  ========
           Counted       Corr      Corr      Corr      Corr      Corr      Corr      Corr      Corr      Corr      Corr      Corr
 Series    Segment   Add  # 1  Add  # 2  Add  # 3  Add  # 4  Add  # 5  Add  # 6  Add  # 7  Add  # 8  Add  # 9  Add  #10  Add  #11
 -------- ---------  --------  --------  --------  --------  --------  --------  --------  --------  --------  --------  --------
 CCD11B   1944 1979     0 .44    31 .32    15 .29    12 .23     1 .22    14 .19    29 .16    28 .14     9 .11    22 .10    20 .09
===================  ========  ========  ========  ========  ========  ========  ========  ========  ========  ========  ========
       22 undated series

                                              - = [  COFECHA CC   COF  ] = -
