[]  Dendrochronology Program Library                                        Run MM     Program COF  22:12  Thu 08 Feb 2012  Page   1
[]
[]  P R O G R A M      C O F E C H A                                                                          Version 6.06P    28165
------------------------------------------------------------------------------------------------------------------------------------

 QUALITY CONTROL AND DATING CHECK OF TREE-RING MEASUREMENTS

 Title of run:           mm                                      

 File of DATED series:   MML.raw

 CONTENTS:

    Part 1:  Title page, options selected, summary, absent rings by series
    Part 2:  Histogram of time spans
    Part 3:  Master series with sample depth and absent rings by year
    Part 4:  Bar plot of Master Dating Series
    Part 5:  Correlation by segment of each series with Master
    Part 6:  Potential problems: low correlation, divergent year-to-year changes, absent rings, outliers
    Part 7:  Descriptive statistics

 RUN CONTROL OPTIONS SELECTED                             VALUE

         1  Cubic smoothing spline 50% wavelength cutoff for filtering
                                                            32 years
         2  Segments examined are                           50 years lagged successively by  25 years
         3  Autoregressive model applied                     A  Residuals are used in master dating series and testing
         4  Series transformed to logarithms                 Y  Each series log-transformed for master dating series and testing
         5  CORRELATION is Pearson (parametric, quantitative)
            Critical correlation, 99% confidence level   .3281
         6  Master dating series saved                       N
         7  Ring measurements listed                         N
         8  Parts printed                              1234567 
         9  Absent rings are omitted from master series and segment correlations  (Y)

 Time span of Master dating series is  1905 to  2010   106 years
 Continuous time span is               1905 to  2010   106 years
 Portion with two or more series is    1912 to  2010    99 years


                                        ****************************************
                                        *C* Number of dated series        26 *C*
                                        *O* Master series 1905 2010  106 yrs *O*
                                        *F* Total rings in all series   1460 *F*
                                        *E* Total dated rings checked   1453 *E*
                                        *C* Series intercorrelation     .476 *C*
                                        *H* Average mean sensitivity    .211 *H*
                                        *A* Segments, possible problems    5 *A*
                                        *** Mean length of series       56.2 ***
                                        ****************************************

 ABSENT RINGS listed by SERIES:            (See Master Dating Series for absent rings listed by year)

               No ring measurements of zero value
PART 2:  TIME PLOT OF TREE-RING SERIES: mm                                                         22:12  Thu 08 Feb 2012  Page   2
------------------------------------------------------------------------------------------------------------------------------------
 1050 1100 1150 1200 1250 1300 1350 1400 1450 1500 1550 1600 1650 1700 1750 1800 1850 1900 1950 2000 2050 Ident   Seq Time-span  Yrs
   :    :    :    :    :    :    :    :    :    :    :    :    :    :    :    :    :    :    :    :    : -------- --- ---- ---- ----
   .    .    .    .    .    .    .    .    .    .    .    .    .    .    .    .    .    .    . <===>   . MML01A     1 1970 2010   41
   .    .    .    .    .    .    .    .    .    .    .    .    .    .    .    .    .    .    . <===>   . MML01B     2 1970 2010   41
   .    .    .    .    .    .    .    .    .    .    .    .    .    .    .    .    .    .    . <===>   . MML02A     3 1970 2010   41
   .    .    .    .    .    .    .    .    .    .    .    .    .    .    .    .    .    .    . <===>   . MML02B     4 1970 2010   41
   .    .    .    .    .    .    .    .    .    .    .    .    .    .    .    .    .    .    . <===>   . MML03A     5 1971 2010   40
   .    .    .    .    .    .    .    .    .    .    .    .    .    .    .    .    .    .    . <===>   . MML03B     6 1971 2010   40
   .    .    .    .    .    .    .    .    .    .    .    .    .    .    .    .    .    .    . <===>   . MML04A     7 1970 2010   41
   .    .    .    .    .    .    .    .    .    .    .    .    .    .    .    .    .    .    .<====>   . MML04B     8 1969 2010   42
   .    .    .    .    .    .    .    .    .    .    .    .    .    .    .    .    .    .    . <===>   . MML05A     9 1970 2010   41
   .    .    .    .    .    .    .    .    .    .    .    .    .    .    .    .    .    .    . <===>   . MML05B    10 1970 2010   41
   .    .    .    .    .    .    .    .    .    .    .    .    .    .    .    .    .    .    . <===>   . MML06A    11 1970 2010   41
   .    .    .    .    .    .    .    .    .    .    .    .    .    .    .    .    .    .    . <===>   . MML06B    12 1970 2010   41
   .    .    .    .    .    .    .    .    .    .    .    .    .    .    .    .    .    .    . <===>   . MML07A    13 1971 2010   40
   .    .    .    .    .    .    .    .    .    .    .    .    .    .    .    .    .    .    . <===>   . MML07B    14 1971 2010   40
   .    .    .    .    .    .    .    .    .    .    .    .    .    .    .    .    .    .    .<====>   . MML08A    15 1967 2010   44
   .    .    .    .    .    .    .    .    .    .    .    .    .    .    .    .    .    .    .<====>   . MML08B    16 1967 2010   44
   .    .    .    .    .    .    .    .    .    .    .    .    .    .    .    .    .    . <========>   . MML09A    17 1920 2010   91
   .    .    .    .    .    .    .    .    .    .    .    .    .    .    .    .    .    .    <====>    . MML09B    18 1953 2009   57
   .    .    .    .    .    .    .    .    .    .    .    .    .    .    .    .    .    .   <======>   . MML10A    19 1945 2010   66
   .    .    .    .    .    .    .    .    .    .    .    .    .    .    .    .    .    .  <=======>   . MML10B    20 1938 2010   73
   .    .    .    .    .    .    .    .    .    .    .    .    .    .    .    .    .    .<=========>   . MML12A    21 1912 2010   99
   .    .    .    .    .    .    .    .    .    .    .    .    .    .    .    .    .    .    .<====>   . MML12B    22 1963 2010   48
   .    .    .    .    .    .    .    .    .    .    .    .    .    .    .    .    .    .<=========>   . MML13A    23 1913 2010   98
   .    .    .    .    .    .    .    .    .    .    .    .    .    .    .    .    .    <==========>   . MML13B    24 1905 2010  106
   .    .    .    .    .    .    .    .    .    .    .    .    .    .    .    .    .    . <========>   . MML14A    25 1921 2010   90
   .    .    .    .    .    .    .    .    .    .    .    .    .    .    .    .    .    .  <=======>   . MML14B    26 1938 2010   73
   :    :    :    :    :    :    :    :    :    :    :    :    :    :    :    :    :    :    :    :    :
 1050 1100 1150 1200 1250 1300 1350 1400 1450 1500 1550 1600 1650 1700 1750 1800 1850 1900 1950 2000 2050
PART 3:  Master Dating Series: mm                                                                  22:12  Thu 08 Feb 2012  Page   3
------------------------------------------------------------------------------------------------------------------------------------
  Year  Value  No Ab    Year  Value  No Ab    Year  Value  No Ab    Year  Value  No Ab    Year  Value  No Ab    Year  Value  No Ab
  ------------------    ------------------    ------------------    ------------------    ------------------    ------------------
                        1950   .347   8       2000  1.198  26
                        1951   .664   8       2001  -.551  26
                        1952   .117   8       2002 -1.766  26
                        1953   .209   9       2003  -.240  26
                        1954   .167   9       2004 -1.129  26
  1905  -.760   1       1955  -.008   9       2005  -.426  26
  1906   .897   1       1956   .154   9       2006  -.379  26
  1907  2.476   1       1957 -1.231   9       2007   .278  26
  1908  1.712   1       1958 -1.080   9       2008  -.886  26
  1909   .312   1       1959 -4.058   9       2009  1.344  26

  1910 -1.085   1       1960  -.286   9       2010  -.781  25
  1911   .465   1       1961  -.131   9
  1912   .628   2       1962 -1.261   9
  1913  -.195   3       1963  -.363  10
  1914 -1.375   3       1964   .966  10
  1915   .085   3       1965  1.791  10
  1916  -.547   3       1966  1.683  10
  1917  -.444   3       1967  1.369  12
  1918   .321   3       1968   .724  12
  1919  -.366   3       1969  -.338  13

  1920  -.741   4       1970 -1.264  22
  1921   .774   5       1971  -.232  26
  1922 -1.449   5       1972 -1.308  26
  1923  1.592   5       1973  -.820  26
  1924 -2.088   5       1974  -.167  26
  1925   .575   5       1975  -.254  26
  1926  -.390   5       1976  -.419  26
  1927   .797   5       1977   .710  26
  1928   .511   5       1978  1.265  26
  1929   .290   5       1979   .729  26

  1930   .913   5       1980  1.211  26
  1931   .034   5       1981   .258  26
  1932  -.360   5       1982   .427  26
  1933  -.833   5       1983   .699  26
  1934 -1.867   5       1984  -.121  26
  1935   .494   5       1985  -.671  26
  1936  -.012   5       1986  -.405  26
  1937  -.090   5       1987 -1.322  26
  1938  1.094   7       1988 -1.254  26
  1939  2.114   7       1989  1.417  26

  1940  1.099   7       1990 -1.653  26
  1941   .339   7       1991  1.179  26
  1942   .355   7       1992   .024  26
  1943  -.524   7       1993  -.861  26
  1944  -.432   7       1994   .558  26
  1945 -1.130   8       1995  -.187  26
  1946  -.513   8       1996  -.225  26
  1947   .338   8       1997  1.081  26
  1948   .056   8       1998   .996  26
  1949   .333   8       1999  1.105  26
------------------------------------------------------------------------------------------------------------------------------------
PART 4:  Master Bar Plot: mm                                                                       22:12  Thu 08 Feb 2012  Page   4
------------------------------------------------------------------------------------------------------------------------------------
   Year Rel value  Year Rel value  Year Rel value  Year Rel value  Year Rel value  Year Rel value  Year Rel value  Year Rel value
                   1950------A     2000---------E
                   1951--------C   2001--b
                   1952-----@      2002g
                   1953------A     2003----a
                   1954------A     2004-e
   1905--c         1955-----@      2005---b
   1906--------D   1956-----A      2006---b
   1907----------J 1957-e          2007------A
   1908----------G 1958-d          2008--d
   1909------A     1959p           2009---------E
   1910-d          1960----a       2010--c
   1911-------B    1961----a
   1912--------C   1962-e
   1913----a       1963---a
   1914e           1964---------D
   1915-----@      1965----------G
   1916--b         1966----------G
   1917---b        1967---------E
   1918------A     1968--------C
   1919---a        1969---a
   1920--c         1970-e
   1921--------C   1971----a
   1922f           1972e
   1923----------F 1973--c
   1924h           1974----a
   1925-------B    1975----a
   1926---b        1976---b
   1927--------C   1977--------C
   1928-------B    1978---------E
   1929------A     1979--------C
   1930--------D   1980---------E
   1931-----@      1981------A
   1932---a        1982-------B
   1933--c         1983--------C
   1934g           1984----@
   1935-------B    1985--c
   1936-----@      1986---b
   1937-----@      1987e
   1938---------D  1988-e
   1939----------H 1989----------F
   1940---------D  1990g
   1941------A     1991---------E
   1942------A     1992-----@
   1943---b        1993--c
   1944---b        1994-------B
   1945-e          1995----a
   1946---b        1996----a
   1947------A     1997---------D
   1948-----@      1998---------D
   1949------A     1999---------D
PART 5:  CORRELATION OF SERIES BY SEGMENTS: mm                                                     22:12  Thu 08 Feb 2012  Page   5
------------------------------------------------------------------------------------------------------------------------------------
 Correlations of  50-year dated segments, lagged  25 years
 Flags:  A = correlation under   .3281 but highest as dated;  B = correlation higher at other than dated position

 Seq Series  Time_span   1900 1925 1950 1975
                         1949 1974 1999 2024
 --- -------- ---------  ---- ---- ---- ---- ---- ---- ---- ---- ---- ---- ---- ---- ---- ---- ---- ---- ---- ---- ---- ----
   1 MML01A   1970 2010             .33B
   2 MML01B   1970 2010             .63
   3 MML02A   1970 2010             .63
   4 MML02B   1970 2010             .68
   5 MML03A   1971 2010             .44
   6 MML03B   1971 2010             .58
   7 MML04A   1970 2010             .54
   8 MML04B   1969 2010             .63
   9 MML05A   1970 2010             .37
  10 MML05B   1970 2010             .57
  11 MML06A   1970 2010             .31A
  12 MML06B   1970 2010             .39
  13 MML07A   1971 2010             .43
  14 MML07B   1971 2010             .51
  15 MML08A   1967 2010             .21A
  16 MML08B   1967 2010             .31A
  17 MML09A   1920 2010   .58  .44  .68  .58
  18 MML09B   1953 2009             .51  .52
  19 MML10A   1945 2010        .45  .60  .42
  20 MML10B   1938 2010        .39  .61  .60
  21 MML12A   1912 2010   .34  .57  .70  .61
  22 MML12B   1963 2010             .52
  23 MML13A   1913 2010   .51  .50  .46  .31B
  24 MML13B   1905 2010   .46  .44  .48  .45
  25 MML14A   1921 2010   .49  .49  .60  .33
  26 MML14B   1938 2010        .55  .68  .51
 Av segment correlation   .48  .48  .52  .48
PART 6:  POTENTIAL PROBLEMS: mm                                                                    22:12  Thu 08 Feb 2012  Page   5
------------------------------------------------------------------------------------------------------------------------------------

 For each series with potential problems the following diagnostics may appear:

 [A] Correlations with master dating series of flagged  50-year segments of series filtered with  32-year spline,
     at every point from ten years earlier (-10) to ten years later (+10) than dated

 [B] Effect of those data values which most lower or raise correlation with master series
     Symbol following year indicates value in series is greater (>) or lesser (<) than master series value

 [C] Year-to-year changes very different from the mean change in other series

 [D] Absent rings (zero values)

 [E] Values which are statistical outliers from mean for the year
====================================================================================================================================

 MML01A    1970 to  2010      41 years                                                                                    Series   1

 [A] Segment   High   -10   -9   -8   -7   -6   -5   -4   -3   -2   -1   +0   +1   +2   +3   +4   +5   +6   +7   +8   +9  +10
    ---------  ----   ---  ---  ---  ---  ---  ---  ---  ---  ---  ---  ---  ---  ---  ---  ---  ---  ---  ---  ---  ---  ---
    1970 2010   -3   -.06  .07 -.25 -.07  .08  .01  .18  .41* .00 -.17  .33|   -    -    -    -    -    -    -    -    -    -

 [B] Entire series, effect on correlation (  .331) is:
       Lower   2005< -.139   1970> -.041   1979< -.032   2010> -.019   1978< -.018   2001> -.016  Higher   1990  .095   1989  .050
     1970 to 2010 segment:
       Lower   2005< -.139   1970> -.041   1979< -.032   2010> -.019   1978< -.018   2001> -.016  Higher   1990  .095   1989  .050

====================================================================================================================================

 MML01B    1970 to  2010      41 years                                                                                    Series   2

 [B] Entire series, effect on correlation (  .634) is:
       Lower   1970> -.051   2010> -.044   2001> -.030   1988> -.018   1980< -.013   2005< -.012  Higher   1990  .116   1989  .022

====================================================================================================================================

 MML02A    1970 to  2010      41 years                                                                                    Series   3

 [B] Entire series, effect on correlation (  .626) is:
       Lower   1972< -.029   2002> -.026   1991< -.024   1987> -.022   2009< -.021   2010> -.020  Higher   1990  .109   1989  .025

====================================================================================================================================

 MML02B    1970 to  2010      41 years                                                                                    Series   4

 [B] Entire series, effect on correlation (  .683) is:
       Lower   2002> -.053   2010> -.025   1987> -.018   1976> -.013   2001> -.011   1970> -.010  Higher   1990  .085   1989  .016

====================================================================================================================================

 MML03A    1971 to  2010      40 years                                                                                    Series   5

 [B] Entire series, effect on correlation (  .441) is:
       Lower   1990> -.157   1974< -.024   2008> -.017   1976> -.017   1981< -.016   1993> -.015  Higher   2002  .057   1991  .032

====================================================================================================================================

 MML03B    1971 to  2010      40 years                                                                                    Series   6

 [B] Entire series, effect on correlation (  .582) is:
       Lower   1973< -.139   2001> -.021   1988> -.016   1987> -.011   1974< -.008   2008> -.008  Higher   2002  .039   1990  .029

====================================================================================================================================

 MML04A    1970 to  2010      41 years                                                                                    Series   7

 [B] Entire series, effect on correlation (  .537) is:
       Lower   1990> -.049   2002< -.048   1994< -.028   2004> -.018   2010> -.016   1992< -.015  Higher   2009  .024   1989  .019

====================================================================================================================================

 MML04B    1969 to  2010      42 years                                                                                    Series   8

 [B] Entire series, effect on correlation (  .634) is:
       Lower   2000< -.031   1986< -.028   1969< -.022   1987> -.015   1985> -.015   2010> -.015  Higher   1990  .117   1989  .028

====================================================================================================================================

 MML05A    1970 to  2010      41 years                                                                                    Series   9

 [B] Entire series, effect on correlation (  .374) is:
       Lower   1991< -.064   1994< -.033   1990> -.031   1988> -.025   2004> -.022   1996< -.022  Higher   2002  .036   1970  .035

====================================================================================================================================

 MML05B    1970 to  2010      41 years                                                                                    Series  10

 [B] Entire series, effect on correlation (  .565) is:
       Lower   1990> -.099   2002< -.040   1989< -.021   2004> -.014   1999< -.010   2001> -.010  Higher   1991  .023   1970  .022

====================================================================================================================================

 MML06A    1970 to  2010      41 years                                                                                    Series  11

 [A] Segment   High   -10   -9   -8   -7   -6   -5   -4   -3   -2   -1   +0   +1   +2   +3   +4   +5   +6   +7   +8   +9  +10
    ---------  ----   ---  ---  ---  ---  ---  ---  ---  ---  ---  ---  ---  ---  ---  ---  ---  ---  ---  ---  ---  ---  ---
    1970 2010    0   -.09 -.09 -.17 -.10  .09  .02  .12  .12  .09 -.13  .31*   -    -    -    -    -    -    -    -    -    -

 [B] Entire series, effect on correlation (  .308) is:
       Lower   1987> -.051   2006< -.035   1988> -.033   1983< -.026   1977< -.022   1991< -.020  Higher   1990  .052   2009  .028
     1970 to 2010 segment:
       Lower   1987> -.051   2006< -.035   1988> -.033   1983< -.026   1977< -.022   1991< -.020  Higher   1990  .052   2009  .028

 [E] Outliers     1   3.0 SD above or -4.5 SD below mean for year
       2008 -4.5 SD
====================================================================================================================================

 MML06B    1970 to  2010      41 years                                                                                    Series  12

 [B] Entire series, effect on correlation (  .388) is:
       Lower   1983< -.087   2000< -.054   1993> -.032   2008> -.032   1977< -.031   1988> -.025  Higher   1990  .198   2009  .034

====================================================================================================================================

 MML07A    1971 to  2010      40 years                                                                                    Series  13

 [B] Entire series, effect on correlation (  .432) is:
       Lower   1985< -.078   1993> -.035   2001> -.034   1973> -.025   2002> -.025   1980< -.023  Higher   1989  .039   2010  .028

====================================================================================================================================

 MML07B    1971 to  2010      40 years                                                                                    Series  14

 [B] Entire series, effect on correlation (  .508) is:
       Lower   1995< -.111   1984> -.028   2008> -.017   1993> -.017   1999< -.014   1987> -.014  Higher   1990  .088   1989  .028

====================================================================================================================================

 MML08A    1967 to  2010      44 years                                                                                    Series  15

 [A] Segment   High   -10   -9   -8   -7   -6   -5   -4   -3   -2   -1   +0   +1   +2   +3   +4   +5   +6   +7   +8   +9  +10
    ---------  ----   ---  ---  ---  ---  ---  ---  ---  ---  ---  ---  ---  ---  ---  ---  ---  ---  ---  ---  ---  ---  ---
    1967 2010    0   -.07 -.19 -.06 -.14 -.06  .03 -.14  .16  .07 -.15  .21*   -    -    -    -    -    -    -    -    -    -

 [B] Entire series, effect on correlation (  .214) is:
       Lower   1998< -.157   1997< -.051   2007< -.036   2010> -.032   2001> -.024   2004> -.021  Higher   1990  .092   1970  .052
     1967 to 2010 segment:
       Lower   1998< -.157   1997< -.051   2007< -.036   2010> -.032   2001> -.024   2004> -.021  Higher   1990  .092   1970  .052

 [E] Outliers     1   3.0 SD above or -4.5 SD below mean for year
       1998 -4.7 SD
====================================================================================================================================

 MML08B    1967 to  2010      44 years                                                                                    Series  16

 [A] Segment   High   -10   -9   -8   -7   -6   -5   -4   -3   -2   -1   +0   +1   +2   +3   +4   +5   +6   +7   +8   +9  +10
    ---------  ----   ---  ---  ---  ---  ---  ---  ---  ---  ---  ---  ---  ---  ---  ---  ---  ---  ---  ---  ---  ---  ---
    1967 2010    0   -.04 -.14 -.06 -.08 -.11 -.04 -.14  .00  .12 -.13  .31*   -    -    -    -    -    -    -    -    -    -

 [B] Entire series, effect on correlation (  .310) is:
       Lower   1997< -.086   1998< -.046   2007< -.046   2004> -.033   1974< -.025   2010> -.022  Higher   1970  .050   1990  .047
     1967 to 2010 segment:
       Lower   1997< -.086   1998< -.046   2007< -.046   2004> -.033   1974< -.025   2010> -.022  Higher   1970  .050   1990  .047

====================================================================================================================================

 MML09A    1920 to  2010      91 years                                                                                    Series  17

 [B] Entire series, effect on correlation (  .584) is:
       Lower   1922> -.018   1944< -.015   1931> -.013   2002> -.011   1925< -.011   1945> -.010  Higher   1924  .070   1959  .040

====================================================================================================================================

 MML09B    1953 to  2009      57 years                                                                                    Series  18

 [B] Entire series, effect on correlation (  .483) is:
       Lower   1979< -.142   1959> -.033   2008> -.014   2003< -.014   1962> -.012   1976> -.010  Higher   1990  .065   1991  .016

====================================================================================================================================

 MML10A    1945 to  2010      66 years                                                                                    Series  19

 [B] Entire series, effect on correlation (  .428) is:
       Lower   1949< -.102   1962> -.040   2001< -.018   2008> -.014   1958> -.012   1966< -.010  Higher   1959  .164   1989  .019

====================================================================================================================================

 MML10B    1938 to  2010      73 years                                                                                    Series  20

 [B] Entire series, effect on correlation (  .502) is:
       Lower   1943< -.050   1944< -.021   2002> -.017   1957> -.012   1976> -.011   1945> -.009  Higher   1990  .067   1959  .010

====================================================================================================================================

 MML12A    1912 to  2010      99 years                                                                                    Series  21

 [B] Entire series, effect on correlation (  .444) is:
       Lower   1924> -.072   1945> -.033   1948< -.019   1918< -.019   1982< -.014   1929< -.012  Higher   1959  .104   1923  .014

 [E] Outliers     1   3.0 SD above or -4.5 SD below mean for year
       1935 +3.9 SD
====================================================================================================================================

 MML12B    1963 to  2010      48 years                                                                                    Series  22

 [B] Entire series, effect on correlation (  .516) is:
       Lower   1976< -.084   1990> -.058   1985> -.020   1963< -.018   2005> -.006   1973> -.005  Higher   1987  .022   1991  .018

====================================================================================================================================

 MML13A    1913 to  2010      98 years                                                                                    Series  23

 [A] Segment   High   -10   -9   -8   -7   -6   -5   -4   -3   -2   -1   +0   +1   +2   +3   +4   +5   +6   +7   +8   +9  +10
    ---------  ----   ---  ---  ---  ---  ---  ---  ---  ---  ---  ---  ---  ---  ---  ---  ---  ---  ---  ---  ---  ---  ---
    1961 2010   -3   -.33 -.06  .00 -.07 -.03  .18  .17  .34* .11  .04  .31|   -    -    -    -    -    -    -    -    -    -

 [B] Entire series, effect on correlation (  .431) is:
       Lower   1990> -.025   1963< -.014   1962< -.012   1945< -.012   1917> -.010   1988< -.009  Higher   1959  .057   1922  .013
     1961 to 2010 segment:
       Lower   1990> -.066   1963< -.024   2004> -.017   1966< -.017   2008> -.017   2009< -.014  Higher   2010  .037   1965  .030

====================================================================================================================================

 MML13B    1905 to  2010     106 years                                                                                    Series  24

 [*] Early part of series cannot be checked from 1905 to 1911 -- not matched by another series

 [B] Entire series, effect on correlation (  .476) is:
       Lower   1990> -.029   1913< -.018   1961< -.016   1957> -.015   1934> -.012   1912< -.011  Higher   1924  .069   1959  .024

====================================================================================================================================

 MML14A    1921 to  2010      90 years                                                                                    Series  25

 [B] Entire series, effect on correlation (  .422) is:
       Lower   1980< -.052   1931< -.038   2003< -.018   1943> -.016   1972> -.011   1944> -.010  Higher   1959  .141   1939  .014

====================================================================================================================================

 MML14B    1938 to  2010      73 years                                                                                    Series  26

 [B] Entire series, effect on correlation (  .547) is:
       Lower   1982< -.042   1938< -.030   1944> -.030   1990> -.018   1985> -.009   1945< -.009  Higher   1959  .123   1970  .010

 [E] Outliers     1   3.0 SD above or -4.5 SD below mean for year
       1944 +3.1 SD
====================================================================================================================================
PART 7:  DESCRIPTIVE STATISTICS: mm                                                                22:12  Thu 08 Feb 2012  Page   6
------------------------------------------------------------------------------------------------------------------------------------

                                                Corr   //-------- Unfiltered --------\\  //---- Filtered -----\\
                           No.    No.    No.    with   Mean   Max     Std   Auto   Mean   Max     Std   Auto  AR
 Seq Series   Interval   Years  Segmt  Flags   Master  msmt   msmt    dev   corr   sens  value    dev   corr  ()
 --- -------- ---------  -----  -----  -----   ------ -----  -----  -----  -----  -----  -----  -----  -----  --
   1 MML01A   1970 2010     41      1      1    .331    .76   1.51   .325   .729   .237   2.58   .471  -.014   1
   2 MML01B   1970 2010     41      1      0    .634   1.09   1.81   .478   .776   .253   2.51   .501  -.057   1
   3 MML02A   1970 2010     41      1      0    .626    .79   1.28   .229   .514   .220   2.60   .535   .063   4
   4 MML02B   1970 2010     41      1      0    .683   1.34   2.07   .467   .734   .217   2.39   .416  -.122   1
   5 MML03A   1971 2010     40      1      0    .441   1.20   2.64   .564   .855   .229   2.57   .510  -.085   1
   6 MML03B   1971 2010     40      1      0    .582   1.31   2.19   .500   .669   .253   2.49   .480   .084   1
   7 MML04A   1970 2010     41      1      0    .537   1.53   2.88   .532   .615   .237   2.48   .401  -.040   1
   8 MML04B   1969 2010     42      1      0    .634   1.33   2.49   .541   .874   .175   2.62   .479  -.123   1
   9 MML05A   1970 2010     41      1      0    .374   1.50   2.40   .396   .367   .239   2.58   .516  -.024   1
  10 MML05B   1970 2010     41      1      0    .565   1.78   2.67   .491   .742   .165   2.45   .417  -.049   1
  11 MML06A   1970 2010     41      1      1    .308    .61   1.42   .294   .707   .260   2.38   .453  -.128   1
  12 MML06B   1970 2010     41      1      0    .388    .69   1.37   .285   .662   .258   2.69   .512  -.044   1
  13 MML07A   1971 2010     40      1      0    .432    .95   1.75   .379   .691   .260   2.53   .478   .034   1
  14 MML07B   1971 2010     40      1      0    .508    .87   1.50   .270   .508   .223   2.55   .515   .044   1
  15 MML08A   1967 2010     44      1      1    .214   1.66   2.95   .718   .648   .291   2.58   .498   .145   1
  16 MML08B   1967 2010     44      1      1    .310   1.26   2.55   .568   .562   .339   2.52   .501   .045   1
  17 MML09A   1920 2010     91      4      0    .584   1.65   2.94   .533   .734   .187   2.56   .394  -.053   1
  18 MML09B   1953 2009     57      2      0    .483   2.43   4.45   .981   .851   .164   2.52   .462  -.142   1
  19 MML10A   1945 2010     66      3      0    .428   1.34   3.63   .685   .814   .235   2.53   .499   .034   1
  20 MML10B   1938 2010     73      3      0    .502   1.93   5.49   .758   .720   .177   2.84   .475   .006   1
  21 MML12A   1912 2010     99      4      0    .444    .99   2.50   .564   .864   .214   2.97   .475  -.012   1
  22 MML12B   1963 2010     48      1      0    .516   1.64   2.50   .360   .365   .209   2.56   .493   .062   1
  23 MML13A   1913 2010     98      4      1    .431   1.58   3.06   .665   .849   .187   2.52   .459   .057   1
  24 MML13B   1905 2010    106      4      0    .476   1.27   3.10   .533   .879   .159   2.41   .317  -.089   1
  25 MML14A   1921 2010     90      4      0    .422   1.73   3.30   .616   .799   .172   2.52   .394  -.043   1
  26 MML14B   1938 2010     73      3      0    .547   1.90   3.43   .560   .640   .162   2.68   .516  -.003   2
 --- -------- ---------  -----  -----  -----   ------ -----  -----  -----  -----  -----  -----  -----  -----  --
 Total or mean:           1460     48      5    .476   1.40   5.49   .539   .725   .211   2.97   .458  -.019

                                              - = [  COFECHA MM   COF  ] = -
