[]  Dendrochronology Program Library                                        Run ZZ     Program COF  20:50  Sun 13 Nov 2011  Page   1
[]
[]  P R O G R A M      C O F E C H A                                                                          Version 6.06P    28077
------------------------------------------------------------------------------------------------------------------------------------

 QUALITY CONTROL AND DATING CHECK OF TREE-RING MEASUREMENTS

 Title of run:           zz                                      

 File of DATED series:   ZZL.raw

 File of UNDATED series: ZZD.raw

 CONTENTS:

    Part 1:  Title page, options selected, summary, absent rings by series
    Part 2:  Histogram of time spans
    Part 3:  Master series with sample depth and absent rings by year
    Part 4:  Bar plot of Master Dating Series
    Part 5:  Correlation by segment of each series with Master
    Part 6:  Potential problems: low correlation, divergent year-to-year changes, absent rings, outliers
    Part 7:  Descriptive statistics
    Part 8:  Undated series - adjustments for highest correlations

 RUN CONTROL OPTIONS SELECTED                             VALUE

         1  Cubic smoothing spline 50% wavelength cutoff for filtering
                                                            32 years
         2  Segments examined are                           50 years lagged successively by  25 years
         3  Autoregressive model applied                     A  Residuals are used in master dating series and testing
         4  Series transformed to logarithms                 Y  Each series log-transformed for master dating series and testing
         5  CORRELATION is Pearson (parametric, quantitative)
            Critical correlation, 99% confidence level   .3281
         6  Master dating series saved                       N
         7  Ring measurements listed                         N
         8  Parts printed                             12345678 
         9  Absent rings are omitted from master series and segment correlations  (Y)

 Time span of Master dating series is  1957 to  2011    55 years
 Continuous time span is               1957 to  2011    55 years
 Portion with two or more series is    1957 to  2011    55 years


                                        ****************************************
                                        *C* Number of dated series        30 *C*
                                        *O* Master series 1957 2011   55 yrs *O*
                                        *F* Total rings in all series   1474 *F*
                                        *E* Total dated rings checked   1474 *E*
                                        *C* Series intercorrelation     .676 *C*
                                        *H* Average mean sensitivity    .234 *H*
                                        *A* Segments, possible problems    0 *A*
                                        *** Mean length of series       49.1 ***
                                        ****************************************

 ABSENT RINGS listed by SERIES:            (See Master Dating Series for absent rings listed by year)

 ZZL02B      1 absent rings:   2011
 ZZL04A      1 absent rings:   2011
 ZZL07B      1 absent rings:   2011
 ZZL08A      1 absent rings:   2011
 ZZL08B      1 absent rings:   2011

             5 absent rings    .339%
PART 2:  TIME PLOT OF TREE-RING SERIES: zz                                                         20:50  Sun 13 Nov 2011  Page   2
------------------------------------------------------------------------------------------------------------------------------------
 1050 1100 1150 1200 1250 1300 1350 1400 1450 1500 1550 1600 1650 1700 1750 1800 1850 1900 1950 2000 2050 Ident   Seq Time-span  Yrs
   :    :    :    :    :    :    :    :    :    :    :    :    :    :    :    :    :    :    :    :    : -------- --- ---- ---- ----
   .    .    .    .    .    .    .    .    .    .    .    .    .    .    .    .    .    .    .<====>   . ZZL01A     1 1960 2011   52
   .    .    .    .    .    .    .    .    .    .    .    .    .    .    .    .    .    .    .<====>   . ZZL01B     2 1960 2011   52
   .    .    .    .    .    .    .    .    .    .    .    .    .    .    .    .    .    .    .<====>   . ZZL02A     3 1960 2011   52
   .    .    .    .    .    .    .    .    .    .    .    .    .    .    .    .    .    .    .<====>   . ZZL02B     4 1960 2011   52
   .    .    .    .    .    .    .    .    .    .    .    .    .    .    .    .    .    .    .<====>   . ZZL03A     5 1962 2011   50
   .    .    .    .    .    .    .    .    .    .    .    .    .    .    .    .    .    .    .<====>   . ZZL03B     6 1962 2011   50
   .    .    .    .    .    .    .    .    .    .    .    .    .    .    .    .    .    .    <=====>   . ZZL04A     7 1959 2011   53
   .    .    .    .    .    .    .    .    .    .    .    .    .    .    .    .    .    .    <=====>   . ZZL04B     8 1959 2011   53
   .    .    .    .    .    .    .    .    .    .    .    .    .    .    .    .    .    .    .<====>   . ZZL05A     9 1963 2011   49
   .    .    .    .    .    .    .    .    .    .    .    .    .    .    .    .    .    .    .<====>   . ZZL05B    10 1963 2011   49
   .    .    .    .    .    .    .    .    .    .    .    .    .    .    .    .    .    .    .<====>   . ZZL06A    11 1962 2011   50
   .    .    .    .    .    .    .    .    .    .    .    .    .    .    .    .    .    .    .<====>   . ZZL06B    12 1962 2011   50
   .    .    .    .    .    .    .    .    .    .    .    .    .    .    .    .    .    .    .<====>   . ZZL07A    13 1961 2011   51
   .    .    .    .    .    .    .    .    .    .    .    .    .    .    .    .    .    .    .<====>   . ZZL07B    14 1961 2011   51
   .    .    .    .    .    .    .    .    .    .    .    .    .    .    .    .    .    .    <=====>   . ZZL08A    15 1957 2011   55
   .    .    .    .    .    .    .    .    .    .    .    .    .    .    .    .    .    .    <=====>   . ZZL08B    16 1957 2011   55
   .    .    .    .    .    .    .    .    .    .    .    .    .    .    .    .    .    .    <=====>   . ZZL09A    17 1959 2011   53
   .    .    .    .    .    .    .    .    .    .    .    .    .    .    .    .    .    .    .<====>   . ZZL09B    18 1961 2011   51
   .    .    .    .    .    .    .    .    .    .    .    .    .    .    .    .    .    .    .<====>   . ZZL10A    19 1960 2011   52
   .    .    .    .    .    .    .    .    .    .    .    .    .    .    .    .    .    .    .<====>   . ZZL10B    20 1960 2011   52
   .    .    .    .    .    .    .    .    .    .    .    .    .    .    .    .    .    .    .<====>   . ZZL11B    21 1968 2011   44
   .    .    .    .    .    .    .    .    .    .    .    .    .    .    .    .    .    .    .<====>   . ZZL11A    22 1968 2011   44
   .    .    .    .    .    .    .    .    .    .    .    .    .    .    .    .    .    .    .<====>   . ZZL12A    23 1965 2011   47
   .    .    .    .    .    .    .    .    .    .    .    .    .    .    .    .    .    .    .<====>   . ZZL12B    24 1969 2011   43
   .    .    .    .    .    .    .    .    .    .    .    .    .    .    .    .    .    .    . <===>   . ZZL13A    25 1970 2011   42
   .    .    .    .    .    .    .    .    .    .    .    .    .    .    .    .    .    .    .<====>   . ZZL13B    26 1965 2011   47
   .    .    .    .    .    .    .    .    .    .    .    .    .    .    .    .    .    .    . <===>   . ZZL14A    27 1971 2011   41
   .    .    .    .    .    .    .    .    .    .    .    .    .    .    .    .    .    .    . <===>   . ZZL14B    28 1970 2011   42
   .    .    .    .    .    .    .    .    .    .    .    .    .    .    .    .    .    .    .<====>   . ZZL15A    29 1966 2011   46
   .    .    .    .    .    .    .    .    .    .    .    .    .    .    .    .    .    .    .<====>   . ZZL15B    30 1966 2011   46
   :    :    :    :    :    :    :    :    :    :    :    :    :    :    :    :    :    :    :    :    :
 1050 1100 1150 1200 1250 1300 1350 1400 1450 1500 1550 1600 1650 1700 1750 1800 1850 1900 1950 2000 2050
   :    :    :    :    :    :    :    :    :    :    :    :    :    :    :    :    :    :    :    :    :
 1050 1100 1150 1200 1250 1300 1350 1400 1450 1500 1550 1600 1650 1700 1750 1800 1850 1900 1950 2000 2050
PART 3:  Master Dating Series: zz                                                                  20:50  Sun 13 Nov 2011  Page   3
------------------------------------------------------------------------------------------------------------------------------------
  Year  Value  No Ab    Year  Value  No Ab    Year  Value  No Ab    Year  Value  No Ab    Year  Value  No Ab    Year  Value  No Ab
  ------------------    ------------------    ------------------    ------------------    ------------------    ------------------
                        2000  -.515  30
                        2001  -.471  30
                        2002 -2.744  30
                        2003   .465  30
                        2004  -.006  30
                        2005   .916  30
                        2006  1.020  30
  1957  1.789   2       2007  1.610  30
  1958  -.311   2       2008   .922  30
  1959  -.504   5       2009   .641  30

  1960  -.519  11       2010   .809  30
  1961  -.618  14       2011 -2.768  30  5
  1962 -1.286  18
  1963  -.364  20
  1964   .182  20
  1965   .411  22
  1966   .971  24
  1967  -.094  24
  1968  -.498  26
  1969  -.813  27

  1970   .047  29
  1971  -.247  30
  1972   .216  30
  1973   .201  30
  1974  -.012  30
  1975   .407  30
  1976  1.519  30
  1977   .642  30
  1978  1.092  30
  1979   .480  30

  1980  1.759  30
  1981  -.901  30
  1982 -1.691  30
  1983  -.779  30
  1984   .524  30
  1985   .928  30
  1986  -.703  30
  1987 -2.044  30
  1988 -1.194  30
  1989   .387  30

  1990   .268  30
  1991   .647  30
  1992  -.182  30
  1993   .072  30
  1994  1.005  30
  1995  -.935  30
  1996   .581  30
  1997   .939  30
  1998   .098  30
  1999 -1.346  30
------------------------------------------------------------------------------------------------------------------------------------
PART 4:  Master Bar Plot: zz                                                                       20:50  Sun 13 Nov 2011  Page   4
------------------------------------------------------------------------------------------------------------------------------------
   Year Rel value  Year Rel value  Year Rel value  Year Rel value  Year Rel value  Year Rel value  Year Rel value  Year Rel value
                   2000---b
                   2001---b
                   2002k
                   2003-------B
                   2004----@
                   2005---------D
                   2006---------D
   1957----------G 2007----------F
   1958---a        2008---------D
   1959---b        2009-------C
   1960---b        2010--------C
   1961--b         2011k
   1962-e
   1963---a
   1964-----A
   1965------B
   1966---------D
   1967----@
   1968---b
   1969-c
   1970-----@
   1971----a
   1972-----A
   1973-----A
   1974----@
   1975------B
   1976----------F
   1977-------C
   1978---------D
   1979-------B
   1980----------G
   1981-d
   1982g
   1983-c
   1984-------B
   1985---------D
   1986--c
   1987h
   1988-e
   1989------B
   1990------A
   1991-------C
   1992----a
   1993-----@
   1994---------D
   1995-d
   1996-------B
   1997---------D
   1998-----@
   1999-e
PART 5:  CORRELATION OF SERIES BY SEGMENTS: zz                                                     20:50  Sun 13 Nov 2011  Page   5
------------------------------------------------------------------------------------------------------------------------------------
 Correlations of  50-year dated segments, lagged  25 years
 Flags:  A = correlation under   .3281 but highest as dated;  B = correlation higher at other than dated position

 Seq Series  Time_span   1950 1975
                         1999 2024
 --- -------- ---------  ---- ---- ---- ---- ---- ---- ---- ---- ---- ---- ---- ---- ---- ---- ---- ---- ---- ---- ---- ----
   1 ZZL01A   1960 2011   .71  .73
   2 ZZL01B   1960 2011   .68  .79
   3 ZZL02A   1960 2011   .71  .69
   4 ZZL02B   1960 2011   .68  .68
   5 ZZL03A   1962 2011   .67
   6 ZZL03B   1962 2011   .60
   7 ZZL04A   1959 2011   .37  .41
   8 ZZL04B   1959 2011   .55  .70
   9 ZZL05A   1963 2011   .74
  10 ZZL05B   1963 2011   .54
  11 ZZL06A   1962 2011   .66
  12 ZZL06B   1962 2011   .74
  13 ZZL07A   1961 2011   .69  .74
  14 ZZL07B   1961 2011   .72  .72
  15 ZZL08A   1957 2011   .58  .60
  16 ZZL08B   1957 2011   .61  .64
  17 ZZL09A   1959 2011   .66  .77
  18 ZZL09B   1961 2011   .43  .63
  19 ZZL10A   1960 2011   .63  .76
  20 ZZL10B   1960 2011   .43  .48
  21 ZZL11B   1968 2011   .60
  22 ZZL11A   1968 2011   .69
  23 ZZL12A   1965 2011   .68
  24 ZZL12B   1969 2011   .73
  25 ZZL13A   1970 2011   .71
  26 ZZL13B   1965 2011   .63
  27 ZZL14A   1971 2011   .53
  28 ZZL14B   1970 2011   .72
  29 ZZL15A   1966 2011   .73
  30 ZZL15B   1966 2011   .79
 Av segment correlation   .64  .67
PART 6:  POTENTIAL PROBLEMS: zz                                                                    20:50  Sun 13 Nov 2011  Page   5
------------------------------------------------------------------------------------------------------------------------------------

 For each series with potential problems the following diagnostics may appear:

 [A] Correlations with master dating series of flagged  50-year segments of series filtered with  32-year spline,
     at every point from ten years earlier (-10) to ten years later (+10) than dated

 [B] Effect of those data values which most lower or raise correlation with master series
     Symbol following year indicates value in series is greater (>) or lesser (<) than master series value

 [C] Year-to-year changes very different from the mean change in other series

 [D] Absent rings (zero values)

 [E] Values which are statistical outliers from mean for the year
====================================================================================================================================

 ZZL01A    1960 to  2011      52 years                                                                                    Series   1

 [B] Entire series, effect on correlation (  .712) is:
       Lower   1982< -.035   1998< -.014   1961< -.014   1993< -.013   1971> -.010   1999> -.008  Higher   2002  .024   1995  .013

====================================================================================================================================

 ZZL01B    1960 to  2011      52 years                                                                                    Series   2

 [B] Entire series, effect on correlation (  .752) is:
       Lower   1961< -.034   1982< -.019   1971> -.014   2001> -.014   1991< -.010   1970> -.008  Higher   2011  .065   2002  .026

====================================================================================================================================

 ZZL02A    1960 to  2011      52 years                                                                                    Series   3

 [B] Entire series, effect on correlation (  .687) is:
       Lower   2011> -.023   1981< -.014   1986> -.010   1998> -.010   1973> -.009   2000> -.009  Higher   1987  .018   1995  .018

====================================================================================================================================

 ZZL02B    1960 to  2011      52 years                                                                                    Series   4

 [B] Entire series, effect on correlation (  .684) is:
       Lower   1982< -.037   1989< -.030   1986> -.019   1997< -.015   1983> -.011   1971> -.009  Higher   2002  .037   1981  .027

 [D]    1 Absent rings:  Year   Master  N series Absent
                         2011   -2.768      30       5
  >> WARNING:  Last ring in series is ABSENT

 [E] Outliers     1   3.0 SD above or -4.5 SD below mean for year
       1982 -4.6 SD
====================================================================================================================================

 ZZL03A    1962 to  2011      50 years                                                                                    Series   5

 [B] Entire series, effect on correlation (  .667) is:
       Lower   1963< -.043   1987> -.027   1972< -.025   1995> -.014   1962> -.014   2004< -.012  Higher   2002  .058   1981  .026

====================================================================================================================================

 ZZL03B    1962 to  2011      50 years                                                                                    Series   6

 [B] Entire series, effect on correlation (  .598) is:
       Lower   1972< -.066   1962> -.044   1999> -.021   1969> -.016   1991< -.015   1982> -.011  Higher   2002  .075   2011  .033

====================================================================================================================================

 ZZL04A    1959 to  2011      53 years                                                                                    Series   7

 [B] Entire series, effect on correlation (  .537) is:
       Lower   1970< -.049   1999> -.021   1969< -.017   1976< -.015   1961> -.014   1996< -.011  Higher   2011  .151   2002  .049

 [D]    1 Absent rings:  Year   Master  N series Absent
                         2011   -2.768      30       5
  >> WARNING:  Last ring in series is ABSENT

 [E] Outliers     1   3.0 SD above or -4.5 SD below mean for year
       1970 -6.0 SD
====================================================================================================================================

 ZZL04B    1959 to  2011      53 years                                                                                    Series   8

 [B] Entire series, effect on correlation (  .681) is:
       Lower   1970< -.049   1962> -.047   1971< -.019   1981> -.016   1988< -.010   1974> -.010  Higher   2011  .120   1995  .016

====================================================================================================================================

 ZZL05A    1963 to  2011      49 years                                                                                    Series   9

 [B] Entire series, effect on correlation (  .739) is:
       Lower   1966< -.051   1982> -.021   2002> -.014   1963> -.013   1984< -.011   1992> -.010  Higher   2011  .115   1981  .023

====================================================================================================================================

 ZZL05B    1963 to  2011      49 years                                                                                    Series  10

 [B] Entire series, effect on correlation (  .541) is:
       Lower   1990< -.054   1968< -.042   1982> -.040   1981> -.030   1963> -.013   1993> -.008  Higher   2011  .049   2002  .041

 [E] Outliers     1   3.0 SD above or -4.5 SD below mean for year
       1982 +3.2 SD
====================================================================================================================================

 ZZL06A    1962 to  2011      50 years                                                                                    Series  11

 [B] Entire series, effect on correlation (  .662) is:
       Lower   1973< -.041   1962> -.039   1981> -.034   1997< -.029   1996< -.013   1971< -.012  Higher   2011  .126   2002  .049

====================================================================================================================================

 ZZL06B    1962 to  2011      50 years                                                                                    Series  12

 [B] Entire series, effect on correlation (  .737) is:
       Lower   1981> -.056   1980< -.013   1985< -.013   1973> -.012   1978< -.010   1979< -.009  Higher   2011  .092   2002  .028

====================================================================================================================================

 ZZL07A    1961 to  2011      51 years                                                                                    Series  13

 [B] Entire series, effect on correlation (  .738) is:
       Lower   1979< -.026   1998> -.026   1987> -.013   1971< -.013   1969> -.009   1986> -.008  Higher   2011  .048   1995  .011

====================================================================================================================================

 ZZL07B    1961 to  2011      51 years                                                                                    Series  14

 [B] Entire series, effect on correlation (  .750) is:
       Lower   1995> -.026   1982> -.016   1998> -.013   1981< -.013   1968> -.012   1969< -.005  Higher   2011  .030   1987  .013

 [D]    1 Absent rings:  Year   Master  N series Absent
                         2011   -2.768      30       5
  >> WARNING:  Last ring in series is ABSENT

====================================================================================================================================

 ZZL08A    1957 to  2011      55 years                                                                                    Series  15

 [B] Entire series, effect on correlation (  .700) is:
       Lower   1967> -.022   1958> -.020   1982< -.019   1985< -.017   1977< -.015   1969> -.011  Higher   2011  .116   1995  .011

 [D]    1 Absent rings:  Year   Master  N series Absent
                         2011   -2.768      30       5
  >> WARNING:  Last ring in series is ABSENT

====================================================================================================================================

 ZZL08B    1957 to  2011      55 years                                                                                    Series  16

 [B] Entire series, effect on correlation (  .711) is:
       Lower   1967> -.026   1982> -.025   1963< -.025   1973< -.019   2001< -.016   1958< -.014  Higher   2011  .088   1987  .015

 [D]    1 Absent rings:  Year   Master  N series Absent
                         2011   -2.768      30       5
  >> WARNING:  Last ring in series is ABSENT

====================================================================================================================================

 ZZL09A    1959 to  2011      53 years                                                                                    Series  17

 [B] Entire series, effect on correlation (  .767) is:
       Lower   1967< -.020   1995> -.017   1963> -.015   1962> -.013   1990> -.013   1999< -.008  Higher   2011  .107   2003  .006

====================================================================================================================================

 ZZL09B    1961 to  2011      51 years                                                                                    Series  18

 [B] Entire series, effect on correlation (  .614) is:
       Lower   2002> -.057   1970< -.037   1981> -.027   1961> -.019   1988> -.014   2001> -.012  Higher   2011  .181   1976  .011

====================================================================================================================================

 ZZL10A    1960 to  2011      52 years                                                                                    Series  19

 [B] Entire series, effect on correlation (  .735) is:
       Lower   1995> -.028   1960> -.021   1987> -.017   1964< -.016   1989< -.010   2001> -.009  Higher   2011  .105   2002  .015

====================================================================================================================================

 ZZL10B    1960 to  2011      52 years                                                                                    Series  20

 [B] Entire series, effect on correlation (  .456) is:
       Lower   1962< -.057   1971< -.031   1987> -.021   1989< -.016   1961> -.011   1973< -.008  Higher   1980  .029   2011  .026

====================================================================================================================================

 ZZL11B    1968 to  2011      44 years                                                                                    Series  21

 [B] Entire series, effect on correlation (  .603) is:
       Lower   1994< -.128   1987> -.045   1999> -.015   1977< -.013   1978< -.008   1996< -.006  Higher   2002  .077   1981  .027

====================================================================================================================================

 ZZL11A    1968 to  2011      44 years                                                                                    Series  22

 [B] Entire series, effect on correlation (  .689) is:
       Lower   1987> -.035   1972< -.031   1986> -.024   1977< -.015   1969> -.012   1995< -.007  Higher   2002  .035   1981  .024

====================================================================================================================================

 ZZL12A    1965 to  2011      47 years                                                                                    Series  23

 [B] Entire series, effect on correlation (  .676) is:
       Lower   1966< -.052   1989< -.031   1971> -.011   2011> -.008   1982> -.007   1992> -.005  Higher   2002  .059   1981  .013

====================================================================================================================================

 ZZL12B    1969 to  2011      43 years                                                                                    Series  24

 [B] Entire series, effect on correlation (  .726) is:
       Lower   1995< -.041   1990< -.038   2001> -.013   1999> -.011   1989< -.009   1969> -.008  Higher   2011  .046   1980  .010

====================================================================================================================================

 ZZL13A    1970 to  2011      42 years                                                                                    Series  25

 [B] Entire series, effect on correlation (  .705) is:
       Lower   1998< -.097   1981> -.034   1995> -.016   1982> -.011   1974< -.005   2001> -.004  Higher   2011  .050   2002  .040

====================================================================================================================================

 ZZL13B    1965 to  2011      47 years                                                                                    Series  26

 [B] Entire series, effect on correlation (  .627) is:
       Lower   1965< -.083   1991< -.026   1995> -.016   1966< -.014   1998< -.011   1979< -.007  Higher   2002  .046   2011  .031

====================================================================================================================================

 ZZL14A    1971 to  2011      41 years                                                                                    Series  27

 [B] Entire series, effect on correlation (  .531) is:
       Lower   2002> -.075   1981> -.055   1995> -.020   1994< -.017   1989< -.017   1998> -.016  Higher   2011  .242   1987  .026

 [E] Outliers     1   3.0 SD above or -4.5 SD below mean for year
       2002 +3.9 SD
====================================================================================================================================

 ZZL14B    1970 to  2011      42 years                                                                                    Series  28

 [B] Entire series, effect on correlation (  .718) is:
       Lower   1972> -.020   2003< -.016   2001> -.015   1985< -.014   1995> -.014   1992> -.013  Higher   2011  .131   1982  .007

 [E] Outliers     1   3.0 SD above or -4.5 SD below mean for year
       1972 +3.2 SD
====================================================================================================================================

 ZZL15A    1966 to  2011      46 years                                                                                    Series  29

 [B] Entire series, effect on correlation (  .728) is:
       Lower   1986< -.055   1982> -.025   2001< -.014   1976< -.010   1992< -.008   1990> -.007  Higher   2011  .061   2002  .028

====================================================================================================================================

 ZZL15B    1966 to  2011      46 years                                                                                    Series  30

 [B] Entire series, effect on correlation (  .791) is:
       Lower   1998< -.035   1992< -.013   1967< -.013   1995> -.009   2001< -.008   1999> -.008  Higher   2011  .083   2002  .020

====================================================================================================================================

 [*] All segments correlate highest as dated with correlation with master series over   .3281
PART 7:  DESCRIPTIVE STATISTICS: zz                                                                20:50  Sun 13 Nov 2011  Page   6
------------------------------------------------------------------------------------------------------------------------------------

                                                Corr   //-------- Unfiltered --------\\  //---- Filtered -----\\
                           No.    No.    No.    with   Mean   Max     Std   Auto   Mean   Max     Std   Auto  AR
 Seq Series   Interval   Years  Segmt  Flags   Master  msmt   msmt    dev   corr   sens  value    dev   corr  ()
 --- -------- ---------  -----  -----  -----   ------ -----  -----  -----  -----  -----  -----  -----  -----  --
   1 ZZL01A   1960 2011     52      2      0    .712   1.67   3.70   .823   .827   .253   2.70   .524   .037   2
   2 ZZL01B   1960 2011     52      2      0    .752   1.46   3.02   .594   .671   .259   2.68   .601   .045   1
   3 ZZL02A   1960 2011     52      2      0    .687   1.84   4.05   .780   .766   .256   2.52   .435  -.035   2
   4 ZZL02B   1960 2011     52      2      0    .684   1.65   2.98   .697   .750   .246   2.53   .508   .109   1
   5 ZZL03A   1962 2011     50      1      0    .667    .92   1.85   .351   .535   .286   2.64   .510  -.028   2
   6 ZZL03B   1962 2011     50      1      0    .598    .84   1.47   .253   .326   .262   2.53   .472   .034   3
   7 ZZL04A   1959 2011     53      2      0    .537    .51   1.35   .237   .647   .330   2.83   .555   .032   3
   8 ZZL04B   1959 2011     53      2      0    .681    .58   1.34   .310   .739   .371   2.51   .507   .073   1
   9 ZZL05A   1963 2011     49      1      0    .739    .78   1.57   .345   .792   .232   2.64   .488  -.063   1
  10 ZZL05B   1963 2011     49      1      0    .541    .77   1.41   .363   .849   .237   2.63   .609  -.012   1
  11 ZZL06A   1962 2011     50      1      0    .662   1.56   2.50   .394   .470   .206   2.69   .528  -.052   1
  12 ZZL06B   1962 2011     50      1      0    .737   1.77   3.40   .563   .540   .219   2.67   .547  -.098   2
  13 ZZL07A   1961 2011     51      2      0    .738   1.70   2.85   .489   .521   .203   2.63   .504  -.044   1
  14 ZZL07B   1961 2011     51      2      0    .750   1.72   2.70   .530   .341   .247   2.40   .472  -.025   1
  15 ZZL08A   1957 2011     55      2      0    .700   1.11   2.04   .421   .817   .210   2.72   .478   .017   2
  16 ZZL08B   1957 2011     55      2      0    .711    .77   1.54   .324   .815   .224   2.67   .554   .008   1
  17 ZZL09A   1959 2011     53      2      0    .767   1.44   2.45   .478   .620   .233   2.46   .439   .032   1
  18 ZZL09B   1961 2011     51      2      0    .614   1.56   2.48   .502   .650   .203   2.52   .443   .030   2
  19 ZZL10A   1960 2011     52      2      0    .735   1.22   2.03   .355   .461   .240   2.65   .497  -.003   1
  20 ZZL10B   1960 2011     52      2      0    .456   1.03   2.07   .325   .600   .221   2.61   .417  -.062   1
  21 ZZL11B   1968 2011     44      1      0    .603   1.95   3.50   .608   .718   .172   2.58   .561   .095   1
  22 ZZL11A   1968 2011     44      1      0    .689   2.24   3.64   .734   .695   .204   2.60   .535  -.038   1
  23 ZZL12A   1965 2011     47      1      0    .676   1.79   3.64   .775   .858   .201   2.51   .506  -.085   1
  24 ZZL12B   1969 2011     43      1      0    .726   1.80   3.38   .724   .762   .223   2.45   .483  -.056   1
  25 ZZL13A   1970 2011     42      1      0    .705   1.99   4.21   .950   .845   .208   2.68   .563   .026   1
  26 ZZL13B   1965 2011     47      1      0    .627   1.97   3.66   .767   .798   .204   2.65   .550   .084   2
  27 ZZL14A   1971 2011     41      1      0    .531   2.55   3.85   .564   .372   .192   2.42   .483   .037   2
  28 ZZL14B   1970 2011     42      1      0    .718   2.45   3.89   .662   .629   .182   2.75   .518   .106   1
  29 ZZL15A   1966 2011     46      1      0    .728   1.61   2.74   .556   .754   .221   2.40   .541   .051   1
  30 ZZL15B   1966 2011     46      1      0    .791   1.90   2.90   .633   .734   .223   2.62   .535   .022   2
 --- -------- ---------  -----  -----  -----   ------ -----  -----  -----  -----  -----  -----  -----  -----  --
 Total or mean:           1474     44      0    .676   1.47   4.21   .529   .663   .234   2.83   .511   .007
PART 8:  ADJUSTMENTS FOR UNDATED SERIES: zz                                                        20:50  Sun 13 Nov 2011  Page   7
------------------------------------------------------------------------------------------------------------------------------------

 Time span  1957  2011    55 years, best matches for  50-year segments lagged  25 years
 Listed in order from highest correlation

           Counted       Corr      Corr      Corr      Corr      Corr      Corr      Corr      Corr      Corr      Corr      Corr
 Series    Segment   Add  # 1  Add  # 2  Add  # 3  Add  # 4  Add  # 5  Add  # 6  Add  # 7  Add  # 8  Add  # 9  Add  #10  Add  #11
 -------- ---------  --------  --------  --------  --------  --------  --------  --------  --------  --------  --------  --------
 ZZD01A   1965 1995     0 .55    14 .36    12 .26    13 .13    -4 .12    -8 .11     5 .09    -7 .08     2 .07     6 .05     1 .04
===================  ========  ========  ========  ========  ========  ========  ========  ========  ========  ========  ========
           Counted       Corr      Corr      Corr      Corr      Corr      Corr      Corr      Corr      Corr      Corr      Corr
 Series    Segment   Add  # 1  Add  # 2  Add  # 3  Add  # 4  Add  # 5  Add  # 6  Add  # 7  Add  # 8  Add  # 9  Add  #10  Add  #11
 -------- ---------  --------  --------  --------  --------  --------  --------  --------  --------  --------  --------  --------
 ZZD01B   1965 1994     0 .68    14 .45     1 .14    13 .13    -4 .09     4 .04     5 .03    17 .02     6 .02    12 .01   --- ---
===================  ========  ========  ========  ========  ========  ========  ========  ========  ========  ========  ========
           Counted       Corr      Corr      Corr      Corr      Corr      Corr      Corr      Corr      Corr      Corr      Corr
 Series    Segment   Add  # 1  Add  # 2  Add  # 3  Add  # 4  Add  # 5  Add  # 6  Add  # 7  Add  # 8  Add  # 9  Add  #10  Add  #11
 -------- ---------  --------  --------  --------  --------  --------  --------  --------  --------  --------  --------  --------
 ZZD02A   1970 1992    17 .39     0 .39    15 .38   -13 .31     1 .25     8 .21    -4 .19    -5 .18    -6 .16     3 .15    -1 .15
===================  ========  ========  ========  ========  ========  ========  ========  ========  ========  ========  ========
           Counted       Corr      Corr      Corr      Corr      Corr      Corr      Corr      Corr      Corr      Corr      Corr
 Series    Segment   Add  # 1  Add  # 2  Add  # 3  Add  # 4  Add  # 5  Add  # 6  Add  # 7  Add  # 8  Add  # 9  Add  #10  Add  #11
 -------- ---------  --------  --------  --------  --------  --------  --------  --------  --------  --------  --------  --------
 ZZD02B   1970 1993    16 .32    10 .31    -6 .30    -5 .29     3 .25   -11 .24     7 .16     2 .13     0 .09    15 .08     6 .05
===================  ========  ========  ========  ========  ========  ========  ========  ========  ========  ========  ========
           Counted       Corr      Corr      Corr      Corr      Corr      Corr      Corr      Corr      Corr      Corr      Corr
 Series    Segment   Add  # 1  Add  # 2  Add  # 3  Add  # 4  Add  # 5  Add  # 6  Add  # 7  Add  # 8  Add  # 9  Add  #10  Add  #11
 -------- ---------  --------  --------  --------  --------  --------  --------  --------  --------  --------  --------  --------
 ZZD03A   1971 1996    11 .36     0 .27     2 .22    14 .12   -11 .09    -7 .08     9 .07     5 .05   -10 .05    10 .04     6 .03
===================  ========  ========  ========  ========  ========  ========  ========  ========  ========  ========  ========
           Counted       Corr      Corr      Corr      Corr      Corr      Corr      Corr      Corr      Corr      Corr      Corr
 Series    Segment   Add  # 1  Add  # 2  Add  # 3  Add  # 4  Add  # 5  Add  # 6  Add  # 7  Add  # 8  Add  # 9  Add  #10  Add  #11
 -------- ---------  --------  --------  --------  --------  --------  --------  --------  --------  --------  --------  --------
 ZZD03B   1971 1996     0 .52     2 .18     8 .13    11 .12   -12 .11    14 .10     5 .10   -11 .10    13 .09    -5 .09     4 .08
===================  ========  ========  ========  ========  ========  ========  ========  ========  ========  ========  ========
           Counted       Corr      Corr      Corr      Corr      Corr      Corr      Corr      Corr      Corr      Corr      Corr
 Series    Segment   Add  # 1  Add  # 2  Add  # 3  Add  # 4  Add  # 5  Add  # 6  Add  # 7  Add  # 8  Add  # 9  Add  #10  Add  #11
 -------- ---------  --------  --------  --------  --------  --------  --------  --------  --------  --------  --------  --------
 ZZD04A   1982 2005     0 .37   -25 .33   -14 .29    -2 .26   -18 .25   -16 .21   -13 .20    -5 .17    -1 .16    -8 .11   -21 .11
===================  ========  ========  ========  ========  ========  ========  ========  ========  ========  ========  ========
           Counted       Corr      Corr      Corr      Corr      Corr      Corr      Corr      Corr      Corr      Corr      Corr
 Series    Segment   Add  # 1  Add  # 2  Add  # 3  Add  # 4  Add  # 5  Add  # 6  Add  # 7  Add  # 8  Add  # 9  Add  #10  Add  #11
 -------- ---------  --------  --------  --------  --------  --------  --------  --------  --------  --------  --------  --------
 ZZD05A   1963 1996     0 .39    -5 .22    -6 .21     4 .15     8 .12     5 .06    -1 .06     1 .04    14 .03    -2 .01     6 .01
===================  ========  ========  ========  ========  ========  ========  ========  ========  ========  ========  ========
           Counted       Corr      Corr      Corr      Corr      Corr      Corr      Corr      Corr      Corr      Corr      Corr
 Series    Segment   Add  # 1  Add  # 2  Add  # 3  Add  # 4  Add  # 5  Add  # 6  Add  # 7  Add  # 8  Add  # 9  Add  #10  Add  #11
 -------- ---------  --------  --------  --------  --------  --------  --------  --------  --------  --------  --------  --------
 ZZD05B   1963 1996     0 .46    -1 .32    13 .30     5 .22    14 .15    -5 .13     4 .10     1 .09     8 .05    -6 .05    11 .02
===================  ========  ========  ========  ========  ========  ========  ========  ========  ========  ========  ========
           Counted       Corr      Corr      Corr      Corr      Corr      Corr      Corr      Corr      Corr      Corr      Corr
 Series    Segment   Add  # 1  Add  # 2  Add  # 3  Add  # 4  Add  # 5  Add  # 6  Add  # 7  Add  # 8  Add  # 9  Add  #10  Add  #11
 -------- ---------  --------  --------  --------  --------  --------  --------  --------  --------  --------  --------  --------
 ZZD06A   1963 1989     0 .57    15 .29    11 .23    16 .23    20 .18     1 .12    21 .09     5 .08    19 .07    -1 .05     8 .04
===================  ========  ========  ========  ========  ========  ========  ========  ========  ========  ========  ========
           Counted       Corr      Corr      Corr      Corr      Corr      Corr      Corr      Corr      Corr      Corr      Corr
 Series    Segment   Add  # 1  Add  # 2  Add  # 3  Add  # 4  Add  # 5  Add  # 6  Add  # 7  Add  # 8  Add  # 9  Add  #10  Add  #11
 -------- ---------  --------  --------  --------  --------  --------  --------  --------  --------  --------  --------  --------
 ZZD06B   1963 1988    16 .40    10 .32    19 .28    21 .24     2 .22     0 .17    20 .14    11 .07    -4 .07    15 .06     1 .06
===================  ========  ========  ========  ========  ========  ========  ========  ========  ========  ========  ========
           Counted       Corr      Corr      Corr      Corr      Corr      Corr      Corr      Corr      Corr      Corr      Corr
 Series    Segment   Add  # 1  Add  # 2  Add  # 3  Add  # 4  Add  # 5  Add  # 6  Add  # 7  Add  # 8  Add  # 9  Add  #10  Add  #11
 -------- ---------  --------  --------  --------  --------  --------  --------  --------  --------  --------  --------  --------
 ZZD07A   1981 1999   -12 .54     9 .51   -11 .40    -6 .28    -2 .22   -21 .19   -16 .18     2 .18   -23 .14   -22 .13     7 .11
===================  ========  ========  ========  ========  ========  ========  ========  ========  ========  ========  ========
           Counted       Corr      Corr      Corr      Corr      Corr      Corr      Corr      Corr      Corr      Corr      Corr
 Series    Segment   Add  # 1  Add  # 2  Add  # 3  Add  # 4  Add  # 5  Add  # 6  Add  # 7  Add  # 8  Add  # 9  Add  #10  Add  #11
 -------- ---------  --------  --------  --------  --------  --------  --------  --------  --------  --------  --------  --------
 ZZD07B   1981 1999   -19 .54     0 .41     6 .37     1 .31   -20 .30   -23 .23   -21 .21     5 .20   -22 .17   -12 .11   -13 .11
===================  ========  ========  ========  ========  ========  ========  ========  ========  ========  ========  ========
       13 undated series

                                              - = [  COFECHA ZZ   COF  ] = -
