[]  Dendrochronology Program Library                                        Run TT     Program COF  22:01  Sat 12 Nov 2011  Page   1
[]
[]  P R O G R A M      C O F E C H A                                                                          Version 6.06P    28076
------------------------------------------------------------------------------------------------------------------------------------

 QUALITY CONTROL AND DATING CHECK OF TREE-RING MEASUREMENTS

 File of DATED series:   TTL.raw

 CONTENTS:

    Part 1:  Title page, options selected, summary, absent rings by series
    Part 2:  Histogram of time spans
    Part 3:  Master series with sample depth and absent rings by year
    Part 4:  Bar plot of Master Dating Series
    Part 5:  Correlation by segment of each series with Master
    Part 6:  Potential problems: low correlation, divergent year-to-year changes, absent rings, outliers
    Part 7:  Descriptive statistics

 RUN CONTROL OPTIONS SELECTED                             VALUE

         1  Cubic smoothing spline 50% wavelength cutoff for filtering
                                                            32 years
         2  Segments examined are                           50 years lagged successively by  25 years
         3  Autoregressive model applied                     A  Residuals are used in master dating series and testing
         4  Series transformed to logarithms                 Y  Each series log-transformed for master dating series and testing
         5  CORRELATION is Pearson (parametric, quantitative)
            Critical correlation, 99% confidence level   .3281
         6  Master dating series saved                       N
         7  Ring measurements listed                         N
         8  Parts printed                              1234567 
         9  Absent rings are omitted from master series and segment correlations  (Y)

 Time span of Master dating series is  1861 to  2011   151 years
 Continuous time span is               1861 to  2011   151 years
 Portion with two or more series is    1867 to  2011   145 years


                                        ****************************************
                                        *C* Number of dated series        29 *C*
                                        *O* Master series 1861 2011  151 yrs *O*
                                        *F* Total rings in all series   1915 *F*
                                        *E* Total dated rings checked   1909 *E*
                                        *C* Series intercorrelation     .564 *C*
                                        *H* Average mean sensitivity    .207 *H*
                                        *A* Segments, possible problems    4 *A*
                                        *** Mean length of series       66.0 ***
                                        ****************************************

 ABSENT RINGS listed by SERIES:            (See Master Dating Series for absent rings listed by year)

               No ring measurements of zero value
PART 2:  TIME PLOT OF TREE-RING SERIES:                                                            22:01  Sat 12 Nov 2011  Page   2
------------------------------------------------------------------------------------------------------------------------------------
 1050 1100 1150 1200 1250 1300 1350 1400 1450 1500 1550 1600 1650 1700 1750 1800 1850 1900 1950 2000 2050 Ident   Seq Time-span  Yrs
   :    :    :    :    :    :    :    :    :    :    :    :    :    :    :    :    :    :    :    :    : -------- --- ---- ---- ----
   .    .    .    .    .    .    .    .    .    .    .    .    .    .    .    .    .    .    .  <==>   . TTL01A     1 1980 2011   32
   .    .    .    .    .    .    .    .    .    .    .    .    .    .    .    .    .    .    .  <==>   . TTL01B     2 1980 2011   32
   .    .    .    .    .    .    .    .    .    .    .    .    .    .    .    .    .    .    .  <==>   . TTL02A     3 1984 2011   28
   .    .    .    .    .    .    .    .    .    .    .    .    .    .    .    .    .    .    .  <==>   . TTL02B     4 1984 2011   28
   .    .    .    .    .    .    .    .    .    .    .    .    .    .    .    .    .    .    . <===>   . TTL03A     5 1975 2011   37
   .    .    .    .    .    .    .    .    .    .    .    .    .    .    .    .    .    .    . <===>   . TTL03B     6 1975 2011   37
   .    .    .    .    .    .    .    .    .    .    .    .    .    .    .    .    .    .    . <===>   . TTL04A     7 1978 2011   34
   .    .    .    .    .    .    .    .    .    .    .    .    .    .    .    .    .    .    . <===>   . TTL04B     8 1978 2011   34
   .    .    .    .    .    .    .    .    .    .    .    .    .    .    .    .    .    .    . <===>   . TTL05A     9 1979 2011   33
   .    .    .    .    .    .    .    .    .    .    .    .    .    .    .    .    .    .    . <===>   . TTL05B    10 1979 2011   33
   .    .    .    .    .    .    .    .    .    .    .    .    .    .    .    .    .    .    . <===>   . TTL06A    11 1977 2011   35
   .    .    .    .    .    .    .    .    .    .    .    .    .    .    .    .    .    .    . <===>   . TTL06B    12 1977 2011   35
   .    .    .    .    .    .    .    .    .    .    .    .    .    .    .    .    .    .    . <===>   . TTL07A    13 1975 2011   37
   .    .    .    .    .    .    .    .    .    .    .    .    .    .    .    .    .    .    . <===>   . TTL07B    14 1975 2011   37
   .    .    .    .    .    .    .    .    .    .    .    .    .    .    .    .    .    .    . <===>   . TTL08A    15 1975 2011   37
   .    .    .    .    .    .    .    .    .    .    .    .    .    .    .    .    .    .    . <===>   . TTL08B    16 1975 2011   37
   .    .    .    .    .    .    .    .    .    .    .    .    .    .    .    .    .    .    .  <==>   . TTL09A    17 1980 2011   32
   .    .    .    .    .    .    .    .    .    .    .    .    .    .    .    .    .    .    .  <==>   . TTL09B    18 1980 2011   32
   .    .    .    .    .    .    .    .    .    .    .    .    .    .    .    .    .    .    .  <==>   . TTL10A    19 1981 2011   31
   .    .    .    .    .    .    .    .    .    .    .    .    .    .    .    .    .    .    .  <==>   . TTL10B    20 1981 2011   31
   .    .    .    .    .    .    .    .    .    .    .    .    .    .    .    .    . <=============>   . TTL11B    21 1870 2011  142
   .    .    .    .    .    .    .    .    .    .    .    .    .    .    .    .    .<==============>   . TTL11A    22 1861 2011  151
   .    .    .    .    .    .    .    .    .    .    .    .    .    .    .    .    .  <============>   . TTL12B    23 1882 2011  130
   .    .    .    .    .    .    .    .    .    .    .    .    .    .    .    .    .  <============>   . TTL12A    24 1880 2011  132
   .    .    .    .    .    .    .    .    .    .    .    .    .    .    .    .    .<==============>   . TTL13B    25 1867 2011  145
   .    .    .    .    .    .    .    .    .    .    .    .    .    .    .    .    .<==============>   . TTL13A    26 1869 2011  143
   .    .    .    .    .    .    .    .    .    .    .    .    .    .    .    .    .  <============>   . TTL14A    27 1881 2011  131
   .    .    .    .    .    .    .    .    .    .    .    .    .    .    .    .    . <=============>   . TTL15B    28 1879 2011  133
   .    .    .    .    .    .    .    .    .    .    .    .    .    .    .    .    . <=============>   . TTL15A    29 1876 2011  136
   :    :    :    :    :    :    :    :    :    :    :    :    :    :    :    :    :    :    :    :    :
 1050 1100 1150 1200 1250 1300 1350 1400 1450 1500 1550 1600 1650 1700 1750 1800 1850 1900 1950 2000 2050
PART 3:  Master Dating Series:                                                                     22:01  Sat 12 Nov 2011  Page   3
------------------------------------------------------------------------------------------------------------------------------------
  Year  Value  No Ab    Year  Value  No Ab    Year  Value  No Ab    Year  Value  No Ab    Year  Value  No Ab    Year  Value  No Ab
  ------------------    ------------------    ------------------    ------------------    ------------------    ------------------
                        1900   .116   9       1950 -1.927   9       2000   .419  29
                        1901  -.010   9       1951  1.666   9       2001  1.317  29
                        1902  -.252   9       1952  1.264   9       2002  -.044  29
                        1903   .824   9       1953   .323   9       2003 -3.455  29
                        1904   .401   9       1954   .073   9       2004  -.222  29
                        1905  1.269   9       1955   .099   9       2005  -.701  29
                        1906   .361   9       1956   .681   9       2006   .656  29
                        1907  -.813   9       1957  -.451   9       2007   .092  29
                        1908 -1.549   9       1958 -1.242   9       2008   .176  29
                        1909   .141   9       1959 -1.335   9       2009  -.288  29

                        1910   .393   9       1960   .090   9       2010   .477  29
  1861  -.750   1       1911   .267   9       1961  1.145   9       2011  -.315  29
  1862 -2.819   1       1912  -.400   9       1962 -1.939   9
  1863 -1.477   1       1913   .230   9       1963   .007   9
  1864  -.616   1       1914  1.207   9       1964   .164   9
  1865  -.311   1       1915  1.040   9       1965 -1.487   9
  1866   .756   1       1916  -.396   9       1966  1.735   9
  1867 -1.035   2       1917 -1.082   9       1967   .964   9
  1868  -.187   2       1918  -.268   9       1968  -.502   9
  1869 -1.963   3       1919  1.384   9       1969 -1.728   9

  1870   .111   4       1920  -.848   9       1970   .150   9
  1871   .393   4       1921 -1.130   9       1971   .023   9
  1872   .753   4       1922  -.553   9       1972   .412   9
  1873   .231   4       1923  -.749   9       1973   .904   9
  1874  2.248   4       1924  1.163   9       1974   .856   9
  1875   .041   4       1925 -1.317   9       1975   .799  15
  1876  -.278   5       1926  1.772   9       1976   .279  15
  1877  -.238   5       1927  -.192   9       1977  -.019  17
  1878  1.518   5       1928   .933   9       1978   .670  19
  1879  -.946   6       1929   .156   9       1979   .724  21

  1880   .251   7       1930 -1.128   9       1980 -1.489  25
  1881  -.766   8       1931   .824   9       1981  -.661  27
  1882   .902   9       1932 -1.568   9       1982  -.272  27
  1883  1.251   9       1933   .322   9       1983   .015  27
  1884  -.272   9       1934  1.451   9       1984   .413  29
  1885 -1.089   9       1935   .081   9       1985  -.753  29
  1886   .115   9       1936  1.545   9       1986  -.587  29
  1887  -.461   9       1937 -1.176   9       1987   .580  29
  1888 -1.392   9       1938 -1.209   9       1988   .148  29
  1889   .432   9       1939  -.194   9       1989  -.964  29

  1890 -1.514   9       1940   .462   9       1990  1.383  29
  1891   .498   9       1941   .701   9       1991  -.508  29
  1892  1.798   9       1942  -.476   9       1992  -.310  29
  1893  1.563   9       1943   .362   9       1993   .416  29
  1894  2.466   9       1944  1.562   9       1994   .260  29
  1895 -1.509   9       1945   .578   9       1995   .515  29
  1896   .578   9       1946  -.666   9       1996   .234  29
  1897  -.995   9       1947  -.082   9       1997   .356  29
  1898  -.238   9       1948  1.622   9       1998   .707  29
  1899 -1.898   9       1949 -1.148   9       1999   .898  29
------------------------------------------------------------------------------------------------------------------------------------
PART 4:  Master Bar Plot:                                                                          22:01  Sat 12 Nov 2011  Page   4
------------------------------------------------------------------------------------------------------------------------------------
   Year Rel value  Year Rel value  Year Rel value  Year Rel value  Year Rel value  Year Rel value  Year Rel value  Year Rel value
                   1900-----@      1950h           2000-------B
                   1901-----@      1951----------G 2001---------E
                   1902---a        1952---------E  2002-----@
                   1903--------C   1953------A     2003n
                   1904-------B    1954-----@      2004----a
                   1905---------E  1955-----@      2005--c
                   1906-------A    1956--------C   2006--------C
                   1907--c         1957---b        2007-----@
                   1908f           1958-e          2008-----A
                   1909-----A      1959-e          2009---a
                   1910-------B    1960-----@      2010-------B
   1861--c         1911------A     1961---------E  2011---a
   1862k           1912---b        1962h
   1863f           1913------A     1963-----@
   1864--b         1914---------E  1964-----A
   1865---a        1915---------D  1965f
   1866--------C   1916---b        1966----------G
   1867-d          1917-d          1967---------D
   1868----a       1918---a        1968---b
   1869h           1919----------F 1969g
   1870-----@      1920--c         1970-----A
   1871-------B    1921-e          1971-----@
   1872--------C   1922--b         1972-------B
   1873------A     1923--c         1973--------D
   1874----------I 1924---------E  1974--------C
   1875-----@      1925-e          1975--------C
   1876---a        1926----------G 1976------A
   1877----a       1927----a       1977-----@
   1878----------F 1928--------D   1978--------C
   1879-d          1929-----A      1979--------C
   1880------A     1930-e          1980f
   1881--c         1931--------C   1981--c
   1882--------D   1932f           1982---a
   1883---------E  1933------A     1983-----@
   1884---a        1934----------F 1984-------B
   1885-d          1935-----@      1985--c
   1886-----@      1936----------F 1986--b
   1887---b        1937-e          1987--------B
   1888f           1938-e          1988-----A
   1889-------B    1939----a       1989-d
   1890f           1940-------B    1990----------F
   1891-------B    1941--------C   1991---b
   1892----------G 1942---b        1992---a
   1893----------F 1943-------A    1993-------B
   1894----------J 1944----------F 1994------A
   1895f           1945--------B   1995-------B
   1896--------B   1946--c         1996------A
   1897-d          1947----@       1997-------A
   1898----a       1948----------F 1998--------C
   1899h           1949-e          1999--------D
PART 5:  CORRELATION OF SERIES BY SEGMENTS:                                                        22:01  Sat 12 Nov 2011  Page   5
------------------------------------------------------------------------------------------------------------------------------------
 Correlations of  50-year dated segments, lagged  25 years
 Flags:  A = correlation under   .3281 but highest as dated;  B = correlation higher at other than dated position

 Seq Series  Time_span   1850 1875 1900 1925 1950 1975
                         1899 1924 1949 1974 1999 2024
 --- -------- ---------  ---- ---- ---- ---- ---- ---- ---- ---- ---- ---- ---- ---- ---- ---- ---- ---- ---- ---- ---- ----
   1 TTL01A   1980 2011                            .58
   2 TTL01B   1980 2011                            .70
   3 TTL02A   1984 2011                            .74
   4 TTL02B   1984 2011                            .80
   5 TTL03A   1975 2011                            .64
   6 TTL03B   1975 2011                            .68
   7 TTL04A   1978 2011                            .70
   8 TTL04B   1978 2011                            .80
   9 TTL05A   1979 2011                            .77
  10 TTL05B   1979 2011                            .73
  11 TTL06A   1977 2011                            .52
  12 TTL06B   1977 2011                            .52
  13 TTL07A   1975 2011                            .89
  14 TTL07B   1975 2011                            .66
  15 TTL08A   1975 2011                            .51
  16 TTL08B   1975 2011                            .50
  17 TTL09A   1980 2011                            .43B
  18 TTL09B   1980 2011                            .43B
  19 TTL10A   1981 2011                            .53
  20 TTL10B   1981 2011                            .27A
  21 TTL11B   1870 2011   .44  .40  .50  .46  .37  .33
  22 TTL11A   1861 2011   .48  .68  .57  .60  .54  .38
  23 TTL12B   1882 2011        .55  .50  .67  .55  .43
  24 TTL12A   1880 2011        .53  .48  .54  .49  .47
  25 TTL13B   1867 2011   .33A .52  .59  .54  .45  .50
  26 TTL13A   1869 2011   .44  .49  .52  .59  .60  .61
  27 TTL14A   1881 2011        .64  .65  .62  .57  .51
  28 TTL15B   1879 2011        .69  .63  .67  .65  .67
  29 TTL15A   1876 2011        .66  .64  .69  .59  .54
 Av segment correlation   .42  .57  .56  .60  .53  .58
PART 6:  POTENTIAL PROBLEMS:                                                                       22:01  Sat 12 Nov 2011  Page   5
------------------------------------------------------------------------------------------------------------------------------------

 For each series with potential problems the following diagnostics may appear:

 [A] Correlations with master dating series of flagged  50-year segments of series filtered with  32-year spline,
     at every point from ten years earlier (-10) to ten years later (+10) than dated

 [B] Effect of those data values which most lower or raise correlation with master series
     Symbol following year indicates value in series is greater (>) or lesser (<) than master series value

 [C] Year-to-year changes very different from the mean change in other series

 [D] Absent rings (zero values)

 [E] Values which are statistical outliers from mean for the year
====================================================================================================================================

 TTL01A    1980 to  2011      32 years                                                                                    Series   1

 [B] Entire series, effect on correlation (  .582) is:
       Lower   1980> -.107   1998< -.061   1981> -.025   1987< -.022   1988> -.011   2007> -.011  Higher   2003  .440   2001  .018

====================================================================================================================================

 TTL01B    1980 to  2011      32 years                                                                                    Series   2

 [B] Entire series, effect on correlation (  .697) is:
       Lower   1980> -.074   1981> -.042   1991> -.032   2001< -.031   2007> -.012   1982< -.010  Higher   2003  .378   1999  .010

====================================================================================================================================

 TTL02A    1984 to  2011      28 years                                                                                    Series   3

 [B] Entire series, effect on correlation (  .736) is:
       Lower   1990< -.062   1988< -.032   1985> -.024   2009> -.016   2001< -.013   1991> -.010  Higher   2003  .532   1998  .005

====================================================================================================================================

 TTL02B    1984 to  2011      28 years                                                                                    Series   4

 [B] Entire series, effect on correlation (  .803) is:
       Lower   1984< -.030   2009> -.027   1985> -.020   2001< -.016   1992< -.010   1986> -.009  Higher   2003  .395   1999  .006

====================================================================================================================================

 TTL03A    1975 to  2011      37 years                                                                                    Series   5

 [B] Entire series, effect on correlation (  .638) is:
       Lower   1979< -.039   2001< -.032   2005> -.031   2000< -.028   1991> -.019   1985> -.016  Higher   2003  .398   1990  .024

====================================================================================================================================

 TTL03B    1975 to  2011      37 years                                                                                    Series   6

 [B] Entire series, effect on correlation (  .683) is:
       Lower   1991> -.052   1978< -.040   2011> -.026   2000< -.024   1992> -.020   2005> -.017  Higher   2003  .318   1980  .043

====================================================================================================================================

 TTL04A    1978 to  2011      34 years                                                                                    Series   7

 [B] Entire series, effect on correlation (  .697) is:
       Lower   1999< -.061   2001< -.042   1989> -.037   1988> -.016   2010> -.014   2000< -.013  Higher   2003  .340   1980  .015

====================================================================================================================================

 TTL04B    1978 to  2011      34 years                                                                                    Series   8

 [B] Entire series, effect on correlation (  .798) is:
       Lower   1988> -.024   1980> -.019   1991< -.019   1989> -.017   1994< -.012   2008< -.012  Higher   2003  .204   1999  .006

====================================================================================================================================

 TTL05A    1979 to  2011      33 years                                                                                    Series   9

 [B] Entire series, effect on correlation (  .765) is:
       Lower   2001< -.023   1987< -.021   1981> -.021   1989> -.017   2005< -.014   1992< -.007  Higher   2003  .102   1980  .030

====================================================================================================================================

 TTL05B    1979 to  2011      33 years                                                                                    Series  10

 [B] Entire series, effect on correlation (  .726) is:
       Lower   1989> -.025   1981> -.024   1987< -.021   1980> -.017   2007< -.013   1995< -.011  Higher   2003  .159   1990  .016

====================================================================================================================================

 TTL06A    1977 to  2011      35 years                                                                                    Series  11

 [B] Entire series, effect on correlation (  .517) is:
       Lower   1991< -.021   1993< -.018   1979< -.017   2009< -.012   1992> -.012   1980> -.010  Higher   2001  .024   2003  .017

====================================================================================================================================

 TTL06B    1977 to  2011      35 years                                                                                    Series  12

 [B] Entire series, effect on correlation (  .515) is:
       Lower   1980> -.032   1986< -.029   1981> -.025   1989< -.022   1991> -.021   1987< -.016  Higher   2003  .139   2001  .027

====================================================================================================================================

 TTL07A    1975 to  2011      37 years                                                                                    Series  13

 [B] Entire series, effect on correlation (  .893) is:
       Lower   1979< -.019   1987< -.010   1982> -.009   2011> -.007   2004< -.004   2001< -.004  Higher   2003  .127   1980  .009

====================================================================================================================================

 TTL07B    1975 to  2011      37 years                                                                                    Series  14

 [B] Entire series, effect on correlation (  .658) is:
       Lower   1992< -.084   1989> -.016   1988> -.011   1995< -.010   1983< -.008   1993< -.007  Higher   1980  .043   2003  .030

====================================================================================================================================

 TTL08A    1975 to  2011      37 years                                                                                    Series  15

 [B] Entire series, effect on correlation (  .509) is:
       Lower   2003> -.175   1986> -.014   2002> -.014   1994< -.013   1983> -.012   1985> -.010  Higher   1980  .079   2001  .025

====================================================================================================================================

 TTL08B    1975 to  2011      37 years                                                                                    Series  16

 [B] Entire series, effect on correlation (  .495) is:
       Lower   2009< -.131   2003> -.027   1985> -.026   2002> -.011   2010< -.011   2005> -.008  Higher   1980  .039   1990  .036

====================================================================================================================================

 TTL09A    1980 to  2011      32 years                                                                                    Series  17

 [A] Segment   High   -10   -9   -8   -7   -6   -5   -4   -3   -2   -1   +0   +1   +2   +3   +4   +5   +6   +7   +8   +9  +10
    ---------  ----   ---  ---  ---  ---  ---  ---  ---  ---  ---  ---  ---  ---  ---  ---  ---  ---  ---  ---  ---  ---  ---
    1980 2011   -7   -.06 -.17 -.09  .44*-.05 -.01 -.21 -.06 -.09  .01  .43|   -    -    -    -    -    -    -    -    -    -

 [B] Entire series, effect on correlation (  .430) is:
       Lower   2010< -.189   1980> -.069   2001< -.028   1989> -.018   1982> -.015   1987< -.014  Higher   2003  .400   1990  .024
     1980 to 2011 segment:
       Lower   2010< -.189   1980> -.069   2001< -.028   1989> -.018   1982> -.015   1987< -.014  Higher   2003  .400   1990  .024

====================================================================================================================================

 TTL09B    1980 to  2011      32 years                                                                                    Series  18

 [A] Segment   High   -10   -9   -8   -7   -6   -5   -4   -3   -2   -1   +0   +1   +2   +3   +4   +5   +6   +7   +8   +9  +10
    ---------  ----   ---  ---  ---  ---  ---  ---  ---  ---  ---  ---  ---  ---  ---  ---  ---  ---  ---  ---  ---  ---  ---
    1980 2011   -7   -.08 -.15 -.10  .56* .00 -.04 -.13 -.10 -.19  .09  .43|   -    -    -    -    -    -    -    -    -    -

 [B] Entire series, effect on correlation (  .427) is:
       Lower   2010< -.179   1980> -.069   1987< -.023   2001< -.022   1982> -.017   2005> -.013  Higher   2003  .385   1990  .036
     1980 to 2011 segment:
       Lower   2010< -.179   1980> -.069   1987< -.023   2001< -.022   1982> -.017   2005> -.013  Higher   2003  .385   1990  .036

====================================================================================================================================

 TTL10A    1981 to  2011      31 years                                                                                    Series  19

 [B] Entire series, effect on correlation (  .530) is:
       Lower   1990< -.080   1987< -.041   1986> -.031   1981> -.025   2005> -.016   1992> -.014  Higher   2003  .362   2006  .013

====================================================================================================================================

 TTL10B    1981 to  2011      31 years                                                                                    Series  20

 [A] Segment   High   -10   -9   -8   -7   -6   -5   -4   -3   -2   -1   +0   +1   +2   +3   +4   +5   +6   +7   +8   +9  +10
    ---------  ----   ---  ---  ---  ---  ---  ---  ---  ---  ---  ---  ---  ---  ---  ---  ---  ---  ---  ---  ---  ---  ---
    1981 2011    0   -.22 -.01  .13  .04  .14  .00 -.18 -.06  .11 -.15  .27*   -    -    -    -    -    -    -    -    -    -

 [B] Entire series, effect on correlation (  .275) is:
       Lower   1982< -.063   1998< -.050   1985> -.032   1999< -.027   1981> -.024   2002> -.022  Higher   2003  .198   2001  .024
     1981 to 2011 segment:
       Lower   1982< -.063   1998< -.050   1985> -.032   1999< -.027   1981> -.024   2002> -.022  Higher   2003  .198   2001  .024

====================================================================================================================================

 TTL11B    1870 to  2011     142 years                                                                                    Series  21

 [B] Entire series, effect on correlation (  .437) is:
       Lower   1875< -.075   1965> -.016   1942> -.016   1972< -.016   1973< -.014   1883< -.013  Higher   1899  .015   2003  .013

 [E] Outliers     2   3.0 SD above or -4.5 SD below mean for year
       1875 -4.9 SD;    1942 +3.2 SD
====================================================================================================================================

 TTL11A    1861 to  2011     151 years                                                                                    Series  22

 [*] Early part of series cannot be checked from 1861 to 1866 -- not matched by another series

 [B] Entire series, effect on correlation (  .479) is:
       Lower   1867> -.074   1980> -.021   1969< -.018   2003> -.017   1912< -.012   1957> -.006  Higher   1895  .021   1962  .018

 [E] Outliers     2   3.0 SD above or -4.5 SD below mean for year
       1867 +5.0 SD;    1980 +3.5 SD
====================================================================================================================================

 TTL12B    1882 to  2011     130 years                                                                                    Series  23

 [B] Entire series, effect on correlation (  .515) is:
       Lower   2011< -.040   1908> -.014   1907> -.012   1977< -.010   2003> -.009   1927> -.008  Higher   1980  .012   1966  .012

 [E] Outliers     1   3.0 SD above or -4.5 SD below mean for year
       1908 +3.2 SD
====================================================================================================================================

 TTL12A    1880 to  2011     132 years                                                                                    Series  24

 [B] Entire series, effect on correlation (  .493) is:
       Lower   1988< -.039   1895> -.017   1932> -.013   1969> -.012   1968< -.009   2007< -.006  Higher   1962  .025   1951  .011

====================================================================================================================================

 TTL13B    1867 to  2011     145 years                                                                                    Series  25

 [A] Segment   High   -10   -9   -8   -7   -6   -5   -4   -3   -2   -1   +0   +1   +2   +3   +4   +5   +6   +7   +8   +9  +10
    ---------  ----   ---  ---  ---  ---  ---  ---  ---  ---  ---  ---  ---  ---  ---  ---  ---  ---  ---  ---  ---  ---  ---
    1867 1916    0      -    -    -    - -.21 -.03  .13 -.11  .19 -.03  .33*-.12  .32 -.10 -.04 -.24 -.26 -.22  .14  .27  .04

 [B] Entire series, effect on correlation (  .451) is:
       Lower   1867< -.056   1947< -.025   1875> -.020   1962> -.019   1869> -.014   1950> -.007  Higher   2003  .016   1949  .015
     1867 to 1916 segment:
       Lower   1867< -.189   1875> -.055   1869> -.026   1900< -.016   1890> -.013   1878< -.010  Higher   1874  .041   1894  .034

 [E] Outliers     1   3.0 SD above or -4.5 SD below mean for year
       1867 -5.0 SD
====================================================================================================================================

 TTL13A    1869 to  2011     143 years                                                                                    Series  26

 [B] Entire series, effect on correlation (  .549) is:
       Lower   1875> -.015   1882< -.014   1949< -.013   1877> -.010   1884> -.010   1907> -.009  Higher   2003  .028   1937  .010

====================================================================================================================================

 TTL14A    1881 to  2011     131 years                                                                                    Series  27

 [B] Entire series, effect on correlation (  .600) is:
       Lower   1884< -.017   1965> -.017   1949> -.015   1960< -.014   1978< -.012   2002< -.011  Higher   1895  .017   1962  .015

====================================================================================================================================

 TTL15B    1879 to  2011     133 years                                                                                    Series  28

 [B] Entire series, effect on correlation (  .656) is:
       Lower   1937> -.019   1988< -.011   1963< -.009   1912> -.008   2007< -.007   1948< -.007  Higher   1962  .018   2003  .015

====================================================================================================================================

 TTL15A    1876 to  2011     136 years                                                                                    Series  29

 [B] Entire series, effect on correlation (  .641) is:
       Lower   1911< -.017   1876< -.007   1999< -.007   1969> -.006   1904< -.006   1992> -.006  Higher   1895  .018   1894  .009

====================================================================================================================================
PART 7:  DESCRIPTIVE STATISTICS:                                                                   22:01  Sat 12 Nov 2011  Page   6
------------------------------------------------------------------------------------------------------------------------------------

                                                Corr   //-------- Unfiltered --------\\  //---- Filtered -----\\
                           No.    No.    No.    with   Mean   Max     Std   Auto   Mean   Max     Std   Auto  AR
 Seq Series   Interval   Years  Segmt  Flags   Master  msmt   msmt    dev   corr   sens  value    dev   corr  ()
 --- -------- ---------  -----  -----  -----   ------ -----  -----  -----  -----  -----  -----  -----  -----  --
   1 TTL01A   1980 2011     32      1      0    .582    .82   1.70   .378   .872   .184   2.42   .480   .009   1
   2 TTL01B   1980 2011     32      1      0    .697    .90   1.67   .366   .786   .226   2.46   .448   .025   1
   3 TTL02A   1984 2011     28      1      0    .736    .87   1.38   .307   .738   .202   2.37   .436  -.035   1
   4 TTL02B   1984 2011     28      1      0    .803    .90   1.77   .332   .764   .202   2.47   .437  -.023   1
   5 TTL03A   1975 2011     37      1      0    .638    .73   1.46   .380   .901   .224   2.55   .435   .085   1
   6 TTL03B   1975 2011     37      1      0    .683    .72   1.26   .307   .790   .240   2.59   .456   .040   1
   7 TTL04A   1978 2011     34      1      0    .697    .74   1.95   .376   .807   .199   2.59   .452  -.014   1
   8 TTL04B   1978 2011     34      1      0    .798    .68   1.13   .269   .685   .265   2.44   .476  -.080   1
   9 TTL05A   1979 2011     33      1      0    .765    .76   1.47   .276   .661   .238   2.71   .620  -.058   1
  10 TTL05B   1979 2011     33      1      0    .726    .86   1.49   .358   .722   .238   2.70   .587  -.052   2
  11 TTL06A   1977 2011     35      1      0    .517    .73   1.34   .289   .705   .231   2.61   .619  -.174   2
  12 TTL06B   1977 2011     35      1      0    .515    .70   1.46   .343   .741   .243   2.67   .563   .072   1
  13 TTL07A   1975 2011     37      1      0    .893    .88   1.45   .391   .772   .224   2.48   .427   .045   1
  14 TTL07B   1975 2011     37      1      0    .658    .88   1.66   .399   .670   .247   2.70   .567   .035   1
  15 TTL08A   1975 2011     37      1      0    .509   1.13   2.49   .487   .631   .281   2.63   .536  -.121   1
  16 TTL08B   1975 2011     37      1      0    .495   1.07   2.21   .401   .386   .272   2.70   .476   .030   1
  17 TTL09A   1980 2011     32      1      1    .430    .77   1.22   .263   .591   .280   2.50   .568  -.076   1
  18 TTL09B   1980 2011     32      1      1    .427    .76   1.26   .242   .387   .311   2.51   .578   .006   1
  19 TTL10A   1981 2011     31      1      0    .530    .51   1.11   .219   .671   .309   2.62   .595  -.026   1
  20 TTL10B   1981 2011     31      1      1    .275    .55   1.03   .219   .506   .309   2.55   .558  -.053   1
  21 TTL11B   1870 2011    142      6      0    .437   1.18   3.19   .828   .955   .169   2.64   .399  -.043   1
  22 TTL11A   1861 2011    151      6      0    .479   1.20   3.42   .868   .951   .183   2.44   .364  -.041   1
  23 TTL12B   1882 2011    130      5      0    .515   1.31   3.28   .658   .915   .156   2.70   .408  -.053   1
  24 TTL12A   1880 2011    132      5      0    .493   1.65   5.05   .881   .901   .177   2.70   .455   .004   2
  25 TTL13B   1867 2011    145      6      1    .451   1.35   4.12   .815   .936   .183   2.69   .447  -.049   1
  26 TTL13A   1869 2011    143      6      0    .549   1.33   3.54   .718   .927   .164   2.52   .366  -.013   1
  27 TTL14A   1881 2011    131      5      0    .600   1.05   2.67   .458   .825   .185   2.62   .418  -.004   1
  28 TTL15B   1879 2011    133      5      0    .656    .84   2.55   .537   .897   .226   2.66   .419  -.038   1
  29 TTL15A   1876 2011    136      5      0    .641    .98   2.48   .550   .894   .231   2.71   .441  -.001   1
 --- -------- ---------  -----  -----  -----   ------ -----  -----  -----  -----  -----  -----  -----  -----  --
 Total or mean:           1915     69      4    .564   1.07   5.05   .575   .834   .207   2.71   .448  -.023

                                              - = [  COFECHA TT   COF  ] = -
