[]  Dendrochronology Program Library                                        Run JJ     Program COF  14:36  Mon 07 Nov 2011  Page   1
[]
[]  P R O G R A M      C O F E C H A                                                                          Version 6.06P    28071
------------------------------------------------------------------------------------------------------------------------------------

 QUALITY CONTROL AND DATING CHECK OF TREE-RING MEASUREMENTS

 Title of run:           jj                                      

 File of DATED series:   JJL.raw

 File of UNDATED series: JJD.raw

 CONTENTS:

    Part 1:  Title page, options selected, summary, absent rings by series
    Part 2:  Histogram of time spans
    Part 3:  Master series with sample depth and absent rings by year
    Part 4:  Bar plot of Master Dating Series
    Part 5:  Correlation by segment of each series with Master
    Part 6:  Potential problems: low correlation, divergent year-to-year changes, absent rings, outliers
    Part 7:  Descriptive statistics
    Part 8:  Undated series - adjustments for highest correlations

 RUN CONTROL OPTIONS SELECTED                             VALUE

         1  Cubic smoothing spline 50% wavelength cutoff for filtering
                                                            32 years
         2  Segments examined are                           50 years lagged successively by  25 years
         3  Autoregressive model applied                     A  Residuals are used in master dating series and testing
         4  Series transformed to logarithms                 Y  Each series log-transformed for master dating series and testing
         5  CORRELATION is Pearson (parametric, quantitative)
            Critical correlation, 99% confidence level   .3281
         6  Master dating series saved                       N
         7  Ring measurements listed                         N
         8  Parts printed                             12345678 
         9  Absent rings are omitted from master series and segment correlations  (Y)

 Time span of Master dating series is  1952 to  2012    61 years
 Continuous time span is               1952 to  2012    61 years
 Portion with two or more series is    1952 to  2010    59 years


                                        ****************************************
                                        *C* Number of dated series        31 *C*
                                        *O* Master series 1952 2012   61 yrs *O*
                                        *F* Total rings in all series   1523 *F*
                                        *E* Total dated rings checked   1521 *E*
                                        *C* Series intercorrelation     .592 *C*
                                        *H* Average mean sensitivity    .264 *H*
                                        *A* Segments, possible problems    8 *A*
                                        *** Mean length of series       49.1 ***
                                        ****************************************

 ABSENT RINGS listed by SERIES:            (See Master Dating Series for absent rings listed by year)

 JJL13B      1 absent rings:   1990

             1 absent rings    .066%
PART 2:  TIME PLOT OF TREE-RING SERIES: jj                                                         14:36  Mon 07 Nov 2011  Page   2
------------------------------------------------------------------------------------------------------------------------------------
 1050 1100 1150 1200 1250 1300 1350 1400 1450 1500 1550 1600 1650 1700 1750 1800 1850 1900 1950 2000 2050 Ident   Seq Time-span  Yrs
   :    :    :    :    :    :    :    :    :    :    :    :    :    :    :    :    :    :    :    :    : -------- --- ---- ---- ----
   .    .    .    .    .    .    .    .    .    .    .    .    .    .    .    .    .    .    <=====>   . JJL01A     1 1952 2010   59
   .    .    .    .    .    .    .    .    .    .    .    .    .    .    .    .    .    .    <=====>   . JJL01B     2 1952 2010   59
   .    .    .    .    .    .    .    .    .    .    .    .    .    .    .    .    .    .    <=====>   . JJL02A     3 1952 2010   59
   .    .    .    .    .    .    .    .    .    .    .    .    .    .    .    .    .    .    <=====>   . JJL02B     4 1952 2010   59
   .    .    .    .    .    .    .    .    .    .    .    .    .    .    .    .    .    .    <=====>   . JJL03A     5 1954 2010   57
   .    .    .    .    .    .    .    .    .    .    .    .    .    .    .    .    .    .    <=====>   . JJL03B     6 1954 2010   57
   .    .    .    .    .    .    .    .    .    .    .    .    .    .    .    .    .    .    <=====>   . JJL04A     7 1953 2010   58
   .    .    .    .    .    .    .    .    .    .    .    .    .    .    .    .    .    .    <=====>   . JJL04B     8 1953 2010   58
   .    .    .    .    .    .    .    .    .    .    .    .    .    .    .    .    .    .    <=====>   . JJL05A     9 1956 2010   55
   .    .    .    .    .    .    .    .    .    .    .    .    .    .    .    .    .    .    <=====>   . JJL05B    10 1955 2010   56
   .    .    .    .    .    .    .    .    .    .    .    .    .    .    .    .    .    .    <=====>   . JJL06A    11 1953 2010   58
   .    .    .    .    .    .    .    .    .    .    .    .    .    .    .    .    .    .    <=====>   . JJL06B    12 1953 2010   58
   .    .    .    .    .    .    .    .    .    .    .    .    .    .    .    .    .    .    <=====>   . JJL07A    13 1955 2010   56
   .    .    .    .    .    .    .    .    .    .    .    .    .    .    .    .    .    .    <=====>   . JJL07B    14 1955 2010   56
   .    .    .    .    .    .    .    .    .    .    .    .    .    .    .    .    .    .    <=====>   . JJL08A    15 1954 2010   57
   .    .    .    .    .    .    .    .    .    .    .    .    .    .    .    .    .    .    <=====>   . JJL08B    16 1954 2010   57
   .    .    .    .    .    .    .    .    .    .    .    .    .    .    .    .    .    .    <=====>   . JJL09A    17 1953 2010   58
   .    .    .    .    .    .    .    .    .    .    .    .    .    .    .    .    .    .    <=====>   . JJL09B    18 1953 2010   58
   .    .    .    .    .    .    .    .    .    .    .    .    .    .    .    .    .    .    .<====>   . JJL10A    19 1968 2010   43
   .    .    .    .    .    .    .    .    .    .    .    .    .    .    .    .    .    .    . <===>   . JJL10B    20 1971 2010   40
   .    .    .    .    .    .    .    .    .    .    .    .    .    .    .    .    .    .    .<====>   . JJL11A    21 1969 2010   42
   .    .    .    .    .    .    .    .    .    .    .    .    .    .    .    .    .    .    . <==>    . JJL11B    22 1976 2008   33
   .    .    .    .    .    .    .    .    .    .    .    .    .    .    .    .    .    .    . <===>   . JJL12A    23 1971 2010   40
   .    .    .    .    .    .    .    .    .    .    .    .    .    .    .    .    .    .    .<====>   . JJL12B    24 1969 2010   42
   .    .    .    .    .    .    .    .    .    .    .    .    .    .    .    .    .    .    . <===>   . JJL13B    25 1972 2010   39
   .    .    .    .    .    .    .    .    .    .    .    .    .    .    .    .    .    .    . <===>   . JJL14A    26 1971 2010   40
   .    .    .    .    .    .    .    .    .    .    .    .    .    .    .    .    .    .    .<===>    . JJL14B    27 1969 2006   38
   .    .    .    .    .    .    .    .    .    .    .    .    .    .    .    .    .    .    . <===>   . JJL15A    28 1972 2010   39
   .    .    .    .    .    .    .    .    .    .    .    .    .    .    .    .    .    .    .   <=>   . JJL15B    29 1990 2012   23
   .    .    .    .    .    .    .    .    .    .    .    .    .    .    .    .    .    .    . <==>    . JJL16A    30 1976 2006   31
   .    .    .    .    .    .    .    .    .    .    .    .    .    .    .    .    .    .    . <===>   . JJL16B    31 1973 2010   38
   :    :    :    :    :    :    :    :    :    :    :    :    :    :    :    :    :    :    :    :    :
 1050 1100 1150 1200 1250 1300 1350 1400 1450 1500 1550 1600 1650 1700 1750 1800 1850 1900 1950 2000 2050
   :    :    :    :    :    :    :    :    :    :    :    :    :    :    :    :    :    :    :    :    :
 1050 1100 1150 1200 1250 1300 1350 1400 1450 1500 1550 1600 1650 1700 1750 1800 1850 1900 1950 2000 2050
PART 3:  Master Dating Series: jj                                                                  14:36  Mon 07 Nov 2011  Page   3
------------------------------------------------------------------------------------------------------------------------------------
  Year  Value  No Ab    Year  Value  No Ab    Year  Value  No Ab    Year  Value  No Ab    Year  Value  No Ab    Year  Value  No Ab
  ------------------    ------------------    ------------------    ------------------    ------------------    ------------------
                        2000  -.681  31
                        2001   .283  31
  1952 -1.711   4       2002 -3.927  31
  1953   .095  10       2003  -.119  31
  1954   .673  14       2004 -1.080  31
  1955   .956  17       2005   .452  31
  1956   .938  18       2006 -1.711  31
  1957   .995  18       2007  -.026  29
  1958  1.319  18       2008   .708  29
  1959  -.063  18       2009  1.361  28

  1960   .817  18       2010  1.054  28
  1961  -.456  18       2011   .804   1
  1962 -2.218  18       2012  -.683   1
  1963 -1.395  18
  1964   .585  18
  1965  1.439  18
  1966  -.184  18
  1967  -.345  18
  1968  -.650  19
  1969 -1.467  22

  1970  -.469  22
  1971 -1.504  25
  1972  -.823  27
  1973  -.634  28
  1974   .900  28
  1975   .788  28
  1976  1.043  30
  1977   .627  30
  1978  -.463  30
  1979  -.271  30

  1980  -.371  30
  1981  -.237  30
  1982  -.307  30
  1983  -.657  30
  1984  -.084  30
  1985   .350  30
  1986  1.356  30
  1987  -.092  30
  1988  -.186  30
  1989  1.306  30

  1990  -.915  31  1
  1991  1.134  31
  1992   .544  31
  1993   .352  31
  1994   .820  31
  1995   .380  31
  1996   .214  31
  1997   .441  31
  1998   .661  31
  1999   .333  31
------------------------------------------------------------------------------------------------------------------------------------
PART 4:  Master Bar Plot: jj                                                                       14:36  Mon 07 Nov 2011  Page   4
------------------------------------------------------------------------------------------------------------------------------------
   Year Rel value  Year Rel value  Year Rel value  Year Rel value  Year Rel value  Year Rel value  Year Rel value  Year Rel value
                   2000--c
                   2001------A
   1952g           2002p
   1953-----@      2003----@
   1954-------C    2004-d
   1955---------D  2005------B
   1956---------D  2006g
   1957---------D  2007----@
   1958----------E 2008-------C
   1959----@       2009----------E
   1960--------C   2010---------D
   1961---b        2011--------C
   1962i           2012--c
   1963f
   1964-------B
   1965----------F
   1966----a
   1967---a
   1968--c
   1969f
   1970---b
   1971f
   1972-c
   1973--c
   1974--------D
   1975--------C
   1976---------D
   1977-------C
   1978---b
   1979---a
   1980---a
   1981---a
   1982---a
   1983--c
   1984----@
   1985------A
   1986----------E
   1987----@
   1988----a
   1989----------E
   1990-d
   1991---------E
   1992-------B
   1993------A
   1994--------C
   1995------B
   1996-----A
   1997------B
   1998-------C
   1999------A
PART 5:  CORRELATION OF SERIES BY SEGMENTS: jj                                                     14:36  Mon 07 Nov 2011  Page   5
------------------------------------------------------------------------------------------------------------------------------------
 Correlations of  50-year dated segments, lagged  25 years
 Flags:  A = correlation under   .3281 but highest as dated;  B = correlation higher at other than dated position

 Seq Series  Time_span   1950 1975
                         1999 2024
 --- -------- ---------  ---- ---- ---- ---- ---- ---- ---- ---- ---- ---- ---- ---- ---- ---- ---- ---- ---- ---- ---- ----
   1 JJL01A   1952 2010   .62  .78
   2 JJL01B   1952 2010   .55  .54
   3 JJL02A   1952 2010   .74  .72
   4 JJL02B   1952 2010   .55  .54
   5 JJL03A   1954 2010   .67  .72
   6 JJL03B   1954 2010   .55  .64
   7 JJL04A   1953 2010   .12B .13B
   8 JJL04B   1953 2010   .79  .81
   9 JJL05A   1956 2010   .74  .73
  10 JJL05B   1955 2010   .81  .85
  11 JJL06A   1953 2010   .77  .76
  12 JJL06B   1953 2010   .67  .76
  13 JJL07A   1955 2010   .71  .75
  14 JJL07B   1955 2010   .65  .68
  15 JJL08A   1954 2010   .67  .74
  16 JJL08B   1954 2010   .62  .64
  17 JJL09A   1953 2010   .75  .75
  18 JJL09B   1953 2010   .75  .76
  19 JJL10A   1968 2010   .77
  20 JJL10B   1971 2010   .23B
  21 JJL11A   1969 2010   .10B
  22 JJL11B   1976 2008       -.21B
  23 JJL12A   1971 2010   .82
  24 JJL12B   1969 2010   .34
  25 JJL13B   1972 2010  -.14B
  26 JJL14A   1971 2010   .80
  27 JJL14B   1969 2006   .81
  28 JJL15A   1972 2010   .44
  29 JJL15B   1990 2012        .10B
  30 JJL16A   1976 2006        .49B
  31 JJL16B   1973 2010   .71
 Av segment correlation   .59  .60
PART 6:  POTENTIAL PROBLEMS: jj                                                                    14:36  Mon 07 Nov 2011  Page   5
------------------------------------------------------------------------------------------------------------------------------------

 For each series with potential problems the following diagnostics may appear:

 [A] Correlations with master dating series of flagged  50-year segments of series filtered with  32-year spline,
     at every point from ten years earlier (-10) to ten years later (+10) than dated

 [B] Effect of those data values which most lower or raise correlation with master series
     Symbol following year indicates value in series is greater (>) or lesser (<) than master series value

 [C] Year-to-year changes very different from the mean change in other series

 [D] Absent rings (zero values)

 [E] Values which are statistical outliers from mean for the year
====================================================================================================================================

 JJL01A    1952 to  2010      59 years                                                                                    Series   1

 [B] Entire series, effect on correlation (  .776) is:
       Lower   1961< -.032   1971> -.014   1966> -.010   1998< -.010   1984< -.009   1972> -.007  Higher   2002  .123   1989  .006

====================================================================================================================================

 JJL01B    1952 to  2010      59 years                                                                                    Series   2

 [B] Entire series, effect on correlation (  .535) is:
       Lower   1994< -.053   2002> -.049   1961< -.038   1969> -.014   1988> -.009   1957< -.008  Higher   1962  .036   1965  .012

====================================================================================================================================

 JJL02A    1952 to  2010      59 years                                                                                    Series   3

 [B] Entire series, effect on correlation (  .743) is:
       Lower   2009< -.030   2006> -.029   1984< -.020   1969> -.016   1964< -.010   1997< -.009  Higher   2002  .104   1962  .024

====================================================================================================================================

 JJL02B    1952 to  2010      59 years                                                                                    Series   4

 [B] Entire series, effect on correlation (  .571) is:
       Lower   1998< -.090   1965< -.018   1980< -.013   2009< -.013   1961> -.009   1982> -.006  Higher   1962  .035   2002  .017

====================================================================================================================================

 JJL03A    1954 to  2010      57 years                                                                                    Series   5

 [B] Entire series, effect on correlation (  .683) is:
       Lower   1956< -.033   1993< -.021   1965< -.017   1973> -.012   1967> -.012   1962> -.011  Higher   2002  .136   1971  .010

====================================================================================================================================

 JJL03B    1954 to  2010      57 years                                                                                    Series   6

 [B] Entire series, effect on correlation (  .579) is:
       Lower   1957< -.066   1963> -.038   1962> -.026   1967> -.022   1966> -.016   1991< -.013  Higher   2002  .238   1986  .013

 [E] Outliers     1   3.0 SD above or -4.5 SD below mean for year
       1963 +3.0 SD
====================================================================================================================================

 JJL04A    1953 to  2010      58 years                                                                                    Series   7

 [A] Segment   High   -10   -9   -8   -7   -6   -5   -4   -3   -2   -1   +0   +1   +2   +3   +4   +5   +6   +7   +8   +9  +10
    ---------  ----   ---  ---  ---  ---  ---  ---  ---  ---  ---  ---  ---  ---  ---  ---  ---  ---  ---  ---  ---  ---  ---
    1953 2002    5      -    -    -    -    -    -    -    -    -  .00  .12|-.03 -.10  .34 -.02  .37* .04  .10  .00  .20 -.04
    1961 2010   -4      - -.01 -.20 -.11 -.09 -.15  .22*-.08 -.09 -.08  .13|-.03 -.10    -    -    -    -    -    -    -    -

 [B] Entire series, effect on correlation (  .176) is:
       Lower   2002> -.091   1997< -.048   1983> -.017   2005< -.016   1971> -.013   1999< -.010  Higher   1962  .040   2006  .029
     1953 to 2002 segment:
       Lower   2002> -.087   1997< -.052   1983> -.018   1971> -.013   1999< -.012   1977< -.011  Higher   1962  .050   1963  .020
     1961 to 2010 segment:
       Lower   2002> -.095   1997< -.051   1983> -.018   2005< -.017   1971> -.015   1999< -.012  Higher   1962  .041   2006  .029

 [E] Outliers     1   3.0 SD above or -4.5 SD below mean for year
       2002 +4.2 SD
====================================================================================================================================

 JJL04B    1953 to  2010      58 years                                                                                    Series   8

 [B] Entire series, effect on correlation (  .784) is:
       Lower   1955< -.017   1969> -.015   1984> -.011   1961> -.010   1981< -.009   1971> -.008  Higher   2002  .137   1962  .022

====================================================================================================================================

 JJL05A    1956 to  2010      55 years                                                                                    Series   9

 [B] Entire series, effect on correlation (  .739) is:
       Lower   1985< -.028   2005< -.021   1967> -.015   1983> -.013   1993> -.011   1980> -.009  Higher   2002  .067   1962  .013

====================================================================================================================================

 JJL05B    1955 to  2010      56 years                                                                                    Series  10

 [B] Entire series, effect on correlation (  .812) is:
       Lower   1958< -.026   1957> -.015   1988> -.014   2001< -.012   1980< -.007   2009< -.005  Higher   2002  .104   1962  .009

====================================================================================================================================

 JJL06A    1953 to  2010      58 years                                                                                    Series  11

 [B] Entire series, effect on correlation (  .753) is:
       Lower   1967> -.022   1992< -.018   2010< -.017   1980< -.014   2006> -.011   1987> -.011  Higher   2002  .125   1962  .021

====================================================================================================================================

 JJL06B    1953 to  2010      58 years                                                                                    Series  12

 [B] Entire series, effect on correlation (  .692) is:
       Lower   1987< -.029   1958< -.029   1963> -.016   1973< -.015   1983> -.015   1956< -.014  Higher   2002  .142   2006  .015

====================================================================================================================================

 JJL07A    1955 to  2010      56 years                                                                                    Series  13

 [B] Entire series, effect on correlation (  .719) is:
       Lower   1962> -.061   1959< -.036   1993> -.020   1991< -.017   1969> -.013   1966> -.012  Higher   2002  .191   1965  .007

====================================================================================================================================

 JJL07B    1955 to  2010      56 years                                                                                    Series  14

 [B] Entire series, effect on correlation (  .671) is:
       Lower   1962> -.051   1969> -.027   1963> -.017   1961> -.015   1967< -.014   1975< -.012  Higher   2002  .188   2006  .018

====================================================================================================================================

 JJL08A    1954 to  2010      57 years                                                                                    Series  15

 [B] Entire series, effect on correlation (  .683) is:
       Lower   1962> -.027   1959> -.026   1982< -.019   1995< -.011   1954< -.009   1960< -.009  Higher   2002  .137   1969  .009

====================================================================================================================================

 JJL08B    1954 to  2010      57 years                                                                                    Series  16

 [B] Entire series, effect on correlation (  .637) is:
       Lower   2000< -.033   1961> -.030   1996< -.021   1973< -.015   1980> -.012   1985< -.012  Higher   2002  .110   1962  .021

====================================================================================================================================

 JJL09A    1953 to  2010      58 years                                                                                    Series  17

 [B] Entire series, effect on correlation (  .746) is:
       Lower   1992< -.022   1996> -.015   1984< -.013   1997< -.012   1966> -.012   1954< -.008  Higher   2002  .104   1991  .006

====================================================================================================================================

 JJL09B    1953 to  2010      58 years                                                                                    Series  18

 [B] Entire series, effect on correlation (  .744) is:
       Lower   1989< -.025   1967< -.023   1982> -.014   1958< -.010   1973< -.009   1971> -.009  Higher   2002  .161   2006  .009

====================================================================================================================================

 JJL10A    1968 to  2010      43 years                                                                                    Series  19

 [B] Entire series, effect on correlation (  .769) is:
       Lower   1992< -.036   1984< -.019   1985< -.016   1973> -.012   2007< -.008   1968> -.008  Higher   2002  .177   2006  .016

====================================================================================================================================

 JJL10B    1971 to  2010      40 years                                                                                    Series  20

 [A] Segment   High   -10   -9   -8   -7   -6   -5   -4   -3   -2   -1   +0   +1   +2   +3   +4   +5   +6   +7   +8   +9  +10
    ---------  ----   ---  ---  ---  ---  ---  ---  ---  ---  ---  ---  ---  ---  ---  ---  ---  ---  ---  ---  ---  ---  ---
    1971 2010   -4    .11  .05 -.19 -.13 -.11 -.05  .33*-.07  .27  .11  .23|-.02 -.02    -    -    -    -    -    -    -    -

 [B] Entire series, effect on correlation (  .228) is:
       Lower   1986< -.091   1997< -.045   1983> -.030   1982> -.017   1978> -.017   1987> -.015  Higher   2002  .115   2006  .085
     1971 to 2010 segment:
       Lower   1986< -.091   1997< -.045   1983> -.030   1982> -.017   1978> -.017   1987> -.015  Higher   2002  .115   2006  .085

====================================================================================================================================

 JJL11A    1969 to  2010      42 years                                                                                    Series  21

 [A] Segment   High   -10   -9   -8   -7   -6   -5   -4   -3   -2   -1   +0   +1   +2   +3   +4   +5   +6   +7   +8   +9  +10
    ---------  ----   ---  ---  ---  ---  ---  ---  ---  ---  ---  ---  ---  ---  ---  ---  ---  ---  ---  ---  ---  ---  ---
    1969 2010    2    .06  .09 -.10 -.14  .01 -.09 -.07  .16 -.14 -.02  .10| .09  .28*   -    -    -    -    -    -    -    -

 [B] Entire series, effect on correlation (  .097) is:
       Lower   1976< -.073   1972> -.030   2005< -.029   1996< -.019   2001< -.019   1990> -.017  Higher   2002  .064   1989  .029
     1969 to 2010 segment:
       Lower   1976< -.073   1972> -.030   2005< -.029   1996< -.019   2001< -.019   1990> -.017  Higher   2002  .064   1989  .029

 [E] Outliers     1   3.0 SD above or -4.5 SD below mean for year
       1972 +3.8 SD
====================================================================================================================================

 JJL11B    1976 to  2008      33 years                                                                                    Series  22

 [A] Segment   High   -10   -9   -8   -7   -6   -5   -4   -3   -2   -1   +0   +1   +2   +3   +4   +5   +6   +7   +8   +9  +10
    ---------  ----   ---  ---  ---  ---  ---  ---  ---  ---  ---  ---  ---  ---  ---  ---  ---  ---  ---  ---  ---  ---  ---
    1976 2008   -6   -.22  .02  .28 -.24  .71*-.03  .12 -.02 -.09 -.10 -.21|-.02 -.24 -.25  .14    -    -    -    -    -    -

 [B] Entire series, effect on correlation ( -.215) is:
       Lower   1989< -.055   2008< -.052   2000> -.019   2004> -.018   1982> -.008   1978> -.008  Higher   2002  .053   2003  .020
     1976 to 2008 segment:
       Lower   1989< -.055   2008< -.052   2000> -.019   2004> -.018   1982> -.008   1978> -.008  Higher   2002  .053   2003  .020

 [E] Outliers     1   3.0 SD above or -4.5 SD below mean for year
       2002 +3.4 SD
====================================================================================================================================

 JJL12A    1971 to  2010      40 years                                                                                    Series  23

 [B] Entire series, effect on correlation (  .824) is:
       Lower   1979< -.019   1973> -.018   1996< -.015   2004> -.015   1986< -.015   1972> -.010  Higher   2002  .175   2006  .013

====================================================================================================================================

 JJL12B    1969 to  2010      42 years                                                                                    Series  24

 [B] Entire series, effect on correlation (  .336) is:
       Lower   2002> -.089   2005< -.040   1970< -.030   1984< -.019   1973> -.012   1972> -.010  Higher   1971  .037   1989  .032

====================================================================================================================================

 JJL13B    1972 to  2010      39 years                                                                                    Series  25

 [A] Segment   High   -10   -9   -8   -7   -6   -5   -4   -3   -2   -1   +0   +1   +2   +3   +4   +5   +6   +7   +8   +9  +10
    ---------  ----   ---  ---  ---  ---  ---  ---  ---  ---  ---  ---  ---  ---  ---  ---  ---  ---  ---  ---  ---  ---  ---
    1972 2010   -4   -.15 -.31  .01 -.14  .07  .09  .17* .12  .13  .03 -.14|-.10  .03    -    -    -    -    -    -    -    -

 [B] Entire series, effect on correlation ( -.047) is:
       Lower   1974< -.171   2002> -.151   1987> -.012   2008< -.009   1978> -.008   1998< -.007  Higher   1990  .092   2006  .050
     1972 to 2010 segment:
       Lower   1974< -.171   2002> -.151   1987> -.012   2008< -.009   1978> -.008   1998< -.007  Higher   1990  .092   2006  .050

 [C] Year-to-year changes diverging by over 4.0 std deviations:
       1973 1974  -4.5 SD

 [D]    1 Absent rings:  Year   Master  N series Absent
                         1990    -.915      31       1

 [E] Outliers     2   3.0 SD above or -4.5 SD below mean for year
       1974 -6.8 SD;    2002 +4.5 SD
====================================================================================================================================

 JJL14A    1971 to  2010      40 years                                                                                    Series  26

 [B] Entire series, effect on correlation (  .805) is:
       Lower   1992< -.026   1993> -.018   2003< -.018   1977< -.016   2000> -.014   1979< -.013  Higher   2002  .186   2006  .013

====================================================================================================================================

 JJL14B    1969 to  2006      38 years                                                                                    Series  27

 [B] Entire series, effect on correlation (  .811) is:
       Lower   2006> -.026   1992< -.023   1983< -.018   1978< -.016   1981> -.009   2001< -.008  Higher   2002  .230   1991  .007

====================================================================================================================================

 JJL15A    1972 to  2010      39 years                                                                                    Series  28

 [B] Entire series, effect on correlation (  .436) is:
       Lower   1993< -.111   2006> -.038   1988> -.016   1975< -.013   1980< -.012   1987> -.011  Higher   2002  .125   1990  .031

====================================================================================================================================

 JJL15B    1990 to  2012      23 years                                                                                    Series  29

 [*] Later part of series cannot be checked from 2011 to 2012 -- not matched by another series

 [A] Segment   High   -10   -9   -8   -7   -6   -5   -4   -3   -2   -1   +0   +1   +2   +3   +4   +5   +6   +7   +8   +9  +10
    ---------  ----   ---  ---  ---  ---  ---  ---  ---  ---  ---  ---  ---  ---  ---  ---  ---  ---  ---  ---  ---  ---  ---
    1990 2010   -5   -.01 -.03 -.35 -.07  .08  .33* .14  .14  .00 -.03  .10|-.24 -.19    -    -    -    -    -    -    -    -

 [B] Entire series, effect on correlation (  .103) is:
       Lower   2002> -.096   1993< -.058   1990> -.039   2007< -.034   1995< -.020   2000> -.014  Higher   2006  .098   2010  .029
     1990 to 2010 segment:
       Lower   2002> -.096   1993< -.058   1990> -.039   2007< -.034   1995< -.020   2000> -.014  Higher   2006  .098   2010  .029

 [E] Outliers     1   3.0 SD above or -4.5 SD below mean for year
       2002 +3.3 SD
====================================================================================================================================

 JJL16A    1976 to  2006      31 years                                                                                    Series  30

 [A] Segment   High   -10   -9   -8   -7   -6   -5   -4   -3   -2   -1   +0   +1   +2   +3   +4   +5   +6   +7   +8   +9  +10
    ---------  ----   ---  ---  ---  ---  ---  ---  ---  ---  ---  ---  ---  ---  ---  ---  ---  ---  ---  ---  ---  ---  ---
    1976 2006   -7    .04  .01 -.33  .52* .16  .14  .23 -.07 -.02 -.11  .49|-.21 -.01 -.05 -.05  .25 -.16    -    -    -    -

 [B] Entire series, effect on correlation (  .493) is:
       Lower   1976< -.082   1997< -.043   1989< -.039   2004> -.035   1980> -.026   1985< -.023  Higher   2002  .437   2006  .029
     1976 to 2006 segment:
       Lower   1976< -.082   1997< -.043   1989< -.039   2004> -.035   1980> -.026   1985< -.023  Higher   2002  .437   2006  .029

====================================================================================================================================

 JJL16B    1973 to  2010      38 years                                                                                    Series  31

 [B] Entire series, effect on correlation (  .711) is:
       Lower   1973> -.032   2006> -.027   2000> -.019   1987< -.017   2010< -.014   1980< -.013  Higher   2002  .255   1989  .011

====================================================================================================================================
PART 7:  DESCRIPTIVE STATISTICS: jj                                                                14:36  Mon 07 Nov 2011  Page   6
------------------------------------------------------------------------------------------------------------------------------------

                                                Corr   //-------- Unfiltered --------\\  //---- Filtered -----\\
                           No.    No.    No.    with   Mean   Max     Std   Auto   Mean   Max     Std   Auto  AR
 Seq Series   Interval   Years  Segmt  Flags   Master  msmt   msmt    dev   corr   sens  value    dev   corr  ()
 --- -------- ---------  -----  -----  -----   ------ -----  -----  -----  -----  -----  -----  -----  -----  --
   1 JJL01A   1952 2010     59      2      0    .776    .64   1.38   .261   .636   .261   2.52   .427  -.044   1
   2 JJL01B   1952 2010     59      2      0    .535    .54   1.14   .286   .869   .250   2.64   .555   .034   1
   3 JJL02A   1952 2010     59      2      0    .743    .64   1.30   .279   .614   .329   2.52   .493   .032   1
   4 JJL02B   1952 2010     59      2      0    .571    .67   1.37   .333   .638   .373   2.51   .438  -.044   3
   5 JJL03A   1954 2010     57      2      0    .683    .85   2.04   .439   .708   .279   2.69   .497  -.070   1
   6 JJL03B   1954 2010     57      2      0    .579    .49   1.35   .268   .751   .315   2.63   .433  -.020   2
   7 JJL04A   1953 2010     58      2      2    .176    .95   2.47   .605   .862   .300   2.67   .587   .103   5
   8 JJL04B   1953 2010     58      2      0    .784    .96   2.18   .579   .869   .263   2.58   .409  -.062   1
   9 JJL05A   1956 2010     55      2      0    .739   1.16   2.34   .582   .760   .312   2.59   .584  -.025   1
  10 JJL05B   1955 2010     56      2      0    .812   1.31   3.10   .817   .849   .276   2.77   .443  -.001   1
  11 JJL06A   1953 2010     58      2      0    .753   1.03   2.45   .594   .832   .269   2.58   .456  -.053   1
  12 JJL06B   1953 2010     58      2      0    .692    .83   1.47   .353   .650   .290   2.76   .477  -.045   1
  13 JJL07A   1955 2010     56      2      0    .719   1.17   3.37   .851   .875   .239   2.52   .397  -.055   1
  14 JJL07B   1955 2010     56      2      0    .671    .88   2.61   .595   .843   .258   2.55   .438  -.070   1
  15 JJL08A   1954 2010     57      2      0    .683   1.59   3.80   .986   .823   .294   2.78   .495  -.106   1
  16 JJL08B   1954 2010     57      2      0    .637   1.35   3.53   .837   .825   .296   2.78   .572  -.044   1
  17 JJL09A   1953 2010     58      2      0    .746    .61   1.18   .253   .772   .236   2.59   .496  -.068   1
  18 JJL09B   1953 2010     58      2      0    .744    .78   1.80   .442   .908   .207   2.50   .409  -.019   1
  19 JJL10A   1968 2010     43      1      0    .769   1.42   2.65   .464   .618   .245   2.64   .468  -.048   2
  20 JJL10B   1971 2010     40      1      1    .228   1.78   3.19   .707   .755   .208   2.72   .666  -.040   1
  21 JJL11A   1969 2010     42      1      1    .097   1.39   2.99   .624   .721   .249   2.95   .696   .033   1
  22 JJL11B   1976 2008     33      1      1   -.215   1.81   2.84   .490   .429   .208   2.68   .667   .003   1
  23 JJL12A   1971 2010     40      1      0    .824   1.41   2.26   .412   .753   .168   2.59   .444  -.048   1
  24 JJL12B   1969 2010     42      1      0    .336   1.17   2.30   .497   .827   .202   2.82   .649   .154   4
  25 JJL13B   1972 2010     39      1      1   -.047   1.35   2.70   .591   .236   .365   2.28   .428  -.072   1
  26 JJL14A   1971 2010     40      1      0    .805   1.22   2.25   .446   .674   .238   2.53   .451   .053   1
  27 JJL14B   1969 2006     38      1      0    .811   1.44   2.44   .529   .628   .253   2.33   .416   .010   1
  28 JJL15A   1972 2010     39      1      0    .436   1.32   2.55   .722   .885   .228   2.52   .533  -.085   1
  29 JJL15B   1990 2012     23      1      1    .103   1.61   2.48   .525   .774   .189   2.72   .637   .045   1
  30 JJL16A   1976 2006     31      1      1    .493   1.66   2.36   .356   .256   .205   2.62   .566  -.048   1
  31 JJL16B   1973 2010     38      1      0    .711   1.28   2.21   .464   .733   .196   2.50   .489  -.116   1
 --- -------- ---------  -----  -----  -----   ------ -----  -----  -----  -----  -----  -----  -----  -----  --
 Total or mean:           1523     49      8    .592   1.08   3.80   .521   .738   .264   2.95   .499  -.025
PART 8:  ADJUSTMENTS FOR UNDATED SERIES: jj                                                        14:36  Mon 07 Nov 2011  Page   7
------------------------------------------------------------------------------------------------------------------------------------

 Time span  1952  2012    61 years, best matches for  50-year segments lagged  25 years
 Listed in order from highest correlation

           Counted       Corr      Corr      Corr      Corr      Corr      Corr      Corr      Corr      Corr      Corr      Corr
 Series    Segment   Add  # 1  Add  # 2  Add  # 3  Add  # 4  Add  # 5  Add  # 6  Add  # 7  Add  # 8  Add  # 9  Add  #10  Add  #11
 -------- ---------  --------  --------  --------  --------  --------  --------  --------  --------  --------  --------  --------
 JJD01A   1956 1993     0 .42    10 .31     9 .21     3 .18    12 .17     1 .14    13 .11     7 .07    11 .01   --- ---   --- ---
===================  ========  ========  ========  ========  ========  ========  ========  ========  ========  ========  ========
           Counted       Corr      Corr      Corr      Corr      Corr      Corr      Corr      Corr      Corr      Corr      Corr
 Series    Segment   Add  # 1  Add  # 2  Add  # 3  Add  # 4  Add  # 5  Add  # 6  Add  # 7  Add  # 8  Add  # 9  Add  #10  Add  #11
 -------- ---------  --------  --------  --------  --------  --------  --------  --------  --------  --------  --------  --------
 JJD01B   1956 1994     0 .48    12 .28     3 .28    18 .18    10 .13    -4 .11    15 .07    16 .04     8 .03    17 .03    14 .02
===================  ========  ========  ========  ========  ========  ========  ========  ========  ========  ========  ========
           Counted       Corr      Corr      Corr      Corr      Corr      Corr      Corr      Corr      Corr      Corr      Corr
 Series    Segment   Add  # 1  Add  # 2  Add  # 3  Add  # 4  Add  # 5  Add  # 6  Add  # 7  Add  # 8  Add  # 9  Add  #10  Add  #11
 -------- ---------  --------  --------  --------  --------  --------  --------  --------  --------  --------  --------  --------
 JJD02A   1955 1996     0 .50    12 .27     7 .17    10 .17     8 .14     1 .09     9 .01   --- ---   --- ---   --- ---   --- ---
===================  ========  ========  ========  ========  ========  ========  ========  ========  ========  ========  ========
           Counted       Corr      Corr      Corr      Corr      Corr      Corr      Corr      Corr      Corr      Corr      Corr
 Series    Segment   Add  # 1  Add  # 2  Add  # 3  Add  # 4  Add  # 5  Add  # 6  Add  # 7  Add  # 8  Add  # 9  Add  #10  Add  #11
 -------- ---------  --------  --------  --------  --------  --------  --------  --------  --------  --------  --------  --------
 JJD02B   1955 1996     0 .34    12 .33    10 .18    15 .13     8 .08     6 .06     9 .03     5 .03    14 .02     2 .02   --- ---
===================  ========  ========  ========  ========  ========  ========  ========  ========  ========  ========  ========
           Counted       Corr      Corr      Corr      Corr      Corr      Corr      Corr      Corr      Corr      Corr      Corr
 Series    Segment   Add  # 1  Add  # 2  Add  # 3  Add  # 4  Add  # 5  Add  # 6  Add  # 7  Add  # 8  Add  # 9  Add  #10  Add  #11
 -------- ---------  --------  --------  --------  --------  --------  --------  --------  --------  --------  --------  --------
 JJD03A   1954 1996     0 .30    12 .17    10 .15    11 .15     7 .10     8 .10     3 .09     9 .08    -1 .07    15 .06    13 .04
===================  ========  ========  ========  ========  ========  ========  ========  ========  ========  ========  ========
           Counted       Corr      Corr      Corr      Corr      Corr      Corr      Corr      Corr      Corr      Corr      Corr
 Series    Segment   Add  # 1  Add  # 2  Add  # 3  Add  # 4  Add  # 5  Add  # 6  Add  # 7  Add  # 8  Add  # 9  Add  #10  Add  #11
 -------- ---------  --------  --------  --------  --------  --------  --------  --------  --------  --------  --------  --------
 JJD03B   1954 1996     0 .24    -1 .18    10 .15     9 .15    15 .13     8 .12    12 .12    11 .07     6 .07    -2 .05   --- ---
===================  ========  ========  ========  ========  ========  ========  ========  ========  ========  ========  ========
           Counted       Corr      Corr      Corr      Corr      Corr      Corr      Corr      Corr      Corr      Corr      Corr
 Series    Segment   Add  # 1  Add  # 2  Add  # 3  Add  # 4  Add  # 5  Add  # 6  Add  # 7  Add  # 8  Add  # 9  Add  #10  Add  #11
 -------- ---------  --------  --------  --------  --------  --------  --------  --------  --------  --------  --------  --------
 JJD04A   1953 1995     0 .43    -1 .27    10 .24     1 .24     4 .21     8 .16    16 .08     6 .03    14 .03   --- ---   --- ---
===================  ========  ========  ========  ========  ========  ========  ========  ========  ========  ========  ========
           Counted       Corr      Corr      Corr      Corr      Corr      Corr      Corr      Corr      Corr      Corr      Corr
 Series    Segment   Add  # 1  Add  # 2  Add  # 3  Add  # 4  Add  # 5  Add  # 6  Add  # 7  Add  # 8  Add  # 9  Add  #10  Add  #11
 -------- ---------  --------  --------  --------  --------  --------  --------  --------  --------  --------  --------  --------
 JJD04B   1954 1993    -1 .41    18 .30     8 .28     0 .20    16 .15     6 .15    15 .14    -2 .13     4 .12     1 .11    19 .09
===================  ========  ========  ========  ========  ========  ========  ========  ========  ========  ========  ========
           Counted       Corr      Corr      Corr      Corr      Corr      Corr      Corr      Corr      Corr      Corr      Corr
 Series    Segment   Add  # 1  Add  # 2  Add  # 3  Add  # 4  Add  # 5  Add  # 6  Add  # 7  Add  # 8  Add  # 9  Add  #10  Add  #11
 -------- ---------  --------  --------  --------  --------  --------  --------  --------  --------  --------  --------  --------
 JJD05A   1953 1998     0 .46     3 .35     1 .19    10 .12     6 .08    -1 .07     4 .05     7 .03     8 .02   --- ---   --- ---
===================  ========  ========  ========  ========  ========  ========  ========  ========  ========  ========  ========
           Counted       Corr      Corr      Corr      Corr      Corr      Corr      Corr      Corr      Corr      Corr      Corr
 Series    Segment   Add  # 1  Add  # 2  Add  # 3  Add  # 4  Add  # 5  Add  # 6  Add  # 7  Add  # 8  Add  # 9  Add  #10  Add  #11
 -------- ---------  --------  --------  --------  --------  --------  --------  --------  --------  --------  --------  --------
 JJD05B   1953 2002     0 .20    10 .05   --- ---   --- ---   --- ---   --- ---   --- ---   --- ---   --- ---   --- ---   --- ---
 JJD05B   1959 2008  Lag from prior segment   6 years; insufficient
===================  ========  ========  ========  ========  ========  ========  ========  ========  ========  ========  ========
           Counted       Corr      Corr      Corr      Corr      Corr      Corr      Corr      Corr      Corr      Corr      Corr
 Series    Segment   Add  # 1  Add  # 2  Add  # 3  Add  # 4  Add  # 5  Add  # 6  Add  # 7  Add  # 8  Add  # 9  Add  #10  Add  #11
 -------- ---------  --------  --------  --------  --------  --------  --------  --------  --------  --------  --------  --------
 JJD06A   1967 2007     0 .36    -2 .33    -4 .27    -1 .20   -13 .19     2 .18   -10 .18   -12 .11    -9 .07    -3 .01   -14 .00
===================  ========  ========  ========  ========  ========  ========  ========  ========  ========  ========  ========
           Counted       Corr      Corr      Corr      Corr      Corr      Corr      Corr      Corr      Corr      Corr      Corr
 Series    Segment   Add  # 1  Add  # 2  Add  # 3  Add  # 4  Add  # 5  Add  # 6  Add  # 7  Add  # 8  Add  # 9  Add  #10  Add  #11
 -------- ---------  --------  --------  --------  --------  --------  --------  --------  --------  --------  --------  --------
 JJD06B   1967 2007   -10 .35     0 .25   -13 .24   -12 .21    -3 .16    -4 .11     1 .10    -2 .09     2 .05   -11 .05    -1 .01
===================  ========  ========  ========  ========  ========  ========  ========  ========  ========  ========  ========
           Counted       Corr      Corr      Corr      Corr      Corr      Corr      Corr      Corr      Corr      Corr      Corr
 Series    Segment   Add  # 1  Add  # 2  Add  # 3  Add  # 4  Add  # 5  Add  # 6  Add  # 7  Add  # 8  Add  # 9  Add  #10  Add  #11
 -------- ---------  --------  --------  --------  --------  --------  --------  --------  --------  --------  --------  --------
 JJD07A   1957 1983     0 .53    20 .33    18 .31     1 .20    10 .18     8 .18    11 .14    24 .10    -4 .10    12 .10    19 .10
===================  ========  ========  ========  ========  ========  ========  ========  ========  ========  ========  ========
           Counted       Corr      Corr      Corr      Corr      Corr      Corr      Corr      Corr      Corr      Corr      Corr
 Series    Segment   Add  # 1  Add  # 2  Add  # 3  Add  # 4  Add  # 5  Add  # 6  Add  # 7  Add  # 8  Add  # 9  Add  #10  Add  #11
 -------- ---------  --------  --------  --------  --------  --------  --------  --------  --------  --------  --------  --------
 JJD07B   1958 1981    31 .61     0 .48    22 .38     1 .33    19 .27    10 .26     2 .22    12 .18    -2 .17    16 .16     7 .11
===================  ========  ========  ========  ========  ========  ========  ========  ========  ========  ========  ========
           Counted       Corr      Corr      Corr      Corr      Corr      Corr      Corr      Corr      Corr      Corr      Corr
 Series    Segment   Add  # 1  Add  # 2  Add  # 3  Add  # 4  Add  # 5  Add  # 6  Add  # 7  Add  # 8  Add  # 9  Add  #10  Add  #11
 -------- ---------  --------  --------  --------  --------  --------  --------  --------  --------  --------  --------  --------
 JJD08A   1967 2003     1 .24     0 .22   -15 .22    -1 .21   -10 .15    -9 .14   -11 .10    -3 .08    -4 .07     5 .06   -13 .04
===================  ========  ========  ========  ========  ========  ========  ========  ========  ========  ========  ========
           Counted       Corr      Corr      Corr      Corr      Corr      Corr      Corr      Corr      Corr      Corr      Corr
 Series    Segment   Add  # 1  Add  # 2  Add  # 3  Add  # 4  Add  # 5  Add  # 6  Add  # 7  Add  # 8  Add  # 9  Add  #10  Add  #11
 -------- ---------  --------  --------  --------  --------  --------  --------  --------  --------  --------  --------  --------
 JJD08B   1968 2002     4 .68    -8 .31     0 .25     2 .23   -15 .19     6 .19    -6 .16    -5 .12   -16 .11   -10 .04     7 .02
===================  ========  ========  ========  ========  ========  ========  ========  ========  ========  ========  ========
           Counted       Corr      Corr      Corr      Corr      Corr      Corr      Corr      Corr      Corr      Corr      Corr
 Series    Segment   Add  # 1  Add  # 2  Add  # 3  Add  # 4  Add  # 5  Add  # 6  Add  # 7  Add  # 8  Add  # 9  Add  #10  Add  #11
 -------- ---------  --------  --------  --------  --------  --------  --------  --------  --------  --------  --------  --------
 JJD09A   1952 2001     9 .27     2 .24     5 .17     0 .16     7 .14     6 .10     1 .08    11 .04     3 .02   --- ---   --- ---
===================  ========  ========  ========  ========  ========  ========  ========  ========  ========  ========  ========
           Counted       Corr      Corr      Corr      Corr      Corr      Corr      Corr      Corr      Corr      Corr      Corr
 Series    Segment   Add  # 1  Add  # 2  Add  # 3  Add  # 4  Add  # 5  Add  # 6  Add  # 7  Add  # 8  Add  # 9  Add  #10  Add  #11
 -------- ---------  --------  --------  --------  --------  --------  --------  --------  --------  --------  --------  --------
 JJD09B   1956 2005     0 .31     3 .22     1 .13    -1 .12     7 .07     6 .02   --- ---   --- ---   --- ---   --- ---   --- ---
===================  ========  ========  ========  ========  ========  ========  ========  ========  ========  ========  ========
           Counted       Corr      Corr      Corr      Corr      Corr      Corr      Corr      Corr      Corr      Corr      Corr
 Series    Segment   Add  # 1  Add  # 2  Add  # 3  Add  # 4  Add  # 5  Add  # 6  Add  # 7  Add  # 8  Add  # 9  Add  #10  Add  #11
 -------- ---------  --------  --------  --------  --------  --------  --------  --------  --------  --------  --------  --------
 JJD10A   1953 2000     0 .58    -1 .13     7 .12     1 .08     9 .08     5 .05     4 .04   --- ---   --- ---   --- ---   --- ---
===================  ========  ========  ========  ========  ========  ========  ========  ========  ========  ========  ========
           Counted       Corr      Corr      Corr      Corr      Corr      Corr      Corr      Corr      Corr      Corr      Corr
 Series    Segment   Add  # 1  Add  # 2  Add  # 3  Add  # 4  Add  # 5  Add  # 6  Add  # 7  Add  # 8  Add  # 9  Add  #10  Add  #11
 -------- ---------  --------  --------  --------  --------  --------  --------  --------  --------  --------  --------  --------
 JJD10B   1954 2000     0 .35     5 .17     7 .16    -2 .16     9 .11     8 .10    -1 .06     1 .05    12 .03     3 .02   --- ---
===================  ========  ========  ========  ========  ========  ========  ========  ========  ========  ========  ========
           Counted       Corr      Corr      Corr      Corr      Corr      Corr      Corr      Corr      Corr      Corr      Corr
 Series    Segment   Add  # 1  Add  # 2  Add  # 3  Add  # 4  Add  # 5  Add  # 6  Add  # 7  Add  # 8  Add  # 9  Add  #10  Add  #11
 -------- ---------  --------  --------  --------  --------  --------  --------  --------  --------  --------  --------  --------
 JJD11A   1965 2007     0 .51   -10 .35     2 .28   -12 .16    -1 .14    -9 .10     4 .07     1 .07    -3 .06    -7 .03   --- ---
===================  ========  ========  ========  ========  ========  ========  ========  ========  ========  ========  ========
           Counted       Corr      Corr      Corr      Corr      Corr      Corr      Corr      Corr      Corr      Corr      Corr
 Series    Segment   Add  # 1  Add  # 2  Add  # 3  Add  # 4  Add  # 5  Add  # 6  Add  # 7  Add  # 8  Add  # 9  Add  #10  Add  #11
 -------- ---------  --------  --------  --------  --------  --------  --------  --------  --------  --------  --------  --------
 JJD11B   1965 2007   -10 .37    -1 .33     0 .22    -3 .20     2 .18     1 .14    -8 .13    -7 .12   -11 .04    -5 .02    -9 .01
===================  ========  ========  ========  ========  ========  ========  ========  ========  ========  ========  ========
           Counted       Corr      Corr      Corr      Corr      Corr      Corr      Corr      Corr      Corr      Corr      Corr
 Series    Segment   Add  # 1  Add  # 2  Add  # 3  Add  # 4  Add  # 5  Add  # 6  Add  # 7  Add  # 8  Add  # 9  Add  #10  Add  #11
 -------- ---------  --------  --------  --------  --------  --------  --------  --------  --------  --------  --------  --------
 JJD12A   1956 1995     0 .61     7 .34    10 .22    -1 .14    -2 .12     9 .10     1 .01   --- ---   --- ---   --- ---   --- ---
===================  ========  ========  ========  ========  ========  ========  ========  ========  ========  ========  ========
           Counted       Corr      Corr      Corr      Corr      Corr      Corr      Corr      Corr      Corr      Corr      Corr
 Series    Segment   Add  # 1  Add  # 2  Add  # 3  Add  # 4  Add  # 5  Add  # 6  Add  # 7  Add  # 8  Add  # 9  Add  #10  Add  #11
 -------- ---------  --------  --------  --------  --------  --------  --------  --------  --------  --------  --------  --------
 JJD12B   1955 1994     0 .53    10 .17     1 .13    -2 .12     9 .09    12 .09     8 .09     6 .08    11 .05    -1 .01     7 .01
===================  ========  ========  ========  ========  ========  ========  ========  ========  ========  ========  ========
       24 undated series

                                              - = [  COFECHA JJ   COF  ] = -
