[]  Dendrochronology Program Library                                        Run DD     Program COF  00:44  Mon 07 Nov 2011  Page   1
[]
[]  P R O G R A M      C O F E C H A                                                                          Version 6.06P    28071
------------------------------------------------------------------------------------------------------------------------------------

 QUALITY CONTROL AND DATING CHECK OF TREE-RING MEASUREMENTS

 Title of run:           dd                                      

 File of DATED series:   DDL.raw

 File of UNDATED series: DDD.raw

 CONTENTS:

    Part 1:  Title page, options selected, summary, absent rings by series
    Part 2:  Histogram of time spans
    Part 3:  Master series with sample depth and absent rings by year
    Part 4:  Bar plot of Master Dating Series
    Part 5:  Correlation by segment of each series with Master
    Part 6:  Potential problems: low correlation, divergent year-to-year changes, absent rings, outliers
    Part 7:  Descriptive statistics
    Part 8:  Undated series - adjustments for highest correlations

 RUN CONTROL OPTIONS SELECTED                             VALUE

         1  Cubic smoothing spline 50% wavelength cutoff for filtering
                                                            32 years
         2  Segments examined are                           50 years lagged successively by  25 years
         3  Autoregressive model applied                     A  Residuals are used in master dating series and testing
         4  Series transformed to logarithms                 Y  Each series log-transformed for master dating series and testing
         5  CORRELATION is Pearson (parametric, quantitative)
            Critical correlation, 99% confidence level   .3281
         6  Master dating series saved                       N
         7  Ring measurements listed                         N
         8  Parts printed                             12345678 
         9  Absent rings are omitted from master series and segment correlations  (Y)

 Time span of Master dating series is  1953 to  2010    58 years
 Continuous time span is               1953 to  2010    58 years
 Portion with two or more series is    1953 to  2010    58 years

 >> DDL10B      1998 absent in   1 of   27 series, but is not usually narrow: master index is  -.345

                                        ****************************************
                                        *C* Number of dated series        27 *C*
                                        *O* Master series 1953 2010   58 yrs *O*
                                        *F* Total rings in all series   1377 *F*
                                        *E* Total dated rings checked   1377 *E*
                                        *C* Series intercorrelation     .567 *C*
                                        *H* Average mean sensitivity    .275 *H*
                                        *A* Segments, possible problems    2 *A*
                                        *** Mean length of series       51.0 ***
                                        ****************************************

 ABSENT RINGS listed by SERIES:            (See Master Dating Series for absent rings listed by year)

 DDL10B      1 absent rings:   1998

             1 absent rings    .073%
PART 2:  TIME PLOT OF TREE-RING SERIES: dd                                                         00:44  Mon 07 Nov 2011  Page   2
------------------------------------------------------------------------------------------------------------------------------------
 1050 1100 1150 1200 1250 1300 1350 1400 1450 1500 1550 1600 1650 1700 1750 1800 1850 1900 1950 2000 2050 Ident   Seq Time-span  Yrs
   :    :    :    :    :    :    :    :    :    :    :    :    :    :    :    :    :    :    :    :    : -------- --- ---- ---- ----
   .    .    .    .    .    .    .    .    .    .    .    .    .    .    .    .    .    .    <=====>   . DDL01A     1 1953 2010   58
   .    .    .    .    .    .    .    .    .    .    .    .    .    .    .    .    .    .    <====>    . DDL01B     2 1953 2008   56
   .    .    .    .    .    .    .    .    .    .    .    .    .    .    .    .    .    .    <=====>   . DDL02A     3 1953 2010   58
   .    .    .    .    .    .    .    .    .    .    .    .    .    .    .    .    .    .    <=====>   . DDL02B     4 1954 2010   57
   .    .    .    .    .    .    .    .    .    .    .    .    .    .    .    .    .    .    <=====>   . DDL03B     5 1953 2010   58
   .    .    .    .    .    .    .    .    .    .    .    .    .    .    .    .    .    .    <=====>   . DDL03A     6 1953 2010   58
   .    .    .    .    .    .    .    .    .    .    .    .    .    .    .    .    .    .    <=====>   . DDL04B     7 1954 2010   57
   .    .    .    .    .    .    .    .    .    .    .    .    .    .    .    .    .    .    <=====>   . DDL04A     8 1955 2010   56
   .    .    .    .    .    .    .    .    .    .    .    .    .    .    .    .    .    .    <=====>   . DDL05B     9 1953 2010   58
   .    .    .    .    .    .    .    .    .    .    .    .    .    .    .    .    .    .    <=====>   . DDL05A    10 1953 2010   58
   .    .    .    .    .    .    .    .    .    .    .    .    .    .    .    .    .    .    <=====>   . DDL06A    11 1955 2010   56
   .    .    .    .    .    .    .    .    .    .    .    .    .    .    .    .    .    .    <=====>   . DDL06B    12 1955 2010   56
   .    .    .    .    .    .    .    .    .    .    .    .    .    .    .    .    .    .    <=====>   . DDL07B    13 1953 2010   58
   .    .    .    .    .    .    .    .    .    .    .    .    .    .    .    .    .    .    <=====>   . DDL07A    14 1954 2010   57
   .    .    .    .    .    .    .    .    .    .    .    .    .    .    .    .    .    .    <=====>   . DDL08B    15 1956 2010   55
   .    .    .    .    .    .    .    .    .    .    .    .    .    .    .    .    .    .    <=====>   . DDL08A    16 1957 2010   54
   .    .    .    .    .    .    .    .    .    .    .    .    .    .    .    .    .    .    .<====>   . DDL09A    17 1965 2010   46
   .    .    .    .    .    .    .    .    .    .    .    .    .    .    .    .    .    .    <=====>   . DDL09B    18 1957 2010   54
   .    .    .    .    .    .    .    .    .    .    .    .    .    .    .    .    .    .    .<====>   . DDL10A    19 1966 2010   45
   .    .    .    .    .    .    .    .    .    .    .    .    .    .    .    .    .    .    .<====>   . DDL10B    20 1964 2010   47
   .    .    .    .    .    .    .    .    .    .    .    .    .    .    .    .    .    .    .<====>   . DDL11A    21 1966 2010   45
   .    .    .    .    .    .    .    .    .    .    .    .    .    .    .    .    .    .    .<====>   . DDL11B    22 1969 2010   42
   .    .    .    .    .    .    .    .    .    .    .    .    .    .    .    .    .    .    . <===>   . DDL12A    23 1973 2010   38
   .    .    .    .    .    .    .    .    .    .    .    .    .    .    .    .    .    .    . <===>   . DDL12B    24 1970 2010   41
   .    .    .    .    .    .    .    .    .    .    .    .    .    .    .    .    .    .    . <===>   . DDL13A    25 1977 2010   34
   .    .    .    .    .    .    .    .    .    .    .    .    .    .    .    .    .    .    . <===>   . DDL13B    26 1974 2010   37
   .    .    .    .    .    .    .    .    .    .    .    .    .    .    .    .    .    .    . <===>   . DDL14A    27 1973 2010   38
   :    :    :    :    :    :    :    :    :    :    :    :    :    :    :    :    :    :    :    :    :
 1050 1100 1150 1200 1250 1300 1350 1400 1450 1500 1550 1600 1650 1700 1750 1800 1850 1900 1950 2000 2050
   :    :    :    :    :    :    :    :    :    :    :    :    :    :    :    :    :    :    :    :    :
 1050 1100 1150 1200 1250 1300 1350 1400 1450 1500 1550 1600 1650 1700 1750 1800 1850 1900 1950 2000 2050
PART 3:  Master Dating Series: dd                                                                  00:44  Mon 07 Nov 2011  Page   3
------------------------------------------------------------------------------------------------------------------------------------
  Year  Value  No Ab    Year  Value  No Ab    Year  Value  No Ab    Year  Value  No Ab    Year  Value  No Ab    Year  Value  No Ab
  ------------------    ------------------    ------------------    ------------------    ------------------    ------------------
                        2000   .081  27
                        2001  -.477  27
                        2002 -1.921  27
  1953   .759   8       2003   .946  27
  1954  1.552  11       2004  -.393  27
  1955  1.308  14       2005   .985  27
  1956   .275  15       2006   .433  27
  1957   .064  17       2007  1.034  27
  1958  -.832  17       2008   .537  27
  1959 -1.505  17       2009   .898  26

  1960  -.111  17       2010  -.615  26
  1961   .694  17
  1962  -.137  17
  1963 -1.433  17
  1964   .484  18
  1965  -.162  19
  1966 -1.617  21
  1967 -2.286  21
  1968  1.064  21
  1969  -.870  22

  1970   .920  23
  1971   .288  23
  1972  -.438  23
  1973  -.188  25
  1974   .304  26
  1975  1.233  26
  1976  1.960  26
  1977   .517  27
  1978   .325  27
  1979   .331  27

  1980  -.017  27
  1981   .027  27
  1982 -1.598  27
  1983  -.722  27
  1984  1.768  27
  1985 -1.387  27
  1986  -.061  27
  1987  -.812  27
  1988  -.171  27
  1989   .774  27

  1990   .377  27
  1991  -.085  27
  1992   .604  27
  1993  -.949  27
  1994  1.470  27
  1995  -.166  27
  1996   .472  27
  1997  -.271  27
  1998  -.345  27  1<<
  1999 -2.917  27
------------------------------------------------------------------------------------------------------------------------------------
PART 4:  Master Bar Plot: dd                                                                       00:44  Mon 07 Nov 2011  Page   4
------------------------------------------------------------------------------------------------------------------------------------
   Year Rel value  Year Rel value  Year Rel value  Year Rel value  Year Rel value  Year Rel value  Year Rel value  Year Rel value
                   2000-----@
                   2001--b
                   2002h
   1953--------C   2003---------D
   1954----------F 2004---b
   1955----------E 2005---------D
   1956------A     2006-------B
   1957-----@      2007---------D
   1958-c          2008-------B
   1959f           2009--------D
   1960----@       2010--b
   1961--------C
   1962----a
   1963f
   1964-------B
   1965----a
   1966f
   1967i
   1968---------D
   1969-c
   1970---------D
   1971------A
   1972---b
   1973----a
   1974------A
   1975---------E
   1976----------H
   1977-------B
   1978------A
   1979------A
   1980-----@
   1981-----@
   1982f
   1983--c
   1984----------G
   1985f
   1986----@
   1987-c
   1988----a
   1989--------C
   1990------B
   1991----@
   1992-------B
   1993-d
   1994----------F
   1995----a
   1996-------B
   1997---a
   1998---a
   1999l
PART 5:  CORRELATION OF SERIES BY SEGMENTS: dd                                                     00:44  Mon 07 Nov 2011  Page   5
------------------------------------------------------------------------------------------------------------------------------------
 Correlations of  50-year dated segments, lagged  25 years
 Flags:  A = correlation under   .3281 but highest as dated;  B = correlation higher at other than dated position

 Seq Series  Time_span   1950 1975
                         1999 2024
 --- -------- ---------  ---- ---- ---- ---- ---- ---- ---- ---- ---- ---- ---- ---- ---- ---- ---- ---- ---- ---- ---- ----
   1 DDL01A   1953 2010   .59  .52
   2 DDL01B   1953 2008   .53  .52
   3 DDL02A   1953 2010   .77  .76
   4 DDL02B   1954 2010   .77  .78
   5 DDL03B   1953 2010   .70  .70
   6 DDL03A   1953 2010   .84  .80
   7 DDL04B   1954 2010   .69  .71
   8 DDL04A   1955 2010   .50  .65
   9 DDL05B   1953 2010   .51  .53
  10 DDL05A   1953 2010   .75  .74
  11 DDL06A   1955 2010   .50  .49
  12 DDL06B   1955 2010   .62  .68
  13 DDL07B   1953 2010   .62  .68
  14 DDL07A   1954 2010   .78  .79
  15 DDL08B   1956 2010   .67  .70
  16 DDL08A   1957 2010   .59  .59
  17 DDL09A   1965 2010   .04B
  18 DDL09B   1957 2010   .51  .52
  19 DDL10A   1966 2010   .36
  20 DDL10B   1964 2010   .49
  21 DDL11A   1966 2010   .53
  22 DDL11B   1969 2010  -.09B
  23 DDL12A   1973 2010   .70
  24 DDL12B   1970 2010   .38
  25 DDL13A   1977 2010        .64
  26 DDL13B   1974 2010   .60
  27 DDL14A   1973 2010   .65
 Av segment correlation   .56  .66
PART 6:  POTENTIAL PROBLEMS: dd                                                                    00:44  Mon 07 Nov 2011  Page   5
------------------------------------------------------------------------------------------------------------------------------------

 For each series with potential problems the following diagnostics may appear:

 [A] Correlations with master dating series of flagged  50-year segments of series filtered with  32-year spline,
     at every point from ten years earlier (-10) to ten years later (+10) than dated

 [B] Effect of those data values which most lower or raise correlation with master series
     Symbol following year indicates value in series is greater (>) or lesser (<) than master series value

 [C] Year-to-year changes very different from the mean change in other series

 [D] Absent rings (zero values)

 [E] Values which are statistical outliers from mean for the year
====================================================================================================================================

 DDL01A    1953 to  2010      58 years                                                                                    Series   1

 [B] Entire series, effect on correlation (  .535) is:
       Lower   2008< -.036   1966> -.022   1997> -.022   1982> -.015   2010> -.015   1970< -.013  Higher   1999  .029   1985  .029

====================================================================================================================================

 DDL01B    1953 to  2008      56 years                                                                                    Series   2

 [B] Entire series, effect on correlation (  .498) is:
       Lower   1973< -.083   1974< -.022   2008< -.022   2007< -.016   1956> -.013   1957> -.010  Higher   1999  .037   1985  .036

====================================================================================================================================

 DDL02A    1953 to  2010      58 years                                                                                    Series   3

 [B] Entire series, effect on correlation (  .758) is:
       Lower   1983< -.011   2006< -.010   1972> -.010   1996< -.008   2005< -.006   1991> -.006  Higher   1976  .012   1966  .011

====================================================================================================================================

 DDL02B    1954 to  2010      57 years                                                                                    Series   4

 [B] Entire series, effect on correlation (  .776) is:
       Lower   1981< -.020   1969> -.019   1982> -.016   1993> -.013   1997> -.011   1995> -.009  Higher   1999  .054   2002  .019

====================================================================================================================================

 DDL03B    1953 to  2010      58 years                                                                                    Series   5

 [B] Entire series, effect on correlation (  .711) is:
       Lower   1977< -.029   1982> -.025   1967> -.020   1993> -.012   1997> -.012   1963> -.011  Higher   1999  .050   2002  .025

====================================================================================================================================

 DDL03A    1953 to  2010      58 years                                                                                    Series   6

 [B] Entire series, effect on correlation (  .799) is:
       Lower   2008< -.042   1953< -.015   1982> -.010   1996> -.009   1969> -.008   1997> -.008  Higher   1999  .029   1967  .012

====================================================================================================================================

 DDL04B    1954 to  2010      57 years                                                                                    Series   7

 [B] Entire series, effect on correlation (  .699) is:
       Lower   1966> -.035   1981< -.032   1985> -.028   1958> -.014   1993< -.013   1960< -.011  Higher   1999  .058   2002  .013

====================================================================================================================================

 DDL04A    1955 to  2010      56 years                                                                                    Series   8

 [B] Entire series, effect on correlation (  .520) is:
       Lower   1956< -.100   1995< -.018   1966> -.015   1985> -.014   1958> -.013   1959> -.010  Higher   1967  .031   1984  .022

====================================================================================================================================

 DDL05B    1953 to  2010      58 years                                                                                    Series   9

 [B] Entire series, effect on correlation (  .529) is:
       Lower   1997< -.077   2002> -.020   1985> -.020   1995< -.013   1959> -.011   1957< -.009  Higher   1984  .020   1954  .014

====================================================================================================================================

 DDL05A    1953 to  2010      58 years                                                                                    Series  10

 [B] Entire series, effect on correlation (  .732) is:
       Lower   1963> -.026   1972> -.019   2010< -.017   1960< -.011   1969< -.010   1998> -.009  Higher   1999  .030   1967  .015

====================================================================================================================================

 DDL06A    1955 to  2010      56 years                                                                                    Series  11

 [B] Entire series, effect on correlation (  .499) is:
       Lower   1997< -.051   1985> -.039   2002> -.025   2010> -.018   1972> -.012   1969< -.008  Higher   1967  .028   1982  .020

====================================================================================================================================

 DDL06B    1955 to  2010      56 years                                                                                    Series  12

 [B] Entire series, effect on correlation (  .615) is:
       Lower   1958> -.042   1991< -.025   1955< -.024   1972> -.019   2010> -.016   1987> -.008  Higher   1999  .066   1967  .030

====================================================================================================================================

 DDL07B    1953 to  2010      58 years                                                                                    Series  13

 [B] Entire series, effect on correlation (  .628) is:
       Lower   1957< -.026   1964< -.019   1958> -.017   1973> -.013   1959> -.012   1987> -.012  Higher   2002  .029   1985  .024

====================================================================================================================================

 DDL07A    1954 to  2010      57 years                                                                                    Series  14

 [B] Entire series, effect on correlation (  .786) is:
       Lower   1963< -.025   1982> -.014   1973> -.010   1956> -.010   1971< -.007   1962> -.006  Higher   1999  .050   1976  .010

====================================================================================================================================

 DDL08B    1956 to  2010      55 years                                                                                    Series  15

 [B] Entire series, effect on correlation (  .675) is:
       Lower   1958> -.029   1963> -.026   2002> -.020   1994< -.019   1985> -.014   1992< -.009  Higher   1999  .089   1967  .025

====================================================================================================================================

 DDL08A    1957 to  2010      54 years                                                                                    Series  16

 [B] Entire series, effect on correlation (  .584) is:
       Lower   1978< -.055   2002> -.024   1985> -.024   1979< -.022   1997< -.020   1961< -.018  Higher   1999  .102   1966  .021

====================================================================================================================================

 DDL09A    1965 to  2010      46 years                                                                                    Series  17

 [A] Segment   High   -10   -9   -8   -7   -6   -5   -4   -3   -2   -1   +0   +1   +2   +3   +4   +5   +6   +7   +8   +9  +10
    ---------  ----   ---  ---  ---  ---  ---  ---  ---  ---  ---  ---  ---  ---  ---  ---  ---  ---  ---  ---  ---  ---  ---
    1965 2010   -8   -.01 -.10  .54*-.17 -.23  .05 -.17 -.11 -.10 -.06  .04|   -    -    -    -    -    -    -    -    -    -

 [B] Entire series, effect on correlation (  .036) is:
       Lower   2007< -.071   2002> -.065   1999> -.022   1969> -.020   1990< -.020   1987> -.018  Higher   1984  .067   1966  .036
     1965 to 2010 segment:
       Lower   2007< -.071   2002> -.065   1999> -.022   1969> -.020   1990< -.020   1987> -.018  Higher   1984  .067   1966  .036

 [E] Outliers     1   3.0 SD above or -4.5 SD below mean for year
       2002 +3.7 SD
====================================================================================================================================

 DDL09B    1957 to  2010      54 years                                                                                    Series  18

 [B] Entire series, effect on correlation (  .515) is:
       Lower   1988< -.057   1967> -.035   1993> -.027   1963> -.019   1989< -.013   1983> -.012  Higher   1999  .112   1985  .022

====================================================================================================================================

 DDL10A    1966 to  2010      45 years                                                                                    Series  19

 [B] Entire series, effect on correlation (  .363) is:
       Lower   1972< -.114   1975< -.028   1985> -.025   1969> -.017   1989< -.016   1995> -.013  Higher   1999  .126   1976  .037

 [E] Outliers     1   3.0 SD above or -4.5 SD below mean for year
       1972 -4.8 SD
====================================================================================================================================

 DDL10B    1964 to  2010      47 years                                                                                    Series  20

 [B] Entire series, effect on correlation (  .333) is:
       Lower   1998< -.154   1999> -.078   1993> -.014   1986< -.010   2005< -.009   1989< -.008  Higher   1967  .034   2002  .032

 [C] Year-to-year changes diverging by over 4.0 std deviations:
       1998 1999   5.6 SD

 [D]    1 Absent rings:  Year   Master  N series Absent
                         1998    -.345      27       1  >> WARNING:  Ring is not usually narrow

 [E] Outliers     1   3.0 SD above or -4.5 SD below mean for year
       1998 -6.3 SD
====================================================================================================================================

 DDL11A    1966 to  2010      45 years                                                                                    Series  21

 [B] Entire series, effect on correlation (  .527) is:
       Lower   1980< -.089   1999> -.078   1989< -.019   2006< -.017   1969> -.014   1972> -.013  Higher   2002  .054   1966  .032

====================================================================================================================================

 DDL11B    1969 to  2010      42 years                                                                                    Series  22

 [A] Segment   High   -10   -9   -8   -7   -6   -5   -4   -3   -2   -1   +0   +1   +2   +3   +4   +5   +6   +7   +8   +9  +10
    ---------  ----   ---  ---  ---  ---  ---  ---  ---  ---  ---  ---  ---  ---  ---  ---  ---  ---  ---  ---  ---  ---  ---
    1969 2010   -5    .07 -.10  .16 -.02 -.10  .71*-.12  .00 -.06 -.20 -.09|   -    -    -    -    -    -    -    -    -    -

 [B] Entire series, effect on correlation ( -.092) is:
       Lower   1999> -.089   2007< -.067   1969> -.034   2003< -.027   2010> -.023   2001> -.014  Higher   1985  .112   1989  .035
     1969 to 2010 segment:
       Lower   1999> -.089   2007< -.067   1969> -.034   2003< -.027   2010> -.023   2001> -.014  Higher   1985  .112   1989  .035

 [E] Outliers     1   3.0 SD above or -4.5 SD below mean for year
       1999 +4.1 SD
====================================================================================================================================

 DDL12A    1973 to  2010      38 years                                                                                    Series  23

 [B] Entire series, effect on correlation (  .697) is:
       Lower   1974< -.032   1989< -.017   1997> -.013   2001< -.012   2009< -.010   2005< -.009  Higher   2002  .044   1984  .028

====================================================================================================================================

 DDL12B    1970 to  2010      41 years                                                                                    Series  24

 [B] Entire series, effect on correlation (  .376) is:
       Lower   2001< -.096   1999> -.057   1993> -.035   1970< -.026   1982> -.025   1971< -.017  Higher   1985  .063   2002  .050

====================================================================================================================================

 DDL13A    1977 to  2010      34 years                                                                                    Series  25

 [B] Entire series, effect on correlation (  .641) is:
       Lower   1989< -.044   1997> -.028   1993> -.025   1987> -.019   1985> -.014   1980> -.013  Higher   1999  .206   1982  .025

====================================================================================================================================

 DDL13B    1974 to  2010      37 years                                                                                    Series  26

 [B] Entire series, effect on correlation (  .596) is:
       Lower   1993> -.044   1994< -.035   1984< -.033   1980> -.027   1997> -.017   1998< -.016  Higher   1999  .175   1985  .031

====================================================================================================================================

 DDL14A    1973 to  2010      38 years                                                                                    Series  27

 [B] Entire series, effect on correlation (  .648) is:
       Lower   1976< -.050   2009< -.025   2002> -.023   1993> -.018   1997> -.017   1983> -.016  Higher   1999  .149   1985  .040

====================================================================================================================================
PART 7:  DESCRIPTIVE STATISTICS: dd                                                                00:44  Mon 07 Nov 2011  Page   6
------------------------------------------------------------------------------------------------------------------------------------

                                                Corr   //-------- Unfiltered --------\\  //---- Filtered -----\\
                           No.    No.    No.    with   Mean   Max     Std   Auto   Mean   Max     Std   Auto  AR
 Seq Series   Interval   Years  Segmt  Flags   Master  msmt   msmt    dev   corr   sens  value    dev   corr  ()
 --- -------- ---------  -----  -----  -----   ------ -----  -----  -----  -----  -----  -----  -----  -----  --
   1 DDL01A   1953 2010     58      2      0    .535    .46   1.08   .282   .644   .393   2.57   .509  -.042   1
   2 DDL01B   1953 2008     56      2      0    .498    .35    .82   .184   .456   .438   2.62   .504   .050   2
   3 DDL02A   1953 2010     58      2      0    .758   1.79   3.40   .775   .813   .207   2.74   .476  -.017   1
   4 DDL02B   1954 2010     57      2      0    .776   1.44   2.60   .595   .755   .264   2.63   .515  -.004   1
   5 DDL03B   1953 2010     58      2      0    .711   1.80   3.82   .881   .820   .253   2.77   .624  -.022   1
   6 DDL03A   1953 2010     58      2      0    .799   1.28   3.03   .549   .778   .220   2.83   .580  -.072   1
   7 DDL04B   1954 2010     57      2      0    .699    .67   1.89   .431   .773   .397   2.67   .626   .010   1
   8 DDL04A   1955 2010     56      2      0    .520    .44   1.16   .296   .816   .389   2.58   .529  -.079   1
   9 DDL05B   1953 2010     58      2      0    .529    .66   1.53   .371   .853   .256   2.54   .489  -.029   1
  10 DDL05A   1953 2010     58      2      0    .732    .80   1.63   .338   .656   .267   2.84   .689  -.056   1
  11 DDL06A   1955 2010     56      2      0    .499    .54   1.33   .369   .897   .311   2.68   .563  -.094   1
  12 DDL06B   1955 2010     56      2      0    .615    .50   1.20   .296   .793   .356   2.69   .646  -.032   2
  13 DDL07B   1953 2010     58      2      0    .628    .88   1.78   .402   .756   .311   2.64   .479  -.011   3
  14 DDL07A   1954 2010     57      2      0    .786   1.14   2.82   .568   .813   .249   2.62   .497   .003   3
  15 DDL08B   1956 2010     55      2      0    .675    .69   1.38   .352   .727   .311   2.50   .453   .006   1
  16 DDL08A   1957 2010     54      2      0    .584    .72   1.57   .408   .794   .263   2.57   .539   .030   2
  17 DDL09A   1965 2010     46      1      1    .036   2.36   4.25   .796   .476   .262   2.93   .625   .003   1
  18 DDL09B   1957 2010     54      2      0    .515   1.75   3.27   .604   .648   .237   2.68   .565   .044   1
  19 DDL10A   1966 2010     45      1      0    .363   2.73   4.75  1.031   .810   .206   2.51   .412  -.037   1
  20 DDL10B   1964 2010     47      1      0    .333   3.23   6.36  1.428   .769   .290   2.37   .376  -.032   1
  21 DDL11A   1966 2010     45      1      0    .527   1.86   3.10   .511   .680   .175   2.68   .585  -.035   1
  22 DDL11B   1969 2010     42      1      1   -.092   2.42   3.89   .623   .387   .225   2.75   .590  -.011   1
  23 DDL12A   1973 2010     38      1      0    .697   2.49   4.15   .436   .016   .162   2.99   .566   .094   1
  24 DDL12B   1970 2010     41      1      0    .376   2.31   3.22   .567   .649   .152   2.48   .468   .053   1
  25 DDL13A   1977 2010     34      1      0    .641   2.51   4.61   .958   .793   .190   2.42   .462  -.007   2
  26 DDL13B   1974 2010     37      1      0    .596   2.14   4.39   .829   .784   .223   2.65   .537   .071   1
  27 DDL14A   1973 2010     38      1      0    .648   2.79   4.18   .724   .444   .225   2.50   .544  -.004   1
 --- -------- ---------  -----  -----  -----   ------ -----  -----  -----  -----  -----  -----  -----  -----  --
 Total or mean:           1377     44      2    .567   1.40   6.36   .557   .702   .275   2.99   .537  -.011
PART 8:  ADJUSTMENTS FOR UNDATED SERIES: dd                                                        00:44  Mon 07 Nov 2011  Page   7
------------------------------------------------------------------------------------------------------------------------------------

 Time span  1953  2010    58 years, best matches for  50-year segments lagged  25 years
 Listed in order from highest correlation

           Counted       Corr      Corr      Corr      Corr      Corr      Corr      Corr      Corr      Corr      Corr      Corr
 Series    Segment   Add  # 1  Add  # 2  Add  # 3  Add  # 4  Add  # 5  Add  # 6  Add  # 7  Add  # 8  Add  # 9  Add  #10  Add  #11
 -------- ---------  --------  --------  --------  --------  --------  --------  --------  --------  --------  --------  --------
 DDD01A   1965 2006   -10 .40     0 .30    -2 .25     3 .22     1 .05     4 .03    -6 .03    -3 .03   --- ---   --- ---   --- ---
===================  ========  ========  ========  ========  ========  ========  ========  ========  ========  ========  ========
           Counted       Corr      Corr      Corr      Corr      Corr      Corr      Corr      Corr      Corr      Corr      Corr
 Series    Segment   Add  # 1  Add  # 2  Add  # 3  Add  # 4  Add  # 5  Add  # 6  Add  # 7  Add  # 8  Add  # 9  Add  #10  Add  #11
 -------- ---------  --------  --------  --------  --------  --------  --------  --------  --------  --------  --------  --------
 DDD01B   1966 2005     0 .46   -10 .29    -3 .10    -7 .09    -5 .07    -6 .05   -13 .05    -9 .05     3 .03     4 .02    -8 .02
===================  ========  ========  ========  ========  ========  ========  ========  ========  ========  ========  ========
           Counted       Corr      Corr      Corr      Corr      Corr      Corr      Corr      Corr      Corr      Corr      Corr
 Series    Segment   Add  # 1  Add  # 2  Add  # 3  Add  # 4  Add  # 5  Add  # 6  Add  # 7  Add  # 8  Add  # 9  Add  #10  Add  #11
 -------- ---------  --------  --------  --------  --------  --------  --------  --------  --------  --------  --------  --------
 DDD02A   1957 1995     2 .34     0 .32    -1 .31    13 .21    15 .19    10 .15     5 .06    14 .05     6 .04     8 .01   --- ---
===================  ========  ========  ========  ========  ========  ========  ========  ========  ========  ========  ========
           Counted       Corr      Corr      Corr      Corr      Corr      Corr      Corr      Corr      Corr      Corr      Corr
 Series    Segment   Add  # 1  Add  # 2  Add  # 3  Add  # 4  Add  # 5  Add  # 6  Add  # 7  Add  # 8  Add  # 9  Add  #10  Add  #11
 -------- ---------  --------  --------  --------  --------  --------  --------  --------  --------  --------  --------  --------
 DDD02B   1957 1994     0 .24    10 .19    13 .15    -1 .14     6 .13    16 .11     3 .11    15 .08    14 .08    12 .07     5 .07
===================  ========  ========  ========  ========  ========  ========  ========  ========  ========  ========  ========
           Counted       Corr      Corr      Corr      Corr      Corr      Corr      Corr      Corr      Corr      Corr      Corr
 Series    Segment   Add  # 1  Add  # 2  Add  # 3  Add  # 4  Add  # 5  Add  # 6  Add  # 7  Add  # 8  Add  # 9  Add  #10  Add  #11
 -------- ---------  --------  --------  --------  --------  --------  --------  --------  --------  --------  --------  --------
 DDD03A   1956 1993     0 .36    11 .23    16 .21    13 .20    10 .17     7 .11     4 .09     3 .09    -3 .06    15 .05     5 .04
===================  ========  ========  ========  ========  ========  ========  ========  ========  ========  ========  ========
           Counted       Corr      Corr      Corr      Corr      Corr      Corr      Corr      Corr      Corr      Corr      Corr
 Series    Segment   Add  # 1  Add  # 2  Add  # 3  Add  # 4  Add  # 5  Add  # 6  Add  # 7  Add  # 8  Add  # 9  Add  #10  Add  #11
 -------- ---------  --------  --------  --------  --------  --------  --------  --------  --------  --------  --------  --------
 DDD03B   1956 1995     0 .51    13 .26    10 .23     5 .16    11 .15     2 .10    -3 .09    15 .01    -1 .01   --- ---   --- ---
===================  ========  ========  ========  ========  ========  ========  ========  ========  ========  ========  ========
           Counted       Corr      Corr      Corr      Corr      Corr      Corr      Corr      Corr      Corr      Corr      Corr
 Series    Segment   Add  # 1  Add  # 2  Add  # 3  Add  # 4  Add  # 5  Add  # 6  Add  # 7  Add  # 8  Add  # 9  Add  #10  Add  #11
 -------- ---------  --------  --------  --------  --------  --------  --------  --------  --------  --------  --------  --------
 DDD04A   1963 1994     4 .34     0 .29     9 .19     6 .15    -4 .15    -9 .10    15 .09    11 .09     7 .08     3 .04    10 .04
===================  ========  ========  ========  ========  ========  ========  ========  ========  ========  ========  ========
           Counted       Corr      Corr      Corr      Corr      Corr      Corr      Corr      Corr      Corr      Corr      Corr
 Series    Segment   Add  # 1  Add  # 2  Add  # 3  Add  # 4  Add  # 5  Add  # 6  Add  # 7  Add  # 8  Add  # 9  Add  #10  Add  #11
 -------- ---------  --------  --------  --------  --------  --------  --------  --------  --------  --------  --------  --------
 DDD04B   1963 1997    -9 .28     0 .19    -1 .17    11 .13     4 .06     1 .04    -3 .04    10 .04    -4 .03     9 .02    -8 .01
===================  ========  ========  ========  ========  ========  ========  ========  ========  ========  ========  ========
           Counted       Corr      Corr      Corr      Corr      Corr      Corr      Corr      Corr      Corr      Corr      Corr
 Series    Segment   Add  # 1  Add  # 2  Add  # 3  Add  # 4  Add  # 5  Add  # 6  Add  # 7  Add  # 8  Add  # 9  Add  #10  Add  #11
 -------- ---------  --------  --------  --------  --------  --------  --------  --------  --------  --------  --------  --------
 DDD05A   1966 1998    -4 .33     0 .28     2 .21    -1 .17   -11 .16    -2 .08    10 .08     7 .07    -5 .07     8 .07    -8 .03
===================  ========  ========  ========  ========  ========  ========  ========  ========  ========  ========  ========
           Counted       Corr      Corr      Corr      Corr      Corr      Corr      Corr      Corr      Corr      Corr      Corr
 Series    Segment   Add  # 1  Add  # 2  Add  # 3  Add  # 4  Add  # 5  Add  # 6  Add  # 7  Add  # 8  Add  # 9  Add  #10  Add  #11
 -------- ---------  --------  --------  --------  --------  --------  --------  --------  --------  --------  --------  --------
 DDD05B   1965 2001    -6 .28   -11 .28     8 .27    -3 .16     0 .16    -5 .16   -12 .14    -2 .11     2 .11     9 .10    -9 .02
===================  ========  ========  ========  ========  ========  ========  ========  ========  ========  ========  ========
           Counted       Corr      Corr      Corr      Corr      Corr      Corr      Corr      Corr      Corr      Corr      Corr
 Series    Segment   Add  # 1  Add  # 2  Add  # 3  Add  # 4  Add  # 5  Add  # 6  Add  # 7  Add  # 8  Add  # 9  Add  #10  Add  #11
 -------- ---------  --------  --------  --------  --------  --------  --------  --------  --------  --------  --------  --------
 DDD06A   1963 1990     0 .50    20 .38     4 .32    19 .28     6 .23     3 .15    -6 .14    16 .14     2 .14     8 .13    -4 .08
===================  ========  ========  ========  ========  ========  ========  ========  ========  ========  ========  ========
           Counted       Corr      Corr      Corr      Corr      Corr      Corr      Corr      Corr      Corr      Corr      Corr
 Series    Segment   Add  # 1  Add  # 2  Add  # 3  Add  # 4  Add  # 5  Add  # 6  Add  # 7  Add  # 8  Add  # 9  Add  #10  Add  #11
 -------- ---------  --------  --------  --------  --------  --------  --------  --------  --------  --------  --------  --------
 DDD06B   1963 1990     0 .46    20 .44     4 .39    -6 .33     2 .22     6 .21    18 .17    19 .14     1 .07    14 .06     8 .04
===================  ========  ========  ========  ========  ========  ========  ========  ========  ========  ========  ========
           Counted       Corr      Corr      Corr      Corr      Corr      Corr      Corr      Corr      Corr      Corr      Corr
 Series    Segment   Add  # 1  Add  # 2  Add  # 3  Add  # 4  Add  # 5  Add  # 6  Add  # 7  Add  # 8  Add  # 9  Add  #10  Add  #11
 -------- ---------  --------  --------  --------  --------  --------  --------  --------  --------  --------  --------  --------
 DDD07A   1975 2001     0 .39   -10 .30     3 .25   -14 .23    -8 .16   -13 .13     6 .12   -20 .11     5 .10    -6 .10   -16 .08
===================  ========  ========  ========  ========  ========  ========  ========  ========  ========  ========  ========
           Counted       Corr      Corr      Corr      Corr      Corr      Corr      Corr      Corr      Corr      Corr      Corr
 Series    Segment   Add  # 1  Add  # 2  Add  # 3  Add  # 4  Add  # 5  Add  # 6  Add  # 7  Add  # 8  Add  # 9  Add  #10  Add  #11
 -------- ---------  --------  --------  --------  --------  --------  --------  --------  --------  --------  --------  --------
 DDD07B   1974 2002   -20 .49   -16 .48     0 .28    -1 .22    -5 .13     8 .09    -7 .08    -2 .08     6 .07   -19 .07     3 .07
===================  ========  ========  ========  ========  ========  ========  ========  ========  ========  ========  ========
           Counted       Corr      Corr      Corr      Corr      Corr      Corr      Corr      Corr      Corr      Corr      Corr
 Series    Segment   Add  # 1  Add  # 2  Add  # 3  Add  # 4  Add  # 5  Add  # 6  Add  # 7  Add  # 8  Add  # 9  Add  #10  Add  #11
 -------- ---------  --------  --------  --------  --------  --------  --------  --------  --------  --------  --------  --------
 DDD08A   1960 1987     0 .49    20 .26     5 .20    16 .14    17 .14    13 .12     1 .12    11 .12    18 .11    19 .11    -3 .08
===================  ========  ========  ========  ========  ========  ========  ========  ========  ========  ========  ========
           Counted       Corr      Corr      Corr      Corr      Corr      Corr      Corr      Corr      Corr      Corr      Corr
 Series    Segment   Add  # 1  Add  # 2  Add  # 3  Add  # 4  Add  # 5  Add  # 6  Add  # 7  Add  # 8  Add  # 9  Add  #10  Add  #11
 -------- ---------  --------  --------  --------  --------  --------  --------  --------  --------  --------  --------  --------
 DDD08B   1961 1987    13 .39     0 .36    -3 .29    11 .28    16 .19     8 .19    -8 .19     5 .18    -2 .14    18 .14    -7 .12
===================  ========  ========  ========  ========  ========  ========  ========  ========  ========  ========  ========
           Counted       Corr      Corr      Corr      Corr      Corr      Corr      Corr      Corr      Corr      Corr      Corr
 Series    Segment   Add  # 1  Add  # 2  Add  # 3  Add  # 4  Add  # 5  Add  # 6  Add  # 7  Add  # 8  Add  # 9  Add  #10  Add  #11
 -------- ---------  --------  --------  --------  --------  --------  --------  --------  --------  --------  --------  --------
 DDD09A   1962 2004     0 .48     2 .29    -8 .25     5 .19     3 .06    -6 .06     1 .04     6 .04   --- ---   --- ---   --- ---
===================  ========  ========  ========  ========  ========  ========  ========  ========  ========  ========  ========
           Counted       Corr      Corr      Corr      Corr      Corr      Corr      Corr      Corr      Corr      Corr      Corr
 Series    Segment   Add  # 1  Add  # 2  Add  # 3  Add  # 4  Add  # 5  Add  # 6  Add  # 7  Add  # 8  Add  # 9  Add  #10  Add  #11
 -------- ---------  --------  --------  --------  --------  --------  --------  --------  --------  --------  --------  --------
 DDD09B   1962 2002     0 .46     2 .25    -8 .24     3 .22     5 .17    -6 .16    -1 .11    -2 .06     8 .00   --- ---   --- ---
===================  ========  ========  ========  ========  ========  ========  ========  ========  ========  ========  ========
           Counted       Corr      Corr      Corr      Corr      Corr      Corr      Corr      Corr      Corr      Corr      Corr
 Series    Segment   Add  # 1  Add  # 2  Add  # 3  Add  # 4  Add  # 5  Add  # 6  Add  # 7  Add  # 8  Add  # 9  Add  #10  Add  #11
 -------- ---------  --------  --------  --------  --------  --------  --------  --------  --------  --------  --------  --------
 DDD10A   1955 1988     0 .37    11 .26     8 .22    10 .21     7 .20    13 .19     4 .13    19 .05    14 .03     5 .01   --- ---
===================  ========  ========  ========  ========  ========  ========  ========  ========  ========  ========  ========
           Counted       Corr      Corr      Corr      Corr      Corr      Corr      Corr      Corr      Corr      Corr      Corr
 Series    Segment   Add  # 1  Add  # 2  Add  # 3  Add  # 4  Add  # 5  Add  # 6  Add  # 7  Add  # 8  Add  # 9  Add  #10  Add  #11
 -------- ---------  --------  --------  --------  --------  --------  --------  --------  --------  --------  --------  --------
 DDD10B   1955 1988     0 .52     8 .31    13 .27     6 .25     7 .16     4 .12    10 .12    19 .11     3 .05    11 .03    -1 .02
===================  ========  ========  ========  ========  ========  ========  ========  ========  ========  ========  ========
           Counted       Corr      Corr      Corr      Corr      Corr      Corr      Corr      Corr      Corr      Corr      Corr
 Series    Segment   Add  # 1  Add  # 2  Add  # 3  Add  # 4  Add  # 5  Add  # 6  Add  # 7  Add  # 8  Add  # 9  Add  #10  Add  #11
 -------- ---------  --------  --------  --------  --------  --------  --------  --------  --------  --------  --------  --------
 DDD11A   1965 2006     0 .37    -8 .19    -6 .12    -4 .11   -12 .10     3 .08    -2 .00   --- ---   --- ---   --- ---   --- ---
===================  ========  ========  ========  ========  ========  ========  ========  ========  ========  ========  ========
           Counted       Corr      Corr      Corr      Corr      Corr      Corr      Corr      Corr      Corr      Corr      Corr
 Series    Segment   Add  # 1  Add  # 2  Add  # 3  Add  # 4  Add  # 5  Add  # 6  Add  # 7  Add  # 8  Add  # 9  Add  #10  Add  #11
 -------- ---------  --------  --------  --------  --------  --------  --------  --------  --------  --------  --------  --------
 DDD11B   1965 2005     0 .23    -4 .15    -8 .14     5 .09    -9 .08     1 .05     2 .01   --- ---   --- ---   --- ---   --- ---
===================  ========  ========  ========  ========  ========  ========  ========  ========  ========  ========  ========
           Counted       Corr      Corr      Corr      Corr      Corr      Corr      Corr      Corr      Corr      Corr      Corr
 Series    Segment   Add  # 1  Add  # 2  Add  # 3  Add  # 4  Add  # 5  Add  # 6  Add  # 7  Add  # 8  Add  # 9  Add  #10  Add  #11
 -------- ---------  --------  --------  --------  --------  --------  --------  --------  --------  --------  --------  --------
 DDD12A   1956 1991     0 .55    18 .33     4 .25     3 .23    10 .22     6 .19    16 .11     5 .10    19 .05    14 .04    -1 .03
===================  ========  ========  ========  ========  ========  ========  ========  ========  ========  ========  ========
           Counted       Corr      Corr      Corr      Corr      Corr      Corr      Corr      Corr      Corr      Corr      Corr
 Series    Segment   Add  # 1  Add  # 2  Add  # 3  Add  # 4  Add  # 5  Add  # 6  Add  # 7  Add  # 8  Add  # 9  Add  #10  Add  #11
 -------- ---------  --------  --------  --------  --------  --------  --------  --------  --------  --------  --------  --------
 DDD12B   1957 1989     0 .73    19 .24     6 .21    14 .20     8 .16    13 .11    17 .08    12 .08    15 .07    16 .07    10 .07
===================  ========  ========  ========  ========  ========  ========  ========  ========  ========  ========  ========
           Counted       Corr      Corr      Corr      Corr      Corr      Corr      Corr      Corr      Corr      Corr      Corr
 Series    Segment   Add  # 1  Add  # 2  Add  # 3  Add  # 4  Add  # 5  Add  # 6  Add  # 7  Add  # 8  Add  # 9  Add  #10  Add  #11
 -------- ---------  --------  --------  --------  --------  --------  --------  --------  --------  --------  --------  --------
 DDD13A   1967 1993     6 .36     0 .36     9 .33    -7 .31    -8 .28   -13 .26    -5 .21     7 .17    -4 .11   -11 .10    17 .07
===================  ========  ========  ========  ========  ========  ========  ========  ========  ========  ========  ========
           Counted       Corr      Corr      Corr      Corr      Corr      Corr      Corr      Corr      Corr      Corr      Corr
 Series    Segment   Add  # 1  Add  # 2  Add  # 3  Add  # 4  Add  # 5  Add  # 6  Add  # 7  Add  # 8  Add  # 9  Add  #10  Add  #11
 -------- ---------  --------  --------  --------  --------  --------  --------  --------  --------  --------  --------  --------
 DDD13B   1967 1992     0 .37     7 .34   -13 .32    -7 .23    -5 .17     5 .13    -4 .13     1 .13   -14 .12    -6 .10    15 .08
===================  ========  ========  ========  ========  ========  ========  ========  ========  ========  ========  ========
       26 undated series

                                              - = [  COFECHA DD   COF  ] = -
